[0m2023-10-06 00:03:17 V/: Send: trpc.o3.ecdh_access.EcdhAccess.SsoSecureA2Access(mobileqq.msf.security)[0m
[0m2023-10-06 00:03:17 V/: Recv: trpc.o3.ecdh_access.EcdhAccess.SsoSecureA2Access[0m
[0m2023-10-06 00:43:23 V/: Send: trpc.o3.ecdh_access.EcdhAccess.SsoSecureA2Establish(mobileqq.msf.security)[0m
[0m2023-10-06 00:43:23 V/: Recv: trpc.o3.ecdh_access.EcdhAccess.SsoSecureA2Establish[0m
[0m2023-10-06 01:23:23 V/: Send: trpc.o3.ecdh_access.EcdhAccess.SsoSecureA2Access(mobileqq.msf.security)[0m
[0m2023-10-06 01:23:23 V/: Recv: trpc.o3.ecdh_access.EcdhAccess.SsoSecureA2Access[0m
[0m2023-10-06 01:25:11 V/: Send: MessageSvc.PbSendMsg(MessageSvc.PbSendMsg)[0m
[0m2023-10-06 01:25:11 V/: Recv: MessageSvc.PbSendMsg[0m
[0m2023-10-06 01:25:30 V/: Send: MessageSvc.PbSendMsg(MessageSvc.PbSendMsg)[0m
[0m2023-10-06 01:25:31 V/: Recv: MessageSvc.PbSendMsg[0m
[0m2023-10-06 01:25:57 V/: Send: MessageSvc.PbSendMsg(MessageSvc.PbSendMsg)[0m
[0m2023-10-06 01:25:58 V/: Recv: MessageSvc.PbSendMsg[0m
[0m2023-10-06 01:28:35 V/: Send: MessageSvc.PbSendMsg(MessageSvc.PbSendMsg)[0m
[0m2023-10-06 01:28:36 V/: Recv: MessageSvc.PbSendMsg[0m
[0m2023-10-06 02:03:24 V/: Send: trpc.o3.ecdh_access.EcdhAccess.SsoSecureA2Access(mobileqq.msf.security)[0m
[0m2023-10-06 02:03:24 V/: Recv: trpc.o3.ecdh_access.EcdhAccess.SsoSecureA2Access[0m
[0m2023-10-06 02:43:30 V/: Send: trpc.o3.ecdh_access.EcdhAccess.SsoSecureA2Establish(mobileqq.msf.security)[0m
[0m2023-10-06 02:43:30 V/: Recv: trpc.o3.ecdh_access.EcdhAccess.SsoSecureA2Establish[0m
[0m2023-10-06 03:23:31 V/: Send: trpc.o3.ecdh_access.EcdhAccess.SsoSecureA2Access(mobileqq.msf.security)[0m
[0m2023-10-06 03:23:31 V/: Recv: trpc.o3.ecdh_access.EcdhAccess.SsoSecureA2Access[0m
[0m2023-10-06 04:03:32 V/: Send: trpc.o3.ecdh_access.EcdhAccess.SsoSecureA2Access(mobileqq.msf.security)[0m
[0m2023-10-06 04:03:32 V/: Recv: trpc.o3.ecdh_access.EcdhAccess.SsoSecureA2Access[0m
[0m2023-10-06 04:43:38 V/: Send: trpc.o3.ecdh_access.EcdhAccess.SsoSecureA2Establish(mobileqq.msf.security)[0m
[0m2023-10-06 04:43:38 V/: Recv: trpc.o3.ecdh_access.EcdhAccess.SsoSecureA2Establish[0m
[0m2023-10-06 05:23:38 V/: Send: trpc.o3.ecdh_access.EcdhAccess.SsoSecureA2Access(mobileqq.msf.security)[0m
[0m2023-10-06 05:23:38 V/: Recv: trpc.o3.ecdh_access.EcdhAccess.SsoSecureA2Access[0m
[0m2023-10-06 06:03:39 V/: Send: trpc.o3.ecdh_access.EcdhAccess.SsoSecureA2Access(mobileqq.msf.security)[0m
[0m2023-10-06 06:03:39 V/: Recv: trpc.o3.ecdh_access.EcdhAccess.SsoSecureA2Access[0m
[0m2023-10-06 06:43:45 V/: Send: trpc.o3.ecdh_access.EcdhAccess.SsoSecureA2Establish(mobileqq.msf.security)[0m
[0m2023-10-06 06:43:45 V/: Recv: trpc.o3.ecdh_access.EcdhAccess.SsoSecureA2Establish[0m
[0m2023-10-06 07:23:46 V/: Send: trpc.o3.ecdh_access.EcdhAccess.SsoSecureA2Access(mobileqq.msf.security)[0m
[0m2023-10-06 07:23:46 V/: Recv: trpc.o3.ecdh_access.EcdhAccess.SsoSecureA2Access[0m
[0m2023-10-06 08:03:47 V/: Send: trpc.o3.ecdh_access.EcdhAccess.SsoSecureA2Access(mobileqq.msf.security)[0m
[0m2023-10-06 08:03:47 V/: Recv: trpc.o3.ecdh_access.EcdhAccess.SsoSecureA2Access[0m
[0m2023-10-06 08:43:53 V/: Send: trpc.o3.ecdh_access.EcdhAccess.SsoSecureA2Establish(mobileqq.msf.security)[0m
[0m2023-10-06 08:43:53 V/: Recv: trpc.o3.ecdh_access.EcdhAccess.SsoSecureA2Establish[0m
[0m2023-10-06 09:23:53 V/: Send: trpc.o3.ecdh_access.EcdhAccess.SsoSecureA2Access(mobileqq.msf.security)[0m
[0m2023-10-06 09:23:53 V/: Recv: trpc.o3.ecdh_access.EcdhAccess.SsoSecureA2Access[0m
[0m2023-10-06 10:03:54 V/: Send: trpc.o3.ecdh_access.EcdhAccess.SsoSecureA2Access(mobileqq.msf.security)[0m
[0m2023-10-06 10:03:54 V/: Recv: trpc.o3.ecdh_access.EcdhAccess.SsoSecureA2Access[0m
[0m2023-10-06 10:10:27 V/: Send: wtlogin.exchange_emp(15:refresh-keys)[0m
[0m2023-10-06 10:10:27 V/: Recv: wtlogin.exchange_emp[0m
[92m2023-10-06 10:10:27 I/: Scheduled key refresh in 23h 55min 0.0s.[0m
[0m2023-10-06 10:44:00 V/: Send: trpc.o3.ecdh_access.EcdhAccess.SsoSecureA2Establish(mobileqq.msf.security)[0m
[0m2023-10-06 10:44:00 V/: Recv: trpc.o3.ecdh_access.EcdhAccess.SsoSecureA2Establish[0m
[0m2023-10-06 11:24:01 V/: Send: trpc.o3.ecdh_access.EcdhAccess.SsoSecureA2Access(mobileqq.msf.security)[0m
[0m2023-10-06 11:24:01 V/: Recv: trpc.o3.ecdh_access.EcdhAccess.SsoSecureA2Access[0m
[0m2023-10-06 11:25:49 V/: Send: MultiMsg.ApplyDown(MultiMsg.ApplyDown)[0m
[0m2023-10-06 11:25:49 V/: Recv: MultiMsg.ApplyDown[0m
[0m2023-10-06 11:25:49 V/: [Http] Downloading forward message from https://ssl.htdata.qq.com:443[0m
[0m2023-10-06 11:25:49 V/: [Http] Downloading forward message: succeed[0m
[0m2023-10-06 12:04:02 V/: Send: trpc.o3.ecdh_access.EcdhAccess.SsoSecureA2Access(mobileqq.msf.security)[0m
[0m2023-10-06 12:04:02 V/: Recv: trpc.o3.ecdh_access.EcdhAccess.SsoSecureA2Access[0m
[0m2023-10-06 12:44:08 V/: Send: trpc.o3.ecdh_access.EcdhAccess.SsoSecureA2Establish(mobileqq.msf.security)[0m
[0m2023-10-06 12:44:08 V/: Recv: trpc.o3.ecdh_access.EcdhAccess.SsoSecureA2Establish[0m
[0m2023-10-06 13:24:08 V/: Send: trpc.o3.ecdh_access.EcdhAccess.SsoSecureA2Access(mobileqq.msf.security)[0m
[0m2023-10-06 13:24:08 V/: Recv: trpc.o3.ecdh_access.EcdhAccess.SsoSecureA2Access[0m
[0m2023-10-06 14:04:09 V/: Send: trpc.o3.ecdh_access.EcdhAccess.SsoSecureA2Access(mobileqq.msf.security)[0m
[0m2023-10-06 14:04:09 V/: Recv: trpc.o3.ecdh_access.EcdhAccess.SsoSecureA2Access[0m
[0m2023-10-06 14:34:12 V/: Send: MessageSvc.PbSendMsg(MessageSvc.PbSendMsg)[0m
[0m2023-10-06 14:34:12 V/: Recv: MessageSvc.PbSendMsg[0m
[0m2023-10-06 14:40:23 V/: Send: MessageSvc.PbSendMsg(MessageSvc.PbSendMsg)[0m
[0m2023-10-06 14:40:24 V/: Recv: MessageSvc.PbSendMsg[0m
[0m2023-10-06 14:40:24 V/: Send: trpc.o3.ecdh_access.EcdhAccess.SsoSecureA2Establish(mobileqq.msf.security)[0m
[0m2023-10-06 14:40:24 V/: Recv: trpc.o3.ecdh_access.EcdhAccess.SsoSecureA2Establish[0m
[0m2023-10-06 14:44:10 V/: Send: trpc.o3.ecdh_access.EcdhAccess.SsoSecureA2Access(mobileqq.msf.security)[0m
[0m2023-10-06 14:44:10 V/: Recv: trpc.o3.ecdh_access.EcdhAccess.SsoSecureA2Access[0m
[0m2023-10-06 15:15:03 V/: Send: MessageSvc.PbSendMsg(MessageSvc.PbSendMsg)[0m
[0m2023-10-06 15:15:03 V/: Recv: MessageSvc.PbSendMsg[0m
[0m2023-10-06 15:15:18 V/: Send: MessageSvc.PbSendMsg(MessageSvc.PbSendMsg)[0m
[0m2023-10-06 15:15:18 V/: Recv: MessageSvc.PbSendMsg[0m
[0m2023-10-06 15:15:46 V/: Send: MessageSvc.PbSendMsg(MessageSvc.PbSendMsg)[0m
[0m2023-10-06 15:15:46 V/: Recv: MessageSvc.PbSendMsg[0m
[0m2023-10-06 15:16:23 V/: Send: MessageSvc.PbSendMsg(MessageSvc.PbSendMsg)[0m
[0m2023-10-06 15:16:23 V/: Recv: MessageSvc.PbSendMsg[0m
[0m2023-10-06 15:24:10 V/: Send: trpc.o3.ecdh_access.EcdhAccess.SsoSecureA2Access(mobileqq.msf.security)[0m
[0m2023-10-06 15:24:10 V/: Recv: trpc.o3.ecdh_access.EcdhAccess.SsoSecureA2Access[0m
[0m2023-10-06 16:04:11 V/: Send: trpc.o3.ecdh_access.EcdhAccess.SsoSecureA2Access(mobileqq.msf.security)[0m
[0m2023-10-06 16:04:11 V/: Recv: trpc.o3.ecdh_access.EcdhAccess.SsoSecureA2Access[0m
[0m2023-10-06 16:42:24 V/: Send: MultiMsg.ApplyDown(MultiMsg.ApplyDown)[0m
[0m2023-10-06 16:42:25 V/: Recv: MultiMsg.ApplyDown[0m
[0m2023-10-06 16:42:25 V/: [Http] Downloading forward message from https://ssl.htdata.qq.com:443[0m
[0m2023-10-06 16:42:25 V/: [Http] Downloading forward message: succeed[0m
[0m2023-10-06 16:44:17 V/: Send: trpc.o3.ecdh_access.EcdhAccess.SsoSecureA2Establish(mobileqq.msf.security)[0m
[0m2023-10-06 16:44:17 V/: Recv: trpc.o3.ecdh_access.EcdhAccess.SsoSecureA2Establish[0m
[0m2023-10-06 17:24:18 V/: Send: trpc.o3.ecdh_access.EcdhAccess.SsoSecureA2Access(mobileqq.msf.security)[0m
[0m2023-10-06 17:24:18 V/: Recv: trpc.o3.ecdh_access.EcdhAccess.SsoSecureA2Access[0m
[0m2023-10-06 18:04:19 V/: Send: trpc.o3.ecdh_access.EcdhAccess.SsoSecureA2Access(mobileqq.msf.security)[0m
[0m2023-10-06 18:04:19 V/: Recv: trpc.o3.ecdh_access.EcdhAccess.SsoSecureA2Access[0m
[0m2023-10-06 18:44:25 V/: Send: trpc.o3.ecdh_access.EcdhAccess.SsoSecureA2Establish(mobileqq.msf.security)[0m
[0m2023-10-06 18:44:25 V/: Recv: trpc.o3.ecdh_access.EcdhAccess.SsoSecureA2Establish[0m
[0m2023-10-06 19:24:25 V/: Send: trpc.o3.ecdh_access.EcdhAccess.SsoSecureA2Access(mobileqq.msf.security)[0m
[0m2023-10-06 19:24:25 V/: Recv: trpc.o3.ecdh_access.EcdhAccess.SsoSecureA2Access[0m
[0m2023-10-06 20:04:26 V/: Send: trpc.o3.ecdh_access.EcdhAccess.SsoSecureA2Access(mobileqq.msf.security)[0m
[0m2023-10-06 20:04:26 V/: Recv: trpc.o3.ecdh_access.EcdhAccess.SsoSecureA2Access[0m
[0m2023-10-06 20:44:32 V/: Send: trpc.o3.ecdh_access.EcdhAccess.SsoSecureA2Establish(mobileqq.msf.security)[0m
[0m2023-10-06 20:44:32 V/: Recv: trpc.o3.ecdh_access.EcdhAccess.SsoSecureA2Establish[0m
[0m2023-10-06 21:24:33 V/: Send: trpc.o3.ecdh_access.EcdhAccess.SsoSecureA2Access(mobileqq.msf.security)[0m
[0m2023-10-06 21:24:33 V/: Recv: trpc.o3.ecdh_access.EcdhAccess.SsoSecureA2Access[0m
[0m2023-10-06 22:04:34 V/: Send: trpc.o3.ecdh_access.EcdhAccess.SsoSecureA2Access(mobileqq.msf.security)[0m
[0m2023-10-06 22:04:34 V/: Recv: trpc.o3.ecdh_access.EcdhAccess.SsoSecureA2Access[0m
[0m2023-10-06 22:44:40 V/: Send: trpc.o3.ecdh_access.EcdhAccess.SsoSecureA2Establish(mobileqq.msf.security)[0m
[0m2023-10-06 22:44:40 V/: Recv: trpc.o3.ecdh_access.EcdhAccess.SsoSecureA2Establish[0m
[0m2023-10-06 23:21:55 V/: Send: MultiMsg.ApplyDown(MultiMsg.ApplyDown)[0m
[0m2023-10-06 23:21:55 V/: Recv: MultiMsg.ApplyDown[0m
[0m2023-10-06 23:21:55 V/: [Http] Downloading forward message from https://ssl.htdata.qq.com:443[0m
[0m2023-10-06 23:21:55 V/: [Http] Downloading forward message: succeed[0m
[0m2023-10-06 23:24:40 V/: Send: trpc.o3.ecdh_access.EcdhAccess.SsoSecureA2Access(mobileqq.msf.security)[0m
[0m2023-10-06 23:24:41 V/: Recv: trpc.o3.ecdh_access.EcdhAccess.SsoSecureA2Access[0m
