[0m2023-10-09 00:07:41 V/: Send: trpc.o3.ecdh_access.EcdhAccess.SsoSecureA2Access(mobileqq.msf.security)[0m
[0m2023-10-09 00:07:41 V/: Recv: trpc.o3.ecdh_access.EcdhAccess.SsoSecureA2Access[0m
[0m2023-10-09 00:11:03 V/: Send: MessageSvc.PbSendMsg(MessageSvc.PbSendMsg)[0m
[0m2023-10-09 00:11:03 V/: Recv: MessageSvc.PbSendMsg[0m
[0m2023-10-09 00:11:33 V/: Send: MessageSvc.PbSendMsg(MessageSvc.PbSendMsg)[0m
[0m2023-10-09 00:11:34 V/: Recv: MessageSvc.PbSendMsg[0m
[0m2023-10-09 00:31:33 V/: Send: MessageSvc.PbSendMsg(MessageSvc.PbSendMsg)[0m
[0m2023-10-09 00:31:33 V/: Recv: MessageSvc.PbSendMsg[0m
[0m2023-10-09 00:31:42 V/: Send: MessageSvc.PbSendMsg(MessageSvc.PbSendMsg)[0m
[0m2023-10-09 00:31:43 V/: Recv: MessageSvc.PbSendMsg[0m
[0m2023-10-09 00:32:11 V/: Send: MessageSvc.PbSendMsg(MessageSvc.PbSendMsg)[0m
[0m2023-10-09 00:32:12 V/: Recv: MessageSvc.PbSendMsg[0m
[0m2023-10-09 00:47:47 V/: Send: trpc.o3.ecdh_access.EcdhAccess.SsoSecureA2Establish(mobileqq.msf.security)[0m
[0m2023-10-09 00:47:47 V/: Recv: trpc.o3.ecdh_access.EcdhAccess.SsoSecureA2Establish[0m
[0m2023-10-09 00:58:35 V/: Send: MessageSvc.PbSendMsg(MessageSvc.PbSendMsg)[0m
[0m2023-10-09 00:58:35 V/: Recv: MessageSvc.PbSendMsg[0m
[0m2023-10-09 01:27:48 V/: Send: trpc.o3.ecdh_access.EcdhAccess.SsoSecureA2Access(mobileqq.msf.security)[0m
[0m2023-10-09 01:27:48 V/: Recv: trpc.o3.ecdh_access.EcdhAccess.SsoSecureA2Access[0m
[0m2023-10-09 02:07:48 V/: Send: trpc.o3.ecdh_access.EcdhAccess.SsoSecureA2Access(mobileqq.msf.security)[0m
[0m2023-10-09 02:07:48 V/: Recv: trpc.o3.ecdh_access.EcdhAccess.SsoSecureA2Access[0m
[0m2023-10-09 02:47:55 V/: Send: trpc.o3.ecdh_access.EcdhAccess.SsoSecureA2Establish(mobileqq.msf.security)[0m
[0m2023-10-09 02:47:55 V/: Recv: trpc.o3.ecdh_access.EcdhAccess.SsoSecureA2Establish[0m
[0m2023-10-09 03:27:55 V/: Send: trpc.o3.ecdh_access.EcdhAccess.SsoSecureA2Access(mobileqq.msf.security)[0m
[0m2023-10-09 03:27:55 V/: Recv: trpc.o3.ecdh_access.EcdhAccess.SsoSecureA2Access[0m
[0m2023-10-09 04:07:56 V/: Send: trpc.o3.ecdh_access.EcdhAccess.SsoSecureA2Access(mobileqq.msf.security)[0m
[0m2023-10-09 04:07:56 V/: Recv: trpc.o3.ecdh_access.EcdhAccess.SsoSecureA2Access[0m
[0m2023-10-09 04:48:02 V/: Send: trpc.o3.ecdh_access.EcdhAccess.SsoSecureA2Establish(mobileqq.msf.security)[0m
[0m2023-10-09 04:48:02 V/: Recv: trpc.o3.ecdh_access.EcdhAccess.SsoSecureA2Establish[0m
[0m2023-10-09 05:28:03 V/: Send: trpc.o3.ecdh_access.EcdhAccess.SsoSecureA2Access(mobileqq.msf.security)[0m
[0m2023-10-09 05:28:03 V/: Recv: trpc.o3.ecdh_access.EcdhAccess.SsoSecureA2Access[0m
[0m2023-10-09 06:08:03 V/: Send: trpc.o3.ecdh_access.EcdhAccess.SsoSecureA2Access(mobileqq.msf.security)[0m
[0m2023-10-09 06:08:03 V/: Recv: trpc.o3.ecdh_access.EcdhAccess.SsoSecureA2Access[0m
[0m2023-10-09 06:48:09 V/: Send: trpc.o3.ecdh_access.EcdhAccess.SsoSecureA2Establish(mobileqq.msf.security)[0m
[0m2023-10-09 06:48:10 V/: Recv: trpc.o3.ecdh_access.EcdhAccess.SsoSecureA2Establish[0m
[0m2023-10-09 07:28:10 V/: Send: trpc.o3.ecdh_access.EcdhAccess.SsoSecureA2Access(mobileqq.msf.security)[0m
[0m2023-10-09 07:28:10 V/: Recv: trpc.o3.ecdh_access.EcdhAccess.SsoSecureA2Access[0m
[0m2023-10-09 08:08:11 V/: Send: trpc.o3.ecdh_access.EcdhAccess.SsoSecureA2Access(mobileqq.msf.security)[0m
[0m2023-10-09 08:08:11 V/: Recv: trpc.o3.ecdh_access.EcdhAccess.SsoSecureA2Access[0m
[0m2023-10-09 08:48:17 V/: Send: trpc.o3.ecdh_access.EcdhAccess.SsoSecureA2Establish(mobileqq.msf.security)[0m
[0m2023-10-09 08:48:17 V/: Recv: trpc.o3.ecdh_access.EcdhAccess.SsoSecureA2Establish[0m
[0m2023-10-09 09:28:18 V/: Send: trpc.o3.ecdh_access.EcdhAccess.SsoSecureA2Access(mobileqq.msf.security)[0m
[0m2023-10-09 09:28:18 V/: Recv: trpc.o3.ecdh_access.EcdhAccess.SsoSecureA2Access[0m
[0m2023-10-09 09:55:31 V/: Send: wtlogin.exchange_emp(15:refresh-keys)[0m
[0m2023-10-09 09:55:31 V/: Recv: wtlogin.exchange_emp[0m
[92m2023-10-09 09:55:31 I/: Scheduled key refresh in 23h 55min 0.0s.[0m
[0m2023-10-09 10:08:18 V/: Send: trpc.o3.ecdh_access.EcdhAccess.SsoSecureA2Access(mobileqq.msf.security)[0m
[0m2023-10-09 10:08:18 V/: Recv: trpc.o3.ecdh_access.EcdhAccess.SsoSecureA2Access[0m
[0m2023-10-09 10:48:24 V/: Send: trpc.o3.ecdh_access.EcdhAccess.SsoSecureA2Establish(mobileqq.msf.security)[0m
[0m2023-10-09 10:48:25 V/: Recv: trpc.o3.ecdh_access.EcdhAccess.SsoSecureA2Establish[0m
[0m2023-10-09 11:28:25 V/: Send: trpc.o3.ecdh_access.EcdhAccess.SsoSecureA2Access(mobileqq.msf.security)[0m
[0m2023-10-09 11:28:25 V/: Recv: trpc.o3.ecdh_access.EcdhAccess.SsoSecureA2Access[0m
[0m2023-10-09 12:08:26 V/: Send: trpc.o3.ecdh_access.EcdhAccess.SsoSecureA2Access(mobileqq.msf.security)[0m
[0m2023-10-09 12:08:26 V/: Recv: trpc.o3.ecdh_access.EcdhAccess.SsoSecureA2Access[0m
[0m2023-10-09 12:48:32 V/: Send: trpc.o3.ecdh_access.EcdhAccess.SsoSecureA2Establish(mobileqq.msf.security)[0m
[0m2023-10-09 12:48:32 V/: Recv: trpc.o3.ecdh_access.EcdhAccess.SsoSecureA2Establish[0m
[0m2023-10-09 13:28:33 V/: Send: trpc.o3.ecdh_access.EcdhAccess.SsoSecureA2Access(mobileqq.msf.security)[0m
[0m2023-10-09 13:28:33 V/: Recv: trpc.o3.ecdh_access.EcdhAccess.SsoSecureA2Access[0m
[0m2023-10-09 14:02:40 V/: Send: MessageSvc.PbSendMsg(MessageSvc.PbSendMsg)[0m
[0m2023-10-09 14:02:40 V/: Recv: MessageSvc.PbSendMsg[0m
[0m2023-10-09 14:03:18 V/: Send: MessageSvc.PbSendMsg(MessageSvc.PbSendMsg)[0m
[0m2023-10-09 14:03:19 V/: Recv: MessageSvc.PbSendMsg[0m
[0m2023-10-09 14:08:33 V/: Send: trpc.o3.ecdh_access.EcdhAccess.SsoSecureA2Access(mobileqq.msf.security)[0m
[0m2023-10-09 14:08:33 V/: Recv: trpc.o3.ecdh_access.EcdhAccess.SsoSecureA2Access[0m
[0m2023-10-09 14:19:18 V/: Send: MessageSvc.PbSendMsg(MessageSvc.PbSendMsg)[0m
[0m2023-10-09 14:19:19 V/: Recv: MessageSvc.PbSendMsg[0m
[0m2023-10-09 14:19:37 V/: Send: MessageSvc.PbSendMsg(MessageSvc.PbSendMsg)[0m
[0m2023-10-09 14:19:38 V/: Recv: MessageSvc.PbSendMsg[0m
[0m2023-10-09 14:19:45 V/: Send: MessageSvc.PbSendMsg(MessageSvc.PbSendMsg)[0m
[0m2023-10-09 14:19:45 V/: Recv: MessageSvc.PbSendMsg[0m
[0m2023-10-09 14:20:57 V/: Send: MessageSvc.PbSendMsg(MessageSvc.PbSendMsg)[0m
[0m2023-10-09 14:20:57 V/: Recv: MessageSvc.PbSendMsg[0m
[0m2023-10-09 14:21:01 V/: Send: MessageSvc.PbSendMsg(MessageSvc.PbSendMsg)[0m
[0m2023-10-09 14:21:01 V/: Recv: MessageSvc.PbSendMsg[0m
[0m2023-10-09 14:23:49 V/: Send: MessageSvc.PbSendMsg(MessageSvc.PbSendMsg)[0m
[0m2023-10-09 14:23:50 V/: Recv: MessageSvc.PbSendMsg[0m
[0m2023-10-09 14:25:28 V/: Send: MessageSvc.PbSendMsg(MessageSvc.PbSendMsg)[0m
[0m2023-10-09 14:25:28 V/: Recv: MessageSvc.PbSendMsg[0m
[0m2023-10-09 14:41:21 V/: Send: MessageSvc.PbSendMsg(MessageSvc.PbSendMsg)[0m
[0m2023-10-09 14:41:21 V/: Recv: MessageSvc.PbSendMsg[0m
[0m2023-10-09 14:48:39 V/: Send: trpc.o3.ecdh_access.EcdhAccess.SsoSecureA2Establish(mobileqq.msf.security)[0m
[0m2023-10-09 14:48:40 V/: Recv: trpc.o3.ecdh_access.EcdhAccess.SsoSecureA2Establish[0m
[0m2023-10-09 14:53:00 V/: Send: MessageSvc.PbSendMsg(MessageSvc.PbSendMsg)[0m
[0m2023-10-09 14:53:00 V/: Recv: MessageSvc.PbSendMsg[0m
[0m2023-10-09 14:54:18 V/: Send: MessageSvc.PbSendMsg(MessageSvc.PbSendMsg)[0m
[0m2023-10-09 14:54:19 V/: Recv: MessageSvc.PbSendMsg[0m
[0m2023-10-09 14:54:34 V/: Send: MessageSvc.PbSendMsg(MessageSvc.PbSendMsg)[0m
[0m2023-10-09 14:54:34 V/: Recv: MessageSvc.PbSendMsg[0m
[0m2023-10-09 15:05:56 V/: Send: MessageSvc.PbSendMsg(MessageSvc.PbSendMsg)[0m
[0m2023-10-09 15:05:56 V/: Recv: MessageSvc.PbSendMsg[0m
[0m2023-10-09 15:28:40 V/: Send: trpc.o3.ecdh_access.EcdhAccess.SsoSecureA2Access(mobileqq.msf.security)[0m
[0m2023-10-09 15:28:40 V/: Recv: trpc.o3.ecdh_access.EcdhAccess.SsoSecureA2Access[0m
[0m2023-10-09 15:46:31 V/: Send: MessageSvc.PbSendMsg(MessageSvc.PbSendMsg)[0m
[0m2023-10-09 15:46:31 V/: Recv: MessageSvc.PbSendMsg[0m
[0m2023-10-09 15:52:06 V/: Send: MessageSvc.PbSendMsg(MessageSvc.PbSendMsg)[0m
[0m2023-10-09 15:52:06 V/: Recv: MessageSvc.PbSendMsg[0m
[0m2023-10-09 15:52:49 V/: Send: MessageSvc.PbSendMsg(MessageSvc.PbSendMsg)[0m
[0m2023-10-09 15:52:50 V/: Recv: MessageSvc.PbSendMsg[0m
[0m2023-10-09 15:57:59 V/: Send: MessageSvc.PbSendMsg(MessageSvc.PbSendMsg)[0m
[0m2023-10-09 15:58:00 V/: Recv: MessageSvc.PbSendMsg[0m
[0m2023-10-09 16:08:41 V/: Send: trpc.o3.ecdh_access.EcdhAccess.SsoSecureA2Access(mobileqq.msf.security)[0m
[0m2023-10-09 16:08:41 V/: Recv: trpc.o3.ecdh_access.EcdhAccess.SsoSecureA2Access[0m
[0m2023-10-09 16:23:18 V/: Send: MessageSvc.PbSendMsg(MessageSvc.PbSendMsg)[0m
[0m2023-10-09 16:23:18 V/: Recv: MessageSvc.PbSendMsg[0m
[0m2023-10-09 16:48:47 V/: Send: trpc.o3.ecdh_access.EcdhAccess.SsoSecureA2Establish(mobileqq.msf.security)[0m
[0m2023-10-09 16:48:47 V/: Recv: trpc.o3.ecdh_access.EcdhAccess.SsoSecureA2Establish[0m
[0m2023-10-09 17:16:57 V/: Send: MultiMsg.ApplyDown(MultiMsg.ApplyDown)[0m
[0m2023-10-09 17:16:57 V/: Recv: MultiMsg.ApplyDown[0m
[0m2023-10-09 17:16:57 V/: [Http] Downloading forward message from https://ssl.htdata.qq.com:443[0m
[0m2023-10-09 17:16:57 V/: [Http] Downloading forward message: succeed[0m
[0m2023-10-09 17:28:48 V/: Send: trpc.o3.ecdh_access.EcdhAccess.SsoSecureA2Access(mobileqq.msf.security)[0m
[0m2023-10-09 17:28:48 V/: Recv: trpc.o3.ecdh_access.EcdhAccess.SsoSecureA2Access[0m
[0m2023-10-09 18:08:48 V/: Send: trpc.o3.ecdh_access.EcdhAccess.SsoSecureA2Access(mobileqq.msf.security)[0m
[0m2023-10-09 18:08:48 V/: Recv: trpc.o3.ecdh_access.EcdhAccess.SsoSecureA2Access[0m
[0m2023-10-09 18:48:55 V/: Send: trpc.o3.ecdh_access.EcdhAccess.SsoSecureA2Establish(mobileqq.msf.security)[0m
[0m2023-10-09 18:48:55 V/: Recv: trpc.o3.ecdh_access.EcdhAccess.SsoSecureA2Establish[0m
[0m2023-10-09 19:28:55 V/: Send: trpc.o3.ecdh_access.EcdhAccess.SsoSecureA2Access(mobileqq.msf.security)[0m
[0m2023-10-09 19:28:55 V/: Recv: trpc.o3.ecdh_access.EcdhAccess.SsoSecureA2Access[0m
[0m2023-10-09 20:08:56 V/: Send: trpc.o3.ecdh_access.EcdhAccess.SsoSecureA2Access(mobileqq.msf.security)[0m
[0m2023-10-09 20:08:56 V/: Recv: trpc.o3.ecdh_access.EcdhAccess.SsoSecureA2Access[0m
[0m2023-10-09 20:49:02 V/: Send: trpc.o3.ecdh_access.EcdhAccess.SsoSecureA2Establish(mobileqq.msf.security)[0m
[0m2023-10-09 20:49:02 V/: Recv: trpc.o3.ecdh_access.EcdhAccess.SsoSecureA2Establish[0m
[0m2023-10-09 21:04:54 V/: Send: MessageSvc.PbSendMsg(MessageSvc.PbSendMsg)[0m
[0m2023-10-09 21:04:54 V/: Recv: MessageSvc.PbSendMsg[0m
[0m2023-10-09 21:20:39 V/: Send: MultiMsg.ApplyDown(MultiMsg.ApplyDown)[0m
[0m2023-10-09 21:20:39 V/: Recv: MultiMsg.ApplyDown[0m
[0m2023-10-09 21:20:39 V/: [Http] Downloading forward message from https://ssl.htdata.qq.com:443[0m
[0m2023-10-09 21:20:39 V/: [Http] Downloading forward message: succeed[0m
[0m2023-10-09 21:29:03 V/: Send: trpc.o3.ecdh_access.EcdhAccess.SsoSecureA2Access(mobileqq.msf.security)[0m
[0m2023-10-09 21:29:03 V/: Recv: trpc.o3.ecdh_access.EcdhAccess.SsoSecureA2Access[0m
[0m2023-10-09 21:35:28 V/: Send: MessageSvc.PbSendMsg(MessageSvc.PbSendMsg)[0m
[0m2023-10-09 21:35:28 V/: Recv: MessageSvc.PbSendMsg[0m
[0m2023-10-09 21:35:42 V/: Send: MessageSvc.PbSendMsg(MessageSvc.PbSendMsg)[0m
[0m2023-10-09 21:35:42 V/: Recv: MessageSvc.PbSendMsg[0m
[0m2023-10-09 21:36:45 V/: Send: MultiMsg.ApplyDown(MultiMsg.ApplyDown)[0m
[0m2023-10-09 21:36:45 V/: Recv: MultiMsg.ApplyDown[0m
[0m2023-10-09 21:36:45 V/: [Http] Downloading forward message from https://ssl.htdata.qq.com:443[0m
[0m2023-10-09 21:36:45 V/: [Http] Downloading forward message: succeed[0m
[0m2023-10-09 21:36:56 V/: Send: MessageSvc.PbSendMsg(MessageSvc.PbSendMsg)[0m
[0m2023-10-09 21:36:56 V/: Recv: MessageSvc.PbSendMsg[0m
[0m2023-10-09 21:37:17 V/: Send: MessageSvc.PbSendMsg(MessageSvc.PbSendMsg)[0m
[0m2023-10-09 21:37:17 V/: Recv: MessageSvc.PbSendMsg[0m
[0m2023-10-09 21:37:32 V/: Send: MessageSvc.PbSendMsg(MessageSvc.PbSendMsg)[0m
[0m2023-10-09 21:37:33 V/: Recv: MessageSvc.PbSendMsg[0m
[0m2023-10-09 21:37:50 V/: Send: MessageSvc.PbSendMsg(MessageSvc.PbSendMsg)[0m
[0m2023-10-09 21:37:50 V/: Recv: MessageSvc.PbSendMsg[0m
[0m2023-10-09 22:09:03 V/: Send: MessageSvc.PbSendMsg(MessageSvc.PbSendMsg)[0m
[0m2023-10-09 22:09:04 V/: Recv: MessageSvc.PbSendMsg[0m
[0m2023-10-09 22:09:04 V/: Send: trpc.o3.ecdh_access.EcdhAccess.SsoSecureA2Access(mobileqq.msf.security)[0m
[0m2023-10-09 22:09:04 V/: Recv: trpc.o3.ecdh_access.EcdhAccess.SsoSecureA2Access[0m
[0m2023-10-09 22:09:33 V/: Send: MessageSvc.PbSendMsg(MessageSvc.PbSendMsg)[0m
[0m2023-10-09 22:09:33 V/: Recv: MessageSvc.PbSendMsg[0m
[0m2023-10-09 22:49:09 V/: Send: trpc.o3.ecdh_access.EcdhAccess.SsoSecureA2Establish(mobileqq.msf.security)[0m
[0m2023-10-09 22:49:10 V/: Recv: trpc.o3.ecdh_access.EcdhAccess.SsoSecureA2Establish[0m
[0m2023-10-09 23:03:43 V/: Send: MessageSvc.PbSendMsg(MessageSvc.PbSendMsg)[0m
[0m2023-10-09 23:03:44 V/: Recv: MessageSvc.PbSendMsg[0m
[0m2023-10-09 23:03:50 V/: Send: MessageSvc.PbSendMsg(MessageSvc.PbSendMsg)[0m
[0m2023-10-09 23:03:51 V/: Recv: MessageSvc.PbSendMsg[0m
[0m2023-10-09 23:04:42 V/: Send: MessageSvc.PbSendMsg(MessageSvc.PbSendMsg)[0m
[0m2023-10-09 23:04:43 V/: Recv: MessageSvc.PbSendMsg[0m
[0m2023-10-09 23:29:10 V/: Send: trpc.o3.ecdh_access.EcdhAccess.SsoSecureA2Access(mobileqq.msf.security)[0m
[0m2023-10-09 23:29:10 V/: Recv: trpc.o3.ecdh_access.EcdhAccess.SsoSecureA2Access[0m
