[0m2023-10-07 00:04:41 V/: Send: trpc.o3.ecdh_access.EcdhAccess.SsoSecureA2Access(mobileqq.msf.security)[0m
[0m2023-10-07 00:04:41 V/: Recv: trpc.o3.ecdh_access.EcdhAccess.SsoSecureA2Access[0m
[0m2023-10-07 00:44:47 V/: Send: trpc.o3.ecdh_access.EcdhAccess.SsoSecureA2Establish(mobileqq.msf.security)[0m
[0m2023-10-07 00:44:47 V/: Recv: trpc.o3.ecdh_access.EcdhAccess.SsoSecureA2Establish[0m
[0m2023-10-07 01:24:48 V/: Send: trpc.o3.ecdh_access.EcdhAccess.SsoSecureA2Access(mobileqq.msf.security)[0m
[0m2023-10-07 01:24:48 V/: Recv: trpc.o3.ecdh_access.EcdhAccess.SsoSecureA2Access[0m
[0m2023-10-07 02:04:49 V/: Send: trpc.o3.ecdh_access.EcdhAccess.SsoSecureA2Access(mobileqq.msf.security)[0m
[0m2023-10-07 02:04:49 V/: Recv: trpc.o3.ecdh_access.EcdhAccess.SsoSecureA2Access[0m
[0m2023-10-07 02:44:55 V/: Send: trpc.o3.ecdh_access.EcdhAccess.SsoSecureA2Establish(mobileqq.msf.security)[0m
[0m2023-10-07 02:44:55 V/: Recv: trpc.o3.ecdh_access.EcdhAccess.SsoSecureA2Establish[0m
[0m2023-10-07 03:24:55 V/: Send: trpc.o3.ecdh_access.EcdhAccess.SsoSecureA2Access(mobileqq.msf.security)[0m
[0m2023-10-07 03:24:55 V/: Recv: trpc.o3.ecdh_access.EcdhAccess.SsoSecureA2Access[0m
[0m2023-10-07 04:04:56 V/: Send: trpc.o3.ecdh_access.EcdhAccess.SsoSecureA2Access(mobileqq.msf.security)[0m
[0m2023-10-07 04:04:56 V/: Recv: trpc.o3.ecdh_access.EcdhAccess.SsoSecureA2Access[0m
[0m2023-10-07 04:45:02 V/: Send: trpc.o3.ecdh_access.EcdhAccess.SsoSecureA2Establish(mobileqq.msf.security)[0m
[0m2023-10-07 04:45:02 V/: Recv: trpc.o3.ecdh_access.EcdhAccess.SsoSecureA2Establish[0m
[0m2023-10-07 05:25:03 V/: Send: trpc.o3.ecdh_access.EcdhAccess.SsoSecureA2Access(mobileqq.msf.security)[0m
[0m2023-10-07 05:25:03 V/: Recv: trpc.o3.ecdh_access.EcdhAccess.SsoSecureA2Access[0m
[0m2023-10-07 06:05:04 V/: Send: trpc.o3.ecdh_access.EcdhAccess.SsoSecureA2Access(mobileqq.msf.security)[0m
[0m2023-10-07 06:05:04 V/: Recv: trpc.o3.ecdh_access.EcdhAccess.SsoSecureA2Access[0m
[0m2023-10-07 06:45:10 V/: Send: trpc.o3.ecdh_access.EcdhAccess.SsoSecureA2Establish(mobileqq.msf.security)[0m
[0m2023-10-07 06:45:10 V/: Recv: trpc.o3.ecdh_access.EcdhAccess.SsoSecureA2Establish[0m
[0m2023-10-07 07:25:10 V/: Send: trpc.o3.ecdh_access.EcdhAccess.SsoSecureA2Access(mobileqq.msf.security)[0m
[0m2023-10-07 07:25:10 V/: Recv: trpc.o3.ecdh_access.EcdhAccess.SsoSecureA2Access[0m
[0m2023-10-07 08:05:11 V/: Send: trpc.o3.ecdh_access.EcdhAccess.SsoSecureA2Access(mobileqq.msf.security)[0m
[0m2023-10-07 08:05:11 V/: Recv: trpc.o3.ecdh_access.EcdhAccess.SsoSecureA2Access[0m
[0m2023-10-07 08:45:17 V/: Send: trpc.o3.ecdh_access.EcdhAccess.SsoSecureA2Establish(mobileqq.msf.security)[0m
[0m2023-10-07 08:45:17 V/: Recv: trpc.o3.ecdh_access.EcdhAccess.SsoSecureA2Establish[0m
[0m2023-10-07 09:25:18 V/: Send: trpc.o3.ecdh_access.EcdhAccess.SsoSecureA2Access(mobileqq.msf.security)[0m
[0m2023-10-07 09:25:18 V/: Recv: trpc.o3.ecdh_access.EcdhAccess.SsoSecureA2Access[0m
[0m2023-10-07 10:05:18 V/: Send: trpc.o3.ecdh_access.EcdhAccess.SsoSecureA2Access(mobileqq.msf.security)[0m
[0m2023-10-07 10:05:19 V/: Recv: trpc.o3.ecdh_access.EcdhAccess.SsoSecureA2Access[0m
[0m2023-10-07 10:05:28 V/: Send: wtlogin.exchange_emp(15:refresh-keys)[0m
[0m2023-10-07 10:05:28 V/: Recv: wtlogin.exchange_emp[0m
[92m2023-10-07 10:05:28 I/: Scheduled key refresh in 23h 55min 0.0s.[0m
[0m2023-10-07 10:42:10 V/: Send: MessageSvc.PbSendMsg(MessageSvc.PbSendMsg)[0m
[0m2023-10-07 10:42:10 V/: Recv: MessageSvc.PbSendMsg[0m
[0m2023-10-07 10:42:21 V/: Send: MessageSvc.PbSendMsg(MessageSvc.PbSendMsg)[0m
[0m2023-10-07 10:42:22 V/: Recv: MessageSvc.PbSendMsg[0m
[0m2023-10-07 10:45:24 V/: Send: MessageSvc.PbSendMsg(MessageSvc.PbSendMsg)[0m
[0m2023-10-07 10:45:25 V/: Recv: MessageSvc.PbSendMsg[0m
[0m2023-10-07 10:45:25 V/: Send: trpc.o3.ecdh_access.EcdhAccess.SsoSecureA2Establish(mobileqq.msf.security)[0m
[0m2023-10-07 10:45:25 V/: Recv: trpc.o3.ecdh_access.EcdhAccess.SsoSecureA2Establish[0m
[0m2023-10-07 10:58:07 V/: Send: MessageSvc.PbSendMsg(MessageSvc.PbSendMsg)[0m
[0m2023-10-07 10:58:08 V/: Recv: MessageSvc.PbSendMsg[0m
[0m2023-10-07 10:59:02 V/: Send: MessageSvc.PbSendMsg(MessageSvc.PbSendMsg)[0m
[0m2023-10-07 10:59:02 V/: Recv: MessageSvc.PbSendMsg[0m
[0m2023-10-07 11:13:03 V/: Send: MessageSvc.PbSendMsg(MessageSvc.PbSendMsg)[0m
[0m2023-10-07 11:13:04 V/: Recv: MessageSvc.PbSendMsg[0m
[0m2023-10-07 11:25:25 V/: Send: trpc.o3.ecdh_access.EcdhAccess.SsoSecureA2Access(mobileqq.msf.security)[0m
[0m2023-10-07 11:25:25 V/: Recv: trpc.o3.ecdh_access.EcdhAccess.SsoSecureA2Access[0m
[0m2023-10-07 11:27:02 V/: Send: MessageSvc.PbSendMsg(MessageSvc.PbSendMsg)[0m
[0m2023-10-07 11:27:03 V/: Recv: MessageSvc.PbSendMsg[0m
[0m2023-10-07 11:29:56 V/: Send: MessageSvc.PbSendMsg(MessageSvc.PbSendMsg)[0m
[0m2023-10-07 11:29:56 V/: Recv: MessageSvc.PbSendMsg[0m
[0m2023-10-07 12:05:26 V/: Send: trpc.o3.ecdh_access.EcdhAccess.SsoSecureA2Access(mobileqq.msf.security)[0m
[0m2023-10-07 12:05:26 V/: Recv: trpc.o3.ecdh_access.EcdhAccess.SsoSecureA2Access[0m
[0m2023-10-07 12:40:58 V/: Send: MessageSvc.PbSendMsg(MessageSvc.PbSendMsg)[0m
[0m2023-10-07 12:40:59 V/: Recv: MessageSvc.PbSendMsg[0m
[0m2023-10-07 12:41:21 V/: Send: MessageSvc.PbSendMsg(MessageSvc.PbSendMsg)[0m
[0m2023-10-07 12:41:22 V/: Recv: MessageSvc.PbSendMsg[0m
[0m2023-10-07 12:43:02 V/: Send: MessageSvc.PbSendMsg(MessageSvc.PbSendMsg)[0m
[0m2023-10-07 12:43:02 V/: Recv: MessageSvc.PbSendMsg[0m
[0m2023-10-07 12:45:32 V/: Send: trpc.o3.ecdh_access.EcdhAccess.SsoSecureA2Establish(mobileqq.msf.security)[0m
[0m2023-10-07 12:45:32 V/: Recv: trpc.o3.ecdh_access.EcdhAccess.SsoSecureA2Establish[0m
[0m2023-10-07 12:58:09 V/: Send: MessageSvc.PbSendMsg(MessageSvc.PbSendMsg)[0m
[0m2023-10-07 12:58:10 V/: Recv: MessageSvc.PbSendMsg[0m
[0m2023-10-07 12:59:09 V/: Send: MessageSvc.PbSendMsg(MessageSvc.PbSendMsg)[0m
[0m2023-10-07 12:59:10 V/: Recv: MessageSvc.PbSendMsg[0m
[0m2023-10-07 12:59:28 V/: Send: MessageSvc.PbSendMsg(MessageSvc.PbSendMsg)[0m
[0m2023-10-07 12:59:28 V/: Recv: MessageSvc.PbSendMsg[0m
[0m2023-10-07 12:59:40 V/: Send: MessageSvc.PbSendMsg(MessageSvc.PbSendMsg)[0m
[0m2023-10-07 12:59:40 V/: Recv: MessageSvc.PbSendMsg[0m
[0m2023-10-07 13:03:42 V/: Send: MessageSvc.PbSendMsg(MessageSvc.PbSendMsg)[0m
[0m2023-10-07 13:03:42 V/: Recv: MessageSvc.PbSendMsg[0m
[0m2023-10-07 13:06:13 V/: Send: MessageSvc.PbSendMsg(MessageSvc.PbSendMsg)[0m
[0m2023-10-07 13:06:13 V/: Recv: MessageSvc.PbSendMsg[0m
[0m2023-10-07 13:07:13 V/: Send: MessageSvc.PbSendMsg(MessageSvc.PbSendMsg)[0m
[0m2023-10-07 13:07:13 V/: Recv: MessageSvc.PbSendMsg[0m
[0m2023-10-07 13:11:09 V/: Send: MessageSvc.PbSendMsg(MessageSvc.PbSendMsg)[0m
[0m2023-10-07 13:11:09 V/: Recv: MessageSvc.PbSendMsg[0m
[0m2023-10-07 13:14:41 V/: Send: MessageSvc.PbSendMsg(MessageSvc.PbSendMsg)[0m
[0m2023-10-07 13:14:42 V/: Recv: MessageSvc.PbSendMsg[0m
[0m2023-10-07 13:15:30 V/: Send: MessageSvc.PbSendMsg(MessageSvc.PbSendMsg)[0m
[0m2023-10-07 13:15:31 V/: Recv: MessageSvc.PbSendMsg[0m
[0m2023-10-07 13:21:02 V/: Send: MessageSvc.PbSendMsg(MessageSvc.PbSendMsg)[0m
[0m2023-10-07 13:21:03 V/: Recv: MessageSvc.PbSendMsg[0m
[0m2023-10-07 13:23:29 V/: Send: MessageSvc.PbSendMsg(MessageSvc.PbSendMsg)[0m
[0m2023-10-07 13:23:29 V/: Recv: MessageSvc.PbSendMsg[0m
[0m2023-10-07 13:25:33 V/: Send: trpc.o3.ecdh_access.EcdhAccess.SsoSecureA2Access(mobileqq.msf.security)[0m
[0m2023-10-07 13:25:33 V/: Recv: trpc.o3.ecdh_access.EcdhAccess.SsoSecureA2Access[0m
[0m2023-10-07 14:05:33 V/: Send: trpc.o3.ecdh_access.EcdhAccess.SsoSecureA2Access(mobileqq.msf.security)[0m
[0m2023-10-07 14:05:33 V/: Recv: trpc.o3.ecdh_access.EcdhAccess.SsoSecureA2Access[0m
[0m2023-10-07 14:45:39 V/: Send: trpc.o3.ecdh_access.EcdhAccess.SsoSecureA2Establish(mobileqq.msf.security)[0m
[0m2023-10-07 14:45:40 V/: Recv: trpc.o3.ecdh_access.EcdhAccess.SsoSecureA2Establish[0m
[0m2023-10-07 15:25:40 V/: Send: trpc.o3.ecdh_access.EcdhAccess.SsoSecureA2Access(mobileqq.msf.security)[0m
[0m2023-10-07 15:25:40 V/: Recv: trpc.o3.ecdh_access.EcdhAccess.SsoSecureA2Access[0m
[0m2023-10-07 16:05:41 V/: Send: trpc.o3.ecdh_access.EcdhAccess.SsoSecureA2Access(mobileqq.msf.security)[0m
[0m2023-10-07 16:05:41 V/: Recv: trpc.o3.ecdh_access.EcdhAccess.SsoSecureA2Access[0m
[0m2023-10-07 16:45:47 V/: Send: trpc.o3.ecdh_access.EcdhAccess.SsoSecureA2Establish(mobileqq.msf.security)[0m
[0m2023-10-07 16:45:47 V/: Recv: trpc.o3.ecdh_access.EcdhAccess.SsoSecureA2Establish[0m
[0m2023-10-07 17:25:48 V/: Send: trpc.o3.ecdh_access.EcdhAccess.SsoSecureA2Access(mobileqq.msf.security)[0m
[0m2023-10-07 17:25:48 V/: Recv: trpc.o3.ecdh_access.EcdhAccess.SsoSecureA2Access[0m
[0m2023-10-07 18:05:48 V/: Send: trpc.o3.ecdh_access.EcdhAccess.SsoSecureA2Access(mobileqq.msf.security)[0m
[0m2023-10-07 18:05:48 V/: Recv: trpc.o3.ecdh_access.EcdhAccess.SsoSecureA2Access[0m
[0m2023-10-07 18:45:54 V/: Send: trpc.o3.ecdh_access.EcdhAccess.SsoSecureA2Establish(mobileqq.msf.security)[0m
[0m2023-10-07 18:45:55 V/: Recv: trpc.o3.ecdh_access.EcdhAccess.SsoSecureA2Establish[0m
[0m2023-10-07 18:48:06 V/: Send: MessageSvc.PbSendMsg(MessageSvc.PbSendMsg)[0m
[0m2023-10-07 18:48:06 V/: Recv: MessageSvc.PbSendMsg[0m
[0m2023-10-07 19:25:55 V/: Send: trpc.o3.ecdh_access.EcdhAccess.SsoSecureA2Access(mobileqq.msf.security)[0m
[0m2023-10-07 19:25:55 V/: Recv: trpc.o3.ecdh_access.EcdhAccess.SsoSecureA2Access[0m
[0m2023-10-07 20:05:56 V/: Send: trpc.o3.ecdh_access.EcdhAccess.SsoSecureA2Access(mobileqq.msf.security)[0m
[0m2023-10-07 20:05:56 V/: Recv: trpc.o3.ecdh_access.EcdhAccess.SsoSecureA2Access[0m
[0m2023-10-07 20:10:25 V/: Send: MessageSvc.PbSendMsg(MessageSvc.PbSendMsg)[0m
[0m2023-10-07 20:10:25 V/: Recv: MessageSvc.PbSendMsg[0m
[0m2023-10-07 20:46:02 V/: Send: trpc.o3.ecdh_access.EcdhAccess.SsoSecureA2Establish(mobileqq.msf.security)[0m
[0m2023-10-07 20:46:02 V/: Recv: trpc.o3.ecdh_access.EcdhAccess.SsoSecureA2Establish[0m
[0m2023-10-07 21:24:56 V/: Send: MessageSvc.PbSendMsg(MessageSvc.PbSendMsg)[0m
[0m2023-10-07 21:24:56 V/: Recv: MessageSvc.PbSendMsg[0m
[0m2023-10-07 21:25:31 V/: Send: MessageSvc.PbSendMsg(MessageSvc.PbSendMsg)[0m
[0m2023-10-07 21:25:31 V/: Recv: MessageSvc.PbSendMsg[0m
[0m2023-10-07 21:26:03 V/: Send: trpc.o3.ecdh_access.EcdhAccess.SsoSecureA2Access(mobileqq.msf.security)[0m
[0m2023-10-07 21:26:03 V/: Recv: trpc.o3.ecdh_access.EcdhAccess.SsoSecureA2Access[0m
[0m2023-10-07 21:30:41 V/: Send: MessageSvc.PbSendMsg(MessageSvc.PbSendMsg)[0m
[0m2023-10-07 21:30:42 V/: Recv: MessageSvc.PbSendMsg[0m
[0m2023-10-07 21:31:27 V/: Send: MessageSvc.PbSendMsg(MessageSvc.PbSendMsg)[0m
[0m2023-10-07 21:31:28 V/: Recv: MessageSvc.PbSendMsg[0m
[0m2023-10-07 21:32:01 V/: Send: MessageSvc.PbSendMsg(MessageSvc.PbSendMsg)[0m
[0m2023-10-07 21:32:01 V/: Recv: MessageSvc.PbSendMsg[0m
[0m2023-10-07 21:33:00 V/: Send: MessageSvc.PbSendMsg(MessageSvc.PbSendMsg)[0m
[0m2023-10-07 21:33:01 V/: Recv: MessageSvc.PbSendMsg[0m
[0m2023-10-07 21:33:21 V/: Send: MessageSvc.PbSendMsg(MessageSvc.PbSendMsg)[0m
[0m2023-10-07 21:33:21 V/: Recv: MessageSvc.PbSendMsg[0m
[0m2023-10-07 21:35:02 V/: Send: MessageSvc.PbSendMsg(MessageSvc.PbSendMsg)[0m
[0m2023-10-07 21:35:03 V/: Recv: MessageSvc.PbSendMsg[0m
[0m2023-10-07 21:35:35 V/: Send: MessageSvc.PbSendMsg(MessageSvc.PbSendMsg)[0m
[0m2023-10-07 21:35:35 V/: Recv: MessageSvc.PbSendMsg[0m
[0m2023-10-07 21:37:12 V/: Send: MessageSvc.PbSendMsg(MessageSvc.PbSendMsg)[0m
[0m2023-10-07 21:37:12 V/: Recv: MessageSvc.PbSendMsg[0m
[0m2023-10-07 21:38:36 V/: Send: MessageSvc.PbSendMsg(MessageSvc.PbSendMsg)[0m
[0m2023-10-07 21:38:36 V/: Recv: MessageSvc.PbSendMsg[0m
[0m2023-10-07 21:59:00 V/: Send: MessageSvc.PbSendMsg(MessageSvc.PbSendMsg)[0m
[0m2023-10-07 21:59:01 V/: Recv: MessageSvc.PbSendMsg[0m
[0m2023-10-07 22:03:00 V/: Send: MessageSvc.PbSendMsg(MessageSvc.PbSendMsg)[0m
[0m2023-10-07 22:03:01 V/: Recv: MessageSvc.PbSendMsg[0m
[0m2023-10-07 22:03:48 V/: Send: MessageSvc.PbSendMsg(MessageSvc.PbSendMsg)[0m
[0m2023-10-07 22:03:48 V/: Recv: MessageSvc.PbSendMsg[0m
[0m2023-10-07 22:04:59 V/: Send: MessageSvc.PbSendMsg(MessageSvc.PbSendMsg)[0m
[0m2023-10-07 22:04:59 V/: Recv: MessageSvc.PbSendMsg[0m
[0m2023-10-07 22:06:03 V/: Send: trpc.o3.ecdh_access.EcdhAccess.SsoSecureA2Access(mobileqq.msf.security)[0m
[0m2023-10-07 22:06:03 V/: Recv: trpc.o3.ecdh_access.EcdhAccess.SsoSecureA2Access[0m
[0m2023-10-07 22:29:20 V/: Send: MessageSvc.PbSendMsg(MessageSvc.PbSendMsg)[0m
[0m2023-10-07 22:29:21 V/: Recv: MessageSvc.PbSendMsg[0m
[0m2023-10-07 22:29:39 V/: Send: MessageSvc.PbSendMsg(MessageSvc.PbSendMsg)[0m
[0m2023-10-07 22:29:39 V/: Recv: MessageSvc.PbSendMsg[0m
[0m2023-10-07 22:46:09 V/: Send: trpc.o3.ecdh_access.EcdhAccess.SsoSecureA2Establish(mobileqq.msf.security)[0m
[0m2023-10-07 22:46:10 V/: Recv: trpc.o3.ecdh_access.EcdhAccess.SsoSecureA2Establish[0m
[0m2023-10-07 23:10:49 V/: Send: MessageSvc.PbSendMsg(MessageSvc.PbSendMsg)[0m
[0m2023-10-07 23:10:49 V/: Recv: MessageSvc.PbSendMsg[0m
[0m2023-10-07 23:11:02 V/: Send: MessageSvc.PbSendMsg(MessageSvc.PbSendMsg)[0m
[0m2023-10-07 23:11:02 V/: Recv: MessageSvc.PbSendMsg[0m
[0m2023-10-07 23:26:10 V/: Send: trpc.o3.ecdh_access.EcdhAccess.SsoSecureA2Access(mobileqq.msf.security)[0m
[0m2023-10-07 23:26:10 V/: Recv: trpc.o3.ecdh_access.EcdhAccess.SsoSecureA2Access[0m
[0m2023-10-07 23:36:32 V/: Send: MessageSvc.PbSendMsg(MessageSvc.PbSendMsg)[0m
[0m2023-10-07 23:36:32 V/: Recv: MessageSvc.PbSendMsg[0m
[0m2023-10-07 23:56:15 V/: Send: MessageSvc.PbSendMsg(MessageSvc.PbSendMsg)[0m
[0m2023-10-07 23:56:15 V/: Recv: MessageSvc.PbSendMsg[0m
