[0m2023-10-13 00:13:40 V/: Send: trpc.o3.ecdh_access.EcdhAccess.SsoSecureA2Access(mobileqq.msf.security)[0m
[0m2023-10-13 00:13:41 V/: Recv: trpc.o3.ecdh_access.EcdhAccess.SsoSecureA2Access[0m
[0m2023-10-13 00:38:13 V/: Send: MessageSvc.PbSendMsg(MessageSvc.PbSendMsg)[0m
[0m2023-10-13 00:38:14 V/: Recv: MessageSvc.PbSendMsg[0m
[0m2023-10-13 00:41:54 V/: Send: MessageSvc.PbSendMsg(MessageSvc.PbSendMsg)[0m
[0m2023-10-13 00:41:55 V/: Recv: MessageSvc.PbSendMsg[0m
[0m2023-10-13 00:53:47 V/: Send: trpc.o3.ecdh_access.EcdhAccess.SsoSecureA2Establish(mobileqq.msf.security)[0m
[0m2023-10-13 00:53:47 V/: Recv: trpc.o3.ecdh_access.EcdhAccess.SsoSecureA2Establish[0m
[0m2023-10-13 01:33:47 V/: Send: trpc.o3.ecdh_access.EcdhAccess.SsoSecureA2Access(mobileqq.msf.security)[0m
[0m2023-10-13 01:33:47 V/: Recv: trpc.o3.ecdh_access.EcdhAccess.SsoSecureA2Access[0m
[0m2023-10-13 02:13:48 V/: Send: trpc.o3.ecdh_access.EcdhAccess.SsoSecureA2Access(mobileqq.msf.security)[0m
[0m2023-10-13 02:13:48 V/: Recv: trpc.o3.ecdh_access.EcdhAccess.SsoSecureA2Access[0m
[0m2023-10-13 02:53:54 V/: Send: trpc.o3.ecdh_access.EcdhAccess.SsoSecureA2Establish(mobileqq.msf.security)[0m
[0m2023-10-13 02:53:54 V/: Recv: trpc.o3.ecdh_access.EcdhAccess.SsoSecureA2Establish[0m
[0m2023-10-13 03:33:55 V/: Send: trpc.o3.ecdh_access.EcdhAccess.SsoSecureA2Access(mobileqq.msf.security)[0m
[0m2023-10-13 03:33:55 V/: Recv: trpc.o3.ecdh_access.EcdhAccess.SsoSecureA2Access[0m
[0m2023-10-13 04:13:56 V/: Send: trpc.o3.ecdh_access.EcdhAccess.SsoSecureA2Access(mobileqq.msf.security)[0m
[0m2023-10-13 04:13:56 V/: Recv: trpc.o3.ecdh_access.EcdhAccess.SsoSecureA2Access[0m
[0m2023-10-13 04:54:02 V/: Send: trpc.o3.ecdh_access.EcdhAccess.SsoSecureA2Establish(mobileqq.msf.security)[0m
[0m2023-10-13 04:54:02 V/: Recv: trpc.o3.ecdh_access.EcdhAccess.SsoSecureA2Establish[0m
[0m2023-10-13 05:34:02 V/: Send: trpc.o3.ecdh_access.EcdhAccess.SsoSecureA2Access(mobileqq.msf.security)[0m
[0m2023-10-13 05:34:02 V/: Recv: trpc.o3.ecdh_access.EcdhAccess.SsoSecureA2Access[0m
[0m2023-10-13 06:14:03 V/: Send: trpc.o3.ecdh_access.EcdhAccess.SsoSecureA2Access(mobileqq.msf.security)[0m
[0m2023-10-13 06:14:03 V/: Recv: trpc.o3.ecdh_access.EcdhAccess.SsoSecureA2Access[0m
[0m2023-10-13 06:54:09 V/: Send: trpc.o3.ecdh_access.EcdhAccess.SsoSecureA2Establish(mobileqq.msf.security)[0m
[0m2023-10-13 06:54:09 V/: Recv: trpc.o3.ecdh_access.EcdhAccess.SsoSecureA2Establish[0m
[0m2023-10-13 07:34:10 V/: Send: trpc.o3.ecdh_access.EcdhAccess.SsoSecureA2Access(mobileqq.msf.security)[0m
[0m2023-10-13 07:34:10 V/: Recv: trpc.o3.ecdh_access.EcdhAccess.SsoSecureA2Access[0m
[0m2023-10-13 08:14:10 V/: Send: trpc.o3.ecdh_access.EcdhAccess.SsoSecureA2Access(mobileqq.msf.security)[0m
[0m2023-10-13 08:14:11 V/: Recv: trpc.o3.ecdh_access.EcdhAccess.SsoSecureA2Access[0m
[0m2023-10-13 08:27:08 V/: Send: MessageSvc.PbSendMsg(MessageSvc.PbSendMsg)[0m
[0m2023-10-13 08:27:08 V/: Recv: MessageSvc.PbSendMsg[0m
[0m2023-10-13 08:52:40 V/: Send: MessageSvc.PbSendMsg(MessageSvc.PbSendMsg)[0m
[0m2023-10-13 08:52:40 V/: Recv: MessageSvc.PbSendMsg[0m
[0m2023-10-13 08:54:17 V/: Send: trpc.o3.ecdh_access.EcdhAccess.SsoSecureA2Establish(mobileqq.msf.security)[0m
[0m2023-10-13 08:54:17 V/: Recv: trpc.o3.ecdh_access.EcdhAccess.SsoSecureA2Establish[0m
[0m2023-10-13 09:00:42 V/: Send: MessageSvc.PbSendMsg(MessageSvc.PbSendMsg)[0m
[0m2023-10-13 09:00:42 V/: Recv: MessageSvc.PbSendMsg[0m
[0m2023-10-13 09:34:17 V/: Send: trpc.o3.ecdh_access.EcdhAccess.SsoSecureA2Access(mobileqq.msf.security)[0m
[0m2023-10-13 09:34:17 V/: Recv: trpc.o3.ecdh_access.EcdhAccess.SsoSecureA2Access[0m
[0m2023-10-13 09:35:36 V/: Send: wtlogin.exchange_emp(15:refresh-keys)[0m
[0m2023-10-13 09:35:36 V/: Recv: wtlogin.exchange_emp[0m
[92m2023-10-13 09:35:36 I/: Scheduled key refresh in 23h 55min 0.0s.[0m
[0m2023-10-13 10:14:18 V/: Send: trpc.o3.ecdh_access.EcdhAccess.SsoSecureA2Access(mobileqq.msf.security)[0m
[0m2023-10-13 10:14:18 V/: Recv: trpc.o3.ecdh_access.EcdhAccess.SsoSecureA2Access[0m
[0m2023-10-13 10:54:24 V/: Send: trpc.o3.ecdh_access.EcdhAccess.SsoSecureA2Establish(mobileqq.msf.security)[0m
[0m2023-10-13 10:54:24 V/: Recv: trpc.o3.ecdh_access.EcdhAccess.SsoSecureA2Establish[0m
[0m2023-10-13 11:34:25 V/: Send: trpc.o3.ecdh_access.EcdhAccess.SsoSecureA2Access(mobileqq.msf.security)[0m
[0m2023-10-13 11:34:25 V/: Recv: trpc.o3.ecdh_access.EcdhAccess.SsoSecureA2Access[0m
[0m2023-10-13 12:01:36 V/: Send: MessageSvc.PbSendMsg(MessageSvc.PbSendMsg)[0m
[0m2023-10-13 12:01:37 V/: Recv: MessageSvc.PbSendMsg[0m
[0m2023-10-13 12:03:19 V/: Send: MessageSvc.PbSendMsg(MessageSvc.PbSendMsg)[0m
[0m2023-10-13 12:03:19 V/: Recv: MessageSvc.PbSendMsg[0m
[0m2023-10-13 12:14:26 V/: Send: trpc.o3.ecdh_access.EcdhAccess.SsoSecureA2Access(mobileqq.msf.security)[0m
[0m2023-10-13 12:14:26 V/: Recv: trpc.o3.ecdh_access.EcdhAccess.SsoSecureA2Access[0m
[0m2023-10-13 12:54:32 V/: Send: trpc.o3.ecdh_access.EcdhAccess.SsoSecureA2Establish(mobileqq.msf.security)[0m
[0m2023-10-13 12:54:32 V/: Recv: trpc.o3.ecdh_access.EcdhAccess.SsoSecureA2Establish[0m
[0m2023-10-13 13:34:32 V/: Send: trpc.o3.ecdh_access.EcdhAccess.SsoSecureA2Access(mobileqq.msf.security)[0m
[0m2023-10-13 13:34:32 V/: Recv: trpc.o3.ecdh_access.EcdhAccess.SsoSecureA2Access[0m
[0m2023-10-13 13:52:40 V/: Send: MessageSvc.PbSendMsg(MessageSvc.PbSendMsg)[0m
[0m2023-10-13 13:52:40 V/: Recv: MessageSvc.PbSendMsg[0m
[0m2023-10-13 14:14:33 V/: Send: trpc.o3.ecdh_access.EcdhAccess.SsoSecureA2Access(mobileqq.msf.security)[0m
[0m2023-10-13 14:14:33 V/: Recv: trpc.o3.ecdh_access.EcdhAccess.SsoSecureA2Access[0m
[0m2023-10-13 14:54:39 V/: Send: trpc.o3.ecdh_access.EcdhAccess.SsoSecureA2Establish(mobileqq.msf.security)[0m
[0m2023-10-13 14:54:39 V/: Recv: trpc.o3.ecdh_access.EcdhAccess.SsoSecureA2Establish[0m
[0m2023-10-13 15:34:40 V/: Send: trpc.o3.ecdh_access.EcdhAccess.SsoSecureA2Access(mobileqq.msf.security)[0m
[0m2023-10-13 15:34:40 V/: Recv: trpc.o3.ecdh_access.EcdhAccess.SsoSecureA2Access[0m
