2023-08-13 00:00:10 V/Bot.3459246674: [SHT荔枝麻酱协会(493057481)] 淡情余描未わ(1297471104) -> 毕竟老父亲和牛牛走了
2023-08-13 00:00:16 V/Bot.3459246674: [SHT荔枝麻酱协会(493057481)] 淡情余描未わ(1297471104) -> 现在kirin是老大哥了
2023-08-13 00:00:17 V/Bot.3459246674: [SHT荔枝麻酱协会(493057481)] MEOW@xfw推し(1609323331) -> 共商大寄
2023-08-13 00:00:30 V/Bot.3459246674: [SHT荔枝麻酱协会(493057481)] 只困君(768173212) -> kirin是摆摆人，我建议你让hm push它，这样他不敢摆（
2023-08-13 00:00:44 V/Bot.3459246674: [SHT荔枝麻酱协会(493057481)] Freeze_Kirin(947603216) -> [mirai:image:{0181020D-BED0-F655-D5B2-B1E99AB085B4}.jpg, width=997, height=614, size=1309079, type=GIF, isEmoji=true]
2023-08-13 00:00:44 V/Bot.3459246674: [SHT荔枝麻酱协会(493057481)] 只困君(768173212) -> [mirai:image:{7031CDF6-A8A2-8F05-1A75-3E11FE2AF640}.png, width=200, height=167, size=67839, type=GIF, isEmoji=true]
2023-08-13 00:00:54 V/Bot.3459246674: [SHT荔枝麻酱协会(493057481)] MEOW@xfw推し(1609323331) -> hm：（默默做完全部）
2023-08-13 00:01:10 V/Bot.3459246674: [SHT荔枝麻酱协会(493057481)] 只困君(768173212) -> 草
2023-08-13 00:01:21 V/Bot.3459246674: [SHT荔枝麻酱协会(493057481)] N！T！R！！！(269418386) -> 啊 新bot原来是hm搞的啊
2023-08-13 00:01:21 V/Bot.3459246674: [SHT荔枝麻酱协会(493057481)] 只困君(768173212) -> kirin你看看人家
2023-08-13 00:01:22 V/Bot.3459246674: [SHT荔枝麻酱协会(493057481)] 淡情余描未わ(1297471104) -> 我提议kirin成为獭獭军团团长，谁赞成，谁反对
2023-08-13 00:01:29 V/Bot.3459246674: [SHT荔枝麻酱协会(493057481)] MEOW@xfw推し(1609323331) -> ？
2023-08-13 00:01:33 V/Bot.3459246674: [SHT荔枝麻酱协会(493057481)] 只困君(768173212) -> ？
2023-08-13 00:01:38 V/Bot.3459246674: [SHT荔枝麻酱协会(493057481)] Freeze_Kirin(947603216) -> ？
2023-08-13 00:01:42 V/Bot.3459246674: [SHT荔枝麻酱协会(493057481)] 淡情余描未わ(1297471104) -> ？
2023-08-13 00:01:42 V/Bot.3459246674: [SHT荔枝麻酱协会(493057481)] N！T！R！！！(269418386) -> 那kirin不被需要了
2023-08-13 00:01:46 V/Bot.3459246674: [SHT荔枝麻酱协会(493057481)] 只困君(768173212) -> 把lrq从獭獭军团开除
2023-08-13 00:01:52 V/Bot.3459246674: [SHT荔枝麻酱协会(493057481)] naf2021(3469392519) -> [mirai:image:{1130C204-F068-470F-3043-A7196E09A848}.jpg, width=62, height=52, size=1753, type=JPG, isEmoji=true]
2023-08-13 00:01:56 V/Bot.3459246674: [SHT荔枝麻酱协会(493057481)] 淡情余描未わ(1297471104) -> [mirai:image:{B597C41C-D678-386E-BF00-96AD08D505BD}.jpg, width=320, height=270, size=129239, type=GIF, isEmoji=true]
2023-08-13 00:02:06 V/Bot.3459246674: [SHT荔枝麻酱协会(493057481)] MEOW@xfw推し(1609323331) -> 你和kirin一起被开除罢
2023-08-13 00:02:06 V/Bot.3459246674: [SHT荔枝麻酱协会(493057481)] Freeze_Kirin(947603216) -> 獭獭军团ep.9 解 散
2023-08-13 00:02:11 V/Bot.3459246674: [SHT荔枝麻酱协会(493057481)] N！T！R！！！(269418386) -> lrq反手炸了塔塔军团
2023-08-13 00:02:25 V/Bot.3459246674: [SHT荔枝麻酱协会(493057481)] 淡情余描未わ(1297471104) -> 只好成立赖赖军团了
2023-08-13 00:02:26 V/Bot.3459246674: [SHT荔枝麻酱协会(493057481)] 只困君(768173212) -> 獭獭军团ep.9 解 散
2023-08-13 00:02:42 V/Bot.3459246674: [SHT荔枝麻酱协会(493057481)] N！T！R！！！(269418386) -> 懒懒军团
2023-08-13 00:02:54 V/Bot.3459246674: [SHT荔枝麻酱协会(493057481)] naf2021(3469392519) -> 塔塔已死，赖赖当立
2023-08-13 00:03:06 V/Bot.3459246674: [SHT荔枝麻酱协会(493057481)] MEOW@xfw推し(1609323331) -> 犭束负犭束负军团
2023-08-13 00:03:19 V/Bot.3459246674: [SHT荔枝麻酱协会(493057481)] 只困君(768173212) -> [mirai:image:{93EAD3B3-EF38-0148-5669-9A1DC9E0568A}.png, width=74, height=62, size=4345, type=GIF, isEmoji=true]
2023-08-13 00:03:25 V/Bot.3459246674: [SHT荔枝麻酱协会(493057481)] MEOW@xfw推し(1609323331) -> 解散了
2023-08-13 00:03:28 V/Bot.3459246674: [SHT荔枝麻酱协会(493057481)] MEOW@xfw推し(1609323331) -> [mirai:image:{7B4FAB6B-0BA8-0F4C-F8DC-B2AF31AB603E}.png, width=512, height=512, size=192357, type=GIF, isEmoji=true]
2023-08-13 00:03:37 V/Bot.3459246674: [SHT荔枝麻酱协会(493057481)] 淡情余描未わ(1297471104) -> 獭獭负束幼儿园
2023-08-13 00:04:06 V/Bot.3459246674: [SHT荔枝麻酱协会(493057481)] MEOW@xfw推し(1609323331) -> [mirai:image:{D58F9E98-2D65-0420-6B98-D16591A78F3D}.png, width=68, height=60, size=1700, type=JPG, isEmoji=true]
2023-08-13 00:10:26 I/UnidbgFetchQsign: Bot(3459246674) request_token, submit success
2023-08-13 00:21:19 V/Bot.3459246674: [SHT荔枝麻酱协会(493057481)] 大可奇丽(1485280964) -> [mirai:image:{36B2E87C-4AA3-9F99-7922-787235159DBD}.jpg, width=82, height=86, size=4095, type=JPG, isEmoji=true]
2023-08-13 00:50:33 I/UnidbgFetchQsign: Bot(3459246674) request_token, submit success
2023-08-13 01:30:33 I/UnidbgFetchQsign: Bot(3459246674) request_token, submit success
2023-08-13 01:58:40 V/Bot.3459246674: [SHT荔枝麻酱协会(493057481)] 冰水 麻将小怨妇(x(308217149) -> ？
2023-08-13 01:58:53 V/Bot.3459246674: [SHT荔枝麻酱协会(493057481)] 冰水 麻将小怨妇(x(308217149) -> 原来那不是kirin三号机啊
2023-08-13 02:10:34 I/UnidbgFetchQsign: Bot(3459246674) request_token, submit success
2023-08-13 02:50:40 I/UnidbgFetchQsign: Bot(3459246674) request_token, submit success
2023-08-13 03:30:41 I/UnidbgFetchQsign: Bot(3459246674) request_token, submit success
2023-08-13 04:10:42 I/UnidbgFetchQsign: Bot(3459246674) request_token, submit success
2023-08-13 04:50:48 I/UnidbgFetchQsign: Bot(3459246674) request_token, submit success
2023-08-13 05:30:48 I/UnidbgFetchQsign: Bot(3459246674) request_token, submit success
2023-08-13 06:10:49 I/UnidbgFetchQsign: Bot(3459246674) request_token, submit success
2023-08-13 06:50:55 I/UnidbgFetchQsign: Bot(3459246674) request_token, submit success
2023-08-13 07:30:56 I/UnidbgFetchQsign: Bot(3459246674) request_token, submit success
2023-08-13 08:10:57 I/UnidbgFetchQsign: Bot(3459246674) request_token, submit success
2023-08-13 08:51:03 I/UnidbgFetchQsign: Bot(3459246674) request_token, submit success
2023-08-13 09:31:04 I/UnidbgFetchQsign: Bot(3459246674) request_token, submit success
2023-08-13 10:11:04 I/UnidbgFetchQsign: Bot(3459246674) request_token, submit success
2023-08-13 10:51:11 I/UnidbgFetchQsign: Bot(3459246674) request_token, submit success
2023-08-13 11:31:11 I/UnidbgFetchQsign: Bot(3459246674) request_token, submit success
2023-08-13 12:11:12 I/UnidbgFetchQsign: Bot(3459246674) request_token, submit success
2023-08-13 12:51:18 I/UnidbgFetchQsign: Bot(3459246674) request_token, submit success
2023-08-13 13:31:19 I/UnidbgFetchQsign: Bot(3459246674) request_token, submit success
2023-08-13 14:08:18 V/Bot.3459246674: Event: MemberJoinEvent.Active(member=3096237910)
2023-08-13 14:11:20 I/UnidbgFetchQsign: Bot(3459246674) request_token, submit success
2023-08-13 14:20:31 V/Bot.3459246674: Event: MemberCardChangeEvent(origin=Yufiria, new=, member=NormalMember(3096237910))
2023-08-13 14:20:31 V/Bot.3459246674: [SHT荔枝麻酱协会(493057481)] Yufiria(3096237910) -> 妮可有日麻社吗
2023-08-13 14:23:54 V/Bot.3459246674: [SHT荔枝麻酱协会(493057481)] 隔壁老王(297234073) -> 欢迎新人
2023-08-13 14:23:59 V/Bot.3459246674: [SHT荔枝麻酱协会(493057481)] 隔壁老王(297234073) -> [mirai:image:{667B8769-3D3F-CFEB-E89D-AA73E1C02C77}.jpg, width=505, height=677, size=51157, type=JPG, isEmoji=true]
2023-08-13 14:24:05 V/Bot.3459246674: [SHT荔枝麻酱协会(493057481)] 隔壁老王(297234073) -> [mirai:image:{5617A3D1-1737-C9FF-CF6B-3757C4D5A45F}.jpg, width=1392, height=1856, size=325113, type=JPG, isEmoji=true]
2023-08-13 14:25:46 V/Bot.3459246674: [SHT荔枝麻酱协会(493057481)] 安邦定国(443127105) -> [mirai:origin:FORWARD,UhttqwicOlowq1xUA/5asvFJ9pGaISCj/hUCH/HPU2QLt2/WCK4oHstUrhByVnUa]ForwardMessage(preview=[], title=群聊的聊天记录, brief=[聊天记录], source=群聊的聊天记录, summary=查看1条转发消息, nodeList=[Node(senderId=269418386, time=1662783989, senderName=流羽箭, messageChain=然而是地下社团)])
2023-08-13 14:29:45 V/Bot.3459246674: [SHT荔枝麻酱协会(493057481)] 大可奇丽(1485280964) -> [mirai:image:{344B74A1-4206-6EDE-0082-6668922570A8}.png, width=508, height=675, size=462599, type=PNG, isEmoji=true]
2023-08-13 14:30:38 V/Bot.3459246674: [SHT荔枝麻酱协会(493057481)] 布莱克提(690875992) -> 妮可有日麻社吗
2023-08-13 14:32:51 V/Bot.3459246674: [SHT荔枝麻酱协会(493057481)] 阳芽小天使(3096237910) -> 为什么没有日麻社[流泪]
2023-08-13 14:33:46 V/Bot.3459246674: [SHT荔枝麻酱协会(493057481)] 宅哥(2832900934) -> 妮可社团都很偏学习
2023-08-13 14:38:31 V/Bot.3459246674: Event: BotOfflineEvent.MsfOffline(bot=Bot(3459246674), cause=MsfOfflineToken(uin=3459246674, seq=2499445323, const=0), reconnect=true)
2023-08-13 14:38:31 W/Bot.3459246674: Server notifies offline. (dropped by StatSvc.ReqMSFOffline)
2023-08-13 14:38:31 I/UnidbgFetchQsign: Bot(3459246674) initialize by http://127.0.0.1:8080
2023-08-13 14:38:31 I/UnidbgFetchQsign: Bot(3459246674) initialize complete
2023-08-13 14:38:40 I/Bot.3459246674: Bot cancelled: Bot closed
2023-08-13 17:17:51 I/main: Starting mirai-console...
2023-08-13 17:17:51 I/main: 

===================================[ Mirai console 2.15.0 ]===================================
 __       __ __                   __  ______                                      __
|  \     /  \  \                 |  \/      \                                    |  \
| ▓▓\   /  ▓▓\▓▓ ______   ______  \▓▓  ▓▓▓▓▓▓\ ______  _______   _______  ______ | ▓▓ ______
| ▓▓▓\ /  ▓▓▓  \/      \ |      \|  \ ▓▓   \▓▓/      \|       \ /       \/      \| ▓▓/      \
| ▓▓▓▓\  ▓▓▓▓ ▓▓  ▓▓▓▓▓▓\ \▓▓▓▓▓▓\ ▓▓ ▓▓     |  ▓▓▓▓▓▓\ ▓▓▓▓▓▓▓\  ▓▓▓▓▓▓▓  ▓▓▓▓▓▓\ ▓▓  ▓▓▓▓▓▓\
| ▓▓\▓▓ ▓▓ ▓▓ ▓▓ ▓▓   \▓▓/      ▓▓ ▓▓ ▓▓   __| ▓▓  | ▓▓ ▓▓  | ▓▓\▓▓    \| ▓▓  | ▓▓ ▓▓ ▓▓    ▓▓
| ▓▓ \▓▓▓| ▓▓ ▓▓ ▓▓     |  ▓▓▓▓▓▓▓ ▓▓ ▓▓__/  \ ▓▓__/ ▓▓ ▓▓  | ▓▓_\▓▓▓▓▓▓\ ▓▓__/ ▓▓ ▓▓ ▓▓▓▓▓▓▓▓
| ▓▓  \▓ | ▓▓ ▓▓ ▓▓      \▓▓    ▓▓ ▓▓\▓▓    ▓▓\▓▓    ▓▓ ▓▓  | ▓▓       ▓▓\▓▓    ▓▓ ▓▓\▓▓     \
 \▓▓      \▓▓\▓▓\▓▓       \▓▓▓▓▓▓▓\▓▓ \▓▓▓▓▓▓  \▓▓▓▓▓▓ \▓▓   \▓▓\▓▓▓▓▓▓▓  \▓▓▓▓▓▓ \▓▓ \▓▓▓▓▓▓▓


2023-08-13 17:17:51 I/main: Backend: version 2.15.0, built on 2023-07-11 04:57:17.
2023-08-13 17:17:51 I/main: Frontend Terminal: version 2.15.0, provided by Mamoe Technologies
2023-08-13 17:17:51 I/main: Welcome to visit https://mirai.mamoe.net/
2023-08-13 17:17:52 I/fix-protocol-version: 协议版本检查更新...
2023-08-13 17:17:52 I/fix-protocol-version: ANDROID_PHONE load from file:///root/mcl-2.1.2/android_phone.json
2023-08-13 17:17:52 I/fix-protocol-version: ANDROID_PAD load from file:///root/mcl-2.1.2/android_pad.json
2023-08-13 17:17:52 I/fix-protocol-version: 注册服务...
2023-08-13 17:17:52 I/fix-protocol-version: 服务配置文件 file:///root/mcl-2.1.2/KFCFactory.json
2023-08-13 17:17:52 I/plugin: Successfully loaded plugin fix-protocol-version v1.9.9
2023-08-13 17:17:52 I/plugin: Successfully loaded plugin mirai-device-generator v1.2.0
2023-08-13 17:17:52 I/plugin: Successfully loaded plugin mirai-api-http v2.9.1
2023-08-13 17:17:52 I/plugin: Successfully loaded plugin mirai-login-solver-sakura v0.0.11
2023-08-13 17:17:52 I/plugin: Successfully loaded plugin MCL Addon v2.1.1
2023-08-13 17:17:53 I/main: Prepared built-in commands: autoLogin, help, login, logout, permission, status, stop
2023-08-13 17:17:53 I/fix-protocol-version: 当前各登录协议版本日期: 
ANDROID_PHONE  8.9.63.11390  2023-05-26T10:46:18+08:00
ANDROID_PAD    8.9.63.11390  2023-05-26T10:46:18+08:00
ANDROID_WATCH  2.0.8         2019-06-03T20:25:31+08:00
IPAD           8.9.50.611    2023-02-16T15:10:14+08:00
MACOS          6.8.2.21241   2022-03-14T11:11:35+08:00

2023-08-13 17:17:53 I/fix-protocol-version: 当前签名服务配置信息: 
v8.9.63 by fuqiuluo/unidbg-fetch-qsign from http://127.0.0.1:8080

2023-08-13 17:17:53 I/Mirai HTTP API: ********************************************************
2023-08-13 17:17:53 I/MahKtorAdapter[http,ws]: Autoreload is disabled because the development mode is off.
2023-08-13 17:17:53 I/MahKtorAdapter[http,ws]: Application started in 0.107 seconds.
2023-08-13 17:17:53 I/MahKtorAdapter[http,ws]: Responding at http://localhost:7827
2023-08-13 17:17:53 I/http adapter: >>> [http adapter] is listening at http://localhost:7827
2023-08-13 17:17:53 I/ws adapter: >>> [ws adapter] is listening at ws://localhost:7827
2023-08-13 17:17:53 I/Mirai HTTP API: Http api server is running with verifyKey: StarBot
2023-08-13 17:17:53 I/Mirai HTTP API: adaptors: [http,ws]
2023-08-13 17:17:53 I/Mirai HTTP API: ********************************************************
2023-08-13 17:17:53 I/MCL Addon: iTXTech MCL Version: 2.1.2-61c8bd8
2023-08-13 17:17:53 W/MCL Addon: iTXTech Soyuz 未安装，Soyuz MCL Handler 特性已禁用
2023-08-13 17:17:53 I/main: 5 plugin(s) enabled.
2023-08-13 17:17:53 I/main: Auto-login 3459246674, protocol: ANDROID_PHONE, heartbeatStrategy: STAT_HB
2023-08-13 17:17:53 W/EncryptService.alert: Encrypt service was loaded: KFCFactory(config=file:///root/mcl-2.1.2/KFCFactory.json)
2023-08-13 17:17:53 W/EncryptService.alert: All outgoing message may be leaked by this service.
2023-08-13 17:17:53 W/EncryptService.alert: Use this service if and only if you trusted this service and the service provider.
2023-08-13 17:17:53 W/EncryptService.alert: Service details:
2023-08-13 17:17:53 W/EncryptService.alert:   `- Jvm Class: class xyz.cssxsh.mirai.tool.KFCFactory
2023-08-13 17:17:53 W/EncryptService.alert:   `- ClassLoader: JvmPluginClassLoader{fix-protocol-version-1.9.9.mirai2.jar}
2023-08-13 17:17:53 W/EncryptService.alert:   `- Source: file:/root/mcl-2.1.2/plugins/fix-protocol-version-1.9.9.mirai2.jar
2023-08-13 17:17:53 W/EncryptService.alert:   `- Protected Domain: ProtectionDomain  (file:/root/mcl-2.1.2/plugins/fix-protocol-version-1.9.9.mirai2.jar <no signer certificates>)
 JvmPluginClassLoader{fix-protocol-version-1.9.9.mirai2.jar}
 <no principals>
 java.security.Permissions@1fbd5e0 (
 ("java.io.FilePermission" "/root/mcl-2.1.2/plugins/fix-protocol-version-1.9.9.mirai2.jar" "read")
)


2023-08-13 17:17:53 I/KFCFactory: ANDROID_PHONE(8.9.63) server type: fuqiuluo/unidbg-fetch-qsign, file:///root/mcl-2.1.2/KFCFactory.json
2023-08-13 17:17:53 I/KFCFactory: unidbg-fetch-qsign by http://127.0.0.1:8080 about 
{
    "code": 0,
    "msg": "IAA 云天明 章北海",
    "data": {
        "version": "1.1.5",
        "protocol": {
            "qua": "V1_AND_SQ_8.9.63_4194_YYB_D",
            "version": "8.9.63",
            "code": "4194"
        }
    }
}
2023-08-13 17:17:54 I/Bot.3459246674: Loaded account secrets from local cache.
2023-08-13 17:17:54 I/UnidbgFetchQsign: Bot(3459246674) initialize by http://127.0.0.1:8080
2023-08-13 17:18:02 I/UnidbgFetchQsign: Bot(3459246674) register, Instance loaded successfully.
2023-08-13 17:18:02 I/UnidbgFetchQsign: Bot(3459246674) initialize complete
2023-08-13 17:18:05 I/Bot.3459246674: Loaded account secrets from local cache.
2023-08-13 17:18:11 I/Bot.3459246674: Loaded account secrets from local cache.
2023-08-13 17:18:11 W/UnidbgFetchQsign: with CoroutineName(SendMessage)
net.mamoe.mirai.internal.network.components.LoginFailedExceptionAsNetworkException: BotAuthorization(BotAuthorization.byPassword(<ERASED>)) threw an exception during authorization process. See cause below.
	at net.mamoe.mirai.internal.network.handler.CommonNetworkHandler$StateConnecting$startState$2.invokeSuspend(CommonNetworkHandler.kt:249)
	at kotlin.coroutines.jvm.internal.BaseContinuationImpl.resumeWith(ContinuationImpl.kt:33)
	at kotlinx.coroutines.DispatchedTask.run(DispatchedTask.kt:106)
	at kotlinx.coroutines.scheduling.CoroutineScheduler.runSafely(CoroutineScheduler.kt:570)
	at kotlinx.coroutines.scheduling.CoroutineScheduler$Worker.executeTask(CoroutineScheduler.kt:750)
	at kotlinx.coroutines.scheduling.CoroutineScheduler$Worker.runWorker(CoroutineScheduler.kt:677)
	at kotlinx.coroutines.scheduling.CoroutineScheduler$Worker.run(CoroutineScheduler.kt:664)
Caused by: net.mamoe.mirai.network.BotAuthorizationException: BotAuthorization(BotAuthorization.byPassword(<ERASED>)) threw an exception during authorization process. See cause below.
	at net.mamoe.mirai.internal.network.components.SsoProcessorImpl.login(SsoProcessor.kt:263)
	at net.mamoe.mirai.internal.network.handler.CommonNetworkHandler$StateConnecting$startState$2.invokeSuspend(CommonNetworkHandler.kt:247)
	... 6 more
	Suppressed: net.mamoe.mirai.network.WrongPasswordException: Error(bot=Bot(3459246674), code=16, title=登录失败, message=你的用户身份已失效，为保证账号安全，请你重新登录。, errorInfo=)
		at net.mamoe.mirai.internal.network.components.SsoProcessorImpl$SlowLoginImpl.doLogin(SsoProcessor.kt:490)
		at net.mamoe.mirai.internal.network.components.SsoProcessorImpl$SlowLoginImpl$doLogin$1.invokeSuspend(SsoProcessor.kt)
		at kotlin.coroutines.jvm.internal.BaseContinuationImpl.resumeWith(ContinuationImpl.kt:33)
		at kotlinx.coroutines.internal.ScopeCoroutine.afterResume(Scopes.kt:33)
		at kotlinx.coroutines.AbstractCoroutine.resumeWith(AbstractCoroutine.kt:102)
		at kotlin.coroutines.jvm.internal.BaseContinuationImpl.resumeWith(ContinuationImpl.kt:46)
		... 5 more
	Suppressed: java.lang.IllegalStateException: Fast login failed: Error(bot=Bot(3459246674), code=16, title=登录失败, message=你的用户身份已失效，为保证账号安全，请你重新登录。, errorInfo=)
		at net.mamoe.mirai.internal.network.components.SsoProcessorImpl$FastLoginImpl.doLogin(SsoProcessor.kt:528)
		at net.mamoe.mirai.internal.network.components.SsoProcessorImpl$FastLoginImpl$doLogin$1.invokeSuspend(SsoProcessor.kt)
		at kotlin.coroutines.jvm.internal.BaseContinuationImpl.resumeWith(ContinuationImpl.kt:33)
		at kotlinx.coroutines.internal.ScopeCoroutine.afterResume(Scopes.kt:33)
		at kotlinx.coroutines.AbstractCoroutine.resumeWith(AbstractCoroutine.kt:102)
		at kotlin.coroutines.jvm.internal.BaseContinuationImpl.resumeWith(ContinuationImpl.kt:46)
		... 5 more
Caused by: [CIRCULAR REFERENCE: net.mamoe.mirai.network.WrongPasswordException: Error(bot=Bot(3459246674), code=16, title=登录失败, message=你的用户身份已失效，为保证账号安全，请你重新登录。, errorInfo=)]

2023-08-13 17:18:11 I/Bot.3459246674: Bot cancelled: Bot closed
2023-08-13 17:18:14 E/main: net.mamoe.mirai.network.BotAuthorizationException: BotAuthorization(BotAuthorization.byPassword(<ERASED>)) threw an exception during authorization process. See cause below.
net.mamoe.mirai.network.BotAuthorizationException: BotAuthorization(BotAuthorization.byPassword(<ERASED>)) threw an exception during authorization process. See cause below.
	at net.mamoe.mirai.internal.network.components.SsoProcessorImpl.login(SsoProcessor.kt:263)
	at net.mamoe.mirai.internal.network.handler.CommonNetworkHandler$StateConnecting$startState$2.invokeSuspend(CommonNetworkHandler.kt:247)
	at kotlin.coroutines.jvm.internal.BaseContinuationImpl.resumeWith(ContinuationImpl.kt:33)
	at kotlinx.coroutines.DispatchedTask.run(DispatchedTask.kt:106)
	at kotlinx.coroutines.scheduling.CoroutineScheduler.runSafely(CoroutineScheduler.kt:570)
	at kotlinx.coroutines.scheduling.CoroutineScheduler$Worker.executeTask(CoroutineScheduler.kt:750)
	at kotlinx.coroutines.scheduling.CoroutineScheduler$Worker.runWorker(CoroutineScheduler.kt:677)
	at kotlinx.coroutines.scheduling.CoroutineScheduler$Worker.run(CoroutineScheduler.kt:664)
	Suppressed: net.mamoe.mirai.network.WrongPasswordException: Error(bot=Bot(3459246674), code=16, title=登录失败, message=你的用户身份已失效，为保证账号安全，请你重新登录。, errorInfo=)
		at net.mamoe.mirai.internal.network.components.SsoProcessorImpl$SlowLoginImpl.doLogin(SsoProcessor.kt:490)
		at net.mamoe.mirai.internal.network.components.SsoProcessorImpl$SlowLoginImpl$doLogin$1.invokeSuspend(SsoProcessor.kt)
		at kotlin.coroutines.jvm.internal.BaseContinuationImpl.resumeWith(ContinuationImpl.kt:33)
		at kotlinx.coroutines.internal.ScopeCoroutine.afterResume(Scopes.kt:33)
		at kotlinx.coroutines.AbstractCoroutine.resumeWith(AbstractCoroutine.kt:102)
		at kotlin.coroutines.jvm.internal.BaseContinuationImpl.resumeWith(ContinuationImpl.kt:46)
		... 5 more
	Suppressed: java.lang.IllegalStateException: Fast login failed: Error(bot=Bot(3459246674), code=16, title=登录失败, message=你的用户身份已失效，为保证账号安全，请你重新登录。, errorInfo=)
		at net.mamoe.mirai.internal.network.components.SsoProcessorImpl$FastLoginImpl.doLogin(SsoProcessor.kt:528)
		at net.mamoe.mirai.internal.network.components.SsoProcessorImpl$FastLoginImpl$doLogin$1.invokeSuspend(SsoProcessor.kt)
		at kotlin.coroutines.jvm.internal.BaseContinuationImpl.resumeWith(ContinuationImpl.kt:33)
		at kotlinx.coroutines.internal.ScopeCoroutine.afterResume(Scopes.kt:33)
		at kotlinx.coroutines.AbstractCoroutine.resumeWith(AbstractCoroutine.kt:102)
		at kotlin.coroutines.jvm.internal.BaseContinuationImpl.resumeWith(ContinuationImpl.kt:46)
		... 5 more
Caused by: [CIRCULAR REFERENCE: net.mamoe.mirai.network.WrongPasswordException: Error(bot=Bot(3459246674), code=16, title=登录失败, message=你的用户身份已失效，为保证账号安全，请你重新登录。, errorInfo=)]

2023-08-13 17:18:14 V/Bot.3459246674: Event: net.mamoe.mirai.console.events.AutoLoginEvent$Failure@611a2d82
2023-08-13 17:18:14 I/main: mirai-console started successfully.
2023-08-13 17:41:53 I/main: Starting mirai-console...
2023-08-13 17:41:53 I/main: 

===================================[ Mirai console 2.15.0 ]===================================
 __       __ __                   __  ______                                      __
|  \     /  \  \                 |  \/      \                                    |  \
| ▓▓\   /  ▓▓\▓▓ ______   ______  \▓▓  ▓▓▓▓▓▓\ ______  _______   _______  ______ | ▓▓ ______
| ▓▓▓\ /  ▓▓▓  \/      \ |      \|  \ ▓▓   \▓▓/      \|       \ /       \/      \| ▓▓/      \
| ▓▓▓▓\  ▓▓▓▓ ▓▓  ▓▓▓▓▓▓\ \▓▓▓▓▓▓\ ▓▓ ▓▓     |  ▓▓▓▓▓▓\ ▓▓▓▓▓▓▓\  ▓▓▓▓▓▓▓  ▓▓▓▓▓▓\ ▓▓  ▓▓▓▓▓▓\
| ▓▓\▓▓ ▓▓ ▓▓ ▓▓ ▓▓   \▓▓/      ▓▓ ▓▓ ▓▓   __| ▓▓  | ▓▓ ▓▓  | ▓▓\▓▓    \| ▓▓  | ▓▓ ▓▓ ▓▓    ▓▓
| ▓▓ \▓▓▓| ▓▓ ▓▓ ▓▓     |  ▓▓▓▓▓▓▓ ▓▓ ▓▓__/  \ ▓▓__/ ▓▓ ▓▓  | ▓▓_\▓▓▓▓▓▓\ ▓▓__/ ▓▓ ▓▓ ▓▓▓▓▓▓▓▓
| ▓▓  \▓ | ▓▓ ▓▓ ▓▓      \▓▓    ▓▓ ▓▓\▓▓    ▓▓\▓▓    ▓▓ ▓▓  | ▓▓       ▓▓\▓▓    ▓▓ ▓▓\▓▓     \
 \▓▓      \▓▓\▓▓\▓▓       \▓▓▓▓▓▓▓\▓▓ \▓▓▓▓▓▓  \▓▓▓▓▓▓ \▓▓   \▓▓\▓▓▓▓▓▓▓  \▓▓▓▓▓▓ \▓▓ \▓▓▓▓▓▓▓


2023-08-13 17:41:53 I/main: Backend: version 2.15.0, built on 2023-07-11 04:57:17.
2023-08-13 17:41:53 I/main: Frontend Terminal: version 2.15.0, provided by Mamoe Technologies
2023-08-13 17:41:53 I/main: Welcome to visit https://mirai.mamoe.net/
2023-08-13 17:41:54 I/fix-protocol-version: 协议版本检查更新...
2023-08-13 17:41:55 I/fix-protocol-version: ANDROID_PHONE load from file:///root/mcl-2.1.2/android_phone.json
2023-08-13 17:41:55 I/fix-protocol-version: ANDROID_PAD load from file:///root/mcl-2.1.2/android_pad.json
2023-08-13 17:41:55 I/fix-protocol-version: 注册服务...
2023-08-13 17:41:55 I/fix-protocol-version: 服务配置文件 file:///root/mcl-2.1.2/KFCFactory.json
2023-08-13 17:41:55 I/plugin: Successfully loaded plugin fix-protocol-version v1.9.9
2023-08-13 17:41:55 I/plugin: Successfully loaded plugin mirai-device-generator v1.2.0
2023-08-13 17:41:55 I/plugin: Successfully loaded plugin mirai-api-http v2.9.1
2023-08-13 17:41:55 I/plugin: Successfully loaded plugin mirai-login-solver-sakura v0.0.11
2023-08-13 17:41:55 I/plugin: Successfully loaded plugin MCL Addon v2.1.1
2023-08-13 17:41:55 I/main: Prepared built-in commands: autoLogin, help, login, logout, permission, status, stop
2023-08-13 17:41:55 I/fix-protocol-version: 当前各登录协议版本日期: 
ANDROID_PHONE  8.9.63.11390  2023-05-26T10:46:18+08:00
ANDROID_PAD    8.9.63.11390  2023-05-26T10:46:18+08:00
ANDROID_WATCH  2.0.8         2019-06-03T20:25:31+08:00
IPAD           8.9.50.611    2023-02-16T15:10:14+08:00
MACOS          6.8.2.21241   2022-03-14T11:11:35+08:00

2023-08-13 17:41:55 I/fix-protocol-version: 当前签名服务配置信息: 
v8.9.63 by fuqiuluo/unidbg-fetch-qsign from http://127.0.0.1:8080

2023-08-13 17:41:55 I/Mirai HTTP API: ********************************************************
2023-08-13 17:41:55 I/MahKtorAdapter[http,ws]: Autoreload is disabled because the development mode is off.
2023-08-13 17:41:55 I/MahKtorAdapter[http,ws]: Application started in 0.141 seconds.
2023-08-13 17:41:55 I/http adapter: >>> [http adapter] is listening at http://localhost:7827
2023-08-13 17:41:55 I/ws adapter: >>> [ws adapter] is listening at ws://localhost:7827
2023-08-13 17:41:55 I/Mirai HTTP API: Http api server is running with verifyKey: StarBot
2023-08-13 17:41:55 I/Mirai HTTP API: adaptors: [http,ws]
2023-08-13 17:41:55 I/Mirai HTTP API: ********************************************************
2023-08-13 17:41:55 I/MahKtorAdapter[http,ws]: Responding at http://localhost:7827
2023-08-13 17:41:55 I/MCL Addon: iTXTech MCL Version: 2.1.2-61c8bd8
2023-08-13 17:41:55 W/MCL Addon: iTXTech Soyuz 未安装，Soyuz MCL Handler 特性已禁用
2023-08-13 17:41:55 I/main: 5 plugin(s) enabled.
2023-08-13 17:41:55 I/main: Auto-login 2398493975, protocol: ANDROID_PHONE, heartbeatStrategy: STAT_HB
2023-08-13 17:41:55 W/EncryptService.alert: Encrypt service was loaded: KFCFactory(config=file:///root/mcl-2.1.2/KFCFactory.json)
2023-08-13 17:41:55 W/EncryptService.alert: All outgoing message may be leaked by this service.
2023-08-13 17:41:55 W/EncryptService.alert: Use this service if and only if you trusted this service and the service provider.
2023-08-13 17:41:55 W/EncryptService.alert: Service details:
2023-08-13 17:41:55 W/EncryptService.alert:   `- Jvm Class: class xyz.cssxsh.mirai.tool.KFCFactory
2023-08-13 17:41:55 W/EncryptService.alert:   `- ClassLoader: JvmPluginClassLoader{fix-protocol-version-1.9.9.mirai2.jar}
2023-08-13 17:41:55 W/EncryptService.alert:   `- Source: file:/root/mcl-2.1.2/plugins/fix-protocol-version-1.9.9.mirai2.jar
2023-08-13 17:41:55 W/EncryptService.alert:   `- Protected Domain: ProtectionDomain  (file:/root/mcl-2.1.2/plugins/fix-protocol-version-1.9.9.mirai2.jar <no signer certificates>)
 JvmPluginClassLoader{fix-protocol-version-1.9.9.mirai2.jar}
 <no principals>
 java.security.Permissions@73d91faf (
 ("java.io.FilePermission" "/root/mcl-2.1.2/plugins/fix-protocol-version-1.9.9.mirai2.jar" "read")
)


2023-08-13 17:41:55 I/KFCFactory: ANDROID_PHONE(8.9.63) server type: fuqiuluo/unidbg-fetch-qsign, file:///root/mcl-2.1.2/KFCFactory.json
2023-08-13 17:41:56 I/KFCFactory: unidbg-fetch-qsign by http://127.0.0.1:8080 about 
{
    "code": 0,
    "msg": "IAA 云天明 章北海",
    "data": {
        "version": "1.1.5",
        "protocol": {
            "qua": "V1_AND_SQ_8.9.63_4194_YYB_D",
            "version": "8.9.63",
            "code": "4194"
        }
    }
}
2023-08-13 17:41:56 I/Bot.2398493975: Loaded account secrets from local cache.
2023-08-13 17:41:56 I/UnidbgFetchQsign: Bot(2398493975) initialize by http://127.0.0.1:8080
2023-08-13 17:42:04 I/UnidbgFetchQsign: Bot(2398493975) register, Instance loaded successfully.
2023-08-13 17:42:04 I/UnidbgFetchQsign: Bot(2398493975) initialize complete
2023-08-13 17:42:07 I/Bot.2398493975: Saved account secrets to local cache for fast login.
2023-08-13 17:42:07 I/Bot.2398493975: Login successful.
2023-08-13 17:42:07 I/Bot.2398493975: Bot login successful.
2023-08-13 17:42:07 V/Bot.2398493975: Event: net.mamoe.mirai.console.events.AutoLoginEvent$Success@783dc0e7
2023-08-13 17:42:07 I/main: mirai-console started successfully.
2023-08-13 17:42:07 I/Bot.2398493975: Bot cancelled: Bot closed
2023-08-13 17:42:32 I/main: Starting mirai-console...
2023-08-13 17:42:32 I/main: 

===================================[ Mirai console 2.15.0 ]===================================
 __       __ __                   __  ______                                      __
|  \     /  \  \                 |  \/      \                                    |  \
| ▓▓\   /  ▓▓\▓▓ ______   ______  \▓▓  ▓▓▓▓▓▓\ ______  _______   _______  ______ | ▓▓ ______
| ▓▓▓\ /  ▓▓▓  \/      \ |      \|  \ ▓▓   \▓▓/      \|       \ /       \/      \| ▓▓/      \
| ▓▓▓▓\  ▓▓▓▓ ▓▓  ▓▓▓▓▓▓\ \▓▓▓▓▓▓\ ▓▓ ▓▓     |  ▓▓▓▓▓▓\ ▓▓▓▓▓▓▓\  ▓▓▓▓▓▓▓  ▓▓▓▓▓▓\ ▓▓  ▓▓▓▓▓▓\
| ▓▓\▓▓ ▓▓ ▓▓ ▓▓ ▓▓   \▓▓/      ▓▓ ▓▓ ▓▓   __| ▓▓  | ▓▓ ▓▓  | ▓▓\▓▓    \| ▓▓  | ▓▓ ▓▓ ▓▓    ▓▓
| ▓▓ \▓▓▓| ▓▓ ▓▓ ▓▓     |  ▓▓▓▓▓▓▓ ▓▓ ▓▓__/  \ ▓▓__/ ▓▓ ▓▓  | ▓▓_\▓▓▓▓▓▓\ ▓▓__/ ▓▓ ▓▓ ▓▓▓▓▓▓▓▓
| ▓▓  \▓ | ▓▓ ▓▓ ▓▓      \▓▓    ▓▓ ▓▓\▓▓    ▓▓\▓▓    ▓▓ ▓▓  | ▓▓       ▓▓\▓▓    ▓▓ ▓▓\▓▓     \
 \▓▓      \▓▓\▓▓\▓▓       \▓▓▓▓▓▓▓\▓▓ \▓▓▓▓▓▓  \▓▓▓▓▓▓ \▓▓   \▓▓\▓▓▓▓▓▓▓  \▓▓▓▓▓▓ \▓▓ \▓▓▓▓▓▓▓


2023-08-13 17:42:32 I/main: Backend: version 2.15.0, built on 2023-07-11 04:57:17.
2023-08-13 17:42:32 I/main: Frontend Terminal: version 2.15.0, provided by Mamoe Technologies
2023-08-13 17:42:32 I/main: Welcome to visit https://mirai.mamoe.net/
2023-08-13 17:42:33 I/fix-protocol-version: 协议版本检查更新...
2023-08-13 17:42:34 I/fix-protocol-version: ANDROID_PHONE load from file:///root/mcl-2.1.2/android_phone.json
2023-08-13 17:42:34 I/fix-protocol-version: ANDROID_PAD load from file:///root/mcl-2.1.2/android_pad.json
2023-08-13 17:42:34 I/fix-protocol-version: 注册服务...
2023-08-13 17:42:34 I/fix-protocol-version: 服务配置文件 file:///root/mcl-2.1.2/KFCFactory.json
2023-08-13 17:42:34 I/plugin: Successfully loaded plugin fix-protocol-version v1.9.9
2023-08-13 17:42:34 I/plugin: Successfully loaded plugin mirai-device-generator v1.2.0
2023-08-13 17:42:34 I/plugin: Successfully loaded plugin mirai-api-http v2.9.1
2023-08-13 17:42:34 I/plugin: Successfully loaded plugin mirai-login-solver-sakura v0.0.11
2023-08-13 17:42:34 I/plugin: Successfully loaded plugin MCL Addon v2.1.1
2023-08-13 17:42:34 I/main: Prepared built-in commands: autoLogin, help, login, logout, permission, status, stop
2023-08-13 17:42:34 I/fix-protocol-version: 当前各登录协议版本日期: 
ANDROID_PHONE  8.9.63.11390  2023-05-26T10:46:18+08:00
ANDROID_PAD    8.9.63.11390  2023-05-26T10:46:18+08:00
ANDROID_WATCH  2.0.8         2019-06-03T20:25:31+08:00
IPAD           8.9.50.611    2023-02-16T15:10:14+08:00
MACOS          6.8.2.21241   2022-03-14T11:11:35+08:00

2023-08-13 17:42:34 I/fix-protocol-version: 当前签名服务配置信息: 
v8.9.63 by fuqiuluo/unidbg-fetch-qsign from http://127.0.0.1:8080

2023-08-13 17:42:34 I/Mirai HTTP API: ********************************************************
2023-08-13 17:42:34 I/MahKtorAdapter[http,ws]: Autoreload is disabled because the development mode is off.
2023-08-13 17:42:34 I/MahKtorAdapter[http,ws]: Application started in 0.111 seconds.
2023-08-13 17:42:34 I/MahKtorAdapter[http,ws]: Responding at http://localhost:7827
2023-08-13 17:42:34 I/http adapter: >>> [http adapter] is listening at http://localhost:7827
2023-08-13 17:42:34 I/ws adapter: >>> [ws adapter] is listening at ws://localhost:7827
2023-08-13 17:42:34 I/Mirai HTTP API: Http api server is running with verifyKey: StarBot
2023-08-13 17:42:34 I/Mirai HTTP API: adaptors: [http,ws]
2023-08-13 17:42:34 I/Mirai HTTP API: ********************************************************
2023-08-13 17:42:34 I/MCL Addon: iTXTech MCL Version: 2.1.2-61c8bd8
2023-08-13 17:42:34 W/MCL Addon: iTXTech Soyuz 未安装，Soyuz MCL Handler 特性已禁用
2023-08-13 17:42:34 I/main: 5 plugin(s) enabled.
2023-08-13 17:42:34 I/main: Auto-login 2398493975, protocol: ANDROID_PHONE, heartbeatStrategy: STAT_HB
2023-08-13 17:42:34 W/EncryptService.alert: Encrypt service was loaded: KFCFactory(config=file:///root/mcl-2.1.2/KFCFactory.json)
2023-08-13 17:42:34 W/EncryptService.alert: All outgoing message may be leaked by this service.
2023-08-13 17:42:34 W/EncryptService.alert: Use this service if and only if you trusted this service and the service provider.
2023-08-13 17:42:34 W/EncryptService.alert: Service details:
2023-08-13 17:42:34 W/EncryptService.alert:   `- Jvm Class: class xyz.cssxsh.mirai.tool.KFCFactory
2023-08-13 17:42:34 W/EncryptService.alert:   `- ClassLoader: JvmPluginClassLoader{fix-protocol-version-1.9.9.mirai2.jar}
2023-08-13 17:42:34 W/EncryptService.alert:   `- Source: file:/root/mcl-2.1.2/plugins/fix-protocol-version-1.9.9.mirai2.jar
2023-08-13 17:42:34 W/EncryptService.alert:   `- Protected Domain: ProtectionDomain  (file:/root/mcl-2.1.2/plugins/fix-protocol-version-1.9.9.mirai2.jar <no signer certificates>)
 JvmPluginClassLoader{fix-protocol-version-1.9.9.mirai2.jar}
 <no principals>
 java.security.Permissions@7c0e4e4e (
 ("java.io.FilePermission" "/root/mcl-2.1.2/plugins/fix-protocol-version-1.9.9.mirai2.jar" "read")
)


2023-08-13 17:42:34 I/KFCFactory: ANDROID_PHONE(8.9.63) server type: fuqiuluo/unidbg-fetch-qsign, file:///root/mcl-2.1.2/KFCFactory.json
2023-08-13 17:42:34 I/KFCFactory: unidbg-fetch-qsign by http://127.0.0.1:8080 about 
{
    "code": 0,
    "msg": "IAA 云天明 章北海",
    "data": {
        "version": "1.1.5",
        "protocol": {
            "qua": "V1_AND_SQ_8.9.63_4194_YYB_D",
            "version": "8.9.63",
            "code": "4194"
        }
    }
}
2023-08-13 17:42:35 I/Bot.2398493975: Loaded account secrets from local cache.
2023-08-13 17:42:35 I/UnidbgFetchQsign: Bot(2398493975) initialize by http://127.0.0.1:8080
2023-08-13 17:42:43 I/UnidbgFetchQsign: Bot(2398493975) register, The QQ has already loaded an instance, so this time it is deleting the existing instance and creating a new one.
2023-08-13 17:42:43 I/UnidbgFetchQsign: Bot(2398493975) initialize complete
2023-08-13 17:42:45 I/Bot.2398493975: Saved account secrets to local cache for fast login.
2023-08-13 17:42:45 I/Bot.2398493975: Login successful.
2023-08-13 17:42:46 V/Bot.2398493975: Event: BotOnlineEvent(bot=Bot(2398493975))
2023-08-13 17:42:46 I/Bot.2398493975: Bot login successful.
2023-08-13 17:42:46 V/Bot.2398493975: Event: net.mamoe.mirai.console.events.AutoLoginEvent$Success@73b8ab2c
2023-08-13 17:42:46 I/main: mirai-console started successfully.
2023-08-13 17:43:06 V/Bot.2398493975: [獭獭哪凉快呆哪军团@(887156367)] wy@起爆军团(768173212) -> bot！
2023-08-13 17:43:50 V/Bot.2398493975: [獭獭哪凉快呆哪军团@(887156367)] wy@起爆军团(768173212) -> 什么时候把老bot爆金币
2023-08-13 17:43:55 V/Bot.2398493975: [獭獭哪凉快呆哪军团@(887156367)] wy@起爆军团(768173212) -> [mirai:image:{4A921C18-FF44-2C37-9E7C-971837637B1D}.png, width=300, height=130, size=6492, type=JPG, isEmoji=true]
2023-08-13 17:44:32 W/console: Closing input service...
2023-08-13 17:44:39 V/Bot.2398493975: Event: BotOfflineEvent.Active(bot=Bot(2398493975), cause=null, reconnect=false)
2023-08-13 17:44:39 I/Bot.2398493975: Bot is closed manually
2023-08-13 17:44:39 I/Bot.2398493975: Bot cancelled: Job was cancelled
2023-08-13 17:44:45 I/main: Starting mirai-console...
2023-08-13 17:44:45 I/main: 

===================================[ Mirai console 2.15.0 ]===================================
 __       __ __                   __  ______                                      __
|  \     /  \  \                 |  \/      \                                    |  \
| ▓▓\   /  ▓▓\▓▓ ______   ______  \▓▓  ▓▓▓▓▓▓\ ______  _______   _______  ______ | ▓▓ ______
| ▓▓▓\ /  ▓▓▓  \/      \ |      \|  \ ▓▓   \▓▓/      \|       \ /       \/      \| ▓▓/      \
| ▓▓▓▓\  ▓▓▓▓ ▓▓  ▓▓▓▓▓▓\ \▓▓▓▓▓▓\ ▓▓ ▓▓     |  ▓▓▓▓▓▓\ ▓▓▓▓▓▓▓\  ▓▓▓▓▓▓▓  ▓▓▓▓▓▓\ ▓▓  ▓▓▓▓▓▓\
| ▓▓\▓▓ ▓▓ ▓▓ ▓▓ ▓▓   \▓▓/      ▓▓ ▓▓ ▓▓   __| ▓▓  | ▓▓ ▓▓  | ▓▓\▓▓    \| ▓▓  | ▓▓ ▓▓ ▓▓    ▓▓
| ▓▓ \▓▓▓| ▓▓ ▓▓ ▓▓     |  ▓▓▓▓▓▓▓ ▓▓ ▓▓__/  \ ▓▓__/ ▓▓ ▓▓  | ▓▓_\▓▓▓▓▓▓\ ▓▓__/ ▓▓ ▓▓ ▓▓▓▓▓▓▓▓
| ▓▓  \▓ | ▓▓ ▓▓ ▓▓      \▓▓    ▓▓ ▓▓\▓▓    ▓▓\▓▓    ▓▓ ▓▓  | ▓▓       ▓▓\▓▓    ▓▓ ▓▓\▓▓     \
 \▓▓      \▓▓\▓▓\▓▓       \▓▓▓▓▓▓▓\▓▓ \▓▓▓▓▓▓  \▓▓▓▓▓▓ \▓▓   \▓▓\▓▓▓▓▓▓▓  \▓▓▓▓▓▓ \▓▓ \▓▓▓▓▓▓▓


2023-08-13 17:44:45 I/main: Backend: version 2.15.0, built on 2023-07-11 04:57:17.
2023-08-13 17:44:45 I/main: Frontend Terminal: version 2.15.0, provided by Mamoe Technologies
2023-08-13 17:44:45 I/main: Welcome to visit https://mirai.mamoe.net/
2023-08-13 17:44:46 I/fix-protocol-version: 协议版本检查更新...
2023-08-13 17:44:46 I/fix-protocol-version: ANDROID_PHONE load from file:///root/mcl-2.1.2/android_phone.json
2023-08-13 17:44:46 I/fix-protocol-version: ANDROID_PAD load from file:///root/mcl-2.1.2/android_pad.json
2023-08-13 17:44:46 I/fix-protocol-version: 注册服务...
2023-08-13 17:44:46 I/fix-protocol-version: 服务配置文件 file:///root/mcl-2.1.2/KFCFactory.json
2023-08-13 17:44:46 I/plugin: Successfully loaded plugin fix-protocol-version v1.9.9
2023-08-13 17:44:46 I/plugin: Successfully loaded plugin mirai-device-generator v1.2.0
2023-08-13 17:44:46 I/plugin: Successfully loaded plugin mirai-api-http v2.9.1
2023-08-13 17:44:46 I/plugin: Successfully loaded plugin mirai-login-solver-sakura v0.0.11
2023-08-13 17:44:46 I/plugin: Successfully loaded plugin MCL Addon v2.1.1
2023-08-13 17:44:46 I/main: Prepared built-in commands: autoLogin, help, login, logout, permission, status, stop
2023-08-13 17:44:46 I/fix-protocol-version: 当前各登录协议版本日期: 
ANDROID_PHONE  8.9.63.11390  2023-05-26T10:46:18+08:00
ANDROID_PAD    8.9.63.11390  2023-05-26T10:46:18+08:00
ANDROID_WATCH  2.0.8         2019-06-03T20:25:31+08:00
IPAD           8.9.50.611    2023-02-16T15:10:14+08:00
MACOS          6.8.2.21241   2022-03-14T11:11:35+08:00

2023-08-13 17:44:46 I/fix-protocol-version: 当前签名服务配置信息: 
v8.9.63 by fuqiuluo/unidbg-fetch-qsign from http://127.0.0.1:8080

2023-08-13 17:44:46 I/Mirai HTTP API: ********************************************************
2023-08-13 17:44:46 I/MahKtorAdapter[http,ws]: Autoreload is disabled because the development mode is off.
2023-08-13 17:44:46 I/MahKtorAdapter[http,ws]: Application started in 0.11 seconds.
2023-08-13 17:44:46 I/MahKtorAdapter[http,ws]: Responding at http://localhost:7827
2023-08-13 17:44:46 I/http adapter: >>> [http adapter] is listening at http://localhost:7827
2023-08-13 17:44:46 I/ws adapter: >>> [ws adapter] is listening at ws://localhost:7827
2023-08-13 17:44:46 I/Mirai HTTP API: Http api server is running with verifyKey: StarBot
2023-08-13 17:44:46 I/Mirai HTTP API: adaptors: [http,ws]
2023-08-13 17:44:46 I/Mirai HTTP API: ********************************************************
2023-08-13 17:44:46 I/MCL Addon: iTXTech MCL Version: 2.1.2-61c8bd8
2023-08-13 17:44:46 W/MCL Addon: iTXTech Soyuz 未安装，Soyuz MCL Handler 特性已禁用
2023-08-13 17:44:47 I/main: 5 plugin(s) enabled.
2023-08-13 17:44:47 I/main: Auto-login 2398493975, protocol: ANDROID_PHONE, heartbeatStrategy: STAT_HB
2023-08-13 17:44:47 W/EncryptService.alert: Encrypt service was loaded: KFCFactory(config=file:///root/mcl-2.1.2/KFCFactory.json)
2023-08-13 17:44:47 W/EncryptService.alert: All outgoing message may be leaked by this service.
2023-08-13 17:44:47 W/EncryptService.alert: Use this service if and only if you trusted this service and the service provider.
2023-08-13 17:44:47 W/EncryptService.alert: Service details:
2023-08-13 17:44:47 W/EncryptService.alert:   `- Jvm Class: class xyz.cssxsh.mirai.tool.KFCFactory
2023-08-13 17:44:47 W/EncryptService.alert:   `- ClassLoader: JvmPluginClassLoader{fix-protocol-version-1.9.9.mirai2.jar}
2023-08-13 17:44:47 W/EncryptService.alert:   `- Source: file:/root/mcl-2.1.2/plugins/fix-protocol-version-1.9.9.mirai2.jar
2023-08-13 17:44:47 W/EncryptService.alert:   `- Protected Domain: ProtectionDomain  (file:/root/mcl-2.1.2/plugins/fix-protocol-version-1.9.9.mirai2.jar <no signer certificates>)
 JvmPluginClassLoader{fix-protocol-version-1.9.9.mirai2.jar}
 <no principals>
 java.security.Permissions@35becbd4 (
 ("java.io.FilePermission" "/root/mcl-2.1.2/plugins/fix-protocol-version-1.9.9.mirai2.jar" "read")
)


2023-08-13 17:44:47 I/KFCFactory: ANDROID_PHONE(8.9.63) server type: fuqiuluo/unidbg-fetch-qsign, file:///root/mcl-2.1.2/KFCFactory.json
2023-08-13 17:44:47 I/KFCFactory: unidbg-fetch-qsign by http://127.0.0.1:8080 about 
{
    "code": 0,
    "msg": "IAA 云天明 章北海",
    "data": {
        "version": "1.1.5",
        "protocol": {
            "qua": "V1_AND_SQ_8.9.63_4194_YYB_D",
            "version": "8.9.63",
            "code": "4194"
        }
    }
}
2023-08-13 17:44:47 I/Bot.2398493975: Loaded account secrets from local cache.
2023-08-13 17:44:47 I/UnidbgFetchQsign: Bot(2398493975) initialize by http://127.0.0.1:8080
2023-08-13 17:44:55 I/UnidbgFetchQsign: Bot(2398493975) register, The QQ has already loaded an instance, so this time it is deleting the existing instance and creating a new one.
2023-08-13 17:44:55 I/UnidbgFetchQsign: Bot(2398493975) initialize complete
2023-08-13 17:44:57 I/Bot.2398493975: Saved account secrets to local cache for fast login.
2023-08-13 17:44:57 I/Bot.2398493975: Login successful.
2023-08-13 17:44:58 V/Bot.2398493975: Event: BotOnlineEvent(bot=Bot(2398493975))
2023-08-13 17:44:58 I/Bot.2398493975: Bot login successful.
2023-08-13 17:44:58 V/Bot.2398493975: Event: net.mamoe.mirai.console.events.AutoLoginEvent$Success@6cb194f5
2023-08-13 17:44:58 I/main: mirai-console started successfully.
2023-08-13 17:46:02 V/Bot.2398493975: [獭獭哪凉快呆哪军团@(887156367)] lax@牛牛道心破碎军团(269418386) -> [mirai:app:{"ver":"1.0.0.19","desc":"侍が歌う『アイドル』我推的武士","prompt":"[QQ小程序]侍が歌う『アイドル』我推的武士","config":{"type":"normal","width":0,"height":0,"forward":1,"autoSize":0,"ctime":1691919953,"token":"2edaca743681c26ab6108af3310f1c23"},"needShareCallBack":false,"app":"com.tencent.miniapp_01","view":"view_8C8E89B49BE609866298ADDFF2DBABA4","meta":{"detail_1":{"appid":"1109937557","appType":0,"title":"哔哩哔哩","desc":"侍が歌う『アイドル』我推的武士","icon":"http:\/\/miniapp.gtimg.cn\/public\/appicon\/432b76be3a548fc128acaa6c1ec90131_200.jpg","preview":"pubminishare-30161.picsz.qpic.cn\/c4d40b6e-9d7f-41ea-815a-8983586c6605","url":"m.q.qq.com\/a\/s\/4041de4ad76e452cdad2234abea4e0b9","scene":1036,"host":{"uin":269418386,"nick":"流羽箭"},"shareTemplateId":"8C8E89B49BE609866298ADDFF2DBABA4","shareTemplateData":{},"qqdocurl":"https:\/\/b23.tv\/sjVMYTo?share_medium=android&share_source=qq&bbid=XY19E8611837B831A97D64EAAB6E1ACF24CED&ts=1691919950934","showLittleTail":"","gamePoints":"","gamePointsUrl":""}}}]
2023-08-13 17:46:17 V/Bot.2398493975: [獭獭哪凉快呆哪军团@(887156367)] 獭獭睡觉大臣@被獭獭军团开除(963423936) -> [mirai:image:{4C55FEA2-85C5-2B48-AD89-3DB35FE05573}.png, width=370, height=250, size=238759, type=GIF, isEmoji=true]
2023-08-13 17:46:53 V/Bot.2398493975: [獭獭哪凉快呆哪军团@(887156367)] hm@獭獭不走人行道军团(2461942798) -> 帮我打几个点数测试一下
2023-08-13 17:49:29 V/Bot.2398493975: Event: NewFriendRequestEvent(bot=Bot(2398493975), eventId=1691920168000000, message=我是bot, fromId=1609323331, fromGroupId=887156367, fromNick=タタ@獭獭和爱音酱一起道心破碎)
2023-08-13 17:49:40 V/Bot.2398493975: [獭獭哪凉快呆哪军团@(887156367)] タタ@獭獭和爱音酱一起道心破碎(1609323331) -> 100
2023-08-13 17:49:49 V/Bot.2398493975: [獭獭哪凉快呆哪军团@(887156367)] タタ@獭獭和爱音酱一起道心破碎(1609323331) -> [mirai:at:2461942798] 0
2023-08-13 17:50:00 V/Bot.2398493975: [獭獭哪凉快呆哪军团@(887156367)] hm@獭獭不走人行道军团(2461942798) -> 30000
2023-08-13 17:50:12 V/Bot.2398493975: Event: GroupRecall(bot=Bot(2398493975), authorId=1609323331, messageIds=[58499], messageInternalIds=[734639956], messageTime=1691920180, operator=NormalMember(1609323331), group=Group(887156367), author=NormalMember(1609323331))
2023-08-13 17:50:20 V/Bot.2398493975: [獭獭哪凉快呆哪军团@(887156367)] タタ@獭獭和爱音酱一起道心破碎(1609323331) -> 110000
2023-08-13 17:50:30 V/Bot.2398493975: [獭獭哪凉快呆哪军团@(887156367)] hm@獭獭不走人行道军团(2461942798) -> 没人算了
2023-08-13 17:50:32 V/Bot.2398493975: [獭獭哪凉快呆哪军团@(887156367)] hm@獭獭不走人行道军团(2461942798) -> 取消
2023-08-13 17:50:33 V/Bot.2398493975: Group(887156367) <- 取消成功，请重新输入点数
2023-08-13 17:51:13 V/Bot.2398493975: [獭獭哪凉快呆哪军团@(887156367)] タタ@獭獭和爱音酱一起道心破碎(1609323331) -> 取消成功，请重新输入点数
2023-08-13 17:51:49 V/Bot.2398493975: [獭獭哪凉快呆哪军团@(887156367)] hm@獭獭不走人行道军团(2461942798) -> [mirai:image:{8BF34B10-19C1-4195-5866-6DDB73A903D8}.png, width=249, height=188, size=54265, type=GIF, isEmoji=true]
2023-08-13 17:52:05 V/Bot.2398493975: Event: MemberCardChangeEvent(origin=タタ@獭獭和爱音酱一起道心破碎, new=bo獭, member=NormalMember(1609323331))
2023-08-13 17:52:05 V/Bot.2398493975: [獭獭哪凉快呆哪军团@(887156367)] bo獭(1609323331) -> [mirai:image:{8BF34B10-19C1-4195-5866-6DDB73A903D8}.png, width=249, height=188, size=54265, type=GIF, isEmoji=true]
2023-08-13 17:53:03 V/Bot.2398493975: [獭獭哪凉快呆哪军团@(887156367)] Freeze_Kirin(947603216) -> [mirai:image:{8BF34B10-19C1-4195-5866-6DDB73A903D8}.png, width=249, height=188, size=54265, type=GIF, isEmoji=true]
2023-08-13 17:54:33 V/Bot.2398493975: [獭獭哪凉快呆哪军团@(887156367)] bo獭(1609323331) -> [mirai:image:{5D534C28-3871-48FD-398A-9BAC993C9DA1}.png, width=1066, height=1257, size=255480, type=JPG, isEmoji=false]
2023-08-13 18:00:25 V/Bot.2398493975: [獭獭哪凉快呆哪军团@(887156367)] 优雅猛牛(695150175) -> [mirai:image:{36B5F8FD-4B48-2E82-C151-AAB6018E524E}.jpg, width=1920, height=864, size=109663, type=JPG, isEmoji=false]
2023-08-13 18:06:16 V/Bot.2398493975: Event: MemberCardChangeEvent(origin=, new=为什么要弹春日影, member=NormalMember(947603216))
2023-08-13 18:06:16 V/Bot.2398493975: [獭獭哪凉快呆哪军团@(887156367)] 为什么要弹春日影(947603216) -> [mirai:image:{7D9669DA-6BEC-1A6B-2101-EA9820C07A66}.jpg, width=200, height=185, size=98982, type=GIF, isEmoji=true]
2023-08-13 18:07:45 V/Bot.2398493975: [獭獭哪凉快呆哪军团@(887156367)] hzc@獭獭軍団二度受(2384102753) -> 0
2023-08-13 18:08:05 V/Bot.2398493975: [獭獭哪凉快呆哪军团@(887156367)] hzc@獭獭軍団二度受(2384102753) -> 0[mirai:at:2461942798] 
2023-08-13 18:08:15 V/Bot.2398493975: [獭獭哪凉快呆哪军团@(887156367)] hzc@獭獭軍団二度受(2384102753) -> 0[mirai:at:947603216] 
2023-08-13 18:08:24 V/Bot.2398493975: [獭獭哪凉快呆哪军团@(887156367)] hzc@獭獭軍団二度受(2384102753) -> 100000[mirai:at:695150175] 
2023-08-13 18:08:45 V/Bot.2398493975: [獭獭哪凉快呆哪军团@(887156367)] 优雅猛牛(695150175) -> 失败
2023-08-13 18:14:18 V/Bot.2398493975: [獭獭哪凉快呆哪军团@(887156367)] bo獭(1609323331) -> 64800
2023-08-13 18:15:17 V/Bot.2398493975: Event: BotJoinGroupEvent.Active(group=Group(493057481))
2023-08-13 18:15:32 V/Bot.2398493975: [獭獭哪凉快呆哪军团@(887156367)] hm@獭獭不走人行道军团(2461942798) -> 暂时不能at 要at得先注册
2023-08-13 18:15:35 V/Bot.2398493975: [獭獭哪凉快呆哪军团@(887156367)] hm@獭獭不走人行道军团(2461942798) -> 先全部自己打
2023-08-13 18:15:45 V/Bot.2398493975: [獭獭哪凉快呆哪军团@(887156367)] bo獭(1609323331) -> 垃圾bot
2023-08-13 18:16:28 V/Bot.2398493975: [獭獭哪凉快呆哪军团@(887156367)] bo獭(1609323331) -> [mirai:image:{7C659D43-DA9A-9B1E-6F64-D0CA83C3AF08}.png, width=308, height=218, size=88602, type=GIF, isEmoji=true]
2023-08-13 18:16:45 V/Bot.2398493975: Event: MemberJoinEvent.Invite(member=1093406505, invitor=1609323331)
2023-08-13 18:17:20 V/Bot.2398493975: Event: MemberCardChangeEvent(origin=MEOW, new=獭系卡尼, member=NormalMember(1093406505))
2023-08-13 18:17:20 V/Bot.2398493975: [獭獭哪凉快呆哪军团@(887156367)] 獭系卡尼(1093406505) -> 100
2023-08-13 18:17:22 V/Bot.2398493975: [獭獭哪凉快呆哪军团@(887156367)] 为什么要弹春日影(947603216) -> [mirai:image:{A449E3E9-38F5-692F-D8FA-CE22585906CA}.jpg, width=300, height=268, size=107361, type=GIF, isEmoji=true]
2023-08-13 18:17:37 V/Bot.2398493975: [獭獭哪凉快呆哪军团@(887156367)] 獭獭哪凉快呆哪军团(1297471104) -> 懂了
2023-08-13 18:17:43 V/Bot.2398493975: [獭獭哪凉快呆哪军团@(887156367)] 獭獭哪凉快呆哪军团(1297471104) -> 是时候抄代码了
2023-08-13 18:17:44 V/Bot.2398493975: [獭獭哪凉快呆哪军团@(887156367)] 獭獭哪凉快呆哪军团(1297471104) -> 0
2023-08-13 18:17:46 V/Bot.2398493975: Group(887156367) <- 点数有误，总和不为100000！
2023-08-13 18:17:56 V/Bot.2398493975: [獭獭哪凉快呆哪军团@(887156367)] bo獭(1609323331) -> 0
2023-08-13 18:17:57 V/Bot.2398493975: Group(887156367) <- 点数有误，总和不为100000！
2023-08-13 18:18:03 V/Bot.2398493975: [獭獭哪凉快呆哪军团@(887156367)] hm@獭獭不走人行道军团(2461942798) -> 取消
2023-08-13 18:18:04 V/Bot.2398493975: Group(887156367) <- 取消成功，请重新输入点数
2023-08-13 18:18:06 V/Bot.2398493975: [獭獭哪凉快呆哪军团@(887156367)] 獭系卡尼(1093406505) -> 0
2023-08-13 18:18:07 V/Bot.2398493975: [獭獭哪凉快呆哪军团@(887156367)] hm@獭獭不走人行道军团(2461942798) -> 40000
2023-08-13 18:18:19 V/Bot.2398493975: [獭獭哪凉快呆哪军团@(887156367)] bo獭(1609323331) -> 60000
2023-08-13 18:18:23 V/Bot.2398493975: [獭獭哪凉快呆哪军团@(887156367)] 獭獭哪凉快呆哪军团(1297471104) -> 笨笨bot只会算最近4个
2023-08-13 18:18:26 V/Bot.2398493975: [獭獭哪凉快呆哪军团@(887156367)] 獭獭哪凉快呆哪军团(1297471104) -> 0
2023-08-13 18:18:27 V/Bot.2398493975: Group(887156367) <- 新用户獭系卡尼,hm@獭獭不走人行道军团,bo獭,獭獭哪凉快呆哪军团已添加！
2023-08-13 18:18:28 V/Bot.2398493975: Group(887156367) <- 记录完成：{'獭系卡尼': 0, 'hm@獭獭不走人行道军团': 40000, 'bo獭': 60000, '獭獭哪凉快呆哪军团': 0}
2023-08-13 18:18:44 V/Bot.2398493975: [獭獭哪凉快呆哪军团@(887156367)] bo獭(1609323331) -> 发个错的
2023-08-13 18:18:47 V/Bot.2398493975: [獭獭哪凉快呆哪军团@(887156367)] bo獭(1609323331) -> 50000
2023-08-13 18:18:51 V/Bot.2398493975: [獭獭哪凉快呆哪军团@(887156367)] 为什么要弹春日影(947603216) -> 为什么 用了老系统
2023-08-13 18:19:02 V/Bot.2398493975: [獭獭哪凉快呆哪军团@(887156367)] 为什么要弹春日影(947603216) -> lrq笨笨肯定给错需求了
2023-08-13 18:19:37 V/Bot.2398493975: [獭獭哪凉快呆哪军团@(887156367)] 獭獭哪凉快呆哪军团(1297471104) -> 有没有可能
2023-08-13 18:19:39 V/Bot.2398493975: [獭獭哪凉快呆哪军团@(887156367)] hm@獭獭不走人行道军团(2461942798) -> 1000000
2023-08-13 18:19:40 V/Bot.2398493975: [獭獭哪凉快呆哪军团@(887156367)] 獭獭哪凉快呆哪军团(1297471104) -> 只是hm偷懒
2023-08-13 18:19:52 V/Bot.2398493975: [獭獭哪凉快呆哪军团@(887156367)] 獭獭哪凉快呆哪军团(1297471104) -> [mirai:image:{7031CDF6-A8A2-8F05-1A75-3E11FE2AF640}.jpg, width=200, height=167, size=67839, type=GIF, isEmoji=true]
2023-08-13 18:20:13 V/Bot.2398493975: [獭獭哪凉快呆哪军团@(887156367)] 獭系卡尼(1093406505) -> 200
2023-08-13 18:20:16 V/Bot.2398493975: Event: MemberCardChangeEvent(origin=为什么要弹春日影, new=为什么用了老系统, member=NormalMember(947603216))
2023-08-13 18:20:16 V/Bot.2398493975: [獭獭哪凉快呆哪军团@(887156367)] 为什么用了老系统(947603216) -> [mirai:image:{7D9669DA-6BEC-1A6B-2101-EA9820C07A66}.jpg, width=200, height=185, size=98982, type=GIF, isEmoji=true]
2023-08-13 18:20:25 V/Bot.2398493975: [獭獭哪凉快呆哪军团@(887156367)] 獭系卡尼(1093406505) -> [mirai:at:1297471104] 1
2023-08-13 18:20:35 V/Bot.2398493975: [獭獭哪凉快呆哪军团@(887156367)] 獭獭哪凉快呆哪军团(1297471104) -> 0
2023-08-13 18:20:36 V/Bot.2398493975: Group(887156367) <- 点数有误，总和不为100000！
2023-08-13 18:20:52 V/Bot.2398493975: [獭獭哪凉快呆哪军团@(887156367)] hm@獭獭不走人行道军团(2461942798) -> 40800
2023-08-13 18:20:53 V/Bot.2398493975: Group(887156367) <- 点数有误，总和不为100000！
2023-08-13 18:21:07 V/Bot.2398493975: [獭獭哪凉快呆哪军团@(887156367)] hm@獭獭不走人行道军团(2461942798) -> 49800
2023-08-13 18:21:08 V/Bot.2398493975: Group(887156367) <- 记录完成：{'bo獭': 50000, 'hm@獭獭不走人行道军团': 49800, '獭系卡尼': 200, '獭獭哪凉快呆哪军团': 0}
2023-08-13 18:21:09 V/Bot.2398493975: [獭獭哪凉快呆哪军团@(887156367)] 为什么用了老系统(947603216) -> [mirai:image:{D61C228E-AE0A-81A8-164F-07757D76958D}.jpg, width=1080, height=2400, size=1460105, type=JPG, isEmoji=false]
2023-08-13 18:21:18 V/Bot.2398493975: [獭獭哪凉快呆哪军团@(887156367)] bo獭(1609323331) -> 9999
2023-08-13 18:21:26 V/Bot.2398493975: [獭獭哪凉快呆哪军团@(887156367)] 獭系卡尼(1093406505) -> 1
2023-08-13 18:22:28 V/Bot.2398493975: [獭獭哪凉快呆哪军团@(887156367)] bo獭(1609323331) -> [mirai:at:2398493975] 50000
2023-08-13 18:22:32 V/Bot.2398493975: [獭獭哪凉快呆哪军团@(887156367)] bo獭(1609323331) -> [mirai:at:1297471104] 0
2023-08-13 18:22:34 V/Bot.2398493975: [獭獭哪凉快呆哪军团@(887156367)] hm@獭獭不走人行道军团(2461942798) -> 你在赣神魔
2023-08-13 18:22:39 V/Bot.2398493975: [獭獭哪凉快呆哪军团@(887156367)] bo獭(1609323331) -> [mirai:image:{AF3F0834-CE1A-C9F1-3942-926C0C79FF9F}.png, width=150, height=150, size=5701, type=JPG, isEmoji=true]
2023-08-13 18:22:52 V/Bot.2398493975: [獭獭哪凉快呆哪军团@(887156367)] bo獭(1609323331) -> 看它会不会算进去
2023-08-13 18:23:05 V/Bot.2398493975: [獭獭哪凉快呆哪军团@(887156367)] hm@獭獭不走人行道军团(2461942798) -> 需要这个@功能吗
2023-08-13 18:23:08 V/Bot.2398493975: [獭獭哪凉快呆哪军团@(887156367)] hm@獭獭不走人行道军团(2461942798) -> 我没写
2023-08-13 18:23:08 V/Bot.2398493975: [獭獭哪凉快呆哪军团@(887156367)] 为什么用了老系统(947603216) -> 在点炒饭
2023-08-13 18:23:23 V/Bot.2398493975: [獭獭哪凉快呆哪军团@(887156367)] bo獭(1609323331) -> 复辟！复辟！
2023-08-13 18:23:30 V/Bot.2398493975: [獭獭哪凉快呆哪军团@(887156367)] bo獭(1609323331) -> [mirai:quote:[mirai:source:ids=[58567], internalIds=[463441011], from 947603216 to 887156367 at 1691922188], content=<not yet initialized>][mirai:at:947603216] 别点了该干活了
2023-08-13 18:23:36 V/Bot.2398493975: [獭獭哪凉快呆哪军团@(887156367)] wy@起爆军团(768173212) -> ？
2023-08-13 18:23:38 V/Bot.2398493975: [獭獭哪凉快呆哪军团@(887156367)] 獭獭哪凉快呆哪军团(1297471104) -> 在点炒饭
2023-08-13 18:23:39 V/Bot.2398493975: [獭獭哪凉快呆哪军团@(887156367)] wy@起爆军团(768173212) -> 好多hm
2023-08-13 18:23:42 V/Bot.2398493975: [SHT荔枝麻酱协会(493057481)] N！T！R！！！(269418386) -> 指望学校给经费不如指望ob
2023-08-13 18:23:57 V/Bot.2398493975: [獭獭哪凉快呆哪军团@(887156367)] 为什么用了老系统(947603216) -> 有没有可能 在火车上 一周没碰到💻了
2023-08-13 18:24:11 V/Bot.2398493975: [獭獭哪凉快呆哪军团@(887156367)] bo獭(1609323331) -> 💻是什么
2023-08-13 18:24:17 V/Bot.2398493975: [獭獭哪凉快呆哪军团@(887156367)] 为什么用了老系统(947603216) -> [mirai:quote:[mirai:source:ids=[58569], internalIds=[1249062143], from 1609323331 to 887156367 at 1691922210], content=<not yet initialized>][mirai:at:1609323331] 换回来！
2023-08-13 18:24:35 V/Bot.2398493975: [獭獭哪凉快呆哪军团@(887156367)] 为什么用了老系统(947603216) -> [mirai:image:{355CE022-2D43-9204-5E77-75211A5C9B14}.jpg, width=286, height=210, size=13238, type=JPG, isEmoji=true]
2023-08-13 18:24:58 I/UnidbgFetchQsign: Bot(2398493975) request_token, submit success
2023-08-13 18:25:12 V/Bot.2398493975: [獭獭哪凉快呆哪军团@(887156367)] 为什么用了老系统(947603216) -> 我的小梓呢
2023-08-13 18:25:26 V/Bot.2398493975: [SHT荔枝麻酱协会(493057481)] N！T！R！！！(269418386) -> 去你校ob开的店搓机麻打5折
2023-08-13 18:25:33 V/Bot.2398493975: [獭獭哪凉快呆哪军团@(887156367)] bo獭(1609323331) -> 什么小梓
2023-08-13 18:25:36 V/Bot.2398493975: [獭獭哪凉快呆哪军团@(887156367)] bo獭(1609323331) -> 小梓是我的
2023-08-13 18:25:39 V/Bot.2398493975: [SHT荔枝麻酱协会(493057481)] 宅哥(2832900934) -> ob是?
2023-08-13 18:25:51 V/Bot.2398493975: [獭獭哪凉快呆哪军团@(887156367)] 獭系卡尼(1093406505) -> 小梓是我的
2023-08-13 18:25:57 V/Bot.2398493975: [獭獭哪凉快呆哪军团@(887156367)] 为什么用了老系统(947603216) -> [mirai:image:{F19C21E2-6035-60E5-225F-17D155C1FB80}.jpg, width=370, height=298, size=104926, type=GIF, isEmoji=true]
2023-08-13 18:27:58 V/Bot.2398493975: [SHT荔枝麻酱协会(493057481)] N！T！R！！！(269418386) -> [mirai:image:{579BE619-305B-55A0-1C30-AA2E43A67A73}.jpg, width=1080, height=198, size=28053, type=JPG, isEmoji=false]
2023-08-13 18:28:24 V/Bot.2398493975: [SHT荔枝麻酱协会(493057481)] hzc(2384102753) -> 25000
2023-08-13 18:29:28 V/Bot.2398493975: [SHT荔枝麻酱协会(493057481)] 千梦(449603499) -> 25000
2023-08-13 18:30:32 V/Bot.2398493975: [SHT荔枝麻酱协会(493057481)] naf2021(3469392519) -> 25000
2023-08-13 18:31:00 V/Bot.2398493975: [SHT荔枝麻酱协会(493057481)] bot(3459246674) -> 25000
2023-08-13 18:31:01 V/Bot.2398493975: Group(493057481) <- 新用户hzc,千梦,naf2021,bot已添加！
2023-08-13 18:31:02 V/Bot.2398493975: Group(493057481) <- 记录完成：{'hzc': 25000, '千梦': 25000, 'naf2021': 25000, 'bot': 25000}
2023-08-13 18:31:29 V/Bot.2398493975: [SHT荔枝麻酱协会(493057481)] 宅哥(2832900934) -> ?
2023-08-13 18:31:48 V/Bot.2398493975: [SHT荔枝麻酱协会(493057481)] MEOW@xfw推し(1609323331) -> [mirai:image:{04AA33CB-931E-C1F2-EC30-4A2718268594}.png, width=370, height=292, size=89543, type=GIF, isEmoji=true]
2023-08-13 18:33:16 V/Bot.2398493975: [SHT荔枝麻酱协会(493057481)] 宅哥(2832900934) -> 25000
2023-08-13 18:33:31 V/Bot.2398493975: [SHT荔枝麻酱协会(493057481)] 隔壁老王(297234073) -> 25000
2023-08-13 18:34:23 V/Bot.2398493975: Event: MemberCardChangeEvent(origin=MEOW@xfw推し, new=MEOW@獭獭军团xfw, member=NormalMember(1609323331))
2023-08-13 18:34:23 V/Bot.2398493975: [SHT荔枝麻酱协会(493057481)] MEOW@獭獭军团xfw(1609323331) -> 25000
2023-08-13 18:34:39 V/Bot.2398493975: [SHT荔枝麻酱协会(493057481)] Twilight(1014197424) -> 25000
2023-08-13 18:34:40 V/Bot.2398493975: Group(493057481) <- 新用户宅哥,隔壁老王,MEOW@獭獭军团xfw,Twilight已添加！
2023-08-13 18:34:42 V/Bot.2398493975: Group(493057481) <- 记录完成：{'宅哥': 25000, '隔壁老王': 25000, 'MEOW@獭獭军团xfw': 25000, 'Twilight': 25000}
2023-08-13 18:37:40 V/Bot.2398493975: [獭獭哪凉快呆哪军团@(887156367)] 为什么用了老系统(947603216) -> [mirai:image:{794D2B9C-AD63-CF02-030E-FD97EEEB18C5}.jpg, width=320, height=270, size=121838, type=GIF, isEmoji=true]
2023-08-13 18:38:42 V/Bot.2398493975: [SHT荔枝麻酱协会(493057481)] 宅哥(2832900934) -> 有bot的使用手册吗
2023-08-13 18:38:49 V/Bot.2398493975: [SHT荔枝麻酱协会(493057481)] 隔壁老王(297234073) -> 有bot的使用手册吗
2023-08-13 18:42:14 V/Bot.2398493975: [SHT荔枝麻酱协会(493057481)] yyyouch(2461942798) -> 目前bot还未完善💦正在开发中 等开发完写一个使用手册
数据暂时可以在
http://123.60.173.207/mahjong/statistics
http://123.60.173.207/mahjong/user/hzc
查看
2023-08-13 18:45:13 V/Bot.2398493975: [SHT荔枝麻酱协会(493057481)] hzc(2384102753) -> 段位咋算的
2023-08-13 18:45:46 V/Bot.2398493975: [SHT荔枝麻酱协会(493057481)] yyyouch(2461942798) -> 照抄的雀庄公式站 有更好的算法建议可以告诉我w
2023-08-13 18:45:57 V/Bot.2398493975: [SHT荔枝麻酱协会(493057481)] yyyouch(2461942798) -> *雀庄公式战
2023-08-13 18:48:55 V/Bot.2398493975: [獭獭哪凉快呆哪军团@(887156367)] hzc@獭獭軍団二度受(2384102753) -> 你们去北梦玩不[mirai:at:2461942798] [mirai:at:1297471104] 
2023-08-13 18:49:42 V/Bot.2398493975: [獭獭哪凉快呆哪军团@(887156367)] hzc@獭獭軍団二度受(2384102753) -> 有我跟xdl
2023-08-13 18:50:03 V/Bot.2398493975: Event: MemberCardChangeEvent(origin=bo獭, new=小獭暗恋睦睦暗恋soyo暗恋祥子暗恋灯暗恋anon, member=NormalMember(1609323331))
2023-08-13 18:50:03 V/Bot.2398493975: [獭獭哪凉快呆哪军团@(887156367)] 小獭暗恋睦睦暗恋soyo暗恋祥子暗恋灯暗恋anon(1609323331) -> [mirai:image:{C2B9835A-B426-00E2-F859-124D34935BF1}.png, width=304, height=240, size=29087, type=GIF, isEmoji=true]
2023-08-13 18:50:26 V/Bot.2398493975: [獭獭哪凉快呆哪军团@(887156367)] 为什么用了老系统(947603216) -> [mirai:image:{C2B9835A-B426-00E2-F859-124D34935BF1}.png, width=304, height=240, size=29087, type=GIF, isEmoji=true]
2023-08-13 18:51:24 V/Bot.2398493975: [獭獭哪凉快呆哪军团@(887156367)] 獭獭睡觉大臣@被獭獭军团开除(963423936) -> [mirai:image:{C2B9835A-B426-00E2-F859-124D34935BF1}.png, width=304, height=240, size=29087, type=GIF, isEmoji=true]
2023-08-13 18:51:58 V/Bot.2398493975: [獭獭哪凉快呆哪军团@(887156367)] hm@獭獭不走人行道军团(2461942798) -> [mirai:image:{C2B9835A-B426-00E2-F859-124D34935BF1}.png, width=304, height=240, size=29087, type=GIF, isEmoji=true]
2023-08-13 18:52:01 V/Bot.2398493975: [獭獭哪凉快呆哪军团@(887156367)] hm@獭獭不走人行道军团(2461942798) -> 不玩
2023-08-13 18:52:28 V/Bot.2398493975: [獭獭哪凉快呆哪军团@(887156367)] 冰水@不会反身跳军团(308217149) -> 我去（）
2023-08-13 18:52:30 V/Bot.2398493975: [獭獭哪凉快呆哪军团@(887156367)] 冰水@不会反身跳军团(308217149) -> x
2023-08-13 18:57:47 V/Bot.2398493975: [獭獭哪凉快呆哪军团@(887156367)] 獭獭睡觉大臣@被獭獭军团开除(963423936) -> ？
2023-08-13 18:58:13 V/Bot.2398493975: [獭獭哪凉快呆哪军团@(887156367)] hzc@獭獭軍団二度受(2384102753) -> [mirai:quote:[mirai:source:ids=[58590], internalIds=[870314352], from 308217149 to 887156367 at 1691923948], content=<not yet initialized>][mirai:at:308217149] 你回来了嘛
2023-08-13 18:58:33 V/Bot.2398493975: [獭獭哪凉快呆哪军团@(887156367)] 獭獭哪凉快呆哪军团(1297471104) -> 我今天要赶ppt（
2023-08-13 18:58:44 V/Bot.2398493975: [獭獭哪凉快呆哪军团@(887156367)] 獭獭哪凉快呆哪军团(1297471104) -> 早说我上午就去加班了！
2023-08-13 18:58:46 V/Bot.2398493975: Event: GroupRecall(bot=Bot(2398493975), authorId=1297471104, messageIds=[58595], messageInternalIds=[759717275], messageTime=1691924324, operator=NormalMember(1297471104), group=Group(887156367), author=NormalMember(1297471104))
2023-08-13 18:58:51 V/Bot.2398493975: [獭獭哪凉快呆哪军团@(887156367)] 獭獭哪凉快呆哪军团(1297471104) -> 早说我上午就去加班了（
2023-08-13 19:00:20 V/Bot.2398493975: [獭獭哪凉快呆哪军团@(887156367)] wy@起爆军团(768173212) -> 卡14-5三星了
2023-08-13 19:00:32 V/Bot.2398493975: [獭獭哪凉快呆哪军团@(887156367)] wy@起爆军团(768173212) -> 这boss关死活差10s
2023-08-13 19:00:54 V/Bot.2398493975: [獭獭哪凉快呆哪军团@(887156367)] wy@起爆军团(768173212) -> 但凡再给我10s我必扬了它
2023-08-13 19:00:56 V/Bot.2398493975: [獭獭哪凉快呆哪军团@(887156367)] wy@起爆军团(768173212) -> 可惜不能
2023-08-13 19:03:42 V/Bot.2398493975: [獭獭哪凉快呆哪军团@(887156367)] hzc@獭獭軍団二度受(2384102753) -> 差十秒太多了 再升一级（
2023-08-13 19:03:59 V/Bot.2398493975: [SHT荔枝麻酱协会(493057481)] ライちゃん(392595084) -> 25000
2023-08-13 19:04:13 V/Bot.2398493975: [獭獭哪凉快呆哪军团@(887156367)] wy@起爆军团(768173212) -> [mirai:image:{4A921C18-FF44-2C37-9E7C-971837637B1D}.png, width=300, height=130, size=6492, type=JPG, isEmoji=true]
2023-08-13 19:04:27 V/Bot.2398493975: [獭獭哪凉快呆哪军团@(887156367)] wy@起爆军团(768173212) -> 只要阿鲁大招暴击，就可以
2023-08-13 19:04:41 V/Bot.2398493975: [獭獭哪凉快呆哪军团@(887156367)] wy@起爆军团(768173212) -> 有次暴击了，但是水星野暴毙了
2023-08-13 19:04:59 I/UnidbgFetchQsign: Bot(2398493975) request_token, submit success
2023-08-13 19:05:09 V/Bot.2398493975: [SHT荔枝麻酱协会(493057481)] 隔壁老王(297234073) -> thpt hzc
2023-08-13 19:05:10 V/Bot.2398493975: [SHT荔枝麻酱协会(493057481)] Freeze_Kirin(947603216) -> hzc [九段 1170/3600][３級 45/100]
最高段位 [九段 2715/3600][３級 45/100]
最近战绩 [3413244333][]
四麻首次升凤时间: 3/27/2021
最高段位达成时间: 4/11/2022
2023-08-13 19:05:11 V/Bot.2398493975: [SHT荔枝麻酱协会(493057481)] Giraffe(472247053) -> [mirai:quote:[mirai:source:ids=[281214], internalIds=[2048132188], from 2461942798 to 493057481 at 1691923333], content=<not yet initialized>][mirai:at:2461942798] 别用名字 改名会炸
2023-08-13 19:05:33 V/Bot.2398493975: [SHT荔枝麻酱协会(493057481)] 只困君(768173212) -> 老bot主的劝告.jpg
2023-08-13 19:05:44 V/Bot.2398493975: [SHT荔枝麻酱协会(493057481)] 隔壁老王(297234073) -> 老bot主的忠告.jpg
2023-08-13 19:08:56 V/Bot.2398493975: [SHT荔枝麻酱协会(493057481)] yyyouch(2461942798) -> [mirai:image:{E99AC65C-8640-6001-EF12-1CD30B9D871E}.gif, width=348, height=300, size=74943, type=GIF, isEmoji=true]
2023-08-13 19:09:55 V/Bot.2398493975: [SHT荔枝麻酱协会(493057481)] yyyouch(2461942798) -> 先用着 后面开发完了保证鲁棒性超强
2023-08-13 19:22:06 V/Bot.2398493975: [獭獭哪凉快呆哪军团@(887156367)] 冰水@不会反身跳军团(308217149) -> 没
2023-08-13 19:22:11 V/Bot.2398493975: [獭獭哪凉快呆哪军团@(887156367)] 冰水@不会反身跳军团(308217149) -> 表达一下愿望
2023-08-13 19:23:10 V/Bot.2398493975: [test(389193066)] yyyouch(2461942798) -> 取消
2023-08-13 19:23:11 V/Bot.2398493975: Group(389193066) <- 取消成功，请重新输入点数
2023-08-13 19:35:53 V/Bot.2398493975: [SHT荔枝麻酱协会(493057481)] 大可奇丽(1485280964) -> [mirai:image:{9687A2F4-3CD3-BB7B-1BA4-027ABD4DD5D8}.jpg, width=48, height=48, size=1626, type=JPG, isEmoji=true]
2023-08-13 19:45:05 I/UnidbgFetchQsign: Bot(2398493975) request_token, submit success
2023-08-13 20:00:00 V/Bot.2398493975: [獭獭哪凉快呆哪军团@(887156367)] 小獭暗恋睦睦暗恋soyo暗恋祥子暗恋灯暗恋anon(1609323331) -> 我每次开技能
2023-08-13 20:00:07 V/Bot.2398493975: [獭獭哪凉快呆哪军团@(887156367)] 小獭暗恋睦睦暗恋soyo暗恋祥子暗恋灯暗恋anon(1609323331) -> 都会顺手卡掉小技能
2023-08-13 20:00:10 V/Bot.2398493975: [獭獭哪凉快呆哪军团@(887156367)] 小獭暗恋睦睦暗恋soyo暗恋祥子暗恋灯暗恋anon(1609323331) -> [mirai:image:{F4E0DC81-687A-7A42-5199-40CCB5F0AFBF}.png, width=512, height=512, size=633525, type=GIF, isEmoji=true]
2023-08-13 20:02:13 V/Bot.2398493975: [SHT荔枝麻酱协会(493057481)] 优雅猛牛(695150175) -> [哦]
2023-08-13 20:02:32 V/Bot.2398493975: [獭獭哪凉快呆哪军团@(887156367)] 小獭暗恋睦睦暗恋soyo暗恋祥子暗恋灯暗恋anon(1609323331) -> 看时长知内容[mirai:image:{ECABEFB4-C1E7-166B-CD13-10FE1B89B6E0}.png, width=1125, height=957, size=117626, type=JPG, isEmoji=false]
2023-08-13 20:02:34 V/Bot.2398493975: [獭獭哪凉快呆哪军团@(887156367)] 小獭暗恋睦睦暗恋soyo暗恋祥子暗恋灯暗恋anon(1609323331) -> [mirai:image:{217DA165-D46A-8E3E-25F3-56A3137987A6}.png, width=512, height=512, size=198717, type=GIF, isEmoji=true]
2023-08-13 20:05:23 V/Bot.2398493975: [獭獭哪凉快呆哪军团@(887156367)] 冰水@不会反身跳军团(308217149) -> 草
2023-08-13 20:05:25 V/Bot.2398493975: [獭獭哪凉快呆哪军团@(887156367)] 冰水@不会反身跳军团(308217149) -> 说得对啊
2023-08-13 20:19:32 V/Bot.2398493975: [獭獭哪凉快呆哪军团@(887156367)] lax@牛牛道心破碎军团(269418386) -> 咋会是呢 刚买的电脑就死机了
2023-08-13 20:22:23 V/Bot.2398493975: [獭獭哪凉快呆哪军团@(887156367)] 獭獭睡觉大臣@被獭獭军团开除(963423936) -> [mirai:quote:[mirai:source:ids=[58614], internalIds=[1275935368], from 269418386 to 887156367 at 1691929172], content=<not yet initialized>][mirai:at:269418386] ？
2023-08-13 20:22:25 V/Bot.2398493975: [獭獭哪凉快呆哪军团@(887156367)] 獭獭睡觉大臣@被獭獭军团开除(963423936) -> 怎么死的
2023-08-13 20:25:05 I/UnidbgFetchQsign: Bot(2398493975) request_token, submit success
2023-08-13 20:25:25 V/Bot.2398493975: [獭獭哪凉快呆哪军团@(887156367)] lax@牛牛道心破碎军团(269418386) -> 正在打dota 然后就画面不动了
2023-08-13 20:25:32 V/Bot.2398493975: [獭獭哪凉快呆哪军团@(887156367)] lax@牛牛道心破碎军团(269418386) -> 键盘也没反应
2023-08-13 20:25:53 V/Bot.2398493975: [獭獭哪凉快呆哪军团@(887156367)] 小獭暗恋睦睦暗恋soyo暗恋祥子暗恋灯暗恋anon(1609323331) -> 电脑爆炸咯
2023-08-13 20:26:46 V/Bot.2398493975: Event: MemberCardChangeEvent(origin=为什么用了老系统, new=獭獭, member=NormalMember(947603216))
2023-08-13 20:26:46 V/Bot.2398493975: [獭獭哪凉快呆哪军团@(887156367)] 獭獭(947603216) -> [mirai:image:{7B4FAB6B-0BA8-0F4C-F8DC-B2AF31AB603E}.jpg, width=512, height=512, size=192357, type=GIF, isEmoji=true]
2023-08-13 20:27:16 V/Bot.2398493975: [獭獭哪凉快呆哪军团@(887156367)] 小獭暗恋睦睦暗恋soyo暗恋祥子暗恋灯暗恋anon(1609323331) -> [mirai:at:947603216] 不许抢注獭獭
2023-08-13 20:27:56 V/Bot.2398493975: Event: MemberCardChangeEvent(origin=wy@起爆军团, new=Freeze_kirin, member=NormalMember(768173212))
2023-08-13 20:27:56 V/Bot.2398493975: [獭獭哪凉快呆哪军团@(887156367)] Freeze_kirin(768173212) -> 那就抢注kirin
2023-08-13 20:44:51 V/Bot.2398493975: [獭獭哪凉快呆哪军团@(887156367)] 小獭暗恋睦睦暗恋soyo暗恋祥子暗恋灯暗恋anon(1609323331) -> [mirai:image:{04AA33CB-931E-C1F2-EC30-4A2718268594}.png, width=370, height=292, size=89543, type=GIF, isEmoji=true]
2023-08-13 20:54:48 V/Bot.2398493975: [獭獭哪凉快呆哪军团@(887156367)] 哭哭Kirin@也被獭獭军团开除(472247053) -> [mirai:image:{4EDDAE51-2EA5-50F1-9CCF-6CD49C679B3A}.jpg, width=236, height=226, size=161862, type=GIF, isEmoji=true]
2023-08-13 20:55:07 V/Bot.2398493975: Event: MemberCardChangeEvent(origin=獭獭, new=獭獭（本物）, member=NormalMember(947603216))
2023-08-13 20:55:07 V/Bot.2398493975: [獭獭哪凉快呆哪军团@(887156367)] 獭獭（本物）(947603216) -> 分我点
2023-08-13 20:56:52 V/Bot.2398493975: [獭獭哪凉快呆哪军团@(887156367)] 獭獭睡觉大臣@被獭獭军团开除(963423936) -> [mirai:image:{4EDDAE51-2EA5-50F1-9CCF-6CD49C679B3A}.gif, width=236, height=226, size=161862, type=GIF, isEmoji=true]
2023-08-13 20:57:05 V/Bot.2398493975: [獭獭哪凉快呆哪军团@(887156367)] 獭獭睡觉大臣@被獭獭军团开除(963423936) -> [mirai:quote:[mirai:source:ids=[58617], internalIds=[1313400946], from 269418386 to 887156367 at 1691929525], content=<not yet initialized>][mirai:at:269418386] 这可能有很多原因
2023-08-13 20:57:13 V/Bot.2398493975: [獭獭哪凉快呆哪军团@(887156367)] 獭獭睡觉大臣@被獭獭军团开除(963423936) -> 而且dota一般不至于达到性能瓶颈
2023-08-13 20:58:06 V/Bot.2398493975: [獭獭哪凉快呆哪军团@(887156367)] zz@獺獺軍団(771507043) -> [不支持的消息#-1771483949][mirai:image:{68EA31F5-FB7A-03DE-6EC4-D809DBBBFA1F}.jpg, width=2576, height=1828, size=4078635, type=PNG, isEmoji=false]才25w，好菜
2023-08-13 21:00:10 V/Bot.2398493975: [SHT荔枝麻酱协会(493057481)] 隔壁老王(297234073) -> 后浪推前浪
2023-08-13 21:00:22 V/Bot.2398493975: [SHT荔枝麻酱协会(493057481)] 隔壁老王(297234073) -> 一代更比一代浪（qiang）
2023-08-13 21:05:06 I/UnidbgFetchQsign: Bot(2398493975) request_token, submit success
2023-08-13 21:06:23 V/Bot.2398493975: [獭獭哪凉快呆哪军团@(887156367)] lax@牛牛道心破碎军团(269418386) -> 先观望
2023-08-13 21:10:09 V/Bot.2398493975: [獭獭哪凉快呆哪军团@(887156367)] 优雅猛牛(695150175) -> 先观望
2023-08-13 21:13:53 V/Bot.2398493975: [獭獭哪凉快呆哪军团@(887156367)] 优雅猛牛(695150175) -> 快帮我呛周深的演唱会门票
2023-08-13 21:13:57 V/Bot.2398493975: [獭獭哪凉快呆哪军团@(887156367)] 优雅猛牛(695150175) -> 21：29开始
2023-08-13 21:14:03 V/Bot.2398493975: [獭獭哪凉快呆哪军团@(887156367)] 优雅猛牛(695150175) -> [mirai:marketface:231694,]
2023-08-13 21:14:54 V/Bot.2398493975: [獭獭哪凉快呆哪军团@(887156367)] lax@牛牛道心破碎军团(269418386) -> 会议里面没人？
2023-08-13 21:15:13 V/Bot.2398493975: [獭獭哪凉快呆哪军团@(887156367)] 优雅猛牛(695150175) -> 我都还在吃饭
2023-08-13 21:16:24 V/Bot.2398493975: [獭獭哪凉快呆哪军团@(887156367)] lax@牛牛道心破碎军团(269418386) -> 那么晚？
2023-08-13 21:17:09 V/Bot.2398493975: [獭獭哪凉快呆哪军团@(887156367)] 优雅猛牛(695150175) -> 我感冒  身体不舒服  回来就睡
2023-08-13 21:17:12 V/Bot.2398493975: [獭獭哪凉快呆哪军团@(887156367)] 优雅猛牛(695150175) -> 刚醒
2023-08-13 21:17:31 V/Bot.2398493975: [獭獭哪凉快呆哪军团@(887156367)] 优雅猛牛(695150175) -> 差点要错过周深演唱会门票 开抢
2023-08-13 21:18:59 V/Bot.2398493975: [獭獭哪凉快呆哪军团@(887156367)] lax@牛牛道心破碎军团(269418386) -> 开抢
2023-08-13 21:19:05 V/Bot.2398493975: [獭獭哪凉快呆哪军团@(887156367)] lax@牛牛道心破碎军团(269418386) -> 看你抢
2023-08-13 21:20:01 V/Bot.2398493975: [獭獭哪凉快呆哪军团@(887156367)] 优雅猛牛(695150175) -> 。。。
2023-08-13 21:20:11 V/Bot.2398493975: [獭獭哪凉快呆哪军团@(887156367)] 优雅猛牛(695150175) -> 我手机上抢
2023-08-13 21:29:51 V/Bot.2398493975: [獭獭哪凉快呆哪军团@(887156367)] 优雅猛牛(695150175) -> 草
2023-08-13 21:29:52 V/Bot.2398493975: [獭獭哪凉快呆哪军团@(887156367)] 优雅猛牛(695150175) -> 没了
2023-08-13 21:32:18 V/Bot.2398493975: [獭獭哪凉快呆哪军团@(887156367)] 优雅猛牛(695150175) -> 1秒没
2023-08-13 21:32:28 V/Bot.2398493975: [獭獭哪凉快呆哪军团@(887156367)] 优雅猛牛(695150175) -> 一秒估计都没撑到
2023-08-13 21:32:35 V/Bot.2398493975: [獭獭哪凉快呆哪军团@(887156367)] 小獭暗恋睦睦暗恋soyo暗恋祥子暗恋灯暗恋anon(1609323331) -> 抢到了吗
2023-08-13 21:32:51 V/Bot.2398493975: [獭獭哪凉快呆哪军团@(887156367)] 小獭暗恋睦睦暗恋soyo暗恋祥子暗恋灯暗恋anon(1609323331) -> 没抢到
2023-08-13 21:33:06 V/Bot.2398493975: [獭獭哪凉快呆哪军团@(887156367)] 小獭暗恋睦睦暗恋soyo暗恋祥子暗恋灯暗恋anon(1609323331) -> [mirai:image:{8944AB58-1929-B3E2-7117-D34448B84CE9}.png, width=314, height=262, size=8626, type=JPG, isEmoji=true]
2023-08-13 21:33:10 V/Bot.2398493975: Event: GroupRecall(bot=Bot(2398493975), authorId=1609323331, messageIds=[58649], messageInternalIds=[2000084793], messageTime=1691933554, operator=NormalMember(1609323331), group=Group(887156367), author=NormalMember(1609323331))
2023-08-13 21:33:12 V/Bot.2398493975: Event: GroupRecall(bot=Bot(2398493975), authorId=1609323331, messageIds=[58650], messageInternalIds=[1961813543], messageTime=1691933571, operator=NormalMember(1609323331), group=Group(887156367), author=NormalMember(1609323331))
2023-08-13 21:33:22 V/Bot.2398493975: [獭獭哪凉快呆哪军团@(887156367)] 哭哭Kirin@也被獭獭军团开除(472247053) -> [mirai:image:{8E63056F-2785-EEF1-ABE4-42DCC08CD419}.jpg, width=1280, height=1280, size=71701, type=JPG, isEmoji=true]
2023-08-13 21:34:06 V/Bot.2398493975: [獭獭哪凉快呆哪军团@(887156367)] 小獭暗恋睦睦暗恋soyo暗恋祥子暗恋灯暗恋anon(1609323331) -> [mirai:image:{7AAB86C2-2E54-B41B-1127-E416989F377D}.png, width=124, height=139, size=6514, type=JPG, isEmoji=true]
2023-08-13 21:45:12 I/UnidbgFetchQsign: Bot(2398493975) request_token, submit success
2023-08-13 21:45:51 V/Bot.2398493975: [獭獭哪凉快呆哪军团@(887156367)] 獭獭哪凉快呆哪军团(1297471104) -> 为什么
2023-08-13 21:45:54 V/Bot.2398493975: [獭獭哪凉快呆哪军团@(887156367)] 獭獭哪凉快呆哪军团(1297471104) -> 我的电脑
2023-08-13 21:45:58 V/Bot.2398493975: [獭獭哪凉快呆哪军团@(887156367)] 獭獭哪凉快呆哪军团(1297471104) -> 打不开⚪
2023-08-13 21:46:16 V/Bot.2398493975: [獭獭哪凉快呆哪军团@(887156367)] 獭獭哪凉快呆哪军团(1297471104) -> [mirai:image:{9DE825AE-C3A6-AA14-9CA3-76623E0101C1}.png, width=441, height=69, size=33934, type=PNG, isEmoji=false]
2023-08-13 21:49:19 V/Bot.2398493975: [獭獭哪凉快呆哪军团@(887156367)] zz@獺獺軍団(771507043) -> 因为正在安装dx
2023-08-13 21:50:13 V/Bot.2398493975: [獭獭哪凉快呆哪军团@(887156367)] 獭獭哪凉快呆哪军团(1297471104) -> 原来如此
2023-08-13 21:50:29 V/Bot.2398493975: [獭獭哪凉快呆哪军团@(887156367)] 獭獭哪凉快呆哪军团(1297471104) -> 我开以为卡脚本了
2023-08-13 21:50:32 V/Bot.2398493975: [獭獭哪凉快呆哪军团@(887156367)] 獭獭哪凉快呆哪军团(1297471104) -> *还
2023-08-13 21:55:38 V/Bot.2398493975: [獭獭哪凉快呆哪军团@(887156367)] 冰水@不会反身跳军团(308217149) -> 草 最近天天出去遛弯 然后我家的地址成功在高德上出现了“常搜”
2023-08-13 21:58:50 V/Bot.2398493975: [獭獭哪凉快呆哪军团@(887156367)] 小獭暗恋睦睦暗恋soyo暗恋祥子暗恋灯暗恋anon(1609323331) -> [mirai:image:{D433A686-CCE9-F2AE-B701-ED67C8F26A07}.png, width=200, height=200, size=89332, type=GIF, isEmoji=true]
2023-08-13 21:59:35 V/Bot.2398493975: Event: MemberCardChangeEvent(origin=Freeze_kirin, new=Freeze_Kirin, member=NormalMember(768173212))
2023-08-13 21:59:35 V/Bot.2398493975: [獭獭哪凉快呆哪军团@(887156367)] Freeze_Kirin(768173212) -> 今天有无怪叫奥特曼鉴赏
2023-08-13 22:05:13 V/Bot.2398493975: [獭獭哪凉快呆哪军团@(887156367)] 优雅猛牛(695150175) -> 可
2023-08-13 22:13:12 V/Bot.2398493975: [獭獭哪凉快呆哪军团@(887156367)] lax@牛牛道心破碎军团(269418386) -> 会议没人 溜了
2023-08-13 22:18:07 V/Bot.2398493975: [獭獭哪凉快呆哪军团@(887156367)] 獭獭哪凉快呆哪军团(1297471104) -> 莎莎好难用
2023-08-13 22:25:13 I/UnidbgFetchQsign: Bot(2398493975) request_token, submit success
2023-08-13 22:38:09 V/Bot.2398493975: [獭獭哪凉快呆哪军团@(887156367)] 小獭暗恋睦睦暗恋soyo暗恋祥子暗恋灯暗恋anon(1609323331) -> [mirai:app:{
  "config" : {
    "height" : 0,
    "forward" : 1,
    "ctime" : 1691937486,
    "width" : 0,
    "type" : "normal",
    "token" : "1a793e5fca87b7de31e2c930f3f74bd0",
    "autoSize" : 0
  },
  "prompt" : "[QQ小程序]【翻阅】孤独摇滚原画集",
  "app" : "com.tencent.miniapp_01",
  "ver" : "1.0.1.45",
  "appID" : "100951776",
  "view" : "view_8C8E89B49BE609866298ADDFF2DBABA4",
  "meta" : {
    "detail_1" : {
      "appid" : "1109937557",
      "preview" : "https:\/\/pic.ugcimg.cn\/df73af2258304ffb33f04d580d22b228\/jpg1",
      "shareTemplateData" : {

      },
      "gamePointsUrl" : "",
      "gamePoints" : "",
      "url" : "m.q.qq.com\/a\/s\/9bfcdef193a252e041fb43e79dfa2bd1",
      "appType" : 0,
      "desc" : "【翻阅】孤独摇滚原画集",
      "title" : "哔哩哔哩",
      "scene" : 1036,
      "host" : {
        "uin" : 1609323331,
        "nick" : "时雨"
      },
      "icon" : "http:\/\/miniapp.gtimg.cn\/public\/appicon\/432b76be3a548fc128acaa6c1ec90131_200.jpg",
      "shareTemplateId" : "8C8E89B49BE609866298ADDFF2DBABA4",
      "qqdocurl" : "https:\/\/b23.tv\/ErTVPNP",
      "showLittleTail" : ""
    }
  },
  "bthirdappforward" : true,
  "bthirdappforwardforbackendswitch" : true,
  "desc" : ""
}]
2023-08-13 22:38:21 V/Bot.2398493975: [獭獭哪凉快呆哪军团@(887156367)] 小獭暗恋睦睦暗恋soyo暗恋祥子暗恋灯暗恋anon(1609323331) -> 獭獭看不得这些
2023-08-13 22:38:23 V/Bot.2398493975: [獭獭哪凉快呆哪军团@(887156367)] 小獭暗恋睦睦暗恋soyo暗恋祥子暗恋灯暗恋anon(1609323331) -> [mirai:image:{4EDDAE51-2EA5-50F1-9CCF-6CD49C679B3A}.png, width=236, height=226, size=161862, type=GIF, isEmoji=true]
2023-08-13 23:05:14 I/UnidbgFetchQsign: Bot(2398493975) request_token, submit success
2023-08-13 23:45:20 I/UnidbgFetchQsign: Bot(2398493975) request_token, submit success
