2023-09-06 00:23:08 V/Bot.2398493975: [獭獭云旅游军团@🎤啥(887156367)] タタ@獭獭·ω·咖波●ω●军团(1609323331) -> 我养出来两只乌啦啦全给的3速
2023-09-06 00:23:10 V/Bot.2398493975: [獭獭云旅游军团@🎤啥(887156367)] タタ@獭獭·ω·咖波●ω●军团(1609323331) -> [mirai:image:{3FCDA208-5B5D-3642-5219-949E4B2512EA}.png, width=328, height=300, size=47813, type=GIF, isEmoji=true]
2023-09-06 00:23:12 V/Bot.2398493975: [獭獭云旅游军团@🎤啥(887156367)] タタ@獭獭·ω·咖波●ω●军团(1609323331) -> [mirai:image:{6454F290-01A8-E609-D289-D8734D746DA2}.png, width=456, height=339, size=817548, type=GIF, isEmoji=true]
2023-09-06 00:34:02 V/Bot.2398493975: [獭獭云旅游军团@🎤啥(887156367)] タタ@獭獭·ω·咖波●ω●军团(1609323331) -> 这两个刷不出来[mirai:image:{C90AD0A7-006D-5018-90EB-26EEF9FE3F75}.png, width=1668, height=2388, size=446125, type=JPG, isEmoji=false]
2023-09-06 00:34:03 V/Bot.2398493975: [獭獭云旅游军团@🎤啥(887156367)] タタ@獭獭·ω·咖波●ω●军团(1609323331) -> [mirai:image:{8AFCF605-FDCE-9015-3438-526A21D02EF5}.png, width=300, height=192, size=8379, type=JPG, isEmoji=true]
2023-09-06 00:35:06 V/Bot.2398493975: [獭獭云旅游军团@🎤啥(887156367)] 萝卜@萝卜軍団(690875992) -> ひでよしり
2023-09-06 00:35:10 V/Bot.2398493975: [獭獭云旅游军团@🎤啥(887156367)] 萝卜@萝卜軍団(690875992) -> 草
2023-09-06 00:38:27 I/UnidbgFetchQsign: Bot(2398493975) request_token, submit success
2023-09-06 00:43:59 V/Bot.2398493975: [獭獭云旅游军团@🎤啥(887156367)] zz@獺獺軍団(771507043) -> [mirai:quote:[mirai:source:ids=[67562], internalIds=[2043133659], from 1609323331 to 887156367 at 1693931642], content=<not yet initialized>][mirai:at:1609323331] [不支持的消息#1221825435][mirai:image:{3C9C19AE-6DAF-3CEE-82D9-16163F90528C}.jpg, width=738, height=304, size=42874, type=PNG, isEmoji=false]
2023-09-06 00:48:42 V/Bot.2398493975: [獭獭云旅游军团@🎤啥(887156367)] 萝卜@萝卜軍団(690875992) -> [mirai:quote:[mirai:source:ids=[67448], internalIds=[-596842211], from 963423936 to 887156367 at 1693911021], content=<not yet initialized>][mirai:at:963423936] [mirai:image:{5EE38AAE-0520-4CE2-D395-EE789D2A2F99}.png, width=611, height=210, size=56819, type=PNG, isEmoji=false]
2023-09-06 00:51:38 V/Bot.2398493975: [獭獭云旅游军团@🎤啥(887156367)] タタ@獭獭·ω·咖波●ω●军团(1609323331) -> [mirai:image:{8AFCF605-FDCE-9015-3438-526A21D02EF5}.png, width=300, height=192, size=8379, type=JPG, isEmoji=true]
2023-09-06 00:52:58 V/Bot.2398493975: [獭獭云旅游军团@🎤啥(887156367)] タタ@獭獭·ω·咖波●ω●军团(1609323331) -> [mirai:image:{7B5D3D30-B14F-E26E-160F-1FD348E1D7CE}.png, width=1216, height=683, size=44443, type=JPG, isEmoji=false]
2023-09-06 00:53:45 V/Bot.2398493975: [獭獭云旅游军团@🎤啥(887156367)] zz@獺獺軍団(771507043) -> 哈哈，大丈夫博士
2023-09-06 00:54:16 V/Bot.2398493975: [獭獭云旅游军团@🎤啥(887156367)] zz@獺獺軍団(771507043) -> 忘了马娘这个选项概率是多少了，pawapuro应该是10%成功率
2023-09-06 00:55:53 V/Bot.2398493975: [獭獭云旅游军团@🎤啥(887156367)] zz@獺獺軍団(771507043) -> [mirai:quote:[mirai:source:ids=[67571], internalIds=[646839659], from 771507043 to 887156367 at 1693932855], content=<not yet initialized>]パワプロ居然有高达30的成功率，那估计马娘应该差不多
2023-09-06 00:58:51 V/Bot.2398493975: [獭獭云旅游军团@🎤啥(887156367)] タタ@獭獭·ω·咖波●ω●军团(1609323331) -> [mirai:image:{A08EDB48-3E40-677E-56B2-8C51207ABECF}.png, width=1668, height=2388, size=324952, type=JPG, isEmoji=false]
2023-09-06 00:58:52 V/Bot.2398493975: [獭獭云旅游军团@🎤啥(887156367)] タタ@獭獭·ω·咖波●ω●军团(1609323331) -> [mirai:image:{8AFCF605-FDCE-9015-3438-526A21D02EF5}.png, width=300, height=192, size=8379, type=JPG, isEmoji=true]
2023-09-06 01:00:11 V/Bot.2398493975: [獭獭云旅游军团@🎤啥(887156367)] 哭哭Kirin@被獭獭军团开除两次(472247053) -> [mirai:image:{8AFCF605-FDCE-9015-3438-526A21D02EF5}.png, width=300, height=192, size=8379, type=JPG, isEmoji=false]
2023-09-06 01:00:32 V/Bot.2398493975: [獭獭云旅游军团@🎤啥(887156367)] zz@獺獺軍団(771507043) -> [不支持的消息#-515797677][mirai:image:{5A5A5873-AD69-E395-655C-D389B38A38E8}.jpg, width=690, height=698, size=351138, type=PNG, isEmoji=false]
2023-09-06 01:00:40 V/Bot.2398493975: [獭獭云旅游军团@🎤啥(887156367)] 獭獭买锤子大臣@被獭獭军团开除(963423936) -> [不支持的消息#163631969][mirai:image:{8AFCF605-FDCE-9015-3438-526A21D02EF5}.jpg, width=300, height=192, size=8379, type=JPG, isEmoji=false]
2023-09-06 01:02:06 V/Bot.2398493975: [獭獭云旅游军团@🎤啥(887156367)] タタ@獭獭·ω·咖波●ω●军团(1609323331) -> [mirai:image:{8E46BDCC-F864-0DAC-9316-49418C527B39}.png, width=1668, height=2388, size=375481, type=JPG, isEmoji=false]
2023-09-06 01:05:29 V/Bot.2398493975: [獭獭云旅游军团@🎤啥(887156367)] zz@獺獺軍団(771507043) -> [mirai:quote:[mirai:source:ids=[67578], internalIds=[1145248599], from 1609323331 to 887156367 at 1693933326], content=<not yet initialized>][mirai:at:1609323331] 你26次育成出来两个3星蓝因子
2023-09-06 01:05:33 V/Bot.2398493975: [獭獭云旅游军团@🎤啥(887156367)] zz@獺獺軍団(771507043) -> 好狗
2023-09-06 01:06:21 V/Bot.2398493975: [獭獭云旅游军团@🎤啥(887156367)] タタ@獭獭·ω·咖波●ω●军团(1609323331) -> [mirai:image:{41FE2EEC-A45C-908B-F0EB-7218EA5FFC15}.png, width=770, height=316, size=42133, type=JPG, isEmoji=false]
2023-09-06 01:06:24 V/Bot.2398493975: [獭獭云旅游军团@🎤啥(887156367)] タタ@獭獭·ω·咖波●ω●军团(1609323331) -> 乌啦啦喜欢我
2023-09-06 01:06:27 V/Bot.2398493975: [獭獭云旅游军团@🎤啥(887156367)] タタ@獭獭·ω·咖波●ω●军团(1609323331) -> [mirai:image:{8AFCF605-FDCE-9015-3438-526A21D02EF5}.png, width=300, height=192, size=8379, type=JPG, isEmoji=true]
2023-09-06 01:06:36 V/Bot.2398493975: [獭獭云旅游军团@🎤啥(887156367)] zz@獺獺軍団(771507043) -> 3个
2023-09-06 01:06:48 V/Bot.2398493975: [獭獭云旅游军团@🎤啥(887156367)] zz@獺獺軍団(771507043) -> 为什么我1个都没有
2023-09-06 01:08:38 V/Bot.2398493975: [獭獭云旅游军团@🎤啥(887156367)] タタ@獭獭·ω·咖波●ω●军团(1609323331) -> [mirai:image:{BE7A2F97-E01A-13FA-7C2E-2FCA279F9F6D}.png, width=1668, height=2388, size=322390, type=JPG, isEmoji=false]
2023-09-06 01:09:35 V/Bot.2398493975: [獭獭云旅游军团@🎤啥(887156367)] タタ@獭獭·ω·咖波●ω●军团(1609323331) -> [mirai:image:{A9C10996-E880-3074-0B6E-7C29FB3E432F}.png, width=304, height=199, size=117662, type=GIF, isEmoji=true]
2023-09-06 01:09:59 V/Bot.2398493975: [獭獭云旅游军团@🎤啥(887156367)] タタ@獭獭·ω·咖波●ω●军团(1609323331) -> 铃鹿满破的人都被关注满了
2023-09-06 01:10:12 V/Bot.2398493975: [獭獭云旅游军团@🎤啥(887156367)] タタ@獭獭·ω·咖波●ω●军团(1609323331) -> 只关注到一个3破的
2023-09-06 01:10:29 V/Bot.2398493975: [獭獭云旅游军团@🎤啥(887156367)] zz@獺獺軍団(771507043) -> [mirai:quote:[mirai:source:ids=[67586], internalIds=[589302926], from 1609323331 to 887156367 at 1693933717], content=<not yet initialized>][mirai:at:1609323331] 我今天借了5次捏
2023-09-06 01:10:44 V/Bot.2398493975: [獭獭云旅游军团@🎤啥(887156367)] タタ@獭獭·ω·咖波●ω●军团(1609323331) -> [mirai:image:{717DB49B-8408-DA02-363B-BEE76B32679A}.png, width=480, height=360, size=145759, type=GIF, isEmoji=true]
2023-09-06 01:11:16 V/Bot.2398493975: [獭獭云旅游军团@🎤啥(887156367)] タタ@獭獭·ω·咖波●ω●军团(1609323331) -> 乌拉拉就是相性不够
2023-09-06 01:11:22 V/Bot.2398493975: [獭獭云旅游军团@🎤啥(887156367)] タタ@獭獭·ω·咖波●ω●军团(1609323331) -> 这只因子挺好的
2023-09-06 01:11:25 V/Bot.2398493975: [獭獭云旅游军团@🎤啥(887156367)] タタ@獭獭·ω·咖波●ω●军团(1609323331) -> [mirai:image:{A31463D2-BD3C-9584-ED1D-5DC6DABBAC1B}.png, width=150, height=150, size=855112, type=GIF, isEmoji=true]
2023-09-06 01:18:27 I/UnidbgFetchQsign: Bot(2398493975) request_token, submit success
2023-09-06 01:19:02 V/Bot.2398493975: [獭獭云旅游军团@🎤啥(887156367)] タタ@獭獭·ω·咖波●ω●军团(1609323331) -> [mirai:image:{41446322-F6D6-7657-FC35-A98F01FB5746}.jpg, width=700, height=1574, size=194229, type=JPG, isEmoji=false]
2023-09-06 01:19:16 V/Bot.2398493975: [獭獭云旅游军团@🎤啥(887156367)] タタ@獭獭·ω·咖波●ω●军团(1609323331) -> [mirai:image:{63984E25-23B0-CC96-2C45-20FDD0A7A585}.jpg, width=535, height=513, size=32812, type=JPG, isEmoji=false]
大蛇忘记打了
2023-09-06 01:20:17 V/Bot.2398493975: [獭獭云旅游军团@🎤啥(887156367)] zz@獺獺軍団(771507043) -> 今天的大蛇不是还有2小时吗
2023-09-06 01:32:30 V/Bot.2398493975: [獭獭云旅游军团@🎤啥(887156367)] タタ@獭獭·ω·咖波●ω●军团(1609323331) -> 这是谁啊[mirai:image:{DDF7E65B-B8CC-E50D-022E-F04F078DE9E2}.png, width=533, height=463, size=43804, type=JPG, isEmoji=false]
2023-09-06 01:32:37 V/Bot.2398493975: [獭獭云旅游军团@🎤啥(887156367)] タタ@獭獭·ω·咖波●ω●军团(1609323331) -> 哦看成时雨了
2023-09-06 01:32:39 V/Bot.2398493975: [獭獭云旅游军团@🎤啥(887156367)] タタ@獭獭·ω·咖波●ω●军团(1609323331) -> [mirai:image:{ECB1281E-E17C-F20E-0060-DA328002022A}.png, width=216, height=138, size=4514, type=JPG, isEmoji=true]
2023-09-06 01:34:13 V/Bot.2398493975: [獭獭云旅游军团@🎤啥(887156367)] zz@獺獺軍団(771507043) -> 双冠和三冠为什么自动选双冠[mirai:image:{5ADFD6FF-15ED-2B0F-A9C6-C327DC319448}.png, width=1284, height=2778, size=326269, type=JPG, isEmoji=false]
2023-09-06 01:35:06 V/Bot.2398493975: [獭獭云旅游军团@🎤啥(887156367)] タタ@獭獭·ω·咖波●ω●军团(1609323331) -> whywhy
2023-09-06 01:35:43 V/Bot.2398493975: [獭獭云旅游军团@🎤啥(887156367)] zz@獺獺軍団(771507043) -> （虽然日服就这样
2023-09-06 01:36:43 V/Bot.2398493975: [獭獭云旅游军团@🎤啥(887156367)] タタ@獭獭·ω·咖波●ω●军团(1609323331) -> 好好好 能打过hcl
2023-09-06 01:36:45 V/Bot.2398493975: [獭獭云旅游军团@🎤啥(887156367)] タタ@獭獭·ω·咖波●ω●军团(1609323331) -> 了
2023-09-06 01:36:48 V/Bot.2398493975: [獭獭云旅游军团@🎤啥(887156367)] zz@獺獺軍団(771507043) -> 而且为什么古马春秋三冠都是金称号，经典三冠是银称号
2023-09-06 01:41:50 V/Bot.2398493975: [獭獭云旅游军团@🎤啥(887156367)] タタ@獭獭·ω·咖波●ω●军团(1609323331) -> [mirai:image:{6DC64308-5373-7D40-3FCE-BA473067B7A9}.png, width=2388, height=1668, size=291073, type=JPG, isEmoji=false]
2023-09-06 01:41:51 V/Bot.2398493975: [獭獭云旅游军团@🎤啥(887156367)] タタ@獭獭·ω·咖波●ω●军团(1609323331) -> [mirai:image:{15530C6E-2E2B-8726-AC46-20AE8098381B}.png, width=174, height=172, size=5372, type=JPG, isEmoji=true]
2023-09-06 01:42:34 V/Bot.2398493975: [獭獭云旅游军团@🎤啥(887156367)] zz@獺獺軍団(771507043) -> 该凹一档了
2023-09-06 01:42:57 V/Bot.2398493975: [獭獭云旅游军团@🎤啥(887156367)] タタ@獭獭·ω·咖波●ω●军团(1609323331) -> 这个打哪关啊[mirai:image:{A14139F4-DCEA-717D-8F52-7B634B997F1D}.png, width=2388, height=1668, size=474140, type=JPG, isEmoji=false]
2023-09-06 01:43:00 V/Bot.2398493975: [獭獭云旅游军团@🎤啥(887156367)] タタ@獭獭·ω·咖波●ω●军团(1609323331) -> 没找到小混混
2023-09-06 01:44:10 V/Bot.2398493975: [獭獭云旅游军团@🎤啥(887156367)] zz@獺獺軍団(771507043) -> 3图？
2023-09-06 01:44:36 V/Bot.2398493975: [獭獭云旅游军团@🎤啥(887156367)] zz@獺獺軍団(771507043) -> 每个图随便看一关的敌人信息就有了吧
2023-09-06 01:45:42 V/Bot.2398493975: [獭獭云旅游军团@🎤啥(887156367)] タタ@獭獭·ω·咖波●ω●军团(1609323331) -> [mirai:image:{74626B7C-EDFD-0577-2BFC-6067DF3CD7B0}.png, width=2388, height=1668, size=411054, type=JPG, isEmoji=false]
2023-09-06 01:45:42 V/Bot.2398493975: [獭獭云旅游军团@🎤啥(887156367)] タタ@獭獭·ω·咖波●ω●军团(1609323331) -> [mirai:image:{218CCB8F-F4F5-44D7-FD3C-8A84BF95230E}.png, width=2388, height=1668, size=417882, type=JPG, isEmoji=false]
2023-09-06 01:45:48 V/Bot.2398493975: [獭獭云旅游军团@🎤啥(887156367)] タタ@獭獭·ω·咖波●ω●军团(1609323331) -> 不会被抓起来嘛
2023-09-06 01:45:53 V/Bot.2398493975: [獭獭云旅游军团@🎤啥(887156367)] zz@獺獺軍団(771507043) -> 看了一眼是2图
2023-09-06 01:46:01 V/Bot.2398493975: [獭獭云旅游军团@🎤啥(887156367)] タタ@獭獭·ω·咖波●ω●军团(1609323331) -> [mirai:image:{8E8EE31B-F3FE-7CCB-7540-8C5989A747A0}.png, width=2388, height=1668, size=409623, type=JPG, isEmoji=false]
2023-09-06 01:46:17 V/Bot.2398493975: [獭獭云旅游军团@🎤啥(887156367)] タタ@獭獭·ω·咖波●ω●军团(1609323331) -> 都掏枪了，还付什么款
2023-09-06 01:46:22 V/Bot.2398493975: [獭獭云旅游军团@🎤啥(887156367)] タタ@獭獭·ω·咖波●ω●军团(1609323331) -> [mirai:image:{217DA165-D46A-8E3E-25F3-56A3137987A6}.png, width=512, height=512, size=198717, type=GIF, isEmoji=true]
2023-09-06 01:46:26 V/Bot.2398493975: [獭獭云旅游军团@🎤啥(887156367)] zz@獺獺軍団(771507043) -> 基沃托斯的公交当然可以带枪
2023-09-06 01:48:22 V/Bot.2398493975: [獭獭云旅游军团@🎤啥(887156367)] タタ@獭獭·ω·咖波●ω●军团(1609323331) -> 这帮人什么时候开运动会[mirai:image:{B44793D6-C899-BE29-5B95-9FD78AC35CFA}.png, width=2388, height=1668, size=458453, type=JPG, isEmoji=false]
2023-09-06 01:48:24 V/Bot.2398493975: [獭獭云旅游军团@🎤啥(887156367)] タタ@獭獭·ω·咖波●ω●军团(1609323331) -> 我好急
2023-09-06 01:48:33 V/Bot.2398493975: [獭獭云旅游军团@🎤啥(887156367)] タタ@獭獭·ω·咖波●ω●军团(1609323331) -> momoji可以滚了，一张彩没有
2023-09-06 01:48:40 V/Bot.2398493975: [獭獭云旅游军团@🎤啥(887156367)] タタ@獭獭·ω·咖波●ω●军团(1609323331) -> [mirai:image:{5C7A54E9-8640-F26B-851D-C9A1902DB739}.png, width=384, height=384, size=18341, type=JPG, isEmoji=true]
2023-09-06 01:49:06 V/Bot.2398493975: [獭獭云旅游军团@🎤啥(887156367)] zz@獺獺軍団(771507043) -> [mirai:quote:[mirai:source:ids=[67622], internalIds=[1673861813], from 1609323331 to 887156367 at 1693936102], content=<not yet initialized>][mirai:at:1609323331] 所以右边这个人应援团服怎么就会穿了
2023-09-06 01:49:36 V/Bot.2398493975: [獭獭云旅游军团@🎤啥(887156367)] zz@獺獺軍団(771507043) -> [mirai:quote:[mirai:source:ids=[67624], internalIds=[1758542847], from 1609323331 to 887156367 at 1693936113], content=<not yet initialized>][mirai:at:1609323331] momoji？
2023-09-06 01:50:22 V/Bot.2398493975: [獭獭云旅游军团@🎤啥(887156367)] タタ@獭獭·ω·咖波●ω●军团(1609323331) -> 打错了
2023-09-06 01:50:25 V/Bot.2398493975: [獭獭云旅游军团@🎤啥(887156367)] タタ@獭獭·ω·咖波●ω●军团(1609323331) -> [mirai:image:{3FCDA208-5B5D-3642-5219-949E4B2512EA}.png, width=328, height=300, size=47813, type=GIF, isEmoji=true]
2023-09-06 01:50:58 V/Bot.2398493975: [獭獭云旅游军团@🎤啥(887156367)] タタ@獭獭·ω·咖波●ω●军团(1609323331) -> 爱丽丝•彭德拉跟[mirai:image:{635B1B4D-225D-5413-ECA1-AA1529EF2959}.png, width=2388, height=1668, size=375489, type=JPG, isEmoji=false]
2023-09-06 01:54:46 V/Bot.2398493975: [獭獭云旅游军团@🎤啥(887156367)] タタ@獭獭·ω·咖波●ω●军团(1609323331) -> [mirai:image:{47D9BEE7-CA87-C51F-C189-3EA1D9A7C118}.png, width=200, height=157, size=70949, type=GIF, isEmoji=true]
2023-09-06 01:54:50 V/Bot.2398493975: [獭獭云旅游军团@🎤啥(887156367)] タタ@獭獭·ω·咖波●ω●军团(1609323331) -> 我要抽爱丽丝
2023-09-06 01:55:41 V/Bot.2398493975: [獭獭云旅游军团@🎤啥(887156367)] タタ@獭獭·ω·咖波●ω●军团(1609323331) -> 好像不亏[mirai:image:{B290F035-5E80-44F8-2C31-FC8B660CF46D}.png, width=2388, height=1668, size=200900, type=JPG, isEmoji=false]
2023-09-06 01:57:14 V/Bot.2398493975: [獭獭云旅游军团@🎤啥(887156367)] タタ@獭獭·ω·咖波●ω●军团(1609323331) -> [mirai:image:{84414E51-FD63-842C-BF37-CE615C945A7A}.png, width=2388, height=1668, size=207862, type=JPG, isEmoji=false]
2023-09-06 01:57:19 V/Bot.2398493975: [獭獭云旅游军团@🎤啥(887156367)] タタ@獭獭·ω·咖波●ω●军团(1609323331) -> [mirai:image:{05919B55-D12E-11BD-7C76-D06FAD553D12}.png, width=370, height=296, size=100522, type=GIF, isEmoji=true]
2023-09-06 01:57:31 V/Bot.2398493975: [獭獭云旅游军团@🎤啥(887156367)] zz@獺獺軍団(771507043) -> ？
2023-09-06 01:57:48 V/Bot.2398493975: [獭獭云旅游军团@🎤啥(887156367)] タタ@獭獭·ω·咖波●ω●军团(1609323331) -> 拿马娘运气换的
2023-09-06 01:57:50 V/Bot.2398493975: [獭獭云旅游军团@🎤啥(887156367)] タタ@獭獭·ω·咖波●ω●军团(1609323331) -> [mirai:image:{05919B55-D12E-11BD-7C76-D06FAD553D12}.png, width=370, height=296, size=100522, type=GIF, isEmoji=true]
2023-09-06 01:58:31 V/Bot.2398493975: [獭獭云旅游军团@🎤啥(887156367)] タタ@獭獭·ω·咖波●ω●军团(1609323331) -> 十连券用完了
2023-09-06 01:58:33 V/Bot.2398493975: [獭獭云旅游军团@🎤啥(887156367)] タタ@獭獭·ω·咖波●ω●军团(1609323331) -> [mirai:image:{7B4FAB6B-0BA8-0F4C-F8DC-B2AF31AB603E}.png, width=512, height=512, size=192357, type=GIF, isEmoji=true]
2023-09-06 01:58:33 I/UnidbgFetchQsign: Bot(2398493975) request_token, submit success
2023-09-06 01:58:40 V/Bot.2398493975: [獭獭云旅游军团@🎤啥(887156367)] タタ@獭獭·ω·咖波●ω●军团(1609323331) -> 钻没变
2023-09-06 01:59:08 V/Bot.2398493975: [獭獭云旅游军团@🎤啥(887156367)] zz@獺獺軍団(771507043) -> [mirai:quote:[mirai:source:ids=[67637], internalIds=[629564112], from 1609323331 to 887156367 at 1693936668], content=<not yet initialized>][mirai:at:1609323331] ？你马娘那么多三星因子
2023-09-06 01:59:40 V/Bot.2398493975: [獭獭云旅游军团@🎤啥(887156367)] タタ@獭獭·ω·咖波●ω●军团(1609323331) -> 写了三次光よ
2023-09-06 01:59:51 V/Bot.2398493975: [獭獭云旅游军团@🎤啥(887156367)] タタ@獭獭·ω·咖波●ω●军团(1609323331) -> 两次AL-1S
2023-09-06 01:59:53 V/Bot.2398493975: [獭獭云旅游军团@🎤啥(887156367)] タタ@獭獭·ω·咖波●ω●军团(1609323331) -> 就出了
2023-09-06 02:00:03 V/Bot.2398493975: [獭獭云旅游军团@🎤啥(887156367)] タタ@獭獭·ω·咖波●ω●军团(1609323331) -> [mirai:image:{2B7FD239-0169-9344-5180-2885FB921474}.png, width=368, height=290, size=36868, type=GIF, isEmoji=true]
2023-09-06 02:02:04 V/Bot.2398493975: [獭獭云旅游军团@🎤啥(887156367)] zz@獺獺軍団(771507043) -> [mirai:image:{0B5F46B3-80DA-9AE9-BF38-88A54A1712BB}.png, width=2778, height=1284, size=203219, type=JPG, isEmoji=false]
2023-09-06 02:02:29 V/Bot.2398493975: [獭獭云旅游军团@🎤啥(887156367)] タタ@獭獭·ω·咖波●ω●军团(1609323331) -> 你怎么掉入獭獭陷阱了
2023-09-06 02:02:35 V/Bot.2398493975: [獭獭云旅游军团@🎤啥(887156367)] タタ@獭獭·ω·咖波●ω●军团(1609323331) -> [mirai:image:{008C2376-1F1D-91C6-1F8E-70B1D9805F1B}.png, width=20, height=20, size=322, type=GIF, isEmoji=true]
2023-09-06 02:03:35 V/Bot.2398493975: [獭獭云旅游军团@🎤啥(887156367)] zz@獺獺軍団(771507043) -> [mirai:image:{3274E2AC-0361-475D-2AD5-6FE4AB1B5C53}.png, width=2778, height=1284, size=218629, type=JPG, isEmoji=false]
2023-09-06 02:03:50 V/Bot.2398493975: [獭獭云旅游军团@🎤啥(887156367)] タタ@獭獭·ω·咖波●ω●军团(1609323331) -> 我前四十连啥都没有
2023-09-06 02:03:53 V/Bot.2398493975: [獭獭云旅游军团@🎤啥(887156367)] タタ@獭獭·ω·咖波●ω●军团(1609323331) -> [mirai:image:{A31463D2-BD3C-9584-ED1D-5DC6DABBAC1B}.png, width=150, height=150, size=855112, type=GIF, isEmoji=true]
2023-09-06 02:03:59 V/Bot.2398493975: [獭獭云旅游军团@🎤啥(887156367)] タタ@獭獭·ω·咖波●ω●军团(1609323331) -> 哦有个momoi
2023-09-06 02:04:53 V/Bot.2398493975: [獭獭云旅游军团@🎤啥(887156367)] zz@獺獺軍団(771507043) -> [mirai:image:{2FA74B32-E155-EA7D-86E9-D7375A6656F0}.png, width=2778, height=1284, size=219467, type=JPG, isEmoji=false]
2023-09-06 02:05:00 V/Bot.2398493975: [獭獭云旅游军团@🎤啥(887156367)] タタ@獭獭·ω·咖波●ω●军团(1609323331) -> [mirai:image:{8BF34B10-19C1-4195-5866-6DDB73A903D8}.png, width=249, height=188, size=54265, type=GIF, isEmoji=true]
2023-09-06 02:05:05 V/Bot.2398493975: [獭獭云旅游军团@🎤啥(887156367)] タタ@獭獭·ω·咖波●ω●军团(1609323331) -> 你new呢
2023-09-06 02:05:14 V/Bot.2398493975: [獭獭云旅游军团@🎤啥(887156367)] zz@獺獺軍団(771507043) -> 123是new捏
2023-09-06 02:06:03 V/Bot.2398493975: [獭獭云旅游军团@🎤啥(887156367)] zz@獺獺軍団(771507043) -> [mirai:image:{749C2122-4E83-D192-82B4-181B8E6B9795}.png, width=2778, height=1284, size=251536, type=JPG, isEmoji=false]
2023-09-06 02:06:07 V/Bot.2398493975: [獭獭云旅游军团@🎤啥(887156367)] zz@獺獺軍団(771507043) -> 我pu呢
2023-09-06 02:06:15 V/Bot.2398493975: [獭獭云旅游军团@🎤啥(887156367)] zz@獺獺軍団(771507043) -> 三星倒挺多的
2023-09-06 02:07:12 V/Bot.2398493975: [獭獭云旅游军团@🎤啥(887156367)] タタ@獭獭·ω·咖波●ω●军团(1609323331) -> [mirai:image:{8BF34B10-19C1-4195-5866-6DDB73A903D8}.png, width=249, height=188, size=54265, type=GIF, isEmoji=true]
2023-09-06 02:07:19 V/Bot.2398493975: [獭獭云旅游军团@🎤啥(887156367)] タタ@獭獭·ω·咖波●ω●军团(1609323331) -> 分你一个爱丽丝
2023-09-06 02:07:23 V/Bot.2398493975: [獭獭云旅游军团@🎤啥(887156367)] タタ@獭獭·ω·咖波●ω●军团(1609323331) -> 给我几个new
2023-09-06 02:07:25 V/Bot.2398493975: [獭獭云旅游军团@🎤啥(887156367)] タタ@獭獭·ω·咖波●ω●军团(1609323331) -> [mirai:image:{47D9BEE7-CA87-C51F-C189-3EA1D9A7C118}.png, width=200, height=157, size=70949, type=GIF, isEmoji=true]
2023-09-06 02:08:52 V/Bot.2398493975: [獭獭云旅游军团@🎤啥(887156367)] zz@獺獺軍団(771507043) -> [mirai:image:{6AAF66B8-7BAC-8B71-2C01-9D7F70CBD2D0}.png, width=2778, height=1284, size=213949, type=JPG, isEmoji=false]
2023-09-06 02:09:55 V/Bot.2398493975: [獭獭云旅游军团@🎤啥(887156367)] zz@獺獺軍団(771507043) -> 还说咖啡厅怎么亮了，一看里面有个123
2023-09-06 02:17:07 V/Bot.2398493975: [獭獭云旅游军团@🎤啥(887156367)] hzc@獭獭軍団二度受(2384102753) -> 啊
2023-09-06 02:17:13 V/Bot.2398493975: [獭獭云旅游军团@🎤啥(887156367)] hzc@獭獭軍団二度受(2384102753) -> 你们怎么开抽了
2023-09-06 02:18:45 V/Bot.2398493975: [獭獭云旅游军团@🎤啥(887156367)] hzc@獭獭軍団二度受(2384102753) -> Dante之前是伊织的 变真寄了
2023-09-06 02:18:58 V/Bot.2398493975: [獭獭云旅游军团@🎤啥(887156367)] hzc@獭獭軍団二度受(2384102753) -> 每次都用他的
2023-09-06 02:19:47 V/Bot.2398493975: [獭獭云旅游军团@🎤啥(887156367)] hzc@獭獭軍団二度受(2384102753) -> 完了 我就640w
2023-09-06 02:19:54 V/Bot.2398493975: [獭獭云旅游军团@🎤啥(887156367)] タタ@獭獭·ω·咖波●ω●军团(1609323331) -> 只要二档不是想抽啥抽啥
2023-09-06 02:19:57 V/Bot.2398493975: [獭獭云旅游军团@🎤啥(887156367)] タタ@獭獭·ω·咖波●ω●军团(1609323331) -> [mirai:image:{8AFCF605-FDCE-9015-3438-526A21D02EF5}.png, width=300, height=192, size=8379, type=JPG, isEmoji=true]
2023-09-06 02:20:02 V/Bot.2398493975: [獭獭云旅游军团@🎤啥(887156367)] タタ@獭獭·ω·咖波●ω●军团(1609323331) -> 我660多
2023-09-06 02:20:06 V/Bot.2398493975: [獭獭云旅游军团@🎤啥(887156367)] タタ@獭獭·ω·咖波●ω●军团(1609323331) -> 661
2023-09-06 02:20:33 V/Bot.2398493975: [獭獭云旅游军团@🎤啥(887156367)] タタ@獭獭·ω·咖波●ω●军团(1609323331) -> 你把小玉拉三星升14技能
2023-09-06 02:20:44 V/Bot.2398493975: [獭獭云旅游军团@🎤啥(887156367)] タタ@獭獭·ω·咖波●ω●军团(1609323331) -> 女仆ex升3级
2023-09-06 02:21:08 V/Bot.2398493975: [獭獭云旅游军团@🎤啥(887156367)] タタ@獭獭·ω·咖波●ω●军团(1609323331) -> 随便打捏
2023-09-06 02:21:12 V/Bot.2398493975: [獭獭云旅游军团@🎤啥(887156367)] タタ@獭獭·ω·咖波●ω●军团(1609323331) -> [mirai:image:{100C172F-B822-10F7-B7AA-AEB0CDC904DD}.png, width=350, height=300, size=119247, type=GIF, isEmoji=true]
2023-09-06 02:21:18 V/Bot.2398493975: [獭獭云旅游军团@🎤啥(887156367)] zz@獺獺軍団(771507043) -> [mirai:quote:[mirai:source:ids=[67669], internalIds=[-1760157889], from 2384102753 to 887156367 at 1693937924], content=<not yet initialized>][mirai:at:2384102753] 他两个都挂的捏
2023-09-06 02:24:04 V/Bot.2398493975: [獭獭云旅游军团@🎤啥(887156367)] タタ@獭獭·ω·咖波●ω●军团(1609323331) -> 一说是鲤鱼就感觉这个声音好憨啊[mirai:image:{B778A1FD-84F8-D1DA-2DE4-8CE7DAFCDC3B}.png, width=2388, height=1668, size=443208, type=JPG, isEmoji=false]
2023-09-06 02:28:52 V/Bot.2398493975: [獭獭云旅游军团@🎤啥(887156367)] hzc@獭獭軍団二度受(2384102753) -> 感觉一档最多一刀
2023-09-06 02:29:01 V/Bot.2398493975: [獭獭云旅游军团@🎤啥(887156367)] hzc@獭獭軍団二度受(2384102753) -> 两刀不行
2023-09-06 02:30:01 V/Bot.2398493975: [獭獭云旅游军团@🎤啥(887156367)] hzc@獭獭軍団二度受(2384102753) -> 直接开摆
2023-09-06 02:38:34 I/UnidbgFetchQsign: Bot(2398493975) request_token, submit success
2023-09-06 03:18:35 I/UnidbgFetchQsign: Bot(2398493975) request_token, submit success
2023-09-06 03:58:41 I/UnidbgFetchQsign: Bot(2398493975) request_token, submit success
2023-09-06 04:38:41 I/UnidbgFetchQsign: Bot(2398493975) request_token, submit success
2023-09-06 05:18:42 I/UnidbgFetchQsign: Bot(2398493975) request_token, submit success
2023-09-06 05:58:48 I/UnidbgFetchQsign: Bot(2398493975) request_token, submit success
2023-09-06 06:38:49 I/UnidbgFetchQsign: Bot(2398493975) request_token, submit success
2023-09-06 07:18:50 I/UnidbgFetchQsign: Bot(2398493975) request_token, submit success
2023-09-06 07:58:56 I/UnidbgFetchQsign: Bot(2398493975) request_token, submit success
2023-09-06 08:38:56 I/UnidbgFetchQsign: Bot(2398493975) request_token, submit success
2023-09-06 08:45:38 V/Bot.2398493975: [SHT荔枝麻酱协会(493057481)] N！T！R！！！(269418386) -> [mirai:image:{A6B2B105-046E-3E99-2C3A-72C37D2E3CBF}.png, width=355, height=309, size=25541, type=PNG, isEmoji=false]
2023-09-06 08:45:43 V/Bot.2398493975: [SHT荔枝麻酱协会(493057481)] N！T！R！！！(269418386) -> 好图收了
2023-09-06 08:49:46 V/Bot.2398493975: [SHT荔枝麻酱协会(493057481)] 太空军校生(2727776885) -> ！jrrp
2023-09-06 08:49:47 V/Bot.2398493975: Group(493057481) <- 今日人品：吉
今日适宜役种：对对和
(为防止刷屏，一日内不可多次查询哦！)
2023-09-06 08:53:16 V/Bot.2398493975: [SHT荔枝麻酱协会(493057481)] 牙牙(1105692313) -> ！jrrp
2023-09-06 08:53:17 V/Bot.2398493975: Group(493057481) <- 今日人品：大吉
今日适宜役种：流局满贯
(为防止刷屏，一日内不可多次查询哦！)
2023-09-06 08:57:08 V/Bot.2398493975: [SHT荔枝麻酱协会(493057481)] naf2021(3469392519) -> ！jrrp
2023-09-06 08:57:09 V/Bot.2398493975: Group(493057481) <- 今日人品：吉
今日适宜役种：一杯口
(为防止刷屏，一日内不可多次查询哦！)
2023-09-06 09:12:02 V/Bot.2398493975: [SHT荔枝麻酱协会(493057481)] 殒落凡尘的星(2510816477) -> ！jrrp
2023-09-06 09:12:03 V/Bot.2398493975: Group(493057481) <- 今日人品：吉
今日适宜役种：一杯口
(为防止刷屏，一日内不可多次查询哦！)
2023-09-06 09:13:17 V/Bot.2398493975: [SHT荔枝麻酱协会(493057481)] 优雅猛牛(695150175) -> ！jrrp
2023-09-06 09:13:18 V/Bot.2398493975: Group(493057481) <- 今日人品：小吉
今日适宜役种：三杠子
(为防止刷屏，一日内不可多次查询哦！)
2023-09-06 09:18:57 I/UnidbgFetchQsign: Bot(2398493975) request_token, submit success
2023-09-06 09:21:19 V/Bot.2398493975: [SHT荔枝麻酱协会(493057481)] 隔壁老王(297234073) -> ！jrrp
2023-09-06 09:21:20 V/Bot.2398493975: Group(493057481) <- 今日人品：吉
今日适宜役种：一杯口
(为防止刷屏，一日内不可多次查询哦！)
2023-09-06 09:21:29 V/Bot.2398493975: [SHT荔枝麻酱协会(493057481)] 1st(576851388) -> ！jrrp
2023-09-06 09:21:30 V/Bot.2398493975: Group(493057481) <- 今日人品：吉
今日适宜役种：三色同顺
(为防止刷屏，一日内不可多次查询哦！)
2023-09-06 09:25:00 V/Bot.2398493975: [SHT荔枝麻酱协会(493057481)] Ares(2304847556) -> ！jrrp
2023-09-06 09:25:01 V/Bot.2398493975: Group(493057481) <- 今日人品：吉
今日适宜役种：一杯口
(为防止刷屏，一日内不可多次查询哦！)
2023-09-06 09:27:51 V/Bot.2398493975: [SHT荔枝麻酱协会(493057481)] hzc(2384102753) -> ！jrrp
2023-09-06 09:27:52 V/Bot.2398493975: Group(493057481) <- 今日人品：大凶
今日适宜役种：今日不宜打麻将~
(为防止刷屏，一日内不可多次查询哦！)
2023-09-06 09:28:04 V/Bot.2398493975: [SHT荔枝麻酱协会(493057481)] hzc(2384102753) -> ？
2023-09-06 09:40:48 V/Bot.2398493975: [SHT荔枝麻酱协会(493057481)] Hatsune(467091276) -> [mirai:image:{3C18E326-9456-63D4-2D02-9D3CC33D03DE}.jpg, width=467, height=445, size=38433, type=JPG, isEmoji=true]
2023-09-06 09:41:12 V/Bot.2398493975: [SHT荔枝麻酱协会(493057481)] Hatsune(467091276) -> 笑死
2023-09-06 09:59:03 I/UnidbgFetchQsign: Bot(2398493975) request_token, submit success
2023-09-06 10:18:00 E/mirai-login-solver-sakura: [id: 0x2bf0c8ee, L:/192.168.0.89:22333 - R:/194.146.50.169:57426] [exceptionCaught]
java.net.SocketException: Connection reset
	at java.base/sun.nio.ch.SocketChannelImpl.throwConnectionReset(SocketChannelImpl.java:394)
	at java.base/sun.nio.ch.SocketChannelImpl.read(SocketChannelImpl.java:426)
	at mirai-login-solver-sakura-0.0.11.mirai2.jar[private]//io.netty.buffer.PooledByteBuf.setBytes(PooledByteBuf.java:259)
	at mirai-login-solver-sakura-0.0.11.mirai2.jar[private]//io.netty.buffer.AbstractByteBuf.writeBytes(AbstractByteBuf.java:1132)
	at mirai-login-solver-sakura-0.0.11.mirai2.jar[private]//io.netty.channel.socket.nio.NioSocketChannel.doReadBytes(NioSocketChannel.java:357)
	at mirai-login-solver-sakura-0.0.11.mirai2.jar[private]//io.netty.channel.nio.AbstractNioByteChannel$NioByteUnsafe.read(AbstractNioByteChannel.java:151)
	at mirai-login-solver-sakura-0.0.11.mirai2.jar[private]//io.netty.channel.nio.NioEventLoop.processSelectedKey(NioEventLoop.java:788)
	at mirai-login-solver-sakura-0.0.11.mirai2.jar[private]//io.netty.channel.nio.NioEventLoop.processSelectedKeysOptimized(NioEventLoop.java:724)
	at mirai-login-solver-sakura-0.0.11.mirai2.jar[private]//io.netty.channel.nio.NioEventLoop.processSelectedKeys(NioEventLoop.java:650)
	at mirai-login-solver-sakura-0.0.11.mirai2.jar[private]//io.netty.channel.nio.NioEventLoop.run(NioEventLoop.java:562)
	at mirai-login-solver-sakura-0.0.11.mirai2.jar[private]//io.netty.util.concurrent.SingleThreadEventExecutor$4.run(SingleThreadEventExecutor.java:997)
	at mirai-login-solver-sakura-0.0.11.mirai2.jar[private]//io.netty.util.internal.ThreadExecutorMap$2.run(ThreadExecutorMap.java:74)
	at java.base/java.lang.Thread.run(Thread.java:833)

2023-09-06 10:18:00 W/io.netty.channel.DefaultChannelPipeline: An exceptionCaught() event was fired, and it reached at the tail of the pipeline. It usually means the last handler in the pipeline did not handle the exception.
java.net.SocketException: Connection reset
	at java.base/sun.nio.ch.SocketChannelImpl.throwConnectionReset(SocketChannelImpl.java:394)
	at java.base/sun.nio.ch.SocketChannelImpl.read(SocketChannelImpl.java:426)
	at mirai-login-solver-sakura-0.0.11.mirai2.jar[private]//io.netty.buffer.PooledByteBuf.setBytes(PooledByteBuf.java:259)
	at mirai-login-solver-sakura-0.0.11.mirai2.jar[private]//io.netty.buffer.AbstractByteBuf.writeBytes(AbstractByteBuf.java:1132)
	at mirai-login-solver-sakura-0.0.11.mirai2.jar[private]//io.netty.channel.socket.nio.NioSocketChannel.doReadBytes(NioSocketChannel.java:357)
	at mirai-login-solver-sakura-0.0.11.mirai2.jar[private]//io.netty.channel.nio.AbstractNioByteChannel$NioByteUnsafe.read(AbstractNioByteChannel.java:151)
	at mirai-login-solver-sakura-0.0.11.mirai2.jar[private]//io.netty.channel.nio.NioEventLoop.processSelectedKey(NioEventLoop.java:788)
	at mirai-login-solver-sakura-0.0.11.mirai2.jar[private]//io.netty.channel.nio.NioEventLoop.processSelectedKeysOptimized(NioEventLoop.java:724)
	at mirai-login-solver-sakura-0.0.11.mirai2.jar[private]//io.netty.channel.nio.NioEventLoop.processSelectedKeys(NioEventLoop.java:650)
	at mirai-login-solver-sakura-0.0.11.mirai2.jar[private]//io.netty.channel.nio.NioEventLoop.run(NioEventLoop.java:562)
	at mirai-login-solver-sakura-0.0.11.mirai2.jar[private]//io.netty.util.concurrent.SingleThreadEventExecutor$4.run(SingleThreadEventExecutor.java:997)
	at mirai-login-solver-sakura-0.0.11.mirai2.jar[private]//io.netty.util.internal.ThreadExecutorMap$2.run(ThreadExecutorMap.java:74)
	at java.base/java.lang.Thread.run(Thread.java:833)

2023-09-06 10:39:04 I/UnidbgFetchQsign: Bot(2398493975) request_token, submit success
2023-09-06 10:40:35 V/Bot.2398493975: [SHT荔枝麻酱协会(493057481)] 优雅猛牛(695150175) -> [mirai:image:{CCACC7B4-EC8F-BD32-6E4E-3F0032AC1221}.jpg, width=934, height=882, size=56324, type=JPG, isEmoji=false]
2023-09-06 10:44:05 V/Bot.2398493975: [SHT荔枝麻酱协会(493057481)] ライちゃん(392595084) -> ！jrrp
2023-09-06 10:44:07 V/Bot.2398493975: Group(493057481) <- 今日人品：吉
今日适宜役种：断幺九
(为防止刷屏，一日内不可多次查询哦！)
2023-09-06 10:49:56 V/Bot.2398493975: [SHT荔枝麻酱协会(493057481)] Reversion(2987221272) -> !jrrp
2023-09-06 10:49:57 V/Bot.2398493975: Group(493057481) <- 今日人品：吉
今日适宜役种：一杯口
(为防止刷屏，一日内不可多次查询哦！)
2023-09-06 10:51:35 V/Bot.2398493975: Event: BotOfflineEvent.Dropped(bot=Bot(2398493975), cause=net.mamoe.mirai.internal.network.components.PacketCodecException: java.lang.IllegalStateException: Received packet returnCode = -10008, which may mean session expired., reconnect=true)
2023-09-06 10:51:35 W/Bot.2398493975: Connection lost, reconnecting... (net.mamoe.mirai.internal.network.components.PacketCodecException: java.lang.IllegalStateException: Received packet returnCode = -10008, which may mean session expired.)
2023-09-06 10:51:36 I/UnidbgFetchQsign: Bot(2398493975) initialize by http://127.0.0.1:8080
2023-09-06 10:51:36 I/UnidbgFetchQsign: Bot(2398493975) initialize complete
2023-09-06 10:51:37 I/Bot.2398493975: Saved account secrets to local cache for fast login.
2023-09-06 10:51:38 I/Bot.2398493975: Login successful.
2023-09-06 10:51:38 V/Bot.2398493975: Event: BotOnlineEvent(bot=Bot(2398493975))
2023-09-06 10:51:38 V/Bot.2398493975: Event: BotReloginEvent(bot=Bot(2398493975), cause=null)
2023-09-06 10:51:38 I/Bot.2398493975: Reconnected successfully in 2.464s.
2023-09-06 11:19:05 I/UnidbgFetchQsign: Bot(2398493975) request_token, submit success
2023-09-06 11:59:11 I/UnidbgFetchQsign: Bot(2398493975) request_token, submit success
2023-09-06 12:20:16 V/Bot.2398493975: [SHT荔枝麻酱协会(493057481)] 4000all！(1846411487) -> ！jrrp
2023-09-06 12:20:18 V/Bot.2398493975: Group(493057481) <- 今日人品：吉
今日适宜役种：一杯口
(为防止刷屏，一日内不可多次查询哦！)
2023-09-06 12:39:12 I/UnidbgFetchQsign: Bot(2398493975) request_token, submit success
2023-09-06 13:19:12 I/UnidbgFetchQsign: Bot(2398493975) request_token, submit success
2023-09-06 13:39:49 V/Bot.2398493975: [獭獭云旅游军团@🎤啥(887156367)] タタ@獭獭·ω·咖波●ω●军团(1609323331) -> [mirai:image:{FE5A7458-DFFF-4202-CBC9-76A71184C67A}.png, width=1125, height=1068, size=147691, type=JPG, isEmoji=false]
2023-09-06 13:39:53 V/Bot.2398493975: [獭獭云旅游军团@🎤啥(887156367)] タタ@獭獭·ω·咖波●ω●军团(1609323331) -> [mirai:image:{8AFCF605-FDCE-9015-3438-526A21D02EF5}.png, width=300, height=192, size=8379, type=JPG, isEmoji=true]
2023-09-06 13:40:48 V/Bot.2398493975: [獭獭云旅游军团@🎤啥(887156367)] lax@牛牛道心破碎军团(269418386) -> [mirai:image:{2E08BB5E-2708-7C80-0D61-DCB830B10C28}.png, width=660, height=609, size=632603, type=PNG, isEmoji=true]
2023-09-06 13:41:31 V/Bot.2398493975: [獭獭云旅游军团@🎤啥(887156367)] タタ@獭獭·ω·咖波●ω●军团(1609323331) -> [mirai:image:{AF3F0834-CE1A-C9F1-3942-926C0C79FF9F}.png, width=150, height=150, size=5701, type=JPG, isEmoji=true]
2023-09-06 13:42:36 V/Bot.2398493975: [獭獭云旅游军团@🎤啥(887156367)] Freeze_Kirin(768173212) -> ？
2023-09-06 13:42:38 V/Bot.2398493975: [獭獭云旅游军团@🎤啥(887156367)] lax@牛牛道心破碎军团(269418386) -> [mirai:image:{36A66370-D1BD-0B88-AD1A-B9AAE27F2F6C}.jpg, width=200, height=200, size=10276, type=JPG, isEmoji=true]
2023-09-06 13:44:04 V/Bot.2398493975: [獭獭云旅游军团@🎤啥(887156367)] タタ@獭獭·ω·咖波●ω●军团(1609323331) -> [mirai:image:{22CDD588-9F4B-5F9F-70D2-274ACADF2594}.png, width=240, height=240, size=8958, type=GIF, isEmoji=true]
2023-09-06 13:59:18 I/UnidbgFetchQsign: Bot(2398493975) request_token, submit success
2023-09-06 14:11:26 V/Bot.2398493975: [獭獭云旅游军团@🎤啥(887156367)] hzc@獭獭軍団二度受(2384102753) -> [mirai:image:{FAACE5DF-0A8D-51F8-F368-4276BCDCB974}.png, width=300, height=192, size=8379, type=JPG, isEmoji=true]
2023-09-06 14:11:37 V/Bot.2398493975: [獭獭云旅游军团@🎤啥(887156367)] hzc@獭獭軍団二度受(2384102753) -> 好困 快睡着了
2023-09-06 14:13:48 V/Bot.2398493975: [獭獭云旅游军团@🎤啥(887156367)] タタ@獭獭·ω·咖波●ω●军团(1609323331) -> 獭獭陪你睡
2023-09-06 14:13:50 V/Bot.2398493975: [獭獭云旅游军团@🎤啥(887156367)] タタ@獭獭·ω·咖波●ω●军团(1609323331) -> [mirai:image:{8AFCF605-FDCE-9015-3438-526A21D02EF5}.png, width=300, height=192, size=8379, type=JPG, isEmoji=true]
2023-09-06 14:14:07 V/Bot.2398493975: [獭獭云旅游军团@🎤啥(887156367)] タタ@獭獭·ω·咖波●ω●军团(1609323331) -> hlb什么奇怪作息
2023-09-06 14:14:24 V/Bot.2398493975: [獭獭云旅游军团@🎤啥(887156367)] Freeze_Kirin(768173212) -> thpt hzc
2023-09-06 14:14:50 V/Bot.2398493975: Event: MemberCardChangeEvent(origin=懒懒（本物）, new=獭獭（本物）, member=NormalMember(947603216))
2023-09-06 14:14:50 V/Bot.2398493975: [獭獭云旅游军团@🎤啥(887156367)] 獭獭（本物）(947603216) -> hzc [九段 2070/3600][３級 45/100]
最高段位 [九段 2715/3600][３級 45/100]
最近战绩 [4221323231][]
四麻首次升凤时间: 3/27/2021
最高段位达成时间: 4/11/2022
2023-09-06 14:15:15 V/Bot.2398493975: [獭獭云旅游军团@🎤啥(887156367)] タタ@獭獭·ω·咖波●ω●军团(1609323331) -> 怎么又变成獭獭了
2023-09-06 14:15:19 V/Bot.2398493975: [獭獭云旅游军团@🎤啥(887156367)] タタ@獭獭·ω·咖波●ω●军团(1609323331) -> [发怒]
2023-09-06 14:16:47 V/Bot.2398493975: [獭獭云旅游军团@🎤啥(887156367)] 优雅猛牛(695150175) -> hlb开狗
2023-09-06 14:17:09 V/Bot.2398493975: [獭獭云旅游军团@🎤啥(887156367)] lax@牛牛道心破碎军团(269418386) -> 就在今天！
2023-09-06 14:17:47 V/Bot.2398493975: [獭獭云旅游军团@🎤啥(887156367)] タタ@獭獭·ω·咖波●ω●军团(1609323331) -> 不在今天！
2023-09-06 14:18:06 V/Bot.2398493975: [獭獭云旅游军团@🎤啥(887156367)] Freeze_Kirin(768173212) -> 想在哪天在哪天！
2023-09-06 14:18:59 V/Bot.2398493975: [獭獭云旅游军团@🎤啥(887156367)] 獭獭买锤子大臣@被獭獭军团开除(963423936) -> [mirai:image:{AFC6E4DA-4B8F-DE2C-C933-606D21498AA0}.png, width=324, height=300, size=62607, type=GIF, isEmoji=true]
2023-09-06 14:19:05 V/Bot.2398493975: [獭獭云旅游军团@🎤啥(887156367)] タタ@獭獭·ω·咖波●ω●军团(1609323331) -> [mirai:image:{AFC6E4DA-4B8F-DE2C-C933-606D21498AA0}.png, width=324, height=300, size=62607, type=GIF, isEmoji=true]
2023-09-06 14:19:50 V/Bot.2398493975: [獭獭云旅游军团@🎤啥(887156367)] 萝卜@萝卜軍団(690875992) -> [mirai:image:{AFC6E4DA-4B8F-DE2C-C933-606D21498AA0}.gif, width=324, height=300, size=62607, type=GIF, isEmoji=true]
2023-09-06 14:24:32 V/Bot.2398493975: [獭獭云旅游军团@🎤啥(887156367)] lax@牛牛道心破碎军团(269418386) -> [mirai:image:{FAAF79BA-8909-45BB-2FD3-C32215C28DD9}.jpg, width=152, height=158, size=3759, type=JPG, isEmoji=true]
2023-09-06 14:24:39 V/Bot.2398493975: [獭獭云旅游军团@🎤啥(887156367)] lax@牛牛道心破碎军团(269418386) -> [mirai:image:{A5ADDA9C-6D48-B483-7387-68ADE1B0E43A}.jpg, width=190, height=154, size=5303, type=JPG, isEmoji=true]
2023-09-06 14:25:17 V/Bot.2398493975: [獭獭云旅游军团@🎤啥(887156367)] 优雅猛牛(695150175) -> [mirai:image:{246E24F3-D79E-EFBC-78D9-52150F455D85}.jpg, width=1080, height=1920, size=169925, type=JPG, isEmoji=false]
2023-09-06 14:25:22 V/Bot.2398493975: [獭獭云旅游军团@🎤啥(887156367)] 优雅猛牛(695150175) -> [哦]
2023-09-06 14:25:34 V/Bot.2398493975: [獭獭云旅游军团@🎤啥(887156367)] 优雅猛牛(695150175) -> 坐着慢慢喝
2023-09-06 14:25:37 V/Bot.2398493975: [獭獭云旅游军团@🎤啥(887156367)] 优雅猛牛(695150175) -> 安逸
2023-09-06 14:26:14 V/Bot.2398493975: [獭獭云旅游军团@🎤啥(887156367)] タタ@獭獭·ω·咖波●ω●军团(1609323331) -> [mirai:image:{364FE218-5704-6461-B367-1D7597CD6D94}.png, width=179, height=200, size=102698, type=GIF, isEmoji=true]
2023-09-06 14:26:26 V/Bot.2398493975: [獭獭云旅游军团@🎤啥(887156367)] hzc@獭獭軍団二度受(2384102753) -> [mirai:quote:[mirai:source:ids=[67696], internalIds=[185668054], from 1609323331 to 887156367 at 1693980847], content=<not yet initialized>][mirai:at:1609323331] 今天2点半睡8点起
2023-09-06 14:26:43 V/Bot.2398493975: [獭獭云旅游军团@🎤啥(887156367)] タタ@獭獭·ω·咖波●ω●军团(1609323331) -> hlb变正常了
2023-09-06 14:27:43 V/Bot.2398493975: [獭獭云旅游军团@🎤啥(887156367)] hzc@獭獭軍団二度受(2384102753) -> 正常。指每天作息都不一样
2023-09-06 14:27:47 V/Bot.2398493975: [獭獭云旅游军团@🎤啥(887156367)] lax@牛牛道心破碎军团(269418386) -> 大家都像我一样11点半睡7点半起吧
2023-09-06 14:28:18 V/Bot.2398493975: [獭獭云旅游军团@🎤啥(887156367)] Freeze_Kirin(768173212) -> [mirai:image:{FB9C65FB-5685-1B12-1B13-836B38246164}.gif, width=292, height=205, size=61102, type=GIF, isEmoji=false]
2023-09-06 14:28:27 V/Bot.2398493975: [獭獭云旅游军团@🎤啥(887156367)] hzc@獭獭軍団二度受(2384102753) -> [mirai:image:{FB9C65FB-5685-1B12-1B13-836B38246164}.gif, width=292, height=205, size=61102, type=GIF, isEmoji=false]
2023-09-06 14:30:49 V/Bot.2398493975: [獭獭云旅游军团@🎤啥(887156367)] タタ@獭獭·ω·咖波●ω●军团(1609323331) -> [mirai:image:{FB9C65FB-5685-1B12-1B13-836B38246164}.png, width=292, height=205, size=61102, type=GIF, isEmoji=true]
2023-09-06 14:31:54 V/Bot.2398493975: [獭獭云旅游军团@🎤啥(887156367)] タタ@獭獭·ω·咖波●ω●军团(1609323331) -> 东西十二区的十一点半可以吗
2023-09-06 14:32:01 V/Bot.2398493975: Event: GroupRecall(bot=Bot(2398493975), authorId=1609323331, messageIds=[67722], messageInternalIds=[1585946817], messageTime=1693981914, operator=NormalMember(1609323331), group=Group(887156367), author=NormalMember(1609323331))
2023-09-06 14:32:47 V/Bot.2398493975: [獭獭云旅游军团@🎤啥(887156367)] 优雅猛牛(695150175) -> 我在家
2023-09-06 14:32:48 V/Bot.2398493975: [獭獭云旅游军团@🎤啥(887156367)] タタ@獭獭·ω·咖波●ω●军团(1609323331) -> 东一区的十一点半可以吗
2023-09-06 14:32:55 V/Bot.2398493975: [獭獭云旅游军团@🎤啥(887156367)] 优雅猛牛(695150175) -> 天天3-4点睡7-8点起
2023-09-06 14:32:59 V/Bot.2398493975: [獭獭云旅游军团@🎤啥(887156367)] 优雅猛牛(695150175) -> 我也很正常
2023-09-06 14:33:06 V/Bot.2398493975: [獭獭云旅游军团@🎤啥(887156367)] Freeze_Kirin(768173212) -> [mirai:image:{15530C6E-2E2B-8726-AC46-20AE8098381B}.jpg, width=174, height=172, size=5372, type=JPG, isEmoji=false]
2023-09-06 14:33:11 V/Bot.2398493975: [獭獭云旅游军团@🎤啥(887156367)] Freeze_Kirin(768173212) -> 牛牛活久点
2023-09-06 14:33:24 V/Bot.2398493975: [獭獭云旅游军团@🎤啥(887156367)] 优雅猛牛(695150175) -> 我在家居然每天比在学校
2023-09-06 14:33:25 V/Bot.2398493975: [獭獭云旅游军团@🎤啥(887156367)] lax@牛牛道心破碎军团(269418386) -> 废话 我在家我也这么玩
2023-09-06 14:33:27 V/Bot.2398493975: [獭獭云旅游军团@🎤啥(887156367)] 优雅猛牛(695150175) -> 睡得都少
2023-09-06 14:33:32 V/Bot.2398493975: [獭獭云旅游军团@🎤啥(887156367)] 优雅猛牛(695150175) -> 4小时
2023-09-06 14:33:38 V/Bot.2398493975: [獭獭云旅游军团@🎤啥(887156367)] 优雅猛牛(695150175) -> 完全不需要补觉
2023-09-06 14:35:47 V/Bot.2398493975: [獭獭云旅游军团@🎤啥(887156367)] 獭獭买锤子大臣@被獭獭军团开除(963423936) -> [mirai:image:{F0451D10-C6B1-C6EE-086A-832765A52BE5}.png, width=525, height=568, size=128518, type=GIF, isEmoji=true]
2023-09-06 14:35:52 V/Bot.2398493975: [獭獭云旅游军团@🎤啥(887156367)] タタ@獭獭·ω·咖波●ω●军团(1609323331) -> 老年人作息
2023-09-06 14:35:53 V/Bot.2398493975: [獭獭云旅游军团@🎤啥(887156367)] 獭獭买锤子大臣@被獭獭军团开除(963423936) -> 牛啥时候回来
2023-09-06 14:36:13 V/Bot.2398493975: [獭獭云旅游军团@🎤啥(887156367)] タタ@獭獭·ω·咖波●ω●军团(1609323331) -> [mirai:image:{AFC6E4DA-4B8F-DE2C-C933-606D21498AA0}.png, width=324, height=300, size=62607, type=GIF, isEmoji=true]
2023-09-06 14:36:19 V/Bot.2398493975: [獭獭云旅游军团@🎤啥(887156367)] 萝卜@萝卜軍団(690875992) -> 牛啥时候回来
2023-09-06 14:36:25 V/Bot.2398493975: [獭獭云旅游军团@🎤啥(887156367)] Freeze_Kirin(768173212) -> 就在今天！
2023-09-06 14:36:32 V/Bot.2398493975: [獭獭云旅游军团@🎤啥(887156367)] 萝卜@萝卜軍団(690875992) -> 就在今天！
2023-09-06 14:37:27 V/Bot.2398493975: [獭獭云旅游军团@🎤啥(887156367)] タタ@獭獭·ω·咖波●ω●军团(1609323331) -> 这个人在说啥[mirai:image:{ADCAB360-5B27-0F48-2CE5-B959D4928CC8}.png, width=1125, height=710, size=95472, type=JPG, isEmoji=false]
2023-09-06 14:37:28 V/Bot.2398493975: [獭獭云旅游军团@🎤啥(887156367)] タタ@獭獭·ω·咖波●ω●军团(1609323331) -> [mirai:image:{7B4FAB6B-0BA8-0F4C-F8DC-B2AF31AB603E}.png, width=512, height=512, size=192357, type=GIF, isEmoji=true]
2023-09-06 14:37:41 V/Bot.2398493975: [獭獭云旅游军团@🎤啥(887156367)] タタ@獭獭·ω·咖波●ω●军团(1609323331) -> 哦 这不是cost嘛
2023-09-06 14:38:06 V/Bot.2398493975: [獭獭云旅游军团@🎤啥(887156367)] タタ@獭獭·ω·咖波●ω●军团(1609323331) -> [mirai:app:{
  "config" : {
    "height" : 0,
    "forward" : 1,
    "ctime" : 1693981391,
    "width" : 0,
    "type" : "normal",
    "token" : "96d830ac19aeec1bad9388e6d4b0baa5",
    "autoSize" : 0
  },
  "prompt" : "[QQ小程序]【MyGO鬼畜】元首的绝望  大结局前的观众现状",
  "app" : "com.tencent.miniapp_01",
  "ver" : "0.0.0.1",
  "appID" : "100951776",
  "view" : "view_8C8E89B49BE609866298ADDFF2DBABA4",
  "meta" : {
    "detail_1" : {
      "appid" : "1109937557",
      "preview" : "https:\/\/pic.ugcimg.cn\/c6075f07fba752d87cd09b7558b83083\/jpg1",
      "shareTemplateData" : {

      },
      "gamePointsUrl" : "",
      "gamePoints" : "",
      "url" : "m.q.qq.com\/a\/s\/9cd9a8ef80bff0ac23d0c6429f2c240c",
      "appType" : 0,
      "desc" : "【MyGO鬼畜】元首的绝望  大结局前的观众现状",
      "title" : "哔哩哔哩",
      "scene" : 1036,
      "host" : {
        "uin" : 1103795977,
        "nick" : "Earthes"
      },
      "icon" : "http:\/\/miniapp.gtimg.cn\/public\/appicon\/432b76be3a548fc128acaa6c1ec90131_200.jpg",
      "shareTemplateId" : "8C8E89B49BE609866298ADDFF2DBABA4",
      "qqdocurl" : "https:\/\/b23.tv\/xnDbTou",
      "showLittleTail" : ""
    }
  },
  "bthirdappforward" : true,
  "bthirdappforwardforbackendswitch" : true,
  "desc" : ""
}]
2023-09-06 14:39:19 I/UnidbgFetchQsign: Bot(2398493975) request_token, submit success
2023-09-06 15:12:27 V/Bot.2398493975: [SHT荔枝麻酱协会(493057481)] 大可奇丽(1485280964) -> ！jrrp
2023-09-06 15:12:29 V/Bot.2398493975: Group(493057481) <- 今日人品：凶
今日适宜役种：平和
(为防止刷屏，一日内不可多次查询哦！)
2023-09-06 15:19:20 I/UnidbgFetchQsign: Bot(2398493975) request_token, submit success
2023-09-06 15:30:33 V/Bot.2398493975: Event: MemberCardChangeEvent(origin=, new=我方防御塔不经意, member=NormalMember(939321072))
2023-09-06 15:30:33 V/Bot.2398493975: [SHT荔枝麻酱协会(493057481)] 我方防御塔不经意(939321072) -> 。jrrp
2023-09-06 15:30:46 V/Bot.2398493975: [SHT荔枝麻酱协会(493057481)] 我方防御塔不经意(939321072) -> ！jrrp
2023-09-06 15:30:47 V/Bot.2398493975: Group(493057481) <- 今日人品：吉
今日适宜役种：门前淸自摸和
(为防止刷屏，一日内不可多次查询哦！)
2023-09-06 15:32:34 V/Bot.2398493975: Event: GroupTalkativeChangeEvent(group=Group(493057481), now=NormalMember(2398493975), previous=NormalMember(1485280964))
2023-09-06 15:32:34 V/Bot.2398493975: Event: MemberHonorChangeEvent.Lose(member=NormalMember(1485280964), honorType=GroupHonorType(id=1))
2023-09-06 15:32:34 V/Bot.2398493975: Event: MemberHonorChangeEvent.Achieve(member=NormalMember(2398493975), honorType=GroupHonorType(id=1))
2023-09-06 15:35:07 V/Bot.2398493975: [獭獭云旅游军团@🎤啥(887156367)] タタ@獭獭·ω·咖波●ω●军团(1609323331) -> [mirai:image:{9780800E-5F48-8D1F-B2FD-786E18AD3A3C}.png, width=1241, height=507, size=23200, type=JPG, isEmoji=false]
2023-09-06 15:38:00 V/Bot.2398493975: [獭獭云旅游军团@🎤啥(887156367)] zz@獺獺軍団(771507043) -> [不支持的消息#-1092523077][mirai:image:{C6019596-32FA-6838-49C5-6B5806668E26}.jpg, width=328, height=300, size=41763, type=GIF, isEmoji=false]
2023-09-06 15:38:12 V/Bot.2398493975: [獭獭云旅游军团@🎤啥(887156367)] タタ@獭獭·ω·咖波●ω●军团(1609323331) -> [mirai:image:{55002B15-8921-B59D-1327-C36FBEB05908}.png, width=1668, height=2388, size=406179, type=JPG, isEmoji=false]
2023-09-06 15:38:13 V/Bot.2398493975: [獭獭云旅游军团@🎤啥(887156367)] タタ@獭獭·ω·咖波●ω●军团(1609323331) -> [mirai:image:{44711753-4961-67AF-8011-6AA78153985D}.png, width=1246, height=1069, size=52949, type=JPG, isEmoji=false]
2023-09-06 15:38:21 V/Bot.2398493975: [獭獭云旅游军团@🎤啥(887156367)] タタ@獭獭·ω·咖波●ω●军团(1609323331) -> 终于做完了[mirai:image:{6055076E-E1E8-4511-0A28-FDD73F77CA7D}.png, width=1668, height=2388, size=447050, type=JPG, isEmoji=false]
2023-09-06 15:38:26 V/Bot.2398493975: [獭獭云旅游军团@🎤啥(887156367)] タタ@獭獭·ω·咖波●ω●军团(1609323331) -> [mirai:image:{AFC6E4DA-4B8F-DE2C-C933-606D21498AA0}.png, width=324, height=300, size=62607, type=GIF, isEmoji=true]
2023-09-06 15:39:00 V/Bot.2398493975: [獭獭云旅游军团@🎤啥(887156367)] zz@獺獺軍団(771507043) -> [mirai:quote:[mirai:source:ids=[67748], internalIds=[86255516], from 1609323331 to 887156367 at 1693985893], content=<not yet initialized>][mirai:at:1609323331] 什么赌狗，还赌赢了
2023-09-06 15:39:55 V/Bot.2398493975: [獭獭云旅游军团@🎤啥(887156367)] zz@獺獺軍団(771507043) -> （虽然我国服40～60失败率的训练没输过（20以下失败好多
2023-09-06 15:39:57 V/Bot.2398493975: [獭獭云旅游军团@🎤啥(887156367)] タタ@獭獭·ω·咖波●ω●军团(1609323331) -> 72都赌了
2023-09-06 15:40:09 V/Bot.2398493975: [獭獭云旅游军团@🎤啥(887156367)] zz@獺獺軍団(771507043) -> 72没试过
2023-09-06 15:40:24 V/Bot.2398493975: [獭獭云旅游军团@🎤啥(887156367)] タタ@獭獭·ω·咖波●ω●军团(1609323331) -> 可这是4彩诶
2023-09-06 15:40:25 V/Bot.2398493975: [獭獭云旅游军团@🎤啥(887156367)] zz@獺獺軍団(771507043) -> 没怎么见过
2023-09-06 15:40:26 V/Bot.2398493975: [獭獭云旅游军团@🎤啥(887156367)] タタ@獭獭·ω·咖波●ω●军团(1609323331) -> [mirai:image:{FB9C65FB-5685-1B12-1B13-836B38246164}.png, width=292, height=205, size=61102, type=GIF, isEmoji=true]
2023-09-06 15:41:09 V/Bot.2398493975: [獭獭云旅游军团@🎤啥(887156367)] zz@獺獺軍団(771507043) -> 4彩有什么用，4彩存在说明这项总会1200的
2023-09-06 15:41:19 V/Bot.2398493975: [獭獭云旅游军团@🎤啥(887156367)] タタ@獭獭·ω·咖波●ω●军团(1609323331) -> 啊
2023-09-06 15:41:25 V/Bot.2398493975: [獭獭云旅游军团@🎤啥(887156367)] タタ@獭獭·ω·咖波●ω●军团(1609323331) -> 8失败率失败率
2023-09-06 15:41:31 V/Bot.2398493975: [獭獭云旅游军团@🎤啥(887156367)] タタ@獭獭·ω·咖波●ω●军团(1609323331) -> 12失败率又失败了
2023-09-06 15:41:55 V/Bot.2398493975: [獭獭云旅游军团@🎤啥(887156367)] タタ@獭獭·ω·咖波●ω●军团(1609323331) -> 要不把进王鲨了去抽卡
2023-09-06 15:42:00 V/Bot.2398493975: [獭獭云旅游军团@🎤啥(887156367)] zz@獺獺軍団(771507043) -> 20以下体感最容易失败
2023-09-06 15:42:23 V/Bot.2398493975: [獭獭云旅游军团@🎤啥(887156367)] zz@獺獺軍団(771507043) -> 我的失败除了一个32全都是15以下
2023-09-06 15:45:49 V/Bot.2398493975: [獭獭云旅游军团@🎤啥(887156367)] zz@獺獺軍団(771507043) -> 这是什么[mirai:image:{02518ECD-D471-9F8C-7F7D-699468DEE6CE}.png, width=1284, height=2778, size=336178, type=JPG, isEmoji=false]
2023-09-06 15:49:42 V/Bot.2398493975: [獭獭云旅游军团@🎤啥(887156367)] タタ@獭獭·ω·咖波●ω●军团(1609323331) -> 养的逃马给了个3星先行因子
2023-09-06 15:49:55 V/Bot.2398493975: [獭獭云旅游军团@🎤啥(887156367)] タタ@獭獭·ω·咖波●ω●军团(1609323331) -> [mirai:quote:[mirai:source:ids=[67765], internalIds=[983691082], from 771507043 to 887156367 at 1693986349], content=<not yet initialized>][mirai:at:771507043] 这张不是挺好的嘛
2023-09-06 15:50:05 V/Bot.2398493975: [獭獭云旅游军团@🎤啥(887156367)] タタ@獭獭·ω·咖波●ω●军团(1609323331) -> 活动卡之光
2023-09-06 15:50:34 V/Bot.2398493975: [獭獭云旅游军团@🎤啥(887156367)] zz@獺獺軍団(771507043) -> 不知道什么时候有的
2023-09-06 15:51:19 V/Bot.2398493975: [獭獭云旅游军团@🎤啥(887156367)] タタ@獭獭·ω·咖波●ω●军团(1609323331) -> 保底了[mirai:image:{AAE23773-C85B-15AB-04DF-3B236D55F520}.png, width=1668, height=2388, size=182198, type=JPG, isEmoji=false]
2023-09-06 15:51:24 V/Bot.2398493975: [獭獭云旅游军团@🎤啥(887156367)] zz@獺獺軍団(771507043) -> [mirai:image:{5F2329CC-E566-486D-B44A-A50F6BE8479C}.png, width=1284, height=2778, size=350834, type=JPG, isEmoji=false]
2023-09-06 15:51:30 V/Bot.2398493975: [獭獭云旅游军团@🎤啥(887156367)] zz@獺獺軍団(771507043) -> [mirai:quote:[mirai:source:ids=[67770], internalIds=[1153625746], from 1609323331 to 887156367 at 1693986678], content=<not yet initialized>][mirai:at:1609323331] 我也是
2023-09-06 15:55:15 V/Bot.2398493975: [獭獭云旅游军团@🎤啥(887156367)] タタ@獭獭·ω·咖波●ω●军团(1609323331) -> [mirai:image:{230B37EF-036F-6591-9404-8CA98E0C72BD}.png, width=1668, height=2388, size=288342, type=JPG, isEmoji=false]
2023-09-06 15:55:19 V/Bot.2398493975: [獭獭云旅游军团@🎤啥(887156367)] タタ@獭獭·ω·咖波●ω●军团(1609323331) -> 破防了
2023-09-06 15:55:25 V/Bot.2398493975: [獭獭云旅游军团@🎤啥(887156367)] zz@獺獺軍団(771507043) -> ？
2023-09-06 15:59:26 I/UnidbgFetchQsign: Bot(2398493975) request_token, submit success
2023-09-06 16:00:44 V/Bot.2398493975: [獭獭云旅游军团@🎤啥(887156367)] タタ@獭獭·ω·咖波●ω●军团(1609323331) -> 老婆
2023-09-06 16:00:44 V/Bot.2398493975: [獭獭云旅游军团@🎤啥(887156367)] タタ@獭獭·ω·咖波●ω●军团(1609323331) -> [mirai:image:{68B8B54C-1E66-9AE7-822D-F852371E60E3}.png, width=2388, height=1668, size=238447, type=JPG, isEmoji=false]
2023-09-06 16:01:02 V/Bot.2398493975: [獭獭云旅游军团@🎤啥(887156367)] タタ@獭獭·ω·咖波●ω●军团(1609323331) -> [mirai:image:{ECFF810A-DDE1-502A-4D70-E7CB71D355D7}.png, width=2388, height=1668, size=345055, type=JPG, isEmoji=false]
2023-09-06 16:10:13 V/Bot.2398493975: [獭獭云旅游军团@🎤啥(887156367)] タタ@獭獭·ω·咖波●ω●军团(1609323331) -> [mirai:image:{360AD8AF-5EEC-19F1-22CE-F610238D6C48}.png, width=354, height=298, size=139140, type=GIF, isEmoji=true]
2023-09-06 16:39:27 I/UnidbgFetchQsign: Bot(2398493975) request_token, submit success
2023-09-06 16:49:51 V/Bot.2398493975: [SHT荔枝麻酱协会(493057481)] N！T！R！！！(269418386) -> [mirai:image:{658D696E-B5F3-FD8B-B4BE-F1ED112031CE}.jpg, width=934, height=882, size=51418, type=JPG, isEmoji=false]
2023-09-06 17:08:48 V/Bot.2398493975: [獭獭云旅游军团@🎤啥(887156367)] zz@獺獺軍団(771507043) -> [mirai:image:{1232CF92-8491-DC94-014B-0325A974E980}.png, width=1284, height=2778, size=144738, type=JPG, isEmoji=false]
2023-09-06 17:09:19 V/Bot.2398493975: [獭獭云旅游军团@🎤啥(887156367)] タタ@獭獭·ω·咖波●ω●军团(1609323331) -> 攒钱借我的乌拉拉
2023-09-06 17:09:21 V/Bot.2398493975: [獭獭云旅游军团@🎤啥(887156367)] タタ@獭獭·ω·咖波●ω●军团(1609323331) -> [mirai:image:{7C659D43-DA9A-9B1E-6F64-D0CA83C3AF08}.png, width=308, height=218, size=88602, type=GIF, isEmoji=true]
2023-09-06 17:09:58 V/Bot.2398493975: [獭獭云旅游军团@🎤啥(887156367)] zz@獺獺軍団(771507043) -> 借的确实是你的乌拉拉捏
2023-09-06 17:10:15 V/Bot.2398493975: [獭獭云旅游军团@🎤啥(887156367)] タタ@獭獭·ω·咖波●ω●军团(1609323331) -> 为了借乌拉拉攒钱
2023-09-06 17:10:21 V/Bot.2398493975: [獭獭云旅游军团@🎤啥(887156367)] タタ@獭獭·ω·咖波●ω●军团(1609323331) -> 我就是凯撒贷款
2023-09-06 17:10:55 V/Bot.2398493975: [獭獭云旅游军团@🎤啥(887156367)] Freeze_Kirin(768173212) -> 这次的演习好快乐，不用拉人就可以快乐打229k
2023-09-06 17:11:01 V/Bot.2398493975: [獭獭云旅游军团@🎤啥(887156367)] Freeze_Kirin(768173212) -> [mirai:image:{A3C56810-0293-8086-658D-531E0E0B1790}.gif, width=512, height=512, size=129498, type=GIF, isEmoji=false]
2023-09-06 17:11:17 V/Bot.2398493975: [獭獭云旅游军团@🎤啥(887156367)] タタ@獭獭·ω·咖波●ω●军团(1609323331) -> 啊
2023-09-06 17:11:23 V/Bot.2398493975: [獭獭云旅游军团@🎤啥(887156367)] タタ@獭獭·ω·咖波●ω●军团(1609323331) -> 我还在打活动
2023-09-06 17:11:40 V/Bot.2398493975: [獭獭云旅游军团@🎤啥(887156367)] タタ@獭獭·ω·咖波●ω●军团(1609323331) -> 先打加成队再打挑战好麻烦
2023-09-06 17:12:12 V/Bot.2398493975: [獭獭云旅游军团@🎤啥(887156367)] タタ@獭獭·ω·咖波●ω●军团(1609323331) -> [mirai:image:{16F0B9B0-AECB-2F26-7E9F-B673075AACDE}.png, width=590, height=937, size=90935, type=JPG, isEmoji=false]
2023-09-06 17:12:25 V/Bot.2398493975: [獭獭云旅游军团@🎤啥(887156367)] タタ@獭獭·ω·咖波●ω●军团(1609323331) -> [mirai:quote:[mirai:source:ids=[67791], internalIds=[403338897], from 1609323331 to 887156367 at 1693991531], content=<not yet initialized>]有没有人跟獭獭一样是1啊
2023-09-06 17:12:26 V/Bot.2398493975: [獭獭云旅游军团@🎤啥(887156367)] タタ@獭獭·ω·咖波●ω●军团(1609323331) -> [mirai:image:{DCC827E3-C001-8382-2FEB-DD5705F15745}.png, width=336, height=254, size=80956, type=GIF, isEmoji=true]
2023-09-06 17:12:38 V/Bot.2398493975: [獭獭云旅游军团@🎤啥(887156367)] タタ@獭獭·ω·咖波●ω●军团(1609323331) -> 虽然这个是老图了
2023-09-06 17:12:40 V/Bot.2398493975: [獭獭云旅游军团@🎤啥(887156367)] タタ@獭獭·ω·咖波●ω●军团(1609323331) -> [mirai:image:{FA5753EB-4165-A539-4DD1-D8B4EDA61C5A}.png, width=284, height=208, size=63373, type=GIF, isEmoji=true]
2023-09-06 17:13:27 V/Bot.2398493975: [獭獭云旅游军团@🎤啥(887156367)] Freeze_Kirin(768173212) -> 这次的池子是不是都是常驻啊
2023-09-06 17:13:40 V/Bot.2398493975: [獭獭云旅游军团@🎤啥(887156367)] タタ@獭獭·ω·咖波●ω●军团(1609323331) -> [mirai:image:{6A1530B4-093F-075A-F140-490DCC7DBAF6}.png, width=228, height=348, size=14278, type=JPG, isEmoji=true]
2023-09-06 17:13:56 V/Bot.2398493975: [獭獭云旅游军团@🎤啥(887156367)] Freeze_Kirin(768173212) -> 好哦，那又可以跳了
2023-09-06 17:17:17 V/Bot.2398493975: [獭獭云旅游军团@🎤啥(887156367)] lax@牛牛道心破碎军团(269418386) -> [mirai:app:{"ver":"1.0.0.19","prompt":"[QQ小程序]山东豆橛子大丰收，哈哈吃不完","config":{"type":"normal","width":0,"height":0,"forward":1,"autoSize":0,"ctime":1693991827,"token":"203e764364f71397f4ed09148a969f5b"},"needShareCallBack":false,"app":"com.tencent.miniapp_01","view":"view_8C8E89B49BE609866298ADDFF2DBABA4","meta":{"detail_1":{"appid":"1109937557","appType":0,"title":"哔哩哔哩","desc":"山东豆橛子大丰收，哈哈吃不完","icon":"http:\/\/miniapp.gtimg.cn\/public\/appicon\/432b76be3a548fc128acaa6c1ec90131_200.jpg","preview":"pubminishare-30161.picsz.qpic.cn\/70fc8b63-8a82-46c1-b3ec-2f31718c1fae","url":"m.q.qq.com\/a\/s\/ed3a041b4c622ef4bceab27e473ce2d1","scene":1036,"host":{"uin":269418386,"nick":"流羽箭"},"shareTemplateId":"8C8E89B49BE609866298ADDFF2DBABA4","shareTemplateData":{},"qqdocurl":"https:\/\/b23.tv\/0kd4SyC?share_medium=android&share_source=qq&bbid=XY19E8611837B831A97D64EAAB6E1ACF24CED&ts=1693991826015","showLittleTail":"","gamePoints":"","gamePointsUrl":""}}}]
2023-09-06 17:18:59 V/Bot.2398493975: [SHT荔枝麻酱协会(493057481)] MEOW@獭獭bot(1609323331) -> ！jrrp
2023-09-06 17:19:00 V/Bot.2398493975: Group(493057481) <- 今日人品：中吉
今日适宜役种：三色同顺
(为防止刷屏，一日内不可多次查询哦！)
2023-09-06 17:19:06 V/Bot.2398493975: [SHT荔枝麻酱协会(493057481)] MEOW@獭獭bot(1609323331) -> [mirai:image:{C6D98AA9-4CE0-28B7-32EF-B076899EA836}.png, width=308, height=300, size=72185, type=GIF, isEmoji=true]
2023-09-06 17:19:27 I/UnidbgFetchQsign: Bot(2398493975) request_token, submit success
2023-09-06 17:30:50 V/Bot.2398493975: [獭獭云旅游军团@🎤啥(887156367)] zz@獺獺軍団(771507043) -> [mirai:image:{A41A3BF8-B155-720E-8D32-929B3C82BCD8}.png, width=1284, height=2778, size=230436, type=JPG, isEmoji=false]
2023-09-06 17:32:33 V/Bot.2398493975: [獭獭云旅游军团@🎤啥(887156367)] タタ@獭獭·ω·咖波●ω●军团(1609323331) -> 哈哈哈
2023-09-06 17:32:37 V/Bot.2398493975: [獭獭云旅游军团@🎤啥(887156367)] Freeze_Kirin(768173212) -> 草，加成学生一个没练
2023-09-06 17:32:47 V/Bot.2398493975: [獭獭云旅游军团@🎤啥(887156367)] Freeze_Kirin(768173212) -> 这下mika单刷q12了
2023-09-06 17:32:49 V/Bot.2398493975: [獭獭云旅游军团@🎤啥(887156367)] タタ@獭獭·ω·咖波●ω●军团(1609323331) -> [mirai:quote:[mirai:source:ids=[67802], internalIds=[244834487], from 768173212 to 887156367 at 1693992757], content=<not yet initialized>][mirai:at:768173212] 我除了最新的都有
2023-09-06 17:32:50 V/Bot.2398493975: [獭獭云旅游军团@🎤啥(887156367)] タタ@獭獭·ω·咖波●ω●军团(1609323331) -> 好耶
2023-09-06 17:32:56 V/Bot.2398493975: [獭獭云旅游军团@🎤啥(887156367)] タタ@獭獭·ω·咖波●ω●军团(1609323331) -> [mirai:image:{AFC6E4DA-4B8F-DE2C-C933-606D21498AA0}.png, width=324, height=300, size=62607, type=GIF, isEmoji=true]
2023-09-06 17:33:16 V/Bot.2398493975: [獭獭云旅游军团@🎤啥(887156367)] タタ@獭獭·ω·咖波●ω●军团(1609323331) -> wy：谁问你了
2023-09-06 17:33:20 V/Bot.2398493975: [獭獭云旅游军团@🎤啥(887156367)] タタ@獭獭·ω·咖波●ω●军团(1609323331) -> [mirai:image:{3FCDA208-5B5D-3642-5219-949E4B2512EA}.png, width=328, height=300, size=47813, type=GIF, isEmoji=true]
2023-09-06 17:33:59 V/Bot.2398493975: [獭獭云旅游军团@🎤啥(887156367)] Freeze_Kirin(768173212) -> 我只有这次池子里的两个+拉拉响+后排的歌原和那个真理部的那个副部长（好像）
2023-09-06 17:34:08 V/Bot.2398493975: [獭獭云旅游军团@🎤啥(887156367)] Freeze_Kirin(768173212) -> 全员1级
2023-09-06 17:34:15 V/Bot.2398493975: [獭獭云旅游军团@🎤啥(887156367)] Freeze_Kirin(768173212) -> [mirai:image:{7B4FAB6B-0BA8-0F4C-F8DC-B2AF31AB603E}.gif, width=512, height=512, size=192357, type=GIF, isEmoji=false]
2023-09-06 17:34:26 V/Bot.2398493975: [獭獭云旅游军团@🎤啥(887156367)] タタ@獭獭·ω·咖波●ω●军团(1609323331) -> md
2023-09-06 17:34:31 V/Bot.2398493975: [獭獭云旅游军团@🎤啥(887156367)] タタ@獭獭·ω·咖波●ω●军团(1609323331) -> 我把日服当国服了
2023-09-06 17:34:38 V/Bot.2398493975: [獭獭云旅游军团@🎤啥(887156367)] タタ@獭獭·ω·咖波●ω●军团(1609323331) -> 我：诶怎么有小桃碎片
2023-09-06 17:34:41 V/Bot.2398493975: [獭獭云旅游军团@🎤啥(887156367)] タタ@獭獭·ω·咖波●ω●军团(1609323331) -> 换满！
2023-09-06 17:34:45 V/Bot.2398493975: [獭獭云旅游军团@🎤啥(887156367)] Freeze_Kirin(768173212) -> 草
2023-09-06 17:34:57 V/Bot.2398493975: [獭獭云旅游军团@🎤啥(887156367)] タタ@獭獭·ω·咖波●ω●军团(1609323331) -> 诶怎么还有小玉碎片
2023-09-06 17:35:03 V/Bot.2398493975: [獭獭云旅游军团@🎤啥(887156367)] タタ@獭獭·ω·咖波●ω●军团(1609323331) -> 诶怎么能换20次
2023-09-06 17:35:05 V/Bot.2398493975: [獭獭云旅游军团@🎤啥(887156367)] タタ@獭獭·ω·咖波●ω●军团(1609323331) -> 亏了
2023-09-06 17:35:13 V/Bot.2398493975: [獭獭云旅游军团@🎤啥(887156367)] タタ@獭獭·ω·咖波●ω●军团(1609323331) -> 小桃要溢出了
2023-09-06 17:35:15 V/Bot.2398493975: [獭獭云旅游军团@🎤啥(887156367)] タタ@獭獭·ω·咖波●ω●军团(1609323331) -> [mirai:image:{A9C10996-E880-3074-0B6E-7C29FB3E432F}.png, width=304, height=199, size=117662, type=GIF, isEmoji=true]
2023-09-06 17:35:38 V/Bot.2398493975: [獭獭云旅游军团@🎤啥(887156367)] タタ@獭獭·ω·咖波●ω●军团(1609323331) -> [mirai:image:{1A20F2C7-9BF4-78F6-7D5C-375CE5E01D88}.png, width=2388, height=1668, size=269328, type=JPG, isEmoji=false]
2023-09-06 17:35:58 V/Bot.2398493975: [獭獭云旅游军团@🎤啥(887156367)] Freeze_Kirin(768173212) -> 想开点，小桃早晚都会溢出，你只是快人一步（
2023-09-06 17:36:10 V/Bot.2398493975: [獭獭云旅游军团@🎤啥(887156367)] タタ@獭獭·ω·咖波●ω●军团(1609323331) -> 备战专四
2023-09-06 17:36:14 V/Bot.2398493975: [獭獭云旅游军团@🎤啥(887156367)] タタ@獭獭·ω·咖波●ω●军团(1609323331) -> 还好
2023-09-06 17:36:23 V/Bot.2398493975: [獭獭云旅游军团@🎤啥(887156367)] タタ@獭獭·ω·咖波●ω●军团(1609323331) -> 本来就171/180了
2023-09-06 17:36:43 V/Bot.2398493975: [獭獭云旅游军团@🎤啥(887156367)] タタ@獭獭·ω·咖波●ω●军团(1609323331) -> 只浪费了100总力币
2023-09-06 17:40:03 V/Bot.2398493975: [獭獭云旅游军团@🎤啥(887156367)] Freeze_Kirin(768173212) -> 拉拉响的ex好贵
2023-09-06 17:40:10 V/Bot.2398493975: [獭獭云旅游军团@🎤啥(887156367)] Freeze_Kirin(768173212) -> 你怎么7c
2023-09-06 17:40:33 V/Bot.2398493975: [獭獭云旅游军团@🎤啥(887156367)] タタ@獭獭·ω·咖波●ω●军团(1609323331) -> 啦啦响和momiji差不多
2023-09-06 17:40:38 V/Bot.2398493975: [獭獭云旅游军团@🎤啥(887156367)] タタ@獭獭·ω·咖波●ω●军团(1609323331) -> 你看她攻击力
2023-09-06 17:40:49 V/Bot.2398493975: [獭獭云旅游军团@🎤啥(887156367)] タタ@獭獭·ω·咖波●ω●军团(1609323331) -> 我恨水大叔[mirai:image:{EFECD1FF-D0CD-B981-31F2-CCCE723C9A66}.png, width=2388, height=1668, size=332072, type=JPG, isEmoji=false]
2023-09-06 17:41:11 V/Bot.2398493975: [獭獭云旅游军团@🎤啥(887156367)] タタ@獭獭·ω·咖波●ω●军团(1609323331) -> ？？[mirai:image:{CEF20850-3EE1-8197-3109-ED7D4CFD7D5D}.png, width=2388, height=1668, size=316668, type=JPG, isEmoji=false]
2023-09-06 17:41:27 V/Bot.2398493975: [獭獭云旅游军团@🎤啥(887156367)] zz@獺獺軍団(771507043) -> [mirai:quote:[mirai:source:ids=[67833], internalIds=[2000218312], from 1609323331 to 887156367 at 1693993270], content=<not yet initialized>][mirai:at:1609323331] ？
2023-09-06 17:41:33 V/Bot.2398493975: [獭獭云旅游军团@🎤啥(887156367)] Freeze_Kirin(768173212) -> soga，拉拉响也是慢速大炮
2023-09-06 17:42:02 V/Bot.2398493975: [獭獭云旅游军团@🎤啥(887156367)] Freeze_Kirin(768173212) -> 乐，獭獭一个没有（）
2023-09-06 17:42:14 V/Bot.2398493975: [獭獭云旅游军团@🎤啥(887156367)] タタ@獭獭·ω·咖波●ω●军团(1609323331) -> 我今天
2023-09-06 17:42:23 V/Bot.2398493975: [獭獭云旅游军团@🎤啥(887156367)] タタ@獭獭·ω·咖波●ω●军团(1609323331) -> 在真正的课程表里
2023-09-06 17:42:30 V/Bot.2398493975: [獭獭云旅游军团@🎤啥(887156367)] タタ@獭獭·ω·咖波●ω●军团(1609323331) -> 点出来两个啦啦响碎片
2023-09-06 17:42:33 V/Bot.2398493975: [獭獭云旅游军团@🎤啥(887156367)] タタ@獭獭·ω·咖波●ω●军团(1609323331) -> [mirai:image:{15530C6E-2E2B-8726-AC46-20AE8098381B}.png, width=174, height=172, size=5372, type=JPG, isEmoji=true]
2023-09-06 17:42:42 V/Bot.2398493975: [獭獭云旅游军团@🎤啥(887156367)] タタ@獭獭·ω·咖波●ω●军团(1609323331) -> 活动课程表就啥都不给我啊
2023-09-06 17:44:16 V/Bot.2398493975: [獭獭云旅游军团@🎤啥(887156367)] タタ@獭獭·ω·咖波●ω●军团(1609323331) -> 呜呜  复刻活动没有称号拿
2023-09-06 17:45:23 V/Bot.2398493975: [獭獭云旅游军团@🎤啥(887156367)] タタ@獭獭·ω·咖波●ω●军团(1609323331) -> [mirai:image:{8A74185D-643C-8BFA-B28B-63925BC048B8}.png, width=2388, height=1668, size=433511, type=JPG, isEmoji=false]
2023-09-06 17:45:24 V/Bot.2398493975: [獭獭云旅游军团@🎤啥(887156367)] タタ@獭獭·ω·咖波●ω●军团(1609323331) -> [mirai:image:{C6D98AA9-4CE0-28B7-32EF-B076899EA836}.png, width=308, height=300, size=72185, type=GIF, isEmoji=true]
2023-09-06 17:46:02 V/Bot.2398493975: [獭獭云旅游军团@🎤啥(887156367)] Freeze_Kirin(768173212) -> 可爱捏
2023-09-06 17:46:25 V/Bot.2398493975: [獭獭云旅游军团@🎤啥(887156367)] タタ@獭獭·ω·咖波●ω●军团(1609323331) -> 她说她可以再少穿点
2023-09-06 17:46:40 V/Bot.2398493975: [獭獭云旅游军团@🎤啥(887156367)] Freeze_Kirin(768173212) -> [mirai:image:{A3C56810-0293-8086-658D-531E0E0B1790}.gif, width=512, height=512, size=129498, type=GIF, isEmoji=false]
2023-09-06 17:46:59 V/Bot.2398493975: [SHT荔枝麻酱协会(493057481)] suiyuanliu(1324962753) -> ！jrrp
2023-09-06 17:47:00 V/Bot.2398493975: Group(493057481) <- 今日人品：小吉
今日适宜役种：混一色
(为防止刷屏，一日内不可多次查询哦！)
2023-09-06 17:47:13 V/Bot.2398493975: [SHT荔枝麻酱协会(493057481)] MEOW@獭獭bot(1609323331) -> ！查查我的
2023-09-06 17:47:14 V/Bot.2398493975: Group(493057481) <- 昵称：时雨
段位：新人
rate：1500.0
近期顺位：
更多数据请访问：http://shanghaitech-mahjong.top/userid/1609323331
2023-09-06 17:48:50 V/Bot.2398493975: [SHT荔枝麻酱协会(493057481)] 优雅猛牛(695150175) -> ！查查我的
2023-09-06 17:48:51 V/Bot.2398493975: Group(493057481) <- 没有找到该用户的信息！
2023-09-06 17:52:02 V/Bot.2398493975: [SHT荔枝麻酱协会(493057481)] MEOW@獭獭bot(1609323331) -> 牛牛你输感叹号注册就有了
2023-09-06 17:52:07 V/Bot.2398493975: [SHT荔枝麻酱协会(493057481)] MEOW@獭獭bot(1609323331) -> [mirai:image:{AFC6E4DA-4B8F-DE2C-C933-606D21498AA0}.png, width=324, height=300, size=62607, type=GIF, isEmoji=true]
2023-09-06 17:57:00 V/Bot.2398493975: [SHT荔枝麻酱协会(493057481)] 大可奇丽(1485280964) -> ！注册
2023-09-06 17:57:02 V/Bot.2398493975: Group(493057481) <- 玩家大可奇丽注册成功！
2023-09-06 17:59:33 I/UnidbgFetchQsign: Bot(2398493975) request_token, submit success
2023-09-06 18:00:01 V/Bot.2398493975: [SHT荔枝麻酱协会(493057481)] ライちゃん(392595084) -> ！查查我的
2023-09-06 18:00:02 V/Bot.2398493975: Group(493057481) <- 昵称：ライちゃん
段位：新人
rate：1490.69
近期顺位：3
更多数据请访问：http://shanghaitech-mahjong.top/userid/392595084
2023-09-06 18:00:26 V/Bot.2398493975: [獭獭云旅游军团@🎤啥(887156367)] タタ@獭獭·ω·咖波●ω●军团(1609323331) -> [mirai:app:{
  "config" : {
    "height" : 0,
    "forward" : 1,
    "ctime" : 1693994422,
    "width" : 0,
    "type" : "normal",
    "token" : "786eb0c99c30e827b9e108f93ecec895",
    "autoSize" : 0
  },
  "prompt" : "[QQ小程序]soyo给祥子道歉视频原版流出",
  "app" : "com.tencent.miniapp_01",
  "ver" : "1.0.1.45",
  "appID" : "100951776",
  "view" : "view_8C8E89B49BE609866298ADDFF2DBABA4",
  "meta" : {
    "detail_1" : {
      "appid" : "1109937557",
      "preview" : "https:\/\/pic.ugcimg.cn\/3f6eb691452689934b6aecd54eaccafc\/jpg1",
      "shareTemplateData" : {

      },
      "gamePointsUrl" : "",
      "gamePoints" : "",
      "url" : "m.q.qq.com\/a\/s\/43bbdb28cc55d37dbd4040a03d55c9bb",
      "appType" : 0,
      "desc" : "soyo给祥子道歉视频原版流出",
      "title" : "哔哩哔哩",
      "scene" : 1036,
      "host" : {
        "uin" : 1609323331,
        "nick" : "时雨"
      },
      "icon" : "http:\/\/miniapp.gtimg.cn\/public\/appicon\/432b76be3a548fc128acaa6c1ec90131_200.jpg",
      "shareTemplateId" : "8C8E89B49BE609866298ADDFF2DBABA4",
      "qqdocurl" : "https:\/\/b23.tv\/ldVvzvG",
      "showLittleTail" : ""
    }
  },
  "bthirdappforward" : true,
  "bthirdappforwardforbackendswitch" : true,
  "desc" : ""
}]
2023-09-06 18:02:40 V/Bot.2398493975: [SHT荔枝麻酱协会(493057481)] 优雅猛牛(695150175) -> ！注册
2023-09-06 18:02:41 V/Bot.2398493975: Group(493057481) <- 玩家优雅猛牛注册成功！
2023-09-06 18:03:33 V/Bot.2398493975: [獭獭云旅游军团@🎤啥(887156367)] タタ@獭獭·ω·咖波●ω●军团(1609323331) -> [mirai:image:{8D9F85C0-79CE-1AC3-E0FA-8B3449285BE9}.png, width=1125, height=1488, size=1131682, type=PNG, isEmoji=false]
2023-09-06 18:03:35 V/Bot.2398493975: [獭獭云旅游军团@🎤啥(887156367)] タタ@獭獭·ω·咖波●ω●军团(1609323331) -> [mirai:image:{217DA165-D46A-8E3E-25F3-56A3137987A6}.png, width=512, height=512, size=198717, type=GIF, isEmoji=true]
2023-09-06 18:06:09 V/Bot.2398493975: [SHT荔枝麻酱协会(493057481)] 千梦(449603499) -> 玩家优雅猛牛注册成功！
2023-09-06 18:06:17 V/Bot.2398493975: [SHT荔枝麻酱协会(493057481)] Twilight(1014197424) -> 玩家优雅猛牛注册成功！
2023-09-06 18:06:36 V/Bot.2398493975: [SHT荔枝麻酱协会(493057481)] 布莱克提(690875992) -> 玩家优雅猛牛注册成功！
2023-09-06 18:07:14 V/Bot.2398493975: [SHT荔枝麻酱协会(493057481)] 宅哥(2832900934) -> 玩家优雅猛牛注册成功！
2023-09-06 18:09:41 V/Bot.2398493975: [SHT荔枝麻酱协会(493057481)] MEOW@獭獭bot(1609323331) -> 玩家优雅猛牛注册成功！
2023-09-06 18:17:47 V/Bot.2398493975: [SHT荔枝麻酱协会(493057481)] 大可奇丽(1485280964) -> 玩家优雅猛牛注册成功！
2023-09-06 18:18:04 V/Bot.2398493975: [SHT荔枝麻酱协会(493057481)] 大可奇丽(1485280964) -> ！查查我的
2023-09-06 18:18:06 V/Bot.2398493975: Group(493057481) <- 昵称：大可奇丽
段位：新人
rate：1500.69
近期顺位：41
更多数据请访问：http://shanghaitech-mahjong.top/userid/1485280964
2023-09-06 18:19:29 V/Bot.2398493975: [獭獭云旅游军团@🎤啥(887156367)] 獭獭买锤子大臣@被獭獭军团开除(963423936) -> [mirai:image:{F0451D10-C6B1-C6EE-086A-832765A52BE5}.gif, width=525, height=568, size=128518, type=GIF, isEmoji=true]
2023-09-06 18:20:43 V/Bot.2398493975: [獭獭云旅游军团@🎤啥(887156367)] タタ@獭獭·ω·咖波●ω●军团(1609323331) -> [mirai:image:{8937C6D7-FB7A-23B8-0E67-7A6F59ABE150}.png, width=480, height=480, size=326495, type=GIF, isEmoji=false]
2023-09-06 18:21:04 V/Bot.2398493975: [獭獭云旅游军团@🎤啥(887156367)] タタ@獭獭·ω·咖波●ω●军团(1609323331) -> ⬆️这是随一
2023-09-06 18:21:10 V/Bot.2398493975: [獭獭云旅游军团@🎤啥(887156367)] タタ@獭獭·ω·咖波●ω●军团(1609323331) -> [mirai:image:{DAF66F3F-B93D-5FAC-3A61-1BD37A816944}.png, width=500, height=500, size=234406, type=GIF, isEmoji=false]
2023-09-06 18:21:13 V/Bot.2398493975: [獭獭云旅游军团@🎤啥(887156367)] タタ@獭獭·ω·咖波●ω●军团(1609323331) -> 这是mika
2023-09-06 18:21:17 V/Bot.2398493975: [獭獭云旅游军团@🎤啥(887156367)] タタ@獭獭·ω·咖波●ω●军团(1609323331) -> 傻傻分不清楚
2023-09-06 18:21:57 V/Bot.2398493975: [獭獭云旅游军团@🎤啥(887156367)] Freeze_Kirin(768173212) -> [mirai:image:{93EAD3B3-EF38-0148-5669-9A1DC9E0568A}.png, width=74, height=62, size=4345, type=GIF, isEmoji=true]
2023-09-06 18:22:08 V/Bot.2398493975: [獭獭云旅游军团@🎤啥(887156367)] zz@獺獺軍団(771507043) -> 有光环的是mika捏
2023-09-06 18:22:32 V/Bot.2398493975: [獭獭云旅游军团@🎤啥(887156367)] タタ@獭獭·ω·咖波●ω●军团(1609323331) -> [mirai:image:{520285FD-A28F-699F-F003-EFD3B0F32D59}.png, width=571, height=468, size=598240, type=GIF, isEmoji=false]
2023-09-06 18:22:38 V/Bot.2398493975: [獭獭云旅游军团@🎤啥(887156367)] タタ@獭獭·ω·咖波●ω●军团(1609323331) -> 这是anon
2023-09-06 18:24:41 V/Bot.2398493975: [獭獭云旅游军团@🎤啥(887156367)] Freeze_Kirin(768173212) -> anon最好认
2023-09-06 18:24:45 V/Bot.2398493975: [獭獭云旅游军团@🎤啥(887156367)] Freeze_Kirin(768173212) -> 没有丸子
2023-09-06 18:25:10 V/Bot.2398493975: [獭獭云旅游军团@🎤啥(887156367)] タタ@獭獭·ω·咖波●ω●军团(1609323331) -> [mirai:image:{89B6E10A-5F4B-9B06-9551-6396EEC1E460}.png, width=768, height=1024, size=104697, type=JPG, isEmoji=false]
2023-09-06 18:25:14 V/Bot.2398493975: [獭獭云旅游军团@🎤啥(887156367)] タタ@獭獭·ω·咖波●ω●军团(1609323331) -> 有丸子！
2023-09-06 18:26:59 V/Bot.2398493975: [SHT荔枝麻酱协会(493057481)] 牙牙(1105692313) -> ！查查我的
2023-09-06 18:27:01 V/Bot.2398493975: Group(493057481) <- 昵称：牙牙
段位：新人
rate：1530.45
近期顺位：141
更多数据请访问：http://shanghaitech-mahjong.top/userid/1105692313
2023-09-06 18:28:04 V/Bot.2398493975: [SHT荔枝麻酱协会(493057481)] 优雅猛牛(695150175) -> ！查查我的
2023-09-06 18:28:05 V/Bot.2398493975: Group(493057481) <- 昵称：优雅猛牛
段位：新人
rate：1500.0
近期顺位：
更多数据请访问：http://shanghaitech-mahjong.top/userid/695150175
2023-09-06 18:37:50 V/Bot.2398493975: [獭獭云旅游军团@🎤啥(887156367)] 哭哭Kirin@被獭獭军团开除两次(472247053) -> [mirai:image:{AC5CCBBE-ACC2-1E5D-660B-1F468EE816A4}.jpg, width=4032, height=3024, size=861980, type=JPG, isEmoji=true]
2023-09-06 18:38:08 V/Bot.2398493975: [獭獭云旅游军团@🎤啥(887156367)] タタ@獭獭·ω·咖波●ω●军团(1609323331) -> [mirai:image:{6F470443-2F2E-E40E-2EDC-43F8E988C3D3}.png, width=1125, height=2436, size=507326, type=PNG, isEmoji=false]
2023-09-06 18:38:24 V/Bot.2398493975: [獭獭云旅游军团@🎤啥(887156367)] タタ@獭獭·ω·咖波●ω●军团(1609323331) -> [mirai:image:{2D0E99C1-6F93-D8BD-6760-0EF63C196D2F}.png, width=982, height=180, size=46479, type=PNG, isEmoji=false]
2023-09-06 18:38:33 V/Bot.2398493975: [獭獭云旅游军团@🎤啥(887156367)] タタ@獭獭·ω·咖波●ω●军团(1609323331) -> 会议启动
2023-09-06 18:39:34 I/UnidbgFetchQsign: Bot(2398493975) request_token, submit success
2023-09-06 18:47:12 V/Bot.2398493975: [獭獭云旅游军团@🎤啥(887156367)] lax@牛牛道心破碎军团(269418386) -> [mirai:image:{49340D2C-F8EA-43FA-90AA-3601069B4DD9}.jpg, width=2340, height=1080, size=1617610, type=JPG, isEmoji=false]
2023-09-06 18:47:25 V/Bot.2398493975: [獭獭云旅游军团@🎤啥(887156367)] lax@牛牛道心破碎军团(269418386) -> 电磁炉的正确用法
2023-09-06 18:48:01 V/Bot.2398493975: [獭獭云旅游军团@🎤啥(887156367)] Freeze_Kirin(768173212) -> [mirai:image:{A3C56810-0293-8086-658D-531E0E0B1790}.gif, width=512, height=512, size=129498, type=GIF, isEmoji=false]
2023-09-06 18:49:04 V/Bot.2398493975: [獭獭云旅游军团@🎤啥(887156367)] タタ@獭獭·ω·咖波●ω●军团(1609323331) -> 诶
2023-09-06 18:49:12 V/Bot.2398493975: [獭獭云旅游军团@🎤啥(887156367)] タタ@獭獭·ω·咖波●ω●军团(1609323331) -> 这个射击演习
2023-09-06 18:49:18 V/Bot.2398493975: [獭獭云旅游军团@🎤啥(887156367)] タタ@獭獭·ω·咖波●ω●军团(1609323331) -> 是不是能用1级的人打
2023-09-06 18:49:23 V/Bot.2398493975: [獭獭云旅游军团@🎤啥(887156367)] Freeze_Kirin(768173212) -> 是捏
2023-09-06 18:52:54 V/Bot.2398493975: [獭獭云旅游军团@🎤啥(887156367)] タタ@獭獭·ω·咖波●ω●军团(1609323331) -> [mirai:image:{F4D58D51-A496-34BF-13FB-EFD17209746B}.png, width=2388, height=1668, size=281596, type=JPG, isEmoji=false]
2023-09-06 18:52:58 V/Bot.2398493975: [獭獭云旅游军团@🎤啥(887156367)] タタ@獭獭·ω·咖波●ω●军团(1609323331) -> 真好玩
2023-09-06 18:53:02 V/Bot.2398493975: [獭獭云旅游军团@🎤啥(887156367)] タタ@獭獭·ω·咖波●ω●军团(1609323331) -> [mirai:image:{93EAD3B3-EF38-0148-5669-9A1DC9E0568A}.png, width=74, height=62, size=4345, type=GIF, isEmoji=true]
2023-09-06 18:59:52 V/Bot.2398493975: [獭獭云旅游军团@🎤啥(887156367)] Freeze_Kirin(768173212) -> [mirai:image:{93EAD3B3-EF38-0148-5669-9A1DC9E0568A}.gif, width=74, height=62, size=4345, type=GIF, isEmoji=false]
2023-09-06 19:00:11 V/Bot.2398493975: [獭獭云旅游军团@🎤啥(887156367)] Freeze_Kirin(768173212) -> 这次演习攻速hit数为王
2023-09-06 19:00:27 V/Bot.2398493975: [獭獭云旅游军团@🎤啥(887156367)] Freeze_Kirin(768173212) -> 1级黑猫都比阿鲁强
2023-09-06 19:05:33 V/Bot.2398493975: [獭獭云旅游军团@🎤啥(887156367)] タタ@獭獭·ω·咖波●ω●军团(1609323331) -> 汉堡超人[mirai:image:{ED313A3C-ABA5-7462-18EC-66AE06E66765}.png, width=2388, height=1668, size=334542, type=JPG, isEmoji=false]
2023-09-06 19:05:52 V/Bot.2398493975: [獭獭云旅游军团@🎤啥(887156367)] Freeze_Kirin(768173212) -> 汉堡超人！
2023-09-06 19:06:06 V/Bot.2398493975: [獭獭云旅游军团@🎤啥(887156367)] Freeze_Kirin(768173212) -> 1级汉堡拯救世界.jpg
2023-09-06 19:06:07 V/Bot.2398493975: [獭獭云旅游军团@🎤啥(887156367)] zz@獺獺軍団(771507043) -> 为什么带春狙
2023-09-06 19:06:25 V/Bot.2398493975: [獭獭云旅游军团@🎤啥(887156367)] タタ@獭獭·ω·咖波●ω●军团(1609323331) -> bzd
2023-09-06 19:06:32 V/Bot.2398493975: [獭獭云旅游军团@🎤啥(887156367)] タタ@獭獭·ω·咖波●ω●军团(1609323331) -> 我想抽体操晴奈
2023-09-06 19:06:49 V/Bot.2398493975: [獭獭云旅游军团@🎤啥(887156367)] タタ@獭獭·ω·咖波●ω●军团(1609323331) -> 1级用到85级的
2023-09-06 19:06:53 V/Bot.2398493975: [獭獭云旅游军团@🎤啥(887156367)] Freeze_Kirin(768173212) -> 啊，下个池子有体操服晴奈吗
2023-09-06 19:06:53 V/Bot.2398493975: [獭獭云旅游军团@🎤啥(887156367)] タタ@獭獭·ω·咖波●ω●军团(1609323331) -> 顺手就塞进来了
2023-09-06 19:07:00 V/Bot.2398493975: [獭獭云旅游军团@🎤啥(887156367)] タタ@獭獭·ω·咖波●ω●军团(1609323331) -> [mirai:quote:[mirai:source:ids=[67889], internalIds=[-1626214789], from 768173212 to 887156367 at 1693998413], content=<not yet initialized>][mirai:at:768173212] 应该是
2023-09-06 19:07:14 V/Bot.2398493975: [獭獭云旅游军团@🎤啥(887156367)] Freeze_Kirin(768173212) -> 是限定嘛
2023-09-06 19:07:29 V/Bot.2398493975: [獭獭云旅游军团@🎤啥(887156367)] タタ@獭獭·ω·咖波●ω●军团(1609323331) -> 15号早上活动结束大概率是无缝衔接运动会2期
2023-09-06 19:07:34 V/Bot.2398493975: [獭獭云旅游军团@🎤啥(887156367)] タタ@獭獭·ω·咖波●ω●军团(1609323331) -> 不是限定
2023-09-06 19:07:36 V/Bot.2398493975: [獭獭云旅游军团@🎤啥(887156367)] タタ@獭獭·ω·咖波●ω●军团(1609323331) -> [mirai:image:{ECB1281E-E17C-F20E-0060-DA328002022A}.png, width=216, height=138, size=4514, type=JPG, isEmoji=true]
2023-09-06 19:07:48 V/Bot.2398493975: [獭獭云旅游军团@🎤啥(887156367)] Freeze_Kirin(768173212) -> 晴奈有体操服的话，岂不是和白子一样有三个了
2023-09-06 19:07:55 V/Bot.2398493975: [獭獭云旅游军团@🎤啥(887156367)] タタ@獭獭·ω·咖波●ω●军团(1609323331) -> 但是你把限定两个都抽出来就可以井晴奈了
2023-09-06 19:08:00 V/Bot.2398493975: [獭獭云旅游军团@🎤啥(887156367)] タタ@獭獭·ω·咖波●ω●军团(1609323331) -> 对捏！
2023-09-06 19:08:02 V/Bot.2398493975: [獭獭云旅游军团@🎤啥(887156367)] タタ@獭獭·ω·咖波●ω●军团(1609323331) -> 老婆
2023-09-06 19:08:06 V/Bot.2398493975: [獭獭云旅游军团@🎤啥(887156367)] Freeze_Kirin(768173212) -> [mirai:image:{F87E3EF4-8187-4A2A-A35E-1458075CE4EB}.gif, width=370, height=300, size=53449, type=GIF, isEmoji=false]
2023-09-06 19:08:06 V/Bot.2398493975: [獭獭云旅游军团@🎤啥(887156367)] タタ@獭獭·ω·咖波●ω●军团(1609323331) -> [mirai:image:{D433A686-CCE9-F2AE-B701-ED67C8F26A07}.png, width=200, height=200, size=89332, type=GIF, isEmoji=true]
2023-09-06 19:08:25 V/Bot.2398493975: [獭獭云旅游军团@🎤啥(887156367)] Freeze_Kirin(768173212) -> 我只希望我不要吃三个井才能抽到三个
2023-09-06 19:08:37 V/Bot.2398493975: [獭獭云旅游军团@🎤啥(887156367)] タタ@獭獭·ω·咖波●ω●军团(1609323331) -> [mirai:image:{15530C6E-2E2B-8726-AC46-20AE8098381B}.png, width=174, height=172, size=5372, type=JPG, isEmoji=true]
2023-09-06 19:09:14 V/Bot.2398493975: [獭獭云旅游军团@🎤啥(887156367)] タタ@獭獭·ω·咖波●ω●军团(1609323331) -> [mirai:image:{614F345C-C5CB-90ED-C876-3A351BE71073}.png, width=2388, height=1668, size=1358991, type=PNG, isEmoji=false]
2023-09-06 19:09:22 V/Bot.2398493975: [獭獭云旅游军团@🎤啥(887156367)] タタ@獭獭·ω·咖波●ω●军团(1609323331) -> 哪种枪攻速快啊
2023-09-06 19:09:40 V/Bot.2398493975: [獭獭云旅游军团@🎤啥(887156367)] Freeze_Kirin(768173212) -> 呃，ar和mg？
2023-09-06 19:10:03 V/Bot.2398493975: [獭獭云旅游军团@🎤啥(887156367)] タタ@獭獭·ω·咖波●ω●军团(1609323331) -> smg捏
2023-09-06 19:10:37 V/Bot.2398493975: [獭獭云旅游军团@🎤啥(887156367)] タタ@獭獭·ω·咖波●ω●军团(1609323331) -> 你就不能往前走一步嘛[mirai:image:{38DBFAD7-C873-A68E-9AA1-6BCA12018BA4}.png, width=2388, height=1668, size=614776, type=JPG, isEmoji=false]
2023-09-06 19:10:37 V/Bot.2398493975: [獭獭云旅游军团@🎤啥(887156367)] タタ@獭獭·ω·咖波●ω●军团(1609323331) -> [mirai:image:{7C659D43-DA9A-9B1E-6F64-D0CA83C3AF08}.png, width=308, height=218, size=88602, type=GIF, isEmoji=true]
2023-09-06 19:10:41 V/Bot.2398493975: [獭獭云旅游军团@🎤啥(887156367)] Freeze_Kirin(768173212) -> 不清楚（
2023-09-06 19:11:24 V/Bot.2398493975: [獭獭云旅游军团@🎤啥(887156367)] Freeze_Kirin(768173212) -> smg没试，我只试了ar，mg，sg和sr
2023-09-06 19:11:29 V/Bot.2398493975: [獭獭云旅游军团@🎤啥(887156367)] タタ@獭獭·ω·咖波●ω●军团(1609323331) -> smg好像也还行[mirai:image:{E13C7E3E-5516-736C-38BA-4E8CBDA240B7}.png, width=2388, height=1668, size=318846, type=JPG, isEmoji=false]
2023-09-06 19:11:36 V/Bot.2398493975: [獭獭云旅游军团@🎤啥(887156367)] タタ@獭獭·ω·咖波●ω●军团(1609323331) -> 是hina太快了
2023-09-06 19:12:13 V/Bot.2398493975: [獭獭云旅游军团@🎤啥(887156367)] タタ@獭獭·ω·咖波●ω●军团(1609323331) -> 不用开技能好好玩
2023-09-06 19:12:18 V/Bot.2398493975: [獭獭云旅游军团@🎤啥(887156367)] タタ@獭獭·ω·咖波●ω●军团(1609323331) -> 就去就可以挂机了
2023-09-06 19:12:21 V/Bot.2398493975: Event: GroupRecall(bot=Bot(2398493975), authorId=1609323331, messageIds=[67915], messageInternalIds=[1479531085], messageTime=1693998737, operator=NormalMember(1609323331), group=Group(887156367), author=NormalMember(1609323331))
2023-09-06 19:12:26 V/Bot.2398493975: [獭獭云旅游军团@🎤啥(887156367)] タタ@獭獭·ω·咖波●ω●军团(1609323331) -> 进去就可以挂机了
2023-09-06 19:12:39 V/Bot.2398493975: [獭獭云旅游军团@🎤啥(887156367)] Freeze_Kirin(768173212) -> 我三队一队借toki，一队水nina一队水富婆，全靠ex（）
2023-09-06 19:12:46 V/Bot.2398493975: [獭獭云旅游军团@🎤啥(887156367)] Freeze_Kirin(768173212) -> [mirai:image:{9FD17DA2-3728-E266-EEB8-3C9CA3975853}.gif, width=240, height=240, size=97016, type=GIF, isEmoji=false]
2023-09-06 19:12:48 V/Bot.2398493975: [獭獭云旅游军团@🎤啥(887156367)] Freeze_Kirin(768173212) -> 没有hina
2023-09-06 19:13:29 V/Bot.2398493975: [獭獭云旅游军团@🎤啥(887156367)] zz@獺獺軍団(771507043) -> toki好强[mirai:image:{FAF52A28-154C-B539-AE6C-537CEEB608E1}.png, width=2778, height=1284, size=330867, type=JPG, isEmoji=false]
2023-09-06 19:14:53 V/Bot.2398493975: [獭獭云旅游军团@🎤啥(887156367)] Freeze_Kirin(768173212) -> toki和兔toki感觉hit数都好高
2023-09-06 19:15:08 V/Bot.2398493975: [獭獭云旅游军团@🎤啥(887156367)] タタ@獭獭·ω·咖波●ω●军团(1609323331) -> 换皮不会换武器捏
2023-09-06 19:15:13 V/Bot.2398493975: [獭獭云旅游军团@🎤啥(887156367)] タタ@獭獭·ω·咖波●ω●军团(1609323331) -> 所以不会差太多
2023-09-06 19:15:22 V/Bot.2398493975: [獭獭云旅游军团@🎤啥(887156367)] Freeze_Kirin(768173212) -> soga
2023-09-06 19:19:35 I/UnidbgFetchQsign: Bot(2398493975) request_token, submit success
2023-09-06 19:34:45 V/Bot.2398493975: [獭獭云旅游军团@🎤啥(887156367)] タタ@獭獭·ω·咖波●ω●军团(1609323331) -> 多了400分[mirai:image:{76D95250-6E1B-A245-8526-289E0EBD5B32}.png, width=2388, height=1668, size=414061, type=JPG, isEmoji=false]
2023-09-06 19:35:53 V/Bot.2398493975: [獭獭云旅游军团@🎤啥(887156367)] zz@獺獺軍団(771507043) -> 应该a一个水富婆的[mirai:image:{C0E395E4-EEE1-A2F3-EBD6-BDAF97C605FF}.png, width=2778, height=1284, size=419393, type=JPG, isEmoji=false]
2023-09-06 19:40:37 V/Bot.2398493975: [獭獭云旅游军团@🎤啥(887156367)] Freeze_Kirin(768173212) -> [mirai:quote:[mirai:source:ids=[67925], internalIds=[942538904], from 1609323331 to 887156367 at 1694000085], content=<not yet initialized>][mirai:at:1609323331] 为什么艾米一级开专
2023-09-06 19:40:41 V/Bot.2398493975: [獭獭云旅游军团@🎤啥(887156367)] Freeze_Kirin(768173212) -> [mirai:image:{15530C6E-2E2B-8726-AC46-20AE8098381B}.jpg, width=174, height=172, size=5372, type=JPG, isEmoji=false]
2023-09-06 19:51:03 V/Bot.2398493975: [獭獭云旅游军团@🎤啥(887156367)] タタ@獭獭·ω·咖波●ω●军团(1609323331) -> [mirai:image:{03330117-93A5-3C2E-03E0-EEE0A296B3DC}.png, width=2388, height=1668, size=513946, type=JPG, isEmoji=false]
2023-09-06 19:51:39 V/Bot.2398493975: [獭獭云旅游军团@🎤啥(887156367)] タタ@獭獭·ω·咖波●ω●军团(1609323331) -> [mirai:image:{AFC6E4DA-4B8F-DE2C-C933-606D21498AA0}.png, width=324, height=300, size=62607, type=GIF, isEmoji=true]
2023-09-06 19:52:28 V/Bot.2398493975: [獭獭云旅游军团@🎤啥(887156367)] タタ@獭獭·ω·咖波●ω●军团(1609323331) -> 一直白嫖一直爽[mirai:image:{A94C56DF-FD25-229C-8770-1B88D08B102F}.png, width=2388, height=1668, size=472303, type=JPG, isEmoji=false]
2023-09-06 19:59:41 I/UnidbgFetchQsign: Bot(2398493975) request_token, submit success
2023-09-06 20:15:49 V/Bot.2398493975: [獭獭云旅游军团@🎤啥(887156367)] Freeze_Kirin(768173212) -> 草
2023-09-06 20:24:16 V/Bot.2398493975: [SHT荔枝麻酱协会(493057481)] Ares(2304847556) -> ！查查我的
2023-09-06 20:24:17 V/Bot.2398493975: Group(493057481) <- 昵称：Ares
段位：新人
rate：1511.01
近期顺位：2
更多数据请访问：http://shanghaitech-mahjong.top/userid/2304847556
2023-09-06 20:39:42 I/UnidbgFetchQsign: Bot(2398493975) request_token, submit success
2023-09-06 20:46:09 V/Bot.2398493975: [SHT荔枝麻酱协会(493057481)] 1st(576851388) -> 有没有雀，想打雀了
2023-09-06 20:49:35 V/Bot.2398493975: [SHT荔枝麻酱协会(493057481)] 殒落凡尘的星(2510816477) -> 学生活动中心什么时候关门
2023-09-06 20:50:01 V/Bot.2398493975: [SHT荔枝麻酱协会(493057481)] 冰水 麻将小怨妇(x(308217149) -> 封校的时候）
2023-09-06 20:50:02 V/Bot.2398493975: [SHT荔枝麻酱协会(493057481)] 小红@獭獭军团(963423936) -> 理论上不会关门
2023-09-06 20:50:36 V/Bot.2398493975: [SHT荔枝麻酱协会(493057481)] 殒落凡尘的星(2510816477) -> 宿舍楼呢？
2023-09-06 21:01:12 V/Bot.2398493975: [SHT荔枝麻酱协会(493057481)] 冰水 麻将小怨妇(x(308217149) -> 签字就行
2023-09-06 21:01:17 V/Bot.2398493975: [SHT荔枝麻酱协会(493057481)] 冰水 麻将小怨妇(x(308217149) -> 那个只是用来备注的
2023-09-06 21:01:19 V/Bot.2398493975: [SHT荔枝麻酱协会(493057481)] hzc(2384102753) -> 有没有雀，想打雀了
2023-09-06 21:01:19 V/Bot.2398493975: [SHT荔枝麻酱协会(493057481)] 冰水 麻将小怨妇(x(308217149) -> 没啥影响
2023-09-06 21:03:28 V/Bot.2398493975: [SHT荔枝麻酱协会(493057481)] chino(704937242) -> yw
2023-09-06 21:18:46 V/Bot.2398493975: [獭獭云旅游军团@🎤啥(887156367)] zz@獺獺軍団(771507043) -> [mirai:image:{DC5E4970-B7E5-207D-785D-1C9A4BC34E58}.png, width=696, height=472, size=66826, type=JPG, isEmoji=false]
2023-09-06 21:18:52 V/Bot.2398493975: [獭獭云旅游军团@🎤啥(887156367)] zz@獺獺軍団(771507043) -> 要28次了
2023-09-06 21:19:42 I/UnidbgFetchQsign: Bot(2398493975) request_token, submit success
2023-09-06 21:23:55 V/Bot.2398493975: [SHT荔枝麻酱协会(493057481)] hzc(2384102753) -> yw
2023-09-06 21:24:20 V/Bot.2398493975: [SHT荔枝麻酱协会(493057481)] rokina(1024182759) -> yw
2023-09-06 21:24:24 V/Bot.2398493975: [SHT荔枝麻酱协会(493057481)] ライちゃん(392595084) -> yw
2023-09-06 21:24:29 V/Bot.2398493975: [SHT荔枝麻酱协会(493057481)] rokina(1024182759) -> ！查查我的
2023-09-06 21:24:30 V/Bot.2398493975: Group(493057481) <- 昵称：@1024182759
段位：新人
rate：1510.01
近期顺位：2
更多数据请访问：http://shanghaitech-mahjong.top/userid/1024182759
2023-09-06 21:30:31 V/Bot.2398493975: [SHT荔枝麻酱协会(493057481)] hzc(2384102753) -> 快来 你们来人就够了
2023-09-06 21:31:59 V/Bot.2398493975: [SHT荔枝麻酱协会(493057481)] hzc(2384102753) -> 3=1
2023-09-06 21:32:37 V/Bot.2398493975: [獭獭云旅游军团@🎤啥(887156367)] zz@獺獺軍団(771507043) -> [不支持的消息#-1616866298][mirai:image:{B100A3B1-732F-D30C-FD46-9798DBDA7584}.jpg, width=2956, height=1028, size=2823968, type=PNG, isEmoji=false]
2023-09-06 21:32:55 V/Bot.2398493975: [SHT荔枝麻酱协会(493057481)] rokina(1024182759) -> 3=1
2023-09-06 21:33:05 V/Bot.2398493975: [SHT荔枝麻酱协会(493057481)] Ares(2304847556) -> 3=1
2023-09-06 21:33:12 V/Bot.2398493975: [SHT荔枝麻酱协会(493057481)] chino(704937242) -> 来了
2023-09-06 21:33:32 V/Bot.2398493975: [SHT荔枝麻酱协会(493057481)] MEOW@獭獭bot(1609323331) -> [mirai:image:{3025113A-DB18-AC5D-5B11-047A481D1A9D}.png, width=934, height=882, size=80010, type=JPG, isEmoji=false]
2023-09-06 21:33:52 V/Bot.2398493975: [SHT荔枝麻酱协会(493057481)] rokina(1024182759) -> ！jrrp
2023-09-06 21:33:53 V/Bot.2398493975: Group(493057481) <- 今日人品：小吉
今日适宜役种：一杯口
(为防止刷屏，一日内不可多次查询哦！)
2023-09-06 21:33:55 V/Bot.2398493975: [獭獭云旅游军团@🎤啥(887156367)] hzc@獭獭軍団二度受(2384102753) -> 3s扔了
2023-09-06 21:34:10 V/Bot.2398493975: [獭獭云旅游军团@🎤啥(887156367)] タタ@獭獭·ω·咖波●ω●军团(1609323331) -> 3s扔了
2023-09-06 21:34:15 V/Bot.2398493975: [獭獭云旅游军团@🎤啥(887156367)] タタ@獭獭·ω·咖波●ω●军团(1609323331) -> ！jrrp
2023-09-06 21:34:16 V/Bot.2398493975: Group(887156367) <- 今日人品：吉
今日适宜役种：断幺九
(为防止刷屏，一日内不可多次查询哦！)
2023-09-06 21:34:24 V/Bot.2398493975: [獭獭云旅游军团@🎤啥(887156367)] hzc@獭獭軍団二度受(2384102753) -> ！jrrp
2023-09-06 21:34:24 V/Bot.2398493975: [獭獭云旅游军团@🎤啥(887156367)] タタ@獭獭·ω·咖波●ω●军团(1609323331) -> 怎么两个群里不一样
2023-09-06 21:34:25 V/Bot.2398493975: Group(887156367) <- 今日人品：吉
今日适宜役种：一气通贯
(为防止刷屏，一日内不可多次查询哦！)
2023-09-06 21:34:26 V/Bot.2398493975: [獭獭云旅游军团@🎤啥(887156367)] タタ@獭獭·ω·咖波●ω●军团(1609323331) -> [mirai:image:{15530C6E-2E2B-8726-AC46-20AE8098381B}.png, width=174, height=172, size=5372, type=JPG, isEmoji=true]
2023-09-06 21:34:52 V/Bot.2398493975: [獭獭云旅游军团@🎤啥(887156367)] Freeze_Kirin(768173212) -> 这不就是从词库里随即给你发一条吗
2023-09-06 21:34:55 V/Bot.2398493975: [獭獭云旅游军团@🎤啥(887156367)] Freeze_Kirin(768173212) -> 当然不一样
2023-09-06 21:35:04 V/Bot.2398493975: [獭獭云旅游军团@🎤啥(887156367)] タタ@獭獭·ω·咖波●ω●军团(1609323331) -> ！jrrp
2023-09-06 21:35:05 V/Bot.2398493975: Group(887156367) <- 今日人品：中吉
今日适宜役种：九莲宝灯
(为防止刷屏，一日内不可多次查询哦！)
2023-09-06 21:35:12 V/Bot.2398493975: [獭獭云旅游军团@🎤啥(887156367)] タタ@獭獭·ω·咖波●ω●军团(1609323331) -> [mirai:image:{AF3F0834-CE1A-C9F1-3942-926C0C79FF9F}.png, width=150, height=150, size=5701, type=JPG, isEmoji=true]
2023-09-06 21:35:21 V/Bot.2398493975: [獭獭云旅游军团@🎤啥(887156367)] hzc@獭獭軍団二度受(2384102753) -> 哇哦
2023-09-06 21:35:25 V/Bot.2398493975: [獭獭云旅游军团@🎤啥(887156367)] Freeze_Kirin(768173212) -> 他下面的提示就是hm写上去防止刷屏的（
2023-09-06 21:35:35 V/Bot.2398493975: [獭獭云旅游军团@🎤啥(887156367)] hm@獭獭不走人行道军团(2461942798) -> 不是防止刷屏
2023-09-06 21:35:44 V/Bot.2398493975: [獭獭云旅游军团@🎤啥(887156367)] タタ@獭獭·ω·咖波●ω●军团(1609323331) -> 不是防止查出来两次不一样吗
2023-09-06 21:35:55 V/Bot.2398493975: [獭獭云旅游军团@🎤啥(887156367)] タタ@獭獭·ω·咖波●ω●军团(1609323331) -> 懒得写cd是吧
2023-09-06 21:35:56 V/Bot.2398493975: [獭獭云旅游军团@🎤啥(887156367)] タタ@獭獭·ω·咖波●ω●军团(1609323331) -> [mirai:image:{C8E8094B-CB49-F06F-791E-0B522869926D}.png, width=300, height=300, size=17848, type=JPG, isEmoji=true]
2023-09-06 21:35:58 V/Bot.2398493975: [獭獭云旅游军团@🎤啥(887156367)] hm@獭獭不走人行道军团(2461942798) -> 是目前还没实现一天内一个号查出来都是一样的这个功能
2023-09-06 21:36:03 V/Bot.2398493975: [獭獭云旅游军团@🎤啥(887156367)] Freeze_Kirin(768173212) -> 好，把潜水员hm钓出来了
2023-09-06 21:36:10 V/Bot.2398493975: [獭獭云旅游军团@🎤啥(887156367)] タタ@獭獭·ω·咖波●ω●军团(1609323331) -> [mirai:image:{34EA37F2-B647-0E8D-8364-93647B7B53CE}.png, width=420, height=341, size=169503, type=GIF, isEmoji=true]
2023-09-06 21:36:15 V/Bot.2398493975: [獭獭云旅游军团@🎤啥(887156367)] タタ@獭獭·ω·咖波●ω●军团(1609323331) -> 呆捕
2023-09-06 21:36:43 V/Bot.2398493975: [獭獭云旅游军团@🎤啥(887156367)] zz@獺獺軍団(771507043) -> [mirai:quote:[mirai:source:ids=[67936], internalIds=[1107791231], from 2384102753 to 887156367 at 1694007235], content=<not yet initialized>][mirai:at:2384102753] 为什么
2023-09-06 21:36:43 V/Bot.2398493975: [獭獭云旅游军团@🎤啥(887156367)] hm@獭獭不走人行道军团(2461942798) -> 你当然可以多次查询
2023-09-06 21:36:47 V/Bot.2398493975: [獭獭云旅游军团@🎤啥(887156367)] hm@獭獭不走人行道军团(2461942798) -> ！jrrp
2023-09-06 21:36:48 V/Bot.2398493975: Group(887156367) <- 今日人品：吉
今日适宜役种：立直
(为防止刷屏，一日内不可多次查询哦！)
2023-09-06 21:36:52 V/Bot.2398493975: [獭獭云旅游军团@🎤啥(887156367)] hm@獭獭不走人行道军团(2461942798) -> ！jrrp
2023-09-06 21:36:54 V/Bot.2398493975: Group(887156367) <- 今日人品：吉
今日适宜役种：役牌
(为防止刷屏，一日内不可多次查询哦！)
2023-09-06 21:36:58 V/Bot.2398493975: [獭獭云旅游军团@🎤啥(887156367)] hm@獭獭不走人行道军团(2461942798) -> 别告诉别人（
2023-09-06 21:37:11 V/Bot.2398493975: [獭獭云旅游军团@🎤啥(887156367)] zz@獺獺軍団(771507043) -> 不都是低目满贯高目倍满吗
2023-09-06 21:37:12 V/Bot.2398493975: [獭獭云旅游军团@🎤啥(887156367)] hzc@獭獭軍団二度受(2384102753) -> 我应该是群里发言第二少的
2023-09-06 21:37:18 V/Bot.2398493975: [獭獭云旅游军团@🎤啥(887156367)] タタ@獭獭·ω·咖波●ω●军团(1609323331) -> ！jrrp
2023-09-06 21:37:19 V/Bot.2398493975: Group(887156367) <- 今日人品：吉
今日适宜役种：断幺九
(为防止刷屏，一日内不可多次查询哦！)
2023-09-06 21:37:26 V/Bot.2398493975: [獭獭云旅游军团@🎤啥(887156367)] タタ@獭獭·ω·咖波●ω●军团(1609323331) -> [mirai:quote:[mirai:source:ids=[67967], internalIds=[151470867], from 2384102753 to 887156367 at 1694007432], content=<not yet initialized>][mirai:at:2384102753] 啥
2023-09-06 21:37:29 V/Bot.2398493975: [獭獭云旅游军团@🎤啥(887156367)] タタ@獭獭·ω·咖波●ω●军团(1609323331) -> [mirai:image:{AF3F0834-CE1A-C9F1-3942-926C0C79FF9F}.png, width=150, height=150, size=5701, type=JPG, isEmoji=true]
2023-09-06 21:38:02 V/Bot.2398493975: [獭獭云旅游军团@🎤啥(887156367)] Freeze_Kirin(768173212) -> 一天里只能查一次并且结果一样这个功能骰子可以实现，但是不知道他们代码咋写的）
2023-09-06 21:38:51 V/Bot.2398493975: [獭獭云旅游军团@🎤啥(887156367)] hm@獭獭不走人行道军团(2461942798) -> 是可以实现 懒得写了 以后看心情不上去（
2023-09-06 21:38:53 V/Bot.2398493975: [獭獭云旅游军团@🎤啥(887156367)] 冰水@不会反身跳军团(308217149) -> 在本地存储一个时间戳
2023-09-06 21:39:08 V/Bot.2398493975: Event: GroupRecall(bot=Bot(2398493975), authorId=2461942798, messageIds=[67973], messageInternalIds=[-1273253188], messageTime=1694007530, operator=NormalMember(2461942798), group=Group(887156367), author=NormalMember(2461942798))
2023-09-06 21:39:08 V/Bot.2398493975: [獭獭云旅游军团@🎤啥(887156367)] hm@獭獭不走人行道军团(2461942798) -> 是可以实现 懒得写了 以后看心情补上去（en
2023-09-06 21:39:08 V/Bot.2398493975: [獭獭云旅游军团@🎤啥(887156367)] 冰水@不会反身跳军团(308217149) -> 如果是在同一天就不响应（）
2023-09-06 21:39:08 V/Bot.2398493975: [獭獭云旅游军团@🎤啥(887156367)] zz@獺獺軍団(771507043) -> 直接把qq号加日期做伪随机的种子
2023-09-06 21:39:13 V/Bot.2398493975: [獭獭云旅游军团@🎤啥(887156367)] Freeze_Kirin(768173212) -> [mirai:quote:[mirai:source:ids=[67967], internalIds=[151470867], from 2384102753 to 887156367 at 1694007432], content=<not yet initialized>][mirai:at:2384102753] 不对啊，[mirai:at:1093406505] 这个才是最少的，hm其次
2023-09-06 21:39:16 V/Bot.2398493975: [獭獭云旅游军团@🎤啥(887156367)] 冰水@不会反身跳军团(308217149) -> 之前给女儿写偷食的时候搞过.jpg
2023-09-06 21:40:12 V/Bot.2398493975: [獭獭云旅游军团@🎤啥(887156367)] Freeze_Kirin(768173212) -> 冰子不喂自己女儿，让女儿去偷吃的
2023-09-06 21:40:21 V/Bot.2398493975: [獭獭云旅游军团@🎤啥(887156367)] 冰水@不会反身跳军团(308217149) -> 草
2023-09-06 21:40:22 V/Bot.2398493975: Event: MemberCardChangeEvent(origin=獭系卡尼, new=獭獭（卡尼）, member=NormalMember(1093406505))
2023-09-06 21:40:22 V/Bot.2398493975: [獭獭云旅游军团@🎤啥(887156367)] 獭獭（卡尼）(1093406505) -> [mirai:image:{DAF66F3F-B93D-5FAC-3A61-1BD37A816944}.png, width=500, height=500, size=234406, type=GIF, isEmoji=false]
2023-09-06 21:40:25 V/Bot.2398493975: [獭獭云旅游军团@🎤啥(887156367)] 冰水@不会反身跳军团(308217149) -> 投食
2023-09-06 21:41:49 V/Bot.2398493975: [獭獭云旅游军团@🎤啥(887156367)] 萝卜@萝卜軍団(690875992) -> [mirai:quote:[mirai:source:ids=[67977], internalIds=[510059286], from 771507043 to 887156367 at 1694007547], content=<not yet initialized>][mirai:at:771507043] 太厉害的想法
2023-09-06 21:41:52 V/Bot.2398493975: [獭獭云旅游军团@🎤啥(887156367)] 萝卜@萝卜軍団(690875992) -> [赞]
2023-09-06 21:43:02 V/Bot.2398493975: [獭獭云旅游军团@🎤啥(887156367)] タタ@獭獭·ω·咖波●ω●军团(1609323331) -> [勾引]
2023-09-06 21:43:19 V/Bot.2398493975: [獭獭云旅游军团@🎤啥(887156367)] 萝卜@萝卜軍団(690875992) -> 我第一反应都是想办法记录下这件事
2023-09-06 21:43:46 V/Bot.2398493975: [獭獭云旅游军团@🎤啥(887156367)] Freeze_Kirin(768173212) -> [赞]
2023-09-06 21:43:47 V/Bot.2398493975: [獭獭云旅游军团@🎤啥(887156367)] 萝卜@萝卜軍団(690875992) -> 这个想法太清新了
2023-09-06 21:44:12 V/Bot.2398493975: [獭獭云旅游军团@🎤啥(887156367)] タタ@獭獭·ω·咖波●ω●军团(1609323331) -> [拳头]
2023-09-06 21:44:20 V/Bot.2398493975: [獭獭云旅游军团@🎤啥(887156367)] hzc@獭獭軍団二度受(2384102753) -> 哇哦
2023-09-06 21:57:56 V/Bot.2398493975: [SHT荔枝麻酱协会(493057481)] N！T！R！！！(269418386) -> hlb反抗命运
2023-09-06 21:59:27 V/Bot.2398493975: [SHT荔枝麻酱协会(493057481)] Twilight(1014197424) -> hlb反抗命运
2023-09-06 21:59:39 V/Bot.2398493975: [SHT荔枝麻酱协会(493057481)] 布莱克提(690875992) -> hlb反抗命运
2023-09-06 21:59:49 I/UnidbgFetchQsign: Bot(2398493975) request_token, submit success
2023-09-06 22:00:56 V/Bot.2398493975: [SHT荔枝麻酱协会(493057481)] ライちゃん(392595084) -> hlb反抗命运
2023-09-06 22:01:06 V/Bot.2398493975: [SHT荔枝麻酱协会(493057481)] 大可奇丽(1485280964) -> hlb反抗命运
2023-09-06 22:05:56 V/Bot.2398493975: [SHT荔枝麻酱协会(493057481)] 隔壁老王(297234073) -> hlb反抗命运
2023-09-06 22:20:35 V/Bot.2398493975: [獭獭云旅游军团@🎤啥(887156367)] 萝卜@萝卜軍団(690875992) -> [mirai:image:{96E66B5B-17F3-BD47-9A2A-0AE5539E4CDF}.jpg, width=406, height=98, size=6762, type=PNG, isEmoji=false]
2023-09-06 22:39:49 I/UnidbgFetchQsign: Bot(2398493975) request_token, submit success
2023-09-06 22:44:52 V/Bot.2398493975: [獭獭云旅游军团@🎤啥(887156367)] タタ@獭獭·ω·咖波●ω●军团(1609323331) -> [mirai:image:{DC9B2BE6-6D79-53E2-FBEB-E1C7A66F47DD}.png, width=160, height=122, size=3876, type=JPG, isEmoji=true]
2023-09-06 23:00:28 V/Bot.2398493975: [獭獭云旅游军团@🎤啥(887156367)] zz@獺獺軍団(771507043) -> [不支持的消息#265427378][mirai:image:{DB2BFEE8-78A8-4EC0-1F88-BC0207ED2B76}.jpg, width=1080, height=1869, size=1554224, type=PNG, isEmoji=false]不用上线了
2023-09-06 23:08:47 V/Bot.2398493975: [SHT荔枝麻酱协会(493057481)] rokina(1024182759) -> hlb反抗命运
2023-09-06 23:08:55 V/Bot.2398493975: [SHT荔枝麻酱协会(493057481)] chino(704937242) -> 27100
2023-09-06 23:08:58 V/Bot.2398493975: [SHT荔枝麻酱协会(493057481)] rokina(1024182759) -> 43700
2023-09-06 23:08:59 V/Bot.2398493975: [SHT荔枝麻酱协会(493057481)] hzc(2384102753) -> 3300
2023-09-06 23:08:59 V/Bot.2398493975: [SHT荔枝麻酱协会(493057481)] Ares(2304847556) -> 25900
2023-09-06 23:09:01 V/Bot.2398493975: Group(493057481) <- 记录成功：
rokina: 43700
chino: 27100
Ares: 25900
hzc: 3300
2023-09-06 23:10:00 V/Bot.2398493975: [SHT荔枝麻酱协会(493057481)] naf2021(3469392519) -> 反抗失败
2023-09-06 23:10:03 V/Bot.2398493975: [SHT荔枝麻酱协会(493057481)] yyyouch(2461942798) -> 反抗失败
2023-09-06 23:10:07 V/Bot.2398493975: [SHT荔枝麻酱协会(493057481)] naf2021(3469392519) -> [mirai:image:{F8CE3B2B-BE43-B7F9-9D6B-9E7C4734DFC2}.jpg, width=63, height=52, size=727, type=JPG, isEmoji=true]
2023-09-06 23:16:51 V/Bot.2398493975: [SHT荔枝麻酱协会(493057481)] Hatsune(467091276) -> 反抗失败
2023-09-06 23:18:40 V/Bot.2398493975: [SHT荔枝麻酱协会(493057481)] ライちゃん(392595084) -> 这个占卜好准
2023-09-06 23:18:40 V/Bot.2398493975: [SHT荔枝麻酱协会(493057481)] Twilight(1014197424) -> 反抗失败
2023-09-06 23:18:48 V/Bot.2398493975: [SHT荔枝麻酱协会(493057481)] suiyuanliu(1324962753) -> 反抗失败
2023-09-06 23:19:01 V/Bot.2398493975: [SHT荔枝麻酱协会(493057481)] suiyuanliu(1324962753) -> 被命运雷普的hlb
2023-09-06 23:19:04 V/Bot.2398493975: Event: GroupRecall(bot=Bot(2398493975), authorId=1324962753, messageIds=[283122], messageInternalIds=[2009780903], messageTime=1694013528, operator=NormalMember(1324962753), group=Group(493057481), author=NormalMember(1324962753))
2023-09-06 23:19:30 V/Bot.2398493975: [獭獭云旅游军团@🎤啥(887156367)] タタ@獭獭·ω·咖波●ω●军团(1609323331) -> 草
2023-09-06 23:19:43 V/Bot.2398493975: [獭獭云旅游军团@🎤啥(887156367)] タタ@獭獭·ω·咖波●ω●军团(1609323331) -> 我还以为再也不用上线了（指跑路了
2023-09-06 23:19:50 I/UnidbgFetchQsign: Bot(2398493975) request_token, submit success
2023-09-06 23:19:51 V/Bot.2398493975: [獭獭云旅游军团@🎤啥(887156367)] タタ@獭獭·ω·咖波●ω●军团(1609323331) -> [mirai:image:{8AFCF605-FDCE-9015-3438-526A21D02EF5}.png, width=300, height=192, size=8379, type=JPG, isEmoji=true]
2023-09-06 23:20:04 V/Bot.2398493975: [SHT荔枝麻酱协会(493057481)] MEOW@獭獭bot(1609323331) -> 居然没飞
2023-09-06 23:20:06 V/Bot.2398493975: [SHT荔枝麻酱协会(493057481)] MEOW@獭獭bot(1609323331) -> [mirai:image:{8AFCF605-FDCE-9015-3438-526A21D02EF5}.png, width=300, height=192, size=8379, type=JPG, isEmoji=true]
2023-09-06 23:22:33 V/Bot.2398493975: [SHT荔枝麻酱协会(493057481)] N！T！R！！！(269418386) -> [mirai:image:{E8D61CDD-1503-5B70-049D-2689AE63DF7C}.jpg, width=250, height=250, size=750363, type=GIF, isEmoji=true]
2023-09-06 23:23:56 V/Bot.2398493975: Event: BotOfflineEvent.Dropped(bot=Bot(2398493975), cause=HeartbeatFailedException: 2398493975.StatHeartbeat, recoverable=true, cause=PacketTimeoutException(message=2398493975.StatHeartbeat Scheduler: Timeout receiving action response, cause=kotlinx.coroutines.TimeoutCancellationException: Timed out waiting for 5000 ms), reconnect=true)
2023-09-06 23:23:56 W/Bot.2398493975: Connection lost, reconnecting... (HeartbeatFailedException: 2398493975.StatHeartbeat, recoverable=true, cause=PacketTimeoutException(message=2398493975.StatHeartbeat Scheduler: Timeout receiving action response, cause=kotlinx.coroutines.TimeoutCancellationException: Timed out waiting for 5000 ms))
2023-09-06 23:23:56 I/UnidbgFetchQsign: Bot(2398493975) initialize by http://127.0.0.1:8080
2023-09-06 23:23:56 I/UnidbgFetchQsign: Bot(2398493975) initialize complete
2023-09-06 23:23:57 I/Bot.2398493975: Saved account secrets to local cache for fast login.
2023-09-06 23:23:57 I/Bot.2398493975: Login successful.
2023-09-06 23:23:57 V/Bot.2398493975: Event: BotOnlineEvent(bot=Bot(2398493975))
2023-09-06 23:23:57 V/Bot.2398493975: Event: BotReloginEvent(bot=Bot(2398493975), cause=null)
2023-09-06 23:23:57 I/Bot.2398493975: Reconnected successfully in 1.621s.
2023-09-06 23:54:30 V/Bot.2398493975: [獭獭云旅游军团@🎤啥(887156367)] zz@獺獺軍団(771507043) -> 这个是谁[mirai:image:{E0C38361-DFC4-0D53-C9ED-F924E8FC64AE}.png, width=1284, height=708, size=224215, type=JPG, isEmoji=false]
2023-09-06 23:59:06 V/Bot.2398493975: [SHT荔枝麻酱协会(493057481)] naf2021(3469392519) -> 魂天能打玉间吗？[mirai:image:{1A5A14FE-48D7-E9C0-8095-D59CF114A84E}.jpg, width=1920, height=1080, size=260937, type=JPG, isEmoji=false]
2023-09-06 23:59:56 I/UnidbgFetchQsign: Bot(2398493975) request_token, submit success
