2023-09-27 00:02:52 V/Bot.2398493975: [test(389193066)] dd小助手(3459246674) -> 赤五教教主亮亮 直播结束了
2023-09-27 00:03:04 V/Bot.2398493975: [test(389193066)] dd小助手(3459246674) -> [mirai:image:{A21DA26A-FF4B-F74B-8F44-00805C533754}.png, width=1000, height=7347, size=824795, type=PNG, isEmoji=false]
2023-09-27 00:15:30 V/Bot.2398493975: [SHT荔枝麻酱协会(493057481)] zz(771507043) -> 19700
2023-09-27 00:15:37 V/Bot.2398493975: [SHT荔枝麻酱协会(493057481)] L(1114249281) -> 12000
2023-09-27 00:16:07 V/Bot.2398493975: [SHT荔枝麻酱协会(493057481)] Achtung thee(964893961) -> 40600
2023-09-27 00:16:15 V/Bot.2398493975: [SHT荔枝麻酱协会(493057481)] 4000all！(1846411487) -> 27700
2023-09-27 00:16:16 V/Bot.2398493975: Group(493057481) <- 记录成功：
Achtung thee: 40600
4000all！: 27700
zz: 19700
L: 12000
2023-09-27 00:16:23 V/Bot.2398493975: [SHT荔枝麻酱协会(493057481)] 4000all！(1846411487) -> [mirai:at:964893961] ！查查你的
2023-09-27 00:16:24 V/Bot.2398493975: Group(493057481) <- 昵称：Achtung thee
段位：5级
rate：1538.33
近期顺位：3311414231
更多数据请访问：http://shanghaitech-mahjong.top/userid/964893961
2023-09-27 00:16:38 V/Bot.2398493975: [SHT荔枝麻酱协会(493057481)] yyyouch(2461942798) -> [mirai:at:1846411487] ！查查你的
2023-09-27 00:16:40 V/Bot.2398493975: Group(493057481) <- 昵称：4000all！
段位：4级
rate：1382.39
近期顺位：4333311442
更多数据请访问：http://shanghaitech-mahjong.top/userid/1846411487
2023-09-27 00:16:44 V/Bot.2398493975: [SHT荔枝麻酱协会(493057481)] yyyouch(2461942798) -> 我猜你下一个是2
2023-09-27 00:19:05 V/Bot.2398493975: [SHT荔枝麻酱协会(493057481)] 风行(1685448924) -> 笑死了
2023-09-27 00:29:50 I/UnidbgFetchQsign: Bot(2398493975) request_token, submit success
2023-09-27 00:34:56 V/Bot.2398493975: [獭獭不会交学费军团@(887156367)] zz@獺獺軍団(771507043) -> 原来日本的素面就是挂面
2023-09-27 00:35:01 V/Bot.2398493975: [獭獭不会交学费军团@(887156367)] zz@獺獺軍団(771507043) -> [mirai:image:{7B4FAB6B-0BA8-0F4C-F8DC-B2AF31AB603E}.png, width=512, height=512, size=192357, type=GIF, isEmoji=true]
2023-09-27 00:35:17 V/Bot.2398493975: Event: MemberCardChangeEvent(origin=铁锅炖獭獭ʕ❍ᴥ❍ʔ, new=獭獭ʕ❍ᴥ❍ʔ喜欢优香军团, member=NormalMember(1609323331))
2023-09-27 00:35:17 V/Bot.2398493975: [獭獭不会交学费军团@(887156367)] 獭獭ʕ❍ᴥ❍ʔ喜欢优香军团(1609323331) -> [mirai:image:{6A836FE2-0CD1-9013-A486-540CB2D62D63}.png, width=550, height=400, size=126436, type=GIF, isEmoji=false]
2023-09-27 00:35:36 V/Bot.2398493975: [獭獭不会交学费军团@(887156367)] zz@獺獺軍団(771507043) -> 刚意识到
2023-09-27 00:36:33 V/Bot.2398493975: [SHT荔枝麻酱协会(493057481)] naf2021(3469392519) -> 17700
2023-09-27 00:36:33 V/Bot.2398493975: [SHT荔枝麻酱协会(493057481)] 牙牙(1105692313) -> 33400
2023-09-27 00:36:38 V/Bot.2398493975: [SHT荔枝麻酱协会(493057481)] 卡农变奏(530079804) -> 13200
2023-09-27 00:37:03 V/Bot.2398493975: [SHT荔枝麻酱协会(493057481)] chino(704937242) -> 35700
2023-09-27 00:37:04 V/Bot.2398493975: Group(493057481) <- 记录成功：
chino: 35700
牙牙: 33400
naf2021: 17700
卡农变奏: 13200
2023-09-27 00:54:54 V/Bot.2398493975: [獭獭不会交学费军团@(887156367)] 萝卜@萝卜軍団(690875992) -> [mirai:image:{C9495329-C0B8-E9B1-1E7D-6EC099F7A4CB}.jpg, width=576, height=1280, size=38000, type=JPG, isEmoji=false]
2023-09-27 00:54:57 V/Bot.2398493975: [獭獭不会交学费军团@(887156367)] 萝卜@萝卜軍団(690875992) -> [mirai:image:{87EEFC8B-C429-BFE4-DAFE-240D508AABCB}.gif, width=368, height=288, size=183490, type=GIF, isEmoji=true]
2023-09-27 00:57:18 V/Bot.2398493975: [獭獭不会交学费军团@(887156367)] 冰水@不会反身跳军团(308217149) -> 就是骗人参观寝室的）
2023-09-27 00:57:39 V/Bot.2398493975: [獭獭不会交学费军团@(887156367)] Freeze_Kirin(768173212) -> [mirai:image:{B1416912-C911-EEB2-5EE4-EE03AC0B54CF}.png, width=128, height=103, size=48314, type=GIF, isEmoji=true]
2023-09-27 00:57:58 V/Bot.2398493975: [獭獭不会交学费军团@(887156367)] 獭獭ʕ❍ᴥ❍ʔ喜欢优香军团(1609323331) -> [mirai:image:{35EE10C3-477F-0FC1-47F3-27B1708C4ED7}.png, width=300, height=216, size=13366, type=JPG, isEmoji=true]
2023-09-27 01:06:17 V/Bot.2398493975: [獭獭不会交学费军团@(887156367)] 萝卜@萝卜軍団(690875992) -> 你的QQ暂不支持查看视频短片，请期待后续版本。[不支持的消息#1895379667]
2023-09-27 01:07:08 V/Bot.2398493975: [獭獭不会交学费军团@(887156367)] Freeze_Kirin(768173212) -> 妈的在寝室点开萝卜视频没绷住
2023-09-27 01:07:12 V/Bot.2398493975: [獭獭不会交学费军团@(887156367)] 獭獭ʕ❍ᴥ❍ʔ喜欢优香军团(1609323331) -> [mirai:image:{C2B9835A-B426-00E2-F859-124D34935BF1}.png, width=304, height=240, size=29087, type=GIF, isEmoji=true]
2023-09-27 01:07:18 V/Bot.2398493975: [獭獭不会交学费军团@(887156367)] Freeze_Kirin(768173212) -> [mirai:image:{C2B9835A-B426-00E2-F859-124D34935BF1}.png, width=304, height=240, size=29087, type=GIF, isEmoji=true]
2023-09-27 01:07:19 V/Bot.2398493975: [獭獭不会交学费军团@(887156367)] 冰水@不会反身跳军团(308217149) -> 这个人还专门退出去
2023-09-27 01:07:20 V/Bot.2398493975: [獭獭不会交学费军团@(887156367)] 獭獭ʕ❍ᴥ❍ʔ喜欢优香军团(1609323331) -> 笑死了
2023-09-27 01:07:22 V/Bot.2398493975: [獭獭不会交学费军团@(887156367)] 冰水@不会反身跳军团(308217149) -> 拍视频
2023-09-27 01:07:24 V/Bot.2398493975: [獭獭不会交学费军团@(887156367)] 獭獭ʕ❍ᴥ❍ʔ喜欢优香军团(1609323331) -> 赔钱
2023-09-27 01:07:25 V/Bot.2398493975: [獭獭不会交学费军团@(887156367)] 冰水@不会反身跳军团(308217149) -> 然后还发出来
2023-09-27 01:07:34 V/Bot.2398493975: [獭獭不会交学费军团@(887156367)] 冰水@不会反身跳军团(308217149) -> 还不避开脸
2023-09-27 01:07:37 V/Bot.2398493975: [獭獭不会交学费军团@(887156367)] 冰水@不会反身跳军团(308217149) -> 真该死啊.jpg
2023-09-27 01:08:30 V/Bot.2398493975: [獭獭不会交学费军团@(887156367)] Freeze_Kirin(768173212) -> 你在视频里的动作
2023-09-27 01:08:36 V/Bot.2398493975: [獭獭不会交学费军团@(887156367)] Freeze_Kirin(768173212) -> 好像那个表情包
2023-09-27 01:09:36 V/Bot.2398493975: [獭獭不会交学费军团@(887156367)] 萝卜@萝卜軍団(690875992) -> 怪不得喊人看寝室
2023-09-27 01:09:43 V/Bot.2398493975: [獭獭不会交学费军团@(887156367)] 萝卜@萝卜軍団(690875992) -> 确实有点儿意思
2023-09-27 01:09:51 I/UnidbgFetchQsign: Bot(2398493975) request_token, submit success
2023-09-27 01:10:00 V/Bot.2398493975: [獭獭不会交学费军团@(887156367)] 萝卜@萝卜軍団(690875992) -> 是个特斯拉形状的寝室
2023-09-27 01:10:32 V/Bot.2398493975: [獭獭不会交学费军团@(887156367)] 獭獭ʕ❍ᴥ❍ʔ喜欢优香军团(1609323331) -> [mirai:image:{FABD8E2B-BDDE-B575-11F3-A874DC62F581}.png, width=160, height=152, size=7764, type=JPG, isEmoji=false]
2023-09-27 01:10:51 V/Bot.2398493975: [獭獭不会交学费军团@(887156367)] Freeze_Kirin(768173212) -> 一 模 一 样
2023-09-27 01:11:14 V/Bot.2398493975: [獭獭不会交学费军团@(887156367)] 獭獭ʕ❍ᴥ❍ʔ喜欢优香军团(1609323331) -> [mirai:at:308217149] 是你吗
2023-09-27 01:11:27 V/Bot.2398493975: [獭獭不会交学费军团@(887156367)] 冰水@不会反身跳军团(308217149) -> 不熟
2023-09-27 01:11:34 V/Bot.2398493975: [獭獭不会交学费军团@(887156367)] 獭獭ʕ❍ᴥ❍ʔ喜欢优香军团(1609323331) -> [mirai:image:{172528EE-DEDE-5222-EAF3-B56D2D4A7150}.png, width=670, height=670, size=84374, type=JPG, isEmoji=true]
2023-09-27 01:11:42 V/Bot.2398493975: [獭獭不会交学费军团@(887156367)] Freeze_Kirin(768173212) -> [mirai:image:{7031CDF6-A8A2-8F05-1A75-3E11FE2AF640}.png, width=200, height=167, size=67839, type=GIF, isEmoji=true]
2023-09-27 01:49:52 I/UnidbgFetchQsign: Bot(2398493975) request_token, submit success
2023-09-27 02:29:58 I/UnidbgFetchQsign: Bot(2398493975) request_token, submit success
2023-09-27 03:09:59 I/UnidbgFetchQsign: Bot(2398493975) request_token, submit success
2023-09-27 03:23:08 V/Bot.2398493975: [獭獭不会交学费军团@(887156367)] zz@獺獺軍団(771507043) -> [mirai:image:{CAE52F0E-AFE0-F030-77CE-D780B601378B}.png, width=1284, height=2778, size=119460, type=JPG, isEmoji=false]
2023-09-27 03:49:59 I/UnidbgFetchQsign: Bot(2398493975) request_token, submit success
2023-09-27 04:30:05 I/UnidbgFetchQsign: Bot(2398493975) request_token, submit success
2023-09-27 05:10:06 I/UnidbgFetchQsign: Bot(2398493975) request_token, submit success
2023-09-27 05:50:07 I/UnidbgFetchQsign: Bot(2398493975) request_token, submit success
2023-09-27 06:00:13 V/Bot.2398493975: [獭獭不会交学费军团@(887156367)] 獭獭买锤子大臣@被獭獭军团开除(963423936) -> [mirai:image:{B1416912-C911-EEB2-5EE4-EE03AC0B54CF}.png, width=128, height=103, size=48314, type=GIF, isEmoji=true]
2023-09-27 06:17:17 V/Bot.2398493975: [獭獭不会交学费军团@(887156367)] 优雅猛牛(695150175) -> 早
2023-09-27 06:19:07 V/Bot.2398493975: [獭獭不会交学费军团@(887156367)] zz@獺獺軍団(771507043) -> 早
2023-09-27 06:30:13 I/UnidbgFetchQsign: Bot(2398493975) request_token, submit success
2023-09-27 06:35:23 V/Bot.2398493975: [獭獭不会交学费军团@(887156367)] 獭獭买锤子大臣@被獭獭军团开除(963423936) -> 早
2023-09-27 06:50:33 V/Bot.2398493975: [獭獭不会交学费军团@(887156367)] 獭獭ʕ❍ᴥ❍ʔ喜欢优香军团(1609323331) -> 早
2023-09-27 06:50:46 V/Bot.2398493975: [獭獭不会交学费军团@(887156367)] 獭獭ʕ❍ᴥ❍ʔ喜欢优香军团(1609323331) -> [mirai:quote:[mirai:source:ids=[75784], internalIds=[979334991], from 771507043 to 887156367 at 1695756187], content=<not yet initialized>][mirai:at:771507043] 坏
2023-09-27 07:10:14 I/UnidbgFetchQsign: Bot(2398493975) request_token, submit success
2023-09-27 07:50:14 I/UnidbgFetchQsign: Bot(2398493975) request_token, submit success
2023-09-27 08:06:51 V/Bot.2398493975: [獭獭不会交学费军团@(887156367)] lax@牛牛道心破碎军团(269418386) -> 我觉得这寝室挺好的 还能拉个门帘 有私人空间
2023-09-27 08:13:07 V/Bot.2398493975: [獭獭不会交学费军团@(887156367)] 优雅猛牛(695150175) -> 我觉得这寝室挺好的 还能拉个门帘 有私人空间
2023-09-27 08:13:15 V/Bot.2398493975: [獭獭不会交学费军团@(887156367)] 獭獭ʕ❍ᴥ❍ʔ喜欢优香军团(1609323331) -> 我觉得这寝室挺好的 还能拉个门帘 有私人空间
2023-09-27 08:13:24 V/Bot.2398493975: [獭獭不会交学费军团@(887156367)] 獭獭ʕ❍ᴥ❍ʔ喜欢优香军团(1609323331) -> [mirai:image:{B9563259-F76A-9EA7-862E-64863B59E52F}.png, width=67, height=53, size=2553, type=JPG, isEmoji=true]
2023-09-27 08:13:33 V/Bot.2398493975: [獭獭不会交学费军团@(887156367)] 獭獭ʕ❍ᴥ❍ʔ喜欢优香军团(1609323331) -> 还能摆麻将桌
2023-09-27 08:16:50 V/Bot.2398493975: [獭獭不会交学费军团@(887156367)] 优雅猛牛(695150175) -> 这个寝室确实跟我住过的不一样
2023-09-27 08:17:28 V/Bot.2398493975: [獭獭不会交学费军团@(887156367)] 獭獭ʕ❍ᴥ❍ʔ喜欢优香军团(1609323331) -> 这个寝室确实跟我住过的不一样
2023-09-27 08:17:34 V/Bot.2398493975: [獭獭不会交学费军团@(887156367)] 獭獭买锤子大臣@被獭獭军团开除(963423936) -> [mirai:quote:[mirai:source:ids=[75762], internalIds=[2136655712], from 690875992 to 887156367 at 1695747976], content=<not yet initialized>][mirai:at:690875992] skd房产中介小李是吧
2023-09-27 08:18:06 V/Bot.2398493975: [獭獭不会交学费军团@(887156367)] 獭獭买锤子大臣@被獭獭军团开除(963423936) -> [mirai:audio:3cba24d9fdd5122f185a15dd2ac5a51b.amr]
2023-09-27 08:18:30 V/Bot.2398493975: [獭獭不会交学费军团@(887156367)] 獭獭ʕ❍ᴥ❍ʔ喜欢优香军团(1609323331) -> [mirai:image:{32A9C806-B6AF-AE93-BB49-D265A07C3ACB}.png, width=160, height=87, size=3262, type=JPG, isEmoji=true]
2023-09-27 08:18:45 V/Bot.2398493975: [獭獭不会交学费军团@(887156367)] 獭獭ʕ❍ᴥ❍ʔ喜欢优香军团(1609323331) -> 你这吹的不行
2023-09-27 08:21:50 V/Bot.2398493975: [獭獭不会交学费军团@(887156367)] 獭獭买锤子大臣@被獭獭军团开除(963423936) -> [mirai:image:{B1416912-C911-EEB2-5EE4-EE03AC0B54CF}.png, width=128, height=103, size=48314, type=GIF, isEmoji=true]
2023-09-27 08:21:53 V/Bot.2398493975: [獭獭不会交学费军团@(887156367)] 獭獭买锤子大臣@被獭獭军团开除(963423936) -> 模仿那个
2023-09-27 08:21:59 V/Bot.2398493975: [獭獭不会交学费军团@(887156367)] 獭獭买锤子大臣@被獭獭军团开除(963423936) -> 小豪
2023-09-27 08:22:06 V/Bot.2398493975: [獭獭不会交学费军团@(887156367)] 獭獭买锤子大臣@被獭獭军团开除(963423936) -> 太尬了
2023-09-27 08:30:21 I/UnidbgFetchQsign: Bot(2398493975) request_token, submit success
2023-09-27 08:32:23 V/Bot.2398493975: [獭獭不会交学费军团@(887156367)] 萝卜@萝卜軍団(690875992) -> [mirai:image:{87EEFC8B-C429-BFE4-DAFE-240D508AABCB}.gif, width=368, height=288, size=183490, type=GIF, isEmoji=true]
2023-09-27 08:39:03 V/Bot.2398493975: [獭獭不会交学费军团@(887156367)] 獭獭ʕ❍ᴥ❍ʔ喜欢优香军团(1609323331) -> [mirai:image:{579EE39F-8E5B-B0CE-7C84-FD1B6BC3FB54}.png, width=360, height=360, size=703032, type=GIF, isEmoji=true]
2023-09-27 08:39:13 V/Bot.2398493975: [獭獭不会交学费军团@(887156367)] 獭獭ʕ❍ᴥ❍ʔ喜欢优香军团(1609323331) -> 为啥我看不到萝卜发的消息
2023-09-27 08:39:18 V/Bot.2398493975: [獭獭不会交学费军团@(887156367)] 獭獭ʕ❍ᴥ❍ʔ喜欢优香军团(1609323331) -> 又是什么bug
2023-09-27 08:59:07 V/Bot.2398493975: [獭獭不会交学费军团@(887156367)] 萝卜@萝卜軍団(690875992) -> [mirai:image:{87EEFC8B-C429-BFE4-DAFE-240D508AABCB}.gif, width=368, height=288, size=183490, type=GIF, isEmoji=true]
2023-09-27 09:05:30 V/Bot.2398493975: [獭獭不会交学费军团@(887156367)] 獭獭买锤子大臣@被獭獭军团开除(963423936) -> [mirai:image:{B1416912-C911-EEB2-5EE4-EE03AC0B54CF}.png, width=128, height=103, size=48314, type=GIF, isEmoji=true]
2023-09-27 09:10:21 I/UnidbgFetchQsign: Bot(2398493975) request_token, submit success
2023-09-27 09:50:22 I/UnidbgFetchQsign: Bot(2398493975) request_token, submit success
2023-09-27 10:30:28 I/UnidbgFetchQsign: Bot(2398493975) request_token, submit success
2023-09-27 10:48:26 V/Bot.2398493975: [獭獭不会交学费军团@(887156367)] Freeze_Kirin(768173212) -> 才发现明天校庆
2023-09-27 10:48:37 V/Bot.2398493975: [獭獭不会交学费军团@(887156367)] Freeze_Kirin(768173212) -> 这下可以少上一天班了
2023-09-27 10:49:13 V/Bot.2398493975: [獭獭不会交学费军团@(887156367)] lax@牛牛道心破碎军团(269418386) -> 才发现明天去不了
2023-09-27 10:49:14 V/Bot.2398493975: [獭獭不会交学费军团@(887156367)] 獭獭ʕ❍ᴥ❍ʔ喜欢优香军团(1609323331) -> [mirai:image:{8F6E49D5-BF23-3812-E8F3-5484475B94EA}.png, width=480, height=360, size=257943, type=GIF, isEmoji=true]
2023-09-27 10:49:21 V/Bot.2398493975: [獭獭不会交学费军团@(887156367)] 獭獭ʕ❍ᴥ❍ʔ喜欢优香军团(1609323331) -> [mirai:image:{579EE39F-8E5B-B0CE-7C84-FD1B6BC3FB54}.png, width=360, height=360, size=703032, type=GIF, isEmoji=true]
2023-09-27 10:49:31 V/Bot.2398493975: [獭獭不会交学费军团@(887156367)] Freeze_Kirin(768173212) -> 请假！
2023-09-27 10:49:54 V/Bot.2398493975: [獭獭不会交学费军团@(887156367)] lax@牛牛道心破碎军团(269418386) -> 在培训
2023-09-27 10:50:02 V/Bot.2398493975: [獭獭不会交学费军团@(887156367)] 獭獭ʕ❍ᴥ❍ʔ喜欢优香军团(1609323331) -> 鸽了
2023-09-27 10:50:15 V/Bot.2398493975: [獭獭不会交学费军团@(887156367)] lax@牛牛道心破碎军团(269418386) -> [mirai:image:{529464CC-4FEF-CAB6-8A92-038EA2DDFA65}.jpg, width=1280, height=1707, size=269668, type=JPG, isEmoji=true]
2023-09-27 10:54:12 V/Bot.2398493975: [獭獭不会交学费军团@(887156367)] 獭獭买锤子大臣@被獭獭军团开除(963423936) -> [mirai:image:{AFC6E4DA-4B8F-DE2C-C933-606D21498AA0}.png, width=324, height=300, size=62607, type=GIF, isEmoji=true]
2023-09-27 10:55:14 I/Bot.2398493975: Saved account secrets to local cache for fast login.
2023-09-27 11:01:15 V/Bot.2398493975: [獭獭不会交学费军团@(887156367)] 优雅猛牛(695150175) -> 才300抽就满命那维莱特
2023-09-27 11:01:16 V/Bot.2398493975: [獭獭不会交学费军团@(887156367)] 优雅猛牛(695150175) -> 唉
2023-09-27 11:01:26 V/Bot.2398493975: [獭獭不会交学费军团@(887156367)] Freeze_Kirin(768173212) -> ？
2023-09-27 11:01:28 V/Bot.2398493975: [獭獭不会交学费军团@(887156367)] 优雅猛牛(695150175) -> 我隔壁群友怎么那么欧
2023-09-27 11:01:32 V/Bot.2398493975: [獭獭不会交学费军团@(887156367)] 优雅猛牛(695150175) -> [mirai:image:{ED9D0C0B-AA4D-FF8A-DD6B-6A4790FBE1F8}.jpg, width=300, height=300, size=45857, type=GIF, isEmoji=false]
2023-09-27 11:01:34 V/Bot.2398493975: [獭獭不会交学费军团@(887156367)] 冰水@不会反身跳军团(308217149) -> 所以牛牛和lax现在算什么
2023-09-27 11:01:38 V/Bot.2398493975: [獭獭不会交学费军团@(887156367)] 冰水@不会反身跳军团(308217149) -> 校友还是博后
2023-09-27 11:01:40 V/Bot.2398493975: [獭獭不会交学费军团@(887156367)] 优雅猛牛(695150175) -> 这事不可能发生在我身上
2023-09-27 11:01:45 V/Bot.2398493975: [獭獭不会交学费军团@(887156367)] Freeze_Kirin(768173212) -> 我还在想你怎么会抽男满命
2023-09-27 11:01:54 V/Bot.2398493975: [獭獭不会交学费军团@(887156367)] 獭獭ʕ❍ᴥ❍ʔ喜欢优香军团(1609323331) -> 牛牛算无业游民（暂定）
2023-09-27 11:02:06 V/Bot.2398493975: [獭獭不会交学费军团@(887156367)] 冰水@不会反身跳军团(308217149) -> 无业游民就是校友咯）
2023-09-27 11:03:26 V/Bot.2398493975: [獭獭不会交学费军团@(887156367)] Freeze_Kirin(768173212) -> 所以牛的手续还没办完吗
2023-09-27 11:04:42 V/Bot.2398493975: [獭獭不会交学费军团@(887156367)] 冰水@不会反身跳军团(308217149) -> 坏了他这签到册只有硕士和博士
2023-09-27 11:04:59 V/Bot.2398493975: [獭獭不会交学费军团@(887156367)] 獭獭ʕ❍ᴥ❍ʔ喜欢优香军团(1609323331) -> 信院可以来蹭吗
2023-09-27 11:05:11 V/Bot.2398493975: [獭獭不会交学费军团@(887156367)] 冰水@不会反身跳军团(308217149) -> 你们领自己的啊）
2023-09-27 11:05:17 V/Bot.2398493975: [獭獭不会交学费军团@(887156367)] 獭獭ʕ❍ᴥ❍ʔ喜欢优香军团(1609323331) -> [mirai:image:{172528EE-DEDE-5222-EAF3-B56D2D4A7150}.png, width=670, height=670, size=84374, type=JPG, isEmoji=true]
2023-09-27 11:05:23 V/Bot.2398493975: [獭獭不会交学费军团@(887156367)] 獭獭ʕ❍ᴥ❍ʔ喜欢优香军团(1609323331) -> 我们没有月饼
2023-09-27 11:05:33 V/Bot.2398493975: [獭獭不会交学费军团@(887156367)] 冰水@不会反身跳军团(308217149) -> 被领导偷吃了）
2023-09-27 11:05:53 V/Bot.2398493975: [獭獭不会交学费军团@(887156367)] Freeze_Kirin(768173212) -> 没有月饼有喜饼
2023-09-27 11:06:24 V/Bot.2398493975: [獭獭不会交学费军团@(887156367)] 獭獭ʕ❍ᴥ❍ʔ喜欢优香军团(1609323331) -> 喜饼是什么
2023-09-27 11:06:26 V/Bot.2398493975: [獭獭不会交学费军团@(887156367)] 獭獭ʕ❍ᴥ❍ʔ喜欢优香军团(1609323331) -> [mirai:image:{FB9C65FB-5685-1B12-1B13-836B38246164}.png, width=292, height=205, size=61102, type=GIF, isEmoji=true]
2023-09-27 11:06:41 V/Bot.2398493975: [獭獭不会交学费军团@(887156367)] 獭獭ʕ❍ᴥ❍ʔ喜欢优香军团(1609323331) -> 是那个塞小纸条的吗
2023-09-27 11:07:22 V/Bot.2398493975: [獭獭不会交学费军团@(887156367)] 獭獭会交学费军团太子(1297471104) -> 信院有啊
2023-09-27 11:07:29 V/Bot.2398493975: [獭獭不会交学费军团@(887156367)] 獭獭会交学费军团太子(1297471104) -> 有笨蛋不看邮件
2023-09-27 11:07:37 V/Bot.2398493975: [獭獭不会交学费军团@(887156367)] 獭獭ʕ❍ᴥ❍ʔ喜欢优香军团(1609323331) -> [mirai:marketface:198414,[啊]]
2023-09-27 11:07:39 V/Bot.2398493975: [獭獭不会交学费军团@(887156367)] 獭獭ʕ❍ᴥ❍ʔ喜欢优香军团(1609323331) -> 什么
2023-09-27 11:07:48 V/Bot.2398493975: [獭獭不会交学费军团@(887156367)] 獭獭会交学费军团太子(1297471104) -> [mirai:image:{5D8F3A0A-C655-A137-F202-3648AAB0C2BA}.jpg, width=1080, height=2400, size=161535, type=JPG, isEmoji=false]
2023-09-27 11:07:49 V/Bot.2398493975: [獭獭不会交学费军团@(887156367)] Freeze_Kirin(768173212) -> [mirai:image:{28345586-A7FE-F7ED-ECBB-E04397AF6EFA}.png, width=1081, height=291, size=18293, type=PNG, isEmoji=false]
2023-09-27 11:08:27 V/Bot.2398493975: [獭獭不会交学费军团@(887156367)] 獭獭ʕ❍ᴥ❍ʔ喜欢优香军团(1609323331) -> 明天能不能让獭獭变个分身出来
2023-09-27 11:08:48 V/Bot.2398493975: [獭獭不会交学费军团@(887156367)] 獭獭ʕ❍ᴥ❍ʔ喜欢优香军团(1609323331) -> 预约的小手点下去了[mirai:image:{FE61C2F2-3356-B0A1-7D5C-83DB883D773A}.png, width=1125, height=2436, size=337154, type=JPG, isEmoji=false]
2023-09-27 11:09:34 V/Bot.2398493975: [獭獭不会交学费军团@(887156367)] 冰水@不会反身跳军团(308217149) -> 牛和lax是几几级的啊
2023-09-27 11:09:40 V/Bot.2398493975: [獭獭不会交学费军团@(887156367)] 冰水@不会反身跳军团(308217149) -> 有校友的
2023-09-27 11:09:51 V/Bot.2398493975: [獭獭不会交学费军团@(887156367)] 冰水@不会反身跳军团(308217149) -> [mirai:at:695150175] 
2023-09-27 11:10:08 V/Bot.2398493975: [獭獭不会交学费军团@(887156367)] 冰水@不会反身跳军团(308217149) -> 然后给个学号
2023-09-27 11:10:29 I/UnidbgFetchQsign: Bot(2398493975) request_token, submit success
2023-09-27 11:10:30 V/Bot.2398493975: [獭獭不会交学费军团@(887156367)] 獭獭买锤子大臣@被獭獭军团开除(963423936) -> 23届吧
2023-09-27 11:10:39 V/Bot.2398493975: [獭獭不会交学费军团@(887156367)] 獭獭买锤子大臣@被獭獭军团开除(963423936) -> 按级来说 16？
2023-09-27 11:11:14 V/Bot.2398493975: [獭獭不会交学费军团@(887156367)] 獭獭ʕ❍ᴥ❍ʔ喜欢优香军团(1609323331) -> 为什么我认识的都是物院校友
2023-09-27 11:11:16 V/Bot.2398493975: [獭獭不会交学费军团@(887156367)] 獭獭ʕ❍ᴥ❍ʔ喜欢优香军团(1609323331) -> [mirai:image:{32EB5F44-42BF-D806-50A3-74FF1DC04EF1}.png, width=252, height=217, size=34642, type=GIF, isEmoji=true]
2023-09-27 11:11:22 V/Bot.2398493975: [獭獭不会交学费军团@(887156367)] 獭獭ʕ❍ᴥ❍ʔ喜欢优香军团(1609323331) -> 信院没人毕业吗
2023-09-27 11:11:36 V/Bot.2398493975: [獭獭不会交学费军团@(887156367)] 冰水@不会反身跳军团(308217149) -> 他们不是延了好几年）
2023-09-27 11:11:37 V/Bot.2398493975: [獭獭不会交学费军团@(887156367)] 獭獭买锤子大臣@被獭獭军团开除(963423936) -> ？
2023-09-27 11:11:50 V/Bot.2398493975: [獭獭不会交学费军团@(887156367)] 獭獭买锤子大臣@被獭獭军团开除(963423936) -> jgg
2023-09-27 11:12:37 V/Bot.2398493975: [獭獭不会交学费军团@(887156367)] 獭獭ʕ❍ᴥ❍ʔ喜欢优香军团(1609323331) -> 就一个
2023-09-27 11:12:44 V/Bot.2398493975: [獭獭不会交学费军团@(887156367)] 獭獭ʕ❍ᴥ❍ʔ喜欢优香军团(1609323331) -> 哦两个
2023-09-27 11:13:35 V/Bot.2398493975: [獭獭不会交学费军团@(887156367)] 獭獭ʕ❍ᴥ❍ʔ喜欢优香军团(1609323331) -> 想起来了  有三个了
2023-09-27 11:13:48 V/Bot.2398493975: [獭獭不会交学费军团@(887156367)] lax@牛牛道心破碎军团(269418386) -> 我们是15的
2023-09-27 11:14:05 V/Bot.2398493975: [獭獭不会交学费军团@(887156367)] lax@牛牛道心破碎军团(269418386) -> 我学号是65686955
2023-09-27 11:14:33 V/Bot.2398493975: [獭獭不会交学费军团@(887156367)] 獭獭买锤子大臣@被獭獭军团开除(963423936) -> 17年学号还是乱的
2023-09-27 11:14:40 V/Bot.2398493975: [獭獭不会交学费军团@(887156367)] 獭獭买锤子大臣@被獭獭军团开除(963423936) -> 18就2018533了
2023-09-27 11:14:50 V/Bot.2398493975: [獭獭不会交学费军团@(887156367)] 獭獭ʕ❍ᴥ❍ʔ喜欢优香军团(1609323331) -> 我有两个学号可以拿两次吗
2023-09-27 11:14:53 V/Bot.2398493975: [獭獭不会交学费军团@(887156367)] 獭獭买锤子大臣@被獭獭军团开除(963423936) -> 草
2023-09-27 11:15:01 V/Bot.2398493975: [獭獭不会交学费军团@(887156367)] 獭獭买锤子大臣@被獭獭军团开除(963423936) -> 天才
2023-09-27 11:15:04 V/Bot.2398493975: [SHT荔枝麻酱协会(493057481)] naf2021(3469392519) -> 雀魂登不上没有四吃要死了
2023-09-27 11:15:05 V/Bot.2398493975: [獭獭不会交学费军团@(887156367)] 獭獭买锤子大臣@被獭獭军团开除(963423936) -> [mirai:image:{717DB49B-8408-DA02-363B-BEE76B32679A}.png, width=480, height=360, size=145759, type=GIF, isEmoji=true]
2023-09-27 11:15:05 V/Bot.2398493975: [獭獭不会交学费军团@(887156367)] 冰水@不会反身跳军团(308217149) -> ？草
2023-09-27 11:15:07 V/Bot.2398493975: [SHT荔枝麻酱协会(493057481)] naf2021(3469392519) -> [mirai:image:{BD66641A-BA89-2170-93E9-CA91D7BCD305}.jpg, width=300, height=300, size=10138, type=JPG, isEmoji=true]
2023-09-27 11:15:12 V/Bot.2398493975: [獭獭不会交学费军团@(887156367)] 冰水@不会反身跳军团(308217149) -> 那得找书院吧
2023-09-27 11:15:17 V/Bot.2398493975: [獭獭不会交学费军团@(887156367)] 獭獭ʕ❍ᴥ❍ʔ喜欢优香军团(1609323331) -> 帮我自己拿
2023-09-27 11:15:25 V/Bot.2398493975: [SHT荔枝麻酱协会(493057481)] 小红@獭獭军团(963423936) -> ？
2023-09-27 11:15:41 V/Bot.2398493975: [SHT荔枝麻酱协会(493057481)] 小红@獭獭军团(963423936) -> 喜欢吃4
2023-09-27 11:15:54 V/Bot.2398493975: [獭獭不会交学费军团@(887156367)] 优雅猛牛(695150175) -> [mirai:at:308217149] 56213988
2023-09-27 11:16:16 V/Bot.2398493975: [獭獭不会交学费军团@(887156367)] 獭獭ʕ❍ᴥ❍ʔ喜欢优香军团(1609323331) -> [mirai:at:308217149] 所以没预约的校友也能拿吗
2023-09-27 11:16:28 V/Bot.2398493975: [獭獭不会交学费军团@(887156367)] 獭獭ʕ❍ᴥ❍ʔ喜欢优香军团(1609323331) -> 我待会要帮几个人去拿
2023-09-27 11:18:03 V/Bot.2398493975: [獭獭不会交学费军团@(887156367)] 冰水@不会反身跳军团(308217149) -> 好像没有你们.jpg
2023-09-27 11:18:09 V/Bot.2398493975: [獭獭不会交学费军团@(887156367)] 冰水@不会反身跳军团(308217149) -> 不知道 就是看册子很厚
2023-09-27 11:18:46 V/Bot.2398493975: [獭獭不会交学费军团@(887156367)] 獭獭ʕ❍ᴥ❍ʔ喜欢优香军团(1609323331) -> 哦那就是没预约的没有
2023-09-27 11:25:51 V/Bot.2398493975: [獭獭不会交学费军团@(887156367)] 獭獭ʕ❍ᴥ❍ʔ喜欢优香军团(1609323331) -> 那个签到表上还有退学的人来领的
2023-09-27 11:25:56 V/Bot.2398493975: [獭獭不会交学费军团@(887156367)] 獭獭ʕ❍ᴥ❍ʔ喜欢优香军团(1609323331) -> [mirai:image:{15530C6E-2E2B-8726-AC46-20AE8098381B}.png, width=174, height=172, size=5372, type=JPG, isEmoji=true]
2023-09-27 11:28:52 V/Bot.2398493975: [獭獭不会交学费军团@(887156367)] Freeze_Kirin(768173212) -> [mirai:image:{B184AFC2-9E94-FE51-B009-BA701B496A3A}.jpg, width=174, height=172, size=4057, type=JPG, isEmoji=true]
2023-09-27 11:31:07 V/Bot.2398493975: [獭獭不会交学费军团@(887156367)] Freeze_Kirin(768173212) -> 该吃饭了
2023-09-27 11:31:27 V/Bot.2398493975: [獭獭不会交学费军团@(887156367)] 獭獭ʕ❍ᴥ❍ʔ喜欢优香军团(1609323331) -> 吃月饼
2023-09-27 11:31:42 V/Bot.2398493975: [獭獭不会交学费军团@(887156367)] Freeze_Kirin(768173212) -> 现在去领东西可以吗
2023-09-27 11:31:47 V/Bot.2398493975: [獭獭不会交学费军团@(887156367)] 獭獭ʕ❍ᴥ❍ʔ喜欢优香军团(1609323331) -> 可以吧
2023-09-27 11:31:53 V/Bot.2398493975: [獭獭不会交学费军团@(887156367)] 萝卜@萝卜軍団(690875992) -> [mirai:image:{F8A3A70D-682D-4475-9006-8C6A1B94ACFA}.jpg, width=960, height=1280, size=39490, type=JPG, isEmoji=false]
2023-09-27 11:32:16 V/Bot.2398493975: [獭獭不会交学费军团@(887156367)] Freeze_Kirin(768173212) -> 算了。先吃饭吧
2023-09-27 11:33:02 V/Bot.2398493975: [獭獭不会交学费军团@(887156367)] 獭獭ʕ❍ᴥ❍ʔ喜欢优香军团(1609323331) -> 早说帮你拿了捏QAQ
2023-09-27 11:33:07 V/Bot.2398493975: [獭獭不会交学费军团@(887156367)] 獭獭ʕ❍ᴥ❍ʔ喜欢优香军团(1609323331) -> 以为你拿过了
2023-09-27 11:33:19 V/Bot.2398493975: [獭獭不会交学费军团@(887156367)] Freeze_Kirin(768173212) -> 刚要出门被ylf gank更新网站
2023-09-27 11:33:23 V/Bot.2398493975: [獭獭不会交学费军团@(887156367)] Freeze_Kirin(768173212) -> [mirai:image:{6E83AEEA-B969-5524-D8FC-14FF5EA2E351}.png, width=512, height=512, size=25416, type=GIF, isEmoji=true]
2023-09-27 11:33:29 V/Bot.2398493975: [獭獭不会交学费军团@(887156367)] 獭獭ʕ❍ᴥ❍ʔ喜欢优香军团(1609323331) -> [mirai:image:{6E83AEEA-B969-5524-D8FC-14FF5EA2E351}.png, width=512, height=512, size=25416, type=GIF, isEmoji=true]
2023-09-27 11:33:57 V/Bot.2398493975: [獭獭不会交学费军团@(887156367)] 獭獭ʕ❍ᴥ❍ʔ喜欢优香军团(1609323331) -> 别的学校都欢度国庆了[mirai:image:{491762F8-B8A5-6EFB-9804-7D89570834C1}.png, width=1125, height=2436, size=265951, type=JPG, isEmoji=false]
2023-09-27 11:34:19 V/Bot.2398493975: [獭獭不会交学费军团@(887156367)] 獭獭ʕ❍ᴥ❍ʔ喜欢优香军团(1609323331) -> 有的人还在加班
2023-09-27 11:34:27 V/Bot.2398493975: [獭獭不会交学费军团@(887156367)] Freeze_Kirin(768173212) -> 我们也可以欢度国庆
2023-09-27 11:34:38 V/Bot.2398493975: [獭獭不会交学费军团@(887156367)] Freeze_Kirin(768173212) -> 只要上完下午这个b班
2023-09-27 11:34:47 V/Bot.2398493975: [獭獭不会交学费军团@(887156367)] Freeze_Kirin(768173212) -> [mirai:image:{C2B9835A-B426-00E2-F859-124D34935BF1}.png, width=304, height=240, size=29087, type=GIF, isEmoji=true]
2023-09-27 11:35:27 V/Bot.2398493975: [獭獭不会交学费军团@(887156367)] 獭獭ʕ❍ᴥ❍ʔ喜欢优香军团(1609323331) -> 草
2023-09-27 11:35:27 V/Bot.2398493975: [獭獭不会交学费军团@(887156367)] 獭獭ʕ❍ᴥ❍ʔ喜欢优香军团(1609323331) -> [mirai:image:{0131EEA6-6E4D-9C5F-748F-AFDA9857BAA2}.png, width=1890, height=4096, size=1628819, type=JPG, isEmoji=false]
2023-09-27 11:35:39 V/Bot.2398493975: [獭獭不会交学费军团@(887156367)] 獭獭买锤子大臣@被獭獭军团开除(963423936) -> [mirai:image:{B1416912-C911-EEB2-5EE4-EE03AC0B54CF}.png, width=128, height=103, size=48314, type=GIF, isEmoji=true]
2023-09-27 11:35:43 V/Bot.2398493975: [獭獭不会交学费军团@(887156367)] 獭獭买锤子大臣@被獭獭军团开除(963423936) -> [mirai:quote:[mirai:source:ids=[75895], internalIds=[1434403636], from 768173212 to 887156367 at 1695785599], content=<not yet initialized>][mirai:at:768173212] 好惨
2023-09-27 11:35:45 V/Bot.2398493975: [獭獭不会交学费军团@(887156367)] 獭獭ʕ❍ᴥ❍ʔ喜欢优香军团(1609323331) -> 这个盒子是放灯的那种
2023-09-27 11:36:03 V/Bot.2398493975: [獭獭不会交学费军团@(887156367)] 獭獭ʕ❍ᴥ❍ʔ喜欢优香军团(1609323331) -> 但是上面没放灯空了一个洞
2023-09-27 11:37:17 V/Bot.2398493975: [獭獭不会交学费军团@(887156367)] Freeze_Kirin(768173212) -> 节省成本
2023-09-27 11:37:31 V/Bot.2398493975: [獭獭不会交学费军团@(887156367)] 冰水@不会反身跳军团(308217149) -> 不是啊
2023-09-27 11:37:48 V/Bot.2398493975: [獭獭不会交学费军团@(887156367)] 冰水@不会反身跳军团(308217149) -> 这个洞是放徽章背面那个的）
2023-09-27 11:38:09 V/Bot.2398493975: [獭獭不会交学费军团@(887156367)] 獭獭ʕ❍ᴥ❍ʔ喜欢优香军团(1609323331) -> 哦
2023-09-27 11:38:13 V/Bot.2398493975: [獭獭不会交学费军团@(887156367)] 獭獭ʕ❍ᴥ❍ʔ喜欢优香军团(1609323331) -> 我拿反了
2023-09-27 11:38:28 V/Bot.2398493975: [獭獭不会交学费军团@(887156367)] 獭獭ʕ❍ᴥ❍ʔ喜欢优香军团(1609323331) -> 原来如此
2023-09-27 11:38:37 V/Bot.2398493975: [獭獭不会交学费军团@(887156367)] 冰水@不会反身跳军团(308217149) -> 我觉得是他少放了一半东西
2023-09-27 11:38:51 V/Bot.2398493975: [獭獭不会交学费军团@(887156367)] 冰水@不会反身跳军团(308217149) -> 一般来说另外一半应该是个平的板子 要不然太空）
2023-09-27 11:38:56 V/Bot.2398493975: [獭獭不会交学费军团@(887156367)] 獭獭ʕ❍ᴥ❍ʔ喜欢优香军团(1609323331) -> 对啊怎么只有一层海绵
2023-09-27 11:48:25 V/Bot.2398493975: [獭獭不会交学费军团@(887156367)] lax@牛牛道心破碎军团(269418386) -> 为什么有个角 好丑
2023-09-27 11:48:55 V/Bot.2398493975: [獭獭不会交学费军团@(887156367)] 獭獭ʕ❍ᴥ❍ʔ喜欢优香军团(1609323331) -> 还行啊
2023-09-27 11:50:30 I/UnidbgFetchQsign: Bot(2398493975) request_token, submit success
2023-09-27 11:52:20 V/Bot.2398493975: [獭獭不会交学费军团@(887156367)] Freeze_Kirin(768173212) -> [mirai:quote:[mirai:source:ids=[75918], internalIds=[2134691619], from 269418386 to 887156367 at 1695786505], content=<not yet initialized>][mirai:at:269418386] 为了当暗器
2023-09-27 11:52:29 V/Bot.2398493975: [獭獭不会交学费军团@(887156367)] 獭獭买锤子大臣@被獭獭军团开除(963423936) -> 为了当犀牛
2023-09-27 12:06:35 V/Bot.2398493975: [獭獭不会交学费军团@(887156367)] hzc@獭獭軍団二度受(2384102753) -> 醒了
2023-09-27 12:06:59 V/Bot.2398493975: [獭獭不会交学费军团@(887156367)] hzc@獭獭軍団二度受(2384102753) -> 为什么我11点睡，起来已经是这个时候了
2023-09-27 12:07:32 V/Bot.2398493975: [獭獭不会交学费军团@(887156367)] 獭獭买锤子大臣@被獭獭军团开除(963423936) -> 啊？你十一点睡的吗
2023-09-27 12:07:46 V/Bot.2398493975: [獭獭不会交学费军团@(887156367)] 獭獭ʕ❍ᴥ❍ʔ喜欢优香军团(1609323331) -> [mirai:image:{C8F4FE49-4C2D-B433-8C3D-DC6E8004E75D}.jpg, width=163, height=168, size=5961, type=PNG, isEmoji=false]
2023-09-27 12:07:47 V/Bot.2398493975: [獭獭不会交学费军团@(887156367)] 獭獭买锤子大臣@被獭獭军团开除(963423936) -> 我听你四五点一直在自言自语以为你没睡着
2023-09-27 12:07:55 V/Bot.2398493975: [獭獭不会交学费军团@(887156367)] 獭獭会交学费军团太子(1297471104) -> [mirai:image:{4FF3D4C1-1977-3379-36E6-93292F7109BC}.jpg, width=163, height=168, size=6227, type=JPG, isEmoji=false]
2023-09-27 12:07:57 V/Bot.2398493975: [獭獭不会交学费军团@(887156367)] 獭獭ʕ❍ᴥ❍ʔ喜欢优香军团(1609323331) -> [mirai:image:{04AA33CB-931E-C1F2-EC30-4A2718268594}.gif, width=370, height=292, size=89543, type=GIF, isEmoji=true]
2023-09-27 12:08:01 V/Bot.2398493975: [獭獭不会交学费军团@(887156367)] 獭獭买锤子大臣@被獭獭军团开除(963423936) -> 但我赖床赖到六点
2023-09-27 12:08:08 V/Bot.2398493975: [獭獭不会交学费军团@(887156367)] 獭獭买锤子大臣@被獭獭军团开除(963423936) -> 我昨天下午六点睡到今天早上六点
2023-09-27 12:08:10 V/Bot.2398493975: [獭獭不会交学费军团@(887156367)] 獭獭买锤子大臣@被獭獭军团开除(963423936) -> [mirai:image:{B1416912-C911-EEB2-5EE4-EE03AC0B54CF}.png, width=128, height=103, size=48314, type=GIF, isEmoji=true]
2023-09-27 12:10:25 V/Bot.2398493975: [獭獭不会交学费军团@(887156367)] lax@牛牛道心破碎军团(269418386) -> 你们两个半价八两
2023-09-27 12:10:44 V/Bot.2398493975: [獭獭不会交学费军团@(887156367)] 獭獭买锤子大臣@被獭獭军团开除(963423936) -> 猪比宿舍
2023-09-27 12:10:56 V/Bot.2398493975: [獭獭不会交学费军团@(887156367)] 獭獭ʕ❍ᴥ❍ʔ喜欢优香军团(1609323331) -> [mirai:image:{44A926BF-80B3-2711-C688-7D1EC4C58950}.jpg, width=300, height=216, size=9160, type=JPG, isEmoji=true]
2023-09-27 12:13:43 V/Bot.2398493975: [獭獭不会交学费军团@(887156367)] zz@獺獺軍団(771507043) -> 为什么我六点睡，12点就自然醒了
2023-09-27 12:14:58 V/Bot.2398493975: [獭獭不会交学费军团@(887156367)] 獭獭ʕ❍ᴥ❍ʔ喜欢优香军团(1609323331) -> 为什么我一点睡，六点多点就自然醒了
2023-09-27 12:16:11 V/Bot.2398493975: [獭獭不会交学费军团@(887156367)] Freeze_Kirin(768173212) -> 为什么我一点睡，六点多点就自然醒了
2023-09-27 12:16:12 V/Bot.2398493975: [獭獭不会交学费军团@(887156367)] 萝卜@萝卜軍団(690875992) -> [mirai:image:{765D1720-AD07-E3BC-4AFC-8EBFF835843D}.jpg, width=1080, height=2400, size=1193957, type=JPG, isEmoji=false]
2023-09-27 12:17:16 V/Bot.2398493975: [獭獭不会交学费军团@(887156367)] 萝卜@萝卜軍団(690875992) -> 半价八两
2023-09-27 12:30:36 I/UnidbgFetchQsign: Bot(2398493975) request_token, submit success
2023-09-27 12:39:24 V/Bot.2398493975: [獭獭不会交学费军团@(887156367)] lax@牛牛道心破碎军团(269418386) -> 起码得8小时
2023-09-27 12:47:50 V/Bot.2398493975: [test(389193066)] dd小助手(3459246674) -> 赤五教教主亮亮 投稿了新视频
https://www.bilibili.com/video/BV1vu4y167Wi
2023-09-27 12:47:51 V/Bot.2398493975: [test(389193066)] dd小助手(3459246674) -> [mirai:image:{41693613-B2A4-364F-C427-1CAA0EE78069}.png, width=740, height=827, size=138470, type=PNG, isEmoji=false]
2023-09-27 13:10:37 I/UnidbgFetchQsign: Bot(2398493975) request_token, submit success
2023-09-27 13:13:25 V/Bot.2398493975: [test(389193066)] dd小助手(3459246674) -> 赤五教教主亮亮 正在直播 先塞尔达~等雀魂维护好打友人
https://live.bilibili.com/23490978
2023-09-27 13:13:27 V/Bot.2398493975: [test(389193066)] dd小助手(3459246674) -> [mirai:image:{4209C5EF-88AE-8346-2B76-41C6A739D801}.jpg, width=704, height=396, size=95467, type=JPG, isEmoji=false]
2023-09-27 13:13:27 V/Bot.2398493975: [test(389193066)] dd小助手(3459246674) -> 已设置@全体成员但没有管理员权限,将尝试@指定成员,请需要接收单独@消息的群员使用"开播@我"命令进行订阅
2023-09-27 13:50:37 I/UnidbgFetchQsign: Bot(2398493975) request_token, submit success
2023-09-27 13:54:59 V/Bot.2398493975: [獭獭不会交学费军团@(887156367)] Freeze_Kirin(768173212) -> [mirai:image:{3C45F838-970D-E105-0031-45637946FD9D}.png, width=379, height=99, size=23251, type=PNG, isEmoji=false]竟然能在paper上看到一段介绍万代的…
2023-09-27 14:00:05 V/Bot.2398493975: [獭獭不会交学费军团@(887156367)] hzc@獭獭軍団二度受(2384102753) -> [mirai:image:{ECB1281E-E17C-F20E-0060-DA328002022A}.png, width=216, height=138, size=4514, type=JPG, isEmoji=true]
2023-09-27 14:00:46 V/Bot.2398493975: [獭獭不会交学费军团@(887156367)] 獭獭买锤子大臣@被獭獭军团开除(963423936) -> 草
2023-09-27 14:30:43 I/UnidbgFetchQsign: Bot(2398493975) request_token, submit success
2023-09-27 14:32:15 V/Bot.2398493975: [獭獭不会交学费军团@(887156367)] 獭獭ʕ❍ᴥ❍ʔ喜欢优香军团(1609323331) -> [mirai:image:{A6FC28D0-2817-114A-8C3E-D5987423E8B1}.png, width=661, height=320, size=64103, type=PNG, isEmoji=false][mirai:image:{7ECDD1EB-BA38-7098-9E1F-E1F8CB7EAFF8}.png, width=230, height=47, size=12322, type=PNG, isEmoji=false]
2023-09-27 14:36:51 V/Bot.2398493975: [獭獭不会交学费军团@(887156367)] zz@獺獺軍団(771507043) -> 好歹跑完了
2023-09-27 14:37:26 V/Bot.2398493975: [獭獭不会交学费军团@(887156367)] zz@獺獺軍団(771507043) -> 我昨天美妙姿势的三阶段剧情第三年11月出的第一阶段
2023-09-27 14:37:55 V/Bot.2398493975: [獭獭不会交学费军团@(887156367)] 獭獭ʕ❍ᴥ❍ʔ喜欢优香军团(1609323331) -> 我前天美妙姿势的三阶段剧情第三年11月出的第一阶段
2023-09-27 14:38:00 V/Bot.2398493975: Event: GroupRecall(bot=Bot(2398493975), authorId=1609323331, messageIds=[75947], messageInternalIds=[-2053522709], messageTime=1695796675, operator=NormalMember(1609323331), group=Group(887156367), author=NormalMember(1609323331))
2023-09-27 14:38:21 V/Bot.2398493975: [獭獭不会交学费军团@(887156367)] 獭獭ʕ❍ᴥ❍ʔ喜欢优香军团(1609323331) -> [mirai:image:{CE59F227-B397-2E20-6245-992353D3065D}.png, width=927, height=1649, size=816422, type=PNG, isEmoji=false]A咯
2023-09-27 14:38:41 V/Bot.2398493975: [獭獭不会交学费军团@(887156367)] 獭獭ʕ❍ᴥ❍ʔ喜欢优香军团(1609323331) -> [mirai:image:{7EA3C2B5-5FB5-53DD-AFC9-E231DCE1621D}.png, width=830, height=95, size=22602, type=PNG, isEmoji=false][mirai:image:{35EE10C3-477F-0FC1-47F3-27B1708C4ED7}.jpg, width=300, height=216, size=13366, type=JPG, isEmoji=true]
2023-09-27 14:39:05 V/Bot.2398493975: [獭獭不会交学费军团@(887156367)] zz@獺獺軍団(771507043) -> 好强
2023-09-27 14:39:31 V/Bot.2398493975: [獭獭不会交学费军团@(887156367)] zz@獺獺軍団(771507043) -> 我最高分还是9k5
2023-09-27 14:43:12 V/Bot.2398493975: [獭獭不会交学费军团@(887156367)] 獭獭ʕ❍ᴥ❍ʔ喜欢优香军团(1609323331) -> [mirai:image:{0D336011-C7AD-5A97-41F2-970D8268565F}.png, width=724, height=490, size=161505, type=PNG, isEmoji=false][mirai:image:{8AFCF605-FDCE-9015-3438-526A21D02EF5}.jpg, width=300, height=192, size=8379, type=JPG, isEmoji=true]
2023-09-27 14:48:20 V/Bot.2398493975: [test(389193066)] dd小助手(3459246674) -> 赤五教教主亮亮 直播结束了
2023-09-27 14:48:28 V/Bot.2398493975: [test(389193066)] dd小助手(3459246674) -> [mirai:image:{81B90CD6-B1D5-DD96-BFCA-8621D6A7C604}.png, width=1000, height=3970, size=549452, type=PNG, isEmoji=false]
2023-09-27 14:48:29 V/Bot.2398493975: [test(389193066)] dd小助手(3459246674) -> 检测到下播后短时间内重新开播,可能是由于主播网络波动引起,本次开播不再重复通知
2023-09-27 15:05:26 V/Bot.2398493975: [獭獭不会交学费军团@(887156367)] zz@獺獺軍団(771507043) -> [mirai:quote:[mirai:source:ids=[75952], internalIds=[-1549749115], from 1609323331 to 887156367 at 1695796992], content=<not yet initialized>][mirai:at:1609323331] 这五个加起来一把小栗帽就拿完了
2023-09-27 15:06:50 V/Bot.2398493975: [獭獭不会交学费军团@(887156367)] 冰水@不会反身跳军团(308217149) -> [mirai:image:{4D5DA867-4E71-605F-11BC-4723BF4C2E93}.png, width=510, height=598, size=26159, type=PNG, isEmoji=false]在上课 这个wifi
2023-09-27 15:06:52 V/Bot.2398493975: [獭獭不会交学费军团@(887156367)] 冰水@不会反身跳军团(308217149) -> 难绷）
2023-09-27 15:07:27 V/Bot.2398493975: [獭獭不会交学费军团@(887156367)] 獭獭买锤子大臣@被獭獭军团开除(963423936) -> [mirai:image:{324BFB53-FA80-53C9-37B9-AD4CD7B3C147}.png, width=280, height=260, size=30126, type=GIF, isEmoji=true]
2023-09-27 15:09:28 V/Bot.2398493975: [獭獭不会交学费军团@(887156367)] hzc@獭獭軍団二度受(2384102753) -> 难绷）
2023-09-27 15:10:44 I/UnidbgFetchQsign: Bot(2398493975) request_token, submit success
2023-09-27 15:15:08 V/Bot.2398493975: [獭獭不会交学费军团@(887156367)] Freeze_Kirin(768173212) -> dt现在怎么变成创艺的课了，看她们在找助教
2023-09-27 15:16:02 V/Bot.2398493975: [獭獭不会交学费军团@(887156367)] zz@獺獺軍団(771507043) -> dt不是一直有创艺的和创管的吗
2023-09-27 15:16:14 V/Bot.2398493975: [獭獭不会交学费军团@(887156367)] Freeze_Kirin(768173212) -> [mirai:image:{324BFB53-FA80-53C9-37B9-AD4CD7B3C147}.gif, width=280, height=260, size=30126, type=GIF, isEmoji=true]
2023-09-27 15:16:16 V/Bot.2398493975: [獭獭不会交学费军团@(887156367)] 冰水@不会反身跳军团(308217149) -> dt不是在20年就分裂成创艺和创管的了吗
2023-09-27 15:16:27 V/Bot.2398493975: [獭獭不会交学费军团@(887156367)] 冰水@不会反身跳军团(308217149) -> 我19年修的还是创管课
2023-09-27 15:16:32 V/Bot.2398493975: [獭獭不会交学费军团@(887156367)] Freeze_Kirin(768173212) -> 瓦达西瓦笨蛋desu
2023-09-27 15:16:44 V/Bot.2398493975: [獭獭不会交学费军团@(887156367)] 冰水@不会反身跳军团(308217149) -> 然后就是zz进来的那一年 变成了创艺dt和创管dt
2023-09-27 15:21:55 V/Bot.2398493975: [獭獭不会交学费军团@(887156367)] zz@獺獺軍団(771507043) -> [mirai:image:{51AE7BC2-4210-ECD7-6D6C-0651D367095E}.png, width=1284, height=1649, size=87381, type=JPG, isEmoji=false]
2023-09-27 15:26:56 V/Bot.2398493975: [獭獭不会交学费军团@(887156367)] 獭獭ʕ❍ᴥ❍ʔ喜欢优香军团(1609323331) -> [mirai:image:{46D4F765-5926-92DB-4386-A378C9346BA0}.jpg, width=1048, height=1381, size=107616, type=PNG, isEmoji=false]
2023-09-27 15:36:34 V/Bot.2398493975: [獭獭不会交学费军团@(887156367)] 獭獭买锤子大臣@被獭獭军团开除(963423936) -> 谢礼
2023-09-27 15:41:47 V/Bot.2398493975: [獭獭不会交学费军团@(887156367)] 獭獭ʕ❍ᴥ❍ʔ喜欢优香军团(1609323331) -> [mirai:image:{A8F947F6-5E67-F693-5997-9023D4F9D435}.png, width=1756, height=517, size=298533, type=JPG, isEmoji=false]
2023-09-27 15:41:52 V/Bot.2398493975: [獭獭不会交学费军团@(887156367)] 獭獭ʕ❍ᴥ❍ʔ喜欢优香军团(1609323331) -> [mirai:image:{8F6E49D5-BF23-3812-E8F3-5484475B94EA}.png, width=480, height=360, size=257943, type=GIF, isEmoji=true]
2023-09-27 15:43:00 V/Bot.2398493975: [獭獭不会交学费军团@(887156367)] zz@獺獺軍団(771507043) -> 个位数连寄两次[mirai:image:{AD180324-27AF-B9EF-7223-DE5FA48FF01F}.png, width=1284, height=2778, size=192185, type=JPG, isEmoji=false]
2023-09-27 15:43:10 V/Bot.2398493975: [獭獭不会交学费军团@(887156367)] zz@獺獺軍団(771507043) -> [mirai:quote:[mirai:source:ids=[75967], internalIds=[1978916952], from 963423936 to 887156367 at 1695800194], content=<not yet initialized>][mirai:at:963423936] 謝れ
2023-09-27 15:43:13 V/Bot.2398493975: [獭獭不会交学费军团@(887156367)] 獭獭ʕ❍ᴥ❍ʔ喜欢优香军团(1609323331) -> 保重身体
2023-09-27 15:43:25 V/Bot.2398493975: [獭獭不会交学费军团@(887156367)] 獭獭ʕ❍ᴥ❍ʔ喜欢优香军团(1609323331) -> 谢re
2023-09-27 15:44:04 V/Bot.2398493975: [獭獭不会交学费军团@(887156367)] zz@獺獺軍団(771507043) -> あやまれ
2023-09-27 15:50:45 I/UnidbgFetchQsign: Bot(2398493975) request_token, submit success
2023-09-27 15:51:17 V/Bot.2398493975: [獭獭不会交学费军团@(887156367)] Freeze_Kirin(768173212) -> 为什么建校十周年校史能定价146
2023-09-27 15:51:27 V/Bot.2398493975: [獭獭不会交学费军团@(887156367)] Freeze_Kirin(768173212) -> 好贵（
2023-09-27 15:52:15 V/Bot.2398493975: [獭獭不会交学费军团@(887156367)] 獭獭ʕ❍ᴥ❍ʔ喜欢优香军团(1609323331) -> [mirai:image:{18399239-9EC8-A0CB-5E40-DA1A9668D672}.png, width=160, height=160, size=4785, type=JPG, isEmoji=true]
2023-09-27 15:52:24 V/Bot.2398493975: [獭獭不会交学费军团@(887156367)] 冰水@不会反身跳军团(308217149) -> 提高礼盒价值
2023-09-27 15:52:33 V/Bot.2398493975: [獭獭不会交学费军团@(887156367)] 獭獭ʕ❍ᴥ❍ʔ喜欢优香军团(1609323331) -> 一百周年的根本不敢想（x
2023-09-27 15:52:59 V/Bot.2398493975: [獭獭不会交学费军团@(887156367)] 獭獭ʕ❍ᴥ❍ʔ喜欢优香军团(1609323331) -> [mirai:image:{1C03EE28-63AF-3D6C-F154-7F6A5C82212D}.png, width=1890, height=4096, size=1776279, type=JPG, isEmoji=false]
2023-09-27 15:53:04 V/Bot.2398493975: [獭獭不会交学费军团@(887156367)] 獭獭ʕ❍ᴥ❍ʔ喜欢优香军团(1609323331) -> [mirai:image:{18399239-9EC8-A0CB-5E40-DA1A9668D672}.png, width=160, height=160, size=4785, type=JPG, isEmoji=true]
2023-09-27 15:53:15 V/Bot.2398493975: [獭獭不会交学费军团@(887156367)] Freeze_Kirin(768173212) -> [mirai:image:{B1416912-C911-EEB2-5EE4-EE03AC0B54CF}.png, width=128, height=103, size=48314, type=GIF, isEmoji=true]
2023-09-27 15:53:34 V/Bot.2398493975: [獭獭不会交学费军团@(887156367)] 冰水@不会反身跳军团(308217149) -> 这书名总有种《霍格沃兹，一代校史》的既视感
2023-09-27 15:54:28 V/Bot.2398493975: [獭獭不会交学费军团@(887156367)] Freeze_Kirin(768173212) -> 封面设计很简洁
2023-09-27 15:54:33 V/Bot.2398493975: [獭獭不会交学费军团@(887156367)] Freeze_Kirin(768173212) -> 喜欢
2023-09-27 15:54:37 V/Bot.2398493975: [獭獭不会交学费军团@(887156367)] Freeze_Kirin(768173212) -> 定价好高
2023-09-27 15:54:38 V/Bot.2398493975: [獭獭不会交学费军团@(887156367)] Freeze_Kirin(768173212) -> dame
2023-09-27 15:55:01 V/Bot.2398493975: [獭獭不会交学费军团@(887156367)] 冰水@不会反身跳军团(308217149) -> 不是 你真的会买吗）
2023-09-27 15:55:10 V/Bot.2398493975: [獭獭不会交学费军团@(887156367)] Freeze_Kirin(768173212) -> 我虽然不会买
2023-09-27 15:55:11 V/Bot.2398493975: [獭獭不会交学费军团@(887156367)] 冰水@不会反身跳军团(308217149) -> 这个定价应该也不是很重要）
2023-09-27 15:55:14 V/Bot.2398493975: [獭獭不会交学费军团@(887156367)] Freeze_Kirin(768173212) -> 但为什么不能卖
2023-09-27 15:55:20 V/Bot.2398493975: [獭獭不会交学费军团@(887156367)] 獭獭ʕ❍ᴥ❍ʔ喜欢优香军团(1609323331) -> 撕不开
2023-09-27 15:55:27 V/Bot.2398493975: [獭獭不会交学费军团@(887156367)] 獭獭买锤子大臣@被獭獭军团开除(963423936) -> [mirai:quote:[mirai:source:ids=[75971], internalIds=[622581158], from 771507043 to 887156367 at 1695800590], content=<not yet initialized>][mirai:at:771507043] 草
2023-09-27 15:57:09 V/Bot.2398493975: [獭獭不会交学费军团@(887156367)] Freeze_Kirin(768173212) -> 草这月饼
2023-09-27 15:57:21 V/Bot.2398493975: [獭獭不会交学费军团@(887156367)] 獭獭买锤子大臣@被獭獭军团开除(963423936) -> 因为左边是个示字旁 我就没往re想
2023-09-27 15:57:32 V/Bot.2398493975: [獭獭不会交学费军团@(887156367)] Freeze_Kirin(768173212) -> 我看第一行写绿豆沙还以为终于来了朴实无华的月饼
2023-09-27 15:57:46 V/Bot.2398493975: [獭獭不会交学费军团@(887156367)] Freeze_Kirin(768173212) -> 结果第二行：雪媚娘流心月饼
2023-09-27 15:57:49 V/Bot.2398493975: [獭獭不会交学费军团@(887156367)] 獭獭ʕ❍ᴥ❍ʔ喜欢优香军团(1609323331) -> [mirai:image:{95A20C2A-D0D8-19F7-E422-D5DCEC9FF5B6}.png, width=4096, height=1891, size=2166833, type=JPG, isEmoji=false]
2023-09-27 15:58:11 V/Bot.2398493975: [獭獭不会交学费军团@(887156367)] 冰水@不会反身跳军团(308217149) -> 没把学生会写进去
2023-09-27 15:58:14 V/Bot.2398493975: [獭獭不会交学费军团@(887156367)] 冰水@不会反身跳军团(308217149) -> 怎么会事呢
2023-09-27 15:58:17 V/Bot.2398493975: [獭獭不会交学费军团@(887156367)] 冰水@不会反身跳军团(308217149) -> 书院都写了
2023-09-27 15:58:22 V/Bot.2398493975: [獭獭不会交学费军团@(887156367)] 冰水@不会反身跳军团(308217149) -> [mirai:image:{3AAAD71D-C060-4903-42B1-06C856188C67}.jpg, width=240, height=240, size=13278, type=JPG, isEmoji=false]
2023-09-27 15:58:34 V/Bot.2398493975: [獭獭不会交学费军团@(887156367)] Freeze_Kirin(768173212) -> 因为学生会干活不要钱
2023-09-27 16:02:10 V/Bot.2398493975: [獭獭不会交学费军团@(887156367)] 獭獭ʕ❍ᴥ❍ʔ喜欢优香军团(1609323331) -> [mirai:image:{012E3FFD-CC9F-6650-3975-79E3EAC31065}.png, width=1924, height=747, size=423969, type=JPG, isEmoji=false]
2023-09-27 16:02:24 V/Bot.2398493975: [獭獭不会交学费军团@(887156367)] Freeze_Kirin(768173212) -> 草
2023-09-27 16:02:32 V/Bot.2398493975: [獭獭不会交学费军团@(887156367)] 冰水@不会反身跳军团(308217149) -> 这个现在还在学院里面裱着
2023-09-27 16:02:33 V/Bot.2398493975: [獭獭不会交学费军团@(887156367)] Freeze_Kirin(768173212) -> 这是第几页
2023-09-27 16:02:59 V/Bot.2398493975: [獭獭不会交学费军团@(887156367)] 獭獭ʕ❍ᴥ❍ʔ喜欢优香军团(1609323331) -> 不知道第几页
2023-09-27 16:03:02 V/Bot.2398493975: [獭獭不会交学费军团@(887156367)] 獭獭ʕ❍ᴥ❍ʔ喜欢优香军团(1609323331) -> [mirai:image:{7B4FAB6B-0BA8-0F4C-F8DC-B2AF31AB603E}.png, width=512, height=512, size=192357, type=GIF, isEmoji=true]
2023-09-27 16:04:06 V/Bot.2398493975: [獭獭不会交学费军团@(887156367)] 獭獭ʕ❍ᴥ❍ʔ喜欢优香军团(1609323331) -> 应该在70-100之间
2023-09-27 16:04:52 V/Bot.2398493975: [獭獭不会交学费军团@(887156367)] 獭獭ʕ❍ᴥ❍ʔ喜欢优香军团(1609323331) -> 翻完了
2023-09-27 16:04:54 V/Bot.2398493975: [獭獭不会交学费军团@(887156367)] 獭獭ʕ❍ᴥ❍ʔ喜欢优香军团(1609323331) -> 不好玩
2023-09-27 16:04:55 V/Bot.2398493975: [獭獭不会交学费军团@(887156367)] 獭獭ʕ❍ᴥ❍ʔ喜欢优香军团(1609323331) -> [mirai:image:{7C659D43-DA9A-9B1E-6F64-D0CA83C3AF08}.png, width=308, height=218, size=88602, type=GIF, isEmoji=true]
2023-09-27 16:06:17 V/Bot.2398493975: [獭獭不会交学费军团@(887156367)] hzc@獭獭軍団二度受(2384102753) -> 草
2023-09-27 16:06:31 V/Bot.2398493975: [獭獭不会交学费军团@(887156367)] hzc@獭獭軍団二度受(2384102753) -> 我看看
2023-09-27 16:08:05 V/Bot.2398493975: [獭獭不会交学费军团@(887156367)] 獭獭ʕ❍ᴥ❍ʔ喜欢优香军团(1609323331) -> [mirai:image:{4D4C2382-4B09-C70A-8D85-B4066D66B4DE}.png, width=4096, height=1891, size=1855556, type=JPG, isEmoji=false]
2023-09-27 16:08:18 V/Bot.2398493975: [獭獭不会交学费军团@(887156367)] 獭獭ʕ❍ᴥ❍ʔ喜欢优香军团(1609323331) -> 这样不是盖子比盒子大了嘛
2023-09-27 16:08:21 V/Bot.2398493975: [獭獭不会交学费军团@(887156367)] 獭獭ʕ❍ᴥ❍ʔ喜欢优香军团(1609323331) -> [mirai:image:{8BF34B10-19C1-4195-5866-6DDB73A903D8}.png, width=249, height=188, size=54265, type=GIF, isEmoji=true]
2023-09-27 16:08:41 V/Bot.2398493975: [獭獭不会交学费军团@(887156367)] 獭獭ʕ❍ᴥ❍ʔ喜欢优香军团(1609323331) -> 原来盖子上还有字
2023-09-27 16:08:44 V/Bot.2398493975: [獭獭不会交学费军团@(887156367)] 獭獭ʕ❍ᴥ❍ʔ喜欢优香军团(1609323331) -> [mirai:image:{15530C6E-2E2B-8726-AC46-20AE8098381B}.png, width=174, height=172, size=5372, type=JPG, isEmoji=true]
2023-09-27 16:08:53 V/Bot.2398493975: [獭獭不会交学费军团@(887156367)] Freeze_Kirin(768173212) -> [mirai:image:{8BF34B10-19C1-4195-5866-6DDB73A903D8}.gif, width=249, height=188, size=54265, type=GIF, isEmoji=true]
2023-09-27 16:08:54 V/Bot.2398493975: [獭獭不会交学费军团@(887156367)] 獭獭ʕ❍ᴥ❍ʔ喜欢优香军团(1609323331) -> 好神奇哦
2023-09-27 16:09:00 V/Bot.2398493975: [獭獭不会交学费军团@(887156367)] Freeze_Kirin(768173212) -> 你没看见嘛
2023-09-27 16:09:18 V/Bot.2398493975: [獭獭不会交学费军团@(887156367)] 獭獭ʕ❍ᴥ❍ʔ喜欢优香军团(1609323331) -> 我每次都是反着拿起来的
2023-09-27 16:09:20 V/Bot.2398493975: [獭獭不会交学费军团@(887156367)] 獭獭ʕ❍ᴥ❍ʔ喜欢优香军团(1609323331) -> 没发现
2023-09-27 16:09:22 V/Bot.2398493975: [獭獭不会交学费军团@(887156367)] 獭獭ʕ❍ᴥ❍ʔ喜欢优香军团(1609323331) -> [mirai:image:{15530C6E-2E2B-8726-AC46-20AE8098381B}.png, width=174, height=172, size=5372, type=JPG, isEmoji=true]
2023-09-27 16:09:24 V/Bot.2398493975: [獭獭不会交学费军团@(887156367)] Freeze_Kirin(768173212) -> 草
2023-09-27 16:10:57 V/Bot.2398493975: [獭獭不会交学费军团@(887156367)] hzc@獭獭軍団二度受(2384102753) -> [mirai:image:{28A75FD6-23A9-BA12-D073-BA521D34E99C}.png, width=1792, height=827, size=185272, type=JPG, isEmoji=false]
2023-09-27 16:11:10 V/Bot.2398493975: [獭獭不会交学费军团@(887156367)] 獭獭ʕ❍ᴥ❍ʔ喜欢优香军团(1609323331) -> 打开的时候长这样所以我以为上面那个才是底[mirai:image:{281EFAFC-FB87-E1C5-F5E3-EB3D0EEDEC35}.png, width=1124, height=2436, size=662784, type=JPG, isEmoji=false]
2023-09-27 16:12:16 V/Bot.2398493975: [獭獭不会交学费军团@(887156367)] 冰水@不会反身跳军团(308217149) -> 我觉得就是他装的有问题
2023-09-27 16:12:22 V/Bot.2398493975: [獭獭不会交学费军团@(887156367)] Freeze_Kirin(768173212) -> 绿豆沙的月饼品鉴完了
2023-09-27 16:12:26 V/Bot.2398493975: [獭獭不会交学费军团@(887156367)] Freeze_Kirin(768173212) -> 还可以
2023-09-27 16:12:28 V/Bot.2398493975: [獭獭不会交学费军团@(887156367)] 冰水@不会反身跳军团(308217149) -> 是不是应该把这个海绵放到大头上
2023-09-27 16:13:27 V/Bot.2398493975: [獭獭不会交学费军团@(887156367)] 獭獭ʕ❍ᴥ❍ʔ喜欢优香军团(1609323331) -> 可是盖子上有字诶
2023-09-27 16:14:09 V/Bot.2398493975: [獭獭不会交学费军团@(887156367)] hzc@獭獭軍団二度受(2384102753) -> [mirai:image:{BBAFB717-2EFF-A429-8C0A-541C439A7B70}.png, width=1792, height=827, size=153292, type=JPG, isEmoji=false]
2023-09-27 16:14:13 V/Bot.2398493975: [獭獭不会交学费军团@(887156367)] hzc@獭獭軍団二度受(2384102753) -> 笑死
2023-09-27 16:14:42 V/Bot.2398493975: [獭獭不会交学费军团@(887156367)] 獭獭ʕ❍ᴥ❍ʔ喜欢优香军团(1609323331) -> 草
2023-09-27 16:14:52 V/Bot.2398493975: [獭獭不会交学费军团@(887156367)] 獭獭ʕ❍ᴥ❍ʔ喜欢优香军团(1609323331) -> 他好像每次都讲这个故事
2023-09-27 16:16:26 V/Bot.2398493975: Event: MemberCardChangeEvent(origin=獭獭买锤子大臣@被獭獭军团开除, new=獭獭锤子大鸽@被獭獭军团开除, member=NormalMember(963423936))
2023-09-27 16:16:26 V/Bot.2398493975: [獭獭不会交学费军团@(887156367)] 獭獭锤子大鸽@被獭獭军团开除(963423936) -> [mirai:quote:[mirai:source:ids=[76035], internalIds=[51634038], from 2384102753 to 887156367 at 1695802449], content=<not yet initialized>][mirai:at:2384102753] 草
2023-09-27 16:18:08 V/Bot.2398493975: [獭獭不会交学费军团@(887156367)] Freeze_Kirin(768173212) -> 啊？谁讲啊
2023-09-27 16:18:43 V/Bot.2398493975: [獭獭不会交学费军团@(887156367)] hzc@獭獭軍団二度受(2384102753) -> 寇煦丰
2023-09-27 16:18:54 V/Bot.2398493975: [獭獭不会交学费军团@(887156367)] 獭獭ʕ❍ᴥ❍ʔ喜欢优香军团(1609323331) -> xkf每次上台讲话都会这段
2023-09-27 16:19:09 V/Bot.2398493975: [獭獭不会交学费军团@(887156367)] hzc@獭獭軍団二度受(2384102753) -> 他上课也讲这个
2023-09-27 16:20:30 V/Bot.2398493975: [獭獭不会交学费军团@(887156367)] 獭獭ʕ❍ᴥ❍ʔ喜欢优香军团(1609323331) -> [mirai:image:{217DA165-D46A-8E3E-25F3-56A3137987A6}.png, width=512, height=512, size=198717, type=GIF, isEmoji=true]
2023-09-27 16:20:31 V/Bot.2398493975: [獭獭不会交学费军团@(887156367)] 獭獭ʕ❍ᴥ❍ʔ喜欢优香军团(1609323331) -> 好玩
2023-09-27 16:21:09 V/Bot.2398493975: [獭獭不会交学费军团@(887156367)] hzc@獭獭軍団二度受(2384102753) -> “2016年2月2日，校园内首个食堂投入使用”
2023-09-27 16:21:21 V/Bot.2398493975: [獭獭不会交学费军团@(887156367)] hzc@獭獭軍団二度受(2384102753) -> 那2015届的人有点惨
2023-09-27 16:21:31 V/Bot.2398493975: [獭獭不会交学费军团@(887156367)] 獭獭ʕ❍ᴥ❍ʔ喜欢优香军团(1609323331) -> 笑死
2023-09-27 16:21:33 V/Bot.2398493975: [獭獭不会交学费军团@(887156367)] 优雅猛牛(695150175) -> 你以为
2023-09-27 16:21:34 V/Bot.2398493975: [獭獭不会交学费军团@(887156367)] 优雅猛牛(695150175) -> 第一年
2023-09-27 16:21:39 V/Bot.2398493975: [獭獭不会交学费军团@(887156367)] 獭獭ʕ❍ᴥ❍ʔ喜欢优香军团(1609323331) -> 还有14的
2023-09-27 16:21:44 V/Bot.2398493975: [獭獭不会交学费军团@(887156367)] 獭獭ʕ❍ᴥ❍ʔ喜欢优香军团(1609323331) -> 但是也不在这里吃啊
2023-09-27 16:21:52 V/Bot.2398493975: [獭獭不会交学费军团@(887156367)] 优雅猛牛(695150175) -> 13-14都不住海科路这里
2023-09-27 16:21:55 V/Bot.2398493975: [獭獭不会交学费军团@(887156367)] 獭獭锤子大鸽@被獭獭军团开除(963423936) -> 一开始不都是去高研院吃吗
2023-09-27 16:22:09 V/Bot.2398493975: [獭獭不会交学费军团@(887156367)] 獭獭ʕ❍ᴥ❍ʔ喜欢优香军团(1609323331) -> 13是什么
2023-09-27 16:22:15 V/Bot.2398493975: [獭獭不会交学费军团@(887156367)] 獭獭ʕ❍ᴥ❍ʔ喜欢优香军团(1609323331) -> 13年是不是有研究生
2023-09-27 16:22:18 V/Bot.2398493975: [獭獭不会交学费军团@(887156367)] 优雅猛牛(695150175) -> 都是15年第一次搬到中科路一号
2023-09-27 16:22:25 V/Bot.2398493975: [獭獭不会交学费军团@(887156367)] 优雅猛牛(695150175) -> 13年第一届研究生
2023-09-27 16:22:58 V/Bot.2398493975: [獭獭不会交学费军团@(887156367)] 獭獭ʕ❍ᴥ❍ʔ喜欢优香军团(1609323331) -> 牛牛和lax在学校从15待到23
2023-09-27 16:23:04 V/Bot.2398493975: [獭獭不会交学费军团@(887156367)] 獭獭ʕ❍ᴥ❍ʔ喜欢优香军团(1609323331) -> 没有十周年礼物拿
2023-09-27 16:23:05 V/Bot.2398493975: [獭獭不会交学费军团@(887156367)] 獭獭ʕ❍ᴥ❍ʔ喜欢优香军团(1609323331) -> 不行
2023-09-27 16:23:11 V/Bot.2398493975: [獭獭不会交学费军团@(887156367)] 獭獭ʕ❍ᴥ❍ʔ喜欢优香军团(1609323331) -> [mirai:image:{35EE10C3-477F-0FC1-47F3-27B1708C4ED7}.png, width=300, height=216, size=13366, type=JPG, isEmoji=true]
2023-09-27 16:23:17 V/Bot.2398493975: [獭獭不会交学费军团@(887156367)] 獭獭ʕ❍ᴥ❍ʔ喜欢优香军团(1609323331) -> 得跟学校爆了
2023-09-27 16:23:37 V/Bot.2398493975: [獭獭不会交学费军团@(887156367)] hzc@獭獭軍団二度受(2384102753) -> 牛牛有吧，他可以找人代
2023-09-27 16:24:18 V/Bot.2398493975: [獭獭不会交学费军团@(887156367)] 优雅猛牛(695150175) -> 没找人代
2023-09-27 16:24:20 V/Bot.2398493975: [獭獭不会交学费军团@(887156367)] 优雅猛牛(695150175) -> [托腮]
2023-09-27 16:24:59 V/Bot.2398493975: [獭獭不会交学费军团@(887156367)] 冰水@不会反身跳军团(308217149) -> 总之校友15年硕博连读里的名单没有）
2023-09-27 16:25:23 V/Bot.2398493975: [獭獭不会交学费军团@(887156367)] 优雅猛牛(695150175) -> 17博
2023-09-27 16:25:30 V/Bot.2398493975: [獭獭不会交学费军团@(887156367)] 优雅猛牛(695150175) -> [emm][emm]
2023-09-27 16:26:48 V/Bot.2398493975: [獭獭不会交学费军团@(887156367)] 冰水@不会反身跳军团(308217149) -> 晚上再过去看一眼
2023-09-27 16:30:28 V/Bot.2398493975: [獭獭不会交学费军团@(887156367)] 獭獭ʕ❍ᴥ❍ʔ喜欢优香军团(1609323331) -> 为啥改成竖着的[mirai:image:{A037B0F0-F664-937A-8E8D-FCF70B0EC485}.png, width=1125, height=2436, size=110949, type=JPG, isEmoji=false][mirai:image:{8AFC56E7-7E99-24D7-C1FA-4434995D38CC}.png, width=1125, height=2436, size=191153, type=JPG, isEmoji=false]
2023-09-27 16:30:29 V/Bot.2398493975: [獭獭不会交学费军团@(887156367)] 獭獭ʕ❍ᴥ❍ʔ喜欢优香军团(1609323331) -> [mirai:image:{C8E8094B-CB49-F06F-791E-0B522869926D}.png, width=300, height=300, size=17848, type=JPG, isEmoji=true]
2023-09-27 16:30:51 I/UnidbgFetchQsign: Bot(2398493975) request_token, submit success
2023-09-27 16:41:30 V/Bot.2398493975: [獭獭不会交学费军团@(887156367)] 獭獭ʕ❍ᴥ❍ʔ喜欢优香军团(1609323331) -> 该饭饭了
2023-09-27 16:41:50 V/Bot.2398493975: [獭獭不会交学费军团@(887156367)] Freeze_Kirin(768173212) ->                         该饭饭了
2023-09-27 16:41:58 V/Bot.2398493975: [獭獭不会交学费军团@(887156367)] Freeze_Kirin(768173212) -> chisha
2023-09-27 16:42:07 V/Bot.2398493975: [獭獭不会交学费军团@(887156367)] zz@獺獺軍団(771507043) ->                                                 该饭饭了
2023-09-27 16:42:13 V/Bot.2398493975: [獭獭不会交学费军团@(887156367)] 冰水@不会反身跳军团(308217149) ->                                                        该饭饭了
2023-09-27 16:42:18 V/Bot.2398493975: [獭獭不会交学费军团@(887156367)] 冰水@不会反身跳军团(308217149) -> 可恶 被抢先了
2023-09-27 16:42:30 V/Bot.2398493975: [獭獭不会交学费军团@(887156367)] 獭獭ʕ❍ᴥ❍ʔ喜欢优香军团(1609323331) ->                                                                                                 该饭                                                                                                                                                饭了
2023-09-27 16:42:36 V/Bot.2398493975: [獭獭不会交学费军团@(887156367)] 獭獭ʕ❍ᴥ❍ʔ喜欢优香军团(1609323331) -> 怎么下雨了
2023-09-27 16:42:38 V/Bot.2398493975: [獭獭不会交学费军团@(887156367)] 獭獭ʕ❍ᴥ❍ʔ喜欢优香军团(1609323331) -> [mirai:image:{7C659D43-DA9A-9B1E-6F64-D0CA83C3AF08}.png, width=308, height=218, size=88602, type=GIF, isEmoji=true]
2023-09-27 16:42:44 V/Bot.2398493975: [獭獭不会交学费军团@(887156367)] 獭獭ʕ❍ᴥ❍ʔ喜欢优香军团(1609323331) -> 缪缪该出来了
2023-09-27 16:43:26 V/Bot.2398493975: [獭獭不会交学费军团@(887156367)] Freeze_Kirin(768173212) -> 缪缪五点开会
2023-09-27 16:43:31 V/Bot.2398493975: [獭獭不会交学费军团@(887156367)] 冰水@不会反身跳军团(308217149) -> 什么缪缪
2023-09-27 16:43:32 V/Bot.2398493975: [獭獭不会交学费军团@(887156367)] Freeze_Kirin(768173212) -> 之后才能出来
2023-09-27 16:43:45 V/Bot.2398493975: [獭獭不会交学费军团@(887156367)] 獭獭ʕ❍ᴥ❍ʔ喜欢优香军团(1609323331) -> 缪缪出不来了
2023-09-27 16:43:47 V/Bot.2398493975: [獭獭不会交学费军团@(887156367)] Freeze_Kirin(768173212) -> 缪缪的伞捏
2023-09-27 16:44:09 V/Bot.2398493975: [獭獭不会交学费军团@(887156367)] Freeze_Kirin(768173212) -> 雨水伞面会出现一只缪缪
2023-09-27 16:44:10 V/Bot.2398493975: [獭獭不会交学费军团@(887156367)] 冰水@不会反身跳军团(308217149) -> 草 你竟然买了）
2023-09-27 16:44:15 V/Bot.2398493975: [獭獭不会交学费军团@(887156367)] Freeze_Kirin(768173212) -> 我买了啊
2023-09-27 16:44:26 V/Bot.2398493975: [獭獭不会交学费军团@(887156367)] Freeze_Kirin(768173212) -> 因为我现在的伞把歪了
2023-09-27 16:44:31 V/Bot.2398493975: [獭獭不会交学费军团@(887156367)] Freeze_Kirin(768173212) -> [mirai:image:{ECB1281E-E17C-F20E-0060-DA328002022A}.jpg, width=216, height=138, size=4514, type=JPG, isEmoji=false]
2023-09-27 16:44:49 V/Bot.2398493975: [獭獭不会交学费军团@(887156367)] 獭獭ʕ❍ᴥ❍ʔ喜欢优香军团(1609323331) -> [mirai:at:2384102753] 来饭饭
2023-09-27 16:44:52 V/Bot.2398493975: [獭獭不会交学费军团@(887156367)] 獭獭ʕ❍ᴥ❍ʔ喜欢优香军团(1609323331) -> 三食堂
2023-09-27 16:44:54 V/Bot.2398493975: [獭獭不会交学费军团@(887156367)] 獭獭ʕ❍ᴥ❍ʔ喜欢优香军团(1609323331) -> 带伞
2023-09-27 16:45:04 V/Bot.2398493975: [獭獭不会交学费军团@(887156367)] 獭獭ʕ❍ᴥ❍ʔ喜欢优香军团(1609323331) -> [mirai:marketface:209526,[谢谢]]
2023-09-27 16:46:16 V/Bot.2398493975: [獭獭不会交学费军团@(887156367)] Freeze_Kirin(768173212) -> [mirai:image:{47D9BEE7-CA87-C51F-C189-3EA1D9A7C118}.gif, width=200, height=157, size=70949, type=GIF, isEmoji=false]
2023-09-27 16:46:18 V/Bot.2398493975: [獭獭不会交学费军团@(887156367)] Freeze_Kirin(768173212) -> 我也要
2023-09-27 16:46:31 V/Bot.2398493975: [獭獭不会交学费军团@(887156367)] Freeze_Kirin(768173212) -> xfw去和cy说国庆之后再开会
2023-09-27 16:46:38 V/Bot.2398493975: [獭獭不会交学费军团@(887156367)] 冰水@不会反身跳军团(308217149) -> 三食堂是哪个）
2023-09-27 16:47:02 V/Bot.2398493975: [獭獭不会交学费军团@(887156367)] 獭獭ʕ❍ᴥ❍ʔ喜欢优香军团(1609323331) -> [mirai:image:{6AD26D83-97C5-8379-8A00-DE48820C54B1}.png, width=467, height=401, size=349736, type=GIF, isEmoji=true]
2023-09-27 16:47:31 V/Bot.2398493975: [獭獭不会交学费军团@(887156367)] Freeze_Kirin(768173212) -> [mirai:quote:[mirai:source:ids=[76100], internalIds=[1474270201], from 308217149 to 887156367 at 1695804398], content=<not yet initialized>]猪排
2023-09-27 16:47:43 V/Bot.2398493975: [獭獭不会交学费军团@(887156367)] 冰水@不会反身跳军团(308217149) -> 草
2023-09-27 16:49:07 V/Bot.2398493975: [獭獭不会交学费军团@(887156367)] 獭獭ʕ❍ᴥ❍ʔ喜欢优香军团(1609323331) -> 这两个新窗口不行
2023-09-27 16:49:23 V/Bot.2398493975: [獭獭不会交学费军团@(887156367)] 獭獭ʕ❍ᴥ❍ʔ喜欢优香军团(1609323331) -> 一个做菜好慢还不按顺序来
2023-09-27 16:49:34 V/Bot.2398493975: [獭獭不会交学费军团@(887156367)] 獭獭ʕ❍ᴥ❍ʔ喜欢优香军团(1609323331) -> 放overcook要拿1星的
2023-09-27 16:49:44 V/Bot.2398493975: [獭獭不会交学费军团@(887156367)] 冰水@不会反身跳军团(308217149) -> 盖饭感觉还可以吧 就是好少）
2023-09-27 16:50:26 V/Bot.2398493975: [獭獭不会交学费军团@(887156367)] 獭獭ʕ❍ᴥ❍ʔ喜欢优香军团(1609323331) -> 另一个上次有个人卡没钱了
2023-09-27 16:50:48 V/Bot.2398493975: [獭獭不会交学费军团@(887156367)] hm@獭獭不走人行道军团(2461942798) -> [mirai:image:{E164E426-601C-4514-A31E-A0C623E98F97}.png, width=370, height=180, size=14795, type=PNG, isEmoji=false]
2023-09-27 16:50:48 V/Bot.2398493975: [獭獭不会交学费军团@(887156367)] 獭獭ʕ❍ᴥ❍ʔ喜欢优香军团(1609323331) -> 整个档口的人都在see他刷饭卡没人打菜了
2023-09-27 16:50:54 V/Bot.2398493975: [獭獭不会交学费军团@(887156367)] 獭獭ʕ❍ᴥ❍ʔ喜欢优香军团(1609323331) -> [mirai:image:{15530C6E-2E2B-8726-AC46-20AE8098381B}.png, width=174, height=172, size=5372, type=JPG, isEmoji=true]
2023-09-27 16:50:55 V/Bot.2398493975: [獭獭不会交学费军团@(887156367)] hm@獭獭不走人行道军团(2461942798) -> 他为嘛自己不发
2023-09-27 16:51:08 V/Bot.2398493975: [獭獭不会交学费军团@(887156367)] 獭獭ʕ❍ᴥ❍ʔ喜欢优香军团(1609323331) -> 你问他
2023-09-27 16:51:34 V/Bot.2398493975: [獭獭不会交学费军团@(887156367)] Freeze_Kirin(768173212) -> 他是懒比
2023-09-27 16:53:56 V/Bot.2398493975: [獭獭不会交学费军团@(887156367)] zz@獺獺軍団(771507043) -> 可能手上只有手机然后手机上piazza没登录？
2023-09-27 16:54:13 V/Bot.2398493975: [獭獭不会交学费军团@(887156367)] 獭獭ʕ❍ᴥ❍ʔ喜欢优香军团(1609323331) -> 就是懒
2023-09-27 16:55:40 V/Bot.2398493975: [獭獭不会交学费军团@(887156367)] Freeze_Kirin(768173212) -> 就是懒
2023-09-27 16:56:10 V/Bot.2398493975: [獭獭不会交学费军团@(887156367)] Freeze_Kirin(768173212) -> 之前协调开会时间，学弟发了个课表，cy转头就问你啥时候有空，周三下午行不行
2023-09-27 17:02:49 V/Bot.2398493975: [獭獭不会交学费军团@(887156367)] lax@牛牛道心破碎军团(269418386) -> cy是谁
2023-09-27 17:05:29 V/Bot.2398493975: [SHT荔枝麻酱协会(493057481)] 千梦(449603499) -> [mirai:image:{66333CC3-464F-2A69-9716-52A557BE507F}.jpg, width=1280, height=590, size=71995, type=JPG, isEmoji=false]
2023-09-27 17:06:36 V/Bot.2398493975: [獭獭不会交学费军团@(887156367)] lax@牛牛道心破碎军团(269418386) -> [mirai:image:{A8D6A4B4-785F-7D40-9A4D-3894AA238206}.gif, width=48, height=48, size=709, type=GIF, isEmoji=true]我们反正在学信网和证书上已经完全没有上科大的形状了
2023-09-27 17:06:50 V/Bot.2398493975: [獭獭不会交学费军团@(887156367)] 獭獭ʕ❍ᴥ❍ʔ喜欢优香军团(1609323331) -> cygames
2023-09-27 17:07:47 V/Bot.2398493975: [獭獭不会交学费军团@(887156367)] lax@牛牛道心破碎军团(269418386) -> 我要是学生证丢了以后 连全高赛都参加不了
2023-09-27 17:08:01 V/Bot.2398493975: [獭獭不会交学费军团@(887156367)] lax@牛牛道心破碎军团(269418386) -> 到时候我就去华科了
2023-09-27 17:08:01 V/Bot.2398493975: [獭獭不会交学费军团@(887156367)] 獭獭ʕ❍ᴥ❍ʔ喜欢优香军团(1609323331) -> [mirai:image:{18399239-9EC8-A0CB-5E40-DA1A9668D672}.png, width=160, height=160, size=4785, type=JPG, isEmoji=true]
2023-09-27 17:08:03 V/Bot.2398493975: [SHT荔枝麻酱协会(493057481)] 冰水 麻将小怨妇(x(308217149) -> [mirai:image:{04935876-D04E-C6C9-A3D5-3E9C4FF156FD}.jpg, width=1916, height=1080, size=113110, type=JPG, isEmoji=false]
2023-09-27 17:08:09 V/Bot.2398493975: [獭獭不会交学费军团@(887156367)] 獭獭ʕ❍ᴥ❍ʔ喜欢优香军团(1609323331) -> [mirai:image:{C2B9835A-B426-00E2-F859-124D34935BF1}.png, width=304, height=240, size=29087, type=GIF, isEmoji=true]
2023-09-27 17:08:10 V/Bot.2398493975: [獭獭不会交学费军团@(887156367)] 冰水@不会反身跳军团(308217149) -> ？
2023-09-27 17:08:10 V/Bot.2398493975: [獭獭不会交学费军团@(887156367)] lax@牛牛道心破碎军团(269418386) -> [mirai:image:{93EAD3B3-EF38-0148-5669-9A1DC9E0568A}.gif, width=74, height=62, size=4345, type=GIF, isEmoji=true]
2023-09-27 17:08:12 V/Bot.2398493975: [獭獭不会交学费军团@(887156367)] 獭獭锤子大鸽@被獭獭军团开除(963423936) -> ？
2023-09-27 17:08:18 V/Bot.2398493975: [獭獭不会交学费军团@(887156367)] 冰水@不会反身跳军团(308217149) -> 这种事情 不要啊
2023-09-27 17:08:30 V/Bot.2398493975: [獭獭不会交学费军团@(887156367)] 獭獭锤子大鸽@被獭獭军团开除(963423936) -> 这时候就要使用牛牛的羁绊
2023-09-27 17:08:35 V/Bot.2398493975: [獭獭不会交学费军团@(887156367)] 獭獭ʕ❍ᴥ❍ʔ喜欢优香军团(1609323331) -> [mirai:at:472247053] 快留档
2023-09-27 17:08:36 V/Bot.2398493975: [獭獭不会交学费军团@(887156367)] 獭獭锤子大鸽@被獭獭军团开除(963423936) -> 他喊着什么友情啊羁绊啊就冲上去了
2023-09-27 17:08:44 V/Bot.2398493975: [獭獭不会交学费军团@(887156367)] lax@牛牛道心破碎军团(269418386) -> 别急 我学生证拿了 只是忘记放在哪里了
2023-09-27 17:08:46 V/Bot.2398493975: [獭獭不会交学费军团@(887156367)] 哭哭Excel@被獭獭军团开除4次(472247053) -> [mirai:quote:[mirai:source:ids=[76029], internalIds=[1292801027], from 1609323331 to 887156367 at 1695802270], content=<not yet initialized>][mirai:at:1609323331] 艹 我怎么也是反着拿起来的
2023-09-27 17:09:20 V/Bot.2398493975: [獭獭不会交学费军团@(887156367)] 獭獭锤子大鸽@被獭獭军团开除(963423936) -> 还是hlb搞笑 hlb说醒来把当ta的课完全睡过去了
2023-09-27 17:09:27 V/Bot.2398493975: [獭獭不会交学费军团@(887156367)] 獭獭ʕ❍ᴥ❍ʔ喜欢优香军团(1609323331) -> 獭
2023-09-27 17:09:30 V/Bot.2398493975: [獭獭不会交学费军团@(887156367)] lax@牛牛道心破碎军团(269418386) -> 所以理论上我们确实拿不了这个10周年
2023-09-27 17:09:31 V/Bot.2398493975: [獭獭不会交学费军团@(887156367)] 哭哭Excel@被獭獭军团开除4次(472247053) -> 这盒子有问题 空间太大了 会在里面翻来翻去的
2023-09-27 17:09:48 V/Bot.2398493975: [獭獭不会交学费军团@(887156367)] lax@牛牛道心破碎军团(269418386) -> 因为我们要是上科大的学生  去年就被退学了
2023-09-27 17:09:54 V/Bot.2398493975: [獭獭不会交学费军团@(887156367)] 哭哭Excel@被獭獭军团开除4次(472247053) -> xs
2023-09-27 17:09:57 V/Bot.2398493975: [獭獭不会交学费军团@(887156367)] lax@牛牛道心破碎军团(269418386) -> [mirai:image:{93EAD3B3-EF38-0148-5669-9A1DC9E0568A}.gif, width=74, height=62, size=4345, type=GIF, isEmoji=true]
2023-09-27 17:10:18 V/Bot.2398493975: [獭獭不会交学费军团@(887156367)] 獭獭锤子大鸽@被獭獭军团开除(963423936) -> [mirai:image:{05919B55-D12E-11BD-7C76-D06FAD553D12}.gif, width=370, height=296, size=100522, type=GIF, isEmoji=true]
2023-09-27 17:10:21 V/Bot.2398493975: [獭獭不会交学费军团@(887156367)] 獭獭锤子大鸽@被獭獭军团开除(963423936) -> lax还挺骄傲
2023-09-27 17:10:23 V/Bot.2398493975: [獭獭不会交学费军团@(887156367)] 獭獭锤子大鸽@被獭獭军团开除(963423936) -> [mirai:image:{05919B55-D12E-11BD-7C76-D06FAD553D12}.gif, width=370, height=296, size=100522, type=GIF, isEmoji=true]
2023-09-27 17:10:51 V/Bot.2398493975: [SHT荔枝麻酱协会(493057481)] 优雅猛牛(695150175) -> [哦]
2023-09-27 17:10:52 I/UnidbgFetchQsign: Bot(2398493975) request_token, submit success
2023-09-27 17:10:55 V/Bot.2398493975: [獭獭不会交学费军团@(887156367)] lax@牛牛道心破碎军团(269418386) -> [mirai:image:{A8222B95-7BFD-401D-F76D-3F1C316BF177}.jpg, width=198, height=105, size=2448, type=JPG, isEmoji=true]
2023-09-27 17:11:08 V/Bot.2398493975: [獭獭不会交学费军团@(887156367)] lax@牛牛道心破碎军团(269418386) -> 那上有政策下有对策
2023-09-27 17:11:29 V/Bot.2398493975: [獭獭不会交学费军团@(887156367)] lax@牛牛道心破碎军团(269418386) -> 我用了光机所的毕业年限 却按照上科大的要求毕业
2023-09-27 17:11:38 V/Bot.2398493975: [獭獭不会交学费军团@(887156367)] lax@牛牛道心破碎军团(269418386) -> 钻了空子
2023-09-27 17:11:54 V/Bot.2398493975: [獭獭不会交学费军团@(887156367)] 优雅猛牛(695150175) -> [偷笑][偷笑]
2023-09-27 17:12:04 V/Bot.2398493975: [獭獭不会交学费军团@(887156367)] lax@牛牛道心破碎军团(269418386) -> 不然我今年就被退学了
2023-09-27 17:12:05 V/Bot.2398493975: [SHT荔枝麻酱协会(493057481)] 隔壁老王(297234073) -> 这是什么牛马
2023-09-27 17:12:09 V/Bot.2398493975: [獭獭不会交学费军团@(887156367)] 优雅猛牛(695150175) -> 那我可是达到光机所毕业要求了好吧
2023-09-27 17:12:12 V/Bot.2398493975: [獭獭不会交学费军团@(887156367)] 优雅猛牛(695150175) -> [托腮][托腮][托腮]
2023-09-27 17:12:16 V/Bot.2398493975: [獭獭不会交学费军团@(887156367)] lax@牛牛道心破碎军团(269418386) -> 对对对
2023-09-27 17:12:27 V/Bot.2398493975: [獭獭不会交学费军团@(887156367)] lax@牛牛道心破碎军团(269418386) -> 你是正儿八经光机所人
2023-09-27 17:12:33 V/Bot.2398493975: [獭獭不会交学费军团@(887156367)] lax@牛牛道心破碎军团(269418386) -> 知道光机所怎么走不
2023-09-27 17:12:39 V/Bot.2398493975: [SHT荔枝麻酱协会(493057481)] 卡农变奏(530079804) -> 雀魂麻将没有bug，一切以结算为准
2023-09-27 17:12:49 V/Bot.2398493975: [獭獭不会交学费军团@(887156367)] 獭獭锤子大鸽@被獭獭军团开除(963423936) -> [mirai:image:{69C1DBD5-D076-4E14-0550-DB2761131A49}.png, width=135, height=71, size=5989, type=PNG, isEmoji=false]
2023-09-27 17:12:51 V/Bot.2398493975: [獭獭不会交学费军团@(887156367)] 獭獭锤子大鸽@被獭獭军团开除(963423936) -> 保存了
2023-09-27 17:13:25 V/Bot.2398493975: [獭獭不会交学费军团@(887156367)] lax@牛牛道心破碎军团(269418386) -> 又发中年人表情
2023-09-27 17:13:37 V/Bot.2398493975: [獭獭不会交学费军团@(887156367)] lax@牛牛道心破碎军团(269418386) -> 牛牛该去cos秀才了
2023-09-27 17:13:38 V/Bot.2398493975: [獭獭不会交学费军团@(887156367)] 獭獭锤子大鸽@被獭獭军团开除(963423936) -> 牛牛回了趟家
2023-09-27 17:13:40 V/Bot.2398493975: [獭獭不会交学费军团@(887156367)] 獭獭锤子大鸽@被獭獭军团开除(963423936) -> 变成了真正的
2023-09-27 17:13:41 V/Bot.2398493975: [獭獭不会交学费军团@(887156367)] 獭獭锤子大鸽@被獭獭军团开除(963423936) -> 秀才
2023-09-27 17:13:46 V/Bot.2398493975: [獭獭不会交学费军团@(887156367)] lax@牛牛道心破碎军团(269418386) -> 感觉有点像
2023-09-27 17:13:56 V/Bot.2398493975: [獭獭不会交学费军团@(887156367)] 獭獭锤子大鸽@被獭獭军团开除(963423936) -> 难绷捂嘴笑
2023-09-27 17:14:08 V/Bot.2398493975: [獭獭不会交学费军团@(887156367)] 优雅猛牛(695150175) -> [托腮][托腮][托腮]
2023-09-27 17:14:10 V/Bot.2398493975: [獭獭不会交学费军团@(887156367)] 优雅猛牛(695150175) -> 咋了
2023-09-27 17:14:15 V/Bot.2398493975: [獭獭不会交学费军团@(887156367)] 优雅猛牛(695150175) -> 就用qq自带的
2023-09-27 17:14:17 V/Bot.2398493975: [獭獭不会交学费军团@(887156367)] 优雅猛牛(695150175) -> [暗中观察][暗中观察]
2023-09-27 17:14:24 V/Bot.2398493975: [獭獭不会交学费军团@(887156367)] 优雅猛牛(695150175) -> [抠鼻][抠鼻][抠鼻]
2023-09-27 17:15:04 V/Bot.2398493975: [獭獭不会交学费军团@(887156367)] lax@牛牛道心破碎军团(269418386) -> 捂嘴吐信子
2023-09-27 17:15:25 V/Bot.2398493975: [獭獭不会交学费军团@(887156367)] lax@牛牛道心破碎军团(269418386) -> [打call][打call]
2023-09-27 17:15:34 V/Bot.2398493975: [獭獭不会交学费军团@(887156367)] lax@牛牛道心破碎军团(269418386) -> 我也喜欢这个
2023-09-27 17:15:55 V/Bot.2398493975: [獭獭不会交学费军团@(887156367)] 獭獭ʕ❍ᴥ❍ʔ喜欢优香军团(1609323331) -> [mirai:at:768173212] 路上看到一个小姐姐打着缪缪伞
2023-09-27 17:15:56 V/Bot.2398493975: [獭獭不会交学费军团@(887156367)] 獭獭ʕ❍ᴥ❍ʔ喜欢优香军团(1609323331) -> [mirai:image:{1D941FF3-006F-86A6-FD4F-12027B527696}.png, width=112, height=86, size=35949, type=GIF, isEmoji=true]
2023-09-27 17:16:28 V/Bot.2398493975: [SHT荔枝麻酱协会(493057481)] N！T！R！！！(269418386) -> 可以自己做的
2023-09-27 17:16:37 V/Bot.2398493975: [獭獭不会交学费军团@(887156367)] Freeze_Kirin(768173212) -> [mirai:image:{15530C6E-2E2B-8726-AC46-20AE8098381B}.jpg, width=174, height=172, size=5372, type=JPG, isEmoji=false]
2023-09-27 17:19:41 V/Bot.2398493975: [獭獭不会交学费军团@(887156367)] Freeze_Kirin(768173212) -> 被cy拷打了
2023-09-27 17:19:46 V/Bot.2398493975: [獭獭不会交学费军团@(887156367)] Freeze_Kirin(768173212) -> [mirai:image:{C6019596-32FA-6838-49C5-6B5806668E26}.gif, width=328, height=300, size=41763, type=GIF, isEmoji=false]
2023-09-27 17:20:01 V/Bot.2398493975: [SHT荔枝麻酱协会(493057481)] 冰水 麻将小怨妇(x(308217149) -> [mirai:image:{11AB70AD-EDA8-B82F-8205-A9DD84D9CC29}.jpg, width=873, height=1920, size=152276, type=JPG, isEmoji=false]
2023-09-27 17:20:06 V/Bot.2398493975: [SHT荔枝麻酱协会(493057481)] 冰水 麻将小怨妇(x(308217149) -> 还真有类似的bug
2023-09-27 17:20:11 V/Bot.2398493975: [獭獭不会交学费军团@(887156367)] Freeze_Kirin(768173212) -> 相似
2023-09-27 17:20:27 V/Bot.2398493975: [SHT荔枝麻酱协会(493057481)] 冰水 麻将小怨妇(x(308217149) -> [mirai:image:{115993CB-6E4C-3D9A-B93C-4BA66D1FC4E3}.jpg, width=1080, height=618, size=65053, type=JPG, isEmoji=false]
2023-09-27 17:20:51 V/Bot.2398493975: [獭獭不会交学费军团@(887156367)] Freeze_Kirin(768173212) -> 短短20min已经想闭麦装死了
2023-09-27 17:23:23 V/Bot.2398493975: [獭獭不会交学费军团@(887156367)] lax@牛牛道心破碎军团(269418386) -> [mirai:at:308217149] 冰水确定一下我待会去校友群问下情况
2023-09-27 17:24:17 V/Bot.2398493975: [獭獭不会交学费军团@(887156367)] 冰水@不会反身跳军团(308217149) -> 啥）
2023-09-27 17:24:28 V/Bot.2398493975: [獭獭不会交学费军团@(887156367)] 冰水@不会反身跳军团(308217149) -> 名单？
2023-09-27 17:24:39 V/Bot.2398493975: [獭獭不会交学费军团@(887156367)] 冰水@不会反身跳军团(308217149) -> 至少15年硕博连读的没有
2023-09-27 17:25:06 V/Bot.2398493975: [獭獭不会交学费军团@(887156367)] 萝卜@萝卜軍団(690875992) -> 你的QQ暂不支持查看视频短片，请期待后续版本。[不支持的消息#-1336184277]
2023-09-27 17:25:09 V/Bot.2398493975: [獭獭不会交学费军团@(887156367)] 萝卜@萝卜軍団(690875992) -> [mirai:image:{87EEFC8B-C429-BFE4-DAFE-240D508AABCB}.gif, width=368, height=288, size=183490, type=GIF, isEmoji=true]
2023-09-27 17:25:12 V/Bot.2398493975: [獭獭不会交学费军团@(887156367)] lax@牛牛道心破碎军团(269418386) -> 我们也不清楚 硕博连读和直博有区别吗
2023-09-27 17:25:12 V/Bot.2398493975: Event: GroupRecall(bot=Bot(2398493975), authorId=690875992, messageIds=[76184], messageInternalIds=[547611855], messageTime=1695806706, operator=NormalMember(690875992), group=Group(887156367), author=NormalMember(690875992))
2023-09-27 17:25:16 V/Bot.2398493975: [獭獭不会交学费军团@(887156367)] lax@牛牛道心破碎军团(269418386) -> ？？
2023-09-27 17:25:17 V/Bot.2398493975: [獭獭不会交学费军团@(887156367)] 萝卜@萝卜軍団(690875992) -> 有的吧
2023-09-27 17:25:21 V/Bot.2398493975: [獭獭不会交学费军团@(887156367)] lax@牛牛道心破碎军团(269418386) -> 干嘛撤回
2023-09-27 17:25:22 V/Bot.2398493975: [獭獭不会交学费军团@(887156367)] Freeze_Kirin(768173212) -> 有的吧
2023-09-27 17:25:31 V/Bot.2398493975: [獭獭不会交学费军团@(887156367)] 冰水@不会反身跳军团(308217149) -> 也没有15博的名单）
2023-09-27 17:25:40 V/Bot.2398493975: [獭獭不会交学费军团@(887156367)] lax@牛牛道心破碎军团(269418386) -> 17博？
2023-09-27 17:26:00 V/Bot.2398493975: [獭獭不会交学费军团@(887156367)] 冰水@不会反身跳军团(308217149) -> 那我一会去教室放完电脑再去看一天
2023-09-27 17:26:03 V/Bot.2398493975: [獭獭不会交学费军团@(887156367)] 冰水@不会反身跳军团(308217149) -> 看一眼
2023-09-27 17:27:29 V/Bot.2398493975: [獭獭不会交学费军团@(887156367)] 萝卜@萝卜軍団(690875992) -> 什么东西
2023-09-27 17:27:43 V/Bot.2398493975: [獭獭不会交学费军团@(887156367)] 冰水@不会反身跳军团(308217149) -> 所以撤回干嘛
2023-09-27 17:27:48 V/Bot.2398493975: [獭獭不会交学费军团@(887156367)] 冰水@不会反身跳军团(308217149) -> 好像是个视频）
2023-09-27 17:29:40 V/Bot.2398493975: [獭獭不会交学费军团@(887156367)] lax@牛牛道心破碎军团(269418386) -> 看到萝卜一张大脸 感觉马上要秀才了
2023-09-27 17:31:17 V/Bot.2398493975: [獭獭不会交学费军团@(887156367)] 獭獭ʕ❍ᴥ❍ʔ喜欢优香军团(1609323331) -> 没看到
2023-09-27 17:31:20 V/Bot.2398493975: [獭獭不会交学费军团@(887156367)] 獭獭ʕ❍ᴥ❍ʔ喜欢优香军团(1609323331) -> 要补偿
2023-09-27 17:31:22 V/Bot.2398493975: [獭獭不会交学费军团@(887156367)] 獭獭ʕ❍ᴥ❍ʔ喜欢优香军团(1609323331) -> [mirai:image:{47D9BEE7-CA87-C51F-C189-3EA1D9A7C118}.png, width=200, height=157, size=70949, type=GIF, isEmoji=true]
2023-09-27 17:32:32 V/Bot.2398493975: [獭獭不会交学费军团@(887156367)] 哭哭Excel@被獭獭军团开除4次(472247053) -> [mirai:image:{47D9BEE7-CA87-C51F-C189-3EA1D9A7C118}.png, width=200, height=157, size=70949, type=GIF, isEmoji=false]
2023-09-27 17:32:38 V/Bot.2398493975: [獭獭不会交学费军团@(887156367)] 哭哭Excel@被獭獭军团开除4次(472247053) -> 好饿
2023-09-27 17:32:41 V/Bot.2398493975: [獭獭不会交学费军团@(887156367)] Freeze_Kirin(768173212) -> [mirai:image:{47D9BEE7-CA87-C51F-C189-3EA1D9A7C118}.gif, width=200, height=157, size=70949, type=GIF, isEmoji=false]
2023-09-27 17:32:44 V/Bot.2398493975: [獭獭不会交学费军团@(887156367)] Freeze_Kirin(768173212) -> 好饿
2023-09-27 17:32:46 V/Bot.2398493975: [獭獭不会交学费军团@(887156367)] 哭哭Excel@被獭獭军团开除4次(472247053) -> 躺了一整天了
2023-09-27 17:32:49 V/Bot.2398493975: [獭獭不会交学费军团@(887156367)] Freeze_Kirin(768173212) -> 不想开会了
2023-09-27 17:32:56 V/Bot.2398493975: [獭獭不会交学费军团@(887156367)] Freeze_Kirin(768173212) -> 让我吃饭
2023-09-27 17:33:27 V/Bot.2398493975: [獭獭不会交学费军团@(887156367)] lax@牛牛道心破碎军团(269418386) -> 我已经培训三天了 简直折磨
2023-09-27 17:33:30 V/Bot.2398493975: [獭獭不会交学费军团@(887156367)] 獭獭ʕ❍ᴥ❍ʔ喜欢优香军团(1609323331) -> 结束会议！
2023-09-27 17:34:18 V/Bot.2398493975: Event: GroupNameChangeEvent(origin=獭獭不会交学费军团@, new=獭獭928看原神周年庆军, group=Group(887156367), operator=NormalMember(1609323331))
2023-09-27 17:37:14 V/Bot.2398493975: [獭獭928看原神周年庆军(887156367)] 冰水@不会反身跳军团(308217149) -> 草
2023-09-27 17:37:16 V/Bot.2398493975: [獭獭928看原神周年庆军(887156367)] 冰水@不会反身跳军团(308217149) -> 原
2023-09-27 17:37:19 V/Bot.2398493975: [獭獭928看原神周年庆军(887156367)] Freeze_Kirin(768173212) -> ？
2023-09-27 17:37:20 V/Bot.2398493975: [獭獭928看原神周年庆军(887156367)] 獭獭ʕ❍ᴥ❍ʔ喜欢优香军团(1609323331) -> [mirai:image:{6A04CF8F-3E8F-35FA-6E79-E70DDAFEDF77}.png, width=1125, height=2436, size=176385, type=PNG, isEmoji=false]
2023-09-27 17:37:24 V/Bot.2398493975: [獭獭928看原神周年庆军(887156367)] 獭獭ʕ❍ᴥ❍ʔ喜欢优香军团(1609323331) -> 有饭吃了
2023-09-27 17:37:34 V/Bot.2398493975: [獭獭928看原神周年庆军(887156367)] 冰水@不会反身跳军团(308217149) -> 好好好
2023-09-27 17:37:37 V/Bot.2398493975: [獭獭928看原神周年庆军(887156367)] 冰水@不会反身跳军团(308217149) -> 有饭吃了
2023-09-27 17:37:44 V/Bot.2398493975: [獭獭928看原神周年庆军(887156367)] Freeze_Kirin(768173212) -> 有饭吃了
2023-09-27 17:38:42 V/Bot.2398493975: [獭獭928看原神周年庆军(887156367)] Freeze_Kirin(768173212) -> 所以这100直接打到卡里吗
2023-09-27 17:38:48 V/Bot.2398493975: [獭獭928看原神周年庆军(887156367)] 獭獭ʕ❍ᴥ❍ʔ喜欢优香军团(1609323331) -> [mirai:image:{6A1530B4-093F-075A-F140-490DCC7DBAF6}.png, width=228, height=348, size=14278, type=JPG, isEmoji=true]
2023-09-27 17:38:52 V/Bot.2398493975: [獭獭928看原神周年庆军(887156367)] 冰水@不会反身跳军团(308217149) -> 应该是饭卡吧
2023-09-27 17:38:56 V/Bot.2398493975: [獭獭928看原神周年庆军(887156367)] Freeze_Kirin(768173212) -> 去年有吗
2023-09-27 17:39:04 V/Bot.2398493975: [獭獭928看原神周年庆军(887156367)] lax@牛牛道心破碎军团(269418386) -> 没有！
2023-09-27 17:39:05 V/Bot.2398493975: [獭獭928看原神周年庆军(887156367)] 獭獭ʕ❍ᴥ❍ʔ喜欢优香军团(1609323331) -> 没有
2023-09-27 17:39:05 V/Bot.2398493975: [獭獭928看原神周年庆军(887156367)] 哭哭Excel@被獭獭军团开除4次(472247053) -> 没印象
2023-09-27 17:39:10 V/Bot.2398493975: [獭獭928看原神周年庆军(887156367)] Freeze_Kirin(768173212) -> 可恶
2023-09-27 17:39:12 V/Bot.2398493975: [獭獭928看原神周年庆军(887156367)] 哭哭Excel@被獭獭军团开除4次(472247053) -> 上一次饭补是疫情？
2023-09-27 17:39:13 V/Bot.2398493975: [獭獭928看原神周年庆军(887156367)] Freeze_Kirin(768173212) -> 感谢校庆
2023-09-27 17:39:20 V/Bot.2398493975: [獭獭928看原神周年庆军(887156367)] 哭哭Excel@被獭獭军团开除4次(472247053) -> 还是啥
2023-09-27 17:39:29 V/Bot.2398493975: [獭獭928看原神周年庆军(887156367)] Freeze_Kirin(768173212) -> 疫情吧
2023-09-27 17:39:33 V/Bot.2398493975: Event: GroupNameChangeEvent(origin=獭獭928看原神周年庆军, new=獭獭928不看原神周年庆, group=Group(887156367), operator=NormalMember(1609323331))
2023-09-27 17:39:39 V/Bot.2398493975: [獭獭928不看原神周年庆(887156367)] 冰水@不会反身跳军团(308217149) -> 忘了 反正偶尔会有
2023-09-27 17:39:40 V/Bot.2398493975: [獭獭928不看原神周年庆(887156367)] 哭哭Excel@被獭獭军团开除4次(472247053) -> ？
2023-09-27 17:39:53 V/Bot.2398493975: Event: GroupNameChangeEvent(origin=獭獭928不看原神周年庆, new=獭獭有钱吃饭军团@🎤, group=Group(887156367), operator=NormalMember(768173212))
2023-09-27 17:40:08 V/Bot.2398493975: Event: GroupNameChangeEvent(origin=獭獭有钱吃饭军团@🎤, new=獭獭没钱吃饭军团@🎤, group=Group(887156367), operator=NormalMember(1609323331))
2023-09-27 17:40:09 V/Bot.2398493975: Event: GroupNameChangeEvent(origin=獭獭没钱吃饭军团@🎤, new=獭獭有钱吃饭军团@🎤, group=Group(887156367), operator=NormalMember(472247053))
2023-09-27 17:40:37 V/Bot.2398493975: [獭獭有钱吃饭军团@🎤(887156367)] 哭哭Excel@被獭獭军团开除4次(472247053) -> 艹
2023-09-27 17:40:39 V/Bot.2398493975: [獭獭有钱吃饭军团@🎤(887156367)] lax@牛牛道心破碎军团(269418386) -> ？
2023-09-27 17:40:42 V/Bot.2398493975: [獭獭有钱吃饭军团@🎤(887156367)] 獭獭ʕ❍ᴥ❍ʔ喜欢优香军团(1609323331) -> [mirai:at:472247053] 给hlb打钱
2023-09-27 17:40:43 V/Bot.2398493975: Event: GroupNameChangeEvent(origin=獭獭有钱吃饭军团@🎤, new=獭獭没钱吃饭军团@🎤, group=Group(887156367), operator=NormalMember(771507043))
2023-09-27 17:40:48 V/Bot.2398493975: [獭獭没钱吃饭军团@🎤(887156367)] 獭獭ʕ❍ᴥ❍ʔ喜欢优香军团(1609323331) -> [mirai:audio:f0adf74bfc3058926ed5e9a0a3193a01.amr]
2023-09-27 17:40:49 V/Bot.2398493975: [獭獭没钱吃饭军团@🎤(887156367)] 哭哭Excel@被獭獭军团开除4次(472247053) -> 现在这个群名好容易不小心确认
2023-09-27 17:41:31 V/Bot.2398493975: [獭獭没钱吃饭军团@🎤(887156367)] 冰水@不会反身跳军团(308217149) -> 版本更新了
2023-09-27 17:41:39 V/Bot.2398493975: [獭獭没钱吃饭军团@🎤(887156367)] 冰水@不会反身跳军团(308217149) -> 变成校友17年才能领了
2023-09-27 17:41:48 V/Bot.2398493975: [獭獭没钱吃饭军团@🎤(887156367)] Freeze_Kirin(768173212) -> [mirai:image:{15530C6E-2E2B-8726-AC46-20AE8098381B}.jpg, width=174, height=172, size=5372, type=JPG, isEmoji=false]
2023-09-27 17:41:53 V/Bot.2398493975: [獭獭没钱吃饭军团@🎤(887156367)] 獭獭ʕ❍ᴥ❍ʔ喜欢优香军团(1609323331) -> 变成校友17年
2023-09-27 17:42:01 V/Bot.2398493975: Event: GroupRecall(bot=Bot(2398493975), authorId=308217149, messageIds=[76239], messageInternalIds=[141719166], messageTime=1695807699, operator=NormalMember(308217149), group=Group(887156367), author=NormalMember(308217149))
2023-09-27 17:42:02 V/Bot.2398493975: [獭獭没钱吃饭军团@🎤(887156367)] 獭獭ʕ❍ᴥ❍ʔ喜欢优香军团(1609323331) -> 那我要5岁毕业
2023-09-27 17:42:03 V/Bot.2398493975: [獭獭没钱吃饭军团@🎤(887156367)] 哭哭Excel@被獭獭军团开除4次(472247053) -> 看来好要好多年【？
2023-09-27 17:42:06 V/Bot.2398493975: [獭獭没钱吃饭军团@🎤(887156367)] 獭獭ʕ❍ᴥ❍ʔ喜欢优香军团(1609323331) -> [mirai:image:{579EE39F-8E5B-B0CE-7C84-FD1B6BC3FB54}.png, width=360, height=360, size=703032, type=GIF, isEmoji=true]
2023-09-27 17:42:08 V/Bot.2398493975: [獭獭没钱吃饭军团@🎤(887156367)] zz@獺獺軍団(771507043) -> 十七年
2023-09-27 17:42:08 V/Bot.2398493975: [獭獭没钱吃饭军团@🎤(887156367)] 冰水@不会反身跳军团(308217149) -> 变成校友明天才能领了
2023-09-27 17:42:12 V/Bot.2398493975: [獭獭没钱吃饭军团@🎤(887156367)] 冰水@不会反身跳军团(308217149) -> 嘴瓢
2023-09-27 17:42:25 V/Bot.2398493975: [獭獭没钱吃饭军团@🎤(887156367)] Freeze_Kirin(768173212) -> lax速速请假
2023-09-27 17:42:26 V/Bot.2398493975: [獭獭没钱吃饭军团@🎤(887156367)] 哭哭Excel@被獭獭军团开除4次(472247053) -> 有道理 今天来不了
2023-09-27 17:42:27 V/Bot.2398493975: [獭獭没钱吃饭军团@🎤(887156367)] Freeze_Kirin(768173212) -> 来领
2023-09-27 17:45:21 V/Bot.2398493975: [獭獭没钱吃饭军团@🎤(887156367)] 哭哭Excel@被獭獭军团开除4次(472247053) -> [mirai:image:{64971C82-467C-8F27-34B4-CBCEE110969E}.jpg, width=2400, height=1080, size=1132230, type=JPG, isEmoji=false]
2023-09-27 17:45:29 V/Bot.2398493975: [獭獭没钱吃饭军团@🎤(887156367)] 哭哭Excel@被獭獭军团开除4次(472247053) -> 比我想的要小诶
2023-09-27 17:45:42 V/Bot.2398493975: [獭獭没钱吃饭军团@🎤(887156367)] 萝卜@萝卜軍団(690875992) -> [mirai:image:{69FB8C76-B233-E7AF-2A33-52FF434698EA}.jpg, width=860, height=1920, size=90193, type=JPG, isEmoji=false]
2023-09-27 17:45:51 V/Bot.2398493975: [獭獭没钱吃饭军团@🎤(887156367)] Freeze_Kirin(768173212) -> 65w的怎么比66w的还大
2023-09-27 17:46:21 V/Bot.2398493975: [獭獭没钱吃饭军团@🎤(887156367)] 哭哭Excel@被獭獭军团开除4次(472247053) -> 因为这个66w的要200
2023-09-27 17:46:28 V/Bot.2398493975: [獭獭没钱吃饭军团@🎤(887156367)] 哭哭Excel@被獭獭军团开除4次(472247053) -> [mirai:image:{6DB8D47D-6D88-2BA8-3315-3C91BE0598DE}.jpg, width=200, height=156, size=81787, type=GIF, isEmoji=true]
2023-09-27 17:46:39 V/Bot.2398493975: [獭獭没钱吃饭军团@🎤(887156367)] Freeze_Kirin(768173212) -> 一分钱一分货
2023-09-27 17:46:58 V/Bot.2398493975: [獭獭没钱吃饭军团@🎤(887156367)] 哭哭Excel@被獭獭军团开除4次(472247053) -> 然后只能保持二十分钟【
2023-09-27 17:47:07 V/Bot.2398493975: [獭獭没钱吃饭军团@🎤(887156367)] Freeze_Kirin(768173212) -> [mirai:image:{CC061F6E-21F6-4F56-4E3D-329363821DF3}.gif, width=500, height=560, size=4828281, type=GIF, isEmoji=false]
2023-09-27 17:47:14 V/Bot.2398493975: [獭獭没钱吃饭军团@🎤(887156367)] 哭哭Excel@被獭獭军团开除4次(472247053) -> 散热不行捏
2023-09-27 17:48:13 V/Bot.2398493975: [獭獭没钱吃饭军团@🎤(887156367)] 冰水@不会反身跳军团(308217149) -> 怎么这么小
2023-09-27 17:48:16 V/Bot.2398493975: [獭獭没钱吃饭军团@🎤(887156367)] 獭獭锤子大鸽@被獭獭军团开除(963423936) -> [mirai:quote:[mirai:source:ids=[76253], internalIds=[-821861452], from 690875992 to 887156367 at 1695807942], content=<not yet initialized>][mirai:at:690875992] ？
2023-09-27 17:48:49 V/Bot.2398493975: [獭獭没钱吃饭军团@🎤(887156367)] 冰水@不会反身跳军团(308217149) -> 等一下 这玩意是给啥充电的
2023-09-27 17:48:57 V/Bot.2398493975: [獭獭没钱吃饭军团@🎤(887156367)] 獭獭ʕ❍ᴥ❍ʔ喜欢优香军团(1609323331) -> [mirai:image:{35EE10C3-477F-0FC1-47F3-27B1708C4ED7}.png, width=300, height=216, size=13366, type=JPG, isEmoji=true]
2023-09-27 17:49:07 V/Bot.2398493975: [獭獭没钱吃饭军团@🎤(887156367)] Freeze_Kirin(768173212) -> [mirai:image:{DD20D583-3EC9-D448-490B-221319BCB93A}.png, width=264, height=213, size=42106, type=PNG, isEmoji=false]
2023-09-27 17:49:16 V/Bot.2398493975: [獭獭没钱吃饭军团@🎤(887156367)] 哭哭Excel@被獭獭军团开除4次(472247053) -> typec什么叫给什么充电的x
2023-09-27 17:49:23 V/Bot.2398493975: [獭獭没钱吃饭军团@🎤(887156367)] 獭獭ʕ❍ᴥ❍ʔ喜欢优香军团(1609323331) -> 明明是獭先发的
2023-09-27 17:49:24 V/Bot.2398493975: [獭獭没钱吃饭军团@🎤(887156367)] Freeze_Kirin(768173212) -> 给kirin的刻板印象充电
2023-09-27 17:49:31 V/Bot.2398493975: [獭獭没钱吃饭军团@🎤(887156367)] 冰水@不会反身跳军团(308217149) -> 电脑还是手机）
2023-09-27 17:49:38 V/Bot.2398493975: [獭獭没钱吃饭军团@🎤(887156367)] 冰水@不会反身跳军团(308217149) -> 哦
2023-09-27 17:49:49 V/Bot.2398493975: [獭獭没钱吃饭军团@🎤(887156367)] 獭獭ʕ❍ᴥ❍ʔ喜欢优香军团(1609323331) -> 给kirin充电的
2023-09-27 17:49:50 V/Bot.2398493975: [獭獭没钱吃饭军团@🎤(887156367)] 哭哭Excel@被獭獭军团开除4次(472247053) -> scp 66w + pd 65w
2023-09-27 17:49:54 V/Bot.2398493975: [獭獭没钱吃饭军团@🎤(887156367)] 獭獭ʕ❍ᴥ❍ʔ喜欢优香军团(1609323331) -> kirin是机器人
2023-09-27 17:50:16 V/Bot.2398493975: [獭獭没钱吃饭军团@🎤(887156367)] lax@牛牛道心破碎军团(269418386) -> [mirai:image:{F2699F43-0E8C-0B1C-F9A7-E2707B46BA46}.jpg, width=482, height=438, size=28781, type=JPG, isEmoji=true]
2023-09-27 17:50:20 V/Bot.2398493975: [獭獭没钱吃饭军团@🎤(887156367)] lax@牛牛道心破碎军团(269418386) -> 鸽了
2023-09-27 17:50:53 I/UnidbgFetchQsign: Bot(2398493975) request_token, submit success
2023-09-27 17:59:47 V/Bot.2398493975: [獭獭没钱吃饭军团@🎤(887156367)] 哭哭Excel@被獭獭军团开除4次(472247053) -> [mirai:image:{88710B30-785B-5F3B-52FD-CC4EC2DC613C}.png, width=800, height=136, size=60052, type=PNG, isEmoji=false]好神奇
2023-09-27 18:02:23 V/Bot.2398493975: [獭獭没钱吃饭军团@🎤(887156367)] Freeze_Kirin(768173212) -> 好饿
2023-09-27 18:02:33 V/Bot.2398493975: [獭獭没钱吃饭军团@🎤(887156367)] Freeze_Kirin(768173212) -> cy怎么这么能说
2023-09-27 18:02:46 V/Bot.2398493975: [獭獭没钱吃饭军团@🎤(887156367)] Freeze_Kirin(768173212) -> 他上课的时候怎么没这么多话
2023-09-27 18:03:00 V/Bot.2398493975: [獭獭没钱吃饭军团@🎤(887156367)] Freeze_Kirin(768173212) -> [mirai:image:{1125CE6D-B789-3084-6412-841B8EA70D5D}.gif, width=376, height=431, size=142003, type=GIF, isEmoji=false]
2023-09-27 18:08:16 V/Bot.2398493975: [SHT荔枝麻酱协会(493057481)] 阳芽小天使(3096237910) -> 劫后余生
2023-09-27 18:08:18 V/Bot.2398493975: [SHT荔枝麻酱协会(493057481)] 阳芽小天使(3096237910) -> 对日两家役满[mirai:image:{A4190CA7-86B1-511F-14D1-7F264362C9D0}.jpg, width=4608, height=3456, size=3422219, type=JPG, isEmoji=false]
2023-09-27 18:22:17 V/Bot.2398493975: [獭獭没钱吃饭军团@🎤(887156367)] hzc@獭獭軍団二度受(2384102753) -> 所以你会开完了嘛
2023-09-27 18:27:12 V/Bot.2398493975: [獭獭没钱吃饭军团@🎤(887156367)] Freeze_Kirin(768173212) -> 刚结束
2023-09-27 18:27:17 V/Bot.2398493975: [獭獭没钱吃饭军团@🎤(887156367)] Freeze_Kirin(768173212) -> 已经奔向食堂
2023-09-27 18:30:59 I/UnidbgFetchQsign: Bot(2398493975) request_token, submit success
2023-09-27 18:46:51 V/Bot.2398493975: [SHT荔枝麻酱协会(493057481)] 4000all！(1846411487) -> 有无人面麻
2023-09-27 18:47:03 V/Bot.2398493975: [SHT荔枝麻酱协会(493057481)] 风行(1685448924) -> 上课
2023-09-27 18:47:05 V/Bot.2398493975: [SHT荔枝麻酱协会(493057481)] 风行(1685448924) -> [mirai:image:{916E801A-2D48-4A10-6A61-8DCFB7932525}.jpg, width=586, height=660, size=86809, type=JPG, isEmoji=true]
2023-09-27 18:48:04 V/Bot.2398493975: [SHT荔枝麻酱协会(493057481)] 天秀宝宝(1812900890) -> 可以有
2023-09-27 18:50:06 V/Bot.2398493975: [獭獭没钱吃饭军团@🎤(887156367)] zz@獺獺軍団(771507043) -> [mirai:image:{8774AC25-204B-BA5B-9A43-FCECBB5ED5AE}.png, width=2778, height=1284, size=198564, type=JPG, isEmoji=false]
2023-09-27 18:51:27 V/Bot.2398493975: [獭獭没钱吃饭军团@🎤(887156367)] hzc@獭獭軍団二度受(2384102753) -> 不容易
2023-09-27 18:53:45 V/Bot.2398493975: [獭獭没钱吃饭军团@🎤(887156367)] 獭獭ʕ❍ᴥ❍ʔ喜欢优香军团(1609323331) -> [mirai:image:{04AA33CB-931E-C1F2-EC30-4A2718268594}.png, width=370, height=292, size=89543, type=GIF, isEmoji=true]
2023-09-27 19:03:54 V/Bot.2398493975: [test(389193066)] dd小助手(3459246674) -> 赤五教教主亮亮 直播结束了
2023-09-27 19:04:06 V/Bot.2398493975: [test(389193066)] dd小助手(3459246674) -> [mirai:image:{A2C6E839-E904-7148-9E5E-E0FB5738C56C}.png, width=1000, height=7347, size=841646, type=PNG, isEmoji=false]
2023-09-27 19:10:59 I/UnidbgFetchQsign: Bot(2398493975) request_token, submit success
2023-09-27 19:14:01 V/Bot.2398493975: [獭獭没钱吃饭军团@🎤(887156367)] 萝卜@萝卜軍団(690875992) -> 看到一个弱智问题
2023-09-27 19:14:16 V/Bot.2398493975: [獭獭没钱吃饭军团@🎤(887156367)] 萝卜@萝卜軍団(690875992) -> 说21除以5等于25除以6
2023-09-27 19:14:26 V/Bot.2398493975: [獭獭没钱吃饭军团@🎤(887156367)] 萝卜@萝卜軍団(690875992) -> 因为都等于4余1
2023-09-27 19:15:13 V/Bot.2398493975: [獭獭没钱吃饭军团@🎤(887156367)] Freeze_Kirin(768173212) -> [mirai:image:{EE7C88BA-DAF0-6A2D-E286-3A059788806D}.gif, width=370, height=292, size=77327, type=GIF, isEmoji=true]
2023-09-27 19:21:38 V/Bot.2398493975: [獭獭没钱吃饭军团@🎤(887156367)] lax@牛牛道心破碎军团(269418386) -> 你可以竞选弱智吧吧主
2023-09-27 19:22:31 V/Bot.2398493975: [獭獭没钱吃饭军团@🎤(887156367)] lax@牛牛道心破碎军团(269418386) -> [mirai:image:{73352ADC-A1D6-C300-DF91-06D974E0FBF9}.jpg, width=1280, height=3508, size=181587, type=JPG, isEmoji=false]
2023-09-27 19:22:39 V/Bot.2398493975: [獭獭没钱吃饭军团@🎤(887156367)] Freeze_Kirin(768173212) -> [mirai:image:{D27A96BC-9D2F-D27F-7027-B84D45DAD71C}.png, width=232, height=49, size=21572, type=PNG, isEmoji=false]帮我想想怎么搞5500合成玉
2023-09-27 19:22:51 V/Bot.2398493975: [獭獭没钱吃饭军团@🎤(887156367)] 獭獭ʕ❍ᴥ❍ʔ喜欢优香军团(1609323331) -> 少了两个G 舒服了[mirai:image:{01444D8A-3730-F762-3153-3900565D5F87}.png, width=1125, height=2436, size=189743, type=JPG, isEmoji=false]
2023-09-27 19:23:29 V/Bot.2398493975: [獭獭没钱吃饭军团@🎤(887156367)] lax@牛牛道心破碎军团(269418386) -> 建议少5个G
2023-09-27 19:25:41 V/Bot.2398493975: [SHT荔枝麻酱协会(493057481)] 4000all！(1846411487) -> 206 1=3
2023-09-27 19:32:20 V/Bot.2398493975: [SHT荔枝麻酱协会(493057481)] 天秀宝宝(1812900890) -> 2=2[笑哭]
2023-09-27 19:51:00 I/UnidbgFetchQsign: Bot(2398493975) request_token, submit success
2023-09-27 20:21:03 V/Bot.2398493975: [SHT荔枝麻酱协会(493057481)] 4000all！(1846411487) -> 有人约了 没地打了
2023-09-27 20:23:10 V/Bot.2398493975: [SHT荔枝麻酱协会(493057481)] hzc(2384102753) -> 你们可以在204打
2023-09-27 20:23:26 V/Bot.2398493975: [SHT荔枝麻酱协会(493057481)] 4000all！(1846411487) -> 204205都有人
2023-09-27 20:23:59 V/Bot.2398493975: [SHT荔枝麻酱协会(493057481)] 4000all！(1846411487) -> 准备俩小时后再去
2023-09-27 20:25:42 V/Bot.2398493975: [test(389193066)] dd小助手(3459246674) -> 赤五教教主亮亮 发表了新动态
https://t.bilibili.com/846018938555858978
2023-09-27 20:25:43 V/Bot.2398493975: [test(389193066)] dd小助手(3459246674) -> [mirai:image:{16D46FAE-D496-70CC-D917-140B9171CFB3}.png, width=740, height=430, size=55310, type=PNG, isEmoji=false]
2023-09-27 20:30:03 V/Bot.2398493975: [SHT荔枝麻酱协会(493057481)] N！T！R！！！(269418386) -> 所以你们可以事先去预约网站上看看有没有人约了地方
2023-09-27 20:30:16 V/Bot.2398493975: [SHT荔枝麻酱协会(493057481)] 4000all！(1846411487) -> 有道理 学会了
2023-09-27 20:30:22 V/Bot.2398493975: [SHT荔枝麻酱协会(493057481)] N！T！R！！！(269418386) -> 当然我们是没有正当理由约的
2023-09-27 20:30:43 V/Bot.2398493975: [SHT荔枝麻酱协会(493057481)] 4000all！(1846411487) -> 这个懂的[汪汪]
2023-09-27 20:31:06 I/UnidbgFetchQsign: Bot(2398493975) request_token, submit success
2023-09-27 20:45:09 V/Bot.2398493975: [SHT荔枝麻酱协会(493057481)] Ishiguro Nio(2090878629) -> [mirai:quote:[mirai:source:ids=[286723], internalIds=[0], from 1846411487 to 493057481 at 1695811611], content=<not yet initialized>][mirai:at:1846411487] 同问
2023-09-27 20:54:26 V/Bot.2398493975: [SHT荔枝麻酱协会(493057481)] 天秀宝宝(1812900890) -> 现在没场了[笑哭]
2023-09-27 20:54:44 V/Bot.2398493975: [獭獭没钱吃饭军团@🎤(887156367)] 哭哭Excel@被獭獭军团开除4次(472247053) -> 怎么办 今天怎么这么多更新
2023-09-27 20:55:04 V/Bot.2398493975: [SHT荔枝麻酱协会(493057481)] 大可奇丽(1485280964) -> 204空了
2023-09-27 20:55:30 V/Bot.2398493975: [SHT荔枝麻酱协会(493057481)] 大可奇丽(1485280964) -> 真离谱
2023-09-27 20:55:33 V/Bot.2398493975: [SHT荔枝麻酱协会(493057481)] 大可奇丽(1485280964) -> 今天是什么活动
2023-09-27 20:58:37 V/Bot.2398493975: [SHT荔枝麻酱协会(493057481)] suiyuanliu(1324962753) -> ？
2023-09-27 20:58:42 V/Bot.2398493975: [SHT荔枝麻酱协会(493057481)] suiyuanliu(1324962753) -> 所以ymy
2023-09-27 20:58:51 V/Bot.2398493975: [SHT荔枝麻酱协会(493057481)] 大可奇丽(1485280964) -> 来就有
2023-09-27 21:02:26 V/Bot.2398493975: [獭獭没钱吃饭军团@🎤(887156367)] zz@獺獺軍団(771507043) -> [mirai:image:{4A784623-D78A-1AF3-8B23-DF1FCC083119}.png, width=1920, height=1080, size=1137162, type=PNG, isEmoji=false]
2023-09-27 21:02:39 V/Bot.2398493975: [獭獭没钱吃饭军团@🎤(887156367)] zz@獺獺軍団(771507043) -> 看不懂
2023-09-27 21:06:33 V/Bot.2398493975: [SHT荔枝麻酱协会(493057481)] suiyuanliu(1324962753) -> 今天学活什么活动啊
2023-09-27 21:07:21 V/Bot.2398493975: [獭獭没钱吃饭军团@🎤(887156367)] zz@獺獺軍団(771507043) -> [mirai:image:{FE82C68E-E833-A299-46D2-C4F7EB363358}.png, width=1920, height=1080, size=1327570, type=PNG, isEmoji=false]
2023-09-27 21:08:57 V/Bot.2398493975: [SHT荔枝麻酱协会(493057481)] 天秀宝宝(1812900890) -> 现在有人吗？。
2023-09-27 21:09:16 V/Bot.2398493975: [SHT荔枝麻酱协会(493057481)] 风行(1685448924) -> 下课来
2023-09-27 21:09:23 V/Bot.2398493975: [獭獭没钱吃饭军团@🎤(887156367)] zz@獺獺軍団(771507043) -> [mirai:image:{6493BE5B-FD5A-8B9A-5E9A-1D9C6303D59B}.png, width=1920, height=1080, size=1740804, type=PNG, isEmoji=false]
2023-09-27 21:10:26 V/Bot.2398493975: [獭獭没钱吃饭军团@🎤(887156367)] zz@獺獺軍団(771507043) -> 感觉新ui比之前丑[mirai:image:{678EF4E8-5612-49A8-9B3A-0E2A2BDDE04A}.png, width=1920, height=1080, size=388806, type=JPG, isEmoji=false]
2023-09-27 21:10:32 V/Bot.2398493975: [SHT荔枝麻酱协会(493057481)] Ishiguro Nio(2090878629) -> 所以有场吗
2023-09-27 21:11:07 I/UnidbgFetchQsign: Bot(2398493975) request_token, submit success
2023-09-27 21:13:23 V/Bot.2398493975: [SHT荔枝麻酱协会(493057481)] 4000all！(1846411487) -> 我现在去
2023-09-27 21:14:45 V/Bot.2398493975: [SHT荔枝麻酱协会(493057481)] Ishiguro Nio(2090878629) -> 学活吗
2023-09-27 21:14:57 V/Bot.2398493975: [SHT荔枝麻酱协会(493057481)] 4000all！(1846411487) -> 对
2023-09-27 21:15:05 V/Bot.2398493975: [SHT荔枝麻酱协会(493057481)] Ishiguro Nio(2090878629) -> Okay
2023-09-27 21:15:44 V/Bot.2398493975: [SHT荔枝麻酱协会(493057481)] 大笔谷(2306096281) -> 缺人不 缺人我也来
2023-09-27 21:18:01 V/Bot.2398493975: [SHT荔枝麻酱协会(493057481)] Ishiguro Nio(2090878629) -> 具体哪个房间呀
2023-09-27 21:18:03 V/Bot.2398493975: [SHT荔枝麻酱协会(493057481)] Ishiguro Nio(2090878629) -> [笑哭]
2023-09-27 21:18:14 V/Bot.2398493975: [SHT荔枝麻酱协会(493057481)] 4000all！(1846411487) -> 204
2023-09-27 21:18:39 V/Bot.2398493975: [SHT荔枝麻酱协会(493057481)] 风行(1685448924) -> 下课了
2023-09-27 21:18:40 V/Bot.2398493975: [SHT荔枝麻酱协会(493057481)] 风行(1685448924) -> 我踏马来辣
2023-09-27 21:19:02 V/Bot.2398493975: [SHT荔枝麻酱协会(493057481)] 大可奇丽(1485280964) -> =1
2023-09-27 21:19:07 V/Bot.2398493975: [SHT荔枝麻酱协会(493057481)] 大可奇丽(1485280964) -> [mirai:image:{7E0CA192-2535-512F-8848-8BA1CC614338}.png, width=48, height=39, size=4141, type=PNG, isEmoji=true]
2023-09-27 21:20:21 V/Bot.2398493975: [SHT荔枝麻酱协会(493057481)] 东北唐马儒(1575972633) -> [mirai:quote:[mirai:source:ids=[286758], internalIds=[1114149000], from 1685448924 to 493057481 at 1695820720], content=<not yet initialized>][mirai:at:1685448924] 还在雀
2023-09-27 21:21:45 V/Bot.2398493975: [SHT荔枝麻酱协会(493057481)] 风行(1685448924) -> ？
2023-09-27 21:21:47 V/Bot.2398493975: [SHT荔枝麻酱协会(493057481)] 风行(1685448924) -> 别尬黑
2023-09-27 21:21:49 V/Bot.2398493975: [SHT荔枝麻酱协会(493057481)] 风行(1685448924) -> 这周第一次来
2023-09-27 21:35:08 V/Bot.2398493975: [獭獭没钱吃饭军团@🎤(887156367)] zz@獺獺軍団(771507043) -> [mirai:image:{681C41A3-FF93-6043-E662-E5DFDC3B28C4}.png, width=2778, height=1564, size=350749, type=JPG, isEmoji=false]
2023-09-27 21:35:09 V/Bot.2398493975: [獭獭没钱吃饭军团@🎤(887156367)] zz@獺獺軍団(771507043) -> [mirai:image:{40366B81-2F11-5AE0-75AA-559D9A491BD7}.png, width=2048, height=1153, size=247533, type=JPG, isEmoji=false]
2023-09-27 21:37:05 V/Bot.2398493975: [獭獭没钱吃饭军团@🎤(887156367)] hzc@獭獭軍団二度受(2384102753) -> 额
2023-09-27 21:39:22 V/Bot.2398493975: [獭獭没钱吃饭军团@🎤(887156367)] 哭哭Excel@被獭獭军团开除4次(472247053) -> 加成好低。。
2023-09-27 21:51:07 I/UnidbgFetchQsign: Bot(2398493975) request_token, submit success
2023-09-27 22:31:13 I/UnidbgFetchQsign: Bot(2398493975) request_token, submit success
2023-09-27 22:36:12 V/Bot.2398493975: [SHT荔枝麻酱协会(493057481)] 大可奇丽(1485280964) -> 36800
2023-09-27 22:36:14 V/Bot.2398493975: [SHT荔枝麻酱协会(493057481)] yyyouch(2461942798) -> 14100
2023-09-27 22:36:16 V/Bot.2398493975: [SHT荔枝麻酱协会(493057481)] 4000all！(1846411487) -> 
24300
2023-09-27 22:36:17 V/Bot.2398493975: [SHT荔枝麻酱协会(493057481)] 天秀宝宝(1812900890) -> 24800
2023-09-27 22:36:18 V/Bot.2398493975: Group(493057481) <- 记录成功：
大可奇丽: 36800
天秀宝宝: 24800
4000all！: 24300
yyyouch: 14100
2023-09-27 22:44:30 V/Bot.2398493975: [SHT荔枝麻酱协会(493057481)] 大可奇丽(1485280964) -> ！查查我的
2023-09-27 22:44:31 V/Bot.2398493975: Group(493057481) <- 昵称：大可奇丽
段位：5级
rate：1578.25
近期顺位：41312131
更多数据请访问：http://shanghaitech-mahjong.top/userid/1485280964
2023-09-27 22:49:44 V/Bot.2398493975: [test(389193066)] dd小助手(3459246674) -> 赤五教教主亮亮 正在直播 今晚是王国之泪~
https://live.bilibili.com/23490978
2023-09-27 22:49:46 V/Bot.2398493975: [test(389193066)] dd小助手(3459246674) -> [mirai:image:{4209C5EF-88AE-8346-2B76-41C6A739D801}.jpg, width=704, height=396, size=95467, type=JPG, isEmoji=false]
2023-09-27 22:49:47 V/Bot.2398493975: [test(389193066)] dd小助手(3459246674) -> 已设置@全体成员但没有管理员权限,将尝试@指定成员,请需要接收单独@消息的群员使用"开播@我"命令进行订阅
2023-09-27 23:02:16 V/Bot.2398493975: [SHT荔枝麻酱协会(493057481)] 风行(1685448924) -> [mirai:image:{94DEEE02-A167-A2A5-263B-D3AFDE4548D9}.jpg, width=1440, height=1920, size=219169, type=JPG, isEmoji=false]
2023-09-27 23:02:48 V/Bot.2398493975: [SHT荔枝麻酱协会(493057481)] 风行(1685448924) -> [mirai:image:{76624558-A5CD-EAEA-38C8-ACC0AF7EDFCB}.gif, width=237, height=237, size=1264092, type=GIF, isEmoji=true]
2023-09-27 23:11:14 I/UnidbgFetchQsign: Bot(2398493975) request_token, submit success
2023-09-27 23:21:21 V/Bot.2398493975: [SHT荔枝麻酱协会(493057481)] 肥皂肥皂(1325823331) -> [mirai:image:{BB3FE7D4-D532-FDAB-CDD5-C145F0569969}.jpg, width=220, height=220, size=242909, type=GIF, isEmoji=true]
2023-09-27 23:49:29 V/Bot.2398493975: [SHT荔枝麻酱协会(493057481)] yyyouch(2461942798) -> 31200
2023-09-27 23:49:48 V/Bot.2398493975: [SHT荔枝麻酱协会(493057481)] 天秀宝宝(1812900890) -> 27900
2023-09-27 23:49:53 V/Bot.2398493975: [SHT荔枝麻酱协会(493057481)] 布莱克提(690875992) -> 31200
2023-09-27 23:50:44 V/Bot.2398493975: [SHT荔枝麻酱协会(493057481)] Ishiguro Nio(2090878629) -> 9700
2023-09-27 23:50:45 V/Bot.2398493975: Group(493057481) <- 记录成功：
yyyouch: 31200
布莱克提: 31200
天秀宝宝: 27900
Ishiguro Nio: 9700
2023-09-27 23:51:15 I/UnidbgFetchQsign: Bot(2398493975) request_token, submit success
2023-09-27 23:55:09 V/Bot.2398493975: [SHT荔枝麻酱协会(493057481)] 太空军校生(2727776885) -> -2300
2023-09-27 23:55:12 V/Bot.2398493975: [SHT荔枝麻酱协会(493057481)] hzc(2384102753) -> 8500
2023-09-27 23:55:13 V/Bot.2398493975: [SHT荔枝麻酱协会(493057481)] zz(771507043) -> 55200
2023-09-27 23:55:27 V/Bot.2398493975: [SHT荔枝麻酱协会(493057481)] 风行(1685448924) -> 37600
2023-09-27 23:55:28 V/Bot.2398493975: Group(493057481) <- 点数有误，总和不为100000！
2023-09-27 23:56:32 V/Bot.2398493975: [SHT荔枝麻酱协会(493057481)] 风行(1685448924) -> 38600
2023-09-27 23:56:33 V/Bot.2398493975: Group(493057481) <- 记录成功：
zz: 55200
风行: 38600
hzc: 8500
太空军校生: -2300
