2023-09-30 00:07:02 V/Bot.2398493975: [test(389193066)] dd小助手(3459246674) -> 赤五教教主亮亮 直播结束了
2023-09-30 00:07:11 V/Bot.2398493975: [test(389193066)] dd小助手(3459246674) -> [mirai:image:{167E5B48-C009-6586-4C74-D274D41ECD43}.png, width=1000, height=6040, size=710524, type=PNG, isEmoji=false]
2023-09-30 00:30:46 V/Bot.2398493975: [SHT荔枝麻酱协会(493057481)] 4000all！(1846411487) -> 13900
2023-09-30 00:30:59 V/Bot.2398493975: Event: GroupRecall(bot=Bot(2398493975), authorId=1846411487, messageIds=[287069], messageInternalIds=[149876677], messageTime=1696005046, operator=NormalMember(1846411487), group=Group(493057481), author=NormalMember(1846411487))
2023-09-30 00:31:02 V/Bot.2398493975: [SHT荔枝麻酱协会(493057481)] 4000all！(1846411487) -> 13000
2023-09-30 00:31:12 V/Bot.2398493975: Event: GroupRecall(bot=Bot(2398493975), authorId=1846411487, messageIds=[287070], messageInternalIds=[2065153083], messageTime=1696005061, operator=NormalMember(1846411487), group=Group(493057481), author=NormalMember(1846411487))
2023-09-30 00:31:16 V/Bot.2398493975: [SHT荔枝麻酱协会(493057481)] 4000all！(1846411487) -> 8000
2023-09-30 00:31:39 V/Bot.2398493975: [SHT荔枝麻酱协会(493057481)] 晨 飔(859073042) -> 26700
2023-09-30 00:31:39 V/Bot.2398493975: [SHT荔枝麻酱协会(493057481)] Achtung thee(964893961) -> 39700
2023-09-30 00:31:47 V/Bot.2398493975: [SHT荔枝麻酱协会(493057481)] 卡农变奏(530079804) -> 25600
2023-09-30 00:31:48 V/Bot.2398493975: Group(493057481) <- 记录成功：
Achtung thee: 39700
晨 飔: 26700
卡农变奏: 25600
4000all！: 8000
2023-09-30 00:32:03 V/Bot.2398493975: [SHT荔枝麻酱协会(493057481)] 1st(576851388) -> 5100
2023-09-30 00:32:14 V/Bot.2398493975: [SHT荔枝麻酱协会(493057481)] zz(771507043) -> 44200
2023-09-30 00:32:28 V/Bot.2398493975: [SHT荔枝麻酱协会(493057481)] zz(771507043) -> 25000[mirai:at:1609323331] 
2023-09-30 00:32:32 V/Bot.2398493975: [SHT荔枝麻酱协会(493057481)] hzc(2384102753) -> 30200
2023-09-30 00:32:33 V/Bot.2398493975: Group(493057481) <- 点数有误，总和不为100000！
2023-09-30 00:32:40 V/Bot.2398493975: Event: GroupRecall(bot=Bot(2398493975), authorId=771507043, messageIds=[287078], messageInternalIds=[795186584], messageTime=1696005148, operator=NormalMember(771507043), group=Group(493057481), author=NormalMember(771507043))
2023-09-30 00:32:44 V/Bot.2398493975: [SHT荔枝麻酱协会(493057481)] hzc(2384102753) -> [mirai:at:1609323331] 20500
2023-09-30 00:32:46 V/Bot.2398493975: Group(493057481) <- 记录成功：
zz: 44200
hzc: 30200
昵称：獭獭ʕ❍ᴥ❍？饿了饭饭军团！: 20500
1st: 5100
2023-09-30 00:32:48 V/Bot.2398493975: [SHT荔枝麻酱协会(493057481)] zz(771507043) -> 20500[mirai:at:1609323331] 
2023-09-30 00:32:51 V/Bot.2398493975: Event: GroupRecall(bot=Bot(2398493975), authorId=771507043, messageIds=[287083], messageInternalIds=[1463928975], messageTime=1696005168, operator=NormalMember(771507043), group=Group(493057481), author=NormalMember(771507043))
2023-09-30 00:34:21 I/UnidbgFetchQsign: Bot(2398493975) request_token, submit success
2023-09-30 00:57:40 V/Bot.2398493975: [獭獭没钱吃饭军团@🎤(887156367)] Freeze_Kirin@给獭獭打工军团(768173212) -> 藏宝图
2023-09-30 00:57:45 V/Bot.2398493975: [獭獭没钱吃饭军团@🎤(887156367)] Freeze_Kirin@给獭獭打工军团(768173212) -> 有什么用。
2023-09-30 00:57:48 V/Bot.2398493975: [獭獭没钱吃饭军团@🎤(887156367)] Freeze_Kirin@给獭獭打工军团(768173212) -> 开出来一个
2023-09-30 01:11:57 V/Bot.2398493975: [獭獭没钱吃饭军团@🎤(887156367)] 冰水@不会反身跳军团(308217149) -> 可以找到埋藏的宝藏）
2023-09-30 01:12:02 V/Bot.2398493975: [獭獭没钱吃饭军团@🎤(887156367)] 冰水@不会反身跳军团(308217149) -> 就是要跑图
2023-09-30 01:12:08 V/Bot.2398493975: [獭獭没钱吃饭军团@🎤(887156367)] Freeze_Kirin@给獭獭打工军团(768173212) -> [mirai:image:{EE26CDF7-BFD4-C133-AA11-F86288E8CCC8}.png, width=484, height=336, size=45801, type=JPG, isEmoji=true]
2023-09-30 01:12:33 V/Bot.2398493975: [獭獭没钱吃饭军团@🎤(887156367)] Freeze_Kirin@给獭獭打工军团(768173212) -> 那明天诚招一起跑图的（）
2023-09-30 01:14:22 I/UnidbgFetchQsign: Bot(2398493975) request_token, submit success
2023-09-30 01:23:58 V/Bot.2398493975: [SHT荔枝麻酱协会(493057481)] 晨 飔(859073042) -> 15000
2023-09-30 01:24:00 V/Bot.2398493975: [SHT荔枝麻酱协会(493057481)] Achtung thee(964893961) -> -6000
2023-09-30 01:24:26 V/Bot.2398493975: [SHT荔枝麻酱协会(493057481)] 4000all！(1846411487) -> 46000
2023-09-30 01:24:27 V/Bot.2398493975: Group(493057481) <- 点数有误，总和不为100000！
2023-09-30 01:24:49 V/Bot.2398493975: [SHT荔枝麻酱协会(493057481)] hzc(2384102753) -> 45000
2023-09-30 01:25:09 V/Bot.2398493975: [SHT荔枝麻酱协会(493057481)] 4000all！(1846411487) -> ！取消
2023-09-30 01:25:16 V/Bot.2398493975: Event: GroupRecall(bot=Bot(2398493975), authorId=1846411487, messageIds=[287089], messageInternalIds=[620519269], messageTime=1696008309, operator=NormalMember(1846411487), group=Group(493057481), author=NormalMember(1846411487))
2023-09-30 01:25:16 V/Bot.2398493975: [SHT荔枝麻酱协会(493057481)] hzc(2384102753) -> 取消
2023-09-30 01:25:17 V/Bot.2398493975: Group(493057481) <- 取消成功，请重新输入点数
2023-09-30 01:25:22 V/Bot.2398493975: [SHT荔枝麻酱协会(493057481)] 晨 飔(859073042) -> 15000
2023-09-30 01:25:22 V/Bot.2398493975: [SHT荔枝麻酱协会(493057481)] hzc(2384102753) -> 45000
2023-09-30 01:25:22 V/Bot.2398493975: [SHT荔枝麻酱协会(493057481)] Achtung thee(964893961) -> -6000
2023-09-30 01:25:23 V/Bot.2398493975: [SHT荔枝麻酱协会(493057481)] 4000all！(1846411487) -> 46000
2023-09-30 01:25:25 V/Bot.2398493975: Group(493057481) <- 记录成功：
4000all！: 46000
hzc: 45000
晨 飔: 15000
Achtung thee: -6000
2023-09-30 01:54:23 I/UnidbgFetchQsign: Bot(2398493975) request_token, submit success
2023-09-30 02:16:51 V/Bot.2398493975: [獭獭没钱吃饭军团@🎤(887156367)] zz@獺獺軍団(771507043) -> [不支持的消息#-530563661][mirai:image:{4AB7BA9A-E68A-88B7-269D-470D415EF513}.jpg, width=2250, height=3150, size=7604683, type=PNG, isEmoji=false]
2023-09-30 02:34:29 I/UnidbgFetchQsign: Bot(2398493975) request_token, submit success
2023-09-30 02:45:31 V/Bot.2398493975: [獭獭没钱吃饭军团@🎤(887156367)] zz@獺獺軍団(771507043) -> 可恶，刷到满破的关注不了[mirai:image:{95A428E3-8350-8AAE-8519-6FC26D8CD602}.png, width=1284, height=2778, size=154518, type=JPG, isEmoji=false]
2023-09-30 03:14:30 I/UnidbgFetchQsign: Bot(2398493975) request_token, submit success
2023-09-30 03:54:30 I/UnidbgFetchQsign: Bot(2398493975) request_token, submit success
2023-09-30 04:34:37 I/UnidbgFetchQsign: Bot(2398493975) request_token, submit success
2023-09-30 05:14:37 I/UnidbgFetchQsign: Bot(2398493975) request_token, submit success
2023-09-30 05:54:38 I/UnidbgFetchQsign: Bot(2398493975) request_token, submit success
2023-09-30 06:34:44 I/UnidbgFetchQsign: Bot(2398493975) request_token, submit success
2023-09-30 07:14:45 I/UnidbgFetchQsign: Bot(2398493975) request_token, submit success
2023-09-30 07:54:46 I/UnidbgFetchQsign: Bot(2398493975) request_token, submit success
2023-09-30 08:34:52 I/UnidbgFetchQsign: Bot(2398493975) request_token, submit success
2023-09-30 09:14:52 I/UnidbgFetchQsign: Bot(2398493975) request_token, submit success
2023-09-30 09:16:20 V/Bot.2398493975: [SHT荔枝麻酱协会(493057481)] 淡情余描未わ(1297471104) -> 大家今晚别忘了三麻比赛常规赛最后一天哈~
2023-09-30 09:25:57 V/Bot.2398493975: [SHT荔枝麻酱协会(493057481)] 由于四麻点数太小故转三麻和青天井的菜狗(1287996307) -> 妈的
2023-09-30 09:26:20 V/Bot.2398493975: [SHT荔枝麻酱协会(493057481)] 由于四麻点数太小故转三麻和青天井的菜狗(1287996307) -> 人要没了（在暴打舰娘季常中
2023-09-30 09:27:53 V/Bot.2398493975: [獭獭没钱吃饭军团@🎤(887156367)] 獭獭ʕ❍ᴥ❍ʔ饿了饭饭军团(1609323331) -> [mirai:marketface:206059,[哈哈]]
2023-09-30 09:41:16 V/Bot.2398493975: [獭獭没钱吃饭军团@🎤(887156367)] zz@獺獺軍団(771507043) -> [mirai:image:{2E962BCC-031B-BF1D-A585-2BF26A1039ED}.png, width=2224, height=1668, size=372774, type=JPG, isEmoji=false]
2023-09-30 09:42:14 V/Bot.2398493975: [獭獭没钱吃饭军团@🎤(887156367)] 獭獭有钱吃饭军团太子(1297471104) -> Ndhn
2023-09-30 09:42:35 V/Bot.2398493975: [獭獭没钱吃饭军团@🎤(887156367)] zz@獺獺軍団(771507043) -> wdhn
2023-09-30 09:42:36 V/Bot.2398493975: [獭獭没钱吃饭军团@🎤(887156367)] 獭獭有钱吃饭军团太子(1297471104) -> 你地和呢
2023-09-30 09:42:40 V/Bot.2398493975: Event: GroupRecall(bot=Bot(2398493975), authorId=1297471104, messageIds=[77454], messageInternalIds=[1404244297], messageTime=1696038156, operator=NormalMember(1297471104), group=Group(887156367), author=NormalMember(1297471104))
2023-09-30 09:49:38 V/Bot.2398493975: [獭獭没钱吃饭军团@🎤(887156367)] 哭哭Excel@被獭獭军团开除5次(472247053) -> [mirai:image:{70147677-E1D0-0405-ECCF-CC07E59984CB}.jpg, width=280, height=216, size=7647, type=JPG, isEmoji=true]
2023-09-30 09:54:53 I/UnidbgFetchQsign: Bot(2398493975) request_token, submit success
2023-09-30 10:00:21 V/Bot.2398493975: [獭獭没钱吃饭军团@🎤(887156367)] 獭獭锤子大鸽@被獭獭军团开除(963423936) -> 虽然但是 感觉7sr
2023-09-30 10:00:32 V/Bot.2398493975: [獭獭没钱吃饭军团@🎤(887156367)] 獭獭锤子大鸽@被獭獭军团开除(963423936) -> [mirai:image:{B1416912-C911-EEB2-5EE4-EE03AC0B54CF}.gif, width=128, height=103, size=48314, type=GIF, isEmoji=true]
2023-09-30 10:00:52 V/Bot.2398493975: [獭獭没钱吃饭军团@🎤(887156367)] 獭獭ʕ❍ᴥ❍ʔ饿了饭饭军团(1609323331) -> 摸切r！
2023-09-30 10:34:50 V/Bot.2398493975: [獭獭没钱吃饭军团@🎤(887156367)] 獭獭锤子大鸽@被獭獭军团开除(963423936) -> [mirai:image:{3ADAF259-E1FB-A1B4-2F4B-609AB4B9DEB1}.png, width=1698, height=1106, size=2080194, type=PNG, isEmoji=false]
2023-09-30 10:34:52 V/Bot.2398493975: [獭獭没钱吃饭军团@🎤(887156367)] 獭獭锤子大鸽@被獭獭军团开除(963423936) -> 反复品鉴
2023-09-30 10:34:56 V/Bot.2398493975: [獭獭没钱吃饭军团@🎤(887156367)] 獭獭锤子大鸽@被獭獭军团开除(963423936) -> [mirai:image:{B1416912-C911-EEB2-5EE4-EE03AC0B54CF}.gif, width=128, height=103, size=48314, type=GIF, isEmoji=true]
2023-09-30 10:34:59 I/UnidbgFetchQsign: Bot(2398493975) request_token, submit success
2023-09-30 10:35:07 V/Bot.2398493975: [獭獭没钱吃饭军团@🎤(887156367)] 獭獭锤子大鸽@被獭獭军团开除(963423936) -> [mirai:image:{0146BB34-E4A4-619A-1AF0-31E4B94810D0}.png, width=629, height=53, size=64862, type=PNG, isEmoji=false]
2023-09-30 10:40:19 I/Bot.2398493975: Saved account secrets to local cache for fast login.
2023-09-30 10:59:02 V/Bot.2398493975: [獭獭没钱吃饭军团@🎤(887156367)] 獭獭ʕ❍ᴥ❍ʔ饿了饭饭军团(1609323331) -> [mirai:image:{A3F1822D-BC92-AB29-409C-525BAEADF6A6}.png, width=802, height=51, size=5184, type=PNG, isEmoji=false]怎么回事呢
2023-09-30 10:59:13 V/Bot.2398493975: [獭獭没钱吃饭军团@🎤(887156367)] 獭獭ʕ❍ᴥ❍ʔ饿了饭饭军团(1609323331) -> 电脑被獭獭入侵了
2023-09-30 10:59:29 V/Bot.2398493975: [獭獭没钱吃饭军团@🎤(887156367)] 獭獭ʕ❍ᴥ❍ʔ饿了饭饭军团(1609323331) -> [mirai:image:{9D0B17EA-D45F-9432-6E57-D099EEAFC2C4}.png, width=235, height=36, size=2438, type=PNG, isEmoji=false]为什么是乱码
2023-09-30 11:05:59 V/Bot.2398493975: [獭獭没钱吃饭军团@🎤(887156367)] 獭獭ʕ❍ᴥ❍ʔ饿了饭饭军团(1609323331) -> [mirai:image:{807F9D2A-9692-693D-88AD-4BAFF78A992B}.png, width=983, height=691, size=41059, type=PNG, isEmoji=false]
2023-09-30 11:06:09 V/Bot.2398493975: [獭獭没钱吃饭军团@🎤(887156367)] 獭獭ʕ❍ᴥ❍ʔ饿了饭饭军团(1609323331) -> [mirai:image:{395577B6-A741-06F7-CFCC-1881933A9182}.jpg, width=85, height=89, size=5690, type=JPG, isEmoji=false]
2023-09-30 11:06:18 V/Bot.2398493975: [獭獭没钱吃饭军团@🎤(887156367)] Freeze_Kirin@给獭獭打工军团(768173212) -> [mirai:image:{7F764A18-7086-F0B2-3FBE-9AFBA29039D4}.png, width=288, height=297, size=49466, type=PNG, isEmoji=false]发布悬赏，找到的分你一半.jpg
2023-09-30 11:09:09 V/Bot.2398493975: [獭獭没钱吃饭军团@🎤(887156367)] 獭獭锤子大鸽@被獭獭军团开除(963423936) -> [mirai:quote:[mirai:source:ids=[77466], internalIds=[-303456337], from 1609323331 to 887156367 at 1696043159], content=<not yet initialized>][mirai:at:1609323331] 用户名只能英文
2023-09-30 11:09:38 V/Bot.2398493975: [獭獭没钱吃饭军团@🎤(887156367)] 獭獭ʕ❍ᴥ❍ʔ饿了饭饭军团(1609323331) -> [mirai:image:{B145C58E-BC74-233F-1E0A-77D0023895E1}.jpg, width=720, height=682, size=61851, type=JPG, isEmoji=true]
2023-09-30 11:15:00 I/UnidbgFetchQsign: Bot(2398493975) request_token, submit success
2023-09-30 11:30:44 V/Bot.2398493975: [獭獭没钱吃饭军团@🎤(887156367)] 哭哭Excel@被獭獭军团开除5次(472247053) -> 你自己解压一下估计得
2023-09-30 11:30:48 V/Bot.2398493975: [獭獭没钱吃饭军团@🎤(887156367)] 哭哭Excel@被獭獭军团开除5次(472247053) -> 我编码不一样
2023-09-30 11:31:22 V/Bot.2398493975: [獭獭没钱吃饭军团@🎤(887156367)] 哭哭Excel@被獭獭军团开除5次(472247053) -> 可是藏宝图是原版的东西诶
2023-09-30 11:32:24 V/Bot.2398493975: [獭獭没钱吃饭军团@🎤(887156367)] Freeze_Kirin@给獭獭打工军团(768173212) -> 为什么啊
2023-09-30 11:32:31 V/Bot.2398493975: [獭獭没钱吃饭军团@🎤(887156367)] Freeze_Kirin@给獭獭打工军团(768173212) -> 一开藏宝图的箱子就会掉线
2023-09-30 11:32:35 V/Bot.2398493975: [獭獭没钱吃饭军团@🎤(887156367)] 獭獭ʕ❍ᴥ❍ʔ饿了饭饭军团(1609323331) -> [mirai:image:{95DDE07B-B264-7254-DD2B-C854796589FF}.gif, width=319, height=266, size=113002, type=GIF, isEmoji=false]玩不了 好晕
2023-09-30 11:32:41 V/Bot.2398493975: [獭獭没钱吃饭军团@🎤(887156367)] Freeze_Kirin@给獭獭打工军团(768173212) -> [mirai:image:{F4E0DC81-687A-7A42-5199-40CCB5F0AFBF}.gif, width=512, height=512, size=633525, type=GIF, isEmoji=false]
2023-09-30 11:36:25 V/Bot.2398493975: [獭獭没钱吃饭军团@🎤(887156367)] 哭哭Excel@被獭獭军团开除5次(472247053) -> [mirai:image:{B9F7A5CB-934E-832F-7905-C2975958275B}.gif, width=512, height=512, size=633525, type=GIF, isEmoji=false]
2023-09-30 11:36:39 V/Bot.2398493975: [獭獭没钱吃饭军团@🎤(887156367)] 哭哭Excel@被獭獭军团开除5次(472247053) -> 那看来某个物品有问题（
2023-09-30 11:37:05 V/Bot.2398493975: [獭獭没钱吃饭军团@🎤(887156367)] 哭哭Excel@被獭獭军团开除5次(472247053) -> 有没有教程 晚上该开工了
2023-09-30 11:37:39 V/Bot.2398493975: [獭獭没钱吃饭军团@🎤(887156367)] 哭哭Excel@被獭獭军团开除5次(472247053) -> [mirai:image:{05CD21B9-EE02-9C34-08FD-C21D08032092}.jpg, width=2400, height=1080, size=2178606, type=JPG, isEmoji=false]
2023-09-30 11:37:42 V/Bot.2398493975: [獭獭没钱吃饭军团@🎤(887156367)] 哭哭Excel@被獭獭军团开除5次(472247053) -> [mirai:image:{70147677-E1D0-0405-ECCF-CC07E59984CB}.jpg, width=280, height=216, size=7647, type=JPG, isEmoji=true]
2023-09-30 11:38:57 V/Bot.2398493975: [獭獭没钱吃饭军团@🎤(887156367)] 獭獭ʕ❍ᴥ❍ʔ饿了饭饭军团(1609323331) -> [mirai:image:{8BF34B10-19C1-4195-5866-6DDB73A903D8}.png, width=249, height=188, size=54265, type=GIF, isEmoji=true]
2023-09-30 11:55:01 I/UnidbgFetchQsign: Bot(2398493975) request_token, submit success
2023-09-30 12:22:55 V/Bot.2398493975: [獭獭没钱吃饭军团@🎤(887156367)] 哭哭Excel@被獭獭军团开除5次(472247053) -> [mirai:image:{0855DA7E-90F7-DC29-11AB-E28B34252545}.jpg, width=240, height=240, size=188208, type=GIF, isEmoji=true]
2023-09-30 12:35:07 I/UnidbgFetchQsign: Bot(2398493975) request_token, submit success
2023-09-30 12:53:47 V/Bot.2398493975: [獭獭没钱吃饭军团@🎤(887156367)] 獭獭锤子大鸽@被獭獭军团开除(963423936) -> [mirai:image:{0855DA7E-90F7-DC29-11AB-E28B34252545}.gif, width=240, height=240, size=188208, type=GIF, isEmoji=true]
2023-09-30 12:53:55 V/Bot.2398493975: [獭獭没钱吃饭军团@🎤(887156367)] 獭獭ʕ❍ᴥ❍ʔ饿了饭饭军团(1609323331) -> [mirai:image:{0855DA7E-90F7-DC29-11AB-E28B34252545}.gif, width=240, height=240, size=188208, type=GIF, isEmoji=true]
2023-09-30 12:57:50 V/Bot.2398493975: [獭獭没钱吃饭军团@🎤(887156367)] 獭獭ʕ❍ᴥ❍ʔ饿了饭饭军团(1609323331) -> 996676
2023-09-30 12:59:43 V/Bot.2398493975: [獭獭没钱吃饭军团@🎤(887156367)] 獭獭ʕ❍ᴥ❍ʔ饿了饭饭军团(1609323331) -> [mirai:image:{F5A18C5F-39D6-C653-93DF-4FBA1AA434A2}.png, width=1721, height=968, size=1075875, type=PNG, isEmoji=false]
2023-09-30 12:59:47 V/Bot.2398493975: [獭獭没钱吃饭军团@🎤(887156367)] 獭獭ʕ❍ᴥ❍ʔ饿了饭饭军团(1609323331) -> 怎么突然蹦出来一堆
2023-09-30 13:00:25 V/Bot.2398493975: [獭獭没钱吃饭军团@🎤(887156367)] 獭獭ʕ❍ᴥ❍ʔ饿了饭饭军团(1609323331) -> [mirai:image:{32EE7D07-FE3A-735C-ABDA-C0853AB55451}.png, width=343, height=321, size=93936, type=PNG, isEmoji=false]急
2023-09-30 13:00:58 V/Bot.2398493975: [獭獭没钱吃饭军团@🎤(887156367)] Freeze_Kirin@给獭獭打工军团(768173212) -> [mirai:at:308217149] 救
2023-09-30 13:01:06 V/Bot.2398493975: [獭獭没钱吃饭军团@🎤(887156367)] Freeze_Kirin@给獭獭打工军团(768173212) -> 被高级唤魔者打死了
2023-09-30 13:01:12 V/Bot.2398493975: [獭獭没钱吃饭军团@🎤(887156367)] Freeze_Kirin@给獭獭打工军团(768173212) -> 帮我捡尸体（）
2023-09-30 13:01:25 V/Bot.2398493975: [獭獭没钱吃饭军团@🎤(887156367)] 獭獭ʕ❍ᴥ❍ʔ饿了饭饭军团(1609323331) -> [mirai:image:{3786FC11-7CCD-6402-5F84-B05DAF6CD303}.png, width=478, height=130, size=42178, type=PNG, isEmoji=false]下班！
2023-09-30 13:15:07 I/UnidbgFetchQsign: Bot(2398493975) request_token, submit success
2023-09-30 13:17:44 V/Bot.2398493975: [獭獭没钱吃饭军团@🎤(887156367)] 冰水@不会反身跳军团(308217149) -> 那玩意好像挺难打的
2023-09-30 13:17:58 V/Bot.2398493975: [獭獭没钱吃饭军团@🎤(887156367)] 冰水@不会反身跳军团(308217149) -> 感觉我也要搭上去）
2023-09-30 13:18:07 V/Bot.2398493975: [獭獭没钱吃饭军团@🎤(887156367)] Freeze_Kirin@给獭獭打工军团(768173212) -> [mirai:image:{E4991951-E98F-244F-A6BE-93A21113BFE4}.jpg, width=1080, height=1080, size=74654, type=JPG, isEmoji=false]
2023-09-30 13:18:13 V/Bot.2398493975: [獭獭没钱吃饭军团@🎤(887156367)] 獭獭ʕ❍ᴥ❍ʔ饿了饭饭军团(1609323331) -> [mirai:image:{8B7D494F-27EC-B716-D242-0D8FF95BB9C2}.gif, width=109, height=81, size=85057, type=GIF, isEmoji=false]
2023-09-30 13:21:22 V/Bot.2398493975: [獭獭没钱吃饭军团@🎤(887156367)] 獭獭锤子大鸽@被獭獭军团开除(963423936) -> [mirai:image:{B1416912-C911-EEB2-5EE4-EE03AC0B54CF}.png, width=128, height=103, size=48314, type=GIF, isEmoji=true]
2023-09-30 13:22:37 V/Bot.2398493975: [獭獭没钱吃饭军团@🎤(887156367)] 冰水@不会反身跳军团(308217149) -> 怎么没有人）
2023-09-30 13:22:53 V/Bot.2398493975: [獭獭没钱吃饭军团@🎤(887156367)] Freeze_Kirin@给獭獭打工军团(768173212) -> 吃饭去了
2023-09-30 13:23:51 V/Bot.2398493975: [獭獭没钱吃饭军团@🎤(887156367)] 獭獭ʕ❍ᴥ❍ʔ饿了饭饭军团(1609323331) -> [mirai:image:{92176B18-A9BB-1ED8-4C92-2D1CE1E5609A}.png, width=104, height=254, size=3222, type=PNG, isEmoji=false]
2023-09-30 13:23:57 V/Bot.2398493975: [獭獭没钱吃饭军团@🎤(887156367)] 獭獭ʕ❍ᴥ❍ʔ饿了饭饭军团(1609323331) -> 獭獭自闭军团
2023-09-30 13:24:24 V/Bot.2398493975: [獭獭没钱吃饭军团@🎤(887156367)] 獭獭锤子大鸽@被獭獭军团开除(963423936) -> 去华山看下病
2023-09-30 13:24:26 V/Bot.2398493975: [獭獭没钱吃饭军团@🎤(887156367)] 獭獭锤子大鸽@被獭獭军团开除(963423936) -> [mirai:image:{B1416912-C911-EEB2-5EE4-EE03AC0B54CF}.png, width=128, height=103, size=48314, type=GIF, isEmoji=true]
2023-09-30 13:24:47 V/Bot.2398493975: [獭獭没钱吃饭军团@🎤(887156367)] 獭獭ʕ❍ᴥ❍ʔ饿了饭饭军团(1609323331) -> [mirai:image:{0B747659-1D58-66B3-D149-7189B0E2337A}.png, width=563, height=64, size=10912, type=PNG, isEmoji=false][mirai:image:{F5B37AEF-85A4-B98E-F7A6-31A42DB159D4}.jpg, width=300, height=300, size=11036, type=JPG, isEmoji=true]
2023-09-30 13:25:01 V/Bot.2398493975: [獭獭没钱吃饭军团@🎤(887156367)] 獭獭ʕ❍ᴥ❍ʔ饿了饭饭军团(1609323331) -> [mirai:image:{F5B37AEF-85A4-B98E-F7A6-31A42DB159D4}.jpg, width=300, height=300, size=11036, type=JPG, isEmoji=true][mirai:image:{F5B37AEF-85A4-B98E-F7A6-31A42DB159D4}.jpg, width=300, height=300, size=11036, type=JPG, isEmoji=true][mirai:image:{F5B37AEF-85A4-B98E-F7A6-31A42DB159D4}.jpg, width=300, height=300, size=11036, type=JPG, isEmoji=true]
2023-09-30 13:25:47 V/Bot.2398493975: [獭獭没钱吃饭军团@🎤(887156367)] 獭獭锤子大鸽@被獭獭军团开除(963423936) -> [mirai:quote:[mirai:source:ids=[77506], internalIds=[-745114256], from 1609323331 to 887156367 at 1696051487], content=<not yet initialized>][mirai:at:1609323331] 草
2023-09-30 13:25:49 V/Bot.2398493975: [獭獭没钱吃饭军团@🎤(887156367)] 獭獭锤子大鸽@被獭獭军团开除(963423936) -> [mirai:image:{B1416912-C911-EEB2-5EE4-EE03AC0B54CF}.png, width=128, height=103, size=48314, type=GIF, isEmoji=true]
2023-09-30 13:29:22 V/Bot.2398493975: [獭獭没钱吃饭军团@🎤(887156367)] 冰水@不会反身跳军团(308217149) -> 事已至此 睡大觉.jpg
2023-09-30 13:31:25 V/Bot.2398493975: [獭獭没钱吃饭军团@🎤(887156367)] Freeze_Kirin@给獭獭打工军团(768173212) -> 来了
2023-09-30 13:31:32 V/Bot.2398493975: [獭獭没钱吃饭军团@🎤(887156367)] Freeze_Kirin@给獭獭打工军团(768173212) -> 不要啊——帮我捡尸体
2023-09-30 13:38:33 V/Bot.2398493975: [獭獭没钱吃饭军团@🎤(887156367)] 冰水@不会反身跳军团(308217149) -> 草
2023-09-30 13:38:37 V/Bot.2398493975: [獭獭没钱吃饭军团@🎤(887156367)] 冰水@不会反身跳军团(308217149) -> 耳机漏音
2023-09-30 13:38:44 V/Bot.2398493975: [獭獭没钱吃饭军团@🎤(887156367)] 冰水@不会反身跳军团(308217149) -> 在床上听见了wy的哀嚎
2023-09-30 13:39:06 V/Bot.2398493975: [獭獭没钱吃饭军团@🎤(887156367)] Freeze_Kirin@给獭獭打工军团(768173212) -> [mirai:image:{28465D2A-17E3-E4BB-A59E-4F5B806757B7}.gif, width=200, height=156, size=46389, type=GIF, isEmoji=false]
2023-09-30 13:39:09 V/Bot.2398493975: [獭獭没钱吃饭军团@🎤(887156367)] Freeze_Kirin@给獭獭打工军团(768173212) -> 救命
2023-09-30 13:39:19 V/Bot.2398493975: [獭獭没钱吃饭军团@🎤(887156367)] Freeze_Kirin@给獭獭打工军团(768173212) -> 尸体旁边还有恼鬼
2023-09-30 13:39:22 V/Bot.2398493975: [獭獭没钱吃饭军团@🎤(887156367)] 獭獭ʕ❍ᴥ❍ʔ饿了饭饭军团(1609323331) -> [mirai:image:{1E06CE4B-1328-8952-ECB2-1364E50B0A38}.gif, width=396, height=433, size=1536024, type=GIF, isEmoji=true]
2023-09-30 13:39:29 V/Bot.2398493975: [獭獭没钱吃饭军团@🎤(887156367)] Freeze_Kirin@给獭獭打工军团(768173212) -> 我还正好死在了塔上
2023-09-30 13:39:35 V/Bot.2398493975: [獭獭没钱吃饭军团@🎤(887156367)] Freeze_Kirin@给獭獭打工军团(768173212) -> 还没搭上去就寄了‘’
2023-09-30 13:42:51 V/Bot.2398493975: [獭獭没钱吃饭军团@🎤(887156367)] 獭獭锤子大鸽@被獭獭军团开除(963423936) -> [mirai:image:{324BFB53-FA80-53C9-37B9-AD4CD7B3C147}.png, width=280, height=260, size=30126, type=GIF, isEmoji=true]
2023-09-30 13:48:26 V/Bot.2398493975: [獭獭没钱吃饭军团@🎤(887156367)] hzc@獭獭軍団二度受(2384102753) -> [mirai:image:{B1416912-C911-EEB2-5EE4-EE03AC0B54CF}.png, width=128, height=103, size=48314, type=GIF, isEmoji=true]
2023-09-30 13:55:08 I/UnidbgFetchQsign: Bot(2398493975) request_token, submit success
2023-09-30 13:59:05 V/Bot.2398493975: [test(389193066)] dd小助手(3459246674) -> 赤五教教主亮亮 正在直播 备战四象战~
https://live.bilibili.com/23490978
2023-09-30 13:59:06 V/Bot.2398493975: [test(389193066)] dd小助手(3459246674) -> [mirai:image:{4209C5EF-88AE-8346-2B76-41C6A739D801}.jpg, width=704, height=396, size=95467, type=JPG, isEmoji=false]
2023-09-30 13:59:07 V/Bot.2398493975: [test(389193066)] dd小助手(3459246674) -> 已设置@全体成员但没有管理员权限,将尝试@指定成员,请需要接收单独@消息的群员使用"开播@我"命令进行订阅
2023-09-30 14:03:27 V/Bot.2398493975: [獭獭没钱吃饭军团@🎤(887156367)] 獭獭ʕ❍ᴥ❍ʔ饿了饭饭军团(1609323331) -> [mirai:image:{572BAAE6-F951-FE8B-1BED-11B792DE6F0D}.png, width=374, height=165, size=61530, type=PNG, isEmoji=false]
2023-09-30 14:06:59 V/Bot.2398493975: [獭獭没钱吃饭军团@🎤(887156367)] lax@牛牛道心破碎军团(269418386) -> 什么时候上会议
2023-09-30 14:07:36 V/Bot.2398493975: [獭獭没钱吃饭军团@🎤(887156367)] 獭獭ʕ❍ᴥ❍ʔ饿了饭饭军团(1609323331) -> [mirai:image:{F555A252-E668-742E-FA29-DC6340107667}.png, width=1151, height=2046, size=1838525, type=PNG, isEmoji=false]忘记三冠了
2023-09-30 14:07:46 V/Bot.2398493975: [獭獭没钱吃饭军团@🎤(887156367)] lax@牛牛道心破碎军团(269418386) -> 今天看完wy就可以溜了
2023-09-30 14:11:16 V/Bot.2398493975: [獭獭没钱吃饭军团@🎤(887156367)] hzc@獭獭軍団二度受(2384102753) -> 14冠王
2023-09-30 14:18:13 V/Bot.2398493975: [獭獭没钱吃饭军团@🎤(887156367)] Freeze_Kirin@给獭獭打工军团(768173212) -> [mirai:quote:[mirai:source:ids=[77525], internalIds=[-649325664], from 269418386 to 887156367 at 1696054019], content=<not yet initialized>][mirai:at:269418386] 都行啊，我现在在mc
2023-09-30 14:21:23 V/Bot.2398493975: [獭獭没钱吃饭军团@🎤(887156367)] lax@牛牛道心破碎军团(269418386) -> MC我能看得懂吗
2023-09-30 14:21:41 V/Bot.2398493975: [獭獭没钱吃饭军团@🎤(887156367)] Freeze_Kirin@给獭獭打工军团(768173212) -> 能吧……我现在就是在地图上瞎逛（）
2023-09-30 14:22:23 V/Bot.2398493975: [獭獭没钱吃饭军团@🎤(887156367)] lax@牛牛道心破碎军团(269418386) -> 我先去会议蹲着
2023-09-30 14:22:39 V/Bot.2398493975: [獭獭没钱吃饭军团@🎤(887156367)] lax@牛牛道心破碎军团(269418386) -> [mirai:image:{EB8029E7-038B-8070-FD0E-97473200AA0A}.png, width=170, height=125, size=12124, type=PNG, isEmoji=false]
2023-09-30 14:22:41 V/Bot.2398493975: [獭獭没钱吃饭军团@🎤(887156367)] lax@牛牛道心破碎军团(269418386) -> ？
2023-09-30 14:23:57 V/Bot.2398493975: [獭獭没钱吃饭军团@🎤(887156367)] 獭獭ʕ❍ᴥ❍ʔ饿了饭饭军团(1609323331) -> [mirai:image:{04AA33CB-931E-C1F2-EC30-4A2718268594}.gif, width=370, height=292, size=89543, type=GIF, isEmoji=true]
2023-09-30 14:25:46 V/Bot.2398493975: [獭獭没钱吃饭军团@🎤(887156367)] 萝卜@萝卜軍団(690875992) -> ？
2023-09-30 14:28:49 V/Bot.2398493975: [獭獭没钱吃饭军团@🎤(887156367)] 懒懒（笨物）(947603216) -> [mirai:image:{8C035850-5C07-4866-94A7-C93DC91DA93F}.jpg, width=400, height=400, size=478622, type=GIF, isEmoji=true]
2023-09-30 14:29:59 V/Bot.2398493975: [獭獭没钱吃饭军团@🎤(887156367)] 獭獭ʕ❍ᴥ❍ʔ饿了饭饭军团(1609323331) -> [mirai:image:{8C035850-5C07-4866-94A7-C93DC91DA93F}.gif, width=400, height=400, size=478622, type=GIF, isEmoji=true]
2023-09-30 14:30:53 V/Bot.2398493975: [獭獭没钱吃饭军团@🎤(887156367)] 优雅猛牛(695150175) -> 今天谁上啊
2023-09-30 14:30:58 V/Bot.2398493975: [獭獭没钱吃饭军团@🎤(887156367)] 优雅猛牛(695150175) -> 反正我现在人在外面
2023-09-30 14:31:00 V/Bot.2398493975: [獭獭没钱吃饭军团@🎤(887156367)] 优雅猛牛(695150175) -> [抠鼻][抠鼻][抠鼻]
2023-09-30 14:33:03 V/Bot.2398493975: [獭獭没钱吃饭军团@🎤(887156367)] 獭獭ʕ❍ᴥ❍ʔ饿了饭饭军团(1609323331) -> [抠鼻]
2023-09-30 14:35:14 I/UnidbgFetchQsign: Bot(2398493975) request_token, submit success
2023-09-30 14:35:35 V/Bot.2398493975: [test(389193066)] dd小助手(3459246674) -> 赤五教教主亮亮 直播结束了
2023-09-30 14:35:42 V/Bot.2398493975: [test(389193066)] dd小助手(3459246674) -> [mirai:image:{42BC6396-C11C-0436-C405-A93416710D47}.png, width=1000, height=3970, size=543288, type=PNG, isEmoji=false]
2023-09-30 14:38:02 V/Bot.2398493975: [獭獭没钱吃饭军团@🎤(887156367)] 萝卜@萝卜軍団(690875992) -> [抠鼻]
2023-09-30 14:44:29 V/Bot.2398493975: [SHT荔枝麻酱协会(493057481)] 布莱克提(690875992) -> [mirai:image:{6D462A01-D4F2-AB83-0EAE-C67D63A70D98}.jpg, width=762, height=470, size=58172, type=JPG, isEmoji=false]
2023-09-30 14:44:54 V/Bot.2398493975: [獭獭没钱吃饭军团@🎤(887156367)] 獭獭ʕ❍ᴥ❍ʔ饿了饭饭军团(1609323331) -> [mirai:image:{A082BC82-F2CE-C3BF-F638-2F7661B3CFCA}.jpg, width=413, height=113, size=5028, type=PNG, isEmoji=false][mirai:image:{B1207A1E-3F09-FD77-5A7F-E5DA8711751A}.jpg, width=1062, height=612, size=86563, type=PNG, isEmoji=false]
2023-09-30 14:46:12 V/Bot.2398493975: [獭獭没钱吃饭军团@🎤(887156367)] hzc@獭獭軍団二度受(2384102753) -> [抠鼻]
2023-09-30 14:51:01 V/Bot.2398493975: [SHT荔枝麻酱协会(493057481)] 大可奇丽(1485280964) -> 谔谔
2023-09-30 15:15:15 I/UnidbgFetchQsign: Bot(2398493975) request_token, submit success
2023-09-30 15:34:18 V/Bot.2398493975: [獭獭没钱吃饭军团@🎤(887156367)] 獭獭ʕ❍ᴥ❍ʔ饿了饭饭军团(1609323331) -> [mirai:image:{9C3E8A15-B2B5-6EDC-52F7-FE503E6ED19D}.png, width=727, height=239, size=81072, type=PNG, isEmoji=false]没有钱钱
2023-09-30 15:35:17 V/Bot.2398493975: Event: GroupTalkativeChangeEvent(group=Group(493057481), now=NormalMember(1297471104), previous=NormalMember(2398493975))
2023-09-30 15:35:17 V/Bot.2398493975: Event: MemberHonorChangeEvent.Lose(member=NormalMember(2398493975), honorType=GroupHonorType(id=1))
2023-09-30 15:35:17 V/Bot.2398493975: Event: MemberHonorChangeEvent.Achieve(member=NormalMember(1297471104), honorType=GroupHonorType(id=1))
2023-09-30 15:38:42 V/Bot.2398493975: [SHT荔枝麻酱协会(493057481)] naf2021(3469392519) -> [mirai:image:{4067E5C8-C236-9A28-1FF2-CC04A886B744}.jpg, width=100, height=100, size=7846, type=GIF, isEmoji=true]
2023-09-30 15:55:16 I/UnidbgFetchQsign: Bot(2398493975) request_token, submit success
2023-09-30 16:33:46 V/Bot.2398493975: [獭獭没钱吃饭军团@🎤(887156367)] 獭獭ʕ❍ᴥ❍ʔ饿了饭饭军团(1609323331) -> chisha
2023-09-30 16:34:02 V/Bot.2398493975: [獭獭没钱吃饭军团@🎤(887156367)] hzc@獭獭軍団二度受(2384102753) -> chisha
2023-09-30 16:35:22 I/UnidbgFetchQsign: Bot(2398493975) request_token, submit success
2023-09-30 16:42:25 V/Bot.2398493975: [獭獭没钱吃饭军团@🎤(887156367)] Freeze_Kirin@给獭獭打工军团(768173212) -> [mirai:at:472247053]
2023-09-30 16:42:29 V/Bot.2398493975: [獭獭没钱吃饭军团@🎤(887156367)] Freeze_Kirin@给獭獭打工军团(768173212) -> 来牛牛会议
2023-09-30 16:42:35 V/Bot.2398493975: [獭獭没钱吃饭军团@🎤(887156367)] 獭獭ʕ❍ᴥ❍ʔ饿了饭饭军团(1609323331) -> [mirai:image:{7C81C22F-C5E3-C4B8-2959-DDE1F5CFD7DB}.png, width=338, height=93, size=5575, type=PNG, isEmoji=false]
2023-09-30 16:42:36 V/Bot.2398493975: [獭獭没钱吃饭军团@🎤(887156367)] Freeze_Kirin@给獭獭打工军团(768173212) -> 别去kook
2023-09-30 16:42:46 V/Bot.2398493975: [獭獭没钱吃饭军团@🎤(887156367)] Freeze_Kirin@给獭獭打工军团(768173212) -> 那边现在没人说话
2023-09-30 16:42:47 V/Bot.2398493975: [獭獭没钱吃饭军团@🎤(887156367)] 獭獭ʕ❍ᴥ❍ʔ饿了饭饭军团(1609323331) -> [mirai:image:{F4E0DC81-687A-7A42-5199-40CCB5F0AFBF}.gif, width=512, height=512, size=633525, type=GIF, isEmoji=false]
2023-09-30 17:08:47 V/Bot.2398493975: [獭獭没钱吃饭军团@🎤(887156367)] 獭獭ʕ❍ᴥ❍ʔ饿了饭饭军团(1609323331) -> [mirai:image:{B0C4908F-7B25-5581-DE55-0999A98D580C}.png, width=868, height=710, size=533105, type=GIF, isEmoji=true]
2023-09-30 17:08:58 V/Bot.2398493975: [獭獭没钱吃饭军团@🎤(887156367)] hzc@獭獭軍団二度受(2384102753) -> 吃啥
2023-09-30 17:10:09 V/Bot.2398493975: [獭獭没钱吃饭军团@🎤(887156367)] hzc@獭獭軍団二度受(2384102753) -> 食堂去了
2023-09-30 17:11:07 V/Bot.2398493975: [獭獭没钱吃饭军团@🎤(887156367)] 獭獭ʕ❍ᴥ❍ʔ饿了饭饭军团(1609323331) -> 吃完了
2023-09-30 17:11:15 V/Bot.2398493975: [獭獭没钱吃饭军团@🎤(887156367)] 獭獭ʕ❍ᴥ❍ʔ饿了饭饭军团(1609323331) -> [mirai:image:{B0C4908F-7B25-5581-DE55-0999A98D580C}.png, width=868, height=710, size=533105, type=GIF, isEmoji=true]
2023-09-30 17:15:22 I/UnidbgFetchQsign: Bot(2398493975) request_token, submit success
2023-09-30 17:23:14 V/Bot.2398493975: [SHT荔枝麻酱协会(493057481)] MEOW@獭獭bot(1609323331) -> ！jrrp
2023-09-30 17:23:15 V/Bot.2398493975: Group(493057481) <- 今日人品：吉
今日适宜役种：混一色
(为防止刷屏，一日内不可多次查询哦！)
2023-09-30 17:23:22 V/Bot.2398493975: [SHT荔枝麻酱协会(493057481)] Hatsune(467091276) -> ！jrrp
2023-09-30 17:23:23 V/Bot.2398493975: Group(493057481) <- 今日人品：中吉
今日适宜役种：四暗刻
(为防止刷屏，一日内不可多次查询哦！)
2023-09-30 17:27:12 V/Bot.2398493975: [test(389193066)] 时雨(1609323331) -> ！被吃
2023-09-30 17:27:13 V/Bot.2398493975: Group(389193066) <- 昵称：昵称：獭獭ʕ❍ᴥ❍？饿了饭饭军团！
段位：4级
rate：1384.08
近期顺位：3141344223
更多数据请访问：http://shanghaitech-mahjong.top/userid/1609323331
2023-09-30 17:27:24 V/Bot.2398493975: [test(389193066)] 时雨(1609323331) -> [mirai:image:{579EE39F-8E5B-B0CE-7C84-FD1B6BC3FB54}.png, width=360, height=360, size=703032, type=GIF, isEmoji=true]
2023-09-30 17:30:06 V/Bot.2398493975: [獭獭没钱吃饭军团@🎤(887156367)] 獭獭ʕ❍ᴥ❍ʔ饿了饭饭军团(1609323331) -> [mirai:image:{18064885-498C-E4E3-29E7-237C453B37AC}.png, width=833, height=560, size=75768, type=PNG, isEmoji=false]
2023-09-30 17:30:08 V/Bot.2398493975: [獭獭没钱吃饭军团@🎤(887156367)] 獭獭ʕ❍ᴥ❍ʔ饿了饭饭军团(1609323331) -> 牌牌
2023-09-30 17:30:10 V/Bot.2398493975: [獭獭没钱吃饭军团@🎤(887156367)] 獭獭ʕ❍ᴥ❍ʔ饿了饭饭军团(1609323331) -> [mirai:image:{50E54841-3105-129E-4205-8F6352778B10}.png, width=240, height=240, size=13350, type=GIF, isEmoji=true]
2023-09-30 17:40:41 V/Bot.2398493975: [獭獭没钱吃饭军团@🎤(887156367)] 优雅猛牛(695150175) -> 我的4.1。。结束了
2023-09-30 17:42:03 V/Bot.2398493975: [獭獭没钱吃饭军团@🎤(887156367)] Freeze_Kirin@给獭獭打工军团(768173212) -> [mirai:image:{B1416912-C911-EEB2-5EE4-EE03AC0B54CF}.png, width=128, height=103, size=48314, type=GIF, isEmoji=true]
2023-09-30 17:42:48 V/Bot.2398493975: [獭獭没钱吃饭军团@🎤(887156367)] 獭獭有钱吃饭军团太子(1297471104) -> 帮我打
2023-09-30 17:42:54 V/Bot.2398493975: [獭獭没钱吃饭军团@🎤(887156367)] 獭獭有钱吃饭军团太子(1297471104) -> 你的4.1又开始了
2023-09-30 17:42:55 V/Bot.2398493975: [獭獭没钱吃饭军团@🎤(887156367)] Freeze_Kirin@给獭獭打工军团(768173212) -> 帮我肝
2023-09-30 17:43:04 V/Bot.2398493975: [獭獭没钱吃饭军团@🎤(887156367)] Freeze_Kirin@给獭獭打工军团(768173212) -> 你的4.1又开始了
2023-09-30 17:43:38 V/Bot.2398493975: [獭獭没钱吃饭军团@🎤(887156367)] 优雅猛牛(695150175) -> [哦][哦][哦]
2023-09-30 17:43:47 V/Bot.2398493975: [獭獭没钱吃饭军团@🎤(887156367)] 优雅猛牛(695150175) -> 身心俱疲
2023-09-30 17:44:35 V/Bot.2398493975: [獭獭没钱吃饭军团@🎤(887156367)] Freeze_Kirin@给獭獭打工军团(768173212) -> 4.1内容多嘛
2023-09-30 17:45:43 V/Bot.2398493975: [獭獭没钱吃饭军团@🎤(887156367)] hzc@獭獭軍団二度受(2384102753) -> 牌牌
2023-09-30 17:45:53 V/Bot.2398493975: [獭獭没钱吃饭军团@🎤(887156367)] hzc@獭獭軍団二度受(2384102753) -> 帮我肝
2023-09-30 17:46:04 V/Bot.2398493975: [獭獭没钱吃饭军团@🎤(887156367)] hzc@獭獭軍団二度受(2384102753) -> 剧情跟地图啊
2023-09-30 17:46:17 V/Bot.2398493975: [獭獭没钱吃饭军团@🎤(887156367)] Freeze_Kirin@给獭獭打工军团(768173212) -> 想搓牌牌
2023-09-30 17:46:28 V/Bot.2398493975: [獭獭没钱吃饭军团@🎤(887156367)] 獭獭ʕ❍ᴥ❍ʔ饿了饭饭军团(1609323331) -> 牌牌
2023-09-30 17:46:31 V/Bot.2398493975: [獭獭没钱吃饭军团@🎤(887156367)] 獭獭ʕ❍ᴥ❍ʔ饿了饭饭军团(1609323331) -> [mirai:image:{50E54841-3105-129E-4205-8F6352778B10}.png, width=240, height=240, size=13350, type=GIF, isEmoji=true]
2023-09-30 17:46:34 V/Bot.2398493975: [獭獭没钱吃饭军团@🎤(887156367)] Freeze_Kirin@给獭獭打工军团(768173212) -> 傻逼ylf见鬼去吧，先摸了
2023-09-30 17:46:40 V/Bot.2398493975: [獭獭没钱吃饭军团@🎤(887156367)] 獭獭ʕ❍ᴥ❍ʔ饿了饭饭军团(1609323331) -> 獭=3
2023-09-30 17:47:00 V/Bot.2398493975: [獭獭没钱吃饭军团@🎤(887156367)] Freeze_Kirin@给獭獭打工军团(768173212) -> 獭+wy=2
2023-09-30 17:47:04 V/Bot.2398493975: [獭獭没钱吃饭军团@🎤(887156367)] hzc@獭獭軍団二度受(2384102753) -> 等一下 去个办公室
2023-09-30 17:47:07 V/Bot.2398493975: [獭獭没钱吃饭军团@🎤(887156367)] hzc@獭獭軍団二度受(2384102753) -> 待会就来学活
2023-09-30 17:47:08 V/Bot.2398493975: [獭獭没钱吃饭军团@🎤(887156367)] 獭獭ʕ❍ᴥ❍ʔ饿了饭饭军团(1609323331) -> [mirai:image:{AFC6E4DA-4B8F-DE2C-C933-606D21498AA0}.png, width=324, height=300, size=62607, type=GIF, isEmoji=true]
2023-09-30 17:48:42 V/Bot.2398493975: [獭獭没钱吃饭军团@🎤(887156367)] Freeze_Kirin@给獭獭打工军团(768173212) -> 刚好。先把饭吃了把ylf糊弄过去（
2023-09-30 17:49:19 V/Bot.2398493975: [獭獭没钱吃饭军团@🎤(887156367)] 獭獭有钱吃饭军团太子(1297471104) -> 牌牌
2023-09-30 17:49:29 V/Bot.2398493975: [獭獭没钱吃饭军团@🎤(887156367)] hzc@獭獭軍団二度受(2384102753) -> 可以啊 4个人了
2023-09-30 17:49:33 V/Bot.2398493975: [獭獭没钱吃饭军团@🎤(887156367)] Freeze_Kirin@给獭獭打工军团(768173212) -> 妈的ylf网站上不去主要原因竟然是她的tenure材料在上面。但是我前两天才听ra说她明年才申请
2023-09-30 17:49:36 V/Bot.2398493975: [獭獭没钱吃饭军团@🎤(887156367)] Freeze_Kirin@给獭獭打工军团(768173212) -> [mirai:image:{0BD553EA-63A0-A3A0-E46A-4BD4D9F475D8}.png, width=300, height=300, size=7792, type=JPG, isEmoji=true]
2023-09-30 17:49:43 V/Bot.2398493975: [獭獭没钱吃饭军团@🎤(887156367)] lax@牛牛道心破碎军团(269418386) -> 还是出发晚了 等酸菜鱼等了一小时
2023-09-30 17:49:43 V/Bot.2398493975: [獭獭没钱吃饭军团@🎤(887156367)] Freeze_Kirin@给獭獭打工军团(768173212) -> 鉴定为ybb
2023-09-30 17:49:47 V/Bot.2398493975: [獭獭没钱吃饭军团@🎤(887156367)] 獭獭有钱吃饭军团太子(1297471104) -> 什么核爆
2023-09-30 17:49:52 V/Bot.2398493975: [獭獭没钱吃饭军团@🎤(887156367)] hzc@獭獭軍団二度受(2384102753) -> 但我感觉zz已经在学活了
2023-09-30 17:50:08 V/Bot.2398493975: [獭獭没钱吃饭军团@🎤(887156367)] 獭獭有钱吃饭军团太子(1297471104) -> z老师出生点不是刷在学活吗？
2023-09-30 17:50:15 V/Bot.2398493975: [獭獭没钱吃饭军团@🎤(887156367)] Freeze_Kirin@给獭獭打工军团(768173212) -> 对呀
2023-09-30 17:50:21 V/Bot.2398493975: [獭獭没钱吃饭军团@🎤(887156367)] lax@牛牛道心破碎军团(269418386) -> 你们的桌游清点工作完成了吗
2023-09-30 17:50:36 V/Bot.2398493975: [獭獭没钱吃饭军团@🎤(887156367)] hzc@獭獭軍団二度受(2384102753) -> 还没开始
2023-09-30 17:50:52 V/Bot.2398493975: [獭獭没钱吃饭军团@🎤(887156367)] hzc@獭獭軍団二度受(2384102753) -> 不知道从哪入手
2023-09-30 17:50:57 V/Bot.2398493975: [獭獭没钱吃饭军团@🎤(887156367)] 獭獭有钱吃饭军团太子(1297471104) -> ？
2023-09-30 17:51:00 V/Bot.2398493975: [獭獭没钱吃饭军团@🎤(887156367)] 獭獭有钱吃饭军团太子(1297471104) -> 你不能这么说
2023-09-30 17:51:00 V/Bot.2398493975: [獭獭没钱吃饭军团@🎤(887156367)] lax@牛牛道心破碎军团(269418386) -> [羊驼]
2023-09-30 17:51:08 V/Bot.2398493975: [獭獭没钱吃饭军团@🎤(887156367)] 獭獭有钱吃饭军团太子(1297471104) -> 应该说桌布已经清点好了
2023-09-30 17:51:36 V/Bot.2398493975: [獭獭没钱吃饭军团@🎤(887156367)] 獭獭有钱吃饭军团太子(1297471104) -> 麻2个干净的1个脏点的2个发霉的
2023-09-30 17:52:32 V/Bot.2398493975: [獭獭没钱吃饭军团@🎤(887156367)] 獭獭有钱吃饭军团太子(1297471104) -> 牌一副缘梦一副白虎一副方角两幅圆角
2023-09-30 17:52:45 V/Bot.2398493975: [獭獭没钱吃饭军团@🎤(887156367)] 獭獭有钱吃饭军团太子(1297471104) -> 其他的正在统计.jpg
2023-09-30 17:52:57 V/Bot.2398493975: [獭獭没钱吃饭军团@🎤(887156367)] Freeze_Kirin@给獭獭打工军团(768173212) -> 如数家珍.jpg
2023-09-30 17:54:51 V/Bot.2398493975: [獭獭没钱吃饭军团@🎤(887156367)] 獭獭有钱吃饭军团太子(1297471104) -> 错误的，是开了一次4桌看出来的x
2023-09-30 17:55:23 I/UnidbgFetchQsign: Bot(2398493975) request_token, submit success
2023-09-30 18:01:02 V/Bot.2398493975: [獭獭没钱吃饭军团@🎤(887156367)] 獭獭ʕ❍ᴥ❍ʔ饿了饭饭军团(1609323331) -> [mirai:image:{8AFCF605-FDCE-9015-3438-526A21D02EF5}.png, width=300, height=192, size=8379, type=JPG, isEmoji=true]
2023-09-30 18:06:50 V/Bot.2398493975: [SHT荔枝麻酱协会(493057481)] 淡情余描未わ(1297471104) -> 大家今晚不要忘记胡萝卜杯2.5第三天哈~大家晚上见~
2023-09-30 18:07:23 V/Bot.2398493975: [SHT荔枝麻酱协会(493057481)] 风行(1685448924) -> [mirai:image:{76624558-A5CD-EAEA-38C8-ACC0AF7EDFCB}.gif, width=237, height=237, size=1264092, type=GIF, isEmoji=true]
2023-09-30 18:07:24 V/Bot.2398493975: [SHT荔枝麻酱协会(493057481)] 风行(1685448924) -> 我草
2023-09-30 18:07:26 V/Bot.2398493975: [SHT荔枝麻酱协会(493057481)] 风行(1685448924) -> 差点忘了
2023-09-30 18:08:45 V/Bot.2398493975: [SHT荔枝麻酱协会(493057481)] 淡情余描未わ(1297471104) -> [mirai:image:{FC987CF9-26E7-DB59-D896-82A7041D257B}.jpg, width=627, height=355, size=187901, type=GIF, isEmoji=true]
2023-09-30 18:12:33 V/Bot.2398493975: [SHT荔枝麻酱协会(493057481)] 𝔈𝔩𝔞𝔦𝔫𝔞(2500537872) -> 还是8点吗
2023-09-30 18:12:34 V/Bot.2398493975: [SHT荔枝麻酱协会(493057481)] 𝔈𝔩𝔞𝔦𝔫𝔞(2500537872) -> [mirai:image:{1819400B-7505-5643-0597-C76B75B87913}.jpg, width=1080, height=1080, size=108973, type=JPG, isEmoji=true]
2023-09-30 18:13:05 V/Bot.2398493975: [SHT荔枝麻酱协会(493057481)] 淡情余描未わ(1297471104) -> 对的，今天晚上8点常规赛最后两个半庄
2023-09-30 18:13:22 V/Bot.2398493975: [SHT荔枝麻酱协会(493057481)] 𝔈𝔩𝔞𝔦𝔫𝔞(2500537872) -> okk
2023-09-30 18:13:49 V/Bot.2398493975: [SHT荔枝麻酱协会(493057481)] 𝔈𝔩𝔞𝔦𝔫𝔞(2500537872) -> 今天的小目标，再点一个国
2023-09-30 18:13:51 V/Bot.2398493975: [SHT荔枝麻酱协会(493057481)] 𝔈𝔩𝔞𝔦𝔫𝔞(2500537872) -> [mirai:image:{69E9E2E4-9232-6496-8F4C-B97E4DF8F67D}.jpg, width=48, height=48, size=1603, type=JPG, isEmoji=true]
2023-09-30 18:13:56 V/Bot.2398493975: [SHT荔枝麻酱协会(493057481)] 风行(1685448924) -> 今天小目标
2023-09-30 18:14:00 V/Bot.2398493975: [SHT荔枝麻酱协会(493057481)] 风行(1685448924) -> 再来一个三倍满
2023-09-30 18:16:22 V/Bot.2398493975: [獭獭没钱吃饭军团@🎤(887156367)] 獭獭有钱吃饭军团太子(1297471104) -> [mirai:app:{"ver":"1.0.0.19","prompt":"[QQ小程序]【风野】这是一个不会玩麻将就破不了的案子！吐槽柯南585-586集#旧伤痕案（下半场）","config":{"type":"normal","width":0,"height":0,"forward":1,"autoSize":0,"ctime":1696068973,"token":"194d05dbd4f1e812d9c5770caa8c4618"},"needShareCallBack":false,"app":"com.tencent.miniapp_01","view":"view_8C8E89B49BE609866298ADDFF2DBABA4","meta":{"detail_1":{"appid":"1109937557","appType":0,"title":"哔哩哔哩","desc":"【风野】这是一个不会玩麻将就破不了的案子！吐槽柯南585-586集#旧伤痕案（下半场）","icon":"https:\/\/open.gtimg.cn\/open\/app_icon\/00\/95\/17\/76\/100951776_100_m.png?t=1695779018","preview":"pubminishare-30161.picsz.qpic.cn\/27eefbee-328b-456e-8c53-ad8b5a29fd0e","url":"m.q.qq.com\/a\/s\/978fbce07c641018607104f52d7f0061","scene":1036,"host":{"uin":1297471104,"nick":"淡情余描未わ"},"shareTemplateId":"8C8E89B49BE609866298ADDFF2DBABA4","shareTemplateData":{},"qqdocurl":"https:\/\/b23.tv\/fic5A0n?share_medium=android&share_source=qq&bbid=XX903C299E98B469D017A1B315539CBEC4251&ts=1696068972573","showLittleTail":"","gamePoints":"","gamePointsUrl":""}}}]
2023-09-30 18:17:08 V/Bot.2398493975: [獭獭没钱吃饭军团@🎤(887156367)] 獭獭有钱吃饭军团太子(1297471104) -> [mirai:image:{463F7409-7BD3-7DED-F63C-BA4321AA8ED2}.jpg, width=1920, height=864, size=64811, type=JPG, isEmoji=false]
2023-09-30 18:18:11 V/Bot.2398493975: [獭獭没钱吃饭军团@🎤(887156367)] 獭獭有钱吃饭军团太子(1297471104) -> 求日语高手解释一下上面那句话换成下面这个词是什么意思
2023-09-30 18:35:29 I/UnidbgFetchQsign: Bot(2398493975) request_token, submit success
2023-09-30 18:53:36 V/Bot.2398493975: [test(389193066)] dd小助手(3459246674) -> 赤五教教主亮亮 正在直播 四象战秋季赛延迟五分钟~
https://live.bilibili.com/23490978
2023-09-30 18:53:37 V/Bot.2398493975: [test(389193066)] dd小助手(3459246674) -> [mirai:image:{4209C5EF-88AE-8346-2B76-41C6A739D801}.jpg, width=704, height=396, size=95467, type=JPG, isEmoji=false]
2023-09-30 18:53:39 V/Bot.2398493975: [test(389193066)] dd小助手(3459246674) -> 已设置@全体成员但没有管理员权限,将尝试@指定成员,请需要接收单独@消息的群员使用"开播@我"命令进行订阅
2023-09-30 19:01:04 V/Bot.2398493975: [SHT荔枝麻酱协会(493057481)] ライちゃん(392595084) -> 今天小目标
2023-09-30 19:01:09 V/Bot.2398493975: [SHT荔枝麻酱协会(493057481)] ライちゃん(392595084) -> 打完就行
2023-09-30 19:15:30 I/UnidbgFetchQsign: Bot(2398493975) request_token, submit success
2023-09-30 19:49:17 V/Bot.2398493975: [SHT荔枝麻酱协会(493057481)] 4000all！(1846411487) -> 2700
2023-09-30 19:49:23 V/Bot.2398493975: [SHT荔枝麻酱协会(493057481)] 淡情余描未わ(1297471104) -> 53400
2023-09-30 19:49:43 V/Bot.2398493975: [SHT荔枝麻酱协会(493057481)] hzc(2384102753) -> [mirai:at:1609323331] 23700
2023-09-30 19:49:54 V/Bot.2398493975: [SHT荔枝麻酱协会(493057481)] hzc(2384102753) -> 20200
2023-09-30 19:49:55 V/Bot.2398493975: Group(493057481) <- 记录成功：
淡情余描未わ: 53400
昵称：獭獭ʕ❍ᴥ❍？饿了饭饭军团！: 23700
hzc: 20200
4000all！: 2700
2023-09-30 19:51:00 V/Bot.2398493975: [SHT荔枝麻酱协会(493057481)] 淡情余描未わ(1297471104) -> 还有10min，大家记得来呀~（指三麻比赛
2023-09-30 19:54:27 V/Bot.2398493975: [SHT荔枝麻酱协会(493057481)] 𝔈𝔩𝔞𝔦𝔫𝔞(2500537872) -> ？咋就开了
2023-09-30 19:54:31 V/Bot.2398493975: [SHT荔枝麻酱协会(493057481)] Q7(953629160) -> [mirai:image:{2D0C8BE1-D4E3-677D-FB1B-16210EA5B9FB}.jpg, width=280, height=280, size=426543, type=GIF, isEmoji=true]
2023-09-30 19:54:36 V/Bot.2398493975: [SHT荔枝麻酱协会(493057481)] 淡情余描未わ(1297471104) -> 好问题
2023-09-30 19:54:39 V/Bot.2398493975: [SHT荔枝麻酱协会(493057481)] 淡情余描未わ(1297471104) -> 我没操作
2023-09-30 19:55:01 V/Bot.2398493975: [SHT荔枝麻酱协会(493057481)] 淡情余描未わ(1297471104) -> 他自动开自动匹配了x
2023-09-30 19:55:03 V/Bot.2398493975: [SHT荔枝麻酱协会(493057481)] 淡情余描未わ(1297471104) -> 刚关了x
2023-09-30 19:55:04 V/Bot.2398493975: [SHT荔枝麻酱协会(493057481)] Q7(953629160) -> [mirai:image:{BF79000B-727C-FA2C-6F3D-FEEFBB8A32FF}.png, width=680, height=386, size=139785, type=PNG, isEmoji=false]
2023-09-30 19:55:10 V/Bot.2398493975: [SHT荔枝麻酱协会(493057481)] 𝔈𝔩𝔞𝔦𝔫𝔞(2500537872) -> 草我也
2023-09-30 19:55:21 V/Bot.2398493975: [SHT荔枝麻酱协会(493057481)] Giraffe(472247053) -> %大厅
2023-09-30 19:55:22 V/Bot.2398493975: [SHT荔枝麻酱协会(493057481)] Freeze_Kirin(947603216) -> - 大厅[0]: 

- 对局[0]:
2023-09-30 19:55:22 V/Bot.2398493975: [SHT荔枝麻酱协会(493057481)] 淡情余描未わ(1297471104) -> 我把对局结束了已经
2023-09-30 19:55:31 I/UnidbgFetchQsign: Bot(2398493975) request_token, submit success
2023-09-30 19:55:41 V/Bot.2398493975: [SHT荔枝麻酱协会(493057481)] 𝔈𝔩𝔞𝔦𝔫𝔞(2500537872) -> ok正常了
2023-09-30 19:55:56 V/Bot.2398493975: [SHT荔枝麻酱协会(493057481)] Q7(953629160) -> 现在可以了 虽然观战里面似乎还有（
2023-09-30 19:55:58 V/Bot.2398493975: [SHT荔枝麻酱协会(493057481)] Q7(953629160) -> 怪
2023-09-30 19:56:23 V/Bot.2398493975: [SHT荔枝麻酱协会(493057481)] 𝔈𝔩𝔞𝔦𝔫𝔞(2500537872) -> 我看我自己打（
2023-09-30 19:59:15 V/Bot.2398493975: [SHT荔枝麻酱协会(493057481)] Hatsune(467091276) -> %大厅
2023-09-30 19:59:16 V/Bot.2398493975: [SHT荔枝麻酱协会(493057481)] Freeze_Kirin(947603216) -> - 大厅[15]: 
Q7, yyyouch_, 这贞德河里吗, 莳雨S, zz0111, MEOW, 大可奇丽, HanamaruSuki, JustKUN, 双枫, 冰水桑, 白云de竹琴, 川村真洋, ローリンガール, みさか鸣护渠
- 对局[0]:
2023-09-30 20:00:33 V/Bot.2398493975: [SHT荔枝麻酱协会(493057481)] 寒意凉凉(2293528376) -> 又是Q老师
2023-09-30 20:00:37 V/Bot.2398493975: [SHT荔枝麻酱协会(493057481)] Hzzzch(1614473174) -> %大厅
2023-09-30 20:00:38 V/Bot.2398493975: [SHT荔枝麻酱协会(493057481)] Freeze_Kirin(947603216) -> - 大厅[12]: 
这贞德河里吗, 莳雨S, MEOW, 大可奇丽, 冰水桑, 川村真洋, ローリンガール, みさか鸣护渠, 淡情余薇, 白云de竹琴, ksi16, 娜可露露yyds
- 对局[2]: 
[1] JustKUN HanamaruSuki zz0111
[2] 双枫 Q7 yyyouch_
2023-09-30 20:02:13 V/Bot.2398493975: [SHT荔枝麻酱协会(493057481)] Hatsune(467091276) -> %大厅
2023-09-30 20:02:14 V/Bot.2398493975: [SHT荔枝麻酱协会(493057481)] Freeze_Kirin(947603216) -> - 大厅[4]: 
这贞德河里吗, 莳雨S, 大可奇丽, ローリンガール
- 对局[6]: 
[1] 拾白饮墨 白云de竹琴 ksi16
[2] 花居影 Hzzzch MEOW
[3] 微子启明 川村真洋 淡情余薇
[4] 娜可露露yyds みさか鸣护渠 冰水桑
[5] JustKUN HanamaruSuki zz0111
[6] 双枫 Q7 yyyouch_
2023-09-30 20:02:32 V/Bot.2398493975: [SHT荔枝麻酱协会(493057481)] Hatsune(467091276) -> 怎么我这桌就来了一个
2023-09-30 20:02:34 V/Bot.2398493975: [SHT荔枝麻酱协会(493057481)] 淡情余描未わ(1297471104) -> [mirai:image:{0A81A90A-D37A-8A7C-F1C0-7CC7E6FEFCE9}.jpg, width=275, height=622, size=53924, type=PNG, isEmoji=false]
2023-09-30 20:02:41 V/Bot.2398493975: [SHT荔枝麻酱协会(493057481)] 淡情余描未わ(1297471104) -> %大厅
2023-09-30 20:02:42 V/Bot.2398493975: [SHT荔枝麻酱协会(493057481)] 风行(1685448924) -> 我怎么把北打出去了
2023-09-30 20:02:43 V/Bot.2398493975: [SHT荔枝麻酱协会(493057481)] Freeze_Kirin(947603216) -> - 大厅[4]: 
这贞德河里吗, 莳雨S, 大可奇丽, ローリンガール
- 对局[6]: 
[1] 拾白饮墨 白云de竹琴 ksi16
[2] 花居影 Hzzzch MEOW
[3] 微子启明 川村真洋 淡情余薇
[4] 娜可露露yyds みさか鸣护渠 冰水桑
[5] JustKUN HanamaruSuki zz0111
[6] 双枫 Q7 yyyouch_
2023-09-30 20:03:00 V/Bot.2398493975: [SHT荔枝麻酱协会(493057481)] Q7(953629160) -> [mirai:image:{E38671B4-592A-9A29-6272-23D0AEE31E25}.jpg, width=198, height=147, size=2477, type=JPG, isEmoji=true]我的累计役满
2023-09-30 20:03:24 V/Bot.2398493975: [SHT荔枝麻酱协会(493057481)] hzc(2384102753) -> [mirai:at:1105692313] 来准备了
2023-09-30 20:03:27 V/Bot.2398493975: [SHT荔枝麻酱协会(493057481)] Hatsune(467091276) -> [mirai:quote:[mirai:source:ids=[287151], internalIds=[147268405], from 1297471104 to 493057481 at 1696075354], content=<not yet initialized>][mirai:at:1297471104] 没有naf了？
2023-09-30 20:03:39 V/Bot.2398493975: [SHT荔枝麻酱协会(493057481)] 淡情余描未わ(1297471104) -> naf是机器人捏
2023-09-30 20:03:55 V/Bot.2398493975: [SHT荔枝麻酱协会(493057481)] 牙牙(1105692313) -> 来了
2023-09-30 20:04:07 V/Bot.2398493975: [SHT荔枝麻酱协会(493057481)] 牙牙(1105692313) -> 和hlb打压力很大
2023-09-30 20:04:11 V/Bot.2398493975: [SHT荔枝麻酱协会(493057481)] Hatsune(467091276) -> 想起来了
2023-09-30 20:04:14 V/Bot.2398493975: [SHT荔枝麻酱协会(493057481)] 淡情余描未わ(1297471104) -> [mirai:at:2953825263]
2023-09-30 20:04:31 V/Bot.2398493975: [SHT荔枝麻酱协会(493057481)] 淡情余描未わ(1297471104) -> [mirai:at:1287996307]
2023-09-30 20:04:34 V/Bot.2398493975: [SHT荔枝麻酱协会(493057481)] Hatsune(467091276) -> 怎么又是hlb
2023-09-30 20:04:51 V/Bot.2398493975: [SHT荔枝麻酱协会(493057481)] 淡情余描未わ(1297471104) -> [mirai:at:392595084]
2023-09-30 20:04:54 V/Bot.2398493975: [SHT荔枝麻酱协会(493057481)] 淡情余描未わ(1297471104) -> [mirai:at:449603499]
2023-09-30 20:04:59 V/Bot.2398493975: [SHT荔枝麻酱协会(493057481)] ライちゃん(392595084) -> 来了来了
2023-09-30 20:06:20 V/Bot.2398493975: [SHT荔枝麻酱协会(493057481)] 牙牙(1105692313) -> ％大厅
2023-09-30 20:06:24 V/Bot.2398493975: [SHT荔枝麻酱协会(493057481)] 淡情余描未わ(1297471104) -> 超过8：15就开始自由匹配了
2023-09-30 20:06:49 V/Bot.2398493975: [SHT荔枝麻酱协会(493057481)] 牙牙(1105692313) -> %大厅
2023-09-30 20:06:51 V/Bot.2398493975: [SHT荔枝麻酱协会(493057481)] Freeze_Kirin(947603216) -> - 大厅[4]: 
这贞德河里吗, 莳雨S, 大可奇丽, 阿来
- 对局[6]: 
[1] 拾白饮墨 白云de竹琴 ksi16
[2] 花居影 Hzzzch MEOW
[3] 微子启明 川村真洋 淡情余薇
[4] 娜可露露yyds みさか鸣护渠 冰水桑
[5] JustKUN HanamaruSuki zz0111
[6] 双枫 Q7 yyyouch_
2023-09-30 20:07:19 V/Bot.2398493975: [SHT荔枝麻酱协会(493057481)] 淡情余描未わ(1297471104) -> 牙牙没准备
2023-09-30 20:08:13 V/Bot.2398493975: [SHT荔枝麻酱协会(493057481)] 牙牙(1105692313) -> 准备了
2023-09-30 20:08:28 V/Bot.2398493975: [SHT荔枝麻酱协会(493057481)] Hatsune(467091276) -> %大厅
2023-09-30 20:08:29 V/Bot.2398493975: [SHT荔枝麻酱协会(493057481)] Freeze_Kirin(947603216) -> - 大厅[3]: 
这贞德河里吗, 大可奇丽, 阿来
- 对局[7]: 
[1] 莳雨S tusk819 ローリンガール
[2] 拾白饮墨 白云de竹琴 ksi16
[3] 花居影 Hzzzch MEOW
[4] 微子启明 川村真洋 淡情余薇
[5] 娜可露露yyds みさか鸣护渠 冰水桑
[6] JustKUN HanamaruSuki zz0111
[7] 双枫 Q7 yyyouch_
2023-09-30 20:09:31 V/Bot.2398493975: [SHT荔枝麻酱协会(493057481)] Hzzzch(1614473174) -> [mirai:image:{9F751544-A011-40DC-4C56-37DB4EC31214}.png, width=2778, height=1284, size=251117, type=JPG, isEmoji=false]
2023-09-30 20:09:35 V/Bot.2398493975: Event: GroupRecall(bot=Bot(2398493975), authorId=1614473174, messageIds=[287176], messageInternalIds=[1153937321], messageTime=1696075771, operator=NormalMember(1614473174), group=Group(493057481), author=NormalMember(1614473174))
2023-09-30 20:10:12 V/Bot.2398493975: [SHT荔枝麻酱协会(493057481)] 淡情余描未わ(1297471104) -> [mirai:at:449603499] [mirai:at:1287996307] [mirai:at:2953825263]
2023-09-30 20:10:51 V/Bot.2398493975: [SHT荔枝麻酱协会(493057481)] ライちゃん(392595084) -> [mirai:image:{324BFB53-FA80-53C9-37B9-AD4CD7B3C147}.jpg, width=280, height=260, size=30126, type=GIF, isEmoji=true]
2023-09-30 20:11:02 V/Bot.2398493975: [SHT荔枝麻酱协会(493057481)] 淡情余描未わ(1297471104) -> 如果15他们都没来的话那你们三个直接开了
2023-09-30 20:11:29 V/Bot.2398493975: [SHT荔枝麻酱协会(493057481)] naf2021(3469392519) -> [mirai:image:{73F9903F-3B05-0B68-7D71-3E234418CBC0}.jpg, width=56, height=45, size=1040, type=JPG, isEmoji=true]
2023-09-30 20:12:23 V/Bot.2398493975: [SHT荔枝麻酱协会(493057481)] 风行(1685448924) -> [mirai:image:{76624558-A5CD-EAEA-38C8-ACC0AF7EDFCB}.gif, width=237, height=237, size=1264092, type=GIF, isEmoji=true]
2023-09-30 20:12:57 V/Bot.2398493975: [SHT荔枝麻酱协会(493057481)] 𝔈𝔩𝔞𝔦𝔫𝔞(2500537872) -> [mirai:image:{2C8FCADF-E0F6-0BFC-ADB7-FBCD9B14F09E}.jpg, width=100, height=100, size=3661, type=JPG, isEmoji=true]
2023-09-30 20:13:05 V/Bot.2398493975: [SHT荔枝麻酱协会(493057481)] 大可奇丽(1485280964) -> [mirai:image:{2178E611-5239-74EB-2713-899927C1A227}.jpg, width=1500, height=1194, size=134259, type=JPG, isEmoji=true]
2023-09-30 20:13:23 V/Bot.2398493975: [SHT荔枝麻酱协会(493057481)] Hatsune(467091276) -> hlb什么玩意儿
2023-09-30 20:13:52 V/Bot.2398493975: [SHT荔枝麻酱协会(493057481)] 淡情余描未わ(1297471104) -> 最后1min
2023-09-30 20:14:51 V/Bot.2398493975: [SHT荔枝麻酱协会(493057481)] 淡情余描未わ(1297471104) -> 发车！
2023-09-30 20:15:57 V/Bot.2398493975: [SHT荔枝麻酱协会(493057481)] M.S.梦芽(2286213114) -> 啊？
2023-09-30 20:16:02 V/Bot.2398493975: [SHT荔枝麻酱协会(493057481)] 冰水 麻将小怨妇(x(308217149) -> [mirai:image:{86226A94-FE95-F445-0D29-BEFC817587FB}.png, width=2359, height=1094, size=2394558, type=PNG, isEmoji=false]
2023-09-30 20:16:11 V/Bot.2398493975: [SHT荔枝麻酱协会(493057481)] 冰水 麻将小怨妇(x(308217149) -> 牌河还有两个西
2023-09-30 20:16:12 V/Bot.2398493975: [SHT荔枝麻酱协会(493057481)] M.S.梦芽(2286213114) -> 冰水又役满？
2023-09-30 20:16:13 V/Bot.2398493975: [SHT荔枝麻酱协会(493057481)] 咕咕咕(2953825263) -> 刚醒
2023-09-30 20:16:13 V/Bot.2398493975: [SHT荔枝麻酱协会(493057481)] 淡情余描未わ(1297471104) -> 啊？
2023-09-30 20:16:14 V/Bot.2398493975: [SHT荔枝麻酱协会(493057481)] 冰水 麻将小怨妇(x(308217149) -> 啧
2023-09-30 20:16:37 V/Bot.2398493975: [SHT荔枝麻酱协会(493057481)] 大可奇丽(1485280964) -> ?
2023-09-30 20:16:43 V/Bot.2398493975: [SHT荔枝麻酱协会(493057481)] 太空军校生(2727776885) -> 啧
2023-09-30 20:16:43 V/Bot.2398493975: [SHT荔枝麻酱协会(493057481)] Q7(953629160) -> [mirai:image:{E38671B4-592A-9A29-6272-23D0AEE31E25}.jpg, width=198, height=147, size=2477, type=JPG, isEmoji=true]
2023-09-30 20:16:54 V/Bot.2398493975: [SHT荔枝麻酱协会(493057481)] 太空军校生(2727776885) -> 差点无铳吃3
2023-09-30 20:16:56 V/Bot.2398493975: [SHT荔枝麻酱协会(493057481)] 天秀宝宝(1812900890) -> 好家伙。
2023-09-30 20:17:38 V/Bot.2398493975: [SHT荔枝麻酱协会(493057481)] 淡情余描未わ(1297471104) -> [mirai:quote:[mirai:source:ids=[287191], internalIds=[1774579792], from 2953825263 to 493057481 at 1696076173], content=<not yet initialized>][mirai:at:2953825263] 可以稍等一下，如果25之前没有人来的话那就补bot来开
2023-09-30 20:17:50 V/Bot.2398493975: [SHT荔枝麻酱协会(493057481)] 淡情余描未わ(1297471104) -> %大厅
2023-09-30 20:17:52 V/Bot.2398493975: [SHT荔枝麻酱协会(493057481)] Freeze_Kirin(947603216) -> - 大厅[1]: 
ksi16
- 对局[7]: 
[1] Q7 双枫 yyyouch_
[2] 冰水桑 娜可露露yyds みさか鸣护渠
[3] 川村真洋 微子启明 淡情余薇
[4] 阿来 这贞德河里吗 大可奇丽
[5] 花居影 Hzzzch MEOW
[6] 莳雨S tusk819 ローリンガール
[7] JustKUN HanamaruSuki zz0111
2023-09-30 20:17:57 V/Bot.2398493975: [SHT荔枝麻酱协会(493057481)] 淡情余描未わ(1297471104) -> 一共两个半庄别忘了哈
2023-09-30 20:18:27 V/Bot.2398493975: [SHT荔枝麻酱协会(493057481)] 太空军校生(2727776885) -> [mirai:image:{AA40544F-CA2C-72CE-E51B-6751C3D90C42}.png, width=1920, height=1141, size=1870861, type=PNG, isEmoji=false]
2023-09-30 20:18:48 V/Bot.2398493975: [SHT荔枝麻酱协会(493057481)] 太空军校生(2727776885) -> 我突然释怀的笑
2023-09-30 20:19:09 V/Bot.2398493975: [SHT荔枝麻酱协会(493057481)] 太空军校生(2727776885) -> 查了一眼牌谱绷不住了
2023-09-30 20:19:24 V/Bot.2398493975: [SHT荔枝麻酱协会(493057481)] 大可奇丽(1485280964) -> 草
2023-09-30 20:23:22 V/Bot.2398493975: [SHT荔枝麻酱协会(493057481)] 风行(1685448924) -> 没绷住
2023-09-30 20:24:15 V/Bot.2398493975: [SHT荔枝麻酱协会(493057481)] 娜可露露yyds(994836613) -> 。
2023-09-30 20:24:16 V/Bot.2398493975: [SHT荔枝麻酱协会(493057481)] MEOW@獭獭bot(1609323331) -> [mirai:image:{B52FE724-9A03-6960-4362-1AAA7E46362D}.png, width=200, height=200, size=660853, type=GIF, isEmoji=true]
2023-09-30 20:24:34 V/Bot.2398493975: [SHT荔枝麻酱协会(493057481)] 冰水 麻将小怨妇(x(308217149) -> 草 烂尾了
2023-09-30 20:24:40 V/Bot.2398493975: [SHT荔枝麻酱协会(493057481)] 娜可露露yyds(994836613) -> 打了两局一局一个役满
2023-09-30 20:24:42 V/Bot.2398493975: [SHT荔枝麻酱协会(493057481)] 冰水 麻将小怨妇(x(308217149) -> 五个一一个三
2023-09-30 20:24:51 V/Bot.2398493975: [SHT荔枝麻酱协会(493057481)] 大可奇丽(1485280964) -> ?
2023-09-30 20:24:54 V/Bot.2398493975: [SHT荔枝麻酱协会(493057481)] 娜可露露yyds(994836613) -> [mirai:image:{324BFB53-FA80-53C9-37B9-AD4CD7B3C147}.jpg, width=280, height=260, size=30126, type=GIF, isEmoji=true]
2023-09-30 20:24:54 V/Bot.2398493975: [SHT荔枝麻酱协会(493057481)] 太空军校生(2727776885) -> ？
2023-09-30 20:25:04 V/Bot.2398493975: [SHT荔枝麻酱协会(493057481)] 风行(1685448924) -> ？
2023-09-30 20:25:05 V/Bot.2398493975: [SHT荔枝麻酱协会(493057481)] M.S.梦芽(2286213114) -> 冰水真的好强
2023-09-30 20:25:05 V/Bot.2398493975: [SHT荔枝麻酱协会(493057481)] 风行(1685448924) -> 开了？
2023-09-30 20:25:07 V/Bot.2398493975: [SHT荔枝麻酱协会(493057481)] 风行(1685448924) -> [mirai:image:{76624558-A5CD-EAEA-38C8-ACC0AF7EDFCB}.gif, width=237, height=237, size=1264092, type=GIF, isEmoji=true]
2023-09-30 20:25:11 V/Bot.2398493975: [SHT荔枝麻酱协会(493057481)] M.S.梦芽(2286213114) -> 打的时候压力拉满了
2023-09-30 20:25:12 V/Bot.2398493975: [SHT荔枝麻酱协会(493057481)] Q7(953629160) -> ？
2023-09-30 20:25:24 V/Bot.2398493975: [SHT荔枝麻酱协会(493057481)] 冰水 麻将小怨妇(x(308217149) -> 五个一的时候忘截图了）
2023-09-30 20:25:29 V/Bot.2398493975: [SHT荔枝麻酱协会(493057481)] 冰水 麻将小怨妇(x(308217149) -> 正好狗运到了（）
2023-09-30 20:25:41 V/Bot.2398493975: [SHT荔枝麻酱协会(493057481)] 太空军校生(2727776885) -> 是人话吗这
2023-09-30 20:25:53 V/Bot.2398493975: [SHT荔枝麻酱协会(493057481)] 淡情余描未わ(1297471104) -> [mirai:at:2953825263] 发车
2023-09-30 20:25:58 V/Bot.2398493975: [獭獭没钱吃饭军团@🎤(887156367)] 獭獭ʕ❍ᴥ❍ʔ饿了饭饭军团(1609323331) -> 明天是不是没了
2023-09-30 20:26:02 V/Bot.2398493975: [獭獭没钱吃饭军团@🎤(887156367)] 獭獭ʕ❍ᴥ❍ʔ饿了饭饭军团(1609323331) -> [mirai:image:{8F6E49D5-BF23-3812-E8F3-5484475B94EA}.png, width=480, height=360, size=257943, type=GIF, isEmoji=true]
2023-09-30 20:26:28 V/Bot.2398493975: [獭獭没钱吃饭军团@🎤(887156367)] hzc@獭獭軍団二度受(2384102753) -> 明天决赛
2023-09-30 20:28:27 V/Bot.2398493975: [SHT荔枝麻酱协会(493057481)] 寒意凉凉(2293528376) -> Q老师！
2023-09-30 20:28:30 V/Bot.2398493975: [SHT荔枝麻酱协会(493057481)] Q7(953629160) -> [mirai:image:{B43B1712-3E3A-F115-E853-34C6C00B197A}.png, width=1794, height=995, size=2028054, type=PNG, isEmoji=false]
2023-09-30 20:28:33 V/Bot.2398493975: [SHT荔枝麻酱协会(493057481)] 寒意凉凉(2293528376) -> 你死的好惨
2023-09-30 20:28:35 V/Bot.2398493975: [SHT荔枝麻酱协会(493057481)] Q7(953629160) -> 不愧是我[mirai:image:{E38671B4-592A-9A29-6272-23D0AEE31E25}.jpg, width=198, height=147, size=2477, type=JPG, isEmoji=true]
2023-09-30 20:28:53 V/Bot.2398493975: [SHT荔枝麻酱协会(493057481)] 大可奇丽(1485280964) -> ？？？
2023-09-30 20:28:58 V/Bot.2398493975: [SHT荔枝麻酱协会(493057481)] 由于四麻点数太小故转三麻和青天井的菜狗(1287996307) -> 睡过了
2023-09-30 20:28:59 V/Bot.2398493975: [SHT荔枝麻酱协会(493057481)] 由于四麻点数太小故转三麻和青天井的菜狗(1287996307) -> 刚醒
2023-09-30 20:29:02 V/Bot.2398493975: [SHT荔枝麻酱协会(493057481)] 由于四麻点数太小故转三麻和青天井的菜狗(1287996307) -> 我还有机会吗
2023-09-30 20:29:04 V/Bot.2398493975: [SHT荔枝麻酱协会(493057481)] 由于四麻点数太小故转三麻和青天井的菜狗(1287996307) -> 妈的
2023-09-30 20:29:24 V/Bot.2398493975: [SHT荔枝麻酱协会(493057481)] 由于四麻点数太小故转三麻和青天井的菜狗(1287996307) -> %大厅
2023-09-30 20:29:26 V/Bot.2398493975: [SHT荔枝麻酱协会(493057481)] Freeze_Kirin(947603216) -> - 大厅[0]: 

- 对局[5]: 
[1] 蛋清蛋清蛋清 GesusM 蝉吟晚夏
[2] JustKUN HanamaruSuki zz0111
[3] 白云de竹琴 ksi16 拾白饮墨
[4] 阿来 这贞德河里吗 大可奇丽
[5] 莳雨S tusk819 ローリンガール
2023-09-30 20:29:30 V/Bot.2398493975: [SHT荔枝麻酱协会(493057481)] 由于四麻点数太小故转三麻和青天井的菜狗(1287996307) -> 我靠
2023-09-30 20:29:55 V/Bot.2398493975: [SHT荔枝麻酱协会(493057481)] 淡情余描未わ(1297471104) -> 来
2023-09-30 20:29:58 V/Bot.2398493975: [SHT荔枝麻酱协会(493057481)] 淡情余描未わ(1297471104) -> 准备
2023-09-30 20:30:02 V/Bot.2398493975: [SHT荔枝麻酱协会(493057481)] 咕咕咕(2953825263) -> 1
2023-09-30 20:30:15 V/Bot.2398493975: [SHT荔枝麻酱协会(493057481)] 淡情余描未わ(1297471104) -> [mirai:at:1287996307] 速来
2023-09-30 20:30:23 V/Bot.2398493975: [SHT荔枝麻酱协会(493057481)] 由于四麻点数太小故转三麻和青天井的菜狗(1287996307) -> 马上
2023-09-30 20:30:27 V/Bot.2398493975: [SHT荔枝麻酱协会(493057481)] 由于四麻点数太小故转三麻和青天井的菜狗(1287996307) -> 我开一下steam
2023-09-30 20:30:30 V/Bot.2398493975: [SHT荔枝麻酱协会(493057481)] 由于四麻点数太小故转三麻和青天井的菜狗(1287996307) -> 妈的舰娘害人啊（bushi
2023-09-30 20:33:02 V/Bot.2398493975: [SHT荔枝麻酱协会(493057481)] 淡情余描未わ(1297471104) -> %大厅
2023-09-30 20:33:03 V/Bot.2398493975: [SHT荔枝麻酱协会(493057481)] Freeze_Kirin(947603216) -> - 大厅[2]: 
蝉吟晚夏, GesusM
- 对局[4]: 
[1] 大可奇丽 这贞德河里吗 阿来
[2] JustKUN HanamaruSuki zz0111
[3] 白云de竹琴 ksi16 拾白饮墨
[4] 莳雨S tusk819 ローリンガール
2023-09-30 20:33:14 V/Bot.2398493975: [SHT荔枝麻酱协会(493057481)] 由于四麻点数太小故转三麻和青天井的菜狗(1287996307) -> 我还在下载资源
2023-09-30 20:33:21 V/Bot.2398493975: [SHT荔枝麻酱协会(493057481)] 淡情余描未わ(1297471104) -> xs
2023-09-30 20:33:23 V/Bot.2398493975: [SHT荔枝麻酱协会(493057481)] 由于四麻点数太小故转三麻和青天井的菜狗(1287996307) -> [mirai:image:{38B0856A-F66B-F532-BFD2-D25F9FA8A1F6}.png, width=908, height=197, size=178609, type=PNG, isEmoji=false]
2023-09-30 20:35:37 I/UnidbgFetchQsign: Bot(2398493975) request_token, submit success
2023-09-30 20:38:08 V/Bot.2398493975: [SHT荔枝麻酱协会(493057481)] 淡情余描未わ(1297471104) -> [mirai:at:1105692313] 你人呢
2023-09-30 20:38:17 V/Bot.2398493975: [SHT荔枝麻酱协会(493057481)] 淡情余描未わ(1297471104) -> [mirai:quote:[mirai:source:ids=[287249], internalIds=[-573808789], from 1287996307 to 493057481 at 1696077203], content=<not yet initialized>][mirai:at:1287996307] 好了没
2023-09-30 20:38:22 V/Bot.2398493975: [SHT荔枝麻酱协会(493057481)] 淡情余描未わ(1297471104) -> hlb第一个半庄都打完了（不是
2023-09-30 20:38:24 V/Bot.2398493975: [SHT荔枝麻酱协会(493057481)] 由于四麻点数太小故转三麻和青天井的菜狗(1287996307) -> [mirai:image:{13A024D0-CAB4-C457-AADA-FE645B228399}.png, width=307, height=134, size=57670, type=PNG, isEmoji=false]
2023-09-30 20:38:36 V/Bot.2398493975: [SHT荔枝麻酱协会(493057481)] 由于四麻点数太小故转三麻和青天井的菜狗(1287996307) -> 准备了
2023-09-30 20:38:45 V/Bot.2398493975: [SHT荔枝麻酱协会(493057481)] 淡情余描未わ(1297471104) -> [mirai:at:2953825263] 发车哩
2023-09-30 20:38:51 V/Bot.2398493975: [SHT荔枝麻酱协会(493057481)] 咕咕咕(2953825263) -> 1
2023-09-30 20:39:07 V/Bot.2398493975: [SHT荔枝麻酱协会(493057481)] 淡情余描未わ(1297471104) -> [mirai:at:467091276] 怎么牙牙来了你跑了x
2023-09-30 20:39:13 V/Bot.2398493975: [SHT荔枝麻酱协会(493057481)] 淡情余描未わ(1297471104) -> 你来了牙牙跑了
2023-09-30 20:39:15 V/Bot.2398493975: [SHT荔枝麻酱协会(493057481)] Hatsune(467091276) -> 我来了
2023-09-30 20:39:16 V/Bot.2398493975: [SHT荔枝麻酱协会(493057481)] 淡情余描未わ(1297471104) -> 我吐了
2023-09-30 20:39:19 V/Bot.2398493975: [SHT荔枝麻酱协会(493057481)] 淡情余描未わ(1297471104) -> 大厅始终两个人
2023-09-30 20:39:20 V/Bot.2398493975: [SHT荔枝麻酱协会(493057481)] 牙牙(1105692313) -> 6
2023-09-30 20:39:21 V/Bot.2398493975: [SHT荔枝麻酱协会(493057481)] Hatsune(467091276) -> 刚才掉了
2023-09-30 20:39:21 V/Bot.2398493975: [SHT荔枝麻酱协会(493057481)] 淡情余描未わ(1297471104) -> %大厅
2023-09-30 20:39:22 V/Bot.2398493975: [SHT荔枝麻酱协会(493057481)] Freeze_Kirin(947603216) -> - 大厅[2]: 
莳雨S, ローリンガール
- 对局[4]: 
[1] 逗比1号 蝉吟晚夏 GesusM
[2] 大可奇丽 这贞德河里吗 阿来
[3] JustKUN HanamaruSuki zz0111
[4] 白云de竹琴 ksi16 拾白饮墨
2023-09-30 20:39:34 V/Bot.2398493975: [SHT荔枝麻酱协会(493057481)] Hatsune(467091276) -> [mirai:image:{73C8A3A4-3FEF-394B-E719-E4FEB2BD3857}.jpg, width=92, height=84, size=3214, type=JPG, isEmoji=true]
2023-09-30 20:46:39 V/Bot.2398493975: [SHT荔枝麻酱协会(493057481)] 大可奇丽(1485280964) -> [mirai:image:{3E7A00A7-A820-7FF7-FD12-A18C4F16A690}.png, width=1920, height=1030, size=1838401, type=PNG, isEmoji=false]
2023-09-30 20:46:44 V/Bot.2398493975: [SHT荔枝麻酱协会(493057481)] 大可奇丽(1485280964) -> 给大家来点国士失败
2023-09-30 20:46:46 V/Bot.2398493975: [SHT荔枝麻酱协会(493057481)] 𝔈𝔩𝔞𝔦𝔫𝔞(2500537872) -> [mirai:image:{0EC82EAD-8C6F-33A9-4F26-608408324709}.jpg, width=246, height=224, size=8332, type=JPG, isEmoji=true]
2023-09-30 20:48:05 V/Bot.2398493975: [SHT荔枝麻酱协会(493057481)] 由于四麻点数太小故转三麻和青天井的菜狗(1287996307) -> 又make了个倍满
2023-09-30 20:48:07 V/Bot.2398493975: [SHT荔枝麻酱协会(493057481)] 由于四麻点数太小故转三麻和青天井的菜狗(1287996307) -> 可以
2023-09-30 20:49:07 V/Bot.2398493975: [獭獭没钱吃饭军团@🎤(887156367)] 獭獭ʕ❍ᴥ❍ʔ饿了饭饭军团(1609323331) -> 10 10 10[mirai:image:{32BC6EE1-0172-4812-D426-CBAB56806A53}.png, width=680, height=356, size=55938, type=JPG, isEmoji=false]
2023-09-30 20:49:22 V/Bot.2398493975: [獭獭没钱吃饭军团@🎤(887156367)] 獭獭ʕ❍ᴥ❍ʔ饿了饭饭军团(1609323331) -> 9 9 9[mirai:image:{F9154DC9-75F4-6C63-0F0C-79258585ABE9}.png, width=689, height=365, size=56232, type=JPG, isEmoji=false]
2023-09-30 20:49:26 V/Bot.2398493975: [SHT荔枝麻酱协会(493057481)] 天秀宝宝(1812900890) -> 三倍满竟然那么少[笑哭][捂脸]
2023-09-30 20:49:35 V/Bot.2398493975: [SHT荔枝麻酱协会(493057481)] 淡情余描未わ(1297471104) -> 三倍满概率很低的XD
2023-09-30 20:49:47 V/Bot.2398493975: [獭獭没钱吃饭军团@🎤(887156367)] 獭獭ʕ❍ᴥ❍ʔ饿了饭饭军团(1609323331) -> 怎么都不变的[mirai:image:{042D7D0F-BCD4-3983-A509-6DAE5A11336E}.png, width=677, height=372, size=57565, type=JPG, isEmoji=false][mirai:image:{F61CF444-FA5E-4F89-19E6-7FBA70ED08C5}.png, width=696, height=363, size=58413, type=JPG, isEmoji=false]
2023-09-30 20:50:13 V/Bot.2398493975: [獭獭没钱吃饭军团@🎤(887156367)] 哭哭Excel@被獭獭军团开除5次(472247053) -> [mirai:image:{2B807BCA-DC9B-7EF2-08E1-D90E1BC7EF15}.jpg, width=362, height=296, size=107379, type=GIF, isEmoji=true]
2023-09-30 20:50:27 V/Bot.2398493975: [SHT荔枝麻酱协会(493057481)] 天秀宝宝(1812900890) -> 感觉看到的累满都和三倍满差不多了[笑哭]
2023-09-30 20:50:37 V/Bot.2398493975: [獭獭没钱吃饭军团@🎤(887156367)] Freeze_Kirin@给獭獭打工军团(768173212) -> [mirai:at:1297471104] 牌牌
2023-09-30 20:50:41 V/Bot.2398493975: [獭獭没钱吃饭军团@🎤(887156367)] Freeze_Kirin@给獭獭打工军团(768173212) -> 有没
2023-09-30 20:50:42 V/Bot.2398493975: [SHT荔枝麻酱协会(493057481)] Q7(953629160) -> 那同时点三倍满和累满的概率呢
2023-09-30 20:50:43 V/Bot.2398493975: [獭獭没钱吃饭军团@🎤(887156367)] 獭獭有钱吃饭军团太子(1297471104) -> 来来
2023-09-30 20:50:47 V/Bot.2398493975: [獭獭没钱吃饭军团@🎤(887156367)] 獭獭有钱吃饭军团太子(1297471104) -> 我这边
2023-09-30 20:50:48 V/Bot.2398493975: [獭獭没钱吃饭军团@🎤(887156367)] Freeze_Kirin@给獭獭打工军团(768173212) -> 111
2023-09-30 20:50:48 V/Bot.2398493975: [獭獭没钱吃饭军团@🎤(887156367)] 獭獭有钱吃饭军团太子(1297471104) -> 由
2023-09-30 20:50:50 V/Bot.2398493975: [獭獭没钱吃饭军团@🎤(887156367)] 獭獭有钱吃饭军团太子(1297471104) -> 有
2023-09-30 20:50:51 V/Bot.2398493975: [獭獭没钱吃饭军团@🎤(887156367)] 獭獭有钱吃饭军团太子(1297471104) -> hzc
2023-09-30 20:50:51 V/Bot.2398493975: [獭獭没钱吃饭军团@🎤(887156367)] 獭獭有钱吃饭军团太子(1297471104) -> 和
2023-09-30 20:50:52 V/Bot.2398493975: [獭獭没钱吃饭军团@🎤(887156367)] Freeze_Kirin@给獭獭打工军团(768173212) -> 给我留个
2023-09-30 20:50:52 V/Bot.2398493975: [獭獭没钱吃饭军团@🎤(887156367)] 獭獭有钱吃饭军团太子(1297471104) -> zz
2023-09-30 20:50:54 V/Bot.2398493975: [獭獭没钱吃饭军团@🎤(887156367)] 獭獭ʕ❍ᴥ❍ʔ饿了饭饭军团(1609323331) -> [mirai:image:{0B879DAC-A099-2919-CF3C-234610A7E06F}.png, width=358, height=300, size=51824, type=GIF, isEmoji=false]
2023-09-30 20:50:54 V/Bot.2398493975: [獭獭没钱吃饭军团@🎤(887156367)] 獭獭有钱吃饭军团太子(1297471104) -> 111
2023-09-30 20:50:56 V/Bot.2398493975: [SHT荔枝麻酱协会(493057481)] Q7(953629160) -> [mirai:image:{E38671B4-592A-9A29-6272-23D0AEE31E25}.jpg, width=198, height=147, size=2477, type=JPG, isEmoji=true]
2023-09-30 20:50:59 V/Bot.2398493975: [獭獭没钱吃饭军团@🎤(887156367)] 獭獭有钱吃饭军团太子(1297471104) -> [mirai:image:{0B879DAC-A099-2919-CF3C-234610A7E06F}.gif, width=358, height=300, size=51824, type=GIF, isEmoji=false]
2023-09-30 20:51:02 V/Bot.2398493975: [獭獭没钱吃饭军团@🎤(887156367)] Freeze_Kirin@给獭獭打工军团(768173212) -> 马上去
2023-09-30 20:51:16 V/Bot.2398493975: [SHT荔枝麻酱协会(493057481)] 淡情余描未わ(1297471104) -> [mirai:image:{E38671B4-592A-9A29-6272-23D0AEE31E25}.jpg, width=198, height=147, size=2477, type=JPG, isEmoji=true]
2023-09-30 20:51:22 V/Bot.2398493975: [SHT荔枝麻酱协会(493057481)] 大可奇丽(1485280964) -> [mirai:image:{15B09BF3-D7EC-FFD7-FC03-3837DB624072}.jpg, width=35, height=35, size=957, type=JPG, isEmoji=true]
2023-09-30 20:51:24 V/Bot.2398493975: [SHT荔枝麻酱协会(493057481)] 天秀宝宝(1812900890) -> [mirai:image:{965B1BEB-89DE-98DF-884C-1E4F3983C727}.jpg, width=50, height=53, size=1106, type=JPG, isEmoji=true]
2023-09-30 20:51:49 V/Bot.2398493975: [SHT荔枝麻酱协会(493057481)] ライちゃん(392595084) -> [mirai:image:{75FECC80-7F7F-55B2-3D77-7CEAE0E7F676}.jpg, width=302, height=138, size=67232, type=GIF, isEmoji=true]
2023-09-30 20:51:53 V/Bot.2398493975: [SHT荔枝麻酱协会(493057481)] 𝔈𝔩𝔞𝔦𝔫𝔞(2500537872) -> 吐了
2023-09-30 20:51:53 V/Bot.2398493975: [獭獭没钱吃饭军团@🎤(887156367)] 獭獭ʕ❍ᴥ❍ʔ饿了饭饭军团(1609323331) -> [mirai:image:{EEE2F979-710A-4293-40F4-EE9AFA9B8266}.png, width=680, height=354, size=55308, type=JPG, isEmoji=false]
2023-09-30 20:51:58 V/Bot.2398493975: [SHT荔枝麻酱协会(493057481)] ライちゃん(392595084) -> 又被暴打了
2023-09-30 20:51:59 V/Bot.2398493975: [獭獭没钱吃饭军团@🎤(887156367)] 獭獭ʕ❍ᴥ❍ʔ饿了饭饭军团(1609323331) -> [mirai:image:{BE29A4DC-681B-DE97-3240-9BE55E0F2867}.png, width=336, height=260, size=54651, type=GIF, isEmoji=true]
2023-09-30 20:52:07 V/Bot.2398493975: [SHT荔枝麻酱协会(493057481)] 𝔈𝔩𝔞𝔦𝔫𝔞(2500537872) -> 这个五桶能跑去你那
2023-09-30 20:52:07 V/Bot.2398493975: [SHT荔枝麻酱协会(493057481)] ライちゃん(392595084) -> [mirai:image:{7F2BF2B4-98DF-2F86-191D-EEBFAE812285}.jpg, width=300, height=234, size=13457, type=JPG, isEmoji=true]
2023-09-30 20:52:10 V/Bot.2398493975: [SHT荔枝麻酱协会(493057481)] 𝔈𝔩𝔞𝔦𝔫𝔞(2500537872) -> [mirai:image:{412153CF-E1A1-CB1B-BECD-AD4CBC0E0203}.jpg, width=620, height=620, size=72851, type=JPG, isEmoji=true]
2023-09-30 20:52:11 V/Bot.2398493975: [SHT荔枝麻酱协会(493057481)] Hatsune(467091276) -> [mirai:image:{6D95E068-EB48-FEA9-E506-C4B35DCA5245}.jpg, width=1920, height=886, size=192389, type=JPG, isEmoji=false]
2023-09-30 20:52:21 V/Bot.2398493975: [SHT荔枝麻酱协会(493057481)] Hatsune(467091276) -> [mirai:image:{D5480477-1930-3762-A30A-494777DB12DF}.jpg, width=400, height=400, size=22783, type=JPG, isEmoji=true]
2023-09-30 20:52:27 V/Bot.2398493975: [SHT荔枝麻酱协会(493057481)] hzc(2384102753) -> 都是臭水
2023-09-30 20:52:34 V/Bot.2398493975: [SHT荔枝麻酱协会(493057481)] hzc(2384102753) -> 没倍满
2023-09-30 20:52:35 V/Bot.2398493975: [SHT荔枝麻酱协会(493057481)] 淡情余描未わ(1297471104) -> 臭水戴师
2023-09-30 20:52:36 V/Bot.2398493975: [SHT荔枝麻酱协会(493057481)] 牙牙(1105692313) -> hlb的w立一发呀
2023-09-30 20:52:39 V/Bot.2398493975: [SHT荔枝麻酱协会(493057481)] Hatsune(467091276) -> 太臭了
2023-09-30 20:52:44 V/Bot.2398493975: [獭獭没钱吃饭军团@🎤(887156367)] zz@獺獺軍団(771507043) -> [不支持的消息#-759970444][mirai:image:{A53D587F-823D-4041-ED77-4487F4F8FA53}.jpg, width=694, height=668, size=393948, type=PNG, isEmoji=false]
2023-09-30 20:52:47 V/Bot.2398493975: [SHT荔枝麻酱协会(493057481)] ライちゃん(392595084) -> 这是人话吗
2023-09-30 20:52:57 V/Bot.2398493975: [SHT荔枝麻酱协会(493057481)] Hatsune(467091276) -> [mirai:image:{62634781-213E-E64A-0F27-0118446E2195}.jpg, width=780, height=544, size=165349, type=JPG, isEmoji=true]
2023-09-30 20:53:22 V/Bot.2398493975: [獭獭没钱吃饭军团@🎤(887156367)] 獭獭有钱吃饭军团太子(1297471104) -> 猜猜今年一位是谁
2023-09-30 20:53:34 V/Bot.2398493975: [獭獭没钱吃饭军团@🎤(887156367)] hzc@獭獭軍団二度受(2384102753) -> [mirai:image:{0B879DAC-A099-2919-CF3C-234610A7E06F}.gif, width=358, height=300, size=51824, type=GIF, isEmoji=false]
2023-09-30 20:53:37 V/Bot.2398493975: [獭獭没钱吃饭军团@🎤(887156367)] 獭獭有钱吃饭军团太子(1297471104) -> 感觉今年的话是不是二妹有说法
2023-09-30 20:53:40 V/Bot.2398493975: [獭獭没钱吃饭军团@🎤(887156367)] Freeze_Kirin@给獭獭打工军团(768173212) -> 是獭獭
2023-09-30 20:54:00 V/Bot.2398493975: [SHT荔枝麻酱协会(493057481)] 大可奇丽(1485280964) -> [mirai:image:{15B09BF3-D7EC-FFD7-FC03-3837DB624072}.jpg, width=35, height=35, size=957, type=JPG, isEmoji=true]
2023-09-30 20:54:20 V/Bot.2398493975: [獭獭没钱吃饭军团@🎤(887156367)] 獭獭ʕ❍ᴥ❍ʔ饿了饭饭军团(1609323331) -> 第四恋恋
2023-09-30 20:54:30 V/Bot.2398493975: [獭獭没钱吃饭军团@🎤(887156367)] 獭獭ʕ❍ᴥ❍ʔ饿了饭饭军团(1609323331) -> 该猜前三顺序了
2023-09-30 20:54:33 V/Bot.2398493975: [SHT荔枝麻酱协会(493057481)] 淡情余描未わ(1297471104) -> [mirai:image:{7A6FAC35-D0AE-E48F-526C-88337F867302}.jpg, width=401, height=116, size=13942, type=PNG, isEmoji=false]
2023-09-30 20:54:37 V/Bot.2398493975: [SHT荔枝麻酱协会(493057481)] 淡情余描未わ(1297471104) -> 至此为止是这样的
2023-09-30 20:54:55 V/Bot.2398493975: [SHT荔枝麻酱协会(493057481)] 淡情余描未わ(1297471104) -> 4和5还在比赛
2023-09-30 20:54:57 V/Bot.2398493975: [獭獭没钱吃饭军团@🎤(887156367)] 獭獭ʕ❍ᴥ❍ʔ饿了饭饭军团(1609323331) -> 二妹灵梦傻傻还是灵梦沙沙二妹
2023-09-30 20:55:02 V/Bot.2398493975: [獭獭没钱吃饭军团@🎤(887156367)] 獭獭ʕ❍ᴥ❍ʔ饿了饭饭军团(1609323331) -> [mirai:image:{814543A3-80C4-2F98-8DDD-CBABB5724AB3}.png, width=268, height=208, size=28226, type=GIF, isEmoji=true]
2023-09-30 20:55:02 V/Bot.2398493975: [SHT荔枝麻酱协会(493057481)] 淡情余描未わ(1297471104) -> 看看最后第三名是谁
2023-09-30 20:55:32 V/Bot.2398493975: [獭獭没钱吃饭军团@🎤(887156367)] 獭獭ʕ❍ᴥ❍ʔ饿了饭饭军团(1609323331) -> 恭喜红白[mirai:image:{C6B7A123-87E7-28A1-70FE-E63A6A55A2B5}.png, width=695, height=365, size=60609, type=JPG, isEmoji=false]
2023-09-30 20:55:40 V/Bot.2398493975: [獭獭没钱吃饭军团@🎤(887156367)] 獭獭有钱吃饭军团太子(1297471104) -> 坏了
2023-09-30 20:56:33 V/Bot.2398493975: [SHT荔枝麻酱协会(493057481)] naf2021(3469392519) -> [mirai:quote:[mirai:source:ids=[287244], internalIds=[-1361236121], from 1287996307 to 493057481 at 1696077030], content=<not yet initialized>][mirai:at:1287996307] 不会在刷战果吧
2023-09-30 20:56:52 V/Bot.2398493975: [獭獭没钱吃饭军团@🎤(887156367)] 獭獭ʕ❍ᴥ❍ʔ饿了饭饭军团(1609323331) -> [mirai:image:{78E01FDD-E7CD-278F-A15D-017ECA05CC45}.png, width=678, height=180, size=43001, type=PNG, isEmoji=false]
2023-09-30 20:56:56 V/Bot.2398493975: [獭獭没钱吃饭军团@🎤(887156367)] 獭獭ʕ❍ᴥ❍ʔ饿了饭饭军团(1609323331) -> [mirai:image:{4D43AF98-6CA5-33DF-5622-EFC9592C5B74}.png, width=290, height=228, size=6993, type=GIF, isEmoji=true]
2023-09-30 20:57:10 V/Bot.2398493975: [SHT荔枝麻酱协会(493057481)] 咕咕咕(2953825263) -> 吃5了
2023-09-30 20:57:11 V/Bot.2398493975: [SHT荔枝麻酱协会(493057481)] 由于四麻点数太小故转三麻和青天井的菜狗(1287996307) -> 上个洗手间
2023-09-30 20:57:15 V/Bot.2398493975: [SHT荔枝麻酱协会(493057481)] 咕咕咕(2953825263) -> [mirai:image:{DE4F6144-60D6-35AD-22A3-E1F74A7F5E55}.jpg, width=64, height=58, size=1456, type=JPG, isEmoji=true]
2023-09-30 20:57:21 V/Bot.2398493975: [SHT荔枝麻酱协会(493057481)] 淡情余描未わ(1297471104) -> 辛苦啦
2023-09-30 20:57:23 V/Bot.2398493975: [SHT荔枝麻酱协会(493057481)] 淡情余描未わ(1297471104) -> 最后一桌哩
2023-09-30 20:57:54 V/Bot.2398493975: [獭獭没钱吃饭军团@🎤(887156367)] 獭獭ʕ❍ᴥ❍ʔ饿了饭饭军团(1609323331) -> 新角色在哪里
2023-09-30 20:58:05 V/Bot.2398493975: [獭獭没钱吃饭军团@🎤(887156367)] 獭獭ʕ❍ᴥ❍ʔ饿了饭饭军团(1609323331) -> 前50有吗
2023-09-30 20:58:12 V/Bot.2398493975: [SHT荔枝麻酱协会(493057481)] 由于四麻点数太小故转三麻和青天井的菜狗(1287996307) -> 我感觉我没机会了
2023-09-30 20:58:26 V/Bot.2398493975: [SHT荔枝麻酱协会(493057481)] 由于四麻点数太小故转三麻和青天井的菜狗(1287996307) -> 我准备了
2023-09-30 20:58:51 V/Bot.2398493975: [SHT荔枝麻酱协会(493057481)] 由于四麻点数太小故转三麻和青天井的菜狗(1287996307) -> [mirai:quote:[mirai:source:ids=[287300], internalIds=[472080560], from 3469392519 to 493057481 at 1696078593], content=<not yet initialized>]是的 放炮 但是我在难度仅次于柱岛的吴镇
2023-09-30 20:58:56 V/Bot.2398493975: [SHT荔枝麻酱协会(493057481)] 由于四麻点数太小故转三麻和青天井的菜狗(1287996307) -> 就…………
2023-09-30 20:59:01 V/Bot.2398493975: [SHT荔枝麻酱协会(493057481)] 淡情余描未わ(1297471104) -> [mirai:image:{89B007F1-188E-69F7-472B-B9C5FADC0EE3}.jpg, width=321, height=93, size=10529, type=PNG, isEmoji=false]、
2023-09-30 20:59:36 V/Bot.2398493975: [獭獭没钱吃饭军团@🎤(887156367)] 獭獭ʕ❍ᴥ❍ʔ饿了饭饭军团(1609323331) -> 😱沙沙赢了
2023-09-30 20:59:59 V/Bot.2398493975: [獭獭没钱吃饭军团@🎤(887156367)] 獭獭ʕ❍ᴥ❍ʔ饿了饭饭军团(1609323331) -> [mirai:image:{80517A27-A7F5-75F5-D210-A47A1392A20B}.png, width=1161, height=671, size=219869, type=JPG, isEmoji=false]
2023-09-30 21:00:04 V/Bot.2398493975: [獭獭没钱吃饭军团@🎤(887156367)] 獭獭ʕ❍ᴥ❍ʔ饿了饭饭军团(1609323331) -> 丢人灵梦
2023-09-30 21:00:10 V/Bot.2398493975: [SHT荔枝麻酱协会(493057481)] 牙牙(1105692313) -> 🐮
2023-09-30 21:00:11 V/Bot.2398493975: [SHT荔枝麻酱协会(493057481)] 由于四麻点数太小故转三麻和青天井的菜狗(1287996307) -> 我总感觉我和2打过 和3也打过
2023-09-30 21:00:11 V/Bot.2398493975: [獭獭没钱吃饭军团@🎤(887156367)] 獭獭ʕ❍ᴥ❍ʔ饿了饭饭军团(1609323331) -> 221了
2023-09-30 21:00:15 V/Bot.2398493975: [獭獭没钱吃饭军团@🎤(887156367)] 獭獭ʕ❍ᴥ❍ʔ饿了饭饭军团(1609323331) -> 感动獭獭
2023-09-30 21:00:24 V/Bot.2398493975: [SHT荔枝麻酱协会(493057481)] 由于四麻点数太小故转三麻和青天井的菜狗(1287996307) -> ？？？？不会现在是我和俩bot
2023-09-30 21:00:45 V/Bot.2398493975: [SHT荔枝麻酱协会(493057481)] 淡情余描未わ(1297471104) -> 对捏
2023-09-30 21:00:53 V/Bot.2398493975: [SHT荔枝麻酱协会(493057481)] 由于四麻点数太小故转三麻和青天井的菜狗(1287996307) -> 啧
2023-09-30 21:01:21 V/Bot.2398493975: [獭獭没钱吃饭军团@🎤(887156367)] 獭獭ʕ❍ᴥ❍ʔ饿了饭饭军团(1609323331) -> 意思是就赢了两次[mirai:image:{4E24CF43-8566-7692-5257-8649BA026351}.png, width=684, height=334, size=39029, type=JPG, isEmoji=false]
2023-09-30 21:01:28 V/Bot.2398493975: [SHT荔枝麻酱协会(493057481)] 由于四麻点数太小故转三麻和青天井的菜狗(1287996307) -> 就是要么我爆打49分以上
2023-09-30 21:01:38 V/Bot.2398493975: [SHT荔枝麻酱协会(493057481)] 由于四麻点数太小故转三麻和青天井的菜狗(1287996307) -> 要么我就是等于白打
2023-09-30 21:01:46 V/Bot.2398493975: [獭獭没钱吃饭军团@🎤(887156367)] 獭獭锤子大鸽@被獭獭军团开除(963423936) -> [mirai:quote:[mirai:source:ids=[77651], internalIds=[1942024675], from 1609323331 to 887156367 at 1696078798], content=<not yet initialized>][mirai:at:1609323331] 好诶
2023-09-30 21:01:54 V/Bot.2398493975: [獭獭没钱吃饭军团@🎤(887156367)] 獭獭ʕ❍ᴥ❍ʔ饿了饭饭军团(1609323331) -> [mirai:image:{A9C10996-E880-3074-0B6E-7C29FB3E432F}.png, width=304, height=199, size=117662, type=GIF, isEmoji=true]
2023-09-30 21:02:05 V/Bot.2398493975: [SHT荔枝麻酱协会(493057481)] 由于四麻点数太小故转三麻和青天井的菜狗(1287996307) -> 那没事了 妈的1位当4位打那也是没事额了
2023-09-30 21:02:07 V/Bot.2398493975: [SHT荔枝麻酱协会(493057481)] 由于四麻点数太小故转三麻和青天井的菜狗(1287996307) -> 没谁了
2023-09-30 21:02:34 V/Bot.2398493975: [SHT荔枝麻酱协会(493057481)] naf2021(3469392519) -> 100多上不上下不下的[mirai:image:{D6934FF0-5309-FBBD-123B-E0B41F03FB23}.jpg, width=1920, height=886, size=203214, type=JPG, isEmoji=false]
2023-09-30 21:02:35 V/Bot.2398493975: [SHT荔枝麻酱协会(493057481)] naf2021(3469392519) -> [mirai:image:{3474BEF9-C2F5-6111-3FA8-F30567684E21}.jpg, width=64, height=52, size=2328, type=JPG, isEmoji=true]
2023-09-30 21:02:46 V/Bot.2398493975: [SHT荔枝麻酱协会(493057481)] 由于四麻点数太小故转三麻和青天井的菜狗(1287996307) -> 宿毛真好啊
2023-09-30 21:03:29 V/Bot.2398493975: [SHT荔枝麻酱协会(493057481)] 由于四麻点数太小故转三麻和青天井的菜狗(1287996307) -> [mirai:image:{D0E6AD78-AEA8-F7D0-B1C0-0DEE305EED5B}.png, width=951, height=63, size=62374, type=PNG, isEmoji=false]
2023-09-30 21:04:45 V/Bot.2398493975: [SHT荔枝麻酱协会(493057481)] 由于四麻点数太小故转三麻和青天井的菜狗(1287996307) -> 你校竟然还有活人提督 真是让人意外
2023-09-30 21:07:31 V/Bot.2398493975: [獭獭没钱吃饭军团@🎤(887156367)] lax@牛牛道心破碎军团(269418386) -> [mirai:quote:[mirai:source:ids=[77609], internalIds=[15867013], from 1297471104 to 887156367 at 1696069027], content=<not yet initialized>][mirai:at:1297471104] 看了下视频，可能是亲被跳满炸庄了的意思吧
2023-09-30 21:07:59 V/Bot.2398493975: Event: MemberCardChangeEvent(origin=獭獭ʕ❍ᴥ❍ʔ饿了饭饭军团, new=獭獭ʕ❍ᴥ❍ʔ庆祝沙沙第一军团, member=NormalMember(1609323331))
2023-09-30 21:07:59 V/Bot.2398493975: [獭獭没钱吃饭军团@🎤(887156367)] 獭獭ʕ❍ᴥ❍ʔ庆祝沙沙第一军团(1609323331) -> 是被过庄了捏
2023-09-30 21:08:12 V/Bot.2398493975: [獭獭没钱吃饭军团@🎤(887156367)] lax@牛牛道心破碎军团(269418386) -> 原来是这样吗
2023-09-30 21:08:37 V/Bot.2398493975: [獭獭没钱吃饭军团@🎤(887156367)] lax@牛牛道心破碎军团(269418386) -> 确实听起来更通顺点
2023-09-30 21:08:48 V/Bot.2398493975: [獭獭没钱吃饭军团@🎤(887156367)] 獭獭ʕ❍ᴥ❍ʔ庆祝沙沙第一军团(1609323331) -> 亲被跳过了
2023-09-30 21:08:52 V/Bot.2398493975: [獭獭没钱吃饭军团@🎤(887156367)] 獭獭ʕ❍ᴥ❍ʔ庆祝沙沙第一军团(1609323331) -> [mirai:image:{172528EE-DEDE-5222-EAF3-B56D2D4A7150}.png, width=670, height=670, size=84374, type=JPG, isEmoji=true]
2023-09-30 21:09:21 V/Bot.2398493975: [獭獭没钱吃饭军团@🎤(887156367)] lax@牛牛道心破碎军团(269418386) -> 被跳过了听起来像上家亲以后就变成下家亲了一样
2023-09-30 21:15:15 V/Bot.2398493975: [SHT荔枝麻酱协会(493057481)] 由于四麻点数太小故转三麻和青天井的菜狗(1287996307) -> 妈的要打不过bot了
2023-09-30 21:15:37 I/UnidbgFetchQsign: Bot(2398493975) request_token, submit success
2023-09-30 21:15:37 V/Bot.2398493975: [SHT荔枝麻酱协会(493057481)] 大可奇丽(1485280964) -> 人家又不是真的bot
2023-09-30 21:15:41 V/Bot.2398493975: [SHT荔枝麻酱协会(493057481)] 由于四麻点数太小故转三麻和青天井的菜狗(1287996307) -> 确实
2023-09-30 21:17:09 V/Bot.2398493975: [SHT荔枝麻酱协会(493057481)] 由于四麻点数太小故转三麻和青天井的菜狗(1287996307) -> 飞了应该
2023-09-30 21:17:25 V/Bot.2398493975: [SHT荔枝麻酱协会(493057481)] 大可奇丽(1485280964) -> [mirai:image:{05A397C8-C539-3E8D-AAA8-100BD97E62E7}.jpg, width=174, height=198, size=2330, type=JPG, isEmoji=false]
2023-09-30 21:17:27 V/Bot.2398493975: [SHT荔枝麻酱协会(493057481)] 由于四麻点数太小故转三麻和青天井的菜狗(1287996307) -> 反正只要不进前三就没区别
2023-09-30 21:17:31 V/Bot.2398493975: [SHT荔枝麻酱协会(493057481)] 大可奇丽(1485280964) -> 别急 还没看到
2023-09-30 21:18:10 V/Bot.2398493975: [SHT荔枝麻酱协会(493057481)] M.S.梦芽(2286213114) -> [mirai:quote:[mirai:source:ids=[287330], internalIds=[-1637285896], from 1287996307 to 493057481 at 1696079847], content=<not yet initialized>][mirai:at:1287996307] 第四名有悬赏啊
2023-09-30 21:18:20 V/Bot.2398493975: [SHT荔枝麻酱协会(493057481)] 由于四麻点数太小故转三麻和青天井的菜狗(1287996307) -> 有啥悬赏
2023-09-30 21:18:26 V/Bot.2398493975: [SHT荔枝麻酱协会(493057481)] 由于四麻点数太小故转三麻和青天井的菜狗(1287996307) -> 哦
2023-09-30 21:18:41 V/Bot.2398493975: [SHT荔枝麻酱协会(493057481)] 由于四麻点数太小故转三麻和青天井的菜狗(1287996307) -> 对啊 那的确是 吃4 吃5 吃114 没区别
2023-09-30 21:19:31 V/Bot.2398493975: [SHT荔枝麻酱协会(493057481)] 由于四麻点数太小故转三麻和青天井的菜狗(1287996307) -> [mirai:image:{71081CCD-DBB7-D6E2-39FC-F9126EDD3AFA}.gif, width=214, height=161, size=486754, type=GIF, isEmoji=true]
2023-09-30 21:21:46 V/Bot.2398493975: [SHT荔枝麻酱协会(493057481)] 淡情余描未わ(1297471104) -> 本次胡萝卜杯2.5常规赛已经全部结束啦，感谢大家的参与~
2023-09-30 21:21:48 V/Bot.2398493975: [SHT荔枝麻酱协会(493057481)] 淡情余描未わ(1297471104) -> [mirai:image:{8EC3C09F-2427-D8BD-F405-9AA27B46E3B3}.jpg, width=401, height=622, size=70515, type=PNG, isEmoji=false]
2023-09-30 21:22:14 V/Bot.2398493975: [SHT荔枝麻酱协会(493057481)] 由于四麻点数太小故转三麻和青天井的菜狗(1287996307) -> ？？？？
2023-09-30 21:22:28 V/Bot.2398493975: [SHT荔枝麻酱协会(493057481)] 由于四麻点数太小故转三麻和青天井的菜狗(1287996307) -> 我靠 我被飞了怎么还能排第七
2023-09-30 21:22:40 V/Bot.2398493975: [SHT荔枝麻酱协会(493057481)] 冰水 麻将小怨妇(x(308217149) -> 可恶
2023-09-30 21:22:42 V/Bot.2398493975: [SHT荔枝麻酱协会(493057481)] 冰水 麻将小怨妇(x(308217149) -> 最后烂尾了
2023-09-30 21:22:47 V/Bot.2398493975: [SHT荔枝麻酱协会(493057481)] 冰水 麻将小怨妇(x(308217149) -> 我的五个一 呜呜
2023-09-30 21:22:51 V/Bot.2398493975: Event: MemberJoinEvent.Active(member=1070980757)
2023-09-30 21:23:19 V/Bot.2398493975: [SHT荔枝麻酱协会(493057481)] 淡情余描未わ(1297471104) -> [mirai:at:2286213114] [mirai:at:308217149] [mirai:at:1485280964] 三位明天晚上8点都有空吗？
2023-09-30 21:23:32 V/Bot.2398493975: [SHT荔枝麻酱协会(493057481)] 大可奇丽(1485280964) -> 可以
2023-09-30 21:23:39 V/Bot.2398493975: [SHT荔枝麻酱协会(493057481)] 大可奇丽(1485280964) -> 但是不在校
2023-09-30 21:23:41 V/Bot.2398493975: [SHT荔枝麻酱协会(493057481)] M.S.梦芽(2286213114) -> 可以
2023-09-30 21:23:43 V/Bot.2398493975: [SHT荔枝麻酱协会(493057481)] 淡情余描未わ(1297471104) -> 线上
2023-09-30 21:24:01 V/Bot.2398493975: [SHT荔枝麻酱协会(493057481)] 冰水 麻将小怨妇(x(308217149) -> 应该
2023-09-30 21:24:11 V/Bot.2398493975: [SHT荔枝麻酱协会(493057481)] 冰水 麻将小怨妇(x(308217149) -> 但是感觉要被暴打
2023-09-30 21:24:27 V/Bot.2398493975: [SHT荔枝麻酱协会(493057481)] 冰水 麻将小怨妇(x(308217149) -> 最后一把说明流势已经没有了）
2023-09-30 21:24:31 V/Bot.2398493975: [SHT荔枝麻酱协会(493057481)] 淡情余描未わ(1297471104) -> 到时候会在hlb直播间直播，所有的奖励将在赛事全部结束之后结算、
2023-09-30 21:24:45 V/Bot.2398493975: [SHT荔枝麻酱协会(493057481)] 大可奇丽(1485280964) -> [mirai:image:{438D2C5E-78DF-A426-20AA-8CFB76554B7E}.png, width=453, height=388, size=29121, type=PNG, isEmoji=true]
2023-09-30 21:25:07 V/Bot.2398493975: [SHT荔枝麻酱协会(493057481)] 冰水 麻将小怨妇(x(308217149) -> 明天的位次影响啥啊（）
2023-09-30 21:25:23 V/Bot.2398493975: [SHT荔枝麻酱协会(493057481)] M.S.梦芽(2286213114) -> 今天第一个半庄被冰水自摸自摸自摸
2023-09-30 21:25:35 V/Bot.2398493975: [SHT荔枝麻酱协会(493057481)] M.S.梦芽(2286213114) -> 压迫感拉满）
2023-09-30 21:26:04 V/Bot.2398493975: [SHT荔枝麻酱协会(493057481)] 淡情余描未わ(1297471104) -> 明天全部从零开始，三个半庄定胜负捏
2023-09-30 21:26:46 V/Bot.2398493975: [SHT荔枝麻酱协会(493057481)] 冰水 麻将小怨妇(x(308217149) -> 第二局就是铳了被摸和牌没和到
2023-09-30 21:27:19 V/Bot.2398493975: [SHT荔枝麻酱协会(493057481)] Hatsune(467091276) -> 今天第一个半庄被hlb自摸自摸自摸
2023-09-30 21:28:15 V/Bot.2398493975: [SHT荔枝麻酱协会(493057481)] Q7(953629160) -> [mirai:image:{E38671B4-592A-9A29-6272-23D0AEE31E25}.jpg, width=198, height=147, size=2477, type=JPG, isEmoji=true]
2023-09-30 21:33:20 V/Bot.2398493975: [SHT荔枝麻酱协会(493057481)] 淡情余描未わ(1297471104) -> 各位别忘了登记自己的倍满，三倍满和役满哈~
2023-09-30 21:33:57 V/Bot.2398493975: [SHT荔枝麻酱协会(493057481)] MEOW@獭獭bot(1609323331) -> 明天再说.jpg
2023-09-30 21:34:55 V/Bot.2398493975: [SHT荔枝麻酱协会(493057481)] 由于四麻点数太小故转三麻和青天井的菜狗(1287996307) -> 明天再说.jpg
2023-09-30 21:45:57 V/Bot.2398493975: [SHT荔枝麻酱协会(493057481)] 牙牙(1105692313) -> 明天再说.jpg
2023-09-30 21:48:41 V/Bot.2398493975: [SHT荔枝麻酱协会(493057481)] ライちゃん(392595084) -> 明天再说.jpg
2023-09-30 21:52:07 V/Bot.2398493975: [SHT荔枝麻酱协会(493057481)] 淡情余描未わ(1297471104) -> 明天再说.jpg
2023-09-30 21:55:38 I/UnidbgFetchQsign: Bot(2398493975) request_token, submit success
2023-09-30 21:58:07 V/Bot.2398493975: [SHT荔枝麻酱协会(493057481)] 寒意凉凉(2293528376) -> zz老师那个10番赏竟然还没人？
2023-09-30 21:58:20 V/Bot.2398493975: [SHT荔枝麻酱协会(493057481)] 寒意凉凉(2293528376) -> 没人我要了
2023-09-30 21:59:10 V/Bot.2398493975: [獭獭没钱吃饭军团@🎤(887156367)] 萝卜@萝卜軍団(690875992) -> [mirai:image:{4B253B96-B5CB-38A7-0A36-AAA26B3CA525}.jpg, width=576, height=1280, size=42650, type=JPG, isEmoji=false]
2023-09-30 21:59:20 V/Bot.2398493975: [獭獭没钱吃饭军团@🎤(887156367)] 萝卜@萝卜軍団(690875992) -> 立直！
2023-09-30 21:59:54 V/Bot.2398493975: [獭獭没钱吃饭军团@🎤(887156367)] 獭獭ʕ❍ᴥ❍ʔ庆祝沙沙第一军团(1609323331) -> [mirai:image:{E04F6515-4D36-52F5-61B2-19A5B0787727}.png, width=690, height=690, size=36309, type=JPG, isEmoji=true]
2023-09-30 22:01:23 V/Bot.2398493975: [SHT荔枝麻酱协会(493057481)] 寒意凉凉(2293528376) -> 找谁报？
2023-09-30 22:02:24 V/Bot.2398493975: [SHT荔枝麻酱协会(493057481)] MEOW@獭獭bot(1609323331) -> 填表格
2023-09-30 22:02:51 V/Bot.2398493975: [SHT荔枝麻酱协会(493057481)] 寒意凉凉(2293528376) -> 直接填？
2023-09-30 22:02:55 V/Bot.2398493975: [SHT荔枝麻酱协会(493057481)] MEOW@獭獭bot(1609323331) -> 之后一起统计
2023-09-30 22:02:56 V/Bot.2398493975: [SHT荔枝麻酱协会(493057481)] MEOW@獭獭bot(1609323331) -> 对
2023-09-30 22:03:12 V/Bot.2398493975: [SHT荔枝麻酱协会(493057481)] MEOW@獭獭bot(1609323331) -> 最好把牌谱链接带上捏
2023-09-30 22:05:38 V/Bot.2398493975: [test(389193066)] 时雨(1609323331) -> ！被吃
2023-09-30 22:05:39 V/Bot.2398493975: Group(389193066) <- 昵称：你怎么知道我魔理沙人气投票第一了ʕ❍ᴥ❍？
段位：4级
rate：1396.47
近期顺位：1413442232
更多数据请访问：http://shanghaitech-mahjong.top/userid/1609323331
2023-09-30 22:10:08 V/Bot.2398493975: [SHT荔枝麻酱协会(493057481)] 寒意凉凉(2293528376) -> [mirai:at:1609323331] 报菜名的平分怎么填？
2023-09-30 22:10:45 V/Bot.2398493975: [SHT荔枝麻酱协会(493057481)] MEOW@獭獭bot(1609323331) -> 填后面一格吧
2023-09-30 22:18:54 V/Bot.2398493975: [SHT荔枝麻酱协会(493057481)] zz(771507043) -> 27100
2023-09-30 22:19:00 V/Bot.2398493975: [SHT荔枝麻酱协会(493057481)] 1st(576851388) -> 17400
2023-09-30 22:19:05 V/Bot.2398493975: [SHT荔枝麻酱协会(493057481)] 只困君(768173212) -> 53500
2023-09-30 22:19:17 V/Bot.2398493975: [SHT荔枝麻酱协会(493057481)] naf2021(3469392519) -> wc
2023-09-30 22:19:22 V/Bot.2398493975: [SHT荔枝麻酱协会(493057481)] naf2021(3469392519) -> 给我留个风
2023-09-30 22:19:23 V/Bot.2398493975: [SHT荔枝麻酱协会(493057481)] hzc(2384102753) -> 2000
2023-09-30 22:19:24 V/Bot.2398493975: [SHT荔枝麻酱协会(493057481)] naf2021(3469392519) -> 马上到
2023-09-30 22:19:24 V/Bot.2398493975: Group(493057481) <- 记录成功：
只困君: 53500
zz: 27100
1st: 17400
hzc: 2000
2023-09-30 22:20:18 V/Bot.2398493975: [SHT荔枝麻酱协会(493057481)] naf2021(3469392519) -> 拒绝小团体（x）
2023-09-30 22:20:28 V/Bot.2398493975: [SHT荔枝麻酱协会(493057481)] naf2021(3469392519) -> [mirai:image:{18A02FDB-A558-4AF4-E0AB-07FF52015109}.jpg, width=74, height=71, size=2742, type=JPG, isEmoji=true]
2023-09-30 22:20:33 V/Bot.2398493975: [獭獭没钱吃饭军团@🎤(887156367)] 獭獭ʕ❍ᴥ❍ʔ庆祝沙沙第一军团(1609323331) -> 逆天动画[mirai:image:{4F3E0A66-FFF2-4F42-1921-1545AD12B65A}.png, width=1125, height=633, size=224042, type=JPG, isEmoji=false]
2023-09-30 22:20:37 V/Bot.2398493975: [SHT荔枝麻酱协会(493057481)] 只困君(768173212) -> [mirai:image:{EE26CDF7-BFD4-C133-AA11-F86288E8CCC8}.png, width=484, height=336, size=45801, type=JPG, isEmoji=true]
2023-09-30 22:20:40 V/Bot.2398493975: [SHT荔枝麻酱协会(493057481)] 只困君(768173212) -> 可是
2023-09-30 22:20:45 V/Bot.2398493975: [SHT荔枝麻酱协会(493057481)] 只困君(768173212) -> 剩下了一个白（
2023-09-30 22:21:59 V/Bot.2398493975: [SHT荔枝麻酱协会(493057481)] naf2021(3469392519) -> [mirai:image:{76209C17-37E7-884A-7024-4AED3FA5DDA0}.jpg, width=90, height=86, size=6134, type=JPG, isEmoji=true]
2023-09-30 22:23:10 V/Bot.2398493975: [SHT荔枝麻酱协会(493057481)] 冰水 麻将小怨妇(x(308217149) -> 现在那边的情况？
2023-09-30 22:23:13 V/Bot.2398493975: [SHT荔枝麻酱协会(493057481)] 冰水 麻将小怨妇(x(308217149) -> mc的头晕
2023-09-30 22:24:13 V/Bot.2398493975: [獭獭没钱吃饭军团@🎤(887156367)] 獭獭ʕ❍ᴥ❍ʔ庆祝沙沙第一军团(1609323331) -> 什么时候变成ll48
2023-09-30 22:24:44 V/Bot.2398493975: [SHT荔枝麻酱协会(493057481)] naf2021(3469392519) -> 5=3
2023-09-30 22:24:49 V/Bot.2398493975: [SHT荔枝麻酱协会(493057481)] naf2021(3469392519) -> [mirai:image:{6FE6E530-A0A5-DEA9-9B47-7240DB836B3C}.jpg, width=64, height=54, size=1091, type=JPG, isEmoji=true]
2023-09-30 22:35:14 V/Bot.2398493975: [SHT荔枝麻酱协会(493057481)] 只困君(768173212) -> 25000
2023-09-30 22:35:25 V/Bot.2398493975: [SHT荔枝麻酱协会(493057481)] 淡情余描未わ(1297471104) -> ？
2023-09-30 22:35:26 V/Bot.2398493975: [SHT荔枝麻酱协会(493057481)] zz(771507043) -> -5200
2023-09-30 22:35:31 V/Bot.2398493975: [SHT荔枝麻酱协会(493057481)] 布莱克提(690875992) -> ？
2023-09-30 22:35:37 V/Bot.2398493975: [SHT荔枝麻酱协会(493057481)] 冰水 麻将小怨妇(x(308217149) -> ？
2023-09-30 22:35:44 I/UnidbgFetchQsign: Bot(2398493975) request_token, submit success
2023-09-30 22:35:56 V/Bot.2398493975: [SHT荔枝麻酱协会(493057481)] 1st(576851388) -> 25000
2023-09-30 22:36:08 V/Bot.2398493975: [SHT荔枝麻酱协会(493057481)] hzc(2384102753) -> 55200
2023-09-30 22:36:09 V/Bot.2398493975: Group(493057481) <- 记录成功：
hzc: 55200
只困君: 25000
1st: 25000
zz: -5200
2023-09-30 22:36:32 V/Bot.2398493975: [SHT荔枝麻酱协会(493057481)] 布莱克提(690875992) -> ？
2023-09-30 22:36:58 V/Bot.2398493975: [SHT荔枝麻酱协会(493057481)] 布莱克提(690875992) -> 30200
2023-09-30 22:37:02 V/Bot.2398493975: [SHT荔枝麻酱协会(493057481)] 淡情余描未わ(1297471104) -> 啊？
2023-09-30 22:37:06 V/Bot.2398493975: [SHT荔枝麻酱协会(493057481)] 布莱克提(690875992) -> 怎么做到的
2023-09-30 22:39:35 V/Bot.2398493975: [SHT荔枝麻酱协会(493057481)] 优雅猛牛(695150175) -> 32000
2023-09-30 22:39:39 V/Bot.2398493975: [SHT荔枝麻酱协会(493057481)] 优雅猛牛(695150175) -> 挪一下
2023-09-30 22:39:43 V/Bot.2398493975: [SHT荔枝麻酱协会(493057481)] 优雅猛牛(695150175) -> 就做到了
2023-09-30 22:40:44 V/Bot.2398493975: [SHT荔枝麻酱协会(493057481)] 冰水 麻将小怨妇(x(308217149) -> 一刻也没有为zz的飞哀悼，立刻加入牌桌的是 naf2021
2023-09-30 22:40:56 V/Bot.2398493975: [SHT荔枝麻酱协会(493057481)] naf2021(3469392519) -> 呜呜呜
2023-09-30 22:41:02 V/Bot.2398493975: [SHT荔枝麻酱协会(493057481)] Twilight(1014197424) -> 一刻也没有为zz的飞哀悼，立刻加入牌桌的是 naf2021
2023-09-30 22:41:12 V/Bot.2398493975: [SHT荔枝麻酱协会(493057481)] 只困君(768173212) -> 笑死
2023-09-30 22:41:21 V/Bot.2398493975: [SHT荔枝麻酱协会(493057481)] 只困君(768173212) -> naf被牙牙截了
2023-09-30 22:41:40 V/Bot.2398493975: [SHT荔枝麻酱协会(493057481)] 冰水 麻将小怨妇(x(308217149) -> 草
2023-09-30 22:42:01 V/Bot.2398493975: [SHT荔枝麻酱协会(493057481)] 只困君(768173212) -> 一刻也没有为naf2021的抽白而哀悼，立刻加入牌桌的是 牙牙
2023-09-30 22:42:10 V/Bot.2398493975: [SHT荔枝麻酱协会(493057481)] 冰水 麻将小怨妇(x(308217149) -> 一刻也没有为naf的抽白
2023-09-30 22:42:15 V/Bot.2398493975: [SHT荔枝麻酱协会(493057481)] 冰水 麻将小怨妇(x(308217149) -> 啧 打到一半被抢了
2023-09-30 22:42:47 V/Bot.2398493975: [SHT荔枝麻酱协会(493057481)] Twilight(1014197424) -> 草
2023-09-30 22:58:16 V/Bot.2398493975: [SHT荔枝麻酱协会(493057481)] ライちゃん(392595084) -> 草
2023-09-30 23:10:32 V/Bot.2398493975: [SHT荔枝麻酱协会(493057481)] 大可奇丽(1485280964) -> 草
2023-09-30 23:15:45 I/UnidbgFetchQsign: Bot(2398493975) request_token, submit success
2023-09-30 23:24:42 V/Bot.2398493975: [SHT荔枝麻酱协会(493057481)] 千梦(449603499) -> 悲报：刚刚睡着了
2023-09-30 23:25:13 V/Bot.2398493975: [SHT荔枝麻酱协会(493057481)] 千梦(449603499) -> [mirai:image:{D881D90D-9312-5111-1B52-F4D219AE1C03}.jpg, width=188, height=188, size=67642, type=GIF, isEmoji=true]
2023-09-30 23:27:08 V/Bot.2398493975: [SHT荔枝麻酱协会(493057481)] 冰水 麻将小怨妇(x(308217149) -> 【突发新闻】2023年9月30日晚上11点24分，SHT荔枝麻酱协会活跃群友，Cosplay打麻将第一人，千千千梦二号机，在床上睁开了眼，发现自己错过了晚上的麻将活动。
2023-09-30 23:30:24 V/Bot.2398493975: [SHT荔枝麻酱协会(493057481)] 布莱克提(690875992) -> 一号机呢
2023-09-30 23:30:50 V/Bot.2398493975: [SHT荔枝麻酱协会(493057481)] 隔壁老王(297234073) -> 一号机僚机
2023-09-30 23:31:32 V/Bot.2398493975: [SHT荔枝麻酱协会(493057481)] MEOW@獭獭bot(1609323331) -> [mirai:image:{579EE39F-8E5B-B0CE-7C84-FD1B6BC3FB54}.png, width=360, height=360, size=703032, type=GIF, isEmoji=true]
2023-09-30 23:31:32 V/Bot.2398493975: [SHT荔枝麻酱协会(493057481)] naf2021(3469392519) -> 一号机被锁了（x）
2023-09-30 23:34:11 V/Bot.2398493975: [SHT荔枝麻酱协会(493057481)] naf2021(3469392519) -> ！查查我的
2023-09-30 23:34:12 V/Bot.2398493975: Group(493057481) <- 昵称：naf2021
段位：2级
rate：1534.21
近期顺位：2343333142
更多数据请访问：http://shanghaitech-mahjong.top/userid/3469392519
2023-09-30 23:55:44 V/Bot.2398493975: [SHT荔枝麻酱协会(493057481)] 牙牙(1105692313) -> 27100
2023-09-30 23:55:45 I/UnidbgFetchQsign: Bot(2398493975) request_token, submit success
2023-09-30 23:55:49 V/Bot.2398493975: [SHT荔枝麻酱协会(493057481)] zz(771507043) -> 41700
2023-09-30 23:55:50 V/Bot.2398493975: Group(493057481) <- 点数有误，总和不为100000！
2023-09-30 23:56:00 V/Bot.2398493975: [SHT荔枝麻酱协会(493057481)] hzc(2384102753) -> 14000
2023-09-30 23:56:04 V/Bot.2398493975: [SHT荔枝麻酱协会(493057481)] 只困君(768173212) -> 17200
2023-09-30 23:56:10 V/Bot.2398493975: [SHT荔枝麻酱协会(493057481)] 只困君(768173212) -> 取消
2023-09-30 23:56:12 V/Bot.2398493975: Group(493057481) <- 取消成功，请重新输入点数
2023-09-30 23:56:15 V/Bot.2398493975: [SHT荔枝麻酱协会(493057481)] 只困君(768173212) -> 17200
2023-09-30 23:56:16 V/Bot.2398493975: [SHT荔枝麻酱协会(493057481)] 牙牙(1105692313) -> 27100
2023-09-30 23:56:31 V/Bot.2398493975: [SHT荔枝麻酱协会(493057481)] zz(771507043) -> 41700
2023-09-30 23:56:53 V/Bot.2398493975: [SHT荔枝麻酱协会(493057481)] hzc(2384102753) -> 14000
2023-09-30 23:56:54 V/Bot.2398493975: Group(493057481) <- 记录成功：
zz: 41700
牙牙: 27100
只困君: 17200
hzc: 14000
