2023-10-12 00:00:24 V/Bot.2398493975: [没有獭獭军团@吃啥(887156367)] 冰水@不会反身跳军团(308217149) -> [mirai:image:{4A70FF39-EED5-16CE-E3D3-11414580ED37}.png, width=2545, height=1213, size=2074118, type=PNG, isEmoji=false]自己在火星刷出来自己窒息死的女仆.jpg
2023-10-12 00:02:50 V/Bot.2398493975: [没有獭獭军团@吃啥(887156367)] 獭獭锤子大鸽@被獭獭军团开除(963423936) -> [不支持的消息#142146536][mirai:image:{EBA498D9-09A4-C513-613E-30A7E6EA054A}.jpg, width=223, height=196, size=179578, type=GIF, isEmoji=true]
2023-10-12 00:12:15 I/UnidbgFetchQsign: Bot(2398493975) request_token, submit success
2023-10-12 00:27:42 V/Bot.2398493975: [SHT荔枝麻酱协会(493057481)] 卡农变奏(530079804) -> 30800
2023-10-12 00:28:17 V/Bot.2398493975: [SHT荔枝麻酱协会(493057481)] 4000all！(1846411487) -> 14300
2023-10-12 00:28:37 V/Bot.2398493975: [SHT荔枝麻酱协会(493057481)] 娜可露露yyds(994836613) -> 3700
2023-10-12 00:28:38 V/Bot.2398493975: [SHT荔枝麻酱协会(493057481)] 4000all！(1846411487) -> [mirai:at:1685448924] 51200
2023-10-12 00:28:39 V/Bot.2398493975: Group(493057481) <- 记录成功：
风行: 51200
卡农变奏: 30800
4000all！: 14300
娜可露露yyds: 3700
2023-10-12 00:48:52 V/Bot.2398493975: [没有獭獭军团@吃啥(887156367)] 冰水@不会反身跳军团(308217149) -> [mirai:image:{437F0DAF-BFCB-104C-6931-A2A2ABD25FDF}.png, width=1872, height=1225, size=1422642, type=PNG, isEmoji=false]闪击外星完成.jpg
2023-10-12 00:52:21 I/UnidbgFetchQsign: Bot(2398493975) request_token, submit success
2023-10-12 01:07:42 V/Bot.2398493975: [没有獭獭军团@吃啥(887156367)] 萝卜@萝卜軍団(690875992) -> [mirai:image:{A0BDD3AB-52E6-6176-625B-DE9CE9745970}.jpg, width=576, height=1280, size=38898, type=JPG, isEmoji=false]
2023-10-12 01:07:49 V/Bot.2398493975: [没有獭獭军团@吃啥(887156367)] 萝卜@萝卜軍団(690875992) -> 绕口令大师
2023-10-12 01:08:03 V/Bot.2398493975: [没有獭獭军团@吃啥(887156367)] 萝卜@萝卜軍団(690875992) -> 电脑读绕口令太搞了
2023-10-12 01:08:42 V/Bot.2398493975: [没有獭獭军团@吃啥(887156367)] 獭獭ʕ❍ᴥ❍ʔ没有獭獭军团(1609323331) -> [mirai:image:{87EEFC8B-C429-BFE4-DAFE-240D508AABCB}.png, width=368, height=288, size=183490, type=GIF, isEmoji=false]
2023-10-12 01:09:48 V/Bot.2398493975: [没有獭獭军团@吃啥(887156367)] 萝卜@萝卜軍団(690875992) -> スモモも桃ももものうち
2023-10-12 01:17:18 V/Bot.2398493975: [没有獭獭军团@吃啥(887156367)] 獭獭ʕ❍ᴥ❍ʔ没有獭獭军团(1609323331) -> 苏摸摸摸摸摸摸摸摸no武器
2023-10-12 01:18:46 V/Bot.2398493975: [没有獭獭军团@吃啥(887156367)] 萝卜@萝卜軍団(690875992) -> [mirai:audio:DBD8A72A070BB4D3D51E130D3A88ACD9.amr]
2023-10-12 01:18:48 V/Bot.2398493975: [没有獭獭军团@吃啥(887156367)] 萝卜@萝卜軍団(690875992) -> [mirai:image:{BAB3993A-84F6-D054-AE14-915ADDC7B956}.gif, width=370, height=300, size=18856, type=GIF, isEmoji=true]
2023-10-12 01:20:06 V/Bot.2398493975: [没有獭獭军团@吃啥(887156367)] 獭獭ʕ❍ᴥ❍ʔ没有獭獭军团(1609323331) -> [mirai:image:{BAB3993A-84F6-D054-AE14-915ADDC7B956}.gif, width=370, height=300, size=18856, type=GIF, isEmoji=true]
2023-10-12 01:24:14 V/Bot.2398493975: [没有獭獭军团@吃啥(887156367)] 萝卜@萝卜軍団(690875992) -> 其实多了一个摸好像
2023-10-12 01:25:11 V/Bot.2398493975: [没有獭獭军团@吃啥(887156367)] 獭獭ʕ❍ᴥ❍ʔ没有獭獭军团(1609323331) -> [mirai:image:{BFB2D157-F4E1-06E9-E3B5-3E89BFFE56A1}.png, width=241, height=129, size=20199, type=PNG, isEmoji=false]
2023-10-12 01:32:22 I/UnidbgFetchQsign: Bot(2398493975) request_token, submit success
2023-10-12 01:58:36 V/Bot.2398493975: [没有獭獭军团@吃啥(887156367)] Freeze_Kirin@自己开除自己(768173212) -> [mirai:image:{DCD26883-43F4-75A8-7264-148CC892F1B9}.png, width=1290, height=2796, size=315348, type=JPG, isEmoji=false]
2023-10-12 01:58:45 V/Bot.2398493975: [没有獭獭军团@吃啥(887156367)] Freeze_Kirin@自己开除自己(768173212) -> 气球和头一样大了
2023-10-12 01:58:47 V/Bot.2398493975: [没有獭獭军团@吃啥(887156367)] Freeze_Kirin@自己开除自己(768173212) -> [mirai:image:{B1416912-C911-EEB2-5EE4-EE03AC0B54CF}.png, width=128, height=103, size=48314, type=GIF, isEmoji=true]
2023-10-12 02:00:27 V/Bot.2398493975: [没有獭獭军团@吃啥(887156367)] Freeze_Kirin@自己开除自己(768173212) -> [mirai:image:{03464FFB-2721-D0B3-C447-E6FAF659A7A5}.png, width=1290, height=2796, size=351975, type=JPG, isEmoji=false]
2023-10-12 02:00:39 V/Bot.2398493975: [没有獭獭军团@吃啥(887156367)] Freeze_Kirin@自己开除自己(768173212) -> 。
2023-10-12 02:12:22 I/UnidbgFetchQsign: Bot(2398493975) request_token, submit success
2023-10-12 02:40:16 V/Bot.2398493975: [没有獭獭军团@吃啥(887156367)] 哭哭Excel@被獭獭军团开除6次(472247053) -> [mirai:image:{B1416912-C911-EEB2-5EE4-EE03AC0B54CF}.png, width=128, height=103, size=48314, type=GIF, isEmoji=false]
2023-10-12 02:52:28 I/UnidbgFetchQsign: Bot(2398493975) request_token, submit success
2023-10-12 03:32:29 I/UnidbgFetchQsign: Bot(2398493975) request_token, submit success
2023-10-12 04:12:30 I/UnidbgFetchQsign: Bot(2398493975) request_token, submit success
2023-10-12 04:52:36 I/UnidbgFetchQsign: Bot(2398493975) request_token, submit success
2023-10-12 05:32:36 I/UnidbgFetchQsign: Bot(2398493975) request_token, submit success
2023-10-12 06:12:37 I/UnidbgFetchQsign: Bot(2398493975) request_token, submit success
2023-10-12 06:52:43 I/UnidbgFetchQsign: Bot(2398493975) request_token, submit success
2023-10-12 07:32:44 I/UnidbgFetchQsign: Bot(2398493975) request_token, submit success
2023-10-12 08:12:45 I/UnidbgFetchQsign: Bot(2398493975) request_token, submit success
2023-10-12 08:52:51 I/UnidbgFetchQsign: Bot(2398493975) request_token, submit success
2023-10-12 08:59:22 V/Bot.2398493975: [没有獭獭军团@吃啥(887156367)] lax@牛牛道心破碎军团(269418386) -> hlb该换到次锋了
2023-10-12 08:59:56 V/Bot.2398493975: [没有獭獭军团@吃啥(887156367)] naf@獭獭军团(3469392519) -> hlb只能副将（x）
2023-10-12 09:00:53 V/Bot.2398493975: [没有獭獭军团@吃啥(887156367)] lax@牛牛道心破碎军团(269418386) -> 你是谁
2023-10-12 09:01:04 V/Bot.2398493975: [没有獭獭军团@吃啥(887156367)] naf@獭獭军团(3469392519) -> [mirai:image:{F3FD360C-DF21-E761-7C94-89BBF2723614}.jpg, width=66, height=66, size=1566, type=JPG, isEmoji=true]
2023-10-12 09:01:06 V/Bot.2398493975: [没有獭獭军团@吃啥(887156367)] naf@獭獭军团(3469392519) -> 萌新
2023-10-12 09:01:45 V/Bot.2398493975: [没有獭獭军团@吃啥(887156367)] lax@牛牛道心破碎军团(269418386) -> [mirai:image:{9A27A4BA-C419-5BA1-B752-59E3C9667508}.jpg, width=975, height=975, size=87357, type=JPG, isEmoji=true]
2023-10-12 09:02:53 V/Bot.2398493975: [没有獭獭军团@吃啥(887156367)] naf@獭獭军团(3469392519) -> 我是hzc-0.5zz
2023-10-12 09:02:57 V/Bot.2398493975: [没有獭獭军团@吃啥(887156367)] naf@獭獭军团(3469392519) -> [mirai:image:{43CF5E2E-9277-1C9B-79EB-FA86E5665C9D}.jpg, width=160, height=149, size=2742, type=JPG, isEmoji=true]
2023-10-12 09:03:24 V/Bot.2398493975: [没有獭獭军团@吃啥(887156367)] lax@牛牛道心破碎军团(269418386) -> 但是hzc=0.5zz
2023-10-12 09:27:10 V/Bot.2398493975: [没有獭獭军团@吃啥(887156367)] Freeze_Kirin@自己开除自己(768173212) -> 好困
2023-10-12 09:27:48 V/Bot.2398493975: [没有獭獭军团@吃啥(887156367)] Freeze_Kirin@自己开除自己(768173212) -> 周六为什么要上班
2023-10-12 09:29:30 V/Bot.2398493975: [没有獭獭军团@吃啥(887156367)] Freeze_Kirin@自己开除自己(768173212) -> [mirai:image:{ADE6C5DE-3630-957D-393B-F83616FBC967}.png, width=1044, height=355, size=22894, type=JPG, isEmoji=false]
2023-10-12 09:29:43 V/Bot.2398493975: [没有獭獭军团@吃啥(887156367)] Freeze_Kirin@自己开除自己(768173212) -> 果然起猛了，我还在做梦
2023-10-12 09:29:47 V/Bot.2398493975: [没有獭獭军团@吃啥(887156367)] lax@牛牛道心破碎军团(269418386) -> [mirai:image:{0B708D90-D8D5-1A1D-88CE-7BD18B54A24B}.jpg, width=1920, height=1200, size=233679, type=JPG, isEmoji=true]
2023-10-12 09:30:11 V/Bot.2398493975: [没有獭獭军团@吃啥(887156367)] lax@牛牛道心破碎军团(269418386) -> 打自己一拳
2023-10-12 09:30:33 V/Bot.2398493975: [没有獭獭军团@吃啥(887156367)] naf@獭獭军团(3469392519) -> [mirai:image:{F043F33F-CB34-7B8A-082D-D96257C20C2D}.jpg, width=66, height=55, size=872, type=JPG, isEmoji=true]
2023-10-12 09:30:41 V/Bot.2398493975: [SHT荔枝麻酱协会(493057481)] 牙牙(1105692313) -> !jrrp
2023-10-12 09:30:42 V/Bot.2398493975: Group(493057481) <- 今日人品：吉
今日适宜役种：役牌
(为防止刷屏，一日内不可多次查询哦！)
2023-10-12 09:31:52 V/Bot.2398493975: [没有獭獭军团@吃啥(887156367)] lax@牛牛道心破碎军团(269418386) -> 事出反常必有妖
2023-10-12 09:32:52 I/UnidbgFetchQsign: Bot(2398493975) request_token, submit success
2023-10-12 09:40:35 I/Bot.2398493975: Saved account secrets to local cache for fast login.
2023-10-12 09:41:02 V/Bot.2398493975: [SHT荔枝麻酱协会(493057481)] Ares(2304847556) -> !jrrp
2023-10-12 09:41:03 V/Bot.2398493975: Group(493057481) <- 今日人品：大吉
今日适宜役种：四暗刻单骑
(为防止刷屏，一日内不可多次查询哦！)
2023-10-12 09:46:07 V/Bot.2398493975: [SHT荔枝麻酱协会(493057481)] N！T！R！！！(269418386) -> [mirai:image:{1EF14B12-76B6-CB30-4904-255AEAD04708}.jpg, width=1008, height=786, size=78413, type=JPG, isEmoji=false]
2023-10-12 09:46:34 V/Bot.2398493975: [SHT荔枝麻酱协会(493057481)] 风行(1685448924) -> ？？？
2023-10-12 09:49:36 V/Bot.2398493975: [SHT荔枝麻酱协会(493057481)] PULL THEM TO THEIR GRAVE !(522166330) -> ？？？
2023-10-12 09:58:21 V/Bot.2398493975: [SHT荔枝麻酱协会(493057481)] 安邦定国(443127105) -> 这不就是汪汪录经典？[暗中观察]
2023-10-12 10:12:52 I/UnidbgFetchQsign: Bot(2398493975) request_token, submit success
2023-10-12 10:14:03 V/Bot.2398493975: [没有獭獭军团@吃啥(887156367)] 冰水@不会反身跳军团(308217149) -> 服务器关了？
2023-10-12 10:14:17 V/Bot.2398493975: [没有獭獭军团@吃啥(887156367)] 冰水@不会反身跳军团(308217149) -> 上课想上去摸鱼.jpg
2023-10-12 10:14:38 V/Bot.2398493975: [没有獭獭军团@吃啥(887156367)] Freeze_Kirin@自己开除自己(768173212) -> ？
2023-10-12 10:31:35 V/Bot.2398493975: [没有獭獭军团@吃啥(887156367)] 獭獭ʕ❍ᴥ❍ʔ没有獭獭军团(1609323331) -> [mirai:image:{7353CC2F-4CE3-B98B-42A6-E1B0C7EFAA86}.png, width=370, height=300, size=62061, type=GIF, isEmoji=true]
2023-10-12 10:52:58 I/UnidbgFetchQsign: Bot(2398493975) request_token, submit success
2023-10-12 11:11:26 V/Bot.2398493975: [SHT荔枝麻酱协会(493057481)] 4000all！(1846411487) -> 今天的汪汪录格外逆天
2023-10-12 11:17:13 V/Bot.2398493975: [没有獭獭军团@吃啥(887156367)] lax@牛牛道心破碎军团(269418386) -> 昨晚突然感觉肩胛骨之间的肌肉很酸痛
2023-10-12 11:28:01 V/Bot.2398493975: [没有獭獭军团@吃啥(887156367)] 獭獭ʕ❍ᴥ❍ʔ没有獭獭军团(1609323331) -> [mirai:image:{66CF8C06-306D-0520-89F3-976D6E7449C7}.png, width=366, height=300, size=48380, type=GIF, isEmoji=false]
2023-10-12 11:30:16 V/Bot.2398493975: [没有獭獭军团@吃啥(887156367)] Freeze_Kirin@自己开除自己(768173212) -> 上班上的
2023-10-12 11:30:33 V/Bot.2398493975: [没有獭獭军团@吃啥(887156367)] Freeze_Kirin@自己开除自己(768173212) -> 电脑前坐久了
2023-10-12 11:30:55 V/Bot.2398493975: [没有獭獭军团@吃啥(887156367)] lax@牛牛道心破碎军团(269418386) -> 有解决办法吗
2023-10-12 11:31:40 V/Bot.2398493975: [没有獭獭军团@吃啥(887156367)] Freeze_Kirin@自己开除自己(768173212) -> 我也不到啊（）
2023-10-12 11:32:10 V/Bot.2398493975: [没有獭獭军团@吃啥(887156367)] Freeze_Kirin@自己开除自己(768173212) -> 肩膀疼的时候我都直接床上一躺（）
2023-10-12 11:32:33 V/Bot.2398493975: [没有獭獭军团@吃啥(887156367)] lax@牛牛道心破碎军团(269418386) -> [mirai:image:{F2699F43-0E8C-0B1C-F9A7-E2707B46BA46}.jpg, width=482, height=438, size=28781, type=JPG, isEmoji=true]
2023-10-12 11:32:58 V/Bot.2398493975: [没有獭獭军团@吃啥(887156367)] lax@牛牛道心破碎军团(269418386) -> 想躺床
2023-10-12 11:32:59 I/UnidbgFetchQsign: Bot(2398493975) request_token, submit success
2023-10-12 11:34:18 V/Bot.2398493975: [没有獭獭军团@吃啥(887156367)] 獭獭ʕ❍ᴥ❍ʔ没有獭獭军团(1609323331) -> [mirai:image:{34CEE7F4-8E2C-F933-4620-9EF6A40D3990}.png, width=300, height=244, size=13266, type=JPG, isEmoji=true]
2023-10-12 11:40:42 V/Bot.2398493975: [SHT荔枝麻酱协会(493057481)] N！T！R！！！(269418386) -> [mirai:image:{9BDEE7D0-566E-6FAD-3C88-653F63DEF7DF}.jpg, width=1920, height=886, size=289995, type=JPG, isEmoji=false]
2023-10-12 11:40:51 V/Bot.2398493975: [SHT荔枝麻酱协会(493057481)] N！T！R！！！(269418386) -> 一个紫礼物
2023-10-12 11:40:55 V/Bot.2398493975: [SHT荔枝麻酱协会(493057481)] MEOW@獭獭bot(1609323331) -> [mirai:image:{AFC6E4DA-4B8F-DE2C-C933-606D21498AA0}.png, width=324, height=300, size=62607, type=GIF, isEmoji=true]
2023-10-12 11:41:06 V/Bot.2398493975: [SHT荔枝麻酱协会(493057481)] naf2021(3469392519) -> [mirai:image:{26900E72-0867-6B58-E440-6951DDD04D28}.jpg, width=98, height=104, size=2304, type=JPG, isEmoji=true]
2023-10-12 11:44:52 V/Bot.2398493975: [没有獭獭军团@吃啥(887156367)] 獭獭ʕ❍ᴥ❍ʔ没有獭獭军团(1609323331) -> 高木同学完结了？
2023-10-12 11:46:37 V/Bot.2398493975: [没有獭獭军团@吃啥(887156367)] naf@獭獭军团(3469392519) -> [mirai:image:{4067E5C8-C236-9A28-1FF2-CC04A886B744}.jpg, width=100, height=100, size=7846, type=GIF, isEmoji=true]
2023-10-12 11:46:38 V/Bot.2398493975: [没有獭獭军团@吃啥(887156367)] naf@獭獭军团(3469392519) -> 话说有人想看吗？[mirai:image:{60CCF5B8-79C1-EA16-A338-2C22712D9D05}.jpg, width=886, height=1920, size=182126, type=JPG, isEmoji=false]
2023-10-12 11:47:11 V/Bot.2398493975: [没有獭獭军团@吃啥(887156367)] 獭獭ʕ❍ᴥ❍ʔ没有獭獭军团(1609323331) -> 没听过这个
2023-10-12 11:47:14 V/Bot.2398493975: [没有獭獭军团@吃啥(887156367)] 獭獭ʕ❍ᴥ❍ʔ没有獭獭军团(1609323331) -> [mirai:image:{A3C56810-0293-8086-658D-531E0E0B1790}.png, width=512, height=512, size=129498, type=GIF, isEmoji=true]
2023-10-12 11:48:18 V/Bot.2398493975: [没有獭獭军团@吃啥(887156367)] 优雅猛牛(695150175) -> 恋如雨止？
2023-10-12 11:48:24 V/Bot.2398493975: [没有獭獭军团@吃啥(887156367)] naf@獭獭军团(3469392519) -> 中文翻译应该是“恋如雨止”，这个是台版的
2023-10-12 11:48:43 V/Bot.2398493975: [没有獭獭军团@吃啥(887156367)] 优雅猛牛(695150175) -> 这个还挺好看的就是了
2023-10-12 11:48:44 V/Bot.2398493975: [没有獭獭军团@吃啥(887156367)] 优雅猛牛(695150175) -> 哈哈哈
2023-10-12 11:48:50 V/Bot.2398493975: [没有獭獭军团@吃啥(887156367)] 獭獭ʕ❍ᴥ❍ʔ没有獭獭军团(1609323331) -> 那听说过了
2023-10-12 11:48:52 V/Bot.2398493975: [没有獭獭军团@吃啥(887156367)] 獭獭ʕ❍ᴥ❍ʔ没有獭獭军团(1609323331) -> [mirai:image:{C6D98AA9-4CE0-28B7-32EF-B076899EA836}.png, width=308, height=300, size=72185, type=GIF, isEmoji=true]
2023-10-12 11:50:24 V/Bot.2398493975: [没有獭獭军团@吃啥(887156367)] Freeze_Kirin@自己开除自己(768173212) -> 在食堂抓到一个打肉哥的冰子
2023-10-12 11:52:45 V/Bot.2398493975: [没有獭獭军团@吃啥(887156367)] 冰水@不会反身跳军团(308217149) -> 草
2023-10-12 11:53:16 V/Bot.2398493975: [没有獭獭军团@吃啥(887156367)] 獭獭锤子大鸽@被獭獭军团开除(963423936) -> [mirai:image:{955EC380-A468-054B-5B08-20E8D4D1DAF5}.png, width=480, height=480, size=226395, type=GIF, isEmoji=true]
2023-10-12 11:56:40 V/Bot.2398493975: [SHT荔枝麻酱协会(493057481)] 宛小鱼（友人场请呼唤我）(1249776943) -> ！jrrp
2023-10-12 11:56:41 V/Bot.2398493975: Group(493057481) <- 今日人品：中吉
今日适宜役种：纯正九莲宝灯
(为防止刷屏，一日内不可多次查询哦！)
2023-10-12 12:13:00 I/UnidbgFetchQsign: Bot(2398493975) request_token, submit success
2023-10-12 12:53:06 I/UnidbgFetchQsign: Bot(2398493975) request_token, submit success
2023-10-12 13:33:07 I/UnidbgFetchQsign: Bot(2398493975) request_token, submit success
2023-10-12 14:04:47 V/Bot.2398493975: [没有獭獭军团@吃啥(887156367)] 獭獭ʕ❍ᴥ❍ʔ没有獭獭军团(1609323331) -> 有的獭獭
2023-10-12 14:05:00 V/Bot.2398493975: [没有獭獭军团@吃啥(887156367)] 獭獭ʕ❍ᴥ❍ʔ没有獭獭军团(1609323331) -> 看了天气说晚上下雨就没有带伞出门门
2023-10-12 14:05:07 V/Bot.2398493975: [没有獭獭军团@吃啥(887156367)] 獭獭ʕ❍ᴥ❍ʔ没有獭獭军团(1609323331) -> 现在变成水獭獭了
2023-10-12 14:05:17 V/Bot.2398493975: [没有獭獭军团@吃啥(887156367)] 獭獭ʕ❍ᴥ❍ʔ没有獭獭军团(1609323331) -> [mirai:image:{66CF8C06-306D-0520-89F3-976D6E7449C7}.png, width=366, height=300, size=48380, type=GIF, isEmoji=false]
2023-10-12 14:07:16 V/Bot.2398493975: [没有獭獭军团@吃啥(887156367)] Freeze_Kirin@自己开除自己(768173212) -> 啊？
2023-10-12 14:07:18 V/Bot.2398493975: [没有獭獭军团@吃啥(887156367)] Freeze_Kirin@自己开除自己(768173212) -> 下雨了？
2023-10-12 14:07:32 V/Bot.2398493975: [没有獭獭军团@吃啥(887156367)] Freeze_Kirin@自己开除自己(768173212) -> 獭獭被迫下水
2023-10-12 14:07:47 V/Bot.2398493975: [test(389193066)] dd小助手(3459246674) -> 赤五教教主亮亮 正在直播 讲谱~
https://live.bilibili.com/23490978
2023-10-12 14:07:49 V/Bot.2398493975: [test(389193066)] dd小助手(3459246674) -> [mirai:image:{4209C5EF-88AE-8346-2B76-41C6A739D801}.jpg, width=704, height=396, size=95467, type=JPG, isEmoji=false]
2023-10-12 14:07:50 V/Bot.2398493975: [test(389193066)] dd小助手(3459246674) -> 已设置@全体成员但没有管理员权限,将尝试@指定成员,请需要接收单独@消息的群员使用"开播@我"命令进行订阅
2023-10-12 14:08:11 V/Bot.2398493975: [没有獭獭军团@吃啥(887156367)] 獭獭ʕ❍ᴥ❍ʔ没有獭獭军团(1609323331) -> 这个雨好像带伞也没用
2023-10-12 14:08:57 V/Bot.2398493975: [没有獭獭军团@吃啥(887156367)] Freeze_Kirin@自己开除自己(768173212) -> 完了
2023-10-12 14:09:04 V/Bot.2398493975: [没有獭獭军团@吃啥(887156367)] Freeze_Kirin@自己开除自己(768173212) -> 我上班也没带伞
2023-10-12 14:09:15 V/Bot.2398493975: [没有獭獭军团@吃啥(887156367)] Freeze_Kirin@自己开除自己(768173212) -> 为什么每次下雨我都忘记带缪缪
2023-10-12 14:09:21 V/Bot.2398493975: [没有獭獭军团@吃啥(887156367)] Freeze_Kirin@自己开除自己(768173212) -> [mirai:image:{6E83AEEA-B969-5524-D8FC-14FF5EA2E351}.png, width=512, height=512, size=25416, type=GIF, isEmoji=true]
2023-10-12 14:09:50 V/Bot.2398493975: [没有獭獭军团@吃啥(887156367)] 獭獭ʕ❍ᴥ❍ʔ没有獭獭军团(1609323331) -> 快翘班
2023-10-12 14:10:44 V/Bot.2398493975: [没有獭獭军团@吃啥(887156367)] 獭獭锤子大鸽@被獭獭军团开除(963423936) -> [不支持的消息#1061343476][mirai:image:{D9BA9F9D-B7D2-937C-CDA8-F70A8EDD91B6}.jpg, width=366, height=300, size=40295, type=GIF, isEmoji=false]
2023-10-12 14:13:07 I/UnidbgFetchQsign: Bot(2398493975) request_token, submit success
2023-10-12 14:24:39 V/Bot.2398493975: [没有獭獭军团@吃啥(887156367)] zz@獺獺軍団(771507043) -> 水獭
2023-10-12 14:47:10 V/Bot.2398493975: [没有獭獭军团@吃啥(887156367)] Freeze_Kirin@自己开除自己(768173212) -> 我现在信昨天的汤底是很辣的了
2023-10-12 14:47:31 V/Bot.2398493975: [没有獭獭军团@吃啥(887156367)] 哭哭Excel@被獭獭军团开除6次(472247053) -> [mirai:image:{EE7C88BA-DAF0-6A2D-E286-3A059788806D}.jpg, width=370, height=292, size=77327, type=GIF, isEmoji=true]
2023-10-12 14:47:46 V/Bot.2398493975: [没有獭獭军团@吃啥(887156367)] Freeze_Kirin@自己开除自己(768173212) -> 吃的时候一点感觉没有，今天肚子开始难受了（）
2023-10-12 14:48:08 V/Bot.2398493975: [没有獭獭军团@吃啥(887156367)] Freeze_Kirin@自己开除自己(768173212) -> [mirai:image:{962D2AF8-19F2-758A-1A7C-1B71A8F83E50}.jpg, width=518, height=352, size=22868, type=JPG, isEmoji=false]
2023-10-12 14:48:09 V/Bot.2398493975: [没有獭獭军团@吃啥(887156367)] 冰水@不会反身跳军团(308217149) -> 可恶
2023-10-12 14:48:42 V/Bot.2398493975: [没有獭獭军团@吃啥(887156367)] naf@獭獭军团(3469392519) -> 可恶
2023-10-12 14:49:18 V/Bot.2398493975: [没有獭獭军团@吃啥(887156367)] Freeze_Kirin@自己开除自己(768173212) -> 为什么每次吃辣都这样，吃的时候没感觉，第二天肠胃开始爆炸
2023-10-12 14:49:32 V/Bot.2398493975: [没有獭獭军团@吃啥(887156367)] Freeze_Kirin@自己开除自己(768173212) -> 可恶啊
2023-10-12 14:50:25 V/Bot.2398493975: [没有獭獭军团@吃啥(887156367)] 獭獭锤子大鸽@被獭獭军团开除(963423936) -> [mirai:image:{EBA498D9-09A4-C513-613E-30A7E6EA054A}.png, width=223, height=196, size=179578, type=GIF, isEmoji=true]
2023-10-12 14:51:18 V/Bot.2398493975: [没有獭獭军团@吃啥(887156367)] 冰水@不会反身跳军团(308217149) -> 说起来你群有在上海验光网上配镜的吗）
2023-10-12 14:51:25 V/Bot.2398493975: [没有獭獭军团@吃啥(887156367)] 冰水@不会反身跳军团(308217149) -> 老眼昏花 该换眼镜了
2023-10-12 14:51:30 V/Bot.2398493975: [没有獭獭军团@吃啥(887156367)] 獭獭ʕ❍ᴥ❍ʔ没有獭獭军团(1609323331) -> 没有
2023-10-12 14:51:43 V/Bot.2398493975: [没有獭獭军团@吃啥(887156367)] 獭獭ʕ❍ᴥ❍ʔ没有獭獭军团(1609323331) -> 我去医院验的店里配的
2023-10-12 14:52:21 V/Bot.2398493975: [没有獭獭军团@吃啥(887156367)] 獭獭锤子大鸽@被獭獭军团开除(963423936) -> 直接去医院验光
2023-10-12 14:52:22 V/Bot.2398493975: [没有獭獭军团@吃啥(887156367)] 獭獭锤子大鸽@被獭獭军团开除(963423936) -> 然后
2023-10-12 14:52:39 V/Bot.2398493975: [没有獭獭军团@吃啥(887156367)] 獭獭锤子大鸽@被獭獭军团开除(963423936) -> 带着验光单随便去配镜就行
2023-10-12 14:52:41 V/Bot.2398493975: [没有獭獭军团@吃啥(887156367)] 獭獭锤子大鸽@被獭獭军团开除(963423936) -> [mirai:image:{955EC380-A468-054B-5B08-20E8D4D1DAF5}.png, width=480, height=480, size=226395, type=GIF, isEmoji=true]
2023-10-12 14:52:52 V/Bot.2398493975: [SHT荔枝麻酱协会(493057481)] chino(704937242) -> !jrrp
2023-10-12 14:52:59 V/Bot.2398493975: Group(493057481) <- 今日人品：大凶
今日适宜役种：弃和
(为防止刷屏，一日内不可多次查询哦！)
2023-10-12 14:53:06 V/Bot.2398493975: [SHT荔枝麻酱协会(493057481)] chino(704937242) -> ?
2023-10-12 14:53:08 I/UnidbgFetchQsign: Bot(2398493975) request_token, submit success
2023-10-12 14:53:08 V/Bot.2398493975: [SHT荔枝麻酱协会(493057481)] ライちゃん(392595084) -> ！jrrp
2023-10-12 14:53:10 V/Bot.2398493975: Group(493057481) <- 今日人品：小吉
今日适宜役种：纯全带幺九
(为防止刷屏，一日内不可多次查询哦！)
2023-10-12 14:53:35 V/Bot.2398493975: [没有獭獭军团@吃啥(887156367)] Freeze_Kirin@自己开除自己(768173212) -> 总之医院验光。配镜子随便
2023-10-12 14:53:38 V/Bot.2398493975: [SHT荔枝麻酱协会(493057481)] jt(981941098) -> ! jrrp
2023-10-12 14:53:49 V/Bot.2398493975: [没有獭獭军团@吃啥(887156367)] 冰水@不会反身跳军团(308217149) -> 好哦
2023-10-12 14:53:51 V/Bot.2398493975: [SHT荔枝麻酱协会(493057481)] jt(981941098) -> ！jrrp
2023-10-12 14:53:52 V/Bot.2398493975: Group(493057481) <- 今日人品：中吉
今日适宜役种：清一色
(为防止刷屏，一日内不可多次查询哦！)
2023-10-12 14:54:05 V/Bot.2398493975: [SHT荔枝麻酱协会(493057481)] Kyappy(2240592737) -> ！jrrp
2023-10-12 14:54:06 V/Bot.2398493975: Group(493057481) <- 今日人品：小吉
今日适宜役种：一气通贯
(为防止刷屏，一日内不可多次查询哦！)
2023-10-12 14:54:40 V/Bot.2398493975: [SHT荔枝麻酱协会(493057481)] PULL THEM TO THEIR GRAVE !(522166330) -> ！jrrp
2023-10-12 14:54:41 V/Bot.2398493975: Group(493057481) <- 今日人品：小吉
今日适宜役种：清一色
(为防止刷屏，一日内不可多次查询哦！)
2023-10-12 14:56:31 V/Bot.2398493975: [SHT荔枝麻酱协会(493057481)] 晨 飔(859073042) -> ！jrrp
2023-10-12 14:56:32 V/Bot.2398493975: Group(493057481) <- 今日人品：吉
今日适宜役种：断幺九
(为防止刷屏，一日内不可多次查询哦！)
2023-10-12 14:57:20 V/Bot.2398493975: [SHT荔枝麻酱协会(493057481)] 天秀宝宝(1812900890) -> ！jrrp
2023-10-12 14:57:21 V/Bot.2398493975: Group(493057481) <- 今日人品：吉
今日适宜役种：一杯口
(为防止刷屏，一日内不可多次查询哦！)
2023-10-12 15:00:01 V/Bot.2398493975: [没有獭獭军团@吃啥(887156367)] lax@牛牛道心破碎军团(269418386) -> 度数 瞳距 没了
2023-10-12 15:00:21 V/Bot.2398493975: [没有獭獭军团@吃啥(887156367)] lax@牛牛道心破碎军团(269418386) -> 基本就是验光单拍个照片
2023-10-12 15:05:45 V/Bot.2398493975: [没有獭獭军团@吃啥(887156367)] 獭獭ʕ❍ᴥ❍ʔ没有獭獭军团(1609323331) -> p个波奇上去[mirai:image:{B71A4324-6EE1-5F2F-A76A-016584FADD35}.png, width=1828, height=2436, size=1225288, type=JPG, isEmoji=false]
2023-10-12 15:06:57 V/Bot.2398493975: [没有獭獭军团@吃啥(887156367)] lax@牛牛道心破碎军团(269418386) -> 哇 大G诶
2023-10-12 15:17:33 V/Bot.2398493975: [没有獭獭军团@吃啥(887156367)] Freeze_Kirin@自己开除自己(768173212) -> 现在还能选课吗
2023-10-12 15:17:39 V/Bot.2398493975: [没有獭獭军团@吃啥(887156367)] Freeze_Kirin@自己开除自己(768173212) -> 我找不到选课的邮件了（）
2023-10-12 15:20:23 V/Bot.2398493975: [没有獭獭军团@吃啥(887156367)] 冰水@不会反身跳军团(308217149) -> 14号
2023-10-12 15:20:26 V/Bot.2398493975: [没有獭獭军团@吃啥(887156367)] 冰水@不会反身跳军团(308217149) -> 吧
2023-10-12 15:20:41 V/Bot.2398493975: [没有獭獭军团@吃啥(887156367)] Freeze_Kirin@自己开除自己(768173212) -> 14号截止嘛
2023-10-12 15:20:51 V/Bot.2398493975: [没有獭獭军团@吃啥(887156367)] 獭獭锤子大鸽@被獭獭军团开除(963423936) -> [不支持的消息#-169221637][mirai:image:{FB9C65FB-5685-1B12-1B13-836B38246164}.jpg, width=292, height=205, size=61102, type=GIF, isEmoji=true]
2023-10-12 15:20:53 V/Bot.2398493975: [没有獭獭军团@吃啥(887156367)] 冰水@不会反身跳军团(308217149) -> 我记得是
2023-10-12 15:21:49 V/Bot.2398493975: [没有獭獭军团@吃啥(887156367)] Freeze_Kirin@自己开除自己(768173212) -> 谢谢冰子捏
2023-10-12 15:22:02 V/Bot.2398493975: [没有獭獭军团@吃啥(887156367)] 獭獭锤子大鸽@被獭獭军团开除(963423936) -> 可恶
2023-10-12 15:22:17 V/Bot.2398493975: [没有獭獭军团@吃啥(887156367)] 獭獭锤子大鸽@被獭獭军团开除(963423936) -> 这学期开的cs专业课都不太想选
2023-10-12 15:22:36 V/Bot.2398493975: [没有獭獭军团@吃啥(887156367)] hm@獭獭不走人行道军团(2461942798) -> 来选程序分析
2023-10-12 15:22:43 V/Bot.2398493975: [没有獭獭军团@吃啥(887156367)] hm@獭獭不走人行道军团(2461942798) -> 我还差个队友
2023-10-12 15:22:43 V/Bot.2398493975: [没有獭獭军团@吃啥(887156367)] 獭獭锤子大鸽@被獭獭军团开除(963423936) -> 程序分析
2023-10-12 15:22:46 V/Bot.2398493975: [没有獭獭军团@吃啥(887156367)] 獭獭锤子大鸽@被獭獭军团开除(963423936) -> 草
2023-10-12 15:22:47 V/Bot.2398493975: [没有獭獭军团@吃啥(887156367)] hm@獭獭不走人行道军团(2461942798) -> [mirai:image:{F8F2397C-6842-DFC0-54D4-666F2167C8DC}.png, width=310, height=300, size=58906, type=GIF, isEmoji=true]
2023-10-12 15:22:52 V/Bot.2398493975: [没有獭獭军团@吃啥(887156367)] 獭獭锤子大鸽@被獭獭军团开除(963423936) -> [不支持的消息#-337006262][mirai:image:{F8F2397C-6842-DFC0-54D4-666F2167C8DC}.jpg, width=310, height=300, size=58906, type=GIF, isEmoji=false]
2023-10-12 15:22:54 V/Bot.2398493975: [没有獭獭军团@吃啥(887156367)] 獭獭锤子大鸽@被獭獭军团开除(963423936) -> 那我来了
2023-10-12 15:23:31 V/Bot.2398493975: [没有獭獭军团@吃啥(887156367)] Freeze_Kirin@自己开除自己(768173212) -> 哦对。本研认定的课，是不会显示在这里面的嘛[mirai:image:{0A61EE9A-C2F2-E2CE-8CFC-322B6E6FFEE2}.png, width=910, height=232, size=17267, type=PNG, isEmoji=false]
2023-10-12 15:23:56 V/Bot.2398493975: [没有獭獭军团@吃啥(887156367)] 冰水@不会反身跳军团(308217149) -> 啥意思 1开头的课我记得不在这里面
2023-10-12 15:24:03 V/Bot.2398493975: [没有獭獭军团@吃啥(887156367)] 獭獭锤子大鸽@被獭獭军团开除(963423936) -> 会显示啊
2023-10-12 15:24:26 V/Bot.2398493975: [没有獭獭军团@吃啥(887156367)] 獭獭锤子大鸽@被獭獭军团开除(963423936) -> [不支持的消息#-539215313][mirai:image:{51A7006A-67FD-8D56-BB35-9889E343A140}.jpg, width=1273, height=65, size=16090, type=PNG, isEmoji=false]
2023-10-12 15:24:26 V/Bot.2398493975: [没有獭獭军团@吃啥(887156367)] Freeze_Kirin@自己开除自己(768173212) -> [mirai:image:{CC061F6E-21F6-4F56-4E3D-329363821DF3}.gif, width=500, height=560, size=4828281, type=GIF, isEmoji=false]
2023-10-12 15:24:45 V/Bot.2398493975: [没有獭獭军团@吃啥(887156367)] Freeze_Kirin@自己开除自己(768173212) -> 那我的电力系统消失了
2023-10-12 15:26:25 V/Bot.2398493975: [SHT荔枝麻酱协会(493057481)] 殒落凡尘的星(2510816477) -> ！jrrp
2023-10-12 15:26:26 V/Bot.2398493975: Group(493057481) <- 今日人品：小吉
今日适宜役种：役牌
(为防止刷屏，一日内不可多次查询哦！)
2023-10-12 15:26:37 V/Bot.2398493975: [没有獭獭军团@吃啥(887156367)] Freeze_Kirin@自己开除自己(768173212) -> 本研课程认定里也消失了
2023-10-12 15:26:44 V/Bot.2398493975: [没有獭獭军团@吃啥(887156367)] 獭獭锤子大鸽@被獭獭军团开除(963423936) -> ？
2023-10-12 15:26:45 V/Bot.2398493975: [没有獭獭军团@吃啥(887156367)] Freeze_Kirin@自己开除自己(768173212) -> [mirai:image:{B1416912-C911-EEB2-5EE4-EE03AC0B54CF}.gif, width=128, height=103, size=48314, type=GIF, isEmoji=false]
2023-10-12 15:27:22 V/Bot.2398493975: [没有獭獭军团@吃啥(887156367)] zz@獺獺軍団(771507043) -> 我今天推图怎么活动任务里t2t3图纸任务还能完成
2023-10-12 15:27:24 V/Bot.2398493975: [没有獭獭军团@吃啥(887156367)] Freeze_Kirin@自己开除自己(768173212) -> [mirai:image:{2EC58B3A-B16D-FE7E-ED25-2A9CF1D7E487}.png, width=725, height=191, size=15836, type=PNG, isEmoji=false]没有了
2023-10-12 15:30:07 V/Bot.2398493975: [没有獭獭军团@吃啥(887156367)] Freeze_Kirin@自己开除自己(768173212) -> 这要找谁啊（
2023-10-12 15:33:09 I/UnidbgFetchQsign: Bot(2398493975) request_token, submit success
2023-10-12 15:41:14 V/Bot.2398493975: [没有獭獭军团@吃啥(887156367)] 獭獭ʕ❍ᴥ❍ʔ没有獭獭军团(1609323331) -> 可我想要thr10诶[mirai:image:{07435501-FC51-0AEC-1CCC-4B3EFF81D7E9}.png, width=2442, height=1830, size=1829856, type=JPG, isEmoji=false]
2023-10-12 16:13:09 I/UnidbgFetchQsign: Bot(2398493975) request_token, submit success
2023-10-12 16:53:16 I/UnidbgFetchQsign: Bot(2398493975) request_token, submit success
2023-10-12 17:14:59 V/Bot.2398493975: [test(389193066)] dd小助手(3459246674) -> 赤五教教主亮亮 直播结束了
2023-10-12 17:15:10 V/Bot.2398493975: [test(389193066)] dd小助手(3459246674) -> [mirai:image:{1C377951-B64F-FFBB-3AB6-787E80AF5760}.png, width=1000, height=7597, size=869786, type=PNG, isEmoji=false]
2023-10-12 17:33:16 I/UnidbgFetchQsign: Bot(2398493975) request_token, submit success
2023-10-12 17:33:27 V/Bot.2398493975: [没有獭獭军团@吃啥(887156367)] Freeze_Kirin@自己开除自己(768173212) -> 吃啥
2023-10-12 17:33:33 V/Bot.2398493975: [没有獭獭军团@吃啥(887156367)] 獭獭ʕ❍ᴥ❍ʔ没有獭獭军团(1609323331) -> 吃啥
2023-10-12 17:33:54 V/Bot.2398493975: [没有獭獭军团@吃啥(887156367)] zz@獺獺軍団(771507043) -> 吃啥
2023-10-12 17:34:06 V/Bot.2398493975: [没有獭獭军团@吃啥(887156367)] lax@牛牛道心破碎军团(269418386) -> 大闸蟹
2023-10-12 17:35:25 V/Bot.2398493975: [没有獭獭军团@吃啥(887156367)] 獭獭锤子大鸽@被獭獭军团开除(963423936) -> [不支持的消息#1572250049][mirai:image:{FB9C65FB-5685-1B12-1B13-836B38246164}.jpg, width=292, height=205, size=61102, type=GIF, isEmoji=true]
2023-10-12 17:35:29 V/Bot.2398493975: [没有獭獭军团@吃啥(887156367)] 獭獭锤子大鸽@被獭獭军团开除(963423936) -> 还在等老板的1-1
2023-10-12 17:35:34 V/Bot.2398493975: [没有獭獭军团@吃啥(887156367)] 獭獭锤子大鸽@被獭獭军团开除(963423936) -> 2点排到现在
2023-10-12 17:35:38 V/Bot.2398493975: [没有獭獭军团@吃啥(887156367)] 獭獭锤子大鸽@被獭獭军团开除(963423936) -> 一会还得开组会
2023-10-12 17:35:54 V/Bot.2398493975: [没有獭獭军团@吃啥(887156367)] 獭獭ʕ❍ᴥ❍ʔ没有獭獭军团(1609323331) -> [mirai:image:{05919B55-D12E-11BD-7C76-D06FAD553D12}.png, width=370, height=296, size=100522, type=GIF, isEmoji=true]
2023-10-12 17:35:58 V/Bot.2398493975: [没有獭獭军团@吃啥(887156367)] 獭獭ʕ❍ᴥ❍ʔ没有獭獭军团(1609323331) -> 鸽了
2023-10-12 17:36:04 V/Bot.2398493975: [没有獭獭军团@吃啥(887156367)] 獭獭锤子大鸽@被獭獭军团开除(963423936) -> [不支持的消息#97012587][mirai:image:{EBA498D9-09A4-C513-613E-30A7E6EA054A}.jpg, width=223, height=196, size=179578, type=GIF, isEmoji=true]
2023-10-12 17:36:09 V/Bot.2398493975: [没有獭獭军团@吃啥(887156367)] 獭獭锤子大鸽@被獭獭军团开除(963423936) -> 不能鸽
2023-10-12 17:37:40 V/Bot.2398493975: [没有獭獭军团@吃啥(887156367)] zz@獺獺軍団(771507043) -> 让前面的人拖到开组会
2023-10-12 17:37:55 V/Bot.2398493975: [没有獭獭军团@吃啥(887156367)] zz@獺獺軍団(771507043) -> 然后鸽掉组会
2023-10-12 17:38:11 V/Bot.2398493975: [没有獭獭军团@吃啥(887156367)] 獭獭锤子大鸽@被獭獭军团开除(963423936) -> 组会要白嫖别人的🍰
2023-10-12 17:38:14 V/Bot.2398493975: [没有獭獭军团@吃啥(887156367)] 獭獭锤子大鸽@被獭獭军团开除(963423936) -> 没吃饭饭
2023-10-12 17:38:17 V/Bot.2398493975: [没有獭獭军团@吃啥(887156367)] 獭獭锤子大鸽@被獭獭军团开除(963423936) -> [不支持的消息#-1553395049][mirai:image:{F0451D10-C6B1-C6EE-086A-832765A52BE5}.jpg, width=525, height=568, size=128518, type=GIF, isEmoji=true]
2023-10-12 17:38:24 V/Bot.2398493975: [没有獭獭军团@吃啥(887156367)] 獭獭ʕ❍ᴥ❍ʔ没有獭獭军团(1609323331) -> [mirai:quote:[mirai:source:ids=[82149], internalIds=[254665326], from 963423936 to 887156367 at 1697103369], content=<not yet initialized>][mirai:at:963423936] 你都是锤子大鸽了
2023-10-12 17:38:37 V/Bot.2398493975: [没有獭獭军团@吃啥(887156367)] 獭獭锤子大鸽@被獭獭军团开除(963423936) -> [不支持的消息#567443253][mirai:image:{FB9C65FB-5685-1B12-1B13-836B38246164}.jpg, width=292, height=205, size=61102, type=GIF, isEmoji=true]
2023-10-12 17:38:38 V/Bot.2398493975: [没有獭獭军团@吃啥(887156367)] 獭獭锤子大鸽@被獭獭军团开除(963423936) -> 闹
2023-10-12 17:38:41 V/Bot.2398493975: [没有獭獭军团@吃啥(887156367)] 獭獭ʕ❍ᴥ❍ʔ没有獭獭军团(1609323331) -> 什么蛋糕
2023-10-12 17:38:46 V/Bot.2398493975: [没有獭獭军团@吃啥(887156367)] 獭獭ʕ❍ᴥ❍ʔ没有獭獭军团(1609323331) -> 花木路
2023-10-12 17:38:46 V/Bot.2398493975: [没有獭獭军团@吃啥(887156367)] 獭獭锤子大鸽@被獭獭军团开除(963423936) -> 就🎂
2023-10-12 17:38:48 V/Bot.2398493975: [没有獭獭军团@吃啥(887156367)] 獭獭ʕ❍ᴥ❍ʔ没有獭獭军团(1609323331) -> 人好多
2023-10-12 17:38:53 V/Bot.2398493975: [没有獭獭军团@吃啥(887156367)] 獭獭锤子大鸽@被獭獭军团开除(963423936) -> 那现在肯定人多
2023-10-12 17:39:16 V/Bot.2398493975: [没有獭獭军团@吃啥(887156367)] 獭獭ʕ❍ᴥ❍ʔ没有獭獭军团(1609323331) -> 没cp多
2023-10-12 17:39:19 V/Bot.2398493975: [没有獭獭军团@吃啥(887156367)] 獭獭ʕ❍ᴥ❍ʔ没有獭獭军团(1609323331) -> [mirai:image:{05919B55-D12E-11BD-7C76-D06FAD553D12}.png, width=370, height=296, size=100522, type=GIF, isEmoji=true]
2023-10-12 17:40:44 V/Bot.2398493975: [没有獭獭军团@吃啥(887156367)] 獭獭ʕ❍ᴥ❍ʔ没有獭獭军团(1609323331) -> @hzc
2023-10-12 17:40:53 V/Bot.2398493975: [没有獭獭军团@吃啥(887156367)] 獭獭ʕ❍ᴥ❍ʔ没有獭獭军团(1609323331) -> [mirai:at:2384102753] 抽卡卡
2023-10-12 17:40:56 V/Bot.2398493975: [没有獭獭军团@吃啥(887156367)] 獭獭ʕ❍ᴥ❍ʔ没有獭獭军团(1609323331) -> 吃啥啥
2023-10-12 17:40:57 V/Bot.2398493975: [没有獭獭军团@吃啥(887156367)] 獭獭ʕ❍ᴥ❍ʔ没有獭獭军团(1609323331) -> [mirai:image:{1D941FF3-006F-86A6-FD4F-12027B527696}.png, width=112, height=86, size=35949, type=GIF, isEmoji=true]
2023-10-12 17:41:02 V/Bot.2398493975: [没有獭獭军团@吃啥(887156367)] hzc@獭獭軍団二度受(2384102753) -> 吃啥
2023-10-12 17:41:10 V/Bot.2398493975: [没有獭獭军团@吃啥(887156367)] 獭獭ʕ❍ᴥ❍ʔ没有獭獭军团(1609323331) -> 去哪哪
2023-10-12 17:41:14 V/Bot.2398493975: [没有獭獭军团@吃啥(887156367)] 獭獭ʕ❍ᴥ❍ʔ没有獭獭军团(1609323331) -> [mirai:image:{C3BAB12F-9A82-3028-7CE2-541DC4A921AD}.png, width=54, height=48, size=1476, type=JPG, isEmoji=true]
2023-10-12 17:41:28 V/Bot.2398493975: [没有獭獭军团@吃啥(887156367)] Freeze_Kirin@自己开除自己(768173212) -> 吃啥
2023-10-12 17:41:36 V/Bot.2398493975: [没有獭獭军团@吃啥(887156367)] zz@獺獺軍団(771507043) -> 吃啥
2023-10-12 17:41:44 V/Bot.2398493975: [没有獭獭军团@吃啥(887156367)] hzc@獭獭軍団二度受(2384102753) -> 今晚我得干活了
2023-10-12 17:41:46 V/Bot.2398493975: [没有獭獭军团@吃啥(887156367)] hzc@獭獭軍団二度受(2384102753) -> [mirai:image:{FB9C65FB-5685-1B12-1B13-836B38246164}.png, width=292, height=205, size=61102, type=GIF, isEmoji=true]
2023-10-12 17:42:15 V/Bot.2398493975: [没有獭獭军团@吃啥(887156367)] 獭獭ʕ❍ᴥ❍ʔ没有獭獭军团(1609323331) -> 那抽卡卡
2023-10-12 17:42:21 V/Bot.2398493975: [没有獭獭军团@吃啥(887156367)] 獭獭ʕ❍ᴥ❍ʔ没有獭獭军团(1609323331) -> [mirai:image:{BAB3993A-84F6-D054-AE14-915ADDC7B956}.png, width=370, height=300, size=18856, type=GIF, isEmoji=false]
2023-10-12 17:42:26 V/Bot.2398493975: [没有獭獭军团@吃啥(887156367)] hzc@獭獭軍団二度受(2384102753) -> 先吃
2023-10-12 17:42:34 V/Bot.2398493975: [没有獭獭军团@吃啥(887156367)] 獭獭ʕ❍ᴥ❍ʔ没有獭獭军团(1609323331) -> 吃啥
2023-10-12 17:42:36 V/Bot.2398493975: [没有獭獭军团@吃啥(887156367)] 獭獭ʕ❍ᴥ❍ʔ没有獭獭军团(1609323331) -> [mirai:image:{8BF34B10-19C1-4195-5866-6DDB73A903D8}.png, width=249, height=188, size=54265, type=GIF, isEmoji=true]
2023-10-12 17:43:01 V/Bot.2398493975: [没有獭獭军团@吃啥(887156367)] Freeze_Kirin@自己开除自己(768173212) -> 食堂见
2023-10-12 17:43:14 V/Bot.2398493975: [没有獭獭军团@吃啥(887156367)] zz@獺獺軍団(771507043) -> 吃啥
2023-10-12 17:43:21 V/Bot.2398493975: [没有獭獭军团@吃啥(887156367)] Freeze_Kirin@自己开除自己(768173212) -> 耳机终于回到了它的盒子里
2023-10-12 17:43:31 V/Bot.2398493975: [没有獭獭军团@吃啥(887156367)] Freeze_Kirin@自己开除自己(768173212) -> [mirai:image:{6DB8D47D-6D88-2BA8-3315-3C91BE0598DE}.png, width=200, height=156, size=81787, type=GIF, isEmoji=true]
2023-10-12 17:43:35 V/Bot.2398493975: [没有獭獭军团@吃啥(887156367)] 獭獭ʕ❍ᴥ❍ʔ没有獭獭军团(1609323331) -> 原来你带了耳机
2023-10-12 17:43:38 V/Bot.2398493975: [没有獭獭军团@吃啥(887156367)] 獭獭ʕ❍ᴥ❍ʔ没有獭獭军团(1609323331) -> 没带盒子
2023-10-12 17:43:43 V/Bot.2398493975: [没有獭獭军团@吃啥(887156367)] 獭獭ʕ❍ᴥ❍ʔ没有獭獭军团(1609323331) -> [mirai:image:{7B4FAB6B-0BA8-0F4C-F8DC-B2AF31AB603E}.png, width=512, height=512, size=192357, type=GIF, isEmoji=true]
2023-10-12 17:44:23 V/Bot.2398493975: [没有獭獭军团@吃啥(887156367)] naf@獭獭军团(3469392519) -> [mirai:image:{30891E4B-3B27-5402-A027-1E5AA247BBF7}.jpg, width=1080, height=2224, size=1603084, type=JPG, isEmoji=false]
2023-10-12 17:44:28 V/Bot.2398493975: [没有獭獭军团@吃啥(887156367)] naf@獭獭军团(3469392519) -> 所以有人想看吗
2023-10-12 17:44:33 V/Bot.2398493975: [没有獭獭军团@吃啥(887156367)] naf@獭獭军团(3469392519) -> [mirai:image:{F3FD360C-DF21-E761-7C94-89BBF2723614}.jpg, width=66, height=66, size=1566, type=JPG, isEmoji=true]
2023-10-12 17:44:40 V/Bot.2398493975: [没有獭獭军团@吃啥(887156367)] 獭獭ʕ❍ᴥ❍ʔ没有獭獭军团(1609323331) -> 你先看
2023-10-12 17:44:42 V/Bot.2398493975: [没有獭獭军团@吃啥(887156367)] 獭獭ʕ❍ᴥ❍ʔ没有獭獭军团(1609323331) -> [mirai:image:{BAB3993A-84F6-D054-AE14-915ADDC7B956}.png, width=370, height=300, size=18856, type=GIF, isEmoji=true]
2023-10-12 17:44:55 V/Bot.2398493975: [没有獭獭军团@吃啥(887156367)] 獭獭ʕ❍ᴥ❍ʔ没有獭獭军团(1609323331) -> 等我想起来了先补一点电子版的再说x
2023-10-12 17:44:57 V/Bot.2398493975: [没有獭獭军团@吃啥(887156367)] Freeze_Kirin@自己开除自己(768173212) -> [mirai:quote:[mirai:source:ids=[82186], internalIds=[255079188], from 1609323331 to 887156367 at 1697103818], content=<not yet initialized>][mirai:at:1609323331] 耳机塞了一只在耳朵里（）
2023-10-12 17:45:02 V/Bot.2398493975: [没有獭獭军团@吃啥(887156367)] 獭獭ʕ❍ᴥ❍ʔ没有獭獭军团(1609323331) -> 草
2023-10-12 17:45:11 V/Bot.2398493975: [没有獭獭军团@吃啥(887156367)] 獭獭ʕ❍ᴥ❍ʔ没有獭獭军团(1609323331) -> 两个耳机分家了
2023-10-12 17:45:13 V/Bot.2398493975: [没有獭獭军团@吃啥(887156367)] naf@獭獭军团(3469392519) -> [mirai:image:{8D3FB677-4FD8-83A3-E45E-EB58B4CE995D}.jpg, width=57, height=48, size=99997, type=GIF, isEmoji=true]
2023-10-12 17:45:13 V/Bot.2398493975: [没有獭獭军团@吃啥(887156367)] Freeze_Kirin@自己开除自己(768173212) -> 然后口袋没拉好
2023-10-12 17:45:21 V/Bot.2398493975: [没有獭獭军团@吃啥(887156367)] Freeze_Kirin@自己开除自己(768173212) -> 盒子留在寝室睡觉
2023-10-12 17:45:30 V/Bot.2398493975: [没有獭獭军团@吃啥(887156367)] Freeze_Kirin@自己开除自己(768173212) -> 耳机和我上班去了
2023-10-12 17:45:36 V/Bot.2398493975: [没有獭獭军团@吃啥(887156367)] 獭獭ʕ❍ᴥ❍ʔ没有獭獭军团(1609323331) -> [mirai:image:{817BB65E-C69E-8DDA-EC48-E860ACAED29A}.png, width=280, height=280, size=19155, type=JPG, isEmoji=true]
2023-10-12 17:46:38 V/Bot.2398493975: [没有獭獭军团@吃啥(887156367)] hzc@獭獭軍団二度受(2384102753) -> 哪个食堂
2023-10-12 17:47:43 V/Bot.2398493975: [没有獭獭军团@吃啥(887156367)] Freeze_Kirin@自己开除自己(768173212) -> [mirai:image:{9B76D23E-BA21-444B-B618-30C074E79B0A}.png, width=1291, height=2796, size=549986, type=JPG, isEmoji=false]
2023-10-12 17:48:28 V/Bot.2398493975: [没有獭獭军团@吃啥(887156367)] hzc@獭獭軍団二度受(2384102753) -> 来康康
2023-10-12 17:48:38 V/Bot.2398493975: [没有獭獭军团@吃啥(887156367)] Freeze_Kirin@自己开除自己(768173212) -> 人也太多了
2023-10-12 17:48:57 V/Bot.2398493975: [没有獭獭军团@吃啥(887156367)] zz@獺獺軍団(771507043) -> [mirai:image:{94F5BC85-B251-A6B3-F15E-F009BCBA5852}.png, width=2778, height=1284, size=242759, type=JPG, isEmoji=false]
2023-10-12 17:53:03 V/Bot.2398493975: [没有獭獭军团@吃啥(887156367)] hzc@獭獭軍団二度受(2384102753) -> 不知道吃啥 模仿算了
2023-10-12 18:08:11 V/Bot.2398493975: [没有獭獭军团@吃啥(887156367)] hzc@獭獭軍団二度受(2384102753) -> [mirai:image:{19D43C60-D04C-67BA-F6BC-C6AA7CE634AB}.png, width=1792, height=828, size=917608, type=PNG, isEmoji=false]
2023-10-12 18:08:16 V/Bot.2398493975: [没有獭獭军团@吃啥(887156367)] hzc@獭獭軍団二度受(2384102753) -> 60发歪了
2023-10-12 18:08:38 V/Bot.2398493975: [没有獭獭军团@吃啥(887156367)] 优雅猛牛(695150175) -> 歪了
2023-10-12 18:08:38 V/Bot.2398493975: [没有獭獭军团@吃啥(887156367)] 獭獭ʕ❍ᴥ❍ʔ没有獭獭军团(1609323331) -> [mirai:image:{23E0BE26-0C74-0F67-BB3E-5EC42B665B96}.png, width=498, height=399, size=818924, type=GIF, isEmoji=true]
2023-10-12 18:09:34 V/Bot.2398493975: [没有獭獭军团@吃啥(887156367)] naf@獭獭军团(3469392519) -> 感觉今天疯狂星期四的辣鸡块好吃
2023-10-12 18:09:35 V/Bot.2398493975: [没有獭獭军团@吃啥(887156367)] naf@獭獭军团(3469392519) -> [mirai:image:{837EF337-110F-D5C2-D495-91095C91A6AB}.jpg, width=64, height=54, size=786, type=JPG, isEmoji=true]
2023-10-12 18:09:47 V/Bot.2398493975: [没有獭獭军团@吃啥(887156367)] hzc@獭獭軍団二度受(2384102753) -> [mirai:image:{69CC1513-35E9-EF52-8967-0988CD4ADD3D}.png, width=1792, height=828, size=1121174, type=PNG, isEmoji=false]
2023-10-12 18:09:48 V/Bot.2398493975: [没有獭獭军团@吃啥(887156367)] hzc@獭獭軍団二度受(2384102753) -> [mirai:image:{C53DAC8E-7A96-DD92-D8FD-908FB9CF164A}.png, width=1792, height=828, size=957943, type=PNG, isEmoji=false]
2023-10-12 18:10:44 V/Bot.2398493975: [没有獭獭军团@吃啥(887156367)] zz@獺獺軍団(771507043) -> 我200连6彩无new
2023-10-12 18:11:49 V/Bot.2398493975: [没有獭獭军团@吃啥(887156367)] hzc@獭獭軍団二度受(2384102753) -> [mirai:image:{93EB3620-AC49-E391-90A6-E88E8A567595}.png, width=1792, height=828, size=963580, type=PNG, isEmoji=false]
2023-10-12 18:13:17 I/UnidbgFetchQsign: Bot(2398493975) request_token, submit success
2023-10-12 18:16:32 V/Bot.2398493975: [没有獭獭军团@吃啥(887156367)] hzc@獭獭軍団二度受(2384102753) -> [mirai:image:{B9625804-FBF7-9539-804F-5D8825F972C8}.png, width=1792, height=828, size=820880, type=PNG, isEmoji=false]
2023-10-12 18:16:33 V/Bot.2398493975: [没有獭獭军团@吃啥(887156367)] hzc@獭獭軍団二度受(2384102753) -> [mirai:image:{B8A80EBB-1FDD-93BC-4D0E-6F8E544214FF}.png, width=1792, height=828, size=748583, type=PNG, isEmoji=false]
2023-10-12 18:16:34 V/Bot.2398493975: [没有獭獭军团@吃啥(887156367)] hzc@獭獭軍団二度受(2384102753) -> 寄了
2023-10-12 18:16:45 V/Bot.2398493975: [没有獭獭军团@吃啥(887156367)] hzc@獭獭軍団二度受(2384102753) -> 200连5彩无new
2023-10-12 18:17:00 V/Bot.2398493975: [没有獭獭军团@吃啥(887156367)] zz@獺獺軍団(771507043) -> [mirai:quote:[mirai:source:ids=[82221], internalIds=[1097671983], from 2384102753 to 887156367 at 1697105804], content=<not yet initialized>][mirai:at:2384102753] ？
2023-10-12 18:17:11 V/Bot.2398493975: [没有獭獭军团@吃啥(887156367)] zz@獺獺軍団(771507043) -> 你不是有阿鲁
2023-10-12 18:17:11 V/Bot.2398493975: Event: GroupRecall(bot=Bot(2398493975), authorId=2384102753, messageIds=[82221], messageInternalIds=[1097671983], messageTime=1697105804, operator=NormalMember(2384102753), group=Group(887156367), author=NormalMember(2384102753))
2023-10-12 18:17:16 V/Bot.2398493975: [没有獭獭军团@吃啥(887156367)] hzc@獭獭軍団二度受(2384102753) -> 200连5彩
2023-10-12 18:17:20 V/Bot.2398493975: [没有獭獭军团@吃啥(887156367)] 獭獭ʕ❍ᴥ❍ʔ没有獭獭军团(1609323331) -> [mirai:image:{AF3F0834-CE1A-C9F1-3942-926C0C79FF9F}.png, width=150, height=150, size=5701, type=JPG, isEmoji=true]
2023-10-12 18:17:24 V/Bot.2398493975: [没有獭獭军团@吃啥(887156367)] hzc@獭獭軍団二度受(2384102753) -> 确实 忘记掉了
2023-10-12 18:17:24 V/Bot.2398493975: [没有獭獭军团@吃啥(887156367)] 獭獭ʕ❍ᴥ❍ʔ没有獭獭军团(1609323331) -> 你再看看有没有new
2023-10-12 18:17:46 V/Bot.2398493975: [没有獭獭军团@吃啥(887156367)] hzc@獭獭軍団二度受(2384102753) -> [mirai:at:1609323331] 快抽
2023-10-12 18:29:36 V/Bot.2398493975: [没有獭獭军团@吃啥(887156367)] Freeze_Kirin@自己开除自己(768173212) -> 想不到我的水花子也可以一个人打演习4
2023-10-12 18:31:26 V/Bot.2398493975: [没有獭獭军团@吃啥(887156367)] 獭獭ʕ❍ᴥ❍ʔ没有獭獭军团(1609323331) -> 50抽出了
2023-10-12 18:31:32 V/Bot.2398493975: [没有獭獭军团@吃啥(887156367)] 獭獭ʕ❍ᴥ❍ʔ没有獭獭军团(1609323331) -> 圣三一的
2023-10-12 18:31:43 V/Bot.2398493975: [没有獭獭军团@吃啥(887156367)] 獭獭ʕ❍ᴥ❍ʔ没有獭獭军团(1609323331) -> 正义实现部的
2023-10-12 18:31:46 V/Bot.2398493975: [没有獭獭军团@吃啥(887156367)] 獭獭ʕ❍ᴥ❍ʔ没有獭獭军团(1609323331) -> new的
2023-10-12 18:31:48 V/Bot.2398493975: [没有獭獭军团@吃啥(887156367)] 獭獭ʕ❍ᴥ❍ʔ没有獭獭军团(1609323331) -> 真白
2023-10-12 18:31:52 V/Bot.2398493975: [没有獭獭军团@吃啥(887156367)] 獭獭ʕ❍ᴥ❍ʔ没有獭獭军团(1609323331) -> [mirai:image:{ECB1281E-E17C-F20E-0060-DA328002022A}.png, width=216, height=138, size=4514, type=JPG, isEmoji=true]
2023-10-12 18:32:11 V/Bot.2398493975: [没有獭獭军团@吃啥(887156367)] Freeze_Kirin@自己开除自己(768173212) -> [mirai:image:{ECB1281E-E17C-F20E-0060-DA328002022A}.jpg, width=216, height=138, size=4514, type=JPG, isEmoji=true]
2023-10-12 18:32:16 V/Bot.2398493975: [没有獭獭军团@吃啥(887156367)] Freeze_Kirin@自己开除自己(768173212) -> 错了，塞回去
2023-10-12 18:32:45 V/Bot.2398493975: [没有獭獭军团@吃啥(887156367)] hzc@獭獭軍団二度受(2384102753) -> [mirai:image:{ECB1281E-E17C-F20E-0060-DA328002022A}.png, width=216, height=138, size=4514, type=JPG, isEmoji=true]
2023-10-12 18:33:14 V/Bot.2398493975: [没有獭獭军团@吃啥(887156367)] 獭獭ʕ❍ᴥ❍ʔ没有獭獭军团(1609323331) -> 200抽依次出了：真白，大舜，爱丽丝（扫地机器人），小梓（老婆），响（老婆），堇（幻神），大叔（大叔）
2023-10-12 18:33:15 V/Bot.2398493975: [没有獭獭军团@吃啥(887156367)] 獭獭ʕ❍ᴥ❍ʔ没有獭獭军团(1609323331) -> [不支持的消息#972092245]
2023-10-12 18:33:18 V/Bot.2398493975: [没有獭獭军团@吃啥(887156367)] hzc@獭獭軍団二度受(2384102753) -> 是new 赢了
2023-10-12 18:34:03 V/Bot.2398493975: [没有獭獭军团@吃啥(887156367)] hzc@獭獭軍団二度受(2384102753) -> 好多new 已经赢了
2023-10-12 18:34:21 V/Bot.2398493975: [没有獭獭军团@吃啥(887156367)] 獭獭ʕ❍ᴥ❍ʔ没有獭獭军团(1609323331) -> 我抽卡时候写的小[mirai:image:{8EEBBD56-1997-6BB5-0DEC-B55D790F8199}.png, width=1125, height=2436, size=194061, type=JPG, isEmoji=false]
2023-10-12 18:34:25 V/Bot.2398493975: [没有獭獭军团@吃啥(887156367)] 獭獭ʕ❍ᴥ❍ʔ没有獭獭军团(1609323331) -> 为什么给我大舜
2023-10-12 18:34:30 V/Bot.2398493975: [没有獭獭军团@吃啥(887156367)] 獭獭ʕ❍ᴥ❍ʔ没有獭獭军团(1609323331) -> 我要小舜
2023-10-12 18:34:33 V/Bot.2398493975: [没有獭獭军团@吃啥(887156367)] 獭獭ʕ❍ᴥ❍ʔ没有獭獭军团(1609323331) -> [mirai:image:{7C659D43-DA9A-9B1E-6F64-D0CA83C3AF08}.png, width=308, height=218, size=88602, type=GIF, isEmoji=true]
2023-10-12 18:36:31 V/Bot.2398493975: [没有獭獭军团@吃啥(887156367)] Freeze_Kirin@自己开除自己(768173212) -> 小舜还没出
2023-10-12 18:43:44 V/Bot.2398493975: [没有獭獭军团@吃啥(887156367)] hzc@獭獭軍団二度受(2384102753) -> [mirai:image:{7C659D43-DA9A-9B1E-6F64-D0CA83C3AF08}.png, width=308, height=218, size=88602, type=GIF, isEmoji=true]
2023-10-12 18:44:44 V/Bot.2398493975: [没有獭獭军团@吃啥(887156367)] 獭獭ʕ❍ᴥ❍ʔ没有獭獭军团(1609323331) -> 强卡全部歪齐了
2023-10-12 18:44:45 V/Bot.2398493975: [没有獭獭军团@吃啥(887156367)] 獭獭ʕ❍ᴥ❍ʔ没有獭獭军团(1609323331) -> [mirai:image:{ECB1281E-E17C-F20E-0060-DA328002022A}.png, width=216, height=138, size=4514, type=JPG, isEmoji=true]
2023-10-12 18:44:54 V/Bot.2398493975: [没有獭獭军团@吃啥(887156367)] hzc@獭獭軍団二度受(2384102753) -> 经验书马上没了
2023-10-12 18:45:03 V/Bot.2398493975: [没有獭獭军团@吃啥(887156367)] hzc@獭獭軍団二度受(2384102753) -> 我缺个响
2023-10-12 18:45:07 V/Bot.2398493975: [没有獭獭军团@吃啥(887156367)] 獭獭ʕ❍ᴥ❍ʔ没有獭獭军团(1609323331) -> 阿罗娜想让我卷大蛇
2023-10-12 18:45:20 V/Bot.2398493975: [没有獭獭军团@吃啥(887156367)] zz@獺獺軍団(771507043) -> 我还没有伊织
2023-10-12 18:45:21 V/Bot.2398493975: [没有獭獭军团@吃啥(887156367)] 獭獭ʕ❍ᴥ❍ʔ没有獭獭军团(1609323331) -> [mirai:image:{BAB3993A-84F6-D054-AE14-915ADDC7B956}.png, width=370, height=300, size=18856, type=GIF, isEmoji=true]
2023-10-12 18:45:28 V/Bot.2398493975: [没有獭獭军团@吃啥(887156367)] zz@獺獺軍団(771507043) -> 阿罗娜不想让我卷大蛇
2023-10-12 18:45:44 V/Bot.2398493975: [没有獭獭军团@吃啥(887156367)] hzc@獭獭軍団二度受(2384102753) -> 反正这期大蛇我直接摆烂
2023-10-12 18:45:51 V/Bot.2398493975: [没有獭獭军团@吃啥(887156367)] hzc@獭獭軍団二度受(2384102753) -> 感觉卷不过
2023-10-12 18:46:13 V/Bot.2398493975: [没有獭獭军团@吃啥(887156367)] 萝卜@萝卜軍団(690875992) -> [mirai:origin:FORWARD,hqe1R2YT9lD+0DMldkebJUdJpvujfZ6mGIOPE8NhCfejU6j8GQFP0YJOxnBABdoN]ForwardMessage(preview=[], title=群聊的聊天记录, brief=[聊天记录], source=群聊的聊天记录, summary=查看41条转发消息, nodeList=[Node(senderId=1094950020, time=1697107102, senderName=盗版碟店店长瓜, messageChain=BA200抽没彩), Node(senderId=1094950020, time=1697107105, senderName=盗版碟店店长瓜, messageChain=是真的吗), Node(senderId=1094950020, time=1697107133, senderName=AKUA, messageChain=还真是), Node(senderId=1094950020, time=1697107141, senderName=奶特, messageChain=不是200保底吗？), Node(senderId=1094950020, time=1697107157, senderName=盗版碟店店长瓜, messageChain=[mirai:image:{2798FFE4-3166-83DA-9CD6-BFA0D8658B79}.jpg, width=1898, height=1080, size=328648, type=JPG, isEmoji=false]), Node(senderId=1094950020, time=1697107181, senderName=盗版碟店店长瓜, messageChain=200抽一个new2星), Node(senderId=1094950020, time=1697107183, senderName=盗版碟店店长瓜, messageChain=是真的吗), Node(senderId=1094950020, time=1697107198, senderName=AKUA, messageChain=能换一个), Node(senderId=1094950020, time=1697107200, senderName=盗版碟店店长瓜, messageChain=是真的我该考虑删游戏了), Node(senderId=1094950020, time=1697107214, senderName=AKUA, messageChain=但是400抽不出彩也有可能), Node(senderId=1094950020, time=1697107235, senderName=盗版碟店店长瓜, messageChain=[mirai:image:{0576848E-A4E2-1721-E6F1-DD0FA2F2AC3B}.jpg, width=1898, height=1080, size=504036, type=JPG, isEmoji=false]), Node(senderId=1094950020, time=1697107243, senderName=盗版碟店店长瓜, messageChain=那这游戏有啥玩的), Node(senderId=1094950020, time=1697107335, senderName=奶特, messageChain=答案是不玩), Node(senderId=1094950020, time=1697107342, senderName=奶特, messageChain=不如星铁！), Node(senderId=1094950020, time=1697107412, senderName=盗版碟店店长瓜, messageChain=你说得对), Node(senderId=1094950020, time=1697107430, senderName=盗版碟店店长瓜, messageChain=等水梓吧), Node(senderId=1094950020, time=1697107438, senderName=盗版碟店店长瓜, messageChain=要是也200抽一两个), Node(senderId=1094950020, time=1697107441, senderName=AKUA, messageChain=反正日服主打一个送得多), Node(senderId=1094950020, time=1697107446, senderName=盗版碟店店长瓜, messageChain=我就润了), Node(senderId=1094950020, time=1697107454, senderName=AKUA, messageChain=也不会200抽一两个那么非), Node(senderId=1094950020, time=1697107469, senderName=盗版碟店店长瓜, messageChain=可能国服是这样的), Node(senderId=1094950020, time=1697107471, senderName=AKUA, messageChain=那种太极端力), Node(senderId=1094950020, time=1697107480, senderName=盗版碟店店长瓜, messageChain=一两个还极端啊), Node(senderId=1094950020, time=1697107484, senderName=盗版碟店店长瓜, messageChain=那我这一个没有), Node(senderId=1094950020, time=1697107485, senderName=条和油, messageChain=[mirai:image:{8CC561FC-CB30-0461-4E41-194B2C9E8748}.mirai, width=170, height=142, size=40128, type=GIF, isEmoji=true]), Node(senderId=1094950020, time=1697107486, senderName=盗版碟店店长瓜, messageChain=算什么), Node(senderId=1094950020, time=1697107488, senderName=AKUA, messageChain=有时候一个十连给你出完了), Node(senderId=1094950020, time=1697107489, senderName=条和油, messageChain=正常), Node(senderId=1094950020, time=1697107500, senderName=AKUA, messageChain=我超), Node(senderId=1094950020, time=1697107504, senderName=AKUA, messageChain=那是你的号啊), Node(senderId=1094950020, time=1697107507, senderName=AKUA, messageChain=[mirai:image:{FA64051F-4C1C-F785-C3CB-8C17B58EB468}.jpg, width=300, height=258, size=6989, type=JPG, isEmoji=true]), Node(senderId=1094950020, time=1697107508, senderName=盗版碟店店长瓜, messageChain=？), Node(senderId=1094950020, time=1697107511, senderName=盗版碟店店长瓜, messageChain=不然呢), Node(senderId=1094950020, time=1697107511, senderName=AKUA, messageChain=我还以为是网图), Node(senderId=1094950020, time=1697107515, senderName=AKUA, messageChain=[mirai:image:{231AF7A7-5495-8E49-7C18-C43B9272838E}.mirai, width=170, height=170, size=34681, type=GIF, isEmoji=true]), Node(senderId=1094950020, time=1697107521, senderName=AKUA, messageChain=删！), Node(senderId=1094950020, time=1697107531, senderName=盗版碟店店长瓜, messageChain=你不会以为我在问别人的吧), Node(senderId=1094950020, time=1697107532, senderName=奶特, messageChain=删游戏吧), Node(senderId=1094950020, time=1697107535, senderName=奶特, messageChain=[mirai:image:{DEEAE683-E29F-A7D0-E182-00CC5A4E0F66}.mirai, width=648, height=648, size=56674, type=JPG, isEmoji=true]), Node(senderId=1094950020, time=1697107540, senderName=奶特, messageChain=什么垃圾游戏), Node(senderId=1094950020, time=1697107544, senderName=AKUA, messageChain=这下谔谔了)])
2023-10-12 18:47:03 V/Bot.2398493975: [没有獭獭军团@吃啥(887156367)] hzc@獭獭軍団二度受(2384102753) -> 我伊织练度没上来都
2023-10-12 18:48:17 V/Bot.2398493975: [没有獭獭军团@吃啥(887156367)] 獭獭ʕ❍ᴥ❍ʔ没有獭獭军团(1609323331) -> 期望143抽是这样的捏
2023-10-12 18:48:20 V/Bot.2398493975: [没有獭獭军团@吃啥(887156367)] 獭獭ʕ❍ᴥ❍ʔ没有獭獭军团(1609323331) -> [mirai:image:{BAB3993A-84F6-D054-AE14-915ADDC7B956}.png, width=370, height=300, size=18856, type=GIF, isEmoji=true]
2023-10-12 18:49:29 V/Bot.2398493975: [没有獭獭军团@吃啥(887156367)] zz@獺獺軍団(771507043) -> [不支持的消息#84517344][mirai:image:{DA33FC6D-46C3-1274-8515-21F6F64A8418}.jpg, width=304, height=136, size=18188, type=PNG, isEmoji=false]千分之2
2023-10-12 18:49:35 V/Bot.2398493975: [没有獭獭军团@吃啥(887156367)] zz@獺獺軍団(771507043) -> 200无彩
2023-10-12 18:49:36 V/Bot.2398493975: [没有獭獭军团@吃啥(887156367)] 獭獭ʕ❍ᴥ❍ʔ没有獭獭军团(1609323331) -> 趁没换场去jjc卷一下
2023-10-12 18:49:51 V/Bot.2398493975: [没有獭獭军团@吃啥(887156367)] hzc@獭獭軍団二度受(2384102753) -> 哦
2023-10-12 18:50:12 V/Bot.2398493975: [没有獭獭军团@吃啥(887156367)] hzc@獭獭軍団二度受(2384102753) -> 有瞬跟响可以jjc了
2023-10-12 18:50:25 V/Bot.2398493975: [没有獭獭军团@吃啥(887156367)] 獭獭ʕ❍ᴥ❍ʔ没有獭獭军团(1609323331) -> ba抽卡欲望比较低
2023-10-12 18:50:27 V/Bot.2398493975: [没有獭獭军团@吃啥(887156367)] 獭獭ʕ❍ᴥ❍ʔ没有獭獭军团(1609323331) -> [mirai:image:{7353CC2F-4CE3-B98B-42A6-E1B0C7EFAA86}.png, width=370, height=300, size=62061, type=GIF, isEmoji=true]
2023-10-12 18:50:37 V/Bot.2398493975: [没有獭獭军团@吃啥(887156367)] 獭獭ʕ❍ᴥ❍ʔ没有獭獭军团(1609323331) -> 抽了也练不动技能
2023-10-12 18:50:41 V/Bot.2398493975: [没有獭獭军团@吃啥(887156367)] 獭獭ʕ❍ᴥ❍ʔ没有獭獭军团(1609323331) -> [mirai:image:{4EDDAE51-2EA5-50F1-9CCF-6CD49C679B3A}.png, width=236, height=226, size=161862, type=GIF, isEmoji=true]
2023-10-12 18:50:44 V/Bot.2398493975: [没有獭獭军团@吃啥(887156367)] Freeze_Kirin@自己开除自己(768173212) -> 感觉红叶
2023-10-12 18:50:47 V/Bot.2398493975: [SHT荔枝麻酱协会(493057481)] 积极废人🙃(334510520) -> 有无[托腮]
2023-10-12 18:50:53 V/Bot.2398493975: [没有獭獭军团@吃啥(887156367)] Freeze_Kirin@自己开除自己(768173212) -> 还有点点用（指防御演习）
2023-10-12 18:51:14 V/Bot.2398493975: [没有獭獭军团@吃啥(887156367)] 獭獭ʕ❍ᴥ❍ʔ没有獭獭军团(1609323331) -> 4过了就不管了 不想凹分了
2023-10-12 18:51:25 V/Bot.2398493975: [没有獭獭军团@吃啥(887156367)] 獭獭ʕ❍ᴥ❍ʔ没有獭獭军团(1609323331) -> 就5个币
2023-10-12 18:51:29 V/Bot.2398493975: [没有獭獭军团@吃啥(887156367)] hzc@獭獭軍団二度受(2384102753) -> 说明资源还是太少
2023-10-12 18:51:30 V/Bot.2398493975: [没有獭獭军团@吃啥(887156367)] 獭獭ʕ❍ᴥ❍ʔ没有獭獭军团(1609323331) -> [mirai:image:{FA5753EB-4165-A539-4DD1-D8B4EDA61C5A}.png, width=284, height=208, size=63373, type=GIF, isEmoji=true]
2023-10-12 18:51:33 V/Bot.2398493975: [没有獭獭军团@吃啥(887156367)] Freeze_Kirin@自己开除自己(768173212) -> 我自己只能443（）
2023-10-12 18:51:44 V/Bot.2398493975: [没有獭獭军团@吃啥(887156367)] 獭獭ʕ❍ᴥ❍ʔ没有獭獭军团(1609323331) -> [mirai:image:{AFC6E4DA-4B8F-DE2C-C933-606D21498AA0}.png, width=324, height=300, size=62607, type=GIF, isEmoji=true]
2023-10-12 18:51:54 V/Bot.2398493975: [没有獭獭军团@吃啥(887156367)] Freeze_Kirin@自己开除自己(768173212) -> 第三队过3都费劲。全靠水花子打4
2023-10-12 18:51:59 V/Bot.2398493975: [没有獭獭军团@吃啥(887156367)] 哭哭Excel@被獭獭军团开除6次(472247053) -> 没人用 打不过第三个4乐
2023-10-12 18:52:00 V/Bot.2398493975: [没有獭獭军团@吃啥(887156367)] 獭獭ʕ❍ᴥ❍ʔ没有獭獭军团(1609323331) -> 千世这次很好用
2023-10-12 18:52:18 V/Bot.2398493975: [没有獭獭军团@吃啥(887156367)] zz@獺獺軍団(771507043) -> [不支持的消息#-687312201][mirai:image:{DCDFFC11-0A61-F22A-D395-712A8BC3A518}.jpg, width=1170, height=2532, size=382090, type=PNG, isEmoji=false]
2023-10-12 18:52:18 V/Bot.2398493975: [没有獭獭军团@吃啥(887156367)] 獭獭ʕ❍ᴥ❍ʔ没有獭獭军团(1609323331) -> 用大叔或者阿姨什么的把怪推一推
2023-10-12 18:52:32 V/Bot.2398493975: [没有獭獭军团@吃啥(887156367)] hzc@獭獭軍団二度受(2384102753) -> ？
2023-10-12 18:52:36 V/Bot.2398493975: [没有獭獭军团@吃啥(887156367)] 獭獭ʕ❍ᴥ❍ʔ没有獭獭军团(1609323331) -> ？
2023-10-12 18:52:39 V/Bot.2398493975: [没有獭獭军团@吃啥(887156367)] 哭哭Excel@被獭獭军团开除6次(472247053) -> ？
2023-10-12 18:53:23 I/UnidbgFetchQsign: Bot(2398493975) request_token, submit success
2023-10-12 18:53:28 V/Bot.2398493975: [没有獭獭军团@吃啥(887156367)] Freeze_Kirin@自己开除自己(768173212) -> ？
2023-10-12 18:53:44 V/Bot.2398493975: [没有獭獭军团@吃啥(887156367)] zz@獺獺軍団(771507043) -> [不支持的消息#344769761][mirai:image:{BD3C6165-2D4F-D69F-AEF7-BD021F55DE84}.jpg, width=510, height=1048, size=129540, type=PNG, isEmoji=false]
2023-10-12 18:54:30 V/Bot.2398493975: [没有獭獭军团@吃啥(887156367)] Freeze_Kirin@自己开除自己(768173212) -> [mirai:quote:[mirai:source:ids=[82284], internalIds=[18882620], from 1609323331 to 887156367 at 1697107938], content=<not yet initialized>][mirai:at:1609323331] 没有阿姨，也没练大叔
2023-10-12 18:55:08 V/Bot.2398493975: [没有獭獭军团@吃啥(887156367)] Freeze_Kirin@自己开除自己(768173212) -> [mirai:image:{1B1A8850-DEE8-952C-583B-C227A94CFB09}.jpg, width=300, height=192, size=6655, type=JPG, isEmoji=false]
2023-10-12 19:01:01 V/Bot.2398493975: [没有獭獭军团@吃啥(887156367)] 獭獭ʕ❍ᴥ❍ʔ没有獭獭军团(1609323331) -> 来学活206你也可以感受人与人的联结，感受真诚互动的触动
2023-10-12 19:01:21 V/Bot.2398493975: [没有獭獭军团@吃啥(887156367)] 獭獭ʕ❍ᴥ❍ʔ没有獭獭军团(1609323331) -> [mirai:quote:[mirai:source:ids=[82292], internalIds=[1758520054], from 1609323331 to 887156367 at 1697108461], content=<not yet initialized>]发了5分钟没发出来
2023-10-12 19:01:25 V/Bot.2398493975: [没有獭獭军团@吃啥(887156367)] 獭獭ʕ❍ᴥ❍ʔ没有獭獭军团(1609323331) -> [mirai:image:{4EDDAE51-2EA5-50F1-9CCF-6CD49C679B3A}.png, width=236, height=226, size=161862, type=GIF, isEmoji=true]
2023-10-12 19:07:36 V/Bot.2398493975: [没有獭獭军团@吃啥(887156367)] hzc@獭獭軍団二度受(2384102753) -> [mirai:image:{AFC6E4DA-4B8F-DE2C-C933-606D21498AA0}.png, width=324, height=300, size=62607, type=GIF, isEmoji=true]
2023-10-12 19:33:24 I/UnidbgFetchQsign: Bot(2398493975) request_token, submit success
2023-10-12 19:55:30 V/Bot.2398493975: [没有獭獭军团@吃啥(887156367)] 冰水@不会反身跳军团(308217149) -> 草 五点四十吃完饭想着眯一会 刚才睁开了眼
2023-10-12 19:56:56 V/Bot.2398493975: [没有獭獭军团@吃啥(887156367)] naf@獭獭军团(3469392519) -> 2个小时还好吧
2023-10-12 19:57:31 V/Bot.2398493975: [没有獭獭军团@吃啥(887156367)] 冰水@不会反身跳军团(308217149) -> 但是也没很困啊）
2023-10-12 19:57:37 V/Bot.2398493975: [没有獭獭军团@吃啥(887156367)] 冰水@不会反身跳军团(308217149) -> 一小时前应该上班）
2023-10-12 19:57:50 V/Bot.2398493975: [没有獭獭军团@吃啥(887156367)] naf@獭獭军团(3469392519) -> 开翘
2023-10-12 19:57:51 V/Bot.2398493975: [没有獭獭军团@吃啥(887156367)] naf@獭獭军团(3469392519) -> [mirai:image:{837EF337-110F-D5C2-D495-91095C91A6AB}.jpg, width=64, height=54, size=786, type=JPG, isEmoji=true]
2023-10-12 19:59:56 V/Bot.2398493975: [没有獭獭军团@吃啥(887156367)] 獭獭ʕ❍ᴥ❍ʔ没有獭獭军团(1609323331) -> [mirai:image:{837EF337-110F-D5C2-D495-91095C91A6AB}.png, width=64, height=54, size=786, type=JPG, isEmoji=true]
2023-10-12 20:01:10 V/Bot.2398493975: [test(389193066)] dd小助手(3459246674) -> 赤五教教主亮亮 正在直播 谁懂啊嘴角上火抹西瓜霜上到鼻孔里了！！！
https://live.bilibili.com/23490978
2023-10-12 20:01:11 V/Bot.2398493975: [test(389193066)] dd小助手(3459246674) -> [mirai:image:{4209C5EF-88AE-8346-2B76-41C6A739D801}.jpg, width=704, height=396, size=95467, type=JPG, isEmoji=false]
2023-10-12 20:01:12 V/Bot.2398493975: [test(389193066)] dd小助手(3459246674) -> 已设置@全体成员但没有管理员权限,将尝试@指定成员,请需要接收单独@消息的群员使用"开播@我"命令进行订阅
2023-10-12 20:06:35 V/Bot.2398493975: [没有獭獭军团@吃啥(887156367)] 獭獭ʕ❍ᴥ❍ʔ没有獭獭军团(1609323331) -> [mirai:image:{64401CC0-E72A-F148-6492-36BA668FD715}.png, width=960, height=300, size=95906, type=JPG, isEmoji=false]
2023-10-12 20:09:57 V/Bot.2398493975: [没有獭獭军团@吃啥(887156367)] 冰水@不会反身跳军团(308217149) -> 笨笨拍桌
2023-10-12 20:12:33 V/Bot.2398493975: [没有獭獭军团@吃啥(887156367)] 獭獭锤子大鸽@被獭獭军团开除(963423936) -> 想打雀
2023-10-12 20:12:34 V/Bot.2398493975: [没有獭獭军团@吃啥(887156367)] 獭獭锤子大鸽@被獭獭军团开除(963423936) -> 下班了
2023-10-12 20:13:03 V/Bot.2398493975: [没有獭獭军团@吃啥(887156367)]         军团太子(1297471104) -> go
2023-10-12 20:13:12 V/Bot.2398493975: [没有獭獭军团@吃啥(887156367)] 冰水@不会反身跳军团(308217149) -> 呜呜
2023-10-12 20:13:25 I/UnidbgFetchQsign: Bot(2398493975) request_token, submit success
2023-10-12 20:14:25 V/Bot.2398493975: [没有獭獭军团@吃啥(887156367)] 獭獭锤子大鸽@被獭獭军团开除(963423936) -> [mirai:image:{955EC380-A468-054B-5B08-20E8D4D1DAF5}.png, width=480, height=480, size=226395, type=GIF, isEmoji=true]
2023-10-12 20:14:53 V/Bot.2398493975: [没有獭獭军团@吃啥(887156367)]         军团太子(1297471104) -> 我马上下班就走x
2023-10-12 20:15:23 V/Bot.2398493975: [没有獭獭军团@吃啥(887156367)] Freeze_Kirin@自己开除自己(768173212) -> [mirai:image:{79EEB394-783C-BC43-8302-2E0C777046E5}.png, width=1207, height=107, size=98214, type=PNG, isEmoji=false]
2023-10-12 20:16:00 V/Bot.2398493975: [没有獭獭军团@吃啥(887156367)]         军团太子(1297471104) -> 下班：指把体力清完
2023-10-12 20:16:26 V/Bot.2398493975: [没有獭獭军团@吃啥(887156367)] Freeze_Kirin@自己开除自己(768173212) -> 我要去当强盗了
2023-10-12 20:16:49 V/Bot.2398493975: [没有獭獭军团@吃啥(887156367)]         军团太子(1297471104) -> 你昨天不是清过了吗
2023-10-12 20:17:14 V/Bot.2398493975: [没有獭獭军团@吃啥(887156367)] Freeze_Kirin@自己开除自己(768173212) -> 有个怪，材料要的太多了
2023-10-12 20:22:27 V/Bot.2398493975: [没有獭獭军团@吃啥(887156367)] 獭獭锤子大鸽@被獭獭军团开除(963423936) -> 我去学活了
2023-10-12 20:22:30 V/Bot.2398493975: [没有獭獭军团@吃啥(887156367)] 獭獭锤子大鸽@被獭獭军团开除(963423936) -> [mirai:image:{955EC380-A468-054B-5B08-20E8D4D1DAF5}.png, width=480, height=480, size=226395, type=GIF, isEmoji=true]
2023-10-12 20:28:35 V/Bot.2398493975: [没有獭獭军团@吃啥(887156367)] 獭獭锤子大鸽@被獭獭军团开除(963423936) -> 我超
2023-10-12 20:28:38 V/Bot.2398493975: [没有獭獭军团@吃啥(887156367)] 獭獭锤子大鸽@被獭獭军团开除(963423936) -> 一个人都没有
2023-10-12 20:28:43 V/Bot.2398493975: [没有獭獭军团@吃啥(887156367)] 獭獭锤子大鸽@被獭獭军团开除(963423936) -> [mirai:image:{FB9C65FB-5685-1B12-1B13-836B38246164}.png, width=292, height=205, size=61102, type=GIF, isEmoji=true]
2023-10-12 20:28:45 V/Bot.2398493975: [没有獭獭军团@吃啥(887156367)] 哭哭Excel@被獭獭军团开除6次(472247053) -> [mirai:image:{955EC380-A468-054B-5B08-20E8D4D1DAF5}.png, width=480, height=480, size=226395, type=GIF, isEmoji=false]
2023-10-12 20:29:51 V/Bot.2398493975: [没有獭獭军团@吃啥(887156367)] Freeze_Kirin@自己开除自己(768173212) -> 等下就来
2023-10-12 20:29:52 V/Bot.2398493975: [没有獭獭军团@吃啥(887156367)]         军团太子(1297471104) -> 我最后40体力
2023-10-12 20:29:55 V/Bot.2398493975: [没有獭獭军团@吃啥(887156367)]         军团太子(1297471104) -> 打完了就来
2023-10-12 20:29:56 V/Bot.2398493975: [没有獭獭军团@吃啥(887156367)] Freeze_Kirin@自己开除自己(768173212) -> 你先别急
2023-10-12 20:30:23 V/Bot.2398493975: [SHT荔枝麻酱协会(493057481)] 殒落凡尘的星(2510816477) -> 有无[托腮]
2023-10-12 20:30:58 V/Bot.2398493975: [SHT荔枝麻酱协会(493057481)] Tip Top(1274071010) -> 有无德（故意错群）
2023-10-12 20:32:16 V/Bot.2398493975: [没有獭獭军团@吃啥(887156367)] 獭獭锤子大鸽@被獭獭军团开除(963423936) -> [mirai:image:{FB9C65FB-5685-1B12-1B13-836B38246164}.png, width=292, height=205, size=61102, type=GIF, isEmoji=true]
2023-10-12 20:32:41 V/Bot.2398493975: [没有獭獭军团@吃啥(887156367)]         军团太子(1297471104) -> go
2023-10-12 20:32:43 V/Bot.2398493975: [没有獭獭军团@吃啥(887156367)]         军团太子(1297471104) -> 我出发了
2023-10-12 20:37:13 V/Bot.2398493975: [没有獭獭军团@吃啥(887156367)] 獭獭锤子大鸽@被獭獭军团开除(963423936) -> [mirai:image:{955EC380-A468-054B-5B08-20E8D4D1DAF5}.png, width=480, height=480, size=226395, type=GIF, isEmoji=true]
2023-10-12 20:41:07 V/Bot.2398493975: [没有獭獭军团@吃啥(887156367)] 獭獭ʕ❍ᴥ❍ʔ没有獭獭军团(1609323331) -> 来了
2023-10-12 20:41:19 V/Bot.2398493975: [没有獭獭军团@吃啥(887156367)] 獭獭ʕ❍ᴥ❍ʔ没有獭獭军团(1609323331) -> 刚刚开热点的手机暴毙了
2023-10-12 20:41:28 V/Bot.2398493975: [没有獭獭军团@吃啥(887156367)]         军团太子(1297471104) -> 可以开内部桌了
2023-10-12 20:41:32 V/Bot.2398493975: [没有獭獭军团@吃啥(887156367)]         军团太子(1297471104) -> [mirai:image:{AAD9F28C-DBC3-37A2-241A-5775254E27F6}.jpg, width=1098, height=1080, size=241017, type=JPG, isEmoji=true]
2023-10-12 20:41:49 V/Bot.2398493975: [没有獭獭军团@吃啥(887156367)] 獭獭ʕ❍ᴥ❍ʔ没有獭獭军团(1609323331) -> wy
2023-10-12 20:41:53 V/Bot.2398493975: [没有獭獭军团@吃啥(887156367)] 獭獭ʕ❍ᴥ❍ʔ没有獭獭军团(1609323331) -> 帮我拿
2023-10-12 20:41:53 V/Bot.2398493975: [没有獭獭军团@吃啥(887156367)] 獭獭ʕ❍ᴥ❍ʔ没有獭獭军团(1609323331) -> ipad
2023-10-12 20:42:09 V/Bot.2398493975: [没有獭獭军团@吃啥(887156367)] 獭獭ʕ❍ᴥ❍ʔ没有獭獭军团(1609323331) -> [mirai:image:{8B7D494F-27EC-B716-D242-0D8FF95BB9C2}.png, width=109, height=81, size=85057, type=GIF, isEmoji=true]
2023-10-12 20:42:30 V/Bot.2398493975: [没有獭獭军团@吃啥(887156367)]         军团太子(1297471104) -> [mirai:image:{CAD26ED6-DCF4-15C5-4E87-F30E309635F8}.jpg, width=960, height=1280, size=102868, type=JPG, isEmoji=false]
2023-10-12 20:42:52 V/Bot.2398493975: [没有獭獭军团@吃啥(887156367)] 獭獭ʕ❍ᴥ❍ʔ没有獭獭军团(1609323331) -> [mirai:image:{992FF598-7F52-F9FD-4901-5C55C671D20B}.png, width=1890, height=4096, size=1778354, type=JPG, isEmoji=false]
2023-10-12 20:42:58 V/Bot.2398493975: [没有獭獭军团@吃啥(887156367)] 獭獭ʕ❍ᴥ❍ʔ没有獭獭军团(1609323331) -> [不支持的消息#-410990730]
2023-10-12 20:43:20 V/Bot.2398493975: [没有獭獭军团@吃啥(887156367)] hm@獭獭不走人行道军团(2461942798) -> 我也来我也来来
2023-10-12 20:43:44 V/Bot.2398493975: [没有獭獭军团@吃啥(887156367)] Freeze_Kirin@自己开除自己(768173212) -> [mirai:quote:[mirai:source:ids=[82335], internalIds=[1284477735], from 1609323331 to 887156367 at 1697114513], content=<not yet initialized>][mirai:at:1609323331] 1
2023-10-12 20:44:22 V/Bot.2398493975: [SHT荔枝麻酱协会(493057481)] 1st(576851388) -> 都要先铺布（
2023-10-12 20:44:22 V/Bot.2398493975: [没有獭獭军团@吃啥(887156367)] 獭獭ʕ❍ᴥ❍ʔ没有獭獭军团(1609323331) -> [mirai:image:{286D7988-AAFB-7B44-4D72-CE65A871D59C}.png, width=1890, height=4096, size=1855347, type=JPG, isEmoji=false]
2023-10-12 20:44:28 V/Bot.2398493975: [没有獭獭军团@吃啥(887156367)] 獭獭锤子大鸽@被獭獭军团开除(963423936) -> wy捏
2023-10-12 20:47:32 V/Bot.2398493975: [没有獭獭军团@吃啥(887156367)]         军团太子(1297471104) -> 又要变成5个人哩XD
2023-10-12 20:50:23 V/Bot.2398493975: [没有獭獭军团@吃啥(887156367)] Freeze_Kirin@自己开除自己(768173212) -> 临时被ylf逮捕，现在准备出门了
2023-10-12 20:50:54 V/Bot.2398493975: [SHT荔枝麻酱协会(493057481)] rokina(1024182759) -> ywyw
2023-10-12 20:50:58 V/Bot.2398493975: [没有獭獭军团@吃啥(887156367)] Freeze_Kirin@自己开除自己(768173212) -> [mirai:at:1609323331] ipad在哪
2023-10-12 20:51:09 V/Bot.2398493975: [没有獭獭军团@吃啥(887156367)]         军团太子(1297471104) -> [mirai:image:{F9AF4EC7-82E9-14DF-F653-D49935B68E36}.jpg, width=1080, height=1080, size=863690, type=PNG, isEmoji=true]
2023-10-12 20:51:23 V/Bot.2398493975: [没有獭獭军团@吃啥(887156367)] Freeze_Kirin@自己开除自己(768173212) -> 哦看到了
2023-10-12 20:51:29 V/Bot.2398493975: [没有獭獭军团@吃啥(887156367)] Freeze_Kirin@自己开除自己(768173212) -> 原来换成白色壳子了
2023-10-12 20:51:36 V/Bot.2398493975: [没有獭獭军团@吃啥(887156367)]         军团太子(1297471104) -> 那hm呢
2023-10-12 20:51:49 V/Bot.2398493975: [没有獭獭军团@吃啥(887156367)] hm@獭獭不走人行道军团(2461942798) -> 在路上
2023-10-12 20:53:31 I/UnidbgFetchQsign: Bot(2398493975) request_token, submit success
2023-10-12 20:55:51 V/Bot.2398493975: [没有獭獭军团@吃啥(887156367)] 獭獭ʕ❍ᴥ❍ʔ没有獭獭军团(1609323331) -> ！jrrp
2023-10-12 20:55:52 V/Bot.2398493975: Group(887156367) <- 今日人品：小吉
今日适宜役种：三杠子
(为防止刷屏，一日内不可多次查询哦！)
2023-10-12 21:02:44 V/Bot.2398493975: [没有獭獭军团@吃啥(887156367)] hm@獭獭不走人行道军团(2461942798) -> 在哪
2023-10-12 21:11:53 V/Bot.2398493975: [没有獭獭军团@吃啥(887156367)] 冰水@不会反身跳军团(308217149) -> 一会下班就过去
2023-10-12 21:33:31 I/UnidbgFetchQsign: Bot(2398493975) request_token, submit success
2023-10-12 21:40:27 V/Bot.2398493975: [没有獭獭军团@吃啥(887156367)] hzc@獭獭軍団二度受(2384102753) -> ？
2023-10-12 21:40:31 V/Bot.2398493975: [没有獭獭军团@吃啥(887156367)] hzc@獭獭軍団二度受(2384102753) -> [mirai:image:{FB9C65FB-5685-1B12-1B13-836B38246164}.png, width=292, height=205, size=61102, type=GIF, isEmoji=true]
2023-10-12 21:58:13 V/Bot.2398493975: [没有獭獭军团@吃啥(887156367)] 獭獭ʕ❍ᴥ❍ʔ没有獭獭军团(1609323331) -> 50300
2023-10-12 21:58:23 V/Bot.2398493975: [没有獭獭军团@吃啥(887156367)] Freeze_Kirin@自己开除自己(768173212) -> ！吃鱼
2023-10-12 21:58:24 V/Bot.2398493975: Group(887156367) <- 昵称：只困君
段位：5级
rate：1590.95
近期顺位：1221233213
更多数据请访问：http://shanghaitech-mahjong.top/userid/768173212
2023-10-12 21:58:29 V/Bot.2398493975: [没有獭獭军团@吃啥(887156367)] 冰水@不会反身跳军团(308217149) -> 等我两分钟.jpg
2023-10-12 21:58:31 V/Bot.2398493975: [没有獭獭军团@吃啥(887156367)] 冰水@不会反身跳军团(308217149) -> 到楼下了
2023-10-12 21:58:34 V/Bot.2398493975: [没有獭獭军团@吃啥(887156367)] 獭獭锤子大鸽@被獭獭军团开除(963423936) -> 16400
2023-10-12 21:58:36 V/Bot.2398493975: [没有獭獭军团@吃啥(887156367)] 优雅猛牛(695150175) -> ！吃鱼
2023-10-12 21:58:37 V/Bot.2398493975: Group(887156367) <- 昵称：优雅猛牛
段位：新人
rate：1470.53
近期顺位：144
更多数据请访问：http://shanghaitech-mahjong.top/userid/695150175
2023-10-12 21:58:39 V/Bot.2398493975: [没有獭獭军团@吃啥(887156367)]         军团太子(1297471104) -> 23500
2023-10-12 21:58:41 V/Bot.2398493975: [没有獭獭军团@吃啥(887156367)] Freeze_Kirin@自己开除自己(768173212) -> 8800
2023-10-12 21:58:43 V/Bot.2398493975: Group(887156367) <- 点数有误，总和不为100000！
2023-10-12 21:58:47 V/Bot.2398493975: [没有獭獭军团@吃啥(887156367)] 獭獭ʕ❍ᴥ❍ʔ没有獭獭军团(1609323331) -> 51300
2023-10-12 21:58:48 V/Bot.2398493975: Group(887156367) <- 记录成功：
獭獭ʕ❍ᴥ❍ʔ没有獭獭军团: 51300
        军团太子: 23500
獭獭锤子大鸽@被獭獭军团开除: 16400
Freeze_Kirin@自己开除自己: 8800
2023-10-12 21:59:09 V/Bot.2398493975: [没有獭獭军团@吃啥(887156367)] 獭獭ʕ❍ᴥ❍ʔ没有獭獭军团(1609323331) -> [mirai:at:2461942798] 
2023-10-12 21:59:14 V/Bot.2398493975: [没有獭獭军团@吃啥(887156367)] 獭獭ʕ❍ᴥ❍ʔ没有獭獭军团(1609323331) -> ！记仇
2023-10-12 21:59:29 V/Bot.2398493975: [没有獭獭军团@吃啥(887156367)] 獭獭ʕ❍ᴥ❍ʔ没有獭獭军团(1609323331) -> [mirai:at:1297471104] ！记仇
2023-10-12 21:59:30 V/Bot.2398493975: Group(887156367) <- 您与        军团太子共进行过18场对局，你对TA的仇恨值为-1。
你的胜率：55.56%
你的均顺：2.5
对方均顺：2.56
2023-10-12 21:59:40 V/Bot.2398493975: [没有獭獭军团@吃啥(887156367)] 獭獭ʕ❍ᴥ❍ʔ没有獭獭军团(1609323331) -> [mirai:at:768173212] ！记仇
2023-10-12 21:59:41 V/Bot.2398493975: Group(887156367) <- 您与Freeze_Kirin@自己开除自己共进行过3场对局，你对TA的仇恨值为-3。
你的胜率：66.67%
你的均顺：2.0
对方均顺：3.0
2023-10-12 22:13:32 I/UnidbgFetchQsign: Bot(2398493975) request_token, submit success
2023-10-12 22:47:53 V/Bot.2398493975: [SHT荔枝麻酱协会(493057481)] 冰水 麻将小怨妇(x(308217149) -> [mirai:image:{81F7CE03-BED6-0703-EF10-D3859C2DEBAF}.jpg, width=1920, height=1440, size=141821, type=JPG, isEmoji=false]
2023-10-12 22:48:08 V/Bot.2398493975: [SHT荔枝麻酱协会(493057481)] 风行(1685448924) -> ？
2023-10-12 22:48:10 V/Bot.2398493975: [SHT荔枝麻酱协会(493057481)] 风行(1685448924) -> 没绷住
2023-10-12 22:49:15 V/Bot.2398493975: [SHT荔枝麻酱协会(493057481)] 4000all！(1846411487) -> ？
2023-10-12 22:51:03 V/Bot.2398493975: [SHT荔枝麻酱协会(493057481)] 太空军校生(2727776885) -> 18300
2023-10-12 22:51:09 V/Bot.2398493975: [SHT荔枝麻酱协会(493057481)] zz(771507043) -> 42900
2023-10-12 22:51:16 V/Bot.2398493975: [SHT荔枝麻酱协会(493057481)] 太空军校生(2727776885) -> 7300[mirai:at:1520829968] 
2023-10-12 22:51:17 V/Bot.2398493975: [SHT荔枝麻酱协会(493057481)] Achtung thee(964893961) -> 31500
2023-10-12 22:51:19 V/Bot.2398493975: Group(493057481) <- 记录成功：
zz: 42900
Achtung thee: 31500
太空军校生: 18300
豌豆射手: 7300
2023-10-12 22:53:38 I/UnidbgFetchQsign: Bot(2398493975) request_token, submit success
2023-10-12 23:07:49 V/Bot.2398493975: [没有獭獭军团@吃啥(887156367)]         军团太子(1297471104) -> 38800
2023-10-12 23:07:56 V/Bot.2398493975: [没有獭獭军团@吃啥(887156367)] 獭獭锤子大鸽@被獭獭军团开除(963423936) -> -3600
2023-10-12 23:08:10 V/Bot.2398493975: [SHT荔枝麻酱协会(493057481)] 冰水 麻将小怨妇(x(308217149) -> 43200
2023-10-12 23:08:25 V/Bot.2398493975: [没有獭獭军团@吃啥(887156367)] 冰水@不会反身跳军团(308217149) -> 43200
2023-10-12 23:08:27 V/Bot.2398493975: [没有獭獭军团@吃啥(887156367)] Freeze_Kirin@自己开除自己(768173212) -> 21600
2023-10-12 23:08:28 V/Bot.2398493975: Group(887156367) <- 记录成功：
冰水 麻将小怨妇(x: 43200
        军团太子: 38800
Freeze_Kirin@自己开除自己: 21600
獭獭锤子大鸽@被獭獭军团开除: -3600
2023-10-12 23:09:11 V/Bot.2398493975: [test(389193066)] dd小助手(3459246674) -> 赤五教教主亮亮 直播结束了
2023-10-12 23:09:22 V/Bot.2398493975: [test(389193066)] dd小助手(3459246674) -> [mirai:image:{057CF96A-0D55-92C0-1EB4-6D8D0E464CFD}.png, width=1000, height=6337, size=780344, type=PNG, isEmoji=false]
2023-10-12 23:13:40 V/Bot.2398493975: [没有獭獭军团@吃啥(887156367)] hzc@獭獭軍団二度受(2384102753) -> 好想分身啊
2023-10-12 23:14:31 V/Bot.2398493975: [没有獭獭军团@吃啥(887156367)] hzc@獭獭軍団二度受(2384102753) -> 直接分成3个 1个来打雀
2023-10-12 23:15:16 V/Bot.2398493975: [没有獭獭军团@吃啥(887156367)] naf@獭獭军团(3469392519) -> 分成4个，直接自己开一桌，轻松获得一位
2023-10-12 23:15:24 V/Bot.2398493975: [没有獭獭军团@吃啥(887156367)] naf@獭獭军团(3469392519) -> [mirai:image:{95DB3BDE-A40A-89AD-0F92-9AC708483494}.jpg, width=220, height=220, size=22809, type=JPG, isEmoji=true]
2023-10-12 23:17:25 V/Bot.2398493975: [没有獭獭军团@吃啥(887156367)] 冰水@不会反身跳军团(308217149) -> ！吃鱼
2023-10-12 23:17:26 V/Bot.2398493975: Group(887156367) <- 昵称：冰水 麻将小怨妇(x
段位：5级
rate：1550.9
近期顺位：1243221
更多数据请访问：http://shanghaitech-mahjong.top/userid/308217149
2023-10-12 23:32:26 V/Bot.2398493975: [没有獭獭军团@吃啥(887156367)] 冰水@不会反身跳军团(308217149) -> 蜜的车头是谁来着
2023-10-12 23:32:32 V/Bot.2398493975: [没有獭獭军团@吃啥(887156367)] Freeze_Kirin@自己开除自己(768173212) -> xfw
2023-10-12 23:33:39 I/UnidbgFetchQsign: Bot(2398493975) request_token, submit success
2023-10-12 23:38:47 V/Bot.2398493975: [SHT荔枝麻酱协会(493057481)] zz(771507043) -> 41600
2023-10-12 23:38:49 V/Bot.2398493975: [SHT荔枝麻酱协会(493057481)] 太空军校生(2727776885) -> -5000
2023-10-12 23:39:06 V/Bot.2398493975: [SHT荔枝麻酱协会(493057481)] Achtung thee(964893961) -> 32000
2023-10-12 23:40:11 V/Bot.2398493975: [SHT荔枝麻酱协会(493057481)] 豌豆射手(1520829968) -> 31400
2023-10-12 23:40:12 V/Bot.2398493975: Group(493057481) <- 记录成功：
zz: 41600
Achtung thee: 32000
豌豆射手: 31400
太空军校生: -5000
2023-10-12 23:46:31 V/Bot.2398493975: [没有獭獭军团@吃啥(887156367)] 冰水@不会反身跳军团(308217149) -> 怎么kirin下班了）
2023-10-12 23:47:28 V/Bot.2398493975: [没有獭獭军团@吃啥(887156367)] Freeze_Kirin@自己开除自己(768173212) -> 我们回去了
2023-10-12 23:47:46 V/Bot.2398493975: [没有獭獭军团@吃啥(887156367)] Freeze_Kirin@自己开除自己(768173212) -> 他等应该会再上班
2023-10-12 23:48:22 V/Bot.2398493975: [没有獭獭军团@吃啥(887156367)] 獭獭ʕ❍ᴥ❍ʔ没有獭獭军团(1609323331) -> [mirai:image:{BB1EEC18-AA04-9AC1-8170-5FC2384F2771}.jpg, width=2388, height=1668, size=174718, type=JPG, isEmoji=false]
2023-10-12 23:57:20 V/Bot.2398493975: [没有獭獭军团@吃啥(887156367)] 獭獭ʕ❍ᴥ❍ʔ没有獭獭军团(1609323331) -> ！help
2023-10-12 23:57:21 V/Bot.2398493975: Group(887156367) <- 使用指南：http://shanghaitech-mahjong.top/help
2023-10-12 23:57:49 V/Bot.2398493975: [没有獭獭军团@吃啥(887156367)] 獭獭ʕ❍ᴥ❍ʔ没有獭獭军团(1609323331) -> [mirai:image:{32961932-5737-36DC-EAD4-E5F03726FBED}.png, width=163, height=147, size=5187, type=PNG, isEmoji=false]
2023-10-12 23:59:03 V/Bot.2398493975: [没有獭獭军团@吃啥(887156367)] 獭獭ʕ❍ᴥ❍ʔ没有獭獭军团(1609323331) -> [mirai:image:{8C0B9BD5-BF24-2BA4-1AEE-86DCC34AB92B}.png, width=643, height=50, size=10962, type=PNG, isEmoji=false][mirai:image:{47D9BEE7-CA87-C51F-C189-3EA1D9A7C118}.gif, width=200, height=157, size=70949, type=GIF, isEmoji=true]
