2023-08-19 00:23:38 V/Bot.2398493975: [獭獭哪凉快呆哪军团@(887156367)] 萝卜@萝卜軍団(690875992) -> [mirai:image:{15A49FD2-8AF1-04E8-8AA3-7D410EABF746}.jpg, width=1280, height=1170, size=92951, type=JPG, isEmoji=false]
2023-08-19 00:32:52 I/UnidbgFetchQsign: Bot(2398493975) request_token, submit success
2023-08-19 00:58:55 V/Bot.2398493975: [獭獭哪凉快呆哪军团@(887156367)] zz@獺獺軍団(771507043) -> [mirai:image:{7F4460AE-4EC3-9D49-626B-9F049253EBDE}.png, width=1284, height=1001, size=149815, type=JPG, isEmoji=false]
2023-08-19 01:12:53 I/UnidbgFetchQsign: Bot(2398493975) request_token, submit success
2023-08-19 01:31:30 V/Bot.2398493975: [獭獭哪凉快呆哪军团@(887156367)] 小獭暗恋睦睦暗恋soyo暗恋祥子暗恋灯暗恋anon(1609323331) -> 明天去抓
2023-08-19 01:31:32 V/Bot.2398493975: [獭獭哪凉快呆哪军团@(887156367)] 小獭暗恋睦睦暗恋soyo暗恋祥子暗恋灯暗恋anon(1609323331) -> [mirai:image:{1D941FF3-006F-86A6-FD4F-12027B527696}.png, width=112, height=86, size=35949, type=GIF, isEmoji=true]
2023-08-19 01:52:59 I/UnidbgFetchQsign: Bot(2398493975) request_token, submit success
2023-08-19 02:12:16 V/Bot.2398493975: [獭獭哪凉快呆哪军团@(887156367)] 小獭暗恋睦睦暗恋soyo暗恋祥子暗恋灯暗恋anon(1609323331) -> [mirai:image:{5D072A68-E919-F23D-F9AC-BD10EB4DCAB7}.png, width=1125, height=2436, size=968616, type=PNG, isEmoji=false]
2023-08-19 02:13:15 V/Bot.2398493975: [獭獭哪凉快呆哪军团@(887156367)] 哭哭Kirin@也被獭獭军团开除(472247053) -> [mirai:image:{4E45101E-4F90-613A-947B-752E38CDDAA8}.jpg, width=300, height=252, size=78336, type=GIF, isEmoji=true]
2023-08-19 02:18:03 V/Bot.2398493975: [獭獭哪凉快呆哪军团@(887156367)] zz@獺獺軍団(771507043) -> [mirai:quote:[mirai:source:ids=[60247], internalIds=[551046349], from 1609323331 to 887156367 at 1692382335], content=<not yet initialized>][mirai:at:1609323331] 5年了，怎么没收你利息
2023-08-19 02:33:00 I/UnidbgFetchQsign: Bot(2398493975) request_token, submit success
2023-08-19 02:56:08 V/Bot.2398493975: [獭獭哪凉快呆哪军团@(887156367)] 小獭暗恋睦睦暗恋soyo暗恋祥子暗恋灯暗恋anon(1609323331) -> 赖赖军团
2023-08-19 03:13:01 I/UnidbgFetchQsign: Bot(2398493975) request_token, submit success
2023-08-19 03:53:07 I/UnidbgFetchQsign: Bot(2398493975) request_token, submit success
2023-08-19 04:33:07 I/UnidbgFetchQsign: Bot(2398493975) request_token, submit success
2023-08-19 05:13:08 I/UnidbgFetchQsign: Bot(2398493975) request_token, submit success
2023-08-19 05:53:14 I/UnidbgFetchQsign: Bot(2398493975) request_token, submit success
2023-08-19 06:33:15 I/UnidbgFetchQsign: Bot(2398493975) request_token, submit success
2023-08-19 07:13:16 I/UnidbgFetchQsign: Bot(2398493975) request_token, submit success
2023-08-19 07:53:22 I/UnidbgFetchQsign: Bot(2398493975) request_token, submit success
2023-08-19 08:33:22 I/UnidbgFetchQsign: Bot(2398493975) request_token, submit success
2023-08-19 09:13:23 I/UnidbgFetchQsign: Bot(2398493975) request_token, submit success
2023-08-19 09:53:29 I/UnidbgFetchQsign: Bot(2398493975) request_token, submit success
2023-08-19 10:15:46 V/Bot.2398493975: Event: MemberCardChangeEvent(origin=小獭暗恋睦睦暗恋soyo暗恋祥子暗恋灯暗恋anon, new=赖赖@忘记付车费军团, member=NormalMember(1609323331))
2023-08-19 10:15:46 V/Bot.2398493975: [獭獭哪凉快呆哪军团@(887156367)] 赖赖@忘记付车费军团(1609323331) -> tho里还有maimai
2023-08-19 10:16:19 V/Bot.2398493975: [獭獭哪凉快呆哪军团@(887156367)] 赖赖@忘记付车费军团(1609323331) -> [mirai:image:{AD062F8B-8856-DE44-9805-EE195C4A11E6}.png, width=4096, height=1891, size=2086730, type=JPG, isEmoji=false]
2023-08-19 10:16:21 V/Bot.2398493975: [獭獭哪凉快呆哪军团@(887156367)] 赖赖@忘记付车费军团(1609323331) -> 两个大笨笨
2023-08-19 10:30:07 V/Bot.2398493975: [獭獭哪凉快呆哪军团@(887156367)] 獭獭睡觉大臣@被獭獭军团开除(963423936) -> [不支持的消息#814734267][mirai:image:{4E9D670A-6DEC-F8DA-154F-A5A81B38E358}.jpg, width=300, height=192, size=7862, type=JPG, isEmoji=true]
2023-08-19 10:33:30 I/UnidbgFetchQsign: Bot(2398493975) request_token, submit success
2023-08-19 11:06:56 V/Bot.2398493975: [獭獭哪凉快呆哪军团@(887156367)] 赖赖@忘记付车费军团(1609323331) -> [mirai:image:{E177012B-8365-DB35-E798-8B463BE6F89C}.png, width=2442, height=1830, size=790289, type=JPG, isEmoji=false]
2023-08-19 11:13:28 V/Bot.2398493975: [獭獭哪凉快呆哪军团@(887156367)] 獭獭哪凉快呆哪军团(1297471104) -> [mirai:image:{79C21CB2-8281-D49F-6674-7AE739082249}.jpg, width=242, height=182, size=8121, type=JPG, isEmoji=false]
2023-08-19 11:13:31 I/UnidbgFetchQsign: Bot(2398493975) request_token, submit success
2023-08-19 11:13:37 V/Bot.2398493975: [獭獭哪凉快呆哪军团@(887156367)] 獭獭哪凉快呆哪军团(1297471104) -> 咖波🛰️
2023-08-19 11:14:02 V/Bot.2398493975: [獭獭哪凉快呆哪军团@(887156367)] 赖赖@忘记付车费军团(1609323331) -> 咖波
2023-08-19 11:24:52 V/Bot.2398493975: [獭獭哪凉快呆哪军团@(887156367)] 哭哭Kirin@也被獭獭军团开除(472247053) -> 哭哭咖波
2023-08-19 11:29:35 V/Bot.2398493975: [獭獭哪凉快呆哪军团@(887156367)] 哭哭Kirin@也被獭獭军团开除(472247053) -> [mirai:image:{498B0B81-4EF5-7B24-DBA6-075A1BFEBED8}.jpg, width=1120, height=547, size=1176215, type=GIF, isEmoji=true]
2023-08-19 11:30:23 V/Bot.2398493975: [獭獭哪凉快呆哪军团@(887156367)] 赖赖@忘记付车费军团(1609323331) -> [mirai:image:{2A87D9E5-784A-ED48-B5C0-F045AC0733DA}.png, width=1890, height=4096, size=2200062, type=JPG, isEmoji=false]
2023-08-19 11:30:32 V/Bot.2398493975: [獭獭哪凉快呆哪军团@(887156367)] 赖赖@忘记付车费军团(1609323331) -> 猫车
2023-08-19 11:36:47 V/Bot.2398493975: [獭獭哪凉快呆哪军团@(887156367)] 赖赖@忘记付车费军团(1609323331) -> [mirai:quote:[mirai:source:ids=[60244], internalIds=[1749795069], from 771507043 to 887156367 at 1692377934], content=<not yet initialized>][mirai:at:771507043] 森罗的摊队伍比其他的全部加起来还长
2023-08-19 11:36:55 V/Bot.2398493975: [獭獭哪凉快呆哪军团@(887156367)] 赖赖@忘记付车费军团(1609323331) -> [mirai:image:{7A6A1C32-E803-5A63-B146-57CC40CE4C85}.png, width=352, height=254, size=39350, type=GIF, isEmoji=true]
2023-08-19 11:53:37 I/UnidbgFetchQsign: Bot(2398493975) request_token, submit success
2023-08-19 12:33:37 I/UnidbgFetchQsign: Bot(2398493975) request_token, submit success
2023-08-19 12:39:30 V/Bot.2398493975: [獭獭哪凉快呆哪军团@(887156367)] 哭哭Kirin@也被獭獭军团开除(472247053) -> [mirai:image:{387641E9-FCC6-C47E-5016-2B66B49DF579}.png, width=480, height=480, size=167708, type=GIF, isEmoji=true]
2023-08-19 12:49:03 V/Bot.2398493975: [獭獭哪凉快呆哪军团@(887156367)] Freeze_Kirin(768173212) -> 绝了。和家里人出来恰饭恰到一半人去加班了（
2023-08-19 12:49:27 V/Bot.2398493975: [獭獭哪凉快呆哪军团@(887156367)] Freeze_Kirin(768173212) -> 一个人吃火锅是种怎样的体验.jpg
2023-08-19 12:49:58 V/Bot.2398493975: [獭獭哪凉快呆哪军团@(887156367)] Freeze_Kirin(768173212) -> [mirai:image:{7A6A1C32-E803-5A63-B146-57CC40CE4C85}.png, width=352, height=254, size=39350, type=GIF, isEmoji=true]
2023-08-19 12:50:46 V/Bot.2398493975: [獭獭哪凉快呆哪军团@(887156367)] 赖赖@忘记付车费军团(1609323331) -> [mirai:marketface:235125,[惊讶]]
2023-08-19 12:55:42 V/Bot.2398493975: [獭獭哪凉快呆哪军团@(887156367)] 冰水@不会反身跳军团(308217149) -> 挺好.jpg
2023-08-19 12:55:54 V/Bot.2398493975: [獭獭哪凉快呆哪军团@(887156367)] 冰水@不会反身跳军团(308217149) -> 有空调情况下直接炫炫炫
2023-08-19 12:57:59 V/Bot.2398493975: [獭獭哪凉快呆哪军团@(887156367)] 优雅猛牛(695150175) -> 挺好
2023-08-19 13:11:06 V/Bot.2398493975: [獭獭哪凉快呆哪军团@(887156367)] lax@牛牛道心破碎军团(269418386) -> 挺好 我今天也想一个人出去吃好点
2023-08-19 13:12:30 V/Bot.2398493975: [獭獭哪凉快呆哪军团@(887156367)] 赖赖@忘记付车费军团(1609323331) -> [mirai:image:{BC40462C-CF31-D8FC-3A4F-6C395F2F7189}.png, width=1828, height=2436, size=589276, type=JPG, isEmoji=false]
2023-08-19 13:13:38 I/UnidbgFetchQsign: Bot(2398493975) request_token, submit success
2023-08-19 13:25:25 V/Bot.2398493975: [獭獭哪凉快呆哪军团@(887156367)] lax@牛牛道心破碎军团(269418386) -> ？
2023-08-19 13:35:44 V/Bot.2398493975: [獭獭哪凉快呆哪军团@(887156367)] Freeze_Kirin(768173212) -> ？
2023-08-19 13:39:19 V/Bot.2398493975: [獭獭哪凉快呆哪军团@(887156367)] 哭哭Kirin@也被獭獭军团开除(472247053) -> ？
2023-08-19 13:39:40 V/Bot.2398493975: [獭獭哪凉快呆哪军团@(887156367)] 赖赖@忘记付车费军团(1609323331) -> [mirai:image:{5D9253E1-D726-30E7-DDD8-E9FA4FB6EF09}.png, width=4096, height=1891, size=2787252, type=JPG, isEmoji=false]
2023-08-19 13:39:44 V/Bot.2398493975: [獭獭哪凉快呆哪军团@(887156367)] 赖赖@忘记付车费军团(1609323331) -> 被聊进去忘记和了
2023-08-19 13:40:18 V/Bot.2398493975: [獭獭哪凉快呆哪军团@(887156367)] 哭哭Kirin@也被獭獭军团开除(472247053) -> 快诈和
2023-08-19 13:40:53 V/Bot.2398493975: [獭獭哪凉快呆哪军团@(887156367)] Freeze_Kirin(768173212) -> 快诈和
2023-08-19 13:40:56 V/Bot.2398493975: [獭獭哪凉快呆哪军团@(887156367)] Freeze_Kirin(768173212) -> [mirai:image:{D3CFC9C4-280B-9F02-7C34-422A28A663FC}.png, width=370, height=280, size=146050, type=GIF, isEmoji=true]
2023-08-19 13:41:07 V/Bot.2398493975: [獭獭哪凉快呆哪军团@(887156367)] 哭哭Kirin@也被獭獭军团开除(472247053) -> [mirai:image:{7C659D43-DA9A-9B1E-6F64-D0CA83C3AF08}.jpg, width=308, height=218, size=88602, type=GIF, isEmoji=true]
2023-08-19 13:41:28 V/Bot.2398493975: [獭獭哪凉快呆哪军团@(887156367)] Freeze_Kirin(768173212) -> 对家是不是hlb
2023-08-19 13:42:39 V/Bot.2398493975: [獭獭哪凉快呆哪军团@(887156367)] 赖赖@忘记付车费军团(1609323331) -> 不是捏
2023-08-19 13:43:12 V/Bot.2398493975: [獭獭哪凉快呆哪军团@(887156367)] Freeze_Kirin(768173212) -> 竟然不是
2023-08-19 13:43:51 V/Bot.2398493975: [獭獭哪凉快呆哪军团@(887156367)] Freeze_Kirin(768173212) -> 起手打数牌我还以为是
2023-08-19 13:43:53 V/Bot.2398493975: [獭獭哪凉快呆哪军团@(887156367)] Freeze_Kirin(768173212) -> [mirai:image:{7A6A1C32-E803-5A63-B146-57CC40CE4C85}.png, width=352, height=254, size=39350, type=GIF, isEmoji=true]
2023-08-19 13:53:44 I/UnidbgFetchQsign: Bot(2398493975) request_token, submit success
2023-08-19 14:26:55 V/Bot.2398493975: [獭獭哪凉快呆哪军团@(887156367)] lax@牛牛道心破碎军团(269418386) -> 杏喵是不是有点远
2023-08-19 14:28:15 V/Bot.2398493975: [獭獭哪凉快呆哪军团@(887156367)] lax@牛牛道心破碎军团(269418386) -> [mirai:image:{482B0AB6-C2E9-B95C-B61C-0F24FB79F55C}.jpg, width=1280, height=1980, size=140932, type=JPG, isEmoji=false]
2023-08-19 14:33:45 I/UnidbgFetchQsign: Bot(2398493975) request_token, submit success
2023-08-19 15:13:46 I/UnidbgFetchQsign: Bot(2398493975) request_token, submit success
2023-08-19 15:45:43 V/Bot.2398493975: [獭獭哪凉快呆哪军团@(887156367)] lax@牛牛道心破碎军团(269418386) -> 你们谁去过星伦多海鲜自助来着
2023-08-19 15:45:47 V/Bot.2398493975: [獭獭哪凉快呆哪军团@(887156367)] lax@牛牛道心破碎军团(269418386) -> 感觉怎么样
2023-08-19 15:53:52 I/UnidbgFetchQsign: Bot(2398493975) request_token, submit success
2023-08-19 16:08:24 V/Bot.2398493975: [獭獭哪凉快呆哪军团@(887156367)] 优雅猛牛(695150175) -> 没去过
2023-08-19 16:33:53 I/UnidbgFetchQsign: Bot(2398493975) request_token, submit success
2023-08-19 16:35:49 V/Bot.2398493975: [獭獭哪凉快呆哪军团@(887156367)] 赖赖@忘记付车费军团(1609323331) -> 没去过
2023-08-19 16:38:31 V/Bot.2398493975: [獭獭哪凉快呆哪军团@(887156367)] 獭獭哪凉快呆哪军团(1297471104) -> [mirai:image:{67C1EE32-1354-A09E-57A5-FFD3FEE204BD}.jpg, width=864, height=1920, size=148898, type=JPG, isEmoji=false]
2023-08-19 16:38:53 V/Bot.2398493975: [獭獭哪凉快呆哪军团@(887156367)] 獭獭哪凉快呆哪军团(1297471104) -> 现在去能穿越时间呆捕二阶堂姐妹吗
2023-08-19 16:39:17 V/Bot.2398493975: [獭獭哪凉快呆哪军团@(887156367)] 赖赖@忘记付车费军团(1609323331) -> [mirai:image:{8BF34B10-19C1-4195-5866-6DDB73A903D8}.png, width=249, height=188, size=54265, type=GIF, isEmoji=true]
2023-08-19 16:39:23 V/Bot.2398493975: [獭獭哪凉快呆哪军团@(887156367)] 冰水@不会反身跳军团(308217149) -> 草 怎么就开始女仆桌游店了
2023-08-19 16:39:52 V/Bot.2398493975: [獭獭哪凉快呆哪军团@(887156367)] 獭獭哪凉快呆哪军团(1297471104) -> [mirai:image:{91B1763B-548F-BBD7-FA71-E816EFDE1506}.jpg, width=864, height=1920, size=186458, type=JPG, isEmoji=false]
2023-08-19 16:39:56 V/Bot.2398493975: [獭獭哪凉快呆哪军团@(887156367)] 獭獭哪凉快呆哪军团(1297471104) -> 陪我玩.jpg
2023-08-19 16:40:10 V/Bot.2398493975: [獭獭哪凉快呆哪军团@(887156367)] 赖赖@忘记付车费军团(1609323331) -> [mirai:image:{8BF34B10-19C1-4195-5866-6DDB73A903D8}.png, width=249, height=188, size=54265, type=GIF, isEmoji=true]
2023-08-19 16:43:12 V/Bot.2398493975: [獭獭哪凉快呆哪军团@(887156367)] 优雅猛牛(695150175) -> 这是哪啊
2023-08-19 16:43:37 V/Bot.2398493975: [獭獭哪凉快呆哪军团@(887156367)] 獭獭哪凉快呆哪军团(1297471104) -> 这是szb
2023-08-19 16:43:38 V/Bot.2398493975: [獭獭哪凉快呆哪军团@(887156367)] 冰水@不会反身跳军团(308217149) -> 这是娜塔莉娅maid桌游咖啡厅
2023-08-19 16:43:41 V/Bot.2398493975: [獭獭哪凉快呆哪军团@(887156367)] 獭獭哪凉快呆哪军团(1297471104) -> 这是深圳北
2023-08-19 17:04:50 V/Bot.2398493975: [獭獭哪凉快呆哪军团@(887156367)] 赖赖@忘记付车费军团(1609323331) -> [mirai:image:{C7E2DEF7-2B42-3081-0B45-731992789A24}.png, width=1828, height=2436, size=915399, type=JPG, isEmoji=false]
2023-08-19 17:13:53 I/UnidbgFetchQsign: Bot(2398493975) request_token, submit success
2023-08-19 17:15:06 I/Bot.2398493975: Saved account secrets to local cache for fast login.
2023-08-19 17:32:01 V/Bot.2398493975: [獭獭哪凉快呆哪军团@(887156367)] lax@牛牛道心破碎军团(269418386) -> 还以为是傻之逼
2023-08-19 17:32:09 V/Bot.2398493975: [獭獭哪凉快呆哪军团@(887156367)] lax@牛牛道心破碎军团(269418386) -> 吃牛蛙去了
2023-08-19 17:32:14 V/Bot.2398493975: [獭獭哪凉快呆哪军团@(887156367)] lax@牛牛道心破碎军团(269418386) -> 另一种牛
2023-08-19 17:32:34 V/Bot.2398493975: [獭獭哪凉快呆哪军团@(887156367)] 獭獭哪凉快呆哪军团(1297471104) -> [mirai:image:{695FB90D-A10F-13CC-3462-C6CBD42EF5FD}.jpg, width=1920, height=1080, size=214445, type=JPG, isEmoji=false]
2023-08-19 17:32:42 V/Bot.2398493975: [獭獭哪凉快呆哪军团@(887156367)] 獭獭哪凉快呆哪军团(1297471104) -> 那我只能吃回锅牛了
2023-08-19 17:34:58 V/Bot.2398493975: [獭獭哪凉快呆哪军团@(887156367)] lax@牛牛道心破碎军团(269418386) -> 回锅肉还有牛肉版本？
2023-08-19 17:35:13 V/Bot.2398493975: [獭獭哪凉快呆哪军团@(887156367)] lax@牛牛道心破碎军团(269418386) -> 牛肉哪来五花肉
2023-08-19 17:44:53 V/Bot.2398493975: [獭獭哪凉快呆哪军团@(887156367)] 优雅猛牛(695150175) -> 回锅new
2023-08-19 17:45:01 V/Bot.2398493975: [獭獭哪凉快呆哪军团@(887156367)] 优雅猛牛(695150175) -> 你怎么不懂呢
2023-08-19 17:53:59 I/UnidbgFetchQsign: Bot(2398493975) request_token, submit success
2023-08-19 18:02:31 V/Bot.2398493975: [獭獭哪凉快呆哪军团@(887156367)] 赖赖@忘记付车费军团(1609323331) -> [mirai:image:{5500D434-C1E3-1133-FAA4-30EE86A00BC9}.png, width=1125, height=1637, size=317007, type=PNG, isEmoji=false]
2023-08-19 18:05:58 V/Bot.2398493975: [獭獭哪凉快呆哪军团@(887156367)] 冰水@不会反身跳军团(308217149) -> [mirai:image:{90FFED83-BEA6-6092-0EE2-EE45E6C1CE7C}.jpg, width=1080, height=767, size=76696, type=JPG, isEmoji=false]
2023-08-19 18:06:06 V/Bot.2398493975: [獭獭哪凉快呆哪军团@(887156367)] 冰水@不会反身跳军团(308217149) -> 我在的管人社团的通知群
2023-08-19 18:06:33 V/Bot.2398493975: [獭獭哪凉快呆哪军团@(887156367)] 冰水@不会反身跳军团(308217149) -> 是不是该天凤了x
2023-08-19 18:06:37 V/Bot.2398493975: [獭獭哪凉快呆哪军团@(887156367)] 赖赖@忘记付车费军团(1609323331) -> [mirai:image:{7B4FAB6B-0BA8-0F4C-F8DC-B2AF31AB603E}.png, width=512, height=512, size=192357, type=GIF, isEmoji=true]
2023-08-19 18:14:56 V/Bot.2398493975: [獭獭哪凉快呆哪军团@(887156367)] lax@牛牛道心破碎军团(269418386) -> 各种友人房都有被封的危险
2023-08-19 18:34:00 I/UnidbgFetchQsign: Bot(2398493975) request_token, submit success
2023-08-19 18:35:00 V/Bot.2398493975: [SHT荔枝麻酱协会(493057481)] naf2021(3469392519) -> 晚上有车车吗
2023-08-19 18:35:13 V/Bot.2398493975: [SHT荔枝麻酱协会(493057481)] naf2021(3469392519) -> [mirai:image:{837EF337-110F-D5C2-D495-91095C91A6AB}.jpg, width=64, height=54, size=786, type=JPG, isEmoji=true]
2023-08-19 18:48:57 V/Bot.2398493975: [獭獭哪凉快呆哪军团@(887156367)] lax@牛牛道心破碎军团(269418386) -> 一个人吃双人餐 太饱了
2023-08-19 18:58:43 V/Bot.2398493975: [獭獭哪凉快呆哪军团@(887156367)] 优雅猛牛(695150175) -> 太惨了
2023-08-19 19:14:01 I/UnidbgFetchQsign: Bot(2398493975) request_token, submit success
2023-08-19 19:14:31 V/Bot.2398493975: [SHT荔枝麻酱协会(493057481)] 隔壁老王(297234073) -> [mirai:image:{5617A3D1-1737-C9FF-CF6B-3757C4D5A45F}.jpg, width=1392, height=1856, size=325113, type=JPG, isEmoji=true]
2023-08-19 19:43:10 V/Bot.2398493975: [SHT荔枝麻酱协会(493057481)] hzc(2384102753) -> [mirai:quote:[mirai:source:ids=[281482], internalIds=[1771367435], from 3469392519 to 493057481 at 1692441300], content=<not yet initialized>][mirai:at:3469392519] 8点半后可以有我
2023-08-19 19:44:00 V/Bot.2398493975: [SHT荔枝麻酱协会(493057481)] naf2021(3469392519) -> [mirai:image:{837EF337-110F-D5C2-D495-91095C91A6AB}.jpg, width=64, height=54, size=786, type=JPG, isEmoji=true]
2023-08-19 19:44:19 V/Bot.2398493975: [SHT荔枝麻酱协会(493057481)] naf2021(3469392519) -> 还在长泰吃饭
2023-08-19 19:54:07 I/UnidbgFetchQsign: Bot(2398493975) request_token, submit success
2023-08-19 19:58:34 V/Bot.2398493975: [SHT荔枝麻酱协会(493057481)] MEOW@獭獭bot(1609323331) -> 还在长泰吃饭
2023-08-19 20:08:22 V/Bot.2398493975: [SHT荔枝麻酱协会(493057481)] 布莱克提(690875992) -> 还在长泰吃饭
2023-08-19 20:08:38 V/Bot.2398493975: [SHT荔枝麻酱协会(493057481)] Twilight(1014197424) -> 还在长泰吃饭
2023-08-19 20:09:28 V/Bot.2398493975: [SHT荔枝麻酱协会(493057481)] ライちゃん(392595084) -> 你们吃的，是同一桌饭？
2023-08-19 20:09:50 V/Bot.2398493975: [SHT荔枝麻酱协会(493057481)] naf2021(3469392519) -> [mirai:image:{F3FD360C-DF21-E761-7C94-89BBF2723614}.jpg, width=66, height=66, size=1566, type=JPG, isEmoji=true]
2023-08-19 20:10:03 V/Bot.2398493975: [SHT荔枝麻酱协会(493057481)] naf2021(3469392519) -> 说错了，是在汇智
2023-08-19 20:29:01 V/Bot.2398493975: [SHT荔枝麻酱协会(493057481)] 优雅猛牛(695150175) -> 说错了，是在汇智
2023-08-19 20:30:10 V/Bot.2398493975: [SHT荔枝麻酱协会(493057481)] Twilight(1014197424) -> 说错了，是在汇智
2023-08-19 20:34:08 I/UnidbgFetchQsign: Bot(2398493975) request_token, submit success
2023-08-19 20:38:11 V/Bot.2398493975: [SHT荔枝麻酱协会(493057481)] hzc(2384102753) -> 所以有车车么
2023-08-19 20:39:15 V/Bot.2398493975: [SHT荔枝麻酱协会(493057481)] naf2021(3469392519) -> 马上吃完了
2023-08-19 20:39:25 V/Bot.2398493975: [SHT荔枝麻酱协会(493057481)] naf2021(3469392519) -> 算我有两个
2023-08-19 20:39:28 V/Bot.2398493975: [SHT荔枝麻酱协会(493057481)] MEOW@獭獭bot(1609323331) -> 吃完了
2023-08-19 20:39:41 V/Bot.2398493975: [SHT荔枝麻酱协会(493057481)] naf2021(3469392519) -> 拼车吗
2023-08-19 20:39:45 V/Bot.2398493975: [SHT荔枝麻酱协会(493057481)] naf2021(3469392519) -> [mirai:image:{153FE334-1C54-26E7-9BDC-CF5BFB999578}.jpg, width=220, height=221, size=5339, type=JPG, isEmoji=true]
2023-08-19 20:40:38 V/Bot.2398493975: [SHT荔枝麻酱协会(493057481)] MEOW@獭獭bot(1609323331) -> [mirai:image:{577F6A2C-2798-D24B-0B0D-92A9ED8D15C2}.png, width=370, height=300, size=124641, type=GIF, isEmoji=true]
2023-08-19 20:40:50 V/Bot.2398493975: [SHT荔枝麻酱协会(493057481)] hzc(2384102753) -> [mirai:image:{3AE1B39B-1312-F119-5FC3-48CD9EBEC2B3}.jpg, width=290, height=300, size=11064, type=JPG, isEmoji=false]
2023-08-19 20:41:04 V/Bot.2398493975: [SHT荔枝麻酱协会(493057481)] hzc(2384102753) -> 那我先去蹲着
2023-08-19 21:03:01 V/Bot.2398493975: [SHT荔枝麻酱协会(493057481)] 1st(576851388) -> 那我先去蹲着
2023-08-19 21:04:00 V/Bot.2398493975: [SHT荔枝麻酱协会(493057481)] naf2021(3469392519) -> [mirai:image:{0CC78201-F3D9-63F3-9D7F-74C29E9A386A}.gif, width=348, height=348, size=1007536, type=GIF, isEmoji=false]
2023-08-19 21:04:18 V/Bot.2398493975: [SHT荔枝麻酱协会(493057481)] naf2021(3469392519) -> 来了
2023-08-19 21:14:08 I/UnidbgFetchQsign: Bot(2398493975) request_token, submit success
2023-08-19 21:20:26 V/Bot.2398493975: [SHT荔枝麻酱协会(493057481)] 冰水 麻将小怨妇(x(308217149) -> 你怎么还在学校）
2023-08-19 21:20:29 V/Bot.2398493975: [SHT荔枝麻酱协会(493057481)] 冰水 麻将小怨妇(x(308217149) -> 还是回去了
2023-08-19 21:20:31 V/Bot.2398493975: [SHT荔枝麻酱协会(493057481)] 冰水 麻将小怨妇(x(308217149) -> 可恶
2023-08-19 21:20:38 V/Bot.2398493975: [SHT荔枝麻酱协会(493057481)] 冰水 麻将小怨妇(x(308217149) -> 我怎么就没审留校
2023-08-19 21:26:04 V/Bot.2398493975: [SHT荔枝麻酱协会(493057481)] 回声细碎(1974705370) -> 我们有面麻活动吗👀
2023-08-19 21:26:24 V/Bot.2398493975: [SHT荔枝麻酱协会(493057481)] N！T！R！！！(269418386) -> 那你名义上已经不是学校的人了 在开学之前
2023-08-19 21:26:38 V/Bot.2398493975: [SHT荔枝麻酱协会(493057481)] 冰水 麻将小怨妇(x(308217149) -> 对啊 所以回不去
2023-08-19 21:26:39 V/Bot.2398493975: [SHT荔枝麻酱协会(493057481)] 由于四麻点数太小故转三麻和青天井的菜狗(1287996307) -> [mirai:quote:[mirai:source:ids=[281512], internalIds=[1067307848], from 1974705370 to 493057481 at 1692451564], content=<not yet initialized>]多得很
2023-08-19 21:26:59 V/Bot.2398493975: [SHT荔枝麻酱协会(493057481)] 冰水 麻将小怨妇(x(308217149) -> 今年我家长还好奇我怎么今年没说提前回学校
2023-08-19 21:27:15 V/Bot.2398493975: [SHT荔枝麻酱协会(493057481)] 回声细碎(1974705370) -> 现在可以来吗[汪汪]，我在学校
2023-08-19 21:27:21 V/Bot.2398493975: [SHT荔枝麻酱协会(493057481)] 冰水 麻将小怨妇(x(308217149) -> 您猜怎么着 我是社会青年.jpg
2023-08-19 21:27:30 V/Bot.2398493975: [SHT荔枝麻酱协会(493057481)] N！T！R！！！(269418386) -> 您猜怎么着 我是社会青年.jpg
2023-08-19 21:27:56 V/Bot.2398493975: [SHT荔枝麻酱协会(493057481)] N！T！R！！！(269418386) -> [mirai:quote:[mirai:source:ids=[281517], internalIds=[345788355], from 1974705370 to 493057481 at 1692451635], content=<not yet initialized>][mirai:at:1974705370] 206应该有人吧
2023-08-19 21:28:10 V/Bot.2398493975: [SHT荔枝麻酱协会(493057481)] 回声细碎(1974705370) -> 206是哪……
2023-08-19 21:28:20 V/Bot.2398493975: [SHT荔枝麻酱协会(493057481)] 回声细碎(1974705370) -> 别光报数字啊
2023-08-19 21:28:30 V/Bot.2398493975: [SHT荔枝麻酱协会(493057481)] 冰水 麻将小怨妇(x(308217149) -> 学活
2023-08-19 21:28:48 V/Bot.2398493975: [SHT荔枝麻酱协会(493057481)] 回声细碎(1974705370) -> [mirai:quote:[mirai:source:ids=[281523], internalIds=[1615320574], from 308217149 to 493057481 at 1692451710], content=<not yet initialized>][mirai:at:308217149] 嗯？啥？
2023-08-19 21:29:00 V/Bot.2398493975: [SHT荔枝麻酱协会(493057481)] 冰水 麻将小怨妇(x(308217149) -> 学生活动中心
2023-08-19 21:29:01 V/Bot.2398493975: [SHT荔枝麻酱协会(493057481)] N！T！R！！！(269418386) -> 该上学校平面图了
2023-08-19 21:29:07 V/Bot.2398493975: [SHT荔枝麻酱协会(493057481)] 冰水 麻将小怨妇(x(308217149) -> 雅乐轩那边的那个
2023-08-19 21:29:09 V/Bot.2398493975: [SHT荔枝麻酱协会(493057481)] 回声细碎(1974705370) -> [捂脸][捂脸]哦哦明白了
2023-08-19 21:29:16 V/Bot.2398493975: [SHT荔枝麻酱协会(493057481)] 冰水 麻将小怨妇(x(308217149) -> 新生定向活动 刻不容缓.jpg
2023-08-19 21:29:25 V/Bot.2398493975: [SHT荔枝麻酱协会(493057481)] 回声细碎(1974705370) -> 那我就来看一眼
2023-08-19 21:29:34 V/Bot.2398493975: [SHT荔枝麻酱协会(493057481)] 回声细碎(1974705370) -> ？新生定向？
2023-08-19 21:29:39 V/Bot.2398493975: [SHT荔枝麻酱协会(493057481)] 回声细碎(1974705370) -> 新生不还没来嘛
2023-08-19 21:29:55 V/Bot.2398493975: [SHT荔枝麻酱协会(493057481)] N！T！R！！！(269418386) -> [mirai:image:{80668E74-5DFA-F3FE-5713-BB24C5634BC0}.png, width=173, height=67, size=4162, type=PNG, isEmoji=false]
2023-08-19 21:30:03 V/Bot.2398493975: [SHT荔枝麻酱协会(493057481)] N！T！R！！！(269418386) -> 这个是新生
2023-08-19 21:30:08 V/Bot.2398493975: [SHT荔枝麻酱协会(493057481)] 布莱克提(690875992) -> [mirai:app:{"app":"com.tencent.map","config":{"autosize":false,"ctime":1692451808,"forward":true,"token":"442d388efce3ca13d0b618083be8a673","type":"normal"},"desc":"","from":1,"meta":{"Location.Search":{"address":"上海市浦东新区中科路","enum_relation_type":1,"from":"plusPanel","from_account":690875992,"id":"","lat":"31.178531","lng":"121.598333","name":"上海科技大学(张江校区)","uint64_peer_account":493057481}},"prompt":"[位置]上海科技大学(张江校区)","ver":"1.1.2.21","view":"LocationShare"}
]
2023-08-19 21:30:26 V/Bot.2398493975: [SHT荔枝麻酱协会(493057481)] 回声细碎(1974705370) -> 哇，已经有新生来校了吗
2023-08-19 21:30:29 V/Bot.2398493975: [SHT荔枝麻酱协会(493057481)] 布莱克提(690875992) -> [mirai:image:{E7484119-03BF-4915-3E8A-AD53388E65A0}.jpg, width=576, height=1280, size=30449, type=JPG, isEmoji=false]
2023-08-19 21:30:44 V/Bot.2398493975: [SHT荔枝麻酱协会(493057481)] 布莱克提(690875992) -> [mirai:image:{32BAC49E-F349-A583-C257-BEC84032BD2A}.jpg, width=576, height=1280, size=48054, type=JPG, isEmoji=false]
2023-08-19 21:30:45 V/Bot.2398493975: [SHT荔枝麻酱协会(493057481)] 冰水 麻将小怨妇(x(308217149) -> 没 就是按理来说刚进学校的时候会有活动 让你知道学校的基本地点
2023-08-19 21:30:54 V/Bot.2398493975: [SHT荔枝麻酱协会(493057481)] 布莱克提(690875992) -> 群聊等级100的新生
2023-08-19 21:31:03 V/Bot.2398493975: [SHT荔枝麻酱协会(493057481)] 布莱克提(690875992) -> [mirai:image:{AFC6E4DA-4B8F-DE2C-C933-606D21498AA0}.gif, width=324, height=300, size=62607, type=GIF, isEmoji=true]
2023-08-19 21:31:14 V/Bot.2398493975: [SHT荔枝麻酱协会(493057481)] N！T！R！！！(269418386) -> 干嘛 不让同号转生
2023-08-19 21:31:30 V/Bot.2398493975: [SHT荔枝麻酱协会(493057481)] 隔壁老王(297234073) -> 干嘛 不让同号转生
2023-08-19 21:31:31 V/Bot.2398493975: [SHT荔枝麻酱协会(493057481)] 布莱克提(690875992) -> 在上科大可以当三次新生
2023-08-19 21:31:41 V/Bot.2398493975: [SHT荔枝麻酱协会(493057481)] 大可奇丽(1485280964) -> [mirai:image:{C79F57B0-3F35-75D5-F87B-822EB670E229}.png, width=534, height=534, size=6969, type=PNG, isEmoji=true]
2023-08-19 21:32:11 V/Bot.2398493975: [SHT荔枝麻酱协会(493057481)] 大可奇丽(1485280964) -> 我明年就能报考shtech当新生了，真是令人兴奋呢
2023-08-19 21:32:51 V/Bot.2398493975: [SHT荔枝麻酱协会(493057481)] 隔壁老王(297234073) -> [mirai:quote:[mirai:source:ids=[281544], internalIds=[810514519], from 690875992 to 493057481 at 1692451891], content=<not yet initialized>][mirai:at:690875992] 很遗憾只当了两次
2023-08-19 21:35:45 V/Bot.2398493975: [SHT荔枝麻酱协会(493057481)] 回声细碎(1974705370) -> 等一下，活动中心206……有句话不知当不当说。曾经有老师私下里跟我诉苦过说有人打麻将吵到他们了👀
2023-08-19 21:36:01 V/Bot.2398493975: [SHT荔枝麻酱协会(493057481)] 回声细碎(1974705370) -> 好久之前的事情了，突然想起来💦
2023-08-19 21:36:20 V/Bot.2398493975: [SHT荔枝麻酱协会(493057481)] N！T！R！！！(269418386) -> 没事 这事情我们都知道
2023-08-19 21:36:36 V/Bot.2398493975: [SHT荔枝麻酱协会(493057481)] N！T！R！！！(269418386) -> 甚至他们的办公室 之前都是我们的据点
2023-08-19 21:36:57 V/Bot.2398493975: [SHT荔枝麻酱协会(493057481)] 回声细碎(1974705370) -> 坏了呀[捂脸]，我和那老师关系还不错的，这让我怎么好意思过去
2023-08-19 21:37:18 V/Bot.2398493975: [SHT荔枝麻酱协会(493057481)] 冰水 麻将小怨妇(x(308217149) -> 关键是 学生活动中心 就是学生活动的地方
2023-08-19 21:37:20 V/Bot.2398493975: [SHT荔枝麻酱协会(493057481)] N！T！R！！！(269418386) -> 坏了呀 怎么进来个卧底
2023-08-19 21:37:26 V/Bot.2398493975: [SHT荔枝麻酱协会(493057481)] 冰水 麻将小怨妇(x(308217149) -> 凭什么不能学生活动呢
2023-08-19 21:37:33 V/Bot.2398493975: [SHT荔枝麻酱协会(493057481)] 回声细碎(1974705370) -> 坏了呀进退两难
2023-08-19 21:37:37 V/Bot.2398493975: [SHT荔枝麻酱协会(493057481)] 布莱克提(690875992) -> 坏了呀 怎么进来个卧底
2023-08-19 21:37:44 V/Bot.2398493975: [SHT荔枝麻酱协会(493057481)] 布莱克提(690875992) -> 有啥进退两难的
2023-08-19 21:37:53 V/Bot.2398493975: [SHT荔枝麻酱协会(493057481)] N！T！R！！！(269418386) -> 他们晚上一般不在
2023-08-19 21:38:09 V/Bot.2398493975: [SHT荔枝麻酱协会(493057481)] N！T！R！！！(269418386) -> 而且 老师们已经被我们睡服了
2023-08-19 21:38:12 V/Bot.2398493975: [SHT荔枝麻酱协会(493057481)] 回声细碎(1974705370) -> 咳咳假期我就来玩玩，学期里我就不来了，和认识的老师碰上不太好交代
2023-08-19 21:38:12 V/Bot.2398493975: [SHT荔枝麻酱协会(493057481)] 冰水 麻将小怨妇(x(308217149) -> 你要说正午上班时间也就算了 大晚上老师不想休息 学生也要活动的啊
2023-08-19 21:38:15 V/Bot.2398493975: [SHT荔枝麻酱协会(493057481)] 布莱克提(690875992) -> 他们只是觉得吵
2023-08-19 21:38:26 V/Bot.2398493975: [SHT荔枝麻酱协会(493057481)] 布莱克提(690875992) -> 其他人不好找借口欺压
2023-08-19 21:38:32 V/Bot.2398493975: [SHT荔枝麻酱协会(493057481)] 布莱克提(690875992) -> 所以要找软柿子罢了
2023-08-19 21:38:44 V/Bot.2398493975: [SHT荔枝麻酱协会(493057481)] 布莱克提(690875992) -> 正常开会也吵的
2023-08-19 21:39:20 V/Bot.2398493975: [SHT荔枝麻酱协会(493057481)] 只困君(768173212) -> [mirai:quote:[mirai:source:ids=[281561], internalIds=[489331175], from 1974705370 to 493057481 at 1692452292], content=<not yet initialized>]邀请他一起玩x
2023-08-19 21:39:28 V/Bot.2398493975: [SHT荔枝麻酱协会(493057481)] 大可奇丽(1485280964) -> 而且主要是办公室是征用的
2023-08-19 21:39:51 V/Bot.2398493975: [SHT荔枝麻酱协会(493057481)] 大可奇丽(1485280964) -> 以前这里是通的而且不锁也是活动室
2023-08-19 21:39:58 V/Bot.2398493975: [SHT荔枝麻酱协会(493057481)] 回声细碎(1974705370) -> 没事没事[捂脸]不用跟我说理，我不会管这种事的，面子上的问题罢了
2023-08-19 21:40:10 V/Bot.2398493975: [SHT荔枝麻酱协会(493057481)] 布莱克提(690875992) -> 白天不让玩没啥 主要是他们有时候晚上还在
2023-08-19 21:40:33 V/Bot.2398493975: [SHT荔枝麻酱协会(493057481)] 回声细碎(1974705370) -> 等一下我怎么进去啊
2023-08-19 21:40:35 V/Bot.2398493975: [SHT荔枝麻酱协会(493057481)] 冰水 麻将小怨妇(x(308217149) -> 说不好听话 208本来外面写的是学生会的办公室 一直没征用就是考虑学生要通过
2023-08-19 21:40:44 V/Bot.2398493975: [SHT荔枝麻酱协会(493057481)] 冰水 麻将小怨妇(x(308217149) -> 然后这群老师.jpg
2023-08-19 21:40:47 V/Bot.2398493975: [SHT荔枝麻酱协会(493057481)] 回声细碎(1974705370) -> 我在你们对面，隔了一个房间
2023-08-19 21:40:58 V/Bot.2398493975: [SHT荔枝麻酱协会(493057481)] N！T！R！！！(269418386) -> 没事 你只是起了个头 我们自己炸的
2023-08-19 21:41:08 V/Bot.2398493975: [SHT荔枝麻酱协会(493057481)] N！T！R！！！(269418386) -> 那你进来的门不对
2023-08-19 21:41:19 V/Bot.2398493975: [SHT荔枝麻酱协会(493057481)] 布莱克提(690875992) -> 以前那条路能走
2023-08-19 21:41:23 V/Bot.2398493975: [SHT荔枝麻酱协会(493057481)] 布莱克提(690875992) -> 现在不行
2023-08-19 21:41:25 V/Bot.2398493975: [SHT荔枝麻酱协会(493057481)] N！T！R！！！(269418386) -> 别走自动取款机的小门进去
2023-08-19 21:41:38 V/Bot.2398493975: [SHT荔枝麻酱协会(493057481)] 回声细碎(1974705370) -> 那还有哪个门
2023-08-19 21:41:57 V/Bot.2398493975: [SHT荔枝麻酱协会(493057481)] N！T！R！！！(269418386) -> 迎新晚会的门知道吗
2023-08-19 21:41:58 V/Bot.2398493975: [SHT荔枝麻酱协会(493057481)] 冰水 麻将小怨妇(x(308217149) -> 新生报到的那边通道
2023-08-19 21:42:14 V/Bot.2398493975: [SHT荔枝麻酱协会(493057481)] 回声细碎(1974705370) -> 迎新晚会……好久前的事了
2023-08-19 21:42:25 V/Bot.2398493975: [SHT荔枝麻酱协会(493057481)] 回声细碎(1974705370) -> 我自己绕一绕吧
2023-08-19 21:42:31 V/Bot.2398493975: [SHT荔枝麻酱协会(493057481)] N！T！R！！！(269418386) -> 就新生报道的门
2023-08-19 21:42:59 V/Bot.2398493975: [SHT荔枝麻酱协会(493057481)] 布莱克提(690875992) -> [mirai:image:{0D5E7918-FD21-4B11-2916-0F8BA4EF3710}.png, width=727, height=846, size=1222177, type=PNG, isEmoji=false]
2023-08-19 21:43:36 V/Bot.2398493975: [SHT荔枝麻酱协会(493057481)] 布莱克提(690875992) -> [mirai:image:{001BC567-37EC-A2A2-15D7-7E4288430225}.png, width=565, height=715, size=790247, type=PNG, isEmoji=false]
2023-08-19 21:44:14 V/Bot.2398493975: [SHT荔枝麻酱协会(493057481)] yyyouch(2461942798) -> 缺人可以喊我
2023-08-19 21:44:22 V/Bot.2398493975: [SHT荔枝麻酱协会(493057481)] 回声细碎(1974705370) -> 找到了
2023-08-19 21:44:30 V/Bot.2398493975: [test(389193066)] yyyouch(2461942798) -> 取消
2023-08-19 21:44:31 V/Bot.2398493975: Group(389193066) <- 取消成功，请重新输入点数
2023-08-19 21:44:38 V/Bot.2398493975: [SHT荔枝麻酱协会(493057481)] N！T！R！！！(269418386) -> 萝卜有的时候 细致得有点吓人
2023-08-19 21:54:14 I/UnidbgFetchQsign: Bot(2398493975) request_token, submit success
2023-08-19 22:07:28 V/Bot.2398493975: [獭獭哪凉快呆哪军团@(887156367)] 优雅猛牛(695150175) -> 原始人
2023-08-19 22:07:30 V/Bot.2398493975: [獭獭哪凉快呆哪军团@(887156367)] 优雅猛牛(695150175) -> 启动
2023-08-19 22:09:32 V/Bot.2398493975: [獭獭哪凉快呆哪军团@(887156367)] Freeze_Kirin(768173212) -> 你找到那个箱子了？
2023-08-19 22:17:32 V/Bot.2398493975: [獭獭哪凉快呆哪军团@(887156367)] 优雅猛牛(695150175) -> 找到了
2023-08-19 22:17:38 V/Bot.2398493975: [獭獭哪凉快呆哪军团@(887156367)] 优雅猛牛(695150175) -> 世界任务没拿
2023-08-19 22:17:45 V/Bot.2398493975: [獭獭哪凉快呆哪军团@(887156367)] Freeze_Kirin(768173212) -> 草
2023-08-19 22:17:57 V/Bot.2398493975: [獭獭哪凉快呆哪军团@(887156367)] 优雅猛牛(695150175) -> 不看攻略果然容易漏
2023-08-19 22:18:12 V/Bot.2398493975: [獭獭哪凉快呆哪军团@(887156367)] 优雅猛牛(695150175) -> 我是看影月月的忘拿宝箱那1p
2023-08-19 22:18:19 V/Bot.2398493975: [獭獭哪凉快呆哪军团@(887156367)] 优雅猛牛(695150175) -> 第三个就是我没拿的
2023-08-19 22:18:34 V/Bot.2398493975: [獭獭哪凉快呆哪军团@(887156367)] 优雅猛牛(695150175) -> 易漏宝箱
2023-08-19 22:18:37 V/Bot.2398493975: [獭獭哪凉快呆哪军团@(887156367)] 优雅猛牛(695150175) -> [暗中观察][暗中观察]
2023-08-19 22:25:44 V/Bot.2398493975: [SHT荔枝麻酱协会(493057481)] naf2021(3469392519) -> 34500
2023-08-19 22:25:46 V/Bot.2398493975: [SHT荔枝麻酱协会(493057481)] Hatsune(467091276) -> 28100
2023-08-19 22:25:51 V/Bot.2398493975: [SHT荔枝麻酱协会(493057481)] 1st(576851388) -> -5200
2023-08-19 22:26:01 V/Bot.2398493975: [獭獭哪凉快呆哪军团@(887156367)] 优雅猛牛(695150175) -> 最新一集的布莱泽有点抽象了
2023-08-19 22:26:09 V/Bot.2398493975: [SHT荔枝麻酱协会(493057481)] hzc(2384102753) -> 42600
2023-08-19 22:26:11 V/Bot.2398493975: Group(493057481) <- 记录成功：
hzc: 42600
naf2021: 34500
Hatsune: 28100
1st: -5200
2023-08-19 22:27:18 V/Bot.2398493975: [SHT荔枝麻酱协会(493057481)] 优雅猛牛(695150175) -> 1st辛苦了
2023-08-19 22:31:40 V/Bot.2398493975: [獭獭哪凉快呆哪军团@(887156367)] 獭獭睡觉大臣@被獭獭军团开除(963423936) -> https://www.youtube.com/watch?v=fdPBGkB-2sg&ab_channel=%E3%81%97%E3%81%AE%E3%81%91%E3%82%93%E5%A4%A7%E9%A3%9F%E3%81%84
2023-08-19 22:31:42 V/Bot.2398493975: [獭獭哪凉快呆哪军团@(887156367)] 獭獭睡觉大臣@被獭獭军团开除(963423936) -> 太可怕了
2023-08-19 22:31:53 V/Bot.2398493975: [獭獭哪凉快呆哪军团@(887156367)] 獭獭睡觉大臣@被獭獭军团开除(963423936) -> [mirai:image:{13F9B4AB-005F-B4D3-E35D-D5E43B7EA2A0}.png, width=1309, height=873, size=1696058, type=PNG, isEmoji=false]
2023-08-19 22:32:12 V/Bot.2398493975: [SHT荔枝麻酱协会(493057481)] N！T！R！！！(269418386) -> 1st怎么过去坐牢
2023-08-19 22:33:52 V/Bot.2398493975: [獭獭哪凉快呆哪军团@(887156367)] 赖赖@忘记付车费军团(1609323331) -> ？
2023-08-19 22:34:00 V/Bot.2398493975: [獭獭哪凉快呆哪军团@(887156367)] 哭哭Kirin@也被獭獭军团开除(472247053) -> ?
2023-08-19 22:34:03 V/Bot.2398493975: [獭獭哪凉快呆哪军团@(887156367)] 赖赖@忘记付车费军团(1609323331) -> 这给牛吃的吧这么大
2023-08-19 22:34:15 I/UnidbgFetchQsign: Bot(2398493975) request_token, submit success
2023-08-19 22:35:17 V/Bot.2398493975: [SHT荔枝麻酱协会(493057481)] 宅哥(2832900934) -> 想来玩
2023-08-19 22:35:25 V/Bot.2398493975: [SHT荔枝麻酱协会(493057481)] 宅哥(2832900934) -> [mirai:image:{3C65CC9A-32E5-7BB8-27E3-3F02FA68E568}.jpg, width=240, height=240, size=279698, type=GIF, isEmoji=true]
2023-08-19 22:37:10 V/Bot.2398493975: [SHT荔枝麻酱协会(493057481)] naf2021(3469392519) -> 现在还在面，不过不知道有没有下一个半庄
2023-08-19 22:39:05 V/Bot.2398493975: [SHT荔枝麻酱协会(493057481)] 宅哥(2832900934) -> 我是想来但来不了
2023-08-19 22:42:20 V/Bot.2398493975: [SHT荔枝麻酱协会(493057481)] N！T！R！！！(269418386) -> 在拷打新人
2023-08-19 22:42:42 V/Bot.2398493975: [SHT荔枝麻酱协会(493057481)] 宅哥(2832900934) -> 等9.8报道那几天 随便你们拷打
2023-08-19 22:42:44 V/Bot.2398493975: [SHT荔枝麻酱协会(493057481)] 宅哥(2832900934) -> [汪汪][汪汪]
2023-08-19 22:42:46 V/Bot.2398493975: [獭獭哪凉快呆哪军团@(887156367)] lax@牛牛道心破碎军团(269418386) -> 牛是吃草的
2023-08-19 22:50:36 V/Bot.2398493975: [獭獭哪凉快呆哪军团@(887156367)] 优雅猛牛(695150175) -> 牛是吃🌿的
2023-08-19 23:00:54 V/Bot.2398493975: [獭獭哪凉快呆哪军团@(887156367)] 獭獭睡觉大臣@被獭獭军团开除(963423936) -> [mirai:image:{D8E3976E-E364-85CD-39D3-971D6A0932D4}.gif, width=480, height=360, size=269095, type=GIF, isEmoji=true]
2023-08-19 23:12:00 V/Bot.2398493975: [SHT荔枝麻酱协会(493057481)] 隔壁老王(297234073) -> [mirai:quote:[mirai:source:ids=[281591], internalIds=[1638300512], from 269418386 to 493057481 at 1692452678], content=<not yet initialized>][mirai:at:269418386] 他脱单了
2023-08-19 23:12:41 V/Bot.2398493975: [SHT荔枝麻酱协会(493057481)] 隔壁老王(297234073) -> [mirai:quote:[mirai:source:ids=[281561], internalIds=[489331175], from 1974705370 to 493057481 at 1692452292], content=<not yet initialized>][mirai:at:1974705370] 不会是石惠吧
2023-08-19 23:13:11 V/Bot.2398493975: [SHT荔枝麻酱协会(493057481)] 隔壁老王(297234073) -> 每次都跑过来说:“我见一次收一次”
2023-08-19 23:13:25 V/Bot.2398493975: [SHT荔枝麻酱协会(493057481)] 隔壁老王(297234073) -> 然后每次继续跑过来说相同的话
2023-08-19 23:14:16 I/UnidbgFetchQsign: Bot(2398493975) request_token, submit success
2023-08-19 23:16:35 V/Bot.2398493975: [SHT荔枝麻酱协会(493057481)] 淡情余描未わ(1297471104) -> [mirai:quote:[mirai:source:ids=[281561], internalIds=[489331175], from 1974705370 to 493057481 at 1692452292], content=<not yet initialized>][mirai:at:1974705370] 没事，我们之前跟他沟通过了，他跟你诉苦应该在这个之前
2023-08-19 23:17:05 V/Bot.2398493975: [SHT荔枝麻酱协会(493057481)] 淡情余描未わ(1297471104) -> 我们跟他那边定的是工作日他那边亮着灯我们就不打
2023-08-19 23:17:39 V/Bot.2398493975: [SHT荔枝麻酱协会(493057481)] 淡情余描未わ(1297471104) -> 同样其他时候他也不来打扰我们
2023-08-19 23:17:46 V/Bot.2398493975: [SHT荔枝麻酱协会(493057481)] 淡情余描未わ(1297471104) -> 约法三章过哩~
2023-08-19 23:18:09 V/Bot.2398493975: [SHT荔枝麻酱协会(493057481)] 淡情余描未わ(1297471104) -> （早就
2023-08-19 23:25:02 V/Bot.2398493975: [SHT荔枝麻酱协会(493057481)] 淡情余描未わ(1297471104) -> 你来了刚好可以帮我来维系两边的平衡x
2023-08-19 23:43:53 V/Bot.2398493975: [獭獭哪凉快呆哪军团@(887156367)] 萝卜@萝卜軍団(690875992) -> [mirai:image:{532920D5-DEDE-F885-ECC3-AC36483D8A71}.png, width=573, height=281, size=141319, type=PNG, isEmoji=false]
2023-08-19 23:49:23 V/Bot.2398493975: [SHT荔枝麻酱协会(493057481)] 1st(576851388) -> 27400
2023-08-19 23:50:00 V/Bot.2398493975: [SHT荔枝麻酱协会(493057481)] hzc(2384102753) -> 32400
2023-08-19 23:50:04 V/Bot.2398493975: [SHT荔枝麻酱协会(493057481)] 回声细碎(1974705370) -> 18500
2023-08-19 23:50:17 V/Bot.2398493975: [SHT荔枝麻酱协会(493057481)] Hatsune(467091276) -> 21700
2023-08-19 23:50:18 V/Bot.2398493975: Group(493057481) <- 记录成功：
hzc: 32400
1st: 27400
Hatsune: 21700
回声细碎: 18500
2023-08-19 23:51:16 V/Bot.2398493975: [SHT荔枝麻酱协会(493057481)] N！T！R！！！(269418386) -> 《教育新人》
2023-08-19 23:51:29 V/Bot.2398493975: [SHT荔枝麻酱协会(493057481)] 只困君(768173212) -> [mirai:image:{7A6A1C32-E803-5A63-B146-57CC40CE4C85}.png, width=352, height=254, size=39350, type=GIF, isEmoji=true]
2023-08-19 23:51:37 V/Bot.2398493975: [SHT荔枝麻酱协会(493057481)] 只困君(768173212) -> 上来就暴打新人
2023-08-19 23:51:49 V/Bot.2398493975: [SHT荔枝麻酱协会(493057481)] 小红@獭獭军团(963423936) -> 《教育新人》
2023-08-19 23:51:57 V/Bot.2398493975: [SHT荔枝麻酱协会(493057481)] jt(981941098) -> 《教育新人》
2023-08-19 23:53:20 V/Bot.2398493975: [SHT荔枝麻酱协会(493057481)] naf2021(3469392519) -> 《教育新人》
2023-08-19 23:53:27 V/Bot.2398493975: [SHT荔枝麻酱协会(493057481)] Hatsune(467091276) -> 《教育新人》
2023-08-19 23:53:43 V/Bot.2398493975: [SHT荔枝麻酱协会(493057481)] 大可奇丽(1485280964) -> 《教育新人》
2023-08-19 23:54:22 I/UnidbgFetchQsign: Bot(2398493975) request_token, submit success
2023-08-19 23:54:30 V/Bot.2398493975: [獭獭哪凉快呆哪军团@(887156367)] lax@牛牛道心破碎军团(269418386) -> 刷到了
2023-08-19 23:54:33 V/Bot.2398493975: [獭獭哪凉快呆哪军团@(887156367)] lax@牛牛道心破碎军团(269418386) -> 不敢进去
2023-08-19 23:57:44 V/Bot.2398493975: [SHT荔枝麻酱协会(493057481)] ライちゃん(392595084) -> 《教育新人》
2023-08-19 23:57:57 V/Bot.2398493975: [SHT荔枝麻酱协会(493057481)] ライちゃん(392595084) -> 但这还剩这么多点数呢
2023-08-19 23:58:04 V/Bot.2398493975: [SHT荔枝麻酱协会(493057481)] ライちゃん(392595084) -> 教育得很温柔啊
2023-08-19 23:58:15 V/Bot.2398493975: [SHT荔枝麻酱协会(493057481)] 只困君(768173212) -> [mirai:image:{8BF34B10-19C1-4195-5866-6DDB73A903D8}.png, width=249, height=188, size=54265, type=GIF, isEmoji=true]
2023-08-19 23:58:47 V/Bot.2398493975: [SHT荔枝麻酱协会(493057481)] ライちゃん(392595084) -> 咖波可爱捏
