2023-09-26 00:06:09 V/Bot.2398493975: [SHT荔枝麻酱协会(493057481)] 淡情余描未わ(1297471104) -> ！吃鱼
2023-09-26 00:06:11 V/Bot.2398493975: Group(493057481) <- 昵称：淡情余描未わ
段位：1级
rate：1555.45
近期顺位：1343124222
更多数据请访问：http://shanghaitech-mahjong.top/userid/1297471104
2023-09-26 00:17:48 V/Bot.2398493975: [SHT荔枝麻酱协会(493057481)] 冰水 麻将小怨妇(x(308217149) -> 19800
2023-09-26 00:17:50 V/Bot.2398493975: [SHT荔枝麻酱协会(493057481)] jt(981941098) -> 17000
2023-09-26 00:18:13 V/Bot.2398493975: [SHT荔枝麻酱协会(493057481)] 布莱克提(690875992) -> 28000
2023-09-26 00:18:34 V/Bot.2398493975: [SHT荔枝麻酱协会(493057481)] Giraffe(472247053) -> 34200
2023-09-26 00:18:35 V/Bot.2398493975: Group(493057481) <- 点数有误，总和不为100000！
2023-09-26 00:18:49 V/Bot.2398493975: [SHT荔枝麻酱协会(493057481)] Giraffe(472247053) -> 35200
2023-09-26 00:18:50 V/Bot.2398493975: Group(493057481) <- 记录成功：
Giraffe: 35200
布莱克提: 28000
冰水 麻将小怨妇(x: 19800
jt: 17000
2023-09-26 00:28:20 I/UnidbgFetchQsign: Bot(2398493975) request_token, submit success
2023-09-26 00:56:31 V/Bot.2398493975: [SHT荔枝麻酱协会(493057481)] 只困君(768173212) -> 40400
2023-09-26 00:56:35 V/Bot.2398493975: [SHT荔枝麻酱协会(493057481)] naf2021(3469392519) -> 14000
2023-09-26 00:56:52 V/Bot.2398493975: [SHT荔枝麻酱协会(493057481)] hzc(2384102753) -> 40600
2023-09-26 00:57:12 V/Bot.2398493975: [SHT荔枝麻酱协会(493057481)] yyyouch(2461942798) -> 5000
2023-09-26 00:57:13 V/Bot.2398493975: Group(493057481) <- 记录成功：
hzc: 40600
只困君: 40400
naf2021: 14000
yyyouch: 5000
2023-09-26 00:57:31 V/Bot.2398493975: [SHT荔枝麻酱协会(493057481)] yyyouch(2461942798) -> ！吃鱼
2023-09-26 00:57:32 V/Bot.2398493975: Group(493057481) <- 昵称：yyyouch
段位：5级
rate：1376.84
近期顺位：4241324214
更多数据请访问：http://shanghaitech-mahjong.top/userid/2461942798
2023-09-26 01:01:15 V/Bot.2398493975: [SHT荔枝麻酱协会(493057481)] 布莱克提(690875992) -> ！吃鱼
2023-09-26 01:01:16 V/Bot.2398493975: Group(493057481) <- 昵称：布莱克提
段位：新人
rate：1569.8
近期顺位：112
更多数据请访问：http://shanghaitech-mahjong.top/userid/690875992
2023-09-26 01:08:21 I/UnidbgFetchQsign: Bot(2398493975) request_token, submit success
2023-09-26 01:22:42 V/Bot.2398493975: [獭獭不会交学费军团@(887156367)] 铁锅炖獭獭ʕ❍ᴥ❍ʔ(1609323331) -> 28400
2023-09-26 01:23:05 V/Bot.2398493975: [SHT荔枝麻酱协会(493057481)] 淡情余描未わ(1297471104) -> 27700
2023-09-26 01:23:18 V/Bot.2398493975: [SHT荔枝麻酱协会(493057481)] 只困君(768173212) -> ！被吃
2023-09-26 01:23:19 V/Bot.2398493975: Group(493057481) <- 昵称：只困君
段位：新人
rate：1548.46
近期顺位：122
更多数据请访问：http://shanghaitech-mahjong.top/userid/768173212
2023-09-26 01:23:30 V/Bot.2398493975: [SHT荔枝麻酱协会(493057481)] hzc(2384102753) -> ！被吃
2023-09-26 01:23:31 V/Bot.2398493975: Group(493057481) <- 昵称：hzc
段位：1级
rate：1476.58
近期顺位：2113441341
更多数据请访问：http://shanghaitech-mahjong.top/userid/2384102753
2023-09-26 01:23:33 V/Bot.2398493975: [SHT荔枝麻酱协会(493057481)] naf2021(3469392519) -> [mirai:image:{73F9903F-3B05-0B68-7D71-3E234418CBC0}.jpg, width=56, height=45, size=1040, type=JPG, isEmoji=true]
2023-09-26 01:23:37 V/Bot.2398493975: [SHT荔枝麻酱协会(493057481)] zz(771507043) -> 34500
2023-09-26 01:23:38 V/Bot.2398493975: [SHT荔枝麻酱协会(493057481)] Hatsune(467091276) -> 9400
2023-09-26 01:23:39 V/Bot.2398493975: Group(493057481) <- 记录成功：
zz: 34500
铁锅炖獭獭ʕ❍ᴥ❍ʔ: 28400
淡情余描未わ: 27700
Hatsune: 9400
2023-09-26 01:23:43 V/Bot.2398493975: [SHT荔枝麻酱协会(493057481)] 牙牙(1105692313) -> ！吃鱼
2023-09-26 01:23:44 V/Bot.2398493975: Group(493057481) <- 昵称：牙牙
段位：5级
rate：1579.3
近期顺位：4112141143
更多数据请访问：http://shanghaitech-mahjong.top/userid/1105692313
2023-09-26 01:23:49 V/Bot.2398493975: [SHT荔枝麻酱协会(493057481)] naf2021(3469392519) -> 今天出现了两个新人哩（x）
2023-09-26 01:23:53 V/Bot.2398493975: [SHT荔枝麻酱协会(493057481)] Hatsune(467091276) -> ！吃鱼
2023-09-26 01:23:55 V/Bot.2398493975: Group(493057481) <- 昵称：Hatsune
段位：3级
rate：1498.91
近期顺位：4112222444
更多数据请访问：http://shanghaitech-mahjong.top/userid/467091276
2023-09-26 01:24:05 V/Bot.2398493975: [SHT荔枝麻酱协会(493057481)] 淡情余描未わ(1297471104) -> ！吃鱼
2023-09-26 01:24:06 V/Bot.2398493975: Group(493057481) <- 昵称：淡情余描未わ
段位：1级
rate：1545.2
近期顺位：3431242223
更多数据请访问：http://shanghaitech-mahjong.top/userid/1297471104
2023-09-26 01:47:01 V/Bot.2398493975: [SHT荔枝麻酱协会(493057481)] hzc(2384102753) -> 今天蜜-1
2023-09-26 01:47:18 V/Bot.2398493975: [SHT荔枝麻酱协会(493057481)] naf2021(3469392519) -> 来个码
2023-09-26 01:47:20 V/Bot.2398493975: [SHT荔枝麻酱协会(493057481)] naf2021(3469392519) -> [mirai:image:{73F9903F-3B05-0B68-7D71-3E234418CBC0}.jpg, width=56, height=45, size=1040, type=JPG, isEmoji=true]
2023-09-26 01:47:31 V/Bot.2398493975: [SHT荔枝麻酱协会(493057481)] MEOW@獭獭bot(1609323331) -> 那我是不是0减1
2023-09-26 01:47:32 V/Bot.2398493975: [SHT荔枝麻酱协会(493057481)] MEOW@獭獭bot(1609323331) -> [mirai:image:{1D941FF3-006F-86A6-FD4F-12027B527696}.png, width=112, height=86, size=35949, type=GIF, isEmoji=true]
2023-09-26 01:47:37 V/Bot.2398493975: [SHT荔枝麻酱协会(493057481)] MEOW@獭獭bot(1609323331) -> 给我一块
2023-09-26 01:48:22 I/UnidbgFetchQsign: Bot(2398493975) request_token, submit success
2023-09-26 01:55:16 V/Bot.2398493975: [獭獭不会交学费军团@(887156367)] zz@獺獺軍団(771507043) -> 光速桌[mirai:image:{0E6FD60C-1EB8-1112-E6A3-D77BBBB95EC5}.png, width=2778, height=1284, size=183297, type=JPG, isEmoji=false]
2023-09-26 01:55:30 V/Bot.2398493975: [獭獭不会交学费军团@(887156367)] 铁锅炖獭獭ʕ❍ᴥ❍ʔ(1609323331) -> [mirai:image:{A3C56810-0293-8086-658D-531E0E0B1790}.png, width=512, height=512, size=129498, type=GIF, isEmoji=true]
2023-09-26 01:56:34 V/Bot.2398493975: [獭獭不会交学费军团@(887156367)] 铁锅炖獭獭ʕ❍ᴥ❍ʔ(1609323331) -> [mirai:image:{A2F5FD78-0014-E8F5-C509-F2B75BDBE6B2}.png, width=1125, height=2436, size=1992004, type=PNG, isEmoji=false]
2023-09-26 01:57:02 V/Bot.2398493975: [獭獭不会交学费军团@(887156367)] 铁锅炖獭獭ʕ❍ᴥ❍ʔ(1609323331) -> 为什么没有三光
2023-09-26 01:57:06 V/Bot.2398493975: [獭獭不会交学费军团@(887156367)] 铁锅炖獭獭ʕ❍ᴥ❍ʔ(1609323331) -> [mirai:image:{95DDE07B-B264-7254-DD2B-C854796589FF}.png, width=319, height=266, size=113002, type=GIF, isEmoji=true]
2023-09-26 02:03:52 V/Bot.2398493975: [SHT荔枝麻酱协会(493057481)] 由于四麻点数太小故转三麻和青天井的菜狗(1287996307) -> ！jrrp
2023-09-26 02:03:53 V/Bot.2398493975: Group(493057481) <- 今日人品：小吉
今日适宜役种：对对和
(为防止刷屏，一日内不可多次查询哦！)
2023-09-26 02:09:57 V/Bot.2398493975: [SHT荔枝麻酱协会(493057481)] Twilight(1014197424) -> ！jrrp
2023-09-26 02:09:58 V/Bot.2398493975: Group(493057481) <- 今日人品：吉
今日适宜役种：役牌
(为防止刷屏，一日内不可多次查询哦！)
2023-09-26 02:28:28 I/UnidbgFetchQsign: Bot(2398493975) request_token, submit success
2023-09-26 03:08:29 I/UnidbgFetchQsign: Bot(2398493975) request_token, submit success
2023-09-26 03:48:29 I/UnidbgFetchQsign: Bot(2398493975) request_token, submit success
2023-09-26 04:28:35 I/UnidbgFetchQsign: Bot(2398493975) request_token, submit success
2023-09-26 05:08:36 I/UnidbgFetchQsign: Bot(2398493975) request_token, submit success
2023-09-26 05:48:37 I/UnidbgFetchQsign: Bot(2398493975) request_token, submit success
2023-09-26 06:28:43 I/UnidbgFetchQsign: Bot(2398493975) request_token, submit success
2023-09-26 07:08:44 I/UnidbgFetchQsign: Bot(2398493975) request_token, submit success
2023-09-26 07:21:52 V/Bot.2398493975: [獭獭不会交学费军团@(887156367)] 獭獭买锤子大臣@被獭獭军团开除(963423936) -> [mirai:app:{
  "config" : {
    "height" : 0,
    "forward" : 1,
    "ctime" : 1695684109,
    "width" : 0,
    "type" : "normal",
    "token" : "2837c141383f409e38f40ff804a2918a",
    "autoSize" : 0
  },
  "prompt" : "[QQ小程序][MyGO\/爱素\/爱睦]未曾设想的道路",
  "app" : "com.tencent.miniapp_01",
  "ver" : "1.0.1.46",
  "appID" : "100951776",
  "view" : "view_8C8E89B49BE609866298ADDFF2DBABA4",
  "meta" : {
    "detail_1" : {
      "appid" : "1109937557",
      "preview" : "https:\/\/pic.ugcimg.cn\/f1d1fabb96b8ee5ff899d25187461cd2\/jpg1",
      "shareTemplateData" : {

      },
      "gamePointsUrl" : "",
      "gamePoints" : "",
      "url" : "m.q.qq.com\/a\/s\/9ac7a5c3dabad2b16f049f2535b18879",
      "appType" : 0,
      "desc" : "[MyGO\/爱素\/爱睦]未曾设想的道路",
      "title" : "哔哩哔哩",
      "scene" : 1036,
      "host" : {
        "uin" : 963423936,
        "nick" : "小红今天早饭了吗"
      },
      "icon" : "http:\/\/miniapp.gtimg.cn\/public\/appicon\/432b76be3a548fc128acaa6c1ec90131_200.jpg",
      "shareTemplateId" : "8C8E89B49BE609866298ADDFF2DBABA4",
      "qqdocurl" : "https:\/\/b23.tv\/0ai0tCF",
      "showLittleTail" : ""
    }
  },
  "bthirdappforward" : true,
  "bthirdappforwardforbackendswitch" : true,
  "desc" : ""
}]
2023-09-26 07:42:52 V/Bot.2398493975: [SHT荔枝麻酱协会(493057481)] 风行(1685448924) -> ！jrrp
2023-09-26 07:42:53 V/Bot.2398493975: Group(493057481) <- 今日人品：中吉
今日适宜役种：国士无双
(为防止刷屏，一日内不可多次查询哦！)
2023-09-26 07:43:04 V/Bot.2398493975: [SHT荔枝麻酱协会(493057481)] Hatsune(467091276) -> ！jrrp
2023-09-26 07:43:05 V/Bot.2398493975: Group(493057481) <- 今日人品：凶
今日适宜役种：对对和
(为防止刷屏，一日内不可多次查询哦！)
2023-09-26 07:47:22 V/Bot.2398493975: [SHT荔枝麻酱协会(493057481)] 幼月(2146432637) -> ！jrrp
2023-09-26 07:47:23 V/Bot.2398493975: Group(493057481) <- 今日人品：小吉
今日适宜役种：三色同刻
(为防止刷屏，一日内不可多次查询哦！)
2023-09-26 07:47:33 V/Bot.2398493975: [SHT荔枝麻酱协会(493057481)] rokina(1024182759) -> ！jrrp
2023-09-26 07:47:34 V/Bot.2398493975: Group(493057481) <- 今日人品：大吉
今日适宜役种：大四喜
(为防止刷屏，一日内不可多次查询哦！)
2023-09-26 07:48:44 I/UnidbgFetchQsign: Bot(2398493975) request_token, submit success
2023-09-26 07:53:51 V/Bot.2398493975: [SHT荔枝麻酱协会(493057481)] 殒落凡尘的星(2510816477) -> ！jrrp
2023-09-26 07:53:52 V/Bot.2398493975: Group(493057481) <- 今日人品：大吉
今日适宜役种：混老头
(为防止刷屏，一日内不可多次查询哦！)
2023-09-26 07:59:56 V/Bot.2398493975: [SHT荔枝麻酱协会(493057481)] 枫城(1828072741) -> ！jrrp
2023-09-26 07:59:57 V/Bot.2398493975: Group(493057481) <- 今日人品：小吉
今日适宜役种：一杯口
(为防止刷屏，一日内不可多次查询哦！)
2023-09-26 08:05:00 V/Bot.2398493975: [獭獭不会交学费军团@(887156367)] 獭獭买锤子大臣@被獭獭军团开除(963423936) -> [mirai:app:{
  "config" : {
    "height" : 0,
    "forward" : 1,
    "ctime" : 1695686697,
    "width" : 0,
    "type" : "normal",
    "token" : "d9c0c7d58b6031d81383c2c21fdbe8f6",
    "autoSize" : 0
  },
  "prompt" : "[QQ小程序]【MyGO\/2024年挺好萌应援】尝试用挺王语音包改变命运的睦头人",
  "app" : "com.tencent.miniapp_01",
  "ver" : "1.0.1.46",
  "appID" : "100951776",
  "view" : "view_8C8E89B49BE609866298ADDFF2DBABA4",
  "meta" : {
    "detail_1" : {
      "appid" : "1109937557",
      "preview" : "https:\/\/pic.ugcimg.cn\/6b0d6a4d7075fecf882bc3fcbedc0d32\/jpg1",
      "shareTemplateData" : {

      },
      "gamePointsUrl" : "",
      "gamePoints" : "",
      "url" : "m.q.qq.com\/a\/s\/fb399deab3455958627abcf9ab2a4356",
      "appType" : 0,
      "desc" : "【MyGO\/2024年挺好萌应援】尝试用挺王语音包改变命运的睦头人",
      "title" : "哔哩哔哩",
      "scene" : 1036,
      "host" : {
        "uin" : 963423936,
        "nick" : "小红今天早饭了吗"
      },
      "icon" : "http:\/\/miniapp.gtimg.cn\/public\/appicon\/432b76be3a548fc128acaa6c1ec90131_200.jpg",
      "shareTemplateId" : "8C8E89B49BE609866298ADDFF2DBABA4",
      "qqdocurl" : "https:\/\/b23.tv\/BD2xn7D",
      "showLittleTail" : ""
    }
  },
  "bthirdappforward" : true,
  "bthirdappforwardforbackendswitch" : true,
  "desc" : ""
}]
2023-09-26 08:05:04 V/Bot.2398493975: [獭獭不会交学费军团@(887156367)] 獭獭买锤子大臣@被獭獭军团开除(963423936) -> 喷了
2023-09-26 08:25:57 V/Bot.2398493975: [獭獭不会交学费军团@(887156367)] 獭獭买锤子大臣@被獭獭军团开除(963423936) -> https://www.youtube.com/watch?v=54Z6DZ7IpLM&ab_channel=%E3%83%95%E3%82%A3%E3%83%AB%E3%83%A0%E3%82%A8%E3%82%B9%E3%83%88TV
2023-09-26 08:25:58 V/Bot.2398493975: [獭獭不会交学费军团@(887156367)] 獭獭买锤子大臣@被獭獭军团开除(963423936) -> 笑死
2023-09-26 08:28:50 I/UnidbgFetchQsign: Bot(2398493975) request_token, submit success
2023-09-26 08:41:01 V/Bot.2398493975: [SHT荔枝麻酱协会(493057481)] 优雅猛牛(695150175) -> ！jrrp
2023-09-26 08:41:02 V/Bot.2398493975: Group(493057481) <- 今日人品：凶
今日适宜役种：平和
(为防止刷屏，一日内不可多次查询哦！)
2023-09-26 08:57:44 V/Bot.2398493975: [獭獭不会交学费军团@(887156367)] 獭獭买锤子大臣@被獭獭军团开除(963423936) -> [不支持的消息#2138680042][mirai:image:{96033480-D8C0-08DE-1457-B33B64D8A272}.jpg, width=580, height=446, size=339592, type=PNG, isEmoji=false]
2023-09-26 09:02:37 V/Bot.2398493975: [SHT荔枝麻酱协会(493057481)] 牙牙(1105692313) -> !jrrp
2023-09-26 09:02:38 V/Bot.2398493975: Group(493057481) <- 今日人品：吉
今日适宜役种：断幺九
(为防止刷屏，一日内不可多次查询哦！)
2023-09-26 09:07:56 I/Bot.2398493975: Saved account secrets to local cache for fast login.
2023-09-26 09:08:51 I/UnidbgFetchQsign: Bot(2398493975) request_token, submit success
2023-09-26 09:15:48 V/Bot.2398493975: [SHT荔枝麻酱协会(493057481)] 4000all！(1846411487) -> ！jrrp
2023-09-26 09:15:50 V/Bot.2398493975: Group(493057481) <- 今日人品：凶
今日适宜役种：断幺九
(为防止刷屏，一日内不可多次查询哦！)
2023-09-26 09:21:47 V/Bot.2398493975: [SHT荔枝麻酱协会(493057481)] 大可奇丽(1485280964) -> ！jrrp
2023-09-26 09:21:48 V/Bot.2398493975: Group(493057481) <- 今日人品：中吉
今日适宜役种：平和
(为防止刷屏，一日内不可多次查询哦！)
2023-09-26 09:48:52 I/UnidbgFetchQsign: Bot(2398493975) request_token, submit success
2023-09-26 10:20:28 V/Bot.2398493975: Event: BotOfflineEvent.Dropped(bot=Bot(2398493975), cause=HeartbeatFailedException: 2398493975.AliveHeartbeat, recoverable=true, cause=PacketTimeoutException(message=2398493975.AliveHeartbeat Scheduler: Timeout receiving action response, cause=kotlinx.coroutines.TimeoutCancellationException: Timed out waiting for 5000 ms), reconnect=true)
2023-09-26 10:20:28 W/Bot.2398493975: Connection lost, reconnecting... (HeartbeatFailedException: 2398493975.AliveHeartbeat, recoverable=true, cause=PacketTimeoutException(message=2398493975.AliveHeartbeat Scheduler: Timeout receiving action response, cause=kotlinx.coroutines.TimeoutCancellationException: Timed out waiting for 5000 ms))
2023-09-26 10:20:28 I/UnidbgFetchQsign: Bot(2398493975) initialize by http://127.0.0.1:8080
2023-09-26 10:20:28 I/UnidbgFetchQsign: Bot(2398493975) initialize complete
2023-09-26 10:20:30 I/Bot.2398493975: Saved account secrets to local cache for fast login.
2023-09-26 10:20:30 I/Bot.2398493975: Login successful.
2023-09-26 10:20:30 V/Bot.2398493975: Event: BotOnlineEvent(bot=Bot(2398493975))
2023-09-26 10:20:30 V/Bot.2398493975: Event: BotReloginEvent(bot=Bot(2398493975), cause=null)
2023-09-26 10:20:30 I/Bot.2398493975: Reconnected successfully in 1.82s.
2023-09-26 10:23:35 V/Bot.2398493975: Event: BotOfflineEvent.Dropped(bot=Bot(2398493975), cause=HeartbeatFailedException: 2398493975.AliveHeartbeat, recoverable=true, cause=PacketTimeoutException(message=2398493975.AliveHeartbeat Scheduler: Timeout receiving action response, cause=kotlinx.coroutines.TimeoutCancellationException: Timed out waiting for 5000 ms), reconnect=true)
2023-09-26 10:23:35 W/Bot.2398493975: Connection lost, reconnecting... (HeartbeatFailedException: 2398493975.AliveHeartbeat, recoverable=true, cause=PacketTimeoutException(message=2398493975.AliveHeartbeat Scheduler: Timeout receiving action response, cause=kotlinx.coroutines.TimeoutCancellationException: Timed out waiting for 5000 ms))
2023-09-26 10:23:35 I/UnidbgFetchQsign: Bot(2398493975) initialize by http://127.0.0.1:8080
2023-09-26 10:23:35 I/UnidbgFetchQsign: Bot(2398493975) initialize complete
2023-09-26 10:23:36 I/Bot.2398493975: Saved account secrets to local cache for fast login.
2023-09-26 10:23:36 I/Bot.2398493975: Login successful.
2023-09-26 10:23:36 V/Bot.2398493975: Event: BotOnlineEvent(bot=Bot(2398493975))
2023-09-26 10:23:36 V/Bot.2398493975: Event: BotReloginEvent(bot=Bot(2398493975), cause=null)
2023-09-26 10:23:36 I/Bot.2398493975: Reconnected successfully in 1.603s.
2023-09-26 10:28:58 I/UnidbgFetchQsign: Bot(2398493975) request_token, submit success
2023-09-26 10:50:37 V/Bot.2398493975: Event: BotOfflineEvent.Dropped(bot=Bot(2398493975), cause=net.mamoe.mirai.internal.network.components.PacketCodecException: java.lang.IllegalStateException: Received packet returnCode = -10008, which may mean session expired., reconnect=true)
2023-09-26 10:50:37 W/Bot.2398493975: Connection lost, reconnecting... (net.mamoe.mirai.internal.network.components.PacketCodecException: java.lang.IllegalStateException: Received packet returnCode = -10008, which may mean session expired.)
2023-09-26 10:51:10 I/UnidbgFetchQsign: Bot(2398493975) initialize by http://127.0.0.1:8080
2023-09-26 10:51:10 I/UnidbgFetchQsign: Bot(2398493975) initialize complete
2023-09-26 10:51:11 I/Bot.2398493975: Saved account secrets to local cache for fast login.
2023-09-26 10:51:11 I/Bot.2398493975: Login successful.
2023-09-26 10:51:11 V/Bot.2398493975: Event: BotOnlineEvent(bot=Bot(2398493975))
2023-09-26 10:51:11 V/Bot.2398493975: Event: BotReloginEvent(bot=Bot(2398493975), cause=null)
2023-09-26 10:51:11 I/Bot.2398493975: Reconnected successfully in 34.702s.
2023-09-26 10:51:23 V/Bot.2398493975: [獭獭不会交学费军团@(887156367)] lax@牛牛道心破碎军团(269418386) -> [mirai:image:{6EFF802D-793D-7624-B569-1C1339461264}.png, width=637, height=433, size=34360, type=PNG, isEmoji=false]
2023-09-26 10:52:40 V/Bot.2398493975: [獭獭不会交学费军团@(887156367)] 铁锅炖獭獭ʕ❍ᴥ❍ʔ(1609323331) -> [mirai:image:{1E8676F9-338E-00CA-81E3-674B950F95C1}.png, width=251, height=207, size=103886, type=GIF, isEmoji=true]
2023-09-26 10:52:54 V/Bot.2398493975: [獭獭不会交学费军团@(887156367)] 獭獭买锤子大臣@被獭獭军团开除(963423936) -> [不支持的消息#-1951984689][mirai:image:{1E8676F9-338E-00CA-81E3-674B950F95C1}.jpg, width=251, height=207, size=103886, type=GIF, isEmoji=false]
2023-09-26 10:53:08 V/Bot.2398493975: [獭獭不会交学费军团@(887156367)] Freeze_Kirin(768173212) -> [mirai:image:{1E8676F9-338E-00CA-81E3-674B950F95C1}.png, width=251, height=207, size=103886, type=GIF, isEmoji=true]
2023-09-26 10:53:12 V/Bot.2398493975: [test(389193066)] 时雨(1609323331) -> ！吃鱼
2023-09-26 10:53:13 V/Bot.2398493975: Group(389193066) <- 昵称：铁锅炖獭獭ʕ❍ᴥ❍ʔ
段位：4级
rate：1378.15
近期顺位：3431413442
更多数据请访问：http://shanghaitech-mahjong.top/userid/1609323331
2023-09-26 11:00:11 V/Bot.2398493975: Event: BotOfflineEvent.Dropped(bot=Bot(2398493975), cause=net.mamoe.mirai.internal.network.components.PacketCodecException: java.lang.IllegalStateException: Received packet returnCode = -10008, which may mean session expired., reconnect=true)
2023-09-26 11:00:11 W/Bot.2398493975: Connection lost, reconnecting... (net.mamoe.mirai.internal.network.components.PacketCodecException: java.lang.IllegalStateException: Received packet returnCode = -10008, which may mean session expired.)
2023-09-26 11:00:12 I/UnidbgFetchQsign: Bot(2398493975) initialize by http://127.0.0.1:8080
2023-09-26 11:00:12 I/UnidbgFetchQsign: Bot(2398493975) initialize complete
2023-09-26 11:00:13 I/Bot.2398493975: Saved account secrets to local cache for fast login.
2023-09-26 11:00:13 I/Bot.2398493975: Login successful.
2023-09-26 11:00:13 V/Bot.2398493975: Event: BotOnlineEvent(bot=Bot(2398493975))
2023-09-26 11:00:13 V/Bot.2398493975: Event: BotReloginEvent(bot=Bot(2398493975), cause=null)
2023-09-26 11:00:13 I/Bot.2398493975: Reconnected successfully in 1.685s.
2023-09-26 11:07:26 V/Bot.2398493975: [獭獭不会交学费军团@(887156367)] 铁锅炖獭獭ʕ❍ᴥ❍ʔ(1609323331) -> [mirai:image:{150371E3-E577-6AC4-2CB3-A21B31589557}.png, width=872, height=180, size=39845, type=PNG, isEmoji=false]
2023-09-26 11:07:29 V/Bot.2398493975: [獭獭不会交学费军团@(887156367)] 铁锅炖獭獭ʕ❍ᴥ❍ʔ(1609323331) -> [mirai:image:{48693D12-917A-C98A-706E-5E81B4BE8EA4}.png, width=698, height=251, size=36576, type=PNG, isEmoji=false]
2023-09-26 11:07:38 V/Bot.2398493975: [獭獭不会交学费军团@(887156367)] 铁锅炖獭獭ʕ❍ᴥ❍ʔ(1609323331) -> [mirai:marketface:206059,[问好]]
2023-09-26 11:08:59 I/UnidbgFetchQsign: Bot(2398493975) request_token, submit success
2023-09-26 11:25:35 V/Bot.2398493975: [獭獭不会交学费军团@(887156367)] 萝卜@萝卜軍団(690875992) -> 仇恨值
2023-09-26 11:25:36 V/Bot.2398493975: [獭獭不会交学费军团@(887156367)] 萝卜@萝卜軍団(690875992) -> 8
2023-09-26 11:37:08 V/Bot.2398493975: [獭獭不会交学费军团@(887156367)] 萝卜@萝卜軍団(690875992) -> [mirai:image:{F7BFD9ED-9356-223F-DAE3-B2B92ED3244E}.png, width=588, height=560, size=36459, type=PNG, isEmoji=false]
2023-09-26 11:37:12 V/Bot.2398493975: [獭獭不会交学费军团@(887156367)] 萝卜@萝卜軍団(690875992) -> 这是新大饼吗
2023-09-26 11:37:18 V/Bot.2398493975: [獭獭不会交学费军团@(887156367)] 萝卜@萝卜軍団(690875992) -> [mirai:image:{87EEFC8B-C429-BFE4-DAFE-240D508AABCB}.gif, width=368, height=288, size=183490, type=GIF, isEmoji=true]
2023-09-26 11:38:11 V/Bot.2398493975: [獭獭不会交学费军团@(887156367)] 獭獭买锤子大臣@被獭獭军团开除(963423936) -> 那不然呢
2023-09-26 11:40:04 V/Bot.2398493975: [獭獭不会交学费军团@(887156367)] 萝卜@萝卜軍団(690875992) -> 我心里想年前多好啊
2023-09-26 11:40:19 V/Bot.2398493975: [獭獭不会交学费军团@(887156367)] 萝卜@萝卜軍団(690875992) -> 然后觉得过完年能投也很好了
2023-09-26 11:40:28 V/Bot.2398493975: [獭獭不会交学费军团@(887156367)] 萝卜@萝卜軍団(690875992) -> 实际上 五月份投出去就是胜利
2023-09-26 11:41:39 V/Bot.2398493975: [獭獭不会交学费军团@(887156367)] 獭獭买锤子大臣@被獭獭军团开除(963423936) -> 水群一上午
2023-09-26 11:41:42 V/Bot.2398493975: [獭獭不会交学费军团@(887156367)] 獭獭买锤子大臣@被獭獭军团开除(963423936) -> 该吃饭了
2023-09-26 11:42:03 V/Bot.2398493975: [獭獭不会交学费军团@(887156367)] zz@獺獺軍団(771507043) -> 吃啥
2023-09-26 11:42:13 V/Bot.2398493975: [獭獭不会交学费军团@(887156367)] 獭獭买锤子大臣@被獭獭军团开除(963423936) -> [不支持的消息#2101418928][mirai:image:{B1416912-C911-EEB2-5EE4-EE03AC0B54CF}.jpg, width=128, height=103, size=48314, type=GIF, isEmoji=true]
2023-09-26 11:42:16 V/Bot.2398493975: [獭獭不会交学费军团@(887156367)] 獭獭买锤子大臣@被獭獭军团开除(963423936) -> 食堂
2023-09-26 11:42:22 V/Bot.2398493975: [獭獭不会交学费军团@(887156367)] 獭獭会交学费军团太子(1297471104) -> 你们做的是什么基波
2023-09-26 11:42:27 V/Bot.2398493975: [獭獭不会交学费军团@(887156367)] 獭獭买锤子大臣@被獭獭军团开除(963423936) -> 激波
2023-09-26 11:42:41 V/Bot.2398493975: [獭獭不会交学费军团@(887156367)] zz@獺獺軍団(771507043) -> 咖波
2023-09-26 11:44:16 V/Bot.2398493975: [獭獭不会交学费军团@(887156367)] 獭獭买锤子大臣@被獭獭军团开除(963423936) -> [不支持的消息#-332467453][mirai:image:{324BFB53-FA80-53C9-37B9-AD4CD7B3C147}.jpg, width=280, height=260, size=30126, type=GIF, isEmoji=true]
2023-09-26 11:44:24 V/Bot.2398493975: [獭獭不会交学费军团@(887156367)] 獭獭买锤子大臣@被獭獭军团开除(963423936) -> 吃完饭回来随便糊个周报
2023-09-26 11:44:28 V/Bot.2398493975: [獭獭不会交学费军团@(887156367)] 獭獭买锤子大臣@被獭獭军团开除(963423936) -> 这周又没事干了
2023-09-26 11:44:40 V/Bot.2398493975: [獭獭不会交学费军团@(887156367)] 铁锅炖獭獭ʕ❍ᴥ❍ʔ(1609323331) -> 咖波
2023-09-26 11:45:05 V/Bot.2398493975: [獭獭不会交学费军团@(887156367)] 铁锅炖獭獭ʕ❍ᴥ❍ʔ(1609323331) -> 十一点半食堂就排大队
2023-09-26 11:45:17 V/Bot.2398493975: [獭獭不会交学费军团@(887156367)] 铁锅炖獭獭ʕ❍ᴥ❍ʔ(1609323331) -> 几点来能吃不排队的猪排饭
2023-09-26 11:45:17 V/Bot.2398493975: [獭獭不会交学费军团@(887156367)] Freeze_Kirin(768173212) -> [mirai:image:{B1416912-C911-EEB2-5EE4-EE03AC0B54CF}.png, width=128, height=103, size=48314, type=GIF, isEmoji=true]
2023-09-26 11:45:21 V/Bot.2398493975: [獭獭不会交学费军团@(887156367)] 铁锅炖獭獭ʕ❍ᴥ❍ʔ(1609323331) -> [mirai:image:{4EDDAE51-2EA5-50F1-9CCF-6CD49C679B3A}.png, width=236, height=226, size=161862, type=GIF, isEmoji=true]
2023-09-26 11:45:28 V/Bot.2398493975: [獭獭不会交学费军团@(887156367)] Freeze_Kirin(768173212) -> 那我再等会去食堂吧
2023-09-26 11:45:46 V/Bot.2398493975: [獭獭不会交学费军团@(887156367)] 铁锅炖獭獭ʕ❍ᴥ❍ʔ(1609323331) -> 热知识现在还没下课
2023-09-26 11:46:17 V/Bot.2398493975: [獭獭不会交学费军团@(887156367)] 獭獭买锤子大臣@被獭獭军团开除(963423936) -> [不支持的消息#-804928754][mirai:image:{B1416912-C911-EEB2-5EE4-EE03AC0B54CF}.jpg, width=128, height=103, size=48314, type=GIF, isEmoji=false]
2023-09-26 11:46:20 V/Bot.2398493975: [獭獭不会交学费军团@(887156367)] 獭獭买锤子大臣@被獭獭军团开除(963423936) -> 我也去吃
2023-09-26 11:46:33 V/Bot.2398493975: [獭獭不会交学费军团@(887156367)] 铁锅炖獭獭ʕ❍ᴥ❍ʔ(1609323331) -> 我是自愿吃自选的
2023-09-26 11:46:35 V/Bot.2398493975: [獭獭不会交学费军团@(887156367)] 铁锅炖獭獭ʕ❍ᴥ❍ʔ(1609323331) -> [mirai:image:{100C172F-B822-10F7-B7AA-AEB0CDC904DD}.png, width=350, height=300, size=119247, type=GIF, isEmoji=true]
2023-09-26 11:48:59 I/UnidbgFetchQsign: Bot(2398493975) request_token, submit success
2023-09-26 12:01:47 V/Bot.2398493975: [獭獭不会交学费军团@(887156367)] 萝卜@萝卜軍団(690875992) -> [mirai:image:{DA4CFC05-68DB-01C5-3B26-8EFFBF70385B}.jpg, width=300, height=280, size=13295, type=JPG, isEmoji=true]
2023-09-26 12:02:50 V/Bot.2398493975: [獭獭不会交学费军团@(887156367)] 獭獭买锤子大臣@被獭獭军团开除(963423936) -> [mirai:image:{B1416912-C911-EEB2-5EE4-EE03AC0B54CF}.png, width=128, height=103, size=48314, type=GIF, isEmoji=true]
2023-09-26 12:03:15 V/Bot.2398493975: [獭獭不会交学费军团@(887156367)] 铁锅炖獭獭ʕ❍ᴥ❍ʔ(1609323331) -> 宿管阿姨卖的饮料
2023-09-26 12:03:18 V/Bot.2398493975: [獭獭不会交学费军团@(887156367)] 铁锅炖獭獭ʕ❍ᴥ❍ʔ(1609323331) -> 好冰
2023-09-26 12:03:23 V/Bot.2398493975: [獭獭不会交学费军团@(887156367)] 铁锅炖獭獭ʕ❍ᴥ❍ʔ(1609323331) -> 要拿不住了
2023-09-26 12:11:05 V/Bot.2398493975: [獭獭不会交学费军团@(887156367)] 铁锅炖獭獭ʕ❍ᴥ❍ʔ(1609323331) -> [mirai:image:{D30C7FF3-4A87-79BE-8712-21BE0FCC3D0F}.png, width=1125, height=2436, size=344000, type=PNG, isEmoji=false]
2023-09-26 12:11:08 V/Bot.2398493975: [獭獭不会交学费军团@(887156367)] 铁锅炖獭獭ʕ❍ᴥ❍ʔ(1609323331) -> 涅麻麻滴
2023-09-26 12:11:16 V/Bot.2398493975: [獭獭不会交学费军团@(887156367)] hzc@獭獭軍団二度受(2384102753) -> ？我直接摆烂
2023-09-26 12:11:20 V/Bot.2398493975: [獭獭不会交学费军团@(887156367)] hzc@獭獭軍団二度受(2384102753) -> 吃面去了
2023-09-26 12:11:23 V/Bot.2398493975: [獭獭不会交学费军团@(887156367)] 铁锅炖獭獭ʕ❍ᴥ❍ʔ(1609323331) -> 产品升级？
2023-09-26 12:11:26 V/Bot.2398493975: [獭獭不会交学费军团@(887156367)] 铁锅炖獭獭ʕ❍ᴥ❍ʔ(1609323331) -> [mirai:image:{A3C56810-0293-8086-658D-531E0E0B1790}.png, width=512, height=512, size=129498, type=GIF, isEmoji=true]
2023-09-26 12:11:30 V/Bot.2398493975: [獭獭不会交学费军团@(887156367)] hzc@獭獭軍団二度受(2384102753) -> 排大队
2023-09-26 12:11:33 V/Bot.2398493975: [獭獭不会交学费军团@(887156367)] 铁锅炖獭獭ʕ❍ᴥ❍ʔ(1609323331) -> [mirai:quote:[mirai:source:ids=[75614], internalIds=[2137154820], from 2384102753 to 887156367 at 1695701476], content=<not yet initialized>][mirai:at:2384102753] 我吃自选了
2023-09-26 12:11:36 V/Bot.2398493975: [獭獭不会交学费军团@(887156367)] 铁锅炖獭獭ʕ❍ᴥ❍ʔ(1609323331) -> 坚决不排队
2023-09-26 12:11:39 V/Bot.2398493975: [獭獭不会交学费军团@(887156367)] 铁锅炖獭獭ʕ❍ᴥ❍ʔ(1609323331) -> [mirai:image:{05919B55-D12E-11BD-7C76-D06FAD553D12}.png, width=370, height=296, size=100522, type=GIF, isEmoji=true]
2023-09-26 12:11:43 V/Bot.2398493975: [獭獭不会交学费军团@(887156367)] 铁锅炖獭獭ʕ❍ᴥ❍ʔ(1609323331) -> 自选还便宜
2023-09-26 12:11:46 V/Bot.2398493975: [獭獭不会交学费军团@(887156367)] 铁锅炖獭獭ʕ❍ᴥ❍ʔ(1609323331) -> 有蒸蛋
2023-09-26 12:11:48 V/Bot.2398493975: [獭獭不会交学费军团@(887156367)] hzc@獭獭軍団二度受(2384102753) -> 现在自选都排大队
2023-09-26 12:11:59 V/Bot.2398493975: [獭獭不会交学费军团@(887156367)] 铁锅炖獭獭ʕ❍ᴥ❍ʔ(1609323331) -> 我刚刚吃完看见有个大哥餐盘里三份蒸蛋
2023-09-26 12:12:11 V/Bot.2398493975: [獭獭不会交学费军团@(887156367)] hzc@獭獭軍団二度受(2384102753) -> 哇哦
2023-09-26 12:14:21 V/Bot.2398493975: [獭獭不会交学费军团@(887156367)] Freeze_Kirin(768173212) -> 缪缪的伞的包裹
2023-09-26 12:14:25 V/Bot.2398493975: [獭獭不会交学费军团@(887156367)] Freeze_Kirin(768173212) -> 好长一条
2023-09-26 12:15:04 V/Bot.2398493975: [獭獭不会交学费军团@(887156367)] 铁锅炖獭獭ʕ❍ᴥ❍ʔ(1609323331) -> [mirai:image:{1D941FF3-006F-86A6-FD4F-12027B527696}.png, width=112, height=86, size=35949, type=GIF, isEmoji=true]
2023-09-26 12:28:41 V/Bot.2398493975: [獭獭不会交学费军团@(887156367)] zz@獺獺軍団(771507043) -> [mirai:image:{9345702F-3342-B8BC-43DB-01DCF5271152}.png, width=1284, height=2778, size=473220, type=PNG, isEmoji=false]
2023-09-26 12:29:05 I/UnidbgFetchQsign: Bot(2398493975) request_token, submit success
2023-09-26 12:32:29 V/Bot.2398493975: [獭獭不会交学费军团@(887156367)] zz@獺獺軍団(771507043) -> 我说怎么只有般光有人，原来上级预约都点不了[mirai:image:{F281F804-A2CA-6B08-E92E-6D1D1B51266C}.png, width=2778, height=1284, size=212800, type=JPG, isEmoji=false]
2023-09-26 12:35:17 V/Bot.2398493975: [獭獭不会交学费军团@(887156367)] 懒懒（笨物）(947603216) -> 产品升级海星
2023-09-26 12:35:36 V/Bot.2398493975: [獭獭不会交学费军团@(887156367)] Freeze_Kirin(768173212) -> [mirai:image:{6F77AE89-01C9-2CAD-9228-3DBDE3BB347D}.png, width=1291, height=2796, size=302110, type=JPG, isEmoji=false]
2023-09-26 12:35:39 V/Bot.2398493975: [獭獭不会交学费军团@(887156367)] Freeze_Kirin(768173212) -> 根本塞不进去
2023-09-26 12:35:46 V/Bot.2398493975: [獭獭不会交学费军团@(887156367)] 铁锅炖獭獭ʕ❍ᴥ❍ʔ(1609323331) -> 买日服伞的人亏亏惹
2023-09-26 12:35:48 V/Bot.2398493975: [獭獭不会交学费军团@(887156367)] Freeze_Kirin(768173212) -> 淘宝评论的哥们是怎么做到的
2023-09-26 12:42:37 V/Bot.2398493975: [獭獭不会交学费军团@(887156367)] 獭獭买锤子大臣@被獭獭军团开除(963423936) -> [mirai:image:{B1416912-C911-EEB2-5EE4-EE03AC0B54CF}.gif, width=128, height=103, size=48314, type=GIF, isEmoji=true]‘’
2023-09-26 12:42:40 V/Bot.2398493975: [獭獭不会交学费军团@(887156367)] 獭獭买锤子大臣@被獭獭军团开除(963423936) -> 春日影好难唱
2023-09-26 12:42:41 V/Bot.2398493975: [獭獭不会交学费军团@(887156367)] 獭獭买锤子大臣@被獭獭军团开除(963423936) -> B大调
2023-09-26 12:42:44 V/Bot.2398493975: [獭獭不会交学费军团@(887156367)] 獭獭买锤子大臣@被獭獭军团开除(963423936) -> 【【人声谱/含和声】春日影（BanG Dream! It's MyGO!!!!! 插曲）】 https://www.bilibili.com/video/BV1Dp4y1c7j1/?share_source=copy_web&vd_source=22c949d8becbc6f7743d28bbc96675a3
2023-09-26 12:42:47 V/Bot.2398493975: [獭獭不会交学费军团@(887156367)] 獭獭买锤子大臣@被獭獭军团开除(963423936) -> 5个升
2023-09-26 12:42:58 V/Bot.2398493975: [獭獭不会交学费军团@(887156367)] 獭獭买锤子大臣@被獭獭军团开除(963423936) -> [mirai:image:{B1416912-C911-EEB2-5EE4-EE03AC0B54CF}.gif, width=128, height=103, size=48314, type=GIF, isEmoji=true]
2023-09-26 12:43:04 V/Bot.2398493975: [獭獭不会交学费军团@(887156367)] 铁锅炖獭獭ʕ❍ᴥ❍ʔ(1609323331) -> [mirai:image:{B1416912-C911-EEB2-5EE4-EE03AC0B54CF}.gif, width=128, height=103, size=48314, type=GIF, isEmoji=true]
2023-09-26 12:43:07 V/Bot.2398493975: [獭獭不会交学费军团@(887156367)] 獭獭买锤子大臣@被獭獭军团开除(963423936) -> 受不了了
2023-09-26 12:43:13 V/Bot.2398493975: [獭獭不会交学费军团@(887156367)] 獭獭买锤子大臣@被獭獭军团开除(963423936) -> 我要跟TGW祥子爆了
2023-09-26 12:43:24 V/Bot.2398493975: [獭獭不会交学费军团@(887156367)] 獭獭买锤子大臣@被獭獭军团开除(963423936) -> 给它升半个音
2023-09-26 12:43:47 V/Bot.2398493975: [獭獭不会交学费军团@(887156367)] 铁锅炖獭獭ʕ❍ᴥ❍ʔ(1609323331) -> 升半个是什么调
2023-09-26 12:44:13 V/Bot.2398493975: [獭獭不会交学费军团@(887156367)] 铁锅炖獭獭ʕ❍ᴥ❍ʔ(1609323331) -> [mirai:image:{172528EE-DEDE-5222-EAF3-B56D2D4A7150}.jpg, width=670, height=670, size=84374, type=JPG, isEmoji=true]
2023-09-26 12:44:17 V/Bot.2398493975: [獭獭不会交学费军团@(887156367)] 獭獭买锤子大臣@被獭獭军团开除(963423936) -> C大调呀
2023-09-26 12:44:20 V/Bot.2398493975: [獭獭不会交学费军团@(887156367)] 獭獭买锤子大臣@被獭獭军团开除(963423936) -> [mirai:image:{6E83AEEA-B969-5524-D8FC-14FF5EA2E351}.gif, width=512, height=512, size=25416, type=GIF, isEmoji=true]
2023-09-26 12:44:27 V/Bot.2398493975: [獭獭不会交学费军团@(887156367)] 铁锅炖獭獭ʕ❍ᴥ❍ʔ(1609323331) -> [mirai:image:{AFC6E4DA-4B8F-DE2C-C933-606D21498AA0}.gif, width=324, height=300, size=62607, type=GIF, isEmoji=false]
2023-09-26 12:45:24 V/Bot.2398493975: [獭獭不会交学费军团@(887156367)] 獭獭买锤子大臣@被獭獭军团开除(963423936) -> [mirai:image:{FB9C65FB-5685-1B12-1B13-836B38246164}.gif, width=292, height=205, size=61102, type=GIF, isEmoji=true]mygo的歌真的好难唱
2023-09-26 12:45:28 V/Bot.2398493975: [獭獭不会交学费军团@(887156367)] 獭獭买锤子大臣@被獭獭军团开除(963423936) -> 感觉比ave mujica难
2023-09-26 12:54:27 V/Bot.2398493975: [獭獭不会交学费军团@(887156367)] 铁锅炖獭獭ʕ❍ᴥ❍ʔ(1609323331) -> [mirai:image:{51213CC0-7CF8-A56C-2321-CE837E54A551}.png, width=640, height=480, size=86213, type=JPG, isEmoji=false]
2023-09-26 12:54:30 V/Bot.2398493975: [獭獭不会交学费军团@(887156367)] 铁锅炖獭獭ʕ❍ᴥ❍ʔ(1609323331) -> 罗森
2023-09-26 12:54:33 V/Bot.2398493975: [獭獭不会交学费军团@(887156367)] 铁锅炖獭獭ʕ❍ᴥ❍ʔ(1609323331) -> [mirai:image:{FB9C65FB-5685-1B12-1B13-836B38246164}.png, width=292, height=205, size=61102, type=GIF, isEmoji=true]
2023-09-26 12:57:13 V/Bot.2398493975: [獭獭不会交学费军团@(887156367)] zz@獺獺軍団(771507043) -> [mirai:image:{FB9C65FB-5685-1B12-1B13-836B38246164}.png, width=292, height=205, size=61102, type=GIF, isEmoji=true]
2023-09-26 12:57:25 V/Bot.2398493975: [獭獭不会交学费军团@(887156367)] 铁锅炖獭獭ʕ❍ᴥ❍ʔ(1609323331) -> [mirai:image:{D5B46C7E-A5B2-6C1E-670E-6F8C8303C74D}.png, width=1125, height=2436, size=1207332, type=PNG, isEmoji=false]
2023-09-26 12:57:27 V/Bot.2398493975: [獭獭不会交学费军团@(887156367)] 铁锅炖獭獭ʕ❍ᴥ❍ʔ(1609323331) -> [mirai:image:{57BC96FC-7082-CEB8-4FFA-8D0393406004}.png, width=1125, height=2436, size=471895, type=PNG, isEmoji=false]
2023-09-26 12:57:28 V/Bot.2398493975: [獭獭不会交学费军团@(887156367)] 铁锅炖獭獭ʕ❍ᴥ❍ʔ(1609323331) -> [mirai:image:{6A836FE2-0CD1-9013-A486-540CB2D62D63}.png, width=550, height=400, size=126436, type=GIF, isEmoji=false]
2023-09-26 12:59:22 V/Bot.2398493975: [獭獭不会交学费军团@(887156367)] 獭獭买锤子大臣@被獭獭军团开除(963423936) -> [mirai:image:{FB9C65FB-5685-1B12-1B13-836B38246164}.gif, width=292, height=205, size=61102, type=GIF, isEmoji=true]
2023-09-26 13:09:06 I/UnidbgFetchQsign: Bot(2398493975) request_token, submit success
2023-09-26 13:33:11 V/Bot.2398493975: [獭獭不会交学费军团@(887156367)] 铁锅炖獭獭ʕ❍ᴥ❍ʔ(1609323331) -> [mirai:image:{2488E4A4-7430-8905-1902-2AD71589CECC}.jpg, width=1080, height=923, size=105426, type=JPG, isEmoji=false]柯洁头上有光环
2023-09-26 13:34:34 V/Bot.2398493975: [獭獭不会交学费军团@(887156367)] 优雅猛牛(695150175) -> [哦]
2023-09-26 13:42:25 V/Bot.2398493975: [獭獭不会交学费军团@(887156367)] 铁锅炖獭獭ʕ❍ᴥ❍ʔ(1609323331) -> [mirai:image:{3909511C-CE01-AF58-DA75-1C8F3C903ADC}.png, width=1713, height=965, size=1825574, type=PNG, isEmoji=false]
2023-09-26 13:44:09 V/Bot.2398493975: [獭獭不会交学费军团@(887156367)] 铁锅炖獭獭ʕ❍ᴥ❍ʔ(1609323331) -> [mirai:image:{1651773B-3A96-2FF4-B841-198FFA466864}.png, width=1713, height=965, size=1910231, type=PNG, isEmoji=false]
2023-09-26 13:49:07 I/UnidbgFetchQsign: Bot(2398493975) request_token, submit success
2023-09-26 14:24:03 V/Bot.2398493975: [獭獭不会交学费军团@(887156367)] 铁锅炖獭獭ʕ❍ᴥ❍ʔ(1609323331) -> [mirai:image:{90263834-59C6-1ACA-F8E7-DF9757BD3B8C}.jpg, width=1713, height=965, size=195141, type=PNG, isEmoji=false]老婆
2023-09-26 14:24:15 V/Bot.2398493975: [獭獭不会交学费军团@(887156367)] 铁锅炖獭獭ʕ❍ᴥ❍ʔ(1609323331) -> [mirai:image:{91F4D6D3-9696-6E46-7E76-4F07093981BA}.gif, width=550, height=400, size=111716, type=GIF, isEmoji=false]
2023-09-26 14:29:13 I/UnidbgFetchQsign: Bot(2398493975) request_token, submit success
2023-09-26 14:52:52 V/Bot.2398493975: [獭獭不会交学费军团@(887156367)] 铁锅炖獭獭ʕ❍ᴥ❍ʔ(1609323331) -> [mirai:image:{D92F4DD6-CACC-A3C9-6783-3B05836864C3}.png, width=622, height=300, size=33966, type=PNG, isEmoji=false]
2023-09-26 14:54:55 V/Bot.2398493975: [獭獭不会交学费军团@(887156367)] 铁锅炖獭獭ʕ❍ᴥ❍ʔ(1609323331) -> [mirai:image:{00F5EA55-A301-1517-ACEA-1E92E7386559}.png, width=625, height=803, size=279725, type=PNG, isEmoji=false]
2023-09-26 14:56:06 V/Bot.2398493975: [獭獭不会交学费军团@(887156367)] 铁锅炖獭獭ʕ❍ᴥ❍ʔ(1609323331) -> [mirai:image:{254CADC0-4FF2-DAFF-D2DC-8C3EF8FEB068}.png, width=343, height=221, size=100235, type=PNG, isEmoji=false]可是有的人没有佐仓现在还打不过L难度
2023-09-26 14:57:53 V/Bot.2398493975: [獭獭不会交学费军团@(887156367)] Freeze_Kirin(768173212) -> 可是有的人没有佐仓现在还打不过L难度
2023-09-26 15:05:45 V/Bot.2398493975: [獭獭不会交学费军团@(887156367)] 铁锅炖獭獭ʕ❍ᴥ❍ʔ(1609323331) -> [mirai:image:{9967205C-E1F0-7550-C947-514AB3A3C4D6}.png, width=457, height=286, size=35311, type=PNG, isEmoji=false]你也乱入
2023-09-26 15:09:13 I/UnidbgFetchQsign: Bot(2398493975) request_token, submit success
2023-09-26 15:33:27 V/Bot.2398493975: Event: GroupTalkativeChangeEvent(group=Group(493057481), now=NormalMember(2398493975), previous=NormalMember(1297471104))
2023-09-26 15:33:27 V/Bot.2398493975: Event: MemberHonorChangeEvent.Lose(member=NormalMember(1297471104), honorType=GroupHonorType(id=1))
2023-09-26 15:33:27 V/Bot.2398493975: Event: MemberHonorChangeEvent.Achieve(member=NormalMember(2398493975), honorType=GroupHonorType(id=1))
2023-09-26 15:49:14 I/UnidbgFetchQsign: Bot(2398493975) request_token, submit success
2023-09-26 15:53:36 V/Bot.2398493975: [test(389193066)] dd小助手(3459246674) -> 赤五教教主亮亮 正在直播 有牌堪和直须和，莫待无和空叹息~
https://live.bilibili.com/23490978
2023-09-26 15:53:38 V/Bot.2398493975: [test(389193066)] dd小助手(3459246674) -> [mirai:image:{4209C5EF-88AE-8346-2B76-41C6A739D801}.jpg, width=704, height=396, size=95467, type=JPG, isEmoji=false]
2023-09-26 15:53:39 V/Bot.2398493975: [test(389193066)] dd小助手(3459246674) -> 已设置@全体成员但没有管理员权限,将尝试@指定成员,请需要接收单独@消息的群员使用"开播@我"命令进行订阅
2023-09-26 15:53:40 V/Bot.2398493975: [test(389193066)] dd小助手(3459246674) -> [mirai:at:2461942798] 
2023-09-26 16:24:05 V/Bot.2398493975: [獭獭不会交学费军团@(887156367)] 铁锅炖獭獭ʕ❍ᴥ❍ʔ(1609323331) -> [mirai:image:{D9AB842E-B40F-FB7B-DD46-00F4FB20F29E}.png, width=788, height=272, size=283890, type=PNG, isEmoji=false]
2023-09-26 16:29:20 I/UnidbgFetchQsign: Bot(2398493975) request_token, submit success
2023-09-26 16:40:14 V/Bot.2398493975: [SHT荔枝麻酱协会(493057481)] 4000all！(1846411487) -> xdm 今晚6点 就在今天 敲完等好
2023-09-26 16:40:16 V/Bot.2398493975: Event: GroupRecall(bot=Bot(2398493975), authorId=1846411487, messageIds=[286618], messageInternalIds=[1883257395], messageTime=1695717613, operator=NormalMember(1846411487), group=Group(493057481), author=NormalMember(1846411487))
2023-09-26 16:40:23 V/Bot.2398493975: [SHT荔枝麻酱协会(493057481)] 4000all！(1846411487) -> xdm 今晚6点 就在今天 敲碗等好
2023-09-26 16:40:34 V/Bot.2398493975: [SHT荔枝麻酱协会(493057481)] 4000all！(1846411487) -> 中田要登场了
2023-09-26 16:42:56 V/Bot.2398493975: [獭獭不会交学费军团@(887156367)] zz@獺獺軍団(771507043) -> [mirai:image:{44BFF89D-1408-4992-5CBA-9CB3E71F700F}.png, width=1840, height=1080, size=2418836, type=PNG, isEmoji=false]
2023-09-26 16:43:05 V/Bot.2398493975: [獭獭不会交学费军团@(887156367)] zz@獺獺軍団(771507043) -> 震动人3号
2023-09-26 16:43:12 V/Bot.2398493975: [獭獭不会交学费军团@(887156367)] lax@牛牛道心破碎军团(269418386) -> 终于把那个带有奇怪日文的饼吃完了 是真的难吃
2023-09-26 16:43:20 V/Bot.2398493975: [獭獭不会交学费军团@(887156367)] 冰水@不会反身跳军团(308217149) -> [mirai:image:{49C52845-67DC-5336-1051-F8AD44AE0EDB}.jpg, width=1080, height=1039, size=97632, type=JPG, isEmoji=false]
2023-09-26 16:43:21 V/Bot.2398493975: [獭獭不会交学费军团@(887156367)] 冰水@不会反身跳军团(308217149) -> 前瞻（）
2023-09-26 16:43:27 V/Bot.2398493975: [獭獭不会交学费军团@(887156367)] lax@牛牛道心破碎军团(269418386) -> 还能吃出来没有融化的糖
2023-09-26 16:43:50 V/Bot.2398493975: [獭獭不会交学费军团@(887156367)] lax@牛牛道心破碎军团(269418386) -> 月饼+水杯=冰水
2023-09-26 16:44:16 V/Bot.2398493975: [獭獭不会交学费军团@(887156367)] lax@牛牛道心破碎军团(269418386) -> 这是在校生专有的吗
2023-09-26 16:44:30 V/Bot.2398493975: [獭獭不会交学费军团@(887156367)] 獭獭会交学费军团太子(1297471104) -> 物质学业
2023-09-26 16:44:39 V/Bot.2398493975: [獭獭不会交学费军团@(887156367)] lax@牛牛道心破碎军团(269418386) -> 我是物质学院的捏
2023-09-26 16:44:40 V/Bot.2398493975: [獭獭不会交学费军团@(887156367)] 萝卜@萝卜軍団(690875992) -> 物质学业
2023-09-26 16:44:54 V/Bot.2398493975: [獭獭不会交学费军团@(887156367)] 冰水@不会反身跳军团(308217149) -> 应该都有吧
2023-09-26 16:45:10 V/Bot.2398493975: [獭獭不会交学费军团@(887156367)] lax@牛牛道心破碎军团(269418386) -> 冰水帮我领 领了自己留着
2023-09-26 16:45:15 V/Bot.2398493975: [獭獭不会交学费军团@(887156367)] 冰水@不会反身跳军团(308217149) -> 就是物院先发了邮件
2023-09-26 16:45:18 V/Bot.2398493975: [獭獭不会交学费军团@(887156367)] lax@牛牛道心破碎军团(269418386) -> 两个月饼一顿饭
2023-09-26 16:45:29 V/Bot.2398493975: [獭獭不会交学费军团@(887156367)] 冰水@不会反身跳军团(308217149) -> 草 你学籍还在吗）
2023-09-26 16:45:34 V/Bot.2398493975: [獭獭不会交学费军团@(887156367)] hzc@獭獭軍団二度受(2384102753) -> 物质学业
2023-09-26 16:45:44 V/Bot.2398493975: [獭獭不会交学费军团@(887156367)] 铁锅炖獭獭ʕ❍ᴥ❍ʔ(1609323331) -> 物质学业
2023-09-26 16:46:21 V/Bot.2398493975: [獭獭不会交学费军团@(887156367)] zz@獺獺軍団(771507043) -> 物质学业
2023-09-26 16:46:52 V/Bot.2398493975: [獭獭不会交学费军团@(887156367)] 优雅猛牛(695150175) -> 物质学业
2023-09-26 16:47:09 V/Bot.2398493975: [獭獭不会交学费军团@(887156367)] 优雅猛牛(695150175) -> [mirai:at:308217149] 帮我也领了
2023-09-26 16:47:11 V/Bot.2398493975: [獭獭不会交学费军团@(887156367)] 优雅猛牛(695150175) -> [托腮]
2023-09-26 16:47:41 V/Bot.2398493975: [獭獭不会交学费军团@(887156367)] lax@牛牛道心破碎军团(269418386) -> 反正我没收到邮件
2023-09-26 16:47:58 V/Bot.2398493975: [獭獭不会交学费军团@(887156367)] lax@牛牛道心破碎军团(269418386) -> 理论上 我不是上科大的人嗷
2023-09-26 16:48:02 V/Bot.2398493975: [獭獭不会交学费军团@(887156367)] lax@牛牛道心破碎军团(269418386) -> 但是我有学号
2023-09-26 16:50:28 V/Bot.2398493975: [獭獭不会交学费军团@(887156367)] zz@獺獺軍団(771507043) -> 信院是不是只能到茶歇自己抢[mirai:image:{7885C766-82D4-2DC0-B93B-17CBD189085B}.png, width=1284, height=2778, size=289643, type=JPG, isEmoji=false]
2023-09-26 16:52:37 V/Bot.2398493975: [獭獭不会交学费军团@(887156367)] lax@牛牛道心破碎军团(269418386) -> 我之前填过志愿 那时候觉得这也太丑了 还要钱 就没填
2023-09-26 16:54:32 V/Bot.2398493975: [SHT荔枝麻酱协会(493057481)] 风行(1685448924) -> 上课
2023-09-26 16:54:38 V/Bot.2398493975: [SHT荔枝麻酱协会(493057481)] 风行(1685448924) -> [mirai:image:{403816B9-B7A3-63B5-09AA-6E296444AC56}.jpg, width=826, height=966, size=106941, type=JPG, isEmoji=true]
2023-09-26 17:03:49 V/Bot.2398493975: [獭獭不会交学费军团@(887156367)] zz@獺獺軍団(771507043) -> 大钻头[mirai:image:{356C64B5-86AA-69F9-41C0-E74D0AFB7CDF}.png, width=2778, height=1284, size=334941, type=JPG, isEmoji=false]
2023-09-26 17:04:03 V/Bot.2398493975: [獭獭不会交学费军团@(887156367)] zz@獺獺軍団(771507043) -> [mirai:image:{9423AC8A-D6CA-CF6B-E95E-772B04E300F5}.png, width=680, height=399, size=487754, type=PNG, isEmoji=false]
2023-09-26 17:04:17 V/Bot.2398493975: [獭獭不会交学费军团@(887156367)] zz@獺獺軍団(771507043) -> 你也是震动
2023-09-26 17:09:21 I/UnidbgFetchQsign: Bot(2398493975) request_token, submit success
2023-09-26 17:15:48 V/Bot.2398493975: [獭獭不会交学费军团@(887156367)] 冰水@不会反身跳军团(308217149) -> 领礼品要一头创在墙上.jpg[mirai:image:{CBE48FC4-0663-DE89-7035-452197620BC4}.jpg, width=1920, height=1440, size=372961, type=JPG, isEmoji=false]
2023-09-26 17:20:22 V/Bot.2398493975: [獭獭不会交学费军团@(887156367)] 铁锅炖獭獭ʕ❍ᴥ❍ʔ(1609323331) -> [mirai:image:{FB9C65FB-5685-1B12-1B13-836B38246164}.png, width=292, height=205, size=61102, type=GIF, isEmoji=true]
2023-09-26 17:21:04 V/Bot.2398493975: [獭獭不会交学费军团@(887156367)] Freeze_Kirin(768173212) -> 9 3/4车站 物质学业版
2023-09-26 17:22:36 V/Bot.2398493975: [test(389193066)] dd小助手(3459246674) -> 赤五教教主亮亮 直播结束了
2023-09-26 17:22:47 V/Bot.2398493975: [test(389193066)] dd小助手(3459246674) -> [mirai:image:{44599A4A-1A22-FAC2-03BC-25C08B9075E8}.png, width=1000, height=7347, size=846621, type=PNG, isEmoji=false]
2023-09-26 17:23:23 V/Bot.2398493975: [test(389193066)] dd小助手(3459246674) -> 检测到下播后短时间内重新开播,可能是由于主播网络波动引起,本次开播不再重复通知
2023-09-26 17:23:51 V/Bot.2398493975: [獭獭不会交学费军团@(887156367)] 獭獭买锤子大臣@被獭獭军团开除(963423936) -> [mirai:image:{FB9C65FB-5685-1B12-1B13-836B38246164}.gif, width=292, height=205, size=61102, type=GIF, isEmoji=true]
2023-09-26 17:27:45 V/Bot.2398493975: [test(389193066)] 时雨(1609323331) -> ！jrrp
2023-09-26 17:27:46 V/Bot.2398493975: Group(389193066) <- 今日人品：大凶
今日适宜役种：门前淸自摸和
(为防止刷屏，一日内不可多次查询哦！)
2023-09-26 17:27:50 V/Bot.2398493975: [test(389193066)] 时雨(1609323331) -> [mirai:image:{8BF34B10-19C1-4195-5866-6DDB73A903D8}.png, width=249, height=188, size=54265, type=GIF, isEmoji=true]
2023-09-26 17:27:52 V/Bot.2398493975: [獭獭不会交学费军团@(887156367)] zz@獺獺軍団(771507043) -> 吃啥
2023-09-26 17:28:11 V/Bot.2398493975: [獭獭不会交学费军团@(887156367)] 铁锅炖獭獭ʕ❍ᴥ❍ʔ(1609323331) -> [mirai:image:{D861DD82-6EE7-FCC6-031F-FA4CAB51ED24}.png, width=1890, height=4096, size=1754267, type=JPG, isEmoji=false]
2023-09-26 17:28:16 V/Bot.2398493975: [test(389193066)] yyyouch(2461942798) -> [mirai:quote:[mirai:source:ids=[38690], internalIds=[651694485], from 3459246674 to 389193066 at 1695720203], content=<not yet initialized>]怎么天天网络波动啊
2023-09-26 17:28:35 V/Bot.2398493975: [獭獭不会交学费军团@(887156367)] zz@獺獺軍団(771507043) -> [mirai:image:{FB9C65FB-5685-1B12-1B13-836B38246164}.gif, width=292, height=205, size=61102, type=GIF, isEmoji=true]
2023-09-26 17:28:39 V/Bot.2398493975: [test(389193066)] yyyouch(2461942798) -> 哦
2023-09-26 17:28:42 V/Bot.2398493975: [test(389193066)] yyyouch(2461942798) -> [mirai:image:{11B99C2C-9632-C9BF-BB5D-19B7202ABB2C}.png, width=1170, height=2532, size=299528, type=JPG, isEmoji=false]
2023-09-26 17:28:46 V/Bot.2398493975: [獭獭不会交学费军团@(887156367)] 铁锅炖獭獭ʕ❍ᴥ❍ʔ(1609323331) -> 快来
2023-09-26 17:28:46 V/Bot.2398493975: [test(389193066)] yyyouch(2461942798) -> 玩塞尔达了
2023-09-26 17:28:48 V/Bot.2398493975: [test(389193066)] yyyouch(2461942798) -> 换分区
2023-09-26 17:28:57 V/Bot.2398493975: [獭獭不会交学费军团@(887156367)] zz@獺獺軍団(771507043) -> 去哪
2023-09-26 17:29:42 V/Bot.2398493975: [獭獭不会交学费军团@(887156367)] 铁锅炖獭獭ʕ❍ᴥ❍ʔ(1609323331) -> 不知道捏
2023-09-26 17:29:43 V/Bot.2398493975: [獭獭不会交学费军团@(887156367)] 铁锅炖獭獭ʕ❍ᴥ❍ʔ(1609323331) -> [mirai:image:{1D941FF3-006F-86A6-FD4F-12027B527696}.png, width=112, height=86, size=35949, type=GIF, isEmoji=true]
2023-09-26 17:30:42 V/Bot.2398493975: [獭獭不会交学费军团@(887156367)] 萝卜@萝卜軍団(690875992) -> 去哪儿
2023-09-26 17:30:57 V/Bot.2398493975: [獭獭不会交学费军团@(887156367)] 铁锅炖獭獭ʕ❍ᴥ❍ʔ(1609323331) -> [mirai:image:{5A5E87CC-1DAE-2D32-2A9F-87A4135663A4}.png, width=1125, height=2436, size=553787, type=PNG, isEmoji=false]
2023-09-26 17:31:02 V/Bot.2398493975: [獭獭不会交学费军团@(887156367)] 铁锅炖獭獭ʕ❍ᴥ❍ʔ(1609323331) -> 不会真的390吧
2023-09-26 17:31:04 V/Bot.2398493975: [獭獭不会交学费军团@(887156367)] 铁锅炖獭獭ʕ❍ᴥ❍ʔ(1609323331) -> [mirai:image:{04AA33CB-931E-C1F2-EC30-4A2718268594}.png, width=370, height=292, size=89543, type=GIF, isEmoji=true]
2023-09-26 17:43:05 V/Bot.2398493975: [獭獭不会交学费军团@(887156367)] hzc@獭獭軍団二度受(2384102753) -> 去哪
2023-09-26 17:48:38 V/Bot.2398493975: [test(389193066)] yyyouch(2461942798) -> 挤死了挤死了挤死了
2023-09-26 17:49:22 I/UnidbgFetchQsign: Bot(2398493975) request_token, submit success
2023-09-26 17:50:49 V/Bot.2398493975: [獭獭不会交学费军团@(887156367)] 铁锅炖獭獭ʕ❍ᴥ❍ʔ(1609323331) -> [mirai:image:{89787A07-3724-5552-FE34-9BA961AECEC8}.png, width=144, height=160, size=5401, type=JPG, isEmoji=true]
2023-09-26 17:51:31 V/Bot.2398493975: [test(389193066)] 时雨(1609323331) -> [mirai:image:{474751E3-E9E5-483E-C37E-C0F729C4D05A}.png, width=300, height=292, size=12702, type=JPG, isEmoji=true]
2023-09-26 17:53:51 V/Bot.2398493975: [獭獭不会交学费军团@(887156367)] zz@獺獺軍団(771507043) -> 去哪[mirai:image:{0E280C79-6FA8-39D7-9A9A-D23923161F9F}.png, width=2507, height=3024, size=622763, type=JPG, isEmoji=false]
2023-09-26 17:54:06 V/Bot.2398493975: [獭獭不会交学费军团@(887156367)] Freeze_Kirin(768173212) -> 江宁
2023-09-26 17:54:07 V/Bot.2398493975: [獭獭不会交学费军团@(887156367)] 獭獭买锤子大臣@被獭獭军团开除(963423936) -> [mirai:image:{EE7C88BA-DAF0-6A2D-E286-3A059788806D}.gif, width=370, height=292, size=77327, type=GIF, isEmoji=true]
2023-09-26 17:54:09 V/Bot.2398493975: [獭獭不会交学费军团@(887156367)] 獭獭买锤子大臣@被獭獭军团开除(963423936) -> [mirai:quote:[mirai:source:ids=[75716], internalIds=[378493046], from 1609323331 to 887156367 at 1695720657], content=<not yet initialized>][mirai:at:1609323331] ？
2023-09-26 17:54:36 V/Bot.2398493975: [獭獭不会交学费军团@(887156367)] 铁锅炖獭獭ʕ❍ᴥ❍ʔ(1609323331) -> [mirai:image:{9F7403F6-44C4-981C-FDFC-A67343B7C498}.png, width=952, height=2071, size=1654313, type=PNG, isEmoji=false]
2023-09-26 17:55:24 V/Bot.2398493975: [獭獭不会交学费军团@(887156367)] 獭獭买锤子大臣@被獭獭军团开除(963423936) -> 啥情况
2023-09-26 17:55:28 V/Bot.2398493975: [獭獭不会交学费军团@(887156367)] 獭獭买锤子大臣@被獭獭军团开除(963423936) -> 为啥我没收到这个短信
2023-09-26 17:57:42 V/Bot.2398493975: [SHT荔枝麻酱协会(493057481)] Ishiguro Nio(2090878629) -> 今晚有面麻吗？
2023-09-26 17:57:45 V/Bot.2398493975: [獭獭不会交学费军团@(887156367)] 铁锅炖獭獭ʕ❍ᴥ❍ʔ(1609323331) -> [mirai:image:{EF1A74F9-4135-C9F8-A5CA-2048744FA2F2}.png, width=320, height=320, size=106358, type=GIF, isEmoji=false]
2023-09-26 17:57:55 V/Bot.2398493975: [SHT荔枝麻酱协会(493057481)] N！T！R！！！(269418386) -> 什么 面码
2023-09-26 17:58:11 V/Bot.2398493975: [SHT荔枝麻酱协会(493057481)] 狛枝凪斗想要变得Kirakira(1670541224) -> [mirai:quote:[mirai:source:ids=[286623], internalIds=[1580353928], from 2090878629 to 493057481 at 1695722262], content=<not yet initialized>]你怎么也
2023-09-26 17:58:31 V/Bot.2398493975: [SHT荔枝麻酱协会(493057481)] 千梦(449603499) -> 找到你了，缘梦
2023-09-26 17:58:44 V/Bot.2398493975: [SHT荔枝麻酱协会(493057481)] N！T！R！！！(269418386) -> 音乐起
2023-09-26 17:59:08 V/Bot.2398493975: [獭獭不会交学费军团@(887156367)] hzc@獭獭軍団二度受(2384102753) -> 今晚江宁有什么活动嘛
2023-09-26 17:59:24 V/Bot.2398493975: [獭獭不会交学费军团@(887156367)] 铁锅炖獭獭ʕ❍ᴥ❍ʔ(1609323331) -> [mirai:image:{579EE39F-8E5B-B0CE-7C84-FD1B6BC3FB54}.png, width=360, height=360, size=703032, type=GIF, isEmoji=true]
2023-09-26 17:59:26 V/Bot.2398493975: [SHT荔枝麻酱协会(493057481)] Ishiguro Nio(2090878629) -> [饥饿]
2023-09-26 17:59:30 V/Bot.2398493975: [獭獭不会交学费军团@(887156367)] 铁锅炖獭獭ʕ❍ᴥ❍ʔ(1609323331) -> 吃獭獭活动
2023-09-26 18:02:09 V/Bot.2398493975: [SHT荔枝麻酱协会(493057481)] 冰水 麻将小怨妇(x(308217149) -> ？
2023-09-26 18:02:17 V/Bot.2398493975: [SHT荔枝麻酱协会(493057481)] 冰水 麻将小怨妇(x(308217149) -> 缘梦是吧
2023-09-26 18:02:50 V/Bot.2398493975: [SHT荔枝麻酱协会(493057481)] N！T！R！！！(269418386) -> 千梦
2023-09-26 18:08:11 V/Bot.2398493975: [獭獭不会交学费军团@(887156367)] hzc@獭獭軍団二度受(2384102753) -> 那来吃獭獭了
2023-09-26 18:24:23 V/Bot.2398493975: [獭獭不会交学费军团@(887156367)] zz@獺獺軍団(771507043) -> 到江宁了，去哪
2023-09-26 18:25:09 V/Bot.2398493975: [test(389193066)] dd小助手(3459246674) -> 赤五教教主亮亮 直播结束了
2023-09-26 18:25:12 V/Bot.2398493975: [獭獭不会交学费军团@(887156367)] hzc@獭獭軍団二度受(2384102753) -> 你咋那么快
2023-09-26 18:25:19 V/Bot.2398493975: [test(389193066)] dd小助手(3459246674) -> [mirai:image:{BDBBF5E4-53E9-7A32-3E5E-25BC21E80926}.png, width=1000, height=7347, size=831770, type=PNG, isEmoji=false]
2023-09-26 18:27:02 V/Bot.2398493975: [獭獭不会交学费军团@(887156367)] 铁锅炖獭獭ʕ❍ᴥ❍ʔ(1609323331) -> [mirai:image:{579EE39F-8E5B-B0CE-7C84-FD1B6BC3FB54}.png, width=360, height=360, size=703032, type=GIF, isEmoji=true]
2023-09-26 18:28:12 V/Bot.2398493975: [獭獭不会交学费军团@(887156367)] zz@獺獺軍団(771507043) -> [mirai:quote:[mirai:source:ids=[75735], internalIds=[407766702], from 1609323331 to 887156367 at 1695724022], content=<not yet initialized>][mirai:at:1609323331] 去哪
2023-09-26 18:29:28 I/UnidbgFetchQsign: Bot(2398493975) request_token, submit success
2023-09-26 18:42:12 V/Bot.2398493975: [test(389193066)] dd小助手(3459246674) -> 赤五教教主亮亮 正在直播 小侄子塞尔达~
https://live.bilibili.com/23490978
2023-09-26 18:42:14 V/Bot.2398493975: [test(389193066)] dd小助手(3459246674) -> [mirai:image:{4209C5EF-88AE-8346-2B76-41C6A739D801}.jpg, width=704, height=396, size=95467, type=JPG, isEmoji=false]
2023-09-26 18:42:15 V/Bot.2398493975: [test(389193066)] dd小助手(3459246674) -> 已设置@全体成员但没有管理员权限,将尝试@指定成员,请需要接收单独@消息的群员使用"开播@我"命令进行订阅
2023-09-26 18:42:16 V/Bot.2398493975: [test(389193066)] dd小助手(3459246674) -> [mirai:at:2461942798] 
2023-09-26 18:46:36 V/Bot.2398493975: [獭獭不会交学费军团@(887156367)] 懒懒（笨物）(947603216) -> [mirai:quote:[mirai:source:ids=[75736], internalIds=[2093905920], from 771507043 to 887156367 at 1695724092], content=<not yet initialized>][mirai:at:771507043] 吃啥
2023-09-26 18:46:38 V/Bot.2398493975: [獭獭不会交学费军团@(887156367)] Freeze_Kirin(768173212) -> [mirai:quote:[mirai:source:ids=[75736], internalIds=[2093905920], from 771507043 to 887156367 at 1695724092], content=<not yet initialized>][mirai:at:771507043] 你在哪
2023-09-26 18:46:43 V/Bot.2398493975: [獭獭不会交学费军团@(887156367)] 萝卜@萝卜軍団(690875992) -> [mirai:image:{879EFB59-2825-5317-6999-7512BB4AFB75}.jpg, width=1280, height=1280, size=91606, type=JPG, isEmoji=false]
2023-09-26 18:46:58 V/Bot.2398493975: [獭獭不会交学费军团@(887156367)] zz@獺獺軍団(771507043) -> [mirai:quote:[mirai:source:ids=[75738], internalIds=[966776651], from 768173212 to 887156367 at 1695725198], content=<not yet initialized>][mirai:at:768173212] 江宁路地铁站
2023-09-26 18:48:41 V/Bot.2398493975: [獭獭不会交学费军团@(887156367)] 铁锅炖獭獭ʕ❍ᴥ❍ʔ(1609323331) -> kirin说要去那个
2023-09-26 18:48:46 V/Bot.2398493975: [獭獭不会交学费军团@(887156367)] 铁锅炖獭獭ʕ❍ᴥ❍ʔ(1609323331) -> 长得很神奇的商场
2023-09-26 18:48:49 V/Bot.2398493975: [獭獭不会交学费军团@(887156367)] 铁锅炖獭獭ʕ❍ᴥ❍ʔ(1609323331) -> 恰饭
2023-09-26 18:48:55 V/Bot.2398493975: [獭獭不会交学费军团@(887156367)] 萝卜@萝卜軍団(690875992) -> 长得很神奇的商场
2023-09-26 18:53:20 V/Bot.2398493975: [獭獭不会交学费军团@(887156367)] Freeze_Kirin(768173212) -> [不支持的消息#335501460]发起了位置共享
2023-09-26 18:53:37 V/Bot.2398493975: [獭獭不会交学费军团@(887156367)] hzc@獭獭軍団二度受(2384102753) -> 我在自然博物馆
2023-09-26 18:54:00 V/Bot.2398493975: [獭獭不会交学费军团@(887156367)] hzc@獭獭軍団二度受(2384102753) -> 吃啥
2023-09-26 19:02:43 V/Bot.2398493975: [test(389193066)] yyyouch(2461942798) -> [mirai:image:{040E912F-64B9-C341-12A4-37CF8D376BD9}.png, width=2532, height=1894, size=560870, type=JPG, isEmoji=false]
2023-09-26 19:04:00 V/Bot.2398493975: [SHT荔枝麻酱协会(493057481)] naf2021(3469392519) -> 这里切啥啊[mirai:image:{C9BAFF8F-9F07-DC1D-79A0-BD1D09C9B7A5}.jpg, width=1920, height=886, size=213807, type=JPG, isEmoji=false]
2023-09-26 19:05:05 V/Bot.2398493975: [SHT荔枝麻酱协会(493057481)] naf2021(3469392519) -> 呜呜呜[mirai:image:{2108AAF8-F006-A6B1-BD76-27554EDE8B5E}.jpg, width=1920, height=886, size=216485, type=JPG, isEmoji=false][mirai:image:{0D10CEC1-EAFA-252B-9200-9688237273F4}.jpg, width=1920, height=886, size=189682, type=JPG, isEmoji=false]
2023-09-26 19:05:22 V/Bot.2398493975: [SHT荔枝麻酱协会(493057481)] 冰水 麻将小怨妇(x(308217149) -> ？不上班打牌是吧
2023-09-26 19:05:27 V/Bot.2398493975: [SHT荔枝麻酱协会(493057481)] N！T！R！！！(269418386) -> 看你想法
2023-09-26 19:05:30 V/Bot.2398493975: [SHT荔枝麻酱协会(493057481)] 优雅猛牛(695150175) -> 听北啊
2023-09-26 19:05:40 V/Bot.2398493975: [SHT荔枝麻酱协会(493057481)] N！T！R！！！(269418386) -> 切23m要副露
2023-09-26 19:05:43 V/Bot.2398493975: [SHT荔枝麻酱协会(493057481)] 优雅猛牛(695150175) -> 哦
2023-09-26 19:05:50 V/Bot.2398493975: [SHT荔枝麻酱协会(493057481)] 优雅猛牛(695150175) -> 发是宝牌麽
2023-09-26 19:05:54 V/Bot.2398493975: [SHT荔枝麻酱协会(493057481)] 冰水 麻将小怨妇(x(308217149) -> 想切啥切啥
2023-09-26 19:05:59 V/Bot.2398493975: [SHT荔枝麻酱协会(493057481)] 冰水 麻将小怨妇(x(308217149) -> 东一都对
2023-09-26 19:06:10 V/Bot.2398493975: [SHT荔枝麻酱协会(493057481)] 优雅猛牛(695150175) -> 那莫听发呗
2023-09-26 19:06:13 V/Bot.2398493975: [SHT荔枝麻酱协会(493057481)] 冰水 麻将小怨妇(x(308217149) -> 哦 问的是另一个）
2023-09-26 19:06:35 V/Bot.2398493975: [SHT荔枝麻酱协会(493057481)] naf2021(3469392519) -> 被倍满确蒙蔽了大脑
2023-09-26 19:06:37 V/Bot.2398493975: [SHT荔枝麻酱协会(493057481)] naf2021(3469392519) -> [mirai:image:{3474BEF9-C2F5-6111-3FA8-F30567684E21}.jpg, width=64, height=52, size=2328, type=JPG, isEmoji=true]
2023-09-26 19:06:39 V/Bot.2398493975: [SHT荔枝麻酱协会(493057481)] 冰水 麻将小怨妇(x(308217149) -> 还是想切啥切啥）
2023-09-26 19:07:58 V/Bot.2398493975: [獭獭不会交学费军团@(887156367)] hzc@獭獭軍団二度受(2384102753) -> 你们在几楼
2023-09-26 19:08:06 V/Bot.2398493975: [獭獭不会交学费军团@(887156367)] 铁锅炖獭獭ʕ❍ᴥ❍ʔ(1609323331) -> -1
2023-09-26 19:08:34 V/Bot.2398493975: [獭獭不会交学费军团@(887156367)] Freeze_Kirin(768173212) -> 獭獭人呢
2023-09-26 19:09:04 V/Bot.2398493975: [獭獭不会交学费军团@(887156367)] zz@獺獺軍団(771507043) -> [mirai:quote:[mirai:source:ids=[75750], internalIds=[2045930013], from 768173212 to 887156367 at 1695726514], content=<not yet initialized>][mirai:at:768173212] 松鹤楼
2023-09-26 19:09:11 V/Bot.2398493975: [獭獭不会交学费军团@(887156367)] Freeze_Kirin(768173212) -> ok
2023-09-26 19:09:29 I/UnidbgFetchQsign: Bot(2398493975) request_token, submit success
2023-09-26 19:35:24 V/Bot.2398493975: [SHT荔枝麻酱协会(493057481)] ライちゃん(392595084) -> p1我摸切
2023-09-26 19:38:38 V/Bot.2398493975: [SHT荔枝麻酱协会(493057481)] ライちゃん(392595084) -> 看到有三色了，但感觉不太有吸引力
2023-09-26 19:42:30 V/Bot.2398493975: [test(389193066)] dd小助手(3459246674) -> 赤五教教主亮亮 直播结束了
2023-09-26 19:42:39 V/Bot.2398493975: [test(389193066)] dd小助手(3459246674) -> [mirai:image:{CEC4E17E-B387-6F97-897D-0C53086D92E2}.png, width=1000, height=6040, size=675380, type=PNG, isEmoji=false]
2023-09-26 19:43:13 V/Bot.2398493975: [SHT荔枝麻酱协会(493057481)] 冰水 麻将小怨妇(x(308217149) -> 感觉南一小top赶紧鸣牌过个四位的庄也能接受
2023-09-26 19:43:27 V/Bot.2398493975: [SHT荔枝麻酱协会(493057481)] 冰水 麻将小怨妇(x(308217149) -> 我是不太想拆
2023-09-26 19:49:02 V/Bot.2398493975: [SHT荔枝麻酱协会(493057481)] naf2021(3469392519) -> 还有这个怎么打[mirai:image:{AAB3A3D9-FC35-797D-5E0F-A94307459465}.jpg, width=1920, height=886, size=221249, type=JPG, isEmoji=false]
2023-09-26 19:49:17 V/Bot.2398493975: [SHT荔枝麻酱协会(493057481)] 4000all！(1846411487) -> 有人面麻否
2023-09-26 19:49:22 V/Bot.2398493975: [SHT荔枝麻酱协会(493057481)] 4000all！(1846411487) -> 2=2
2023-09-26 19:49:26 V/Bot.2398493975: [SHT荔枝麻酱协会(493057481)] naf2021(3469392519) -> 9点y
2023-09-26 19:49:29 I/UnidbgFetchQsign: Bot(2398493975) request_token, submit success
2023-09-26 19:49:48 V/Bot.2398493975: [SHT荔枝麻酱协会(493057481)] 冰水 麻将小怨妇(x(308217149) -> 动了歹念是吧
2023-09-26 19:53:50 V/Bot.2398493975: [SHT荔枝麻酱协会(493057481)] ライちゃん(392595084) -> 马上赶到
2023-09-26 19:54:14 V/Bot.2398493975: [SHT荔枝麻酱协会(493057481)] naf2021(3469392519) -> [mirai:image:{6E5666A4-6F63-6F39-B8DA-DBA1477AF72E}.jpg, width=64, height=54, size=764, type=JPG, isEmoji=true]
2023-09-26 19:59:22 V/Bot.2398493975: [SHT荔枝麻酱协会(493057481)] ライちゃん(392595084) -> 人呢？
2023-09-26 19:59:45 V/Bot.2398493975: Event: GroupRecall(bot=Bot(2398493975), authorId=392595084, messageIds=[286658], messageInternalIds=[1697439354], messageTime=1695729561, operator=NormalMember(392595084), group=Group(493057481), author=NormalMember(392595084))
2023-09-26 19:59:49 V/Bot.2398493975: [SHT荔枝麻酱协会(493057481)] ライちゃん(392595084) -> 3=1
2023-09-26 20:01:50 V/Bot.2398493975: [test(389193066)] dd小助手(3459246674) -> 赤五教教主亮亮 正在直播 有牌堪和直须和，莫待无和空拍桌~
https://live.bilibili.com/23490978
2023-09-26 20:01:51 V/Bot.2398493975: [test(389193066)] dd小助手(3459246674) -> [mirai:image:{4209C5EF-88AE-8346-2B76-41C6A739D801}.jpg, width=704, height=396, size=95467, type=JPG, isEmoji=false]
2023-09-26 20:01:52 V/Bot.2398493975: [test(389193066)] dd小助手(3459246674) -> 已设置@全体成员但没有管理员权限,将尝试@指定成员,请需要接收单独@消息的群员使用"开播@我"命令进行订阅
2023-09-26 20:01:53 V/Bot.2398493975: [test(389193066)] dd小助手(3459246674) -> [mirai:at:2461942798] 
2023-09-26 20:03:17 V/Bot.2398493975: [SHT荔枝麻酱协会(493057481)] naf2021(3469392519) -> 这里立直是什么意思[mirai:image:{2ED18606-FEAB-A5DA-0151-DC7534D8CCC0}.jpg, width=1678, height=384, size=44869, type=JPG, isEmoji=false]
2023-09-26 20:03:24 V/Bot.2398493975: [SHT荔枝麻酱协会(493057481)] naf2021(3469392519) -> 立哪张
2023-09-26 20:03:37 V/Bot.2398493975: [SHT荔枝麻酱协会(493057481)] 冰水 麻将小怨妇(x(308217149) -> 你猜猜）
2023-09-26 20:06:27 V/Bot.2398493975: [SHT荔枝麻酱协会(493057481)] naf2021(3469392519) -> 我猜9p（x）
2023-09-26 20:11:02 V/Bot.2398493975: [test(389193066)] dd小助手(3459246674) -> 赤五教教主亮亮 直播结束了
2023-09-26 20:11:09 V/Bot.2398493975: [test(389193066)] dd小助手(3459246674) -> [mirai:image:{6841191D-C6B4-C305-7CA9-5F33E3AC980D}.png, width=1000, height=3720, size=509765, type=PNG, isEmoji=false]
2023-09-26 20:11:12 V/Bot.2398493975: [test(389193066)] dd小助手(3459246674) -> 检测到下播后短时间内重新开播,可能是由于主播网络波动引起,本次开播不再重复通知
2023-09-26 20:12:31 V/Bot.2398493975: [SHT荔枝麻酱协会(493057481)] ライちゃん(392595084) -> 3=1
2023-09-26 20:24:14 V/Bot.2398493975: [SHT荔枝麻酱协会(493057481)] 优雅猛牛(695150175) -> 9p立直挺好的
2023-09-26 20:24:16 V/Bot.2398493975: [SHT荔枝麻酱协会(493057481)] 优雅猛牛(695150175) -> [哦]
2023-09-26 20:25:38 V/Bot.2398493975: [SHT荔枝麻酱协会(493057481)] 优雅猛牛(695150175) -> 听dora就不莫听  就立直
2023-09-26 20:26:58 V/Bot.2398493975: [SHT荔枝麻酱协会(493057481)] ライちゃん(392595084) -> 4=0
2023-09-26 20:29:35 I/UnidbgFetchQsign: Bot(2398493975) request_token, submit success
2023-09-26 20:32:34 V/Bot.2398493975: [test(389193066)] yyyouch(2461942798) -> help
2023-09-26 20:32:37 V/Bot.2398493975: [test(389193066)] dd小助手(3459246674) -> [mirai:image:{11B590D8-9B4F-8EA0-F287-B1B5BA2B3683}.png, width=1000, height=4205, size=564079, type=PNG, isEmoji=false]
2023-09-26 20:33:08 V/Bot.2398493975: [test(389193066)] yyyouch(2461942798) -> 取消开播@我
2023-09-26 20:33:09 V/Bot.2398493975: [test(389193066)] dd小助手(3459246674) -> [mirai:quote:[mirai:source:ids=[38719], internalIds=[], from 2461942798 to 389193066 at 1695731588], content=<not yet initialized>]您已成功退出开播@名单~
本群开播@名额还剩余 20 个
2023-09-26 21:09:36 I/UnidbgFetchQsign: Bot(2398493975) request_token, submit success
2023-09-26 21:49:37 I/UnidbgFetchQsign: Bot(2398493975) request_token, submit success
2023-09-26 21:57:55 V/Bot.2398493975: [SHT荔枝麻酱协会(493057481)] ライちゃん(392595084) -> 12700
2023-09-26 21:58:59 V/Bot.2398493975: [SHT荔枝麻酱协会(493057481)] Achtung thee(964893961) -> 36500
2023-09-26 21:59:02 V/Bot.2398493975: [SHT荔枝麻酱协会(493057481)] L(1114249281) -> 53800
2023-09-26 21:59:08 V/Bot.2398493975: [SHT荔枝麻酱协会(493057481)] 4000all！(1846411487) -> -3900
2023-09-26 21:59:09 V/Bot.2398493975: Group(493057481) <- 点数有误，总和不为100000！
2023-09-26 21:59:14 V/Bot.2398493975: [SHT荔枝麻酱协会(493057481)] 4000all！(1846411487) -> -3000
2023-09-26 21:59:15 V/Bot.2398493975: Group(493057481) <- 记录成功：
L: 53800
Achtung thee: 36500
ライちゃん: 12700
4000all！: -3000
2023-09-26 22:00:12 V/Bot.2398493975: [SHT荔枝麻酱协会(493057481)] ライちゃん(392595084) -> ！被吃
2023-09-26 22:00:13 V/Bot.2398493975: Group(493057481) <- 昵称：ライちゃん
段位：5级
rate：1464.58
近期顺位：3214333323
更多数据请访问：http://shanghaitech-mahjong.top/userid/392595084
2023-09-26 22:29:43 I/UnidbgFetchQsign: Bot(2398493975) request_token, submit success
2023-09-26 22:45:54 V/Bot.2398493975: Event: MemberJoinEvent.Active(member=295021149)
2023-09-26 22:46:03 V/Bot.2398493975: [SHT荔枝麻酱协会(493057481)] 冰水 麻将小怨妇(x(308217149) -> 欢迎
2023-09-26 22:46:09 V/Bot.2398493975: Event: MemberCardChangeEvent(origin=✨, new=, member=NormalMember(295021149))
2023-09-26 22:46:09 V/Bot.2398493975: [SHT荔枝麻酱协会(493057481)] ✨(295021149) -> [不支持的消息#-1806294375]/崇拜
2023-09-26 23:09:44 I/UnidbgFetchQsign: Bot(2398493975) request_token, submit success
2023-09-26 23:11:11 V/Bot.2398493975: [SHT荔枝麻酱协会(493057481)] 4000all！(1846411487) -> -1300
2023-09-26 23:11:21 V/Bot.2398493975: [SHT荔枝麻酱协会(493057481)] zz(771507043) -> 39900
2023-09-26 23:11:26 V/Bot.2398493975: [SHT荔枝麻酱协会(493057481)] L(1114249281) -> 40100
2023-09-26 23:11:50 V/Bot.2398493975: [SHT荔枝麻酱协会(493057481)] Achtung thee(964893961) -> 21300
2023-09-26 23:11:51 V/Bot.2398493975: Group(493057481) <- 记录成功：
L: 40100
zz: 39900
Achtung thee: 21300
4000all！: -1300
2023-09-26 23:12:37 V/Bot.2398493975: [SHT荔枝麻酱协会(493057481)] yyyouch(2461942798) -> [mirai:at:1846411487] ！查查你的
2023-09-26 23:12:38 V/Bot.2398493975: Group(493057481) <- 昵称：4000all！
段位：4级
rate：1369.61
近期顺位：4433331144
更多数据请访问：http://shanghaitech-mahjong.top/userid/1846411487
2023-09-26 23:16:37 V/Bot.2398493975: [SHT荔枝麻酱协会(493057481)] yyyouch(2461942798) -> 苦鲁西
2023-09-26 23:20:03 V/Bot.2398493975: [SHT荔枝麻酱协会(493057481)] 冰水 麻将小怨妇(x(308217149) -> 好 但没完全好
2023-09-26 23:20:52 V/Bot.2398493975: [SHT荔枝麻酱协会(493057481)] MEOW@獭獭bot(1609323331) -> 全是对子
2023-09-26 23:21:35 V/Bot.2398493975: [SHT荔枝麻酱协会(493057481)] MEOW@獭獭bot(1609323331) -> [mirai:at:2461942798] ！查查你的
2023-09-26 23:21:36 V/Bot.2398493975: Group(493057481) <- 昵称：yyyouch
段位：5级
rate：1376.84
近期顺位：4241324214
更多数据请访问：http://shanghaitech-mahjong.top/userid/2461942798
2023-09-26 23:49:44 I/UnidbgFetchQsign: Bot(2398493975) request_token, submit success
