2023-08-20 00:05:29 V/Bot.2398493975: [SHT荔枝麻酱协会(493057481)] 布莱克提(690875992) -> [mirai:image:{8BF34B10-19C1-4195-5866-6DDB73A903D8}.gif, width=249, height=188, size=54265, type=GIF, isEmoji=true]
2023-08-20 00:07:31 V/Bot.2398493975: [SHT荔枝麻酱协会(493057481)] N！T！R！！！(269418386) -> [mirai:image:{AA028C43-1F63-7E26-AFC6-165CF7DF4B0B}.jpg, width=300, height=300, size=17410, type=JPG, isEmoji=true]
2023-08-20 00:11:50 V/Bot.2398493975: [SHT荔枝麻酱协会(493057481)] rokina(1024182759) -> 怎么新人还剩这么多点数捏
2023-08-20 00:11:52 V/Bot.2398493975: [SHT荔枝麻酱协会(493057481)] rokina(1024182759) -> [mirai:image:{A4898227-C489-201B-1E3C-C7F9EB8B6D25}.jpg, width=124, height=124, size=5215, type=JPG, isEmoji=true]
2023-08-20 00:28:14 V/Bot.2398493975: [SHT荔枝麻酱协会(493057481)] 优雅猛牛(695150175) -> 黄老板不当人啊
2023-08-20 00:28:42 V/Bot.2398493975: [SHT荔枝麻酱协会(493057481)] 小红@獭獭军团(963423936) -> [mirai:image:{8BF34B10-19C1-4195-5866-6DDB73A903D8}.gif, width=249, height=188, size=54265, type=GIF, isEmoji=true]
2023-08-20 00:34:11 V/Bot.2398493975: [SHT荔枝麻酱协会(493057481)] 700·400(928632210) -> [mirai:image:{E0DAE969-1230-0E83-8488-5A69005DFCC2}.gif, width=480, height=360, size=187447, type=GIF, isEmoji=true]
2023-08-20 00:34:23 I/UnidbgFetchQsign: Bot(2398493975) request_token, submit success
2023-08-20 00:35:48 V/Bot.2398493975: [獭獭哪凉快呆哪军团@(887156367)] 獭獭睡觉大臣@被獭獭军团开除(963423936) -> [mirai:image:{E0DAE969-1230-0E83-8488-5A69005DFCC2}.gif, width=480, height=360, size=187447, type=GIF, isEmoji=true]
2023-08-20 00:42:58 V/Bot.2398493975: [SHT荔枝麻酱协会(493057481)] 布莱克提(690875992) -> [mirai:image:{8BF34B10-19C1-4195-5866-6DDB73A903D8}.gif, width=249, height=188, size=54265, type=GIF, isEmoji=true]
2023-08-20 00:50:38 V/Bot.2398493975: [SHT荔枝麻酱协会(493057481)] ライちゃん(392595084) -> [mirai:image:{8BF34B10-19C1-4195-5866-6DDB73A903D8}.jpg, width=249, height=188, size=54265, type=GIF, isEmoji=true]
2023-08-20 01:14:23 I/UnidbgFetchQsign: Bot(2398493975) request_token, submit success
2023-08-20 01:18:24 V/Bot.2398493975: [SHT荔枝麻酱协会(493057481)] Hatsune(467091276) -> 13400
2023-08-20 01:18:31 V/Bot.2398493975: [SHT荔枝麻酱协会(493057481)] hzc(2384102753) -> 16900
2023-08-20 01:19:10 V/Bot.2398493975: [SHT荔枝麻酱协会(493057481)] naf2021(3469392519) -> 42900
2023-08-20 01:19:32 V/Bot.2398493975: [SHT荔枝麻酱协会(493057481)] 回声细碎(1974705370) -> 26700
2023-08-20 01:19:33 V/Bot.2398493975: Group(493057481) <- 点数有误，总和不为100000！
2023-08-20 01:19:57 V/Bot.2398493975: Event: GroupRecall(bot=Bot(2398493975), authorId=1974705370, messageIds=[281646], messageInternalIds=[96437085], messageTime=1692465572, operator=NormalMember(1974705370), group=Group(493057481), author=NormalMember(1974705370))
2023-08-20 01:20:05 V/Bot.2398493975: [SHT荔枝麻酱协会(493057481)] 回声细碎(1974705370) -> 26800
2023-08-20 01:20:06 V/Bot.2398493975: Group(493057481) <- 记录成功：
naf2021: 42900
回声细碎: 26800
hzc: 16900
Hatsune: 13400
2023-08-20 01:33:41 V/Bot.2398493975: [SHT荔枝麻酱协会(493057481)] 安邦定国(443127105) -> [mirai:image:{7E40E888-4A30-AFC6-F670-0D900177A988}.png, width=1920, height=1080, size=430866, type=JPG, isEmoji=false]
2023-08-20 01:37:53 V/Bot.2398493975: [獭獭哪凉快呆哪军团@(887156367)] zz@獺獺軍団(771507043) -> [mirai:image:{8362D1FF-A196-BBBC-C07B-F1CDA4958C0B}.png, width=2778, height=1284, size=296313, type=JPG, isEmoji=false]
2023-08-20 01:39:50 V/Bot.2398493975: [SHT荔枝麻酱协会(493057481)] 安邦定国(443127105) -> 一姬太强了[偷看][mirai:image:{9CDC3B93-A022-F9BC-C188-74F8C2DB9799}.png, width=1920, height=1080, size=415572, type=JPG, isEmoji=false]
2023-08-20 01:40:58 V/Bot.2398493975: [獭獭哪凉快呆哪军团@(887156367)] 哭哭Kirin@也被獭獭军团开除(472247053) -> [mirai:image:{4E45101E-4F90-613A-947B-752E38CDDAA8}.jpg, width=300, height=252, size=78336, type=GIF, isEmoji=true]
2023-08-20 01:54:29 I/UnidbgFetchQsign: Bot(2398493975) request_token, submit success
2023-08-20 02:11:27 V/Bot.2398493975: [獭獭哪凉快呆哪军团@(887156367)] 优雅猛牛(695150175) -> ？？
2023-08-20 02:34:30 I/UnidbgFetchQsign: Bot(2398493975) request_token, submit success
2023-08-20 03:14:31 I/UnidbgFetchQsign: Bot(2398493975) request_token, submit success
2023-08-20 03:54:37 I/UnidbgFetchQsign: Bot(2398493975) request_token, submit success
2023-08-20 04:34:38 I/UnidbgFetchQsign: Bot(2398493975) request_token, submit success
2023-08-20 05:14:38 I/UnidbgFetchQsign: Bot(2398493975) request_token, submit success
2023-08-20 05:54:44 I/UnidbgFetchQsign: Bot(2398493975) request_token, submit success
2023-08-20 06:34:45 I/UnidbgFetchQsign: Bot(2398493975) request_token, submit success
2023-08-20 07:14:46 I/UnidbgFetchQsign: Bot(2398493975) request_token, submit success
2023-08-20 07:54:52 I/UnidbgFetchQsign: Bot(2398493975) request_token, submit success
2023-08-20 07:57:25 V/Bot.2398493975: [獭獭哪凉快呆哪军团@(887156367)] 赖赖@忘记付车费军团(1609323331) -> [mirai:quote:[mirai:source:ids=[60349], internalIds=[105677834], from 771507043 to 887156367 at 1692466673], content=<not yet initialized>][mirai:at:771507043] 换老婆
2023-08-20 07:57:30 V/Bot.2398493975: [獭獭哪凉快呆哪军团@(887156367)] 赖赖@忘记付车费军团(1609323331) -> [mirai:image:{4C55FEA2-85C5-2B48-AD89-3DB35FE05573}.png, width=370, height=250, size=238759, type=GIF, isEmoji=true]
2023-08-20 08:34:53 I/UnidbgFetchQsign: Bot(2398493975) request_token, submit success
2023-08-20 09:14:53 I/UnidbgFetchQsign: Bot(2398493975) request_token, submit success
2023-08-20 09:54:59 I/UnidbgFetchQsign: Bot(2398493975) request_token, submit success
2023-08-20 10:35:00 I/UnidbgFetchQsign: Bot(2398493975) request_token, submit success
2023-08-20 11:15:01 I/UnidbgFetchQsign: Bot(2398493975) request_token, submit success
2023-08-20 11:55:07 I/UnidbgFetchQsign: Bot(2398493975) request_token, submit success
2023-08-20 12:35:08 I/UnidbgFetchQsign: Bot(2398493975) request_token, submit success
2023-08-20 13:03:03 V/Bot.2398493975: [獭獭哪凉快呆哪军团@(887156367)] 赖赖@忘记付车费军团(1609323331) -> 呜呜
2023-08-20 13:03:11 V/Bot.2398493975: [獭獭哪凉快呆哪军团@(887156367)] 赖赖@忘记付车费军团(1609323331) -> 别人的白子书包已经到了
2023-08-20 13:03:17 V/Bot.2398493975: [獭獭哪凉快呆哪军团@(887156367)] 赖赖@忘记付车费军团(1609323331) -> 我的[mirai:image:{4C265393-725B-5676-73A2-918DACDD6DAA}.png, width=1107, height=802, size=77519, type=JPG, isEmoji=false]
2023-08-20 13:14:36 V/Bot.2398493975: [獭獭哪凉快呆哪军团@(887156367)] 优雅猛牛(695150175) -> oto中之人发推结婚怀孕了
2023-08-20 13:14:52 V/Bot.2398493975: [獭獭哪凉快呆哪军团@(887156367)] 赖赖@忘记付车费军团(1609323331) -> [mirai:image:{05919B55-D12E-11BD-7C76-D06FAD553D12}.png, width=370, height=296, size=100522, type=GIF, isEmoji=true]
2023-08-20 13:15:08 I/UnidbgFetchQsign: Bot(2398493975) request_token, submit success
2023-08-20 13:15:22 V/Bot.2398493975: [獭獭哪凉快呆哪军团@(887156367)] 优雅猛牛(695150175) -> 高龄产妇了也是
2023-08-20 13:17:09 V/Bot.2398493975: [獭獭哪凉快呆哪军团@(887156367)] 獭獭哪凉快呆哪军团(1297471104) -> otto中之人
2023-08-20 13:17:21 V/Bot.2398493975: [獭獭哪凉快呆哪军团@(887156367)] 赖赖@忘记付车费军团(1609323331) -> 轮椅人
2023-08-20 13:17:45 V/Bot.2398493975: [獭獭哪凉快呆哪军团@(887156367)] Freeze_Kirin(768173212) -> 霍金
2023-08-20 13:24:31 V/Bot.2398493975: [獭獭哪凉快呆哪军团@(887156367)] 赖赖@忘记付车费军团(1609323331) -> [mirai:image:{B597C41C-D678-386E-BF00-96AD08D505BD}.png, width=320, height=270, size=129239, type=GIF, isEmoji=true]
2023-08-20 13:32:40 V/Bot.2398493975: [獭獭哪凉快呆哪军团@(887156367)] 赖赖@忘记付车费军团(1609323331) -> [mirai:image:{A61E4A44-F4F2-AC29-CEFB-65FD42830883}.png, width=1280, height=591, size=81078, type=JPG, isEmoji=false]
2023-08-20 13:32:41 V/Bot.2398493975: [獭獭哪凉快呆哪军团@(887156367)] 赖赖@忘记付车费军团(1609323331) -> szb里还有这个？
2023-08-20 13:32:48 V/Bot.2398493975: [獭獭哪凉快呆哪军团@(887156367)] 赖赖@忘记付车费军团(1609323331) -> [mirai:image:{F4E0DC81-687A-7A42-5199-40CCB5F0AFBF}.png, width=512, height=512, size=633525, type=GIF, isEmoji=true]
2023-08-20 13:32:49 V/Bot.2398493975: [獭獭哪凉快呆哪军团@(887156367)] 赖赖@忘记付车费军团(1609323331) -> [mirai:image:{47D9BEE7-CA87-C51F-C189-3EA1D9A7C118}.png, width=200, height=157, size=70949, type=GIF, isEmoji=true]
2023-08-20 13:32:56 V/Bot.2398493975: [獭獭哪凉快呆哪军团@(887156367)] 獭獭哪凉快呆哪军团(1297471104) -> 有捏
2023-08-20 13:32:58 V/Bot.2398493975: [獭獭哪凉快呆哪军团@(887156367)] 獭獭哪凉快呆哪军团(1297471104) -> 不过绝版了
2023-08-20 13:33:06 V/Bot.2398493975: [獭獭哪凉快呆哪军团@(887156367)] 赖赖@忘记付车费军团(1609323331) -> 联之动
2023-08-20 13:33:14 V/Bot.2398493975: [獭獭哪凉快呆哪军团@(887156367)] 赖赖@忘记付车费军团(1609323331) -> [mirai:image:{3B94EA5A-A526-495E-2628-7A5005531317}.png, width=746, height=746, size=122804, type=GIF, isEmoji=true]
2023-08-20 13:33:28 V/Bot.2398493975: [獭獭哪凉快呆哪军团@(887156367)] Freeze_Kirin(768173212) -> 联之动
2023-08-20 13:37:12 V/Bot.2398493975: [獭獭哪凉快呆哪军团@(887156367)] 獭獭哪凉快呆哪军团(1297471104) -> [mirai:image:{5B75A447-D7CD-7C0F-928B-A283B91459AA}.jpg, width=1920, height=864, size=264002, type=JPG, isEmoji=false]
2023-08-20 13:37:20 V/Bot.2398493975: [獭獭哪凉快呆哪军团@(887156367)] 獭獭哪凉快呆哪军团(1297471104) -> 虽然我不认识x
2023-08-20 13:37:39 V/Bot.2398493975: [獭獭哪凉快呆哪军团@(887156367)] 赖赖@忘记付车费军团(1609323331) -> [mirai:image:{7AAB86C2-2E54-B41B-1127-E416989F377D}.png, width=124, height=139, size=6514, type=JPG, isEmoji=true]
2023-08-20 13:39:18 V/Bot.2398493975: [獭獭哪凉快呆哪军团@(887156367)] 赖赖@忘记付车费军团(1609323331) -> [mirai:image:{4EDDAE51-2EA5-50F1-9CCF-6CD49C679B3A}.png, width=236, height=226, size=161862, type=GIF, isEmoji=true]
2023-08-20 13:39:28 V/Bot.2398493975: [獭獭哪凉快呆哪军团@(887156367)] 赖赖@忘记付车费军团(1609323331) -> [mirai:at:2384102753] 玩啥
2023-08-20 13:40:00 V/Bot.2398493975: [獭獭哪凉快呆哪军团@(887156367)] Freeze_Kirin(768173212) -> thpt hzc
2023-08-20 13:40:01 V/Bot.2398493975: [獭獭哪凉快呆哪军团@(887156367)] 獭獭（本物）(947603216) -> hzc [九段 1230/3600][３級 45/100]
最高段位 [九段 2715/3600][３級 45/100]
最近战绩 [3333232421][]
四麻首次升凤时间: 3/27/2021
最高段位达成时间: 4/11/2022
2023-08-20 13:40:05 V/Bot.2398493975: [獭獭哪凉快呆哪军团@(887156367)] Freeze_Kirin(768173212) -> 1230
2023-08-20 13:40:28 V/Bot.2398493975: [獭獭哪凉快呆哪军团@(887156367)] 赖赖@忘记付车费军团(1609323331) -> 笨笨逃走了
2023-08-20 13:40:34 V/Bot.2398493975: [獭獭哪凉快呆哪军团@(887156367)] 赖赖@忘记付车费军团(1609323331) -> [mirai:image:{FB9C65FB-5685-1B12-1B13-836B38246164}.png, width=292, height=205, size=61102, type=GIF, isEmoji=true]
2023-08-20 13:55:14 I/UnidbgFetchQsign: Bot(2398493975) request_token, submit success
2023-08-20 14:35:15 I/UnidbgFetchQsign: Bot(2398493975) request_token, submit success
2023-08-20 14:46:58 V/Bot.2398493975: [獭獭哪凉快呆哪军团@(887156367)] 赖赖@忘记付车费军团(1609323331) -> [mirai:image:{60189F29-31ED-5730-1AF4-5AC4543499FF}.png, width=1397, height=1040, size=658329, type=PNG, isEmoji=false]
2023-08-20 14:47:03 V/Bot.2398493975: [獭獭哪凉快呆哪军团@(887156367)] 赖赖@忘记付车费军团(1609323331) -> 造了个3小时的东西
2023-08-20 14:47:21 V/Bot.2398493975: [獭獭哪凉快呆哪军团@(887156367)] 赖赖@忘记付车费军团(1609323331) -> 它从3：01：00开始
2023-08-20 14:47:25 V/Bot.2398493975: [獭獭哪凉快呆哪军团@(887156367)] 赖赖@忘记付车费军团(1609323331) -> 用完加速券
2023-08-20 14:47:35 V/Bot.2398493975: [獭獭哪凉快呆哪军团@(887156367)] 赖赖@忘记付车费军团(1609323331) -> 只减了3h
2023-08-20 14:50:41 V/Bot.2398493975: [獭獭哪凉快呆哪军团@(887156367)] Freeze_Kirin(768173212) -> [mirai:image:{15530C6E-2E2B-8726-AC46-20AE8098381B}.png, width=174, height=172, size=5372, type=JPG, isEmoji=true]
2023-08-20 14:56:04 V/Bot.2398493975: [獭獭哪凉快呆哪军团@(887156367)] 优雅猛牛(695150175) -> [mirai:image:{4B51D53A-61E2-D482-9E2B-660F067D3B4A}.jpg, width=1920, height=1080, size=1907542, type=JPG, isEmoji=false]
2023-08-20 14:56:06 V/Bot.2398493975: [獭獭哪凉快呆哪军团@(887156367)] 优雅猛牛(695150175) -> [哦]
2023-08-20 15:10:56 V/Bot.2398493975: [SHT荔枝麻酱协会(493057481)] N！T！R！！！(269418386) -> [mirai:image:{3664F55F-6286-26DB-E718-D54D16DB85D3}.png, width=812, height=669, size=327804, type=PNG, isEmoji=false]

 [mirai:image:{3664F55F-6286-26DB-E718-D54D16DB85D3}.png, width=812, height=669, size=327804, type=PNG, isEmoji=false]
2023-08-20 15:11:07 V/Bot.2398493975: [SHT荔枝麻酱协会(493057481)] N！T！R！！！(269418386) -> 原来这就是听牌即立
2023-08-20 15:15:16 I/UnidbgFetchQsign: Bot(2398493975) request_token, submit success
2023-08-20 15:44:26 V/Bot.2398493975: [獭獭哪凉快呆哪军团@(887156367)] 赖赖@忘记付车费军团(1609323331) -> 为啥我一个iphone的手机壳这么难买
2023-08-20 15:44:28 V/Bot.2398493975: [獭獭哪凉快呆哪军团@(887156367)] 赖赖@忘记付车费军团(1609323331) -> [mirai:image:{F4E0DC81-687A-7A42-5199-40CCB5F0AFBF}.png, width=512, height=512, size=633525, type=GIF, isEmoji=true]
2023-08-20 15:45:34 V/Bot.2398493975: [獭獭哪凉快呆哪军团@(887156367)] 赖赖@忘记付车费军团(1609323331) -> whywhy[mirai:image:{EE3E6591-D228-7B50-8DFA-6431BE51BA0D}.png, width=1125, height=1586, size=165784, type=JPG, isEmoji=false][mirai:image:{170EF707-6386-1930-9F4D-4914ABA7176C}.png, width=1121, height=884, size=78469, type=JPG, isEmoji=false]
2023-08-20 15:47:15 V/Bot.2398493975: [獭獭哪凉快呆哪军团@(887156367)] 赖赖@忘记付车费军团(1609323331) -> 有谁帮我拿了吗
2023-08-20 15:47:16 V/Bot.2398493975: [獭獭哪凉快呆哪军团@(887156367)] 赖赖@忘记付车费军团(1609323331) -> [mirai:image:{5DC74EE5-97FE-3A3E-1CCE-47EE360074A2}.png, width=1125, height=2436, size=372130, type=PNG, isEmoji=false]
2023-08-20 15:47:21 V/Bot.2398493975: [獭獭哪凉快呆哪军团@(887156367)] 赖赖@忘记付车费军团(1609323331) -> 我没拿过啊
2023-08-20 15:48:02 V/Bot.2398493975: [SHT荔枝麻酱协会(493057481)] 只困君(768173212) -> [mirai:image:{EE7C88BA-DAF0-6A2D-E286-3A059788806D}.png, width=370, height=292, size=77327, type=GIF, isEmoji=true]
2023-08-20 15:53:30 V/Bot.2398493975: [獭獭哪凉快呆哪军团@(887156367)] 赖赖@忘记付车费军团(1609323331) -> 放菜鸟太久取件码被后面的顶掉了
2023-08-20 15:53:30 V/Bot.2398493975: [獭獭哪凉快呆哪军团@(887156367)] 赖赖@忘记付车费军团(1609323331) -> 还好没丢
2023-08-20 15:53:31 V/Bot.2398493975: [獭獭哪凉快呆哪军团@(887156367)] 赖赖@忘记付车费军团(1609323331) -> [mirai:image:{7B4FAB6B-0BA8-0F4C-F8DC-B2AF31AB603E}.png, width=512, height=512, size=192357, type=GIF, isEmoji=true]
2023-08-20 15:55:22 I/UnidbgFetchQsign: Bot(2398493975) request_token, submit success
2023-08-20 16:00:35 V/Bot.2398493975: [獭獭哪凉快呆哪军团@(887156367)] 赖赖@忘记付车费军团(1609323331) -> [mirai:image:{9BB37DDC-5B2E-CC87-A302-77385353A508}.png, width=4096, height=1891, size=2144351, type=JPG, isEmoji=false]
2023-08-20 16:00:37 V/Bot.2398493975: [獭獭哪凉快呆哪军团@(887156367)] 赖赖@忘记付车费军团(1609323331) -> 这也太大了
2023-08-20 16:02:20 V/Bot.2398493975: [獭獭哪凉快呆哪军团@(887156367)] 赖赖@忘记付车费军团(1609323331) -> [不支持的消息#141632376]
2023-08-20 16:02:31 V/Bot.2398493975: [獭獭哪凉快呆哪军团@(887156367)] zz@獺獺軍団(771507043) -> 这是照着黑胶盘的尺寸做的吗
2023-08-20 16:03:08 V/Bot.2398493975: [獭獭哪凉快呆哪军团@(887156367)] 赖赖@忘记付车费军团(1609323331) -> 这是画集
2023-08-20 16:03:12 V/Bot.2398493975: [獭獭哪凉快呆哪军团@(887156367)] 赖赖@忘记付车费军团(1609323331) -> ar听歌
2023-08-20 16:03:52 V/Bot.2398493975: [獭獭哪凉快呆哪军团@(887156367)] zz@獺獺軍団(771507043) -> 我知道，我是说dimension是不是和黑胶的尺寸一样
2023-08-20 16:04:04 V/Bot.2398493975: [獭獭哪凉快呆哪军团@(887156367)] 赖赖@忘记付车费军团(1609323331) -> 不知道黑胶多大
2023-08-20 16:04:06 V/Bot.2398493975: [獭獭哪凉快呆哪军团@(887156367)] 赖赖@忘记付车费军团(1609323331) -> [mirai:image:{7B4FAB6B-0BA8-0F4C-F8DC-B2AF31AB603E}.png, width=512, height=512, size=192357, type=GIF, isEmoji=true]
2023-08-20 16:04:17 V/Bot.2398493975: [獭獭哪凉快呆哪军团@(887156367)] 赖赖@忘记付车费军团(1609323331) -> 不过应该没什么关系
2023-08-20 16:04:33 V/Bot.2398493975: [獭獭哪凉快呆哪军团@(887156367)] 赖赖@忘记付车费军团(1609323331) -> 就是把画印大一点
2023-08-20 16:08:35 V/Bot.2398493975: [獭獭哪凉快呆哪军团@(887156367)] 赖赖@忘记付车费军团(1609323331) -> [mirai:image:{8E507E24-D7FF-CB30-D42E-1BD46F5C2337}.png, width=1890, height=4096, size=2539678, type=JPG, isEmoji=false]
2023-08-20 16:08:55 V/Bot.2398493975: [獭獭哪凉快呆哪军团@(887156367)] Freeze_Kirin(768173212) -> 老婆
2023-08-20 16:35:23 I/UnidbgFetchQsign: Bot(2398493975) request_token, submit success
2023-08-20 16:39:43 V/Bot.2398493975: [SHT荔枝麻酱协会(493057481)] naf2021(3469392519) -> 今晚还有车车吗
2023-08-20 16:39:54 V/Bot.2398493975: [SHT荔枝麻酱协会(493057481)] naf2021(3469392519) -> [mirai:image:{6E688D5A-D99C-E366-9EAE-3BB5A0A0D134}.jpg, width=300, height=252, size=6304, type=JPG, isEmoji=false]
2023-08-20 16:41:18 V/Bot.2398493975: [SHT荔枝麻酱协会(493057481)] 大可奇丽(1485280964) -> 你们的一姬都这么强的吗
2023-08-20 17:09:03 V/Bot.2398493975: [獭獭哪凉快呆哪军团@(887156367)] 赖赖@忘记付车费军团(1609323331) -> 游戏现状
2023-08-20 17:09:03 V/Bot.2398493975: [獭獭哪凉快呆哪军团@(887156367)] 赖赖@忘记付车费军团(1609323331) -> [mirai:image:{13ED189C-59C9-B72C-E5BD-269359D831F1}.png, width=658, height=142, size=26977, type=JPG, isEmoji=false]
2023-08-20 17:09:59 V/Bot.2398493975: [SHT荔枝麻酱协会(493057481)] MEOW@獭獭bot(1609323331) -> [mirai:image:{96676A63-F899-BCF6-7B03-0D0625AC0B38}.png, width=2436, height=1115, size=414283, type=JPG, isEmoji=false]
2023-08-20 17:10:08 I/Bot.2398493975: Saved account secrets to local cache for fast login.
2023-08-20 17:10:13 V/Bot.2398493975: [SHT荔枝麻酱协会(493057481)] MEOW@獭獭bot(1609323331) -> [mirai:image:{8C3B5209-ABFF-5DB2-7B9E-DD223F38B403}.png, width=300, height=276, size=16167, type=GIF, isEmoji=false]
2023-08-20 17:11:21 V/Bot.2398493975: [獭獭哪凉快呆哪军团@(887156367)] hzc@獭獭軍団二度受(2384102753) -> 游戏现状
2023-08-20 17:11:22 V/Bot.2398493975: [獭獭哪凉快呆哪军团@(887156367)] hm@獭獭不走人行道军团(2461942798) -> [mirai:image:{A38A2796-AE6E-3045-66EC-97362E3AD1B9}.png, width=1281, height=375, size=279575, type=PNG, isEmoji=false]
2023-08-20 17:11:24 V/Bot.2398493975: [SHT荔枝麻酱协会(493057481)] naf2021(3469392519) -> [mirai:image:{13D41334-4740-1D8E-B848-EBAB3EE5AA65}.jpg, width=1920, height=886, size=165010, type=JPG, isEmoji=false]
2023-08-20 17:11:28 V/Bot.2398493975: [SHT荔枝麻酱协会(493057481)] naf2021(3469392519) -> [mirai:image:{01D14CE5-C9BC-DE80-A4F4-CFF43E620E7A}.jpg, width=66, height=58, size=1379, type=JPG, isEmoji=true]
2023-08-20 17:11:33 V/Bot.2398493975: [獭獭哪凉快呆哪军团@(887156367)] 赖赖@忘记付车费军团(1609323331) -> [mirai:image:{93EAD3B3-EF38-0148-5669-9A1DC9E0568A}.png, width=74, height=62, size=4345, type=GIF, isEmoji=true]
2023-08-20 17:11:42 V/Bot.2398493975: [獭獭哪凉快呆哪军团@(887156367)] 赖赖@忘记付车费军团(1609323331) -> 怎么能进南1的
2023-08-20 17:14:03 V/Bot.2398493975: [獭獭哪凉快呆哪军团@(887156367)] 赖赖@忘记付车费军团(1609323331) -> [mirai:image:{0B193B3C-68EE-3A7C-9F52-B57A9B0CA121}.png, width=1010, height=2436, size=344258, type=JPG, isEmoji=false]
2023-08-20 17:15:23 I/UnidbgFetchQsign: Bot(2398493975) request_token, submit success
2023-08-20 17:23:16 V/Bot.2398493975: [獭獭哪凉快呆哪军团@(887156367)] 獭獭哪凉快呆哪军团(1297471104) -> 真好，去娜塔莉亚烧鸡两个半庄
2023-08-20 17:25:13 V/Bot.2398493975: [獭獭哪凉快呆哪军团@(887156367)] 獭獭哪凉快呆哪军团(1297471104) -> 换个雀庄继续烧鸡去
2023-08-20 17:26:14 V/Bot.2398493975: [獭獭哪凉快呆哪军团@(887156367)] 獭獭哪凉快呆哪军团(1297471104) -> 女仆质量符合预期，但不如千梦
2023-08-20 17:26:51 V/Bot.2398493975: [獭獭哪凉快呆哪军团@(887156367)] Freeze_Kirin(768173212) -> ？
2023-08-20 17:27:10 V/Bot.2398493975: [獭獭哪凉快呆哪军团@(887156367)] Freeze_Kirin(768173212) -> 我也要去和女仆打牌
2023-08-20 17:27:16 V/Bot.2398493975: [獭獭哪凉快呆哪军团@(887156367)] Freeze_Kirin(768173212) -> [mirai:image:{7C659D43-DA9A-9B1E-6F64-D0CA83C3AF08}.png, width=308, height=218, size=88602, type=GIF, isEmoji=true]
2023-08-20 17:47:03 V/Bot.2398493975: [獭獭哪凉快呆哪军团@(887156367)] Freeze_Kirin(768173212) -> [mirai:image:{F4425DFB-EC04-C17C-CEC9-727246BF8B57}.png, width=2796, height=1290, size=227452, type=JPG, isEmoji=false]
2023-08-20 17:47:10 V/Bot.2398493975: [獭獭哪凉快呆哪军团@(887156367)] Freeze_Kirin(768173212) -> 好耶
2023-08-20 17:47:13 V/Bot.2398493975: [獭獭哪凉快呆哪军团@(887156367)] Freeze_Kirin(768173212) -> [mirai:image:{05919B55-D12E-11BD-7C76-D06FAD553D12}.png, width=370, height=296, size=100522, type=GIF, isEmoji=true]
2023-08-20 17:47:40 V/Bot.2398493975: [獭獭哪凉快呆哪军团@(887156367)] zz@獺獺軍団(771507043) -> 好羡慕
2023-08-20 17:49:46 V/Bot.2398493975: [獭獭哪凉快呆哪军团@(887156367)] 赖赖@忘记付车费军团(1609323331) -> 好羡慕
2023-08-20 17:50:00 V/Bot.2398493975: [獭獭哪凉快呆哪军团@(887156367)] 赖赖@忘记付车费军团(1609323331) -> [mirai:quote:[mirai:source:ids=[60422], internalIds=[958936017], from 1297471104 to 887156367 at 1692523574], content=<not yet initialized>][mirai:at:1297471104] 我的呢
2023-08-20 17:50:03 V/Bot.2398493975: [獭獭哪凉快呆哪军团@(887156367)] hzc@獭獭軍団二度受(2384102753) -> 我也要去和女仆打牌
2023-08-20 17:50:09 V/Bot.2398493975: [獭獭哪凉快呆哪军团@(887156367)] 赖赖@忘记付车费军团(1609323331) -> 我也要去和女仆打牌
2023-08-20 17:50:09 V/Bot.2398493975: [獭獭哪凉快呆哪军团@(887156367)] hzc@獭獭軍団二度受(2384102753) -> [mirai:image:{7C659D43-DA9A-9B1E-6F64-D0CA83C3AF08}.png, width=308, height=218, size=88602, type=GIF, isEmoji=true]
2023-08-20 17:50:11 V/Bot.2398493975: Event: GroupRecall(bot=Bot(2398493975), authorId=1609323331, messageIds=[60431], messageInternalIds=[2040524890], messageTime=1692525000, operator=NormalMember(1609323331), group=Group(887156367), author=NormalMember(1609323331))
2023-08-20 17:51:14 V/Bot.2398493975: [獭獭哪凉快呆哪军团@(887156367)] Freeze_Kirin(768173212) -> [mirai:image:{92143655-46BF-D57C-8A7B-8A7EA09D1A39}.png, width=254, height=230, size=7091, type=JPG, isEmoji=false]
2023-08-20 17:51:21 V/Bot.2398493975: [獭獭哪凉快呆哪军团@(887156367)] Freeze_Kirin(768173212) -> 獭獭
2023-08-20 17:51:21 V/Bot.2398493975: [獭獭哪凉快呆哪军团@(887156367)] Freeze_Kirin(768173212) -> [mirai:image:{8BCC615F-95E0-5FED-9976-858F6B68639E}.png, width=2796, height=1290, size=323877, type=JPG, isEmoji=false]
2023-08-20 17:55:29 I/UnidbgFetchQsign: Bot(2398493975) request_token, submit success
2023-08-20 18:23:53 V/Bot.2398493975: [SHT荔枝麻酱协会(493057481)] 大可奇丽(1485280964) -> [mirai:image:{66F0E787-7AF6-5D10-E3C8-1142C501D460}.png, width=1920, height=1030, size=1186029, type=PNG, isEmoji=false]
2023-08-20 18:23:57 V/Bot.2398493975: [SHT荔枝麻酱协会(493057481)] 大可奇丽(1485280964) -> [mirai:image:{4B990E3E-A2B7-EA21-A748-6ED0386F653E}.jpg, width=330, height=286, size=13569, type=JPG, isEmoji=true]
2023-08-20 18:35:16 V/Bot.2398493975: [獭獭哪凉快呆哪军团@(887156367)] zz@獺獺軍団(771507043) -> [不支持的消息#333385742][mirai:image:{1053A640-904D-34C6-E094-4B5567E6B97C}.jpg, width=1119, height=1055, size=875375, type=PNG, isEmoji=false]靠别人的立直棒吃一
2023-08-20 18:35:30 I/UnidbgFetchQsign: Bot(2398493975) request_token, submit success
2023-08-20 18:41:24 V/Bot.2398493975: [SHT荔枝麻酱协会(493057481)] 卡农变奏(530079804) -> [mirai:image:{8BF16C49-A303-E501-C1EB-16E95889A60A}.png, width=938, height=784, size=426008, type=PNG, isEmoji=false]
2023-08-20 18:41:24 V/Bot.2398493975: [SHT荔枝麻酱协会(493057481)] 卡农变奏(530079804) -> 你们的都不行
2023-08-20 18:41:48 V/Bot.2398493975: [SHT荔枝麻酱协会(493057481)] 卡农变奏(530079804) -> [mirai:image:{66EA0E9E-E863-3D4E-9A28-B2143FAB5607}.png, width=216, height=212, size=6391, type=JPG, isEmoji=true]
2023-08-20 19:03:00 V/Bot.2398493975: [獭獭哪凉快呆哪军团@(887156367)] 赖赖@忘记付车费军团(1609323331) -> 气人王[mirai:image:{25A83746-20E3-075C-5F2B-70E6396A9C75}.png, width=2442, height=1830, size=1364103, type=JPG, isEmoji=false]
2023-08-20 19:04:39 V/Bot.2398493975: [獭獭哪凉快呆哪军团@(887156367)] Freeze_Kirin(768173212) -> 气人王
2023-08-20 19:04:49 V/Bot.2398493975: [獭獭哪凉快呆哪军团@(887156367)] 赖赖@忘记付车费军团(1609323331) -> [mirai:image:{1079500C-2EDE-2332-7785-888B03918DBF}.png, width=1890, height=4096, size=2575263, type=JPG, isEmoji=false]
2023-08-20 19:04:51 V/Bot.2398493975: [獭獭哪凉快呆哪军团@(887156367)] 赖赖@忘记付车费军团(1609323331) -> 阿尼亚可爱
2023-08-20 19:15:31 I/UnidbgFetchQsign: Bot(2398493975) request_token, submit success
2023-08-20 19:23:23 V/Bot.2398493975: [獭獭哪凉快呆哪军团@(887156367)] zz@獺獺軍団(771507043) -> [不支持的消息#1118144809][mirai:image:{1E23A9ED-91D6-439C-893C-D6CDDE9A5778}.jpg, width=1406, height=558, size=391220, type=PNG, isEmoji=false]三向听握住立直棒然后一巡进一张胡先制家一发
2023-08-20 19:24:29 V/Bot.2398493975: [獭獭哪凉快呆哪军团@(887156367)] 赖赖@忘记付车费军团(1609323331) -> 一汪
2023-08-20 19:24:44 V/Bot.2398493975: [SHT荔枝麻酱协会(493057481)] 回声细碎(1974705370) -> 毅力为0，这是一直在摸鱼吗
2023-08-20 19:43:14 V/Bot.2398493975: [獭獭哪凉快呆哪军团@(887156367)] zz@獺獺軍団(771507043) -> [不支持的消息#1188944301][mirai:image:{B492D0F0-9E2C-57F7-AE3B-8DE07F056E88}.jpg, width=700, height=1046, size=1100520, type=PNG, isEmoji=false]好怪
2023-08-20 19:48:02 V/Bot.2398493975: [獭獭哪凉快呆哪军团@(887156367)] 赖赖@忘记付车费军团(1609323331) -> [不支持的消息#-57557930]
2023-08-20 19:48:16 V/Bot.2398493975: [獭獭哪凉快呆哪军团@(887156367)] 赖赖@忘记付车费军团(1609323331) -> [mirai:quote:[mirai:source:ids=[60445], internalIds=[1694443974], from 771507043 to 887156367 at 1692531794], content=<not yet initialized>][mirai:at:771507043] 太怪了
2023-08-20 19:55:33 V/Bot.2398493975: [獭獭哪凉快呆哪军团@(887156367)] 獭獭睡觉大臣@被獭獭军团开除(963423936) -> [mirai:image:{66EA0E9E-E863-3D4E-9A28-B2143FAB5607}.png, width=216, height=212, size=6391, type=JPG, isEmoji=true]
2023-08-20 19:55:37 I/UnidbgFetchQsign: Bot(2398493975) request_token, submit success
2023-08-20 19:57:15 V/Bot.2398493975: [獭獭哪凉快呆哪军团@(887156367)] zz@獺獺軍団(771507043) -> [mirai:quote:[mirai:source:ids=[60448], internalIds=[874675088], from 963423936 to 887156367 at 1692532533], content=<not yet initialized>][mirai:at:963423936] 买咖波麻将
2023-08-20 20:02:30 V/Bot.2398493975: [獭獭哪凉快呆哪军团@(887156367)] 赖赖@忘记付车费军团(1609323331) -> 找了半天怎么打日语
2023-08-20 20:02:37 V/Bot.2398493975: [獭獭哪凉快呆哪军团@(887156367)] 赖赖@忘记付车费军团(1609323331) -> 想起来可以用手机
2023-08-20 20:02:39 V/Bot.2398493975: [獭獭哪凉快呆哪军团@(887156367)] 赖赖@忘记付车费军团(1609323331) -> [mirai:image:{ECB1281E-E17C-F20E-0060-DA328002022A}.png, width=216, height=138, size=4514, type=JPG, isEmoji=true]
2023-08-20 20:02:45 V/Bot.2398493975: [獭獭哪凉快呆哪军团@(887156367)] 赖赖@忘记付车费军团(1609323331) -> 天狼星搜不到
2023-08-20 20:02:49 V/Bot.2398493975: [獭獭哪凉快呆哪军团@(887156367)] 赖赖@忘记付车费军团(1609323331) -> 异世界打不出来
2023-08-20 20:02:51 V/Bot.2398493975: [獭獭哪凉快呆哪军团@(887156367)] 赖赖@忘记付车费军团(1609323331) -> [mirai:image:{C8E8094B-CB49-F06F-791E-0B522869926D}.png, width=300, height=300, size=17848, type=JPG, isEmoji=true]
2023-08-20 20:03:31 V/Bot.2398493975: [獭獭哪凉快呆哪军团@(887156367)] zz@獺獺軍団(771507043) -> ？你要搜什么
2023-08-20 20:04:09 V/Bot.2398493975: [獭獭哪凉快呆哪军团@(887156367)] 赖赖@忘记付车费军团(1609323331) -> [mirai:image:{AEFC5248-88F5-E471-A37B-8BB7C6A240BE}.png, width=1125, height=2436, size=267014, type=PNG, isEmoji=false]
2023-08-20 20:04:14 V/Bot.2398493975: [獭獭哪凉快呆哪军团@(887156367)] zz@獺獺軍団(771507043) -> [mirai:quote:[mirai:source:ids=[60450], internalIds=[1877410284], from 1609323331 to 887156367 at 1692532950], content=<not yet initialized>][mirai:at:1609323331] windows吗，应该可以和ios差不多去设置里安装语言包的
2023-08-20 20:04:21 V/Bot.2398493975: [獭獭哪凉快呆哪军团@(887156367)] 赖赖@忘记付车费军团(1609323331) -> 胡萝卜说他听过
2023-08-20 20:04:37 V/Bot.2398493975: [獭獭哪凉快呆哪军团@(887156367)] 哭哭Kirin@也被獭獭军团开除(472247053) -> [mirai:image:{C604D5ED-B608-7B5E-CBA5-99890118F464}.jpg, width=354, height=300, size=99816, type=GIF, isEmoji=true]
2023-08-20 20:04:37 V/Bot.2398493975: [獭獭哪凉快呆哪军团@(887156367)] 赖赖@忘记付车费军团(1609323331) -> 不是 其实我是不知道日语歌名
2023-08-20 20:04:40 V/Bot.2398493975: [獭獭哪凉快呆哪军团@(887156367)] 赖赖@忘记付车费军团(1609323331) -> [mirai:image:{4D43AF98-6CA5-33DF-5622-EFC9592C5B74}.png, width=290, height=228, size=6993, type=GIF, isEmoji=true]
2023-08-20 20:04:45 V/Bot.2398493975: [獭獭哪凉快呆哪军团@(887156367)] 赖赖@忘记付车费军团(1609323331) -> [mirai:image:{C604D5ED-B608-7B5E-CBA5-99890118F464}.png, width=354, height=300, size=99816, type=GIF, isEmoji=true]
2023-08-20 20:04:48 V/Bot.2398493975: [獭獭哪凉快呆哪军团@(887156367)] 哭哭Kirin@也被獭獭军团开除(472247053) -> 我已经没有日语输入法了
2023-08-20 20:04:52 V/Bot.2398493975: [獭獭哪凉快呆哪军团@(887156367)] 哭哭Kirin@也被獭獭军团开除(472247053) -> sb windows
2023-08-20 20:05:01 V/Bot.2398493975: [獭獭哪凉快呆哪军团@(887156367)] 赖赖@忘记付车费军团(1609323331) -> [mirai:image:{C604D5ED-B608-7B5E-CBA5-99890118F464}.png, width=354, height=300, size=99816, type=GIF, isEmoji=true]
2023-08-20 20:05:04 V/Bot.2398493975: [獭獭哪凉快呆哪军团@(887156367)] 哭哭Kirin@也被獭獭军团开除(472247053) -> 装上一切就卡
2023-08-20 20:05:06 V/Bot.2398493975: [獭獭哪凉快呆哪军团@(887156367)] 赖赖@忘记付车费军团(1609323331) -> 为啥
2023-08-20 20:05:10 V/Bot.2398493975: [獭獭哪凉快呆哪军团@(887156367)] 哭哭Kirin@也被獭獭军团开除(472247053) -> 不知道
2023-08-20 20:05:10 V/Bot.2398493975: [獭獭哪凉快呆哪军团@(887156367)] 赖赖@忘记付车费军团(1609323331) -> 草
2023-08-20 20:05:13 V/Bot.2398493975: [獭獭哪凉快呆哪军团@(887156367)] zz@獺獺軍団(771507043) -> [mirai:quote:[mirai:source:ids=[60457], internalIds=[189079758], from 1609323331 to 887156367 at 1692533049], content=<not yet initialized>][mirai:at:1609323331] 134应该听过？
2023-08-20 20:06:50 V/Bot.2398493975: [獭獭哪凉快呆哪军团@(887156367)] zz@獺獺軍団(771507043) -> 为啥，我windows都有自带日语输入法的，没卡过
2023-08-20 20:07:08 V/Bot.2398493975: [獭獭哪凉快呆哪军团@(887156367)] 哭哭Kirin@也被獭獭军团开除(472247053) -> 重装之后就不行了
2023-08-20 20:07:32 V/Bot.2398493975: [獭獭哪凉快呆哪军团@(887156367)] 赖赖@忘记付车费军团(1609323331) -> 所以第一个字怎么打出来[mirai:image:{A504E5EC-CA71-E586-803E-533203CB9D2C}.png, width=1036, height=262, size=29540, type=JPG, isEmoji=false]
2023-08-20 20:07:34 V/Bot.2398493975: [獭獭哪凉快呆哪军团@(887156367)] 哭哭Kirin@也被獭獭军团开除(472247053) -> 也可能不是日语的问题 只要同时有三个输入法 切换就会爆炸
2023-08-20 20:08:27 V/Bot.2398493975: [獭獭哪凉快呆哪军团@(887156367)] 赖赖@忘记付车费军团(1609323331) -> 这是和制汉字吗
2023-08-20 20:08:29 V/Bot.2398493975: [獭獭哪凉快呆哪军团@(887156367)] 赖赖@忘记付车费军团(1609323331) -> [mirai:image:{7B4FAB6B-0BA8-0F4C-F8DC-B2AF31AB603E}.png, width=512, height=512, size=192357, type=GIF, isEmoji=true]
2023-08-20 20:08:42 V/Bot.2398493975: [獭獭哪凉快呆哪军团@(887156367)] 赖赖@忘记付车费军团(1609323331) -> ヰ
2023-08-20 20:08:58 V/Bot.2398493975: [獭獭哪凉快呆哪军团@(887156367)] zz@獺獺軍団(771507043) -> ？我的输入语言是zhcn，jp，enus啊
2023-08-20 20:09:03 V/Bot.2398493975: [獭獭哪凉快呆哪军团@(887156367)] 哭哭Kirin@也被獭獭军团开除(472247053) -> 不是汉字捏
2023-08-20 20:09:09 V/Bot.2398493975: [獭獭哪凉快呆哪军团@(887156367)] zz@獺獺軍団(771507043) -> 这是古代片假名
2023-08-20 20:09:15 V/Bot.2398493975: [獭獭哪凉快呆哪军团@(887156367)] 赖赖@忘记付车费军团(1609323331) -> 哦
2023-08-20 20:09:17 V/Bot.2398493975: [獭獭哪凉快呆哪军团@(887156367)] 哭哭Kirin@也被獭獭军团开除(472247053) -> 我平板上也可以 以前也可以 就是现在不行了
2023-08-20 20:09:34 V/Bot.2398493975: [獭獭哪凉快呆哪军团@(887156367)] zz@獺獺軍団(771507043) -> yi的位置空的那个
2023-08-20 20:09:41 V/Bot.2398493975: [獭獭哪凉快呆哪军团@(887156367)] 赖赖@忘记付车费军团(1609323331) -> [mirai:image:{717DB49B-8408-DA02-363B-BEE76B32679A}.png, width=480, height=360, size=145759, type=GIF, isEmoji=true]
2023-08-20 20:09:46 V/Bot.2398493975: [獭獭哪凉快呆哪军团@(887156367)] zz@獺獺軍団(771507043) -> ya行的i，被简化了
2023-08-20 20:09:55 V/Bot.2398493975: [獭獭哪凉快呆哪军团@(887156367)] 赖赖@忘记付车费军团(1609323331) -> 哪路或多
2023-08-20 20:11:28 V/Bot.2398493975: [獭獭哪凉快呆哪军团@(887156367)] zz@獺獺軍団(771507043) -> 记错了，这是wa行的
2023-08-20 20:11:59 V/Bot.2398493975: Event: MemberJoinEvent.Active(member=1006553646)
2023-08-20 20:12:03 V/Bot.2398493975: Event: MemberJoinEvent.Active(member=2298578059)
2023-08-20 20:12:14 V/Bot.2398493975: [獭獭哪凉快呆哪军团@(887156367)] 赖赖@忘记付车费军团(1609323331) -> [mirai:image:{E99AC65C-8640-6001-EF12-1CD30B9D871E}.png, width=348, height=300, size=74943, type=GIF, isEmoji=true]
2023-08-20 20:12:25 V/Bot.2398493975: [獭獭哪凉快呆哪军团@(887156367)] zz@獺獺軍団(771507043) -> [不支持的消息#-990097538][mirai:image:{473B4F31-C232-9DB4-F04E-C52742983603}.jpg, width=398, height=410, size=81124, type=PNG, isEmoji=false]ya行的这个没见过
2023-08-20 20:12:28 V/Bot.2398493975: [SHT荔枝麻酱协会(493057481)] 700·400(928632210) -> [mirai:image:{1B4FCE0D-7917-2CBB-EF8E-53118B370D16}.gif, width=240, height=240, size=403235, type=GIF, isEmoji=true]
2023-08-20 20:12:38 V/Bot.2398493975: [獭獭哪凉快呆哪军团@(887156367)] 赖赖@忘记付车费军团(1609323331) -> 那那个
2023-08-20 20:12:48 V/Bot.2398493975: [獭獭哪凉快呆哪军团@(887156367)] 赖赖@忘记付车费军团(1609323331) -> ゐ是哪个
2023-08-20 20:12:55 V/Bot.2398493975: [獭獭哪凉快呆哪军团@(887156367)] 獭獭哪凉快呆哪军团(1297471104) -> 国士雀庄吃了一个四一个7w点的1
2023-08-20 20:13:00 V/Bot.2398493975: [獭獭哪凉快呆哪军团@(887156367)] 獭獭哪凉快呆哪军团(1297471104) -> 今日爽到
2023-08-20 20:13:01 V/Bot.2398493975: [SHT荔枝麻酱协会(493057481)] 宅哥(2832900934) -> 可以拷打新人哩
2023-08-20 20:13:03 V/Bot.2398493975: [SHT荔枝麻酱协会(493057481)] 宅哥(2832900934) -> [mirai:image:{0C419F5E-9C06-E7CA-4FDB-5386AFED2503}.jpg, width=100, height=100, size=2481, type=JPG, isEmoji=true]
2023-08-20 20:13:05 V/Bot.2398493975: [獭獭哪凉快呆哪军团@(887156367)] 赖赖@忘记付车费军团(1609323331) -> ？
2023-08-20 20:13:11 V/Bot.2398493975: [獭獭哪凉快呆哪军团@(887156367)] 哭哭Kirin@也被獭獭军团开除(472247053) -> ？
2023-08-20 20:13:41 V/Bot.2398493975: [獭獭哪凉快呆哪军团@(887156367)] zz@獺獺軍団(771507043) -> [mirai:quote:[mirai:source:ids=[60492], internalIds=[46793560], from 1609323331 to 887156367 at 1692533567], content=<not yet initialized>][mirai:at:1609323331] 和这个是一个
2023-08-20 20:13:41 V/Bot.2398493975: [SHT荔枝麻酱协会(493057481)] naf2021(3469392519) -> [mirai:image:{8153EF7D-AEF5-9B6B-DD19-7009E5DF4EA6}.jpg, width=68, height=62, size=1415, type=JPG, isEmoji=true]
2023-08-20 20:13:44 V/Bot.2398493975: [獭獭哪凉快呆哪军团@(887156367)] 獭獭哪凉快呆哪军团(1297471104) -> 5巡碰了西 自摸了西东对对混一色三暗刻 8k4k
2023-08-20 20:13:52 V/Bot.2398493975: [SHT荔枝麻酱协会(493057481)] naf2021(3469392519) -> 今天还有面麻麻的吗
2023-08-20 20:14:24 V/Bot.2398493975: [獭獭哪凉快呆哪军团@(887156367)] zz@獺獺軍団(771507043) -> [不支持的消息#461404911][mirai:image:{45C595FB-FB31-267B-AB11-1047C099C75F}.jpg, width=376, height=246, size=47146, type=PNG, isEmoji=false][不支持的消息#-462238384][mirai:image:{0EAAD35D-0CAE-5FE0-0DB5-9E294077966F}.jpg, width=384, height=260, size=18974, type=PNG, isEmoji=false]旧假名这两个比较常见
2023-08-20 20:14:30 V/Bot.2398493975: [獭獭哪凉快呆哪军团@(887156367)] 獭獭哪凉快呆哪军团(1297471104) -> 爽到
2023-08-20 20:14:31 V/Bot.2398493975: [獭獭哪凉快呆哪军团@(887156367)] 赖赖@忘记付车费军团(1609323331) -> [mirai:image:{FFB4335B-7691-85EA-D2F6-08321269136D}.png, width=1890, height=4096, size=1929827, type=JPG, isEmoji=false]
2023-08-20 20:14:33 V/Bot.2398493975: [獭獭哪凉快呆哪军团@(887156367)] 赖赖@忘记付车费军团(1609323331) -> 这是什么
2023-08-20 20:14:40 V/Bot.2398493975: [獭獭哪凉快呆哪军团@(887156367)] 赖赖@忘记付车费军团(1609323331) -> 为什么上次没点
2023-08-20 20:14:47 V/Bot.2398493975: [獭獭哪凉快呆哪军团@(887156367)] 獭獭哪凉快呆哪军团(1297471104) -> [mirai:quote:[mirai:source:ids=[60499], internalIds=[1688859899], from 771507043 to 887156367 at 1692533664], content=<not yet initialized>][mirai:at:771507043] 一眼因幡天为
2023-08-20 20:14:47 V/Bot.2398493975: [獭獭哪凉快呆哪军团@(887156367)] 赖赖@忘记付车费军团(1609323331) -> [mirai:image:{C604D5ED-B608-7B5E-CBA5-99890118F464}.png, width=354, height=300, size=99816, type=GIF, isEmoji=true]
2023-08-20 20:15:13 V/Bot.2398493975: [獭獭哪凉快呆哪军团@(887156367)] 赖赖@忘记付车费军团(1609323331) -> [mirai:quote:[mirai:source:ids=[60498], internalIds=[1415780071], from 1297471104 to 887156367 at 1692533624], content=<not yet initialized>][mirai:at:1297471104] ？？
2023-08-20 20:16:46 V/Bot.2398493975: [獭獭哪凉快呆哪军团@(887156367)] zz@獺獺軍団(771507043) -> wiki真好玩，这都是什么[不支持的消息#1084178532][mirai:image:{07A05511-87E7-F7F9-AC87-2CF1746E91B0}.jpg, width=1012, height=826, size=247351, type=PNG, isEmoji=false]
2023-08-20 20:16:53 V/Bot.2398493975: [獭獭哪凉快呆哪军团@(887156367)] 赖赖@忘记付车费军团(1609323331) -> 哇哦
2023-08-20 20:19:14 V/Bot.2398493975: [SHT荔枝麻酱协会(493057481)] 布莱克提(690875992) -> 怎么这么多人
2023-08-20 20:19:34 V/Bot.2398493975: [獭獭哪凉快呆哪军团@(887156367)] 赖赖@忘记付车费军团(1609323331) -> [mirai:image:{A6C642EE-7638-7EED-2AEA-E8E8905603CA}.png, width=1828, height=2436, size=868082, type=JPG, isEmoji=false]
2023-08-20 20:21:18 V/Bot.2398493975: [獭獭哪凉快呆哪军团@(887156367)] 哭哭Kirin@也被獭獭军团开除(472247053) -> [mirai:image:{609C5173-2943-47B0-12D5-89A367E3B9BD}.jpg, width=240, height=240, size=620212, type=GIF, isEmoji=true]
2023-08-20 20:28:06 V/Bot.2398493975: [SHT荔枝麻酱协会(493057481)] 宅哥(2832900934) -> 我在跳蚤群里发了群号
2023-08-20 20:28:11 V/Bot.2398493975: [SHT荔枝麻酱协会(493057481)] 宅哥(2832900934) -> [mirai:image:{C7C4A56C-2F9C-6DB4-42A0-A97ADD0F27C1}.jpg, width=50, height=50, size=1602, type=JPG, isEmoji=true]
2023-08-20 20:28:24 V/Bot.2398493975: Event: MemberCardChangeEvent(origin=来个大佬教教英语喵, new=, member=NormalMember(2298578059))
2023-08-20 20:28:24 V/Bot.2398493975: [SHT荔枝麻酱协会(493057481)] 来个大佬教教英语喵(2298578059) -> [mirai:image:{D25F257E-09EB-3070-BF57-88E3F02B9B88}.jpg, width=62, height=70, size=1080, type=JPG, isEmoji=true]
2023-08-20 20:28:36 V/Bot.2398493975: [SHT荔枝麻酱协会(493057481)] 大可奇丽(1485280964) -> [mirai:image:{271E1385-7F5C-C880-BF59-4A0CE4FFE279}.jpg, width=82, height=70, size=2553, type=JPG, isEmoji=true]
2023-08-20 20:30:53 V/Bot.2398493975: [獭獭哪凉快呆哪军团@(887156367)] 赖赖@忘记付车费军团(1609323331) -> [mirai:image:{EC4CF5B0-7E90-3F1B-29AA-20F84173B947}.png, width=1828, height=2436, size=805202, type=JPG, isEmoji=false]
2023-08-20 20:30:55 V/Bot.2398493975: [獭獭哪凉快呆哪军团@(887156367)] 赖赖@忘记付车费军团(1609323331) -> 这个好看
2023-08-20 20:31:02 V/Bot.2398493975: [獭獭哪凉快呆哪军团@(887156367)] 赖赖@忘记付车费军团(1609323331) -> 被骗着买了
2023-08-20 20:31:03 V/Bot.2398493975: [獭獭哪凉快呆哪军团@(887156367)] 赖赖@忘记付车费军团(1609323331) -> [mirai:image:{4D43AF98-6CA5-33DF-5622-EFC9592C5B74}.png, width=290, height=228, size=6993, type=GIF, isEmoji=true]
2023-08-20 20:31:09 V/Bot.2398493975: [獭獭哪凉快呆哪军团@(887156367)] 赖赖@忘记付车费军团(1609323331) -> 雪碧味可乐
2023-08-20 20:31:48 V/Bot.2398493975: [獭獭哪凉快呆哪军团@(887156367)] Freeze_Kirin(768173212) -> [mirai:image:{15530C6E-2E2B-8726-AC46-20AE8098381B}.png, width=174, height=172, size=5372, type=JPG, isEmoji=true]
2023-08-20 20:35:38 I/UnidbgFetchQsign: Bot(2398493975) request_token, submit success
2023-08-20 20:37:45 V/Bot.2398493975: [獭獭哪凉快呆哪军团@(887156367)] 哭哭Kirin@也被獭獭军团开除(472247053) -> [mirai:image:{15530C6E-2E2B-8726-AC46-20AE8098381B}.png, width=174, height=172, size=5372, type=JPG, isEmoji=false]
2023-08-20 20:49:09 V/Bot.2398493975: [SHT荔枝麻酱协会(493057481)] N！T！R！！！(269418386) -> 也就指望每年的这个时候招新了
2023-08-20 20:49:36 V/Bot.2398493975: [SHT荔枝麻酱协会(493057481)] 宅哥(2832900934) -> 能不能先给新人放放水
2023-08-20 20:50:01 V/Bot.2398493975: [SHT荔枝麻酱协会(493057481)] N！T！R！！！(269418386) -> 没有  我们很菜的
2023-08-20 20:50:14 V/Bot.2398493975: [SHT荔枝麻酱协会(493057481)] N！T！R！！！(269418386) -> 你把我们当傻逼打就行
2023-08-20 20:50:23 V/Bot.2398493975: [SHT荔枝麻酱协会(493057481)] 宅哥(2832900934) -> 我主打一个高攻纸防
2023-08-20 20:50:34 V/Bot.2398493975: [SHT荔枝麻酱协会(493057481)] 宅哥(2832900934) -> 最高一局放了6次炮
2023-08-20 20:51:24 V/Bot.2398493975: [SHT荔枝麻酱协会(493057481)] 布莱克提(690875992) -> 没有  我们很菜的
2023-08-20 20:51:36 V/Bot.2398493975: [SHT荔枝麻酱协会(493057481)] 来个大佬教教英语喵(2298578059) -> 我低攻低防
2023-08-20 20:51:39 V/Bot.2398493975: [SHT荔枝麻酱协会(493057481)] 来个大佬教教英语喵(2298578059) -> [快哭了][快哭了]
2023-08-20 21:13:01 V/Bot.2398493975: [獭獭哪凉快呆哪军团@(887156367)] zz@獺獺軍団(771507043) -> [mirai:image:{BA51D2A9-9FC1-7A0B-7B9B-4EA9A85A3702}.png, width=1920, height=1080, size=2294326, type=PNG, isEmoji=false]
2023-08-20 21:14:17 V/Bot.2398493975: [獭獭哪凉快呆哪军团@(887156367)] 獭獭睡觉大臣@被獭獭军团开除(963423936) -> oi在做大四喜？
2023-08-20 21:15:38 I/UnidbgFetchQsign: Bot(2398493975) request_token, submit success
2023-08-20 21:17:16 V/Bot.2398493975: [獭獭哪凉快呆哪军团@(887156367)] 赖赖@忘记付车费军团(1609323331) -> [mirai:image:{15530C6E-2E2B-8726-AC46-20AE8098381B}.png, width=174, height=172, size=5372, type=JPG, isEmoji=false]
2023-08-20 21:17:27 V/Bot.2398493975: [獭獭哪凉快呆哪军团@(887156367)] Freeze_Kirin(768173212) -> [mirai:image:{15530C6E-2E2B-8726-AC46-20AE8098381B}.png, width=174, height=172, size=5372, type=JPG, isEmoji=true]
2023-08-20 21:18:12 V/Bot.2398493975: [SHT荔枝麻酱协会(493057481)] MEOW@獭獭bot(1609323331) -> 没有  我们很菜的
2023-08-20 21:18:26 V/Bot.2398493975: [獭獭哪凉快呆哪军团@(887156367)] 萝卜@萝卜軍団(690875992) -> 白鸟翔：
2023-08-20 21:25:34 V/Bot.2398493975: Event: MemberJoinEvent.Active(member=2987221272)
2023-08-20 21:25:35 V/Bot.2398493975: Event: MemberJoinEvent.Active(member=1969813583)
2023-08-20 21:26:04 V/Bot.2398493975: [SHT荔枝麻酱协会(493057481)] Giraffe(472247053) -> [mirai:image:{B0C4908F-7B25-5581-DE55-0999A98D580C}.jpg, width=868, height=710, size=533105, type=GIF, isEmoji=true]
2023-08-20 21:26:08 V/Bot.2398493975: Event: MemberCardChangeEvent(origin=Reversion, new=, member=NormalMember(2987221272))
2023-08-20 21:26:08 V/Bot.2398493975: [SHT荔枝麻酱协会(493057481)] Reversion(2987221272) -> [mirai:image:{967D6C53-50E0-E42C-5B47-213D3EC6ADF5}.jpg, width=214, height=112, size=5346, type=JPG, isEmoji=true]
2023-08-20 21:26:23 V/Bot.2398493975: [SHT荔枝麻酱协会(493057481)] Reversion(2987221272) -> 三麻杰三摆烂人来了
2023-08-20 21:26:38 V/Bot.2398493975: [SHT荔枝麻酱协会(493057481)] 宅哥(2832900934) -> [mirai:image:{D2EA4AE0-4DD5-68AB-DA81-D8786AF6CD8D}.jpg, width=1768, height=1768, size=356342, type=JPG, isEmoji=true]
2023-08-20 21:38:45 V/Bot.2398493975: [SHT荔枝麻酱协会(493057481)] 布莱克提(690875992) -> 恁多人
2023-08-20 21:39:12 V/Bot.2398493975: [SHT荔枝麻酱协会(493057481)] zz(771507043) -> 恁多人
2023-08-20 21:40:15 V/Bot.2398493975: [SHT荔枝麻酱协会(493057481)] 宅哥(2832900934) -> 恁多人
2023-08-20 21:40:21 V/Bot.2398493975: [SHT荔枝麻酱协会(493057481)] 优雅猛牛(695150175) -> 恁多人
2023-08-20 21:45:17 V/Bot.2398493975: [SHT荔枝麻酱协会(493057481)] 1st(576851388) -> 恁多人
2023-08-20 21:45:44 V/Bot.2398493975: [SHT荔枝麻酱协会(493057481)] naf2021(3469392519) -> [mirai:image:{F3FD360C-DF21-E761-7C94-89BBF2723614}.jpg, width=66, height=66, size=1566, type=JPG, isEmoji=true]
2023-08-20 21:45:50 V/Bot.2398493975: [SHT荔枝麻酱协会(493057481)] naf2021(3469392519) -> 真的有人吗
2023-08-20 21:45:57 V/Bot.2398493975: [SHT荔枝麻酱协会(493057481)] naf2021(3469392519) -> 学活都是空的
2023-08-20 21:55:45 I/UnidbgFetchQsign: Bot(2398493975) request_token, submit success
2023-08-20 21:55:48 V/Bot.2398493975: [SHT荔枝麻酱协会(493057481)] 淡情余描未わ(1297471104) -> 哦，有三麻人
2023-08-20 21:55:55 V/Bot.2398493975: [SHT荔枝麻酱协会(493057481)] 淡情余描未わ(1297471104) -> 立刻过来宣传
2023-08-20 21:56:00 V/Bot.2398493975: [SHT荔枝麻酱协会(493057481)] Reversion(2987221272) -> 只会打三麻
2023-08-20 21:56:07 V/Bot.2398493975: [SHT荔枝麻酱协会(493057481)] Reversion(2987221272) -> 四麻基本不打，打不懂
2023-08-20 21:56:09 V/Bot.2398493975: [SHT荔枝麻酱协会(493057481)] Reversion(2987221272) -> [mirai:marketface:233675,[猫脑过载]]
2023-08-20 21:56:34 V/Bot.2398493975: [SHT荔枝麻酱协会(493057481)] 淡情余描未わ(1297471104) -> [mirai:app:{"app":"com.tencent.structmsg","config":{"ctime":1689259265,"forward":true,"token":"89130bbfd8881e8bfb356a50dae9f6d6","type":"normal"},"desc":"新闻","extra":{"app_type":1,"appid":101458937,"uin":1297471104},"meta":{"news":{"action":"","android_pkg_name":"","app_type":1,"appid":101458937,"ctime":1689259265,"desc":"腾讯文档-在线表格","jumpUrl":"https://docs.qq.com/sheet/DR0pSTVdvTmt2WVBq","preview":"https://docs.idqqimg.com/tim/docs/docs-design-resources/mobile/png@3x/file_sheet_64@3x-28f87b2076.png","source_icon":"https://p.qpic.cn/qqconnect/0/app_101458937_1596103559/100?max-age=2592000&t=0","source_url":"","tag":"腾讯文档","title":"SHT胡萝卜杯S2.5","uin":1297471104}},"prompt":"[分享]SHT胡萝卜杯S2.5","ver":"0.0.0.1","view":"news"}]
2023-08-20 21:56:44 V/Bot.2398493975: [SHT荔枝麻酱协会(493057481)] 淡情余描未わ(1297471104) -> 赶快来宣传
2023-08-20 21:56:57 V/Bot.2398493975: [SHT荔枝麻酱协会(493057481)] 香油几滴(3506367229) -> [mirai:quote:[mirai:source:ids=[281660], internalIds=[225641062], from 3469392519 to 493057481 at 1692522684], content=<not yet initialized>][mirai:at:3469392519] 这是什么软件玩的啊
2023-08-20 21:58:18 V/Bot.2398493975: [SHT荔枝麻酱协会(493057481)] zz(771507043) -> 雀魂的活动
2023-08-20 22:24:58 V/Bot.2398493975: [SHT荔枝麻酱协会(493057481)] 布莱克提(690875992) -> 危险网站
2023-08-20 22:26:22 V/Bot.2398493975: [獭獭哪凉快呆哪军团@(887156367)] 赖赖@忘记付车费军团(1609323331) -> 亏了
2023-08-20 22:26:32 V/Bot.2398493975: [獭獭哪凉快呆哪军团@(887156367)] 赖赖@忘记付车费军团(1609323331) -> 它到点了还能继续唱
2023-08-20 22:26:37 V/Bot.2398493975: [獭獭哪凉快呆哪军团@(887156367)] 赖赖@忘记付车费军团(1609323331) -> 还会自动切下一首
2023-08-20 22:27:32 V/Bot.2398493975: [獭獭哪凉快呆哪军团@(887156367)] 赖赖@忘记付车费军团(1609323331) -> 然后我们发现能点原唱伴唱
2023-08-20 22:27:45 V/Bot.2398493975: [獭獭哪凉快呆哪军团@(887156367)] 赖赖@忘记付车费军团(1609323331) -> 胡萝卜：那试下切歌
2023-08-20 22:27:49 V/Bot.2398493975: [獭獭哪凉快呆哪军团@(887156367)] 赖赖@忘记付车费军团(1609323331) -> 然后没了
2023-08-20 22:27:55 V/Bot.2398493975: [獭獭哪凉快呆哪军团@(887156367)] 赖赖@忘记付车费军团(1609323331) -> [mirai:image:{FCD07CB2-D2AD-30AD-2619-E7F4398ABE4A}.png, width=512, height=420, size=441219, type=GIF, isEmoji=true]
2023-08-20 22:28:01 V/Bot.2398493975: [獭獭哪凉快呆哪军团@(887156367)] zz@獺獺軍団(771507043) -> 我也想唱歌
2023-08-20 22:35:45 I/UnidbgFetchQsign: Bot(2398493975) request_token, submit success
2023-08-20 22:37:36 V/Bot.2398493975: [獭獭哪凉快呆哪军团@(887156367)] 赖赖@忘记付车费军团(1609323331) -> 纯k真好
2023-08-20 22:38:02 V/Bot.2398493975: [獭獭哪凉快呆哪军团@(887156367)] 赖赖@忘记付车费军团(1609323331) -> 不会唱的直接快进到中间，前奏太长的也直接快进
2023-08-20 22:38:28 V/Bot.2398493975: [獭獭哪凉快呆哪军团@(887156367)] 赖赖@忘记付车费军团(1609323331) -> 结束还能白嫖
2023-08-20 22:40:21 V/Bot.2398493975: [SHT荔枝麻酱协会(493057481)] N！T！R！！！(269418386) -> J继续访问！
2023-08-20 22:45:26 V/Bot.2398493975: [獭獭哪凉快呆哪军团@(887156367)] 哭哭Kirin@也被獭獭军团开除(472247053) -> [mirai:image:{75FECC80-7F7F-55B2-3D77-7CEAE0E7F676}.jpg, width=302, height=138, size=67232, type=GIF, isEmoji=true]
2023-08-20 22:45:38 V/Bot.2398493975: [獭獭哪凉快呆哪军团@(887156367)] 哭哭Kirin@也被獭獭军团开除(472247053) -> 我也想唱歌
2023-08-20 22:47:41 V/Bot.2398493975: [獭獭哪凉快呆哪军团@(887156367)] 赖赖@忘记付车费军团(1609323331) -> 十五号线人好多哦
2023-08-20 22:47:43 V/Bot.2398493975: [獭獭哪凉快呆哪军团@(887156367)] 赖赖@忘记付车费军团(1609323331) -> [mirai:image:{7B4FAB6B-0BA8-0F4C-F8DC-B2AF31AB603E}.png, width=512, height=512, size=192357, type=GIF, isEmoji=true]
2023-08-20 22:52:46 V/Bot.2398493975: [獭獭哪凉快呆哪军团@(887156367)] hzc@獭獭軍団二度受(2384102753) -> [mirai:image:{7B4FAB6B-0BA8-0F4C-F8DC-B2AF31AB603E}.png, width=512, height=512, size=192357, type=GIF, isEmoji=true]
2023-08-20 22:52:53 V/Bot.2398493975: [獭獭哪凉快呆哪军团@(887156367)] 哭哭Kirin@也被獭獭军团开除(472247053) -> [mirai:image:{7B4FAB6B-0BA8-0F4C-F8DC-B2AF31AB603E}.png, width=512, height=512, size=192357, type=GIF, isEmoji=false]
2023-08-20 22:53:03 V/Bot.2398493975: [獭獭哪凉快呆哪军团@(887156367)] 赖赖@忘记付车费军团(1609323331) -> 长风公园到了
2023-08-20 22:53:05 V/Bot.2398493975: [獭獭哪凉快呆哪军团@(887156367)] 赖赖@忘记付车费军团(1609323331) -> 想起来了
2023-08-20 22:53:07 V/Bot.2398493975: [獭獭哪凉快呆哪军团@(887156367)] hzc@獭獭軍団二度受(2384102753) -> 这个点
2023-08-20 22:53:17 V/Bot.2398493975: [獭獭哪凉快呆哪军团@(887156367)] hzc@獭獭軍団二度受(2384102753) -> 长风公园去过两次
2023-08-20 22:53:19 V/Bot.2398493975: [獭獭哪凉快呆哪军团@(887156367)] 赖赖@忘记付车费军团(1609323331) -> 小学时候不是去玩的锦江乐园
2023-08-20 22:53:23 V/Bot.2398493975: [獭獭哪凉快呆哪军团@(887156367)] 赖赖@忘记付车费军团(1609323331) -> 是长风公园
2023-08-20 22:53:30 V/Bot.2398493975: [獭獭哪凉快呆哪军团@(887156367)] 赖赖@忘记付车费军团(1609323331) -> 锦江乐园是初中去的
2023-08-20 22:53:47 V/Bot.2398493975: [獭獭哪凉快呆哪军团@(887156367)] hzc@獭獭軍団二度受(2384102753) -> 我小学两个都去过
2023-08-20 22:53:58 V/Bot.2398493975: [獭獭哪凉快呆哪军团@(887156367)] 赖赖@忘记付车费军团(1609323331) -> 但是没去看海洋馆
2023-08-20 22:54:03 V/Bot.2398493975: [獭獭哪凉快呆哪军团@(887156367)] 赖赖@忘记付车费军团(1609323331) -> 或者只看了一会
2023-08-20 22:54:34 V/Bot.2398493975: [獭獭哪凉快呆哪军团@(887156367)] hzc@獭獭軍団二度受(2384102753) -> 海洋馆也去了
2023-08-20 22:55:23 V/Bot.2398493975: [獭獭哪凉快呆哪军团@(887156367)] hzc@獭獭軍団二度受(2384102753) -> 但对那里已经没啥印象了 去的时候太小了
2023-08-20 23:15:46 I/UnidbgFetchQsign: Bot(2398493975) request_token, submit success
2023-08-20 23:55:52 I/UnidbgFetchQsign: Bot(2398493975) request_token, submit success
