2023-10-07 00:02:15 V/Bot.2398493975: [獭獭没钱吃饭军团@🎤(887156367)] 獭獭锤子大鸽@被獭獭军团开除(963423936) -> [mirai:image:{E8F56A90-E42B-0B66-C8C6-3F8B37563476}.png, width=1319, height=1036, size=1343279, type=PNG, isEmoji=false]
2023-10-07 00:02:16 V/Bot.2398493975: [獭獭没钱吃饭军团@🎤(887156367)] 獭獭锤子大鸽@被獭獭军团开除(963423936) -> 我真TM服了
2023-10-07 00:03:16 V/Bot.2398493975: [獭獭没钱吃饭军团@🎤(887156367)] 獭獭锤子大鸽@被獭獭军团开除(963423936) -> 又微差吃2
2023-10-07 00:03:17 V/Bot.2398493975: [獭獭没钱吃饭军团@🎤(887156367)] 獭獭锤子大鸽@被獭獭军团开除(963423936) -> 不想玩了
2023-10-07 00:03:52 V/Bot.2398493975: [獭獭没钱吃饭军团@🎤(887156367)] 獭獭锤子大鸽@被獭獭军团开除(963423936) -> [mirai:image:{0706B10E-F6E0-A9B4-8FDA-3C6EB2076759}.png, width=1295, height=811, size=945053, type=PNG, isEmoji=false]
2023-10-07 00:03:54 V/Bot.2398493975: [獭獭没钱吃饭军团@🎤(887156367)] Freeze_Kirin@给獭獭打工军团(768173212) -> [mirai:image:{C2B9835A-B426-00E2-F859-124D34935BF1}.png, width=304, height=240, size=29087, type=GIF, isEmoji=true]
2023-10-07 00:03:56 V/Bot.2398493975: [獭獭没钱吃饭军团@🎤(887156367)] 獭獭锤子大鸽@被獭獭军团开除(963423936) -> [mirai:image:{7C659D43-DA9A-9B1E-6F64-D0CA83C3AF08}.gif, width=308, height=218, size=88602, type=GIF, isEmoji=true]
2023-10-07 00:03:59 V/Bot.2398493975: [獭獭没钱吃饭军团@🎤(887156367)] 獭獭锤子大鸽@被獭獭军团开除(963423936) -> 连吃4个2了
2023-10-07 00:04:00 V/Bot.2398493975: [獭獭没钱吃饭军团@🎤(887156367)] 獭獭锤子大鸽@被獭獭军团开除(963423936) -> 不玩了
2023-10-07 00:04:02 V/Bot.2398493975: [獭獭没钱吃饭军团@🎤(887156367)] Freeze_Kirin@给獭獭打工军团(768173212) -> 麻将就是这么残酷的游戏
2023-10-07 00:04:10 V/Bot.2398493975: [獭獭没钱吃饭军团@🎤(887156367)] Freeze_Kirin@给獭獭打工军团(768173212) -> 只能一个人快乐
2023-10-07 00:04:40 I/UnidbgFetchQsign: Bot(2398493975) request_token, submit success
2023-10-07 00:05:01 V/Bot.2398493975: [獭獭没钱吃饭军团@🎤(887156367)] 优雅猛牛(695150175) -> 只能一个人快乐
2023-10-07 00:05:05 V/Bot.2398493975: [獭獭没钱吃饭军团@🎤(887156367)] 冰水@不会反身跳军团(308217149) -> [mirai:quote:[mirai:source:ids=[79664], internalIds=[733676880], from 472247053 to 887156367 at 1696607138], content=<not yet initialized>][mirai:at:472247053] ？
2023-10-07 00:05:27 V/Bot.2398493975: [獭獭没钱吃饭军团@🎤(887156367)] 冰水@不会反身跳军团(308217149) -> 所以是又炸了？
2023-10-07 00:06:43 V/Bot.2398493975: [獭獭没钱吃饭军团@🎤(887156367)] 哭哭Excel@被獭獭军团开除5次(472247053) -> 对捏
2023-10-07 00:07:04 V/Bot.2398493975: [獭獭没钱吃饭军团@🎤(887156367)] 哭哭Excel@被獭獭军团开除5次(472247053) -> 炸了竟然用里面的东西合成
2023-10-07 00:07:11 V/Bot.2398493975: Event: GroupRecall(bot=Bot(2398493975), authorId=472247053, messageIds=[79695], messageInternalIds=[1601390660], messageTime=1696608424, operator=NormalMember(472247053), group=Group(887156367), author=NormalMember(472247053))
2023-10-07 00:07:16 V/Bot.2398493975: [獭獭没钱吃饭军团@🎤(887156367)] 哭哭Excel@被獭獭军团开除5次(472247053) -> 炸了竟然还能用里面的东西合成
2023-10-07 00:07:37 V/Bot.2398493975: [獭獭没钱吃饭军团@🎤(887156367)] 冰水@不会反身跳军团(308217149) -> 你是不是那天 没加队
2023-10-07 00:07:59 V/Bot.2398493975: [獭獭没钱吃饭军团@🎤(887156367)] 哭哭Excel@被獭獭军团开除5次(472247053) -> 有可能
2023-10-07 00:08:15 V/Bot.2398493975: [獭獭没钱吃饭军团@🎤(887156367)] 冰水@不会反身跳军团(308217149) -> 好像ftb的强加载区块只有队伍里面的人在线才会强加载
2023-10-07 00:08:35 V/Bot.2398493975: [獭獭没钱吃饭军团@🎤(887156367)] 哭哭Excel@被獭獭军团开除5次(472247053) -> anyway
2023-10-07 00:08:45 V/Bot.2398493975: [獭獭没钱吃饭军团@🎤(887156367)] 哭哭Excel@被獭獭军团开除5次(472247053) -> 溜槽怎么也好慢
2023-10-07 00:08:54 V/Bot.2398493975: [獭獭没钱吃饭军团@🎤(887156367)] 冰水@不会反身跳军团(308217149) -> 溜槽一次16个
2023-10-07 00:09:09 V/Bot.2398493975: [獭獭没钱吃饭军团@🎤(887156367)] 冰水@不会反身跳军团(308217149) -> 你觉得慢 我猜可能是因为传送带的速度慢？
2023-10-07 00:09:13 V/Bot.2398493975: [獭獭没钱吃饭军团@🎤(887156367)] 哭哭Excel@被獭獭军团开除5次(472247053) -> 这一排抽屉有没有办法直接打爆
2023-10-07 00:09:26 V/Bot.2398493975: [獭獭没钱吃饭军团@🎤(887156367)] 冰水@不会反身跳军团(308217149) -> shift加连点左键
2023-10-07 00:09:34 V/Bot.2398493975: [獭獭没钱吃饭军团@🎤(887156367)] 哭哭Excel@被獭獭军团开除5次(472247053) -> 。。
2023-10-07 00:09:38 V/Bot.2398493975: [獭獭没钱吃饭军团@🎤(887156367)] 冰水@不会反身跳军团(308217149) -> 然后快速取出）
2023-10-07 00:10:10 V/Bot.2398493975: [獭獭没钱吃饭军团@🎤(887156367)] 冰水@不会反身跳军团(308217149) -> 但是仓库加起来也就十四万容量 悠着点）
2023-10-07 00:15:11 V/Bot.2398493975: [獭獭没钱吃饭军团@🎤(887156367)] 小獭ʕ❍ᴥ❍ʔ獭獭备战北黑复刻军团(1609323331) -> [mirai:at:2461942798] 牌牌
2023-10-07 00:15:26 V/Bot.2398493975: [獭獭没钱吃饭军团@🎤(887156367)] Freeze_Kirin@给獭獭打工军团(768173212) -> 他回去睡觉了
2023-10-07 00:15:38 V/Bot.2398493975: [獭獭没钱吃饭军团@🎤(887156367)] Freeze_Kirin@给獭獭打工军团(768173212) -> [mirai:image:{1438A863-B913-75A8-596B-5833C9C55952}.png, width=724, height=634, size=35558, type=JPG, isEmoji=true]
2023-10-07 00:17:28 V/Bot.2398493975: [獭獭没钱吃饭军团@🎤(887156367)] 獭獭有钱吃饭军团太子(1297471104) -> [mirai:image:{3353950D-B7CD-17B7-C92A-E7FBEABED244}.jpg, width=1080, height=1680, size=127923, type=JPG, isEmoji=false]
2023-10-07 00:18:03 V/Bot.2398493975: [獭獭没钱吃饭军团@🎤(887156367)] 獭獭有钱吃饭军团太子(1297471104) -> 打车92块，平均每人23
2023-10-07 00:18:11 V/Bot.2398493975: [獭獭没钱吃饭军团@🎤(887156367)] 獭獭有钱吃饭军团太子(1297471104) -> 帮我找卡农要钱w
2023-10-07 00:19:00 V/Bot.2398493975: [獭獭没钱吃饭军团@🎤(887156367)] hm@獭獭不走人行道军团(2461942798) -> [mirai:quote:[mirai:source:ids=[79713], internalIds=[590546302], from 1297471104 to 887156367 at 1696609083], content=<not yet initialized>][mirai:at:1297471104] 85
2023-10-07 00:19:21 V/Bot.2398493975: [獭獭没钱吃饭军团@🎤(887156367)] hm@獭獭不走人行道军团(2461942798) -> 应该加起来除以7
2023-10-07 00:19:28 V/Bot.2398493975: [獭獭没钱吃饭军团@🎤(887156367)] hm@獭獭不走人行道军团(2461942798) -> [mirai:image:{AFC6E4DA-4B8F-DE2C-C933-606D21498AA0}.png, width=324, height=300, size=62607, type=GIF, isEmoji=true]
2023-10-07 00:19:35 V/Bot.2398493975: [獭獭没钱吃饭军团@🎤(887156367)] 獭獭有钱吃饭军团太子(1297471104) -> 那就是每个人25.3
2023-10-07 00:19:42 V/Bot.2398493975: [獭獭没钱吃饭军团@🎤(887156367)] 小獭ʕ❍ᴥ❍ʔ獭獭备战北黑复刻军团(1609323331) -> 不给了
2023-10-07 00:19:49 V/Bot.2398493975: [獭獭没钱吃饭军团@🎤(887156367)] 獭獭有钱吃饭军团太子(1297471104) -> 都打给我吧XD我给hm💰
2023-10-07 00:19:54 V/Bot.2398493975: [獭獭没钱吃饭军团@🎤(887156367)] 小獭ʕ❍ᴥ❍ʔ獭獭备战北黑复刻军团(1609323331) -> 胡萝卜：就23了
2023-10-07 00:20:08 V/Bot.2398493975: [獭獭没钱吃饭军团@🎤(887156367)] 獭獭有钱吃饭军团太子(1297471104) -> [mirai:image:{FC86FD76-EAF9-221D-A786-DEDEBD8899A1}.jpg, width=272, height=211, size=76745, type=GIF, isEmoji=true]
2023-10-07 00:23:07 V/Bot.2398493975: [獭獭没钱吃饭军团@🎤(887156367)] 冰水@不会反身跳军团(308217149) -> [mirai:at:472247053] 呐
2023-10-07 00:23:12 V/Bot.2398493975: [獭獭没钱吃饭军团@🎤(887156367)] 冰水@不会反身跳军团(308217149) -> 过一下邀请
2023-10-07 00:24:14 V/Bot.2398493975: [獭獭没钱吃饭军团@🎤(887156367)] 哭哭Excel@被獭獭军团开除5次(472247053) -> 原来可以点。jpg
2023-10-07 00:24:57 V/Bot.2398493975: [獭獭没钱吃饭军团@🎤(887156367)] 冰水@不会反身跳军团(308217149) -> 你再去主城那边 看看终端的控制器那边岩浆有没有在消耗）
2023-10-07 00:25:11 V/Bot.2398493975: [SHT荔枝麻酱协会(493057481)] hzc(2384102753) -> 3=1
2023-10-07 00:25:18 V/Bot.2398493975: [SHT荔枝麻酱协会(493057481)] 卡农变奏(530079804) -> [mirai:image:{AE61D1E2-09B2-5223-A7C5-9256E28BB19C}.png, width=960, height=960, size=53993, type=JPG, isEmoji=true]
2023-10-07 00:25:23 V/Bot.2398493975: [SHT荔枝麻酱协会(493057481)] 冰水 麻将小怨妇(x(308217149) -> ？
2023-10-07 00:25:27 V/Bot.2398493975: [SHT荔枝麻酱协会(493057481)] MEOW@獭獭bot(1609323331) -> [mirai:image:{65FFC450-4D60-8BC3-DFF3-F752109D6214}.png, width=216, height=212, size=12451, type=JPG, isEmoji=false]
2023-10-07 00:25:27 V/Bot.2398493975: [獭獭没钱吃饭军团@🎤(887156367)] 哭哭Excel@被獭獭军团开除5次(472247053) -> 看起来正常了
2023-10-07 00:25:27 V/Bot.2398493975: [SHT荔枝麻酱协会(493057481)] 只困君(768173212) -> ？
2023-10-07 00:25:28 V/Bot.2398493975: [SHT荔枝麻酱协会(493057481)] 4000all！(1846411487) -> ？
2023-10-07 00:25:29 V/Bot.2398493975: [SHT荔枝麻酱协会(493057481)] 冰水 麻将小怨妇(x(308217149) -> 明天继续国庆是吧
2023-10-07 00:25:35 V/Bot.2398493975: [獭獭没钱吃饭军团@🎤(887156367)] 冰水@不会反身跳军团(308217149) -> 好 睡大觉
2023-10-07 00:25:42 V/Bot.2398493975: [SHT荔枝麻酱协会(493057481)] 只困君(768173212) -> 你们明天不上班是吧
2023-10-07 00:25:48 V/Bot.2398493975: [SHT荔枝麻酱协会(493057481)] 4000all！(1846411487) -> 继续传说之夜是吧
2023-10-07 00:25:56 V/Bot.2398493975: [SHT荔枝麻酱协会(493057481)] hzc(2384102753) -> 早十啊
2023-10-07 00:26:04 V/Bot.2398493975: [獭獭没钱吃饭军团@🎤(887156367)] 冰水@不会反身跳军团(308217149) -> 今天挖了18x18区块的空置域 回头想想怎么把地面平了）
2023-10-07 00:26:09 V/Bot.2398493975: [獭獭没钱吃饭军团@🎤(887156367)] 冰水@不会反身跳军团(308217149) -> 还有用它干点啥
2023-10-07 00:27:24 V/Bot.2398493975: [SHT荔枝麻酱协会(493057481)] 只困君(768173212) -> 祝你起得来
2023-10-07 00:27:37 V/Bot.2398493975: [SHT荔枝麻酱协会(493057481)] 4000all！(1846411487) -> 祝你起得来
2023-10-07 00:28:52 V/Bot.2398493975: [獭獭没钱吃饭军团@🎤(887156367)] 冰水@不会反身跳军团(308217149) -> 什么时候加个训练假人 我都不知道现在伤害有多少.jpg
2023-10-07 00:29:02 V/Bot.2398493975: [獭獭没钱吃饭军团@🎤(887156367)] Freeze_Kirin@给獭獭打工军团(768173212) -> [mirai:image:{EE26CDF7-BFD4-C133-AA11-F86288E8CCC8}.png, width=484, height=336, size=45801, type=JPG, isEmoji=true]
2023-10-07 00:29:20 V/Bot.2398493975: [獭獭没钱吃饭军团@🎤(887156367)] 冰水@不会反身跳军团(308217149) -> 哪里指数爆炸了 一万血四十一甲的猪妖被一斧头秒了）
2023-10-07 00:29:21 V/Bot.2398493975: [獭獭没钱吃饭军团@🎤(887156367)] Freeze_Kirin@给獭獭打工军团(768173212) -> 话说这mod里还有啥厉害的弓吗
2023-10-07 00:29:31 V/Bot.2398493975: [獭獭没钱吃饭军团@🎤(887156367)] 冰水@不会反身跳军团(308217149) -> 怎么算伤害都只有六七百
2023-10-07 00:29:45 V/Bot.2398493975: [獭獭没钱吃饭军团@🎤(887156367)] Freeze_Kirin@给獭獭打工军团(768173212) -> ？
2023-10-07 00:29:45 V/Bot.2398493975: [SHT荔枝麻酱协会(493057481)] naf2021(3469392519) -> 快进到500all
2023-10-07 00:29:50 V/Bot.2398493975: [SHT荔枝麻酱协会(493057481)] naf2021(3469392519) -> [mirai:image:{43CF5E2E-9277-1C9B-79EB-FA86E5665C9D}.jpg, width=160, height=149, size=2742, type=JPG, isEmoji=true]
2023-10-07 00:29:52 V/Bot.2398493975: [獭獭没钱吃饭军团@🎤(887156367)] 冰水@不会反身跳军团(308217149) -> 没有特别厉害的 但是普通厉害的应该有）
2023-10-07 00:30:04 V/Bot.2398493975: [獭獭没钱吃饭军团@🎤(887156367)] 冰水@不会反身跳军团(308217149) -> 明天（要是有空玩游戏）的话搓一个
2023-10-07 00:30:13 V/Bot.2398493975: [獭獭没钱吃饭军团@🎤(887156367)] 冰水@不会反身跳军团(308217149) -> 寂静工具好像有弓模板
2023-10-07 00:30:14 V/Bot.2398493975: [SHT荔枝麻酱协会(493057481)] 4000all！(1846411487) -> 快进到600all
2023-10-07 00:30:14 V/Bot.2398493975: [獭獭没钱吃饭军团@🎤(887156367)] Freeze_Kirin@给獭獭打工军团(768173212) -> [mirai:image:{DF342941-9506-24CB-D89E-2731E7D4D0BE}.png, width=306, height=265, size=125965, type=GIF, isEmoji=true]
2023-10-07 00:30:28 V/Bot.2398493975: [SHT荔枝麻酱协会(493057481)] hzc(2384102753) -> ？
2023-10-07 00:30:30 V/Bot.2398493975: [獭獭没钱吃饭军团@🎤(887156367)] Freeze_Kirin@给獭獭打工军团(768173212) -> 我要当第一速射手x
2023-10-07 00:30:33 V/Bot.2398493975: [獭獭没钱吃饭军团@🎤(887156367)] 冰水@不会反身跳军团(308217149) -> 不知道和终极精华的哪个强
2023-10-07 00:30:49 V/Bot.2398493975: [獭獭没钱吃饭军团@🎤(887156367)] 小獭ʕ❍ᴥ❍ʔ獭獭备战北黑复刻军团(1609323331) -> 冰子快来
2023-10-07 00:30:53 V/Bot.2398493975: [獭獭没钱吃饭军团@🎤(887156367)] 小獭ʕ❍ᴥ❍ʔ獭獭备战北黑复刻军团(1609323331) -> q1
2023-10-07 00:30:55 V/Bot.2398493975: [獭獭没钱吃饭军团@🎤(887156367)] 小獭ʕ❍ᴥ❍ʔ獭獭备战北黑复刻军团(1609323331) -> [mirai:image:{5C7A54E9-8640-F26B-851D-C9A1902DB739}.png, width=384, height=384, size=18341, type=JPG, isEmoji=true]
2023-10-07 00:30:59 V/Bot.2398493975: [獭獭没钱吃饭军团@🎤(887156367)] 冰水@不会反身跳军团(308217149) -> ？
2023-10-07 00:31:06 V/Bot.2398493975: [獭獭没钱吃饭军团@🎤(887156367)] 冰水@不会反身跳军团(308217149) -> 明天假期结束了
2023-10-07 00:31:26 V/Bot.2398493975: [獭獭没钱吃饭军团@🎤(887156367)] 小獭ʕ❍ᴥ❍ʔ獭獭备战北黑复刻军团(1609323331) -> 假期最后一把
2023-10-07 00:31:28 V/Bot.2398493975: [獭獭没钱吃饭军团@🎤(887156367)] 小獭ʕ❍ᴥ❍ʔ獭獭备战北黑复刻军团(1609323331) -> [mirai:image:{FB9C65FB-5685-1B12-1B13-836B38246164}.png, width=292, height=205, size=61102, type=GIF, isEmoji=true]
2023-10-07 00:34:31 V/Bot.2398493975: [SHT荔枝麻酱协会(493057481)] 大可奇丽(1485280964) -> ？
2023-10-07 00:34:59 V/Bot.2398493975: [SHT荔枝麻酱协会(493057481)] 4000all！(1846411487) -> 快进到东一八连庄
2023-10-07 00:35:01 V/Bot.2398493975: [SHT荔枝麻酱协会(493057481)] 4000all！(1846411487) -> [汪汪]
2023-10-07 00:37:33 V/Bot.2398493975: [獭獭没钱吃饭军团@🎤(887156367)] 冰水@不会反身跳军团(308217149) -> 突然想起来冬隐归路开播了 计划有变 等等再睡
2023-10-07 00:37:40 V/Bot.2398493975: [獭獭没钱吃饭军团@🎤(887156367)] Freeze_Kirin@给獭獭打工军团(768173212) -> ！
2023-10-07 00:37:47 V/Bot.2398493975: [獭獭没钱吃饭军团@🎤(887156367)] 哭哭Excel@被獭獭军团开除5次(472247053) -> ！
2023-10-07 00:37:49 V/Bot.2398493975: [獭獭没钱吃饭军团@🎤(887156367)] Freeze_Kirin@给獭獭打工军团(768173212) -> 计划有变！
2023-10-07 00:37:53 V/Bot.2398493975: [獭獭没钱吃饭军团@🎤(887156367)] 小獭ʕ❍ᴥ❍ʔ獭獭备战北黑复刻军团(1609323331) -> 过来看
2023-10-07 00:38:05 V/Bot.2398493975: [獭獭没钱吃饭军团@🎤(887156367)] Freeze_Kirin@给獭獭打工军团(768173212) -> 有无会议一起看环节
2023-10-07 00:38:09 V/Bot.2398493975: [獭獭没钱吃饭军团@🎤(887156367)] 小獭ʕ❍ᴥ❍ʔ獭獭备战北黑复刻军团(1609323331) -> 有大电视
2023-10-07 00:38:17 V/Bot.2398493975: [獭獭没钱吃饭军团@🎤(887156367)] 小獭ʕ❍ᴥ❍ʔ獭獭备战北黑复刻军团(1609323331) -> [mirai:image:{FB9C65FB-5685-1B12-1B13-836B38246164}.png, width=292, height=205, size=61102, type=GIF, isEmoji=true]
2023-10-07 00:39:02 V/Bot.2398493975: [SHT荔枝麻酱协会(493057481)] hzc(2384102753) -> 来玩最后一把[mirai:at:1846411487] 
2023-10-07 00:39:26 V/Bot.2398493975: [SHT荔枝麻酱协会(493057481)] 4000all！(1846411487) -> 我明天早九
2023-10-07 00:39:30 V/Bot.2398493975: [SHT荔枝麻酱协会(493057481)] 4000all！(1846411487) -> 再见了您嘞
2023-10-07 00:39:33 V/Bot.2398493975: [SHT荔枝麻酱协会(493057481)] 4000all！(1846411487) -> [汪汪]
2023-10-07 00:40:13 V/Bot.2398493975: [SHT荔枝麻酱协会(493057481)] 4000all！(1846411487) -> 你们可以打三麻 [汪汪]
2023-10-07 00:44:46 I/UnidbgFetchQsign: Bot(2398493975) request_token, submit success
2023-10-07 00:48:27 V/Bot.2398493975: [獭獭没钱吃饭军团@🎤(887156367)] 哭哭Excel@被獭獭军团开除5次(472247053) -> [mirai:image:{E9C942E7-460B-C912-8CEC-129F6CE68A3A}.png, width=1672, height=917, size=693332, type=PNG, isEmoji=false][mirai:image:{FB9C65FB-5685-1B12-1B13-836B38246164}.png, width=292, height=205, size=61102, type=GIF, isEmoji=false]
2023-10-07 00:59:28 V/Bot.2398493975: [獭獭没钱吃饭军团@🎤(887156367)] Freeze_Kirin@给獭獭打工军团(768173212) -> 看完了
2023-10-07 00:59:32 V/Bot.2398493975: [獭獭没钱吃饭军团@🎤(887156367)] Freeze_Kirin@给獭獭打工军团(768173212) -> [mirai:image:{FB9C65FB-5685-1B12-1B13-836B38246164}.png, width=292, height=205, size=61102, type=GIF, isEmoji=true]
2023-10-07 00:59:42 V/Bot.2398493975: [獭獭没钱吃饭军团@🎤(887156367)] 小獭ʕ❍ᴥ❍ʔ獭獭备战北黑复刻军团(1609323331) -> 睡不着了（热
2023-10-07 00:59:47 V/Bot.2398493975: [獭獭没钱吃饭军团@🎤(887156367)] Freeze_Kirin@给獭獭打工军团(768173212) -> 霜星 我的霜星
2023-10-07 00:59:48 V/Bot.2398493975: [獭獭没钱吃饭军团@🎤(887156367)] 小獭ʕ❍ᴥ❍ʔ獭獭备战北黑复刻军团(1609323331) -> [mirai:image:{8AFCF605-FDCE-9015-3438-526A21D02EF5}.png, width=300, height=192, size=8379, type=JPG, isEmoji=true]
2023-10-07 01:03:43 V/Bot.2398493975: [獭獭没钱吃饭军团@🎤(887156367)] 冰水@不会反身跳军团(308217149) -> 这个ED
2023-10-07 01:03:48 V/Bot.2398493975: [獭獭没钱吃饭军团@🎤(887156367)] 冰水@不会反身跳军团(308217149) -> 3D小兵
2023-10-07 01:03:52 V/Bot.2398493975: [獭獭没钱吃饭军团@🎤(887156367)] 冰水@不会反身跳军团(308217149) -> 有点没绷住）
2023-10-07 01:04:05 V/Bot.2398493975: [獭獭没钱吃饭军团@🎤(887156367)] Freeze_Kirin@给獭獭打工军团(768173212) -> 能动就行！
2023-10-07 01:04:33 V/Bot.2398493975: [獭獭没钱吃饭军团@🎤(887156367)] 冰水@不会反身跳军团(308217149) -> 正片作画还行吧 就是东西讲的太跳了）
2023-10-07 01:04:42 V/Bot.2398493975: [獭獭没钱吃饭军团@🎤(887156367)] Freeze_Kirin@给獭獭打工军团(768173212) -> 还好吧
2023-10-07 01:04:44 V/Bot.2398493975: [獭獭没钱吃饭军团@🎤(887156367)] 冰水@不会反身跳军团(308217149) -> 标准的二游改编模式.jpg
2023-10-07 01:05:03 V/Bot.2398493975: [獭獭没钱吃饭军团@🎤(887156367)] Freeze_Kirin@给獭獭打工军团(768173212) -> 本来第四章讲的就是遭遇霜星
2023-10-07 01:05:44 V/Bot.2398493975: [獭獭没钱吃饭军团@🎤(887156367)] Freeze_Kirin@给獭獭打工军团(768173212) -> 我现在只关心这一季多少集
2023-10-07 01:06:01 V/Bot.2398493975: [獭獭没钱吃饭军团@🎤(887156367)] Freeze_Kirin@给獭獭打工军团(768173212) -> 12集的话刚好最后一集12.23，赶得上圣诞（）
2023-10-07 01:08:36 V/Bot.2398493975: [獭獭没钱吃饭军团@🎤(887156367)] 冰水@不会反身跳军团(308217149) -> 记得之前送审是8集的）
2023-10-07 01:08:45 V/Bot.2398493975: [獭獭没钱吃饭军团@🎤(887156367)] Freeze_Kirin@给獭獭打工军团(768173212) -> [mirai:image:{069A1F5C-14BA-0826-B338-1A6034F01F8D}.png, width=368, height=286, size=88620, type=GIF, isEmoji=true]
2023-10-07 01:24:47 I/UnidbgFetchQsign: Bot(2398493975) request_token, submit success
2023-10-07 02:04:48 I/UnidbgFetchQsign: Bot(2398493975) request_token, submit success
2023-10-07 02:44:54 I/UnidbgFetchQsign: Bot(2398493975) request_token, submit success
2023-10-07 03:24:55 I/UnidbgFetchQsign: Bot(2398493975) request_token, submit success
2023-10-07 04:04:55 I/UnidbgFetchQsign: Bot(2398493975) request_token, submit success
2023-10-07 04:45:01 I/UnidbgFetchQsign: Bot(2398493975) request_token, submit success
2023-10-07 05:25:02 I/UnidbgFetchQsign: Bot(2398493975) request_token, submit success
2023-10-07 06:05:03 I/UnidbgFetchQsign: Bot(2398493975) request_token, submit success
2023-10-07 06:45:09 I/UnidbgFetchQsign: Bot(2398493975) request_token, submit success
2023-10-07 07:25:10 I/UnidbgFetchQsign: Bot(2398493975) request_token, submit success
2023-10-07 08:05:10 I/UnidbgFetchQsign: Bot(2398493975) request_token, submit success
2023-10-07 08:45:16 I/UnidbgFetchQsign: Bot(2398493975) request_token, submit success
2023-10-07 09:25:17 I/UnidbgFetchQsign: Bot(2398493975) request_token, submit success
2023-10-07 09:40:23 V/Bot.2398493975: [獭獭没钱吃饭军团@🎤(887156367)] lax@牛牛道心破碎军团(269418386) -> 还没从放假缓回来
2023-10-07 09:40:28 V/Bot.2398493975: [獭獭没钱吃饭军团@🎤(887156367)] lax@牛牛道心破碎军团(269418386) -> 想睡觉
2023-10-07 09:41:23 V/Bot.2398493975: [獭獭没钱吃饭军团@🎤(887156367)] 萝卜@萝卜軍団(690875992) -> 有人喜欢玩cosplay吗，你cos我去上七天班，我再play九天
2023-10-07 09:41:29 V/Bot.2398493975: [獭獭没钱吃饭军团@🎤(887156367)] 萝卜@萝卜軍団(690875992) -> 找人cos你
2023-10-07 09:41:34 V/Bot.2398493975: [獭獭没钱吃饭军团@🎤(887156367)] 萝卜@萝卜軍団(690875992) -> [mirai:image:{5CEDC535-1B5E-97DB-537F-65DF8B43E33E}.gif, width=370, height=298, size=152916, type=GIF, isEmoji=true]
2023-10-07 09:45:55 V/Bot.2398493975: [獭獭没钱吃饭军团@🎤(887156367)] 獭獭锤子大鸽@被獭獭军团开除(963423936) -> 已经在办公室摸鱼了
2023-10-07 09:46:22 V/Bot.2398493975: [獭獭没钱吃饭军团@🎤(887156367)] 冰水@不会反身跳军团(308217149) -> 困困
2023-10-07 09:46:26 V/Bot.2398493975: [獭獭没钱吃饭军团@🎤(887156367)] 萝卜@萝卜軍団(690875992) -> [mirai:app:{"app":"com.tencent.map","config":{"autosize":false,"ctime":1696643186,"forward":true,"token":"d6c7442fce956537db838a3177a2cd75","type":"normal"},"desc":"","from":1,"meta":{"Location.Search":{"address":"上海市浦东新区五洲北路","enum_relation_type":1,"from":"plusPanel","from_account":690875992,"id":"","lat":"31.150127","lng":"121.802018","name":"上海浦东国际机场T1航站楼","uint64_peer_account":887156367}},"prompt":"[位置]上海浦东国际机场T1航站楼","ver":"1.1.2.21","view":"LocationShare"}
]
2023-10-07 09:46:32 V/Bot.2398493975: [獭獭没钱吃饭军团@🎤(887156367)] 萝卜@萝卜軍団(690875992) -> 得赶回去
2023-10-07 09:46:34 V/Bot.2398493975: [獭獭没钱吃饭军团@🎤(887156367)] 萝卜@萝卜軍団(690875992) -> [mirai:image:{87EEFC8B-C429-BFE4-DAFE-240D508AABCB}.gif, width=368, height=288, size=183490, type=GIF, isEmoji=true]
2023-10-07 09:47:10 V/Bot.2398493975: [獭獭没钱吃饭军团@🎤(887156367)] lax@牛牛道心破碎军团(269418386) -> 在开会
2023-10-07 10:05:18 I/UnidbgFetchQsign: Bot(2398493975) request_token, submit success
2023-10-07 10:05:28 I/Bot.2398493975: Saved account secrets to local cache for fast login.
2023-10-07 10:38:41 V/Bot.2398493975: [SHT荔枝麻酱协会(493057481)] .(522052997) -> 所以海洋大学昨天自摸了大三元但还是吃四了吗
2023-10-07 10:40:36 V/Bot.2398493975: [獭獭没钱吃饭军团@🎤(887156367)] 獭獭锤子大鸽@被獭獭军团开除(963423936) -> [不支持的消息#-335792614][mirai:image:{87EEFC8B-C429-BFE4-DAFE-240D508AABCB}.jpg, width=368, height=288, size=183490, type=GIF, isEmoji=false]
2023-10-07 10:42:05 V/Bot.2398493975: [SHT荔枝麻酱协会(493057481)] 寒意凉凉(2293528376) -> 全靠奶奶是没有用的（）
2023-10-07 10:42:09 V/Bot.2398493975: [SHT荔枝麻酱协会(493057481)] 宛小鱼（友人场请呼唤我）(1249776943) -> ！jrrp
2023-10-07 10:42:11 V/Bot.2398493975: Group(493057481) <- 今日人品：凶
今日适宜役种：役牌
(为防止刷屏，一日内不可多次查询哦！)
2023-10-07 10:42:21 V/Bot.2398493975: [SHT荔枝麻酱协会(493057481)] 4000all！(1846411487) -> ！jrrp
2023-10-07 10:42:22 V/Bot.2398493975: Group(493057481) <- 今日人品：小吉
今日适宜役种：平和
(为防止刷屏，一日内不可多次查询哦！)
2023-10-07 10:45:18 V/Bot.2398493975: [SHT荔枝麻酱协会(493057481)] PULL THEM TO THEIR GRAVE !(522166330) -> ！jrrp
2023-10-07 10:45:24 I/UnidbgFetchQsign: Bot(2398493975) request_token, submit success
2023-10-07 10:45:25 V/Bot.2398493975: Group(493057481) <- 今日人品：吉
今日适宜役种：役牌
(为防止刷屏，一日内不可多次查询哦！)
2023-10-07 10:58:07 V/Bot.2398493975: [SHT荔枝麻酱协会(493057481)] 殒落凡尘的星(2510816477) -> ！jrrp
2023-10-07 10:58:08 V/Bot.2398493975: Group(493057481) <- 今日人品：小吉
今日适宜役种：三暗刻
(为防止刷屏，一日内不可多次查询哦！)
2023-10-07 10:59:01 V/Bot.2398493975: [SHT荔枝麻酱协会(493057481)] Twilight(1014197424) -> ！jrrp
2023-10-07 10:59:02 V/Bot.2398493975: Group(493057481) <- 今日人品：吉
今日适宜役种：役牌
(为防止刷屏，一日内不可多次查询哦！)
2023-10-07 10:59:19 V/Bot.2398493975: [獭獭没钱吃饭军团@🎤(887156367)] hzc@獭獭軍団二度受(2384102753) -> [mirai:image:{8AFCF605-FDCE-9015-3438-526A21D02EF5}.png, width=300, height=192, size=8379, type=JPG, isEmoji=true]
2023-10-07 10:59:28 V/Bot.2398493975: [獭獭没钱吃饭军团@🎤(887156367)] 小獭ʕ❍ᴥ❍ʔ獭獭备战北黑复刻军团(1609323331) -> [mirai:image:{8AFCF605-FDCE-9015-3438-526A21D02EF5}.png, width=300, height=192, size=8379, type=JPG, isEmoji=true]
2023-10-07 11:00:13 V/Bot.2398493975: [獭獭没钱吃饭军团@🎤(887156367)] Freeze_Kirin@给獭獭打工军团(768173212) -> [mirai:image:{3E7132AD-9411-3100-E321-2A2F02BFB734}.png, width=492, height=299, size=7101, type=JPG, isEmoji=false]
2023-10-07 11:00:35 V/Bot.2398493975: [獭獭没钱吃饭军团@🎤(887156367)] 萝卜@萝卜軍団(690875992) -> 把啊改成了
2023-10-07 11:00:43 V/Bot.2398493975: [獭獭没钱吃饭军团@🎤(887156367)] hzc@獭獭軍団二度受(2384102753) -> 我早起来了
2023-10-07 11:01:01 V/Bot.2398493975: [獭獭没钱吃饭军团@🎤(887156367)] hzc@獭獭軍団二度受(2384102753) -> 一起来直接去上课 手机都没看
2023-10-07 11:01:38 V/Bot.2398493975: [獭獭没钱吃饭军团@🎤(887156367)] 小獭ʕ❍ᴥ❍ʔ獭獭备战北黑复刻军团(1609323331) -> [mirai:image:{AFC6E4DA-4B8F-DE2C-C933-606D21498AA0}.png, width=324, height=300, size=62607, type=GIF, isEmoji=true]
2023-10-07 11:01:49 V/Bot.2398493975: [獭獭没钱吃饭军团@🎤(887156367)] 萝卜@萝卜軍団(690875992) -> [mirai:image:{F6E21413-403B-EE7E-6AC8-F4A3FE6E8087}.jpg, width=1639, height=460, size=62854, type=JPG, isEmoji=false]
2023-10-07 11:01:51 V/Bot.2398493975: [獭獭没钱吃饭军团@🎤(887156367)] 萝卜@萝卜軍団(690875992) -> 还有一个小时
2023-10-07 11:01:55 V/Bot.2398493975: [獭獭没钱吃饭军团@🎤(887156367)] 萝卜@萝卜軍団(690875992) -> 就要被退学了
2023-10-07 11:02:00 V/Bot.2398493975: [獭獭没钱吃饭军团@🎤(887156367)] 萝卜@萝卜軍団(690875992) -> 抓紧时间
2023-10-07 11:02:28 V/Bot.2398493975: [獭獭没钱吃饭军团@🎤(887156367)] 小獭ʕ❍ᴥ❍ʔ獭獭备战北黑复刻军团(1609323331) -> [mirai:image:{04AA33CB-931E-C1F2-EC30-4A2718268594}.png, width=370, height=292, size=89543, type=GIF, isEmoji=true]
2023-10-07 11:02:33 V/Bot.2398493975: [獭獭没钱吃饭军团@🎤(887156367)] 獭獭锤子大鸽@被獭獭军团开除(963423936) -> [不支持的消息#-1089261189][mirai:image:{EE7C88BA-DAF0-6A2D-E286-3A059788806D}.jpg, width=370, height=292, size=77327, type=GIF, isEmoji=false]
2023-10-07 11:02:41 V/Bot.2398493975: [獭獭没钱吃饭军团@🎤(887156367)] 獭獭锤子大鸽@被獭獭军团开除(963423936) -> 萝卜出什么情况了
2023-10-07 11:02:53 V/Bot.2398493975: [獭獭没钱吃饭军团@🎤(887156367)] 小獭ʕ❍ᴥ❍ʔ獭獭备战北黑复刻军团(1609323331) -> 懒卜
2023-10-07 11:03:07 V/Bot.2398493975: [獭獭没钱吃饭军团@🎤(887156367)] 萝卜@萝卜軍団(690875992) -> 因为我还没交学费
2023-10-07 11:03:17 V/Bot.2398493975: [獭獭没钱吃饭军团@🎤(887156367)] Freeze_Kirin@给獭獭打工军团(768173212) -> 那赶紧交啊
2023-10-07 11:03:22 V/Bot.2398493975: [獭獭没钱吃饭军团@🎤(887156367)] 萝卜@萝卜軍団(690875992) -> 对
2023-10-07 11:03:26 V/Bot.2398493975: [獭獭没钱吃饭军团@🎤(887156367)] 萝卜@萝卜軍団(690875992) -> 在交
2023-10-07 11:03:29 V/Bot.2398493975: [獭獭没钱吃饭军团@🎤(887156367)] 小獭ʕ❍ᴥ❍ʔ獭獭备战北黑复刻军团(1609323331) -> [mirai:image:{E1BD34B2-AECA-D2D7-C79D-B13370EC13FF}.png, width=234, height=210, size=10209, type=JPG, isEmoji=true]
2023-10-07 11:03:32 V/Bot.2398493975: [獭獭没钱吃饭军团@🎤(887156367)] Freeze_Kirin@给獭獭打工军团(768173212) -> 不然论文都没发出去人就要自动毕业了（
2023-10-07 11:03:40 V/Bot.2398493975: [獭獭没钱吃饭军团@🎤(887156367)] 萝卜@萝卜軍団(690875992) -> [mirai:image:{891AD177-DC41-3E00-CE20-066D811075CF}.jpg, width=234, height=210, size=9746, type=JPG, isEmoji=true]
2023-10-07 11:03:59 V/Bot.2398493975: [獭獭没钱吃饭军团@🎤(887156367)] 獭獭锤子大鸽@被獭獭军团开除(963423936) -> [不支持的消息#-107287986][mirai:image:{891AD177-DC41-3E00-CE20-066D811075CF}.jpg, width=234, height=210, size=9746, type=JPG, isEmoji=false]
2023-10-07 11:04:15 V/Bot.2398493975: [獭獭没钱吃饭军团@🎤(887156367)] Freeze_Kirin@给獭獭打工军团(768173212) -> 为什么你的这么大
2023-10-07 11:04:30 V/Bot.2398493975: [獭獭没钱吃饭军团@🎤(887156367)] Freeze_Kirin@给獭獭打工军团(768173212) -> [mirai:image:{70DC0445-D233-F6DF-6484-A89AECEBBED0}.png, width=1290, height=2796, size=202807, type=JPG, isEmoji=false]
2023-10-07 11:04:32 V/Bot.2398493975: [獭獭没钱吃饭军团@🎤(887156367)] Freeze_Kirin@给獭獭打工军团(768173212) -> 大傻冒
2023-10-07 11:11:14 V/Bot.2398493975: [獭獭没钱吃饭军团@🎤(887156367)] zz@獺獺軍団(771507043) -> os老师说有什么linux种类可以用为什么说了red hat和fedora和centos，那redhat只能指rhel了
2023-10-07 11:13:03 V/Bot.2398493975: [SHT荔枝麻酱协会(493057481)] 牙牙(1105692313) -> ！jrrp
2023-10-07 11:13:04 V/Bot.2398493975: Group(493057481) <- 今日人品：凶
今日适宜役种：役牌
(为防止刷屏，一日内不可多次查询哦！)
2023-10-07 11:22:51 V/Bot.2398493975: [獭獭没钱吃饭军团@🎤(887156367)] lax@牛牛道心破碎军团(269418386) -> 学费不是放在学校的卡里面他自己扣然后自己还给你的吗
2023-10-07 11:25:24 I/UnidbgFetchQsign: Bot(2398493975) request_token, submit success
2023-10-07 11:26:28 V/Bot.2398493975: [獭獭没钱吃饭军团@🎤(887156367)] 獭獭锤子大鸽@被獭獭军团开除(963423936) -> [mirai:app:{
  "config" : {
    "height" : 0,
    "forward" : 1,
    "ctime" : 1696649186,
    "width" : 0,
    "type" : "normal",
    "token" : "dfde0456a6f97bed0730dabe54e09d22",
    "autoSize" : 0
  },
  "prompt" : "[QQ小程序]DOTA2亚运解说：从入门到精通",
  "app" : "com.tencent.miniapp_01",
  "ver" : "1.0.1.46",
  "appID" : "100951776",
  "view" : "view_8C8E89B49BE609866298ADDFF2DBABA4",
  "meta" : {
    "detail_1" : {
      "appid" : "1109937557",
      "preview" : "https:\/\/pic.ugcimg.cn\/50f8aca9e3a0269e9ccf6030732f9b97\/jpg1",
      "shareTemplateData" : {

      },
      "gamePointsUrl" : "",
      "gamePoints" : "",
      "url" : "m.q.qq.com\/a\/s\/8e2d61de6ece9e852cb3e0404e4ec5a9",
      "appType" : 0,
      "desc" : "DOTA2亚运解说：从入门到精通",
      "title" : "哔哩哔哩",
      "scene" : 1036,
      "host" : {
        "uin" : 963423936,
        "nick" : "小红今天早饭了吗"
      },
      "icon" : "https:\/\/open.gtimg.cn\/open\/app_icon\/00\/95\/17\/76\/100951776_100_m.png?t=1695779018",
      "shareTemplateId" : "8C8E89B49BE609866298ADDFF2DBABA4",
      "qqdocurl" : "https:\/\/b23.tv\/uKWdrQk",
      "showLittleTail" : ""
    }
  },
  "bthirdappforward" : true,
  "bthirdappforwardforbackendswitch" : true,
  "desc" : ""
}]
2023-10-07 11:26:32 V/Bot.2398493975: [獭獭没钱吃饭军团@🎤(887156367)] 獭獭锤子大鸽@被獭獭军团开除(963423936) -> 笑死我了
2023-10-07 11:27:02 V/Bot.2398493975: [SHT荔枝麻酱协会(493057481)] Haha呵呵(1428547119) -> ！jrrp
2023-10-07 11:27:03 V/Bot.2398493975: Group(493057481) <- 今日人品：大吉
今日适宜役种：三暗刻
(为防止刷屏，一日内不可多次查询哦！)
2023-10-07 11:29:55 V/Bot.2398493975: [SHT荔枝麻酱协会(493057481)] 1st(576851388) -> ！jrrp
2023-10-07 11:29:56 V/Bot.2398493975: Group(493057481) <- 今日人品：吉
今日适宜役种：三色同顺
(为防止刷屏，一日内不可多次查询哦！)
2023-10-07 11:30:09 V/Bot.2398493975: [獭獭没钱吃饭军团@🎤(887156367)] Freeze_Kirin@给獭獭打工军团(768173212) -> 得分！狠狠地得！
2023-10-07 11:30:18 V/Bot.2398493975: [獭獭没钱吃饭军团@🎤(887156367)] Freeze_Kirin@给獭獭打工军团(768173212) -> [mirai:image:{217DA165-D46A-8E3E-25F3-56A3137987A6}.png, width=512, height=512, size=198717, type=GIF, isEmoji=true]
2023-10-07 11:31:16 V/Bot.2398493975: [獭獭没钱吃饭军团@🎤(887156367)] 优雅猛牛(695150175) -> 得分
2023-10-07 11:31:20 V/Bot.2398493975: [獭獭没钱吃饭军团@🎤(887156367)] 优雅猛牛(695150175) -> 狠狠的得分
2023-10-07 11:31:26 V/Bot.2398493975: [獭獭没钱吃饭军团@🎤(887156367)] 獭獭锤子大鸽@被獭獭军团开除(963423936) -> 击倒！
2023-10-07 11:31:31 V/Bot.2398493975: [獭獭没钱吃饭军团@🎤(887156367)] 獭獭锤子大鸽@被獭獭军团开除(963423936) -> 得分！
2023-10-07 11:31:53 V/Bot.2398493975: [獭獭没钱吃饭军团@🎤(887156367)] 优雅猛牛(695150175) -> 英雄联盟呢
2023-10-07 11:32:03 V/Bot.2398493975: [獭獭没钱吃饭军团@🎤(887156367)] lax@牛牛道心破碎军团(269418386) -> 你们没看总决赛吗
2023-10-07 11:32:05 V/Bot.2398493975: [獭獭没钱吃饭军团@🎤(887156367)] lax@牛牛道心破碎军团(269418386) -> 那弹幕 笑死了
2023-10-07 11:32:20 V/Bot.2398493975: [獭獭没钱吃饭军团@🎤(887156367)] lax@牛牛道心破碎军团(269418386) -> lol已经成熟了
2023-10-07 11:33:00 V/Bot.2398493975: [獭獭没钱吃饭军团@🎤(887156367)] 优雅猛牛(695150175) -> 哈哈哈
2023-10-07 11:46:14 V/Bot.2398493975: [獭獭没钱吃饭军团@🎤(887156367)] 小獭ʕ❍ᴥ❍ʔ獭獭备战北黑复刻军团(1609323331) -> [mirai:image:{B0C4908F-7B25-5581-DE55-0999A98D580C}.png, width=868, height=710, size=533105, type=GIF, isEmoji=true]
2023-10-07 11:46:17 V/Bot.2398493975: [獭獭没钱吃饭军团@🎤(887156367)] 小獭ʕ❍ᴥ❍ʔ獭獭备战北黑复刻军团(1609323331) -> [mirai:image:{1FBDBB1A-70AF-1063-EC75-0E0A32AE1379}.png, width=180, height=180, size=45466, type=GIF, isEmoji=true]
2023-10-07 11:46:34 V/Bot.2398493975: [獭獭没钱吃饭军团@🎤(887156367)] zz@獺獺軍団(771507043) -> [mirai:image:{1FBDBB1A-70AF-1063-EC75-0E0A32AE1379}.png, width=180, height=180, size=45466, type=GIF, isEmoji=true]
2023-10-07 12:05:25 I/UnidbgFetchQsign: Bot(2398493975) request_token, submit success
2023-10-07 12:19:56 V/Bot.2398493975: [獭獭没钱吃饭军团@🎤(887156367)] 小獭ʕ❍ᴥ❍ʔ獭獭备战北黑复刻军团(1609323331) -> [mirai:image:{1FBDBB1A-70AF-1063-EC75-0E0A32AE1379}.png, width=180, height=180, size=45466, type=GIF, isEmoji=true]
2023-10-07 12:40:57 V/Bot.2398493975: [SHT荔枝麻酱协会(493057481)] 大可奇丽(1485280964) -> ！jrrp
2023-10-07 12:40:59 V/Bot.2398493975: Group(493057481) <- 今日人品：大凶
今日适宜役种：立直
(为防止刷屏，一日内不可多次查询哦！)
2023-10-07 12:41:08 V/Bot.2398493975: [SHT荔枝麻酱协会(493057481)] 大可奇丽(1485280964) -> [mirai:image:{0CEF1444-D9A3-01C0-B22B-962AF3666C65}.jpg, width=46, height=61, size=1421, type=JPG, isEmoji=true]
2023-10-07 12:41:21 V/Bot.2398493975: [SHT荔枝麻酱协会(493057481)] 冰水 麻将小怨妇(x(308217149) -> ！jrrp
2023-10-07 12:41:22 V/Bot.2398493975: Group(493057481) <- 今日人品：大凶
今日适宜役种：一杯口
(为防止刷屏，一日内不可多次查询哦！)
2023-10-07 12:43:01 V/Bot.2398493975: [SHT荔枝麻酱协会(493057481)] MEOW@獭獭bot(1609323331) -> ！jrrp
2023-10-07 12:43:02 V/Bot.2398493975: Group(493057481) <- 今日人品：吉
今日适宜役种：一杯口
(为防止刷屏，一日内不可多次查询哦！)
2023-10-07 12:45:31 I/UnidbgFetchQsign: Bot(2398493975) request_token, submit success
2023-10-07 12:48:33 V/Bot.2398493975: [獭獭没钱吃饭军团@🎤(887156367)] hzc@獭獭軍団二度受(2384102753) -> 吃完了
2023-10-07 12:49:09 V/Bot.2398493975: [獭獭没钱吃饭军团@🎤(887156367)] 小獭ʕ❍ᴥ❍ʔ獭獭备战北黑复刻军团(1609323331) -> 吃完了
2023-10-07 12:52:11 V/Bot.2398493975: [獭獭没钱吃饭军团@🎤(887156367)] Freeze_Kirin@给獭獭打工军团(768173212) -> 吃完了
2023-10-07 12:52:45 V/Bot.2398493975: [獭獭没钱吃饭军团@🎤(887156367)] 獭獭有钱吃饭军团太子(1297471104) -> 吃完了
2023-10-07 12:52:59 V/Bot.2398493975: [獭獭没钱吃饭军团@🎤(887156367)] 优雅猛牛(695150175) -> 吃完了
2023-10-07 12:53:34 V/Bot.2398493975: [獭獭没钱吃饭军团@🎤(887156367)] zz@獺獺軍団(771507043) -> 吃完了
2023-10-07 12:58:09 V/Bot.2398493975: [SHT荔枝麻酱协会(493057481)] 晨 飔(859073042) -> ！jrrp
2023-10-07 12:58:10 V/Bot.2398493975: Group(493057481) <- 今日人品：凶
今日适宜役种：门前淸自摸和
(为防止刷屏，一日内不可多次查询哦！)
2023-10-07 12:58:56 V/Bot.2398493975: [SHT荔枝麻酱协会(493057481)] 冰水 麻将小怨妇(x(308217149) -> 这bot杀心很重啊）
2023-10-07 12:59:09 V/Bot.2398493975: [SHT荔枝麻酱协会(493057481)] hzc(2384102753) -> ！jrrp
2023-10-07 12:59:10 V/Bot.2398493975: Group(493057481) <- 今日人品：小吉
今日适宜役种：一气通贯
(为防止刷屏，一日内不可多次查询哦！)
2023-10-07 12:59:27 V/Bot.2398493975: [SHT荔枝麻酱协会(493057481)] zz(771507043) -> ！jrrp
2023-10-07 12:59:28 V/Bot.2398493975: Group(493057481) <- 今日人品：凶
今日适宜役种：对对和
(为防止刷屏，一日内不可多次查询哦！)
2023-10-07 12:59:39 V/Bot.2398493975: [SHT荔枝麻酱协会(493057481)] 回声细碎(1974705370) -> ！jrrp
2023-10-07 12:59:40 V/Bot.2398493975: Group(493057481) <- 今日人品：大吉
今日适宜役种：四暗刻
(为防止刷屏，一日内不可多次查询哦！)
2023-10-07 13:00:06 V/Bot.2398493975: [SHT荔枝麻酱协会(493057481)] 回声细碎(1974705370) -> ？今日适合役满？
2023-10-07 13:01:30 V/Bot.2398493975: [SHT荔枝麻酱协会(493057481)] yyyouch(2461942798) -> 这个很准的
2023-10-07 13:01:42 V/Bot.2398493975: [SHT荔枝麻酱协会(493057481)] yyyouch(2461942798) -> 昨天抽个吉去乱杀
2023-10-07 13:02:02 V/Bot.2398493975: [SHT荔枝麻酱协会(493057481)] yyyouch(2461942798) -> 他让我做一气我做一气坎五索自摸
2023-10-07 13:02:07 V/Bot.2398493975: [SHT荔枝麻酱协会(493057481)] MEOW@獭獭bot(1609323331) -> [mirai:image:{8BF34B10-19C1-4195-5866-6DDB73A903D8}.gif, width=249, height=188, size=54265, type=GIF, isEmoji=true]
2023-10-07 13:02:07 V/Bot.2398493975: [SHT荔枝麻酱协会(493057481)] yyyouch(2461942798) -> [mirai:image:{AFC6E4DA-4B8F-DE2C-C933-606D21498AA0}.gif, width=324, height=300, size=62607, type=GIF, isEmoji=true]
2023-10-07 13:03:41 V/Bot.2398493975: [SHT荔枝麻酱协会(493057481)] ライちゃん(392595084) -> ！jrrp
2023-10-07 13:03:42 V/Bot.2398493975: Group(493057481) <- 今日人品：小吉
今日适宜役种：小三元
(为防止刷屏，一日内不可多次查询哦！)
2023-10-07 13:03:52 V/Bot.2398493975: [SHT荔枝麻酱协会(493057481)] ライちゃん(392595084) -> 好耶
2023-10-07 13:06:12 V/Bot.2398493975: [SHT荔枝麻酱协会(493057481)] 小红@獭獭军团(963423936) -> ！jrrp
2023-10-07 13:06:13 V/Bot.2398493975: Group(493057481) <- 今日人品：大吉
今日适宜役种：大四喜
(为防止刷屏，一日内不可多次查询哦！)
2023-10-07 13:06:24 V/Bot.2398493975: [SHT荔枝麻酱协会(493057481)] 小红@獭獭军团(963423936) -> ？
2023-10-07 13:07:12 V/Bot.2398493975: [SHT荔枝麻酱协会(493057481)] 只困君(768173212) -> ！jrrp
2023-10-07 13:07:13 V/Bot.2398493975: Group(493057481) <- 今日人品：中吉
今日适宜役种：清老头
(为防止刷屏，一日内不可多次查询哦！)
2023-10-07 13:07:30 V/Bot.2398493975: [SHT荔枝麻酱协会(493057481)] 冰水 麻将小怨妇(x(308217149) -> 见识一下清老头）
2023-10-07 13:09:06 V/Bot.2398493975: [SHT荔枝麻酱协会(493057481)] 只困君(768173212) -> 111999s111999p11m
2023-10-07 13:09:13 V/Bot.2398493975: [SHT荔枝麻酱协会(493057481)] 只困君(768173212) -> 看，清老头
2023-10-07 13:11:08 V/Bot.2398493975: [SHT荔枝麻酱协会(493057481)] 冰水 麻将小怨妇(x(308217149) -> ！看看牌 111999s111999p11m
2023-10-07 13:11:09 V/Bot.2398493975: Group(493057481) <- 手牌：11m 111999p 111999s

和了 | 11m 111p 999p 111s 999s | 两倍役满：四暗刻？、清老头
2023-10-07 13:14:41 V/Bot.2398493975: [SHT荔枝麻酱协会(493057481)] ✨(295021149) -> ！jrrp
2023-10-07 13:14:42 V/Bot.2398493975: Group(493057481) <- 今日人品：大吉
今日适宜役种：买彩票去吧！
(为防止刷屏，一日内不可多次查询哦！)
2023-10-07 13:15:30 V/Bot.2398493975: [SHT荔枝麻酱协会(493057481)] Hzzzch(1614473174) -> ！jrrp
2023-10-07 13:15:31 V/Bot.2398493975: Group(493057481) <- 今日人品：吉
今日适宜役种：一气通贯
(为防止刷屏，一日内不可多次查询哦！)
2023-10-07 13:21:02 V/Bot.2398493975: [SHT荔枝麻酱协会(493057481)] 优雅猛牛(695150175) -> ！看看牌 111999s111999p1m9m
2023-10-07 13:21:03 V/Bot.2398493975: Group(493057481) <- 手牌：19m 111999p 111999s

没有和了
打 [1m] 听牌 [9m] | 99m 111p 999p 111s 999s | 三倍役满：四暗刻单骑、清老头
打 [9m] 听牌 [1m] | 11m 111p 999p 111s 999s | 三倍役满：四暗刻单骑、清老头
2023-10-07 13:23:28 V/Bot.2398493975: [SHT荔枝麻酱协会(493057481)] rokina(1024182759) -> !jrrp
2023-10-07 13:23:29 V/Bot.2398493975: Group(493057481) <- 今日人品：凶
今日适宜役种：一杯口
(为防止刷屏，一日内不可多次查询哦！)
2023-10-07 13:25:32 I/UnidbgFetchQsign: Bot(2398493975) request_token, submit success
2023-10-07 14:05:33 I/UnidbgFetchQsign: Bot(2398493975) request_token, submit success
2023-10-07 14:09:45 V/Bot.2398493975: [SHT荔枝麻酱协会(493057481)] 隔壁老王(297234073) -> thpt hzc
2023-10-07 14:09:47 V/Bot.2398493975: [SHT荔枝麻酱协会(493057481)] Freeze_Kirin(947603216) -> hzc [九段 1515/3600][３級 45/100]
最高段位 [九段 2715/3600][３級 45/100]
最近战绩 [2314242331][]
四麻首次升凤时间: 3/27/2021
最高段位达成时间: 4/11/2022
2023-10-07 14:45:39 I/UnidbgFetchQsign: Bot(2398493975) request_token, submit success
2023-10-07 14:53:17 V/Bot.2398493975: [獭獭没钱吃饭军团@🎤(887156367)] zz@獺獺軍団(771507043) -> [mirai:image:{88CE2AAC-E6DE-8C80-C8F4-C7BEB5A30646}.png, width=1284, height=2778, size=1086894, type=PNG, isEmoji=false]
2023-10-07 14:53:18 V/Bot.2398493975: [獭獭没钱吃饭军团@🎤(887156367)] zz@獺獺軍団(771507043) -> [mirai:image:{93B484DC-5878-408B-72FE-F407CB7E61DF}.png, width=1284, height=2778, size=1071477, type=PNG, isEmoji=false]
2023-10-07 14:59:43 V/Bot.2398493975: [獭獭没钱吃饭军团@🎤(887156367)] 小獭ʕ❍ᴥ❍ʔ獭獭备战北黑复刻军团(1609323331) -> [mirai:image:{AFC6E4DA-4B8F-DE2C-C933-606D21498AA0}.gif, width=324, height=300, size=62607, type=GIF, isEmoji=true]
2023-10-07 15:07:27 V/Bot.2398493975: [獭獭没钱吃饭军团@🎤(887156367)] 小獭ʕ❍ᴥ❍ʔ獭獭备战北黑复刻军团(1609323331) -> [mirai:image:{45557D5C-316B-6A83-E70A-D3BAF43DC5DF}.jpg, width=2168, height=1220, size=206756, type=PNG, isEmoji=false]打着打着就过了
[mirai:image:{0F77A431-67E5-AC21-8FCC-1D4860EAFA94}.jpg, width=1334, height=1310, size=185555, type=JPG, isEmoji=true]
2023-10-07 15:10:31 V/Bot.2398493975: [獭獭没钱吃饭军团@🎤(887156367)] 冰水@不会反身跳军团(308217149) -> 怎么去卢森堡了
2023-10-07 15:10:38 V/Bot.2398493975: [獭獭没钱吃饭军团@🎤(887156367)] 哭哭Excel@被獭獭军团开除5次(472247053) -> [mirai:image:{EE7C88BA-DAF0-6A2D-E286-3A059788806D}.jpg, width=370, height=292, size=77327, type=GIF, isEmoji=true]
2023-10-07 15:10:42 V/Bot.2398493975: [獭獭没钱吃饭军团@🎤(887156367)] Freeze_Kirin@给獭獭打工军团(768173212) -> 简单捏
2023-10-07 15:10:45 V/Bot.2398493975: [獭獭没钱吃饭军团@🎤(887156367)] 哭哭Excel@被獭獭军团开除5次(472247053) -> 怎么是xfw
2023-10-07 15:10:52 V/Bot.2398493975: [獭獭没钱吃饭军团@🎤(887156367)] Freeze_Kirin@给獭獭打工军团(768173212) -> ？
2023-10-07 15:10:55 V/Bot.2398493975: [獭獭没钱吃饭军团@🎤(887156367)] Freeze_Kirin@给獭獭打工军团(768173212) -> 看不起xfw
2023-10-07 15:11:12 V/Bot.2398493975: [獭獭没钱吃饭军团@🎤(887156367)] 冰水@不会反身跳军团(308217149) -> 然后怎么这么穷都能过）
2023-10-07 15:11:20 V/Bot.2398493975: [獭獭没钱吃饭军团@🎤(887156367)] Freeze_Kirin@给獭獭打工军团(768173212) -> 静音小队
2023-10-07 15:11:21 V/Bot.2398493975: [獭獭没钱吃饭军团@🎤(887156367)] 小獭ʕ❍ᴥ❍ʔ獭獭备战北黑复刻军团(1609323331) -> 看不起xfw
[mirai:image:{EF0E4AB9-7127-C280-CD81-986B9B569B21}.png, width=368, height=97, size=55874, type=PNG, isEmoji=false]
2023-10-07 15:11:23 V/Bot.2398493975: [獭獭没钱吃饭军团@🎤(887156367)] 哭哭Excel@被獭獭军团开除5次(472247053) -> [mirai:image:{FB9C65FB-5685-1B12-1B13-836B38246164}.jpg, width=292, height=205, size=61102, type=GIF, isEmoji=true]
2023-10-07 15:11:29 V/Bot.2398493975: [獭獭没钱吃饭军团@🎤(887156367)] 哭哭Excel@被獭獭军团开除5次(472247053) -> [mirai:image:{AFC6E4DA-4B8F-DE2C-C933-606D21498AA0}.jpg, width=324, height=300, size=62607, type=GIF, isEmoji=true]
2023-10-07 15:11:33 V/Bot.2398493975: [獭獭没钱吃饭军团@🎤(887156367)] 冰水@不会反身跳军团(308217149) -> 阿能扫的死小卢吗)
2023-10-07 15:11:34 V/Bot.2398493975: [獭獭没钱吃饭军团@🎤(887156367)] zz@獺獺軍団(771507043) -> 看不起
2023-10-07 15:11:38 V/Bot.2398493975: [獭獭没钱吃饭军团@🎤(887156367)] 冰水@不会反身跳军团(308217149) -> 哦 那没事了
2023-10-07 15:11:42 V/Bot.2398493975: [獭獭没钱吃饭军团@🎤(887156367)] Freeze_Kirin@给獭獭打工军团(768173212) -> 不知道
2023-10-07 15:11:46 V/Bot.2398493975: [獭獭没钱吃饭军团@🎤(887156367)] 小獭ʕ❍ᴥ❍ʔ獭獭备战北黑复刻军团(1609323331) -> [mirai:quote:[mirai:source:ids=[79854], internalIds=[467398609], from 308217149 to 887156367 at 1696662693], content=<not yet initialized>][mirai:at:308217149] 不知道
2023-10-07 15:11:47 V/Bot.2398493975: [獭獭没钱吃饭军团@🎤(887156367)] Freeze_Kirin@给獭獭打工军团(768173212) -> 总之小卢摔死了
2023-10-07 15:11:56 V/Bot.2398493975: [獭獭没钱吃饭军团@🎤(887156367)] 小獭ʕ❍ᴥ❍ʔ獭獭备战北黑复刻军团(1609323331) -> 打着打着boss就不见了
2023-10-07 15:12:12 V/Bot.2398493975: [獭獭没钱吃饭军团@🎤(887156367)] 小獭ʕ❍ᴥ❍ʔ獭獭备战北黑复刻军团(1609323331) -> [mirai:image:{B52FE724-9A03-6960-4362-1AAA7E46362D}.gif, width=200, height=200, size=660853, type=GIF, isEmoji=true]
2023-10-07 15:25:39 I/UnidbgFetchQsign: Bot(2398493975) request_token, submit success
2023-10-07 15:35:48 V/Bot.2398493975: Event: GroupTalkativeChangeEvent(group=Group(493057481), now=NormalMember(1485280964), previous=NormalMember(2398493975))
2023-10-07 15:35:48 V/Bot.2398493975: Event: MemberHonorChangeEvent.Lose(member=NormalMember(2398493975), honorType=GroupHonorType(id=1))
2023-10-07 15:35:48 V/Bot.2398493975: Event: MemberHonorChangeEvent.Achieve(member=NormalMember(1485280964), honorType=GroupHonorType(id=1))
2023-10-07 15:49:28 V/Bot.2398493975: [獭獭没钱吃饭军团@🎤(887156367)] Freeze_Kirin@给獭獭打工军团(768173212) -> [mirai:image:{0FEBAE00-DD68-018D-8E9E-ED01A78FE058}.png, width=998, height=670, size=313135, type=PNG, isEmoji=false]？？？
2023-10-07 15:49:49 V/Bot.2398493975: [獭獭没钱吃饭军团@🎤(887156367)] 冰水@不会反身跳军团(308217149) -> 乐
2023-10-07 15:49:56 V/Bot.2398493975: [獭獭没钱吃饭军团@🎤(887156367)] 冰水@不会反身跳军团(308217149) -> 右边其实也空了
2023-10-07 15:50:00 V/Bot.2398493975: [獭獭没钱吃饭军团@🎤(887156367)] 冰水@不会反身跳军团(308217149) -> 你没加载出来
2023-10-07 15:50:04 V/Bot.2398493975: [獭獭没钱吃饭军团@🎤(887156367)] 冰水@不会反身跳军团(308217149) -> 是个正方形
2023-10-07 16:05:35 V/Bot.2398493975: [獭獭没钱吃饭军团@🎤(887156367)] 小獭ʕ❍ᴥ❍ʔ獭獭备战北黑复刻军团(1609323331) -> [mirai:image:{8BEBEE6B-0CA8-4BC5-66DE-B3EEA7C6C0B7}.png, width=1590, height=866, size=605746, type=PNG, isEmoji=false][mirai:at:963423936] 这谁啊
2023-10-07 16:05:40 I/UnidbgFetchQsign: Bot(2398493975) request_token, submit success
2023-10-07 16:05:48 V/Bot.2398493975: [獭獭没钱吃饭军团@🎤(887156367)] 冰水@不会反身跳军团(308217149) -> 这是你的女仆）
2023-10-07 16:06:42 V/Bot.2398493975: [獭獭没钱吃饭军团@🎤(887156367)] 小獭ʕ❍ᴥ❍ʔ獭獭备战北黑复刻军团(1609323331) -> 不认识这个
2023-10-07 16:06:44 V/Bot.2398493975: [獭獭没钱吃饭军团@🎤(887156367)] 小獭ʕ❍ᴥ❍ʔ獭獭备战北黑复刻军团(1609323331) -> 角色
2023-10-07 16:06:51 V/Bot.2398493975: [獭獭没钱吃饭军团@🎤(887156367)] 小獭ʕ❍ᴥ❍ʔ獭獭备战北黑复刻军团(1609323331) -> [mirai:image:{0F77A431-67E5-AC21-8FCC-1D4860EAFA94}.jpg, width=1334, height=1310, size=185555, type=JPG, isEmoji=false]
2023-10-07 16:07:04 V/Bot.2398493975: [獭獭没钱吃饭军团@🎤(887156367)] 冰水@不会反身跳军团(308217149) -> 有可能是制作组的彩蛋）
2023-10-07 16:07:08 V/Bot.2398493975: [獭獭没钱吃饭军团@🎤(887156367)] 冰水@不会反身跳军团(308217149) -> 你可以右键改皮肤
2023-10-07 16:07:17 V/Bot.2398493975: [獭獭没钱吃饭军团@🎤(887156367)] 小獭ʕ❍ᴥ❍ʔ獭獭备战北黑复刻军团(1609323331) -> [mirai:image:{CD698F9F-C7B0-2AFC-8974-7C43105E562F}.png, width=937, height=199, size=18503, type=PNG, isEmoji=false]
2023-10-07 16:07:24 V/Bot.2398493975: [獭獭没钱吃饭军团@🎤(887156367)] 冰水@不会反身跳军团(308217149) -> 还可以下别的模型包
2023-10-07 16:07:39 V/Bot.2398493975: [獭獭没钱吃饭军团@🎤(887156367)] 冰水@不会反身跳军团(308217149) -> 虽然好像别人看不见 会显示为铃梦
2023-10-07 16:08:42 V/Bot.2398493975: [獭獭没钱吃饭军团@🎤(887156367)] 哭哭Excel@被獭獭军团开除5次(472247053) -> 最简单的输电的方法是啥
2023-10-07 16:09:11 V/Bot.2398493975: [獭獭没钱吃饭军团@🎤(887156367)] 冰水@不会反身跳军团(308217149) -> 连接器还有线轴
2023-10-07 16:09:19 V/Bot.2398493975: [獭獭没钱吃饭军团@🎤(887156367)] 冰水@不会反身跳军团(308217149) -> 或者用powah的线缆
2023-10-07 16:09:40 V/Bot.2398493975: [獭獭没钱吃饭军团@🎤(887156367)] 冰水@不会反身跳军团(308217149) -> 哦不对 连接器需要用扳手改状态 还要护目镜看着
2023-10-07 16:09:51 V/Bot.2398493975: [獭獭没钱吃饭军团@🎤(887156367)] 冰水@不会反身跳军团(308217149) -> 那还是用线缆吧
2023-10-07 16:09:55 V/Bot.2398493975: [獭獭没钱吃饭军团@🎤(887156367)] 冰水@不会反身跳军团(308217149) -> 我记得仓库里有不少
2023-10-07 16:16:00 V/Bot.2398493975: [獭獭没钱吃饭军团@🎤(887156367)] 小獭ʕ❍ᴥ❍ʔ獭獭备战北黑复刻军团(1609323331) -> [mirai:image:{49796871-35DE-37EA-90F2-2B807E73BFBA}.png, width=1590, height=866, size=592766, type=PNG, isEmoji=false]
2023-10-07 16:16:01 V/Bot.2398493975: [獭獭没钱吃饭军团@🎤(887156367)] 小獭ʕ❍ᴥ❍ʔ獭獭备战北黑复刻军团(1609323331) -> 跳不上来了
2023-10-07 16:16:04 V/Bot.2398493975: [獭獭没钱吃饭军团@🎤(887156367)] 小獭ʕ❍ᴥ❍ʔ獭獭备战北黑复刻军团(1609323331) -> kirin你干了啥
2023-10-07 16:16:09 V/Bot.2398493975: [獭獭没钱吃饭军团@🎤(887156367)] 哭哭Excel@被獭獭军团开除5次(472247053) -> ?
2023-10-07 16:16:10 V/Bot.2398493975: [獭獭没钱吃饭军团@🎤(887156367)] 小獭ʕ❍ᴥ❍ʔ獭獭备战北黑复刻军团(1609323331) -> 来kook
2023-10-07 16:16:35 V/Bot.2398493975: [獭獭没钱吃饭军团@🎤(887156367)] 小獭ʕ❍ᴥ❍ʔ獭獭备战北黑复刻军团(1609323331) -> [mirai:image:{1D778255-DEAF-3D35-E552-CC3795D79600}.png, width=240, height=170, size=32254, type=PNG, isEmoji=false]无助的小手
2023-10-07 16:23:56 V/Bot.2398493975: [獭獭没钱吃饭军团@🎤(887156367)] 獭獭锤子大鸽@被獭獭军团开除(963423936) -> [mirai:image:{18A526FA-2DE2-3EE8-24A0-4FFFC532E515}.png, width=364, height=286, size=38175, type=GIF, isEmoji=true]
2023-10-07 16:24:28 V/Bot.2398493975: [獭獭没钱吃饭军团@🎤(887156367)] 冰水@不会反身跳军团(308217149) -> 感觉该再做一批飞行护符了
2023-10-07 16:37:14 V/Bot.2398493975: [獭獭没钱吃饭军团@🎤(887156367)] 小獭ʕ❍ᴥ❍ʔ獭獭备战北黑复刻军团(1609323331) -> [mirai:image:{18A526FA-2DE2-3EE8-24A0-4FFFC532E515}.gif, width=364, height=286, size=38175, type=GIF, isEmoji=true]
2023-10-07 16:38:13 V/Bot.2398493975: [獭獭没钱吃饭军团@🎤(887156367)] 哭哭Excel@被獭獭军团开除5次(472247053) -> 如果要增加一个只输入不输出的传送带 隧道是随便放个不存在的物品吗[mirai:at:308217149] 
2023-10-07 16:38:50 V/Bot.2398493975: [獭獭没钱吃饭军团@🎤(887156367)] 冰水@不会反身跳军团(308217149) -> 其实可以横着连到传送带上？
2023-10-07 16:38:56 V/Bot.2398493975: [獭獭没钱吃饭军团@🎤(887156367)] 冰水@不会反身跳军团(308217149) -> 用过滤也可以
2023-10-07 16:39:16 V/Bot.2398493975: [獭獭没钱吃饭军团@🎤(887156367)] 哭哭Excel@被獭獭军团开除5次(472247053) -> 横着感觉会占地方
2023-10-07 16:39:44 V/Bot.2398493975: [獭獭没钱吃饭军团@🎤(887156367)] 冰水@不会反身跳军团(308217149) -> [mirai:image:{EEE1A860-6691-5A38-C75E-97F03DF2CABD}.png, width=699, height=346, size=15624, type=PNG, isEmoji=false]这样.jpg
2023-10-07 16:39:49 V/Bot.2398493975: [獭獭没钱吃饭军团@🎤(887156367)] 哭哭Excel@被獭獭军团开除5次(472247053) -> 就是 现在是1入3出 但是我想在另一侧加一个输入 就会变成2入4出 但是新的那个输出我不想要
2023-10-07 16:40:02 V/Bot.2398493975: [獭獭没钱吃饭军团@🎤(887156367)] 冰水@不会反身跳军团(308217149) -> 那就过滤呗
2023-10-07 16:40:16 V/Bot.2398493975: [獭獭没钱吃饭军团@🎤(887156367)] 哭哭Excel@被獭獭军团开除5次(472247053) -> 就随便放一个不存在的方块过滤嘛
2023-10-07 16:40:21 V/Bot.2398493975: [獭獭没钱吃饭军团@🎤(887156367)] 冰水@不会反身跳军团(308217149) -> 对
2023-10-07 16:40:27 V/Bot.2398493975: [獭獭没钱吃饭军团@🎤(887156367)] 冰水@不会反身跳军团(308217149) -> 在输出端过滤
2023-10-07 16:43:50 V/Bot.2398493975: [獭獭没钱吃饭军团@🎤(887156367)] 哭哭Excel@被獭獭军团开除5次(472247053) -> 艹 突然发现漏斗和传送带中间不用放溜槽
2023-10-07 16:44:26 V/Bot.2398493975: [獭獭没钱吃饭军团@🎤(887156367)] 冰水@不会反身跳军团(308217149) -> 对呀对呀（
2023-10-07 16:44:48 V/Bot.2398493975: [獭獭没钱吃饭军团@🎤(887156367)] 冰水@不会反身跳军团(308217149) -> 就是如果斜着放 需要扳手调节输入输出
2023-10-07 16:45:46 I/UnidbgFetchQsign: Bot(2398493975) request_token, submit success
2023-10-07 16:49:51 V/Bot.2398493975: [獭獭没钱吃饭军团@🎤(887156367)] 冰水@不会反身跳军团(308217149) -> [mirai:image:{B1FA33DD-7B0D-58B1-50CF-D4BA5987DFED}.jpg, width=1164, height=696, size=27064, type=JPG, isEmoji=false]
2023-10-07 16:50:04 V/Bot.2398493975: [獭獭没钱吃饭军团@🎤(887156367)] 哭哭Excel@被獭獭军团开除5次(472247053) -> xs
2023-10-07 16:55:55 V/Bot.2398493975: [獭獭没钱吃饭军团@🎤(887156367)] 哭哭Excel@被獭獭军团开除5次(472247053) -> 诶 不放过滤器他居然可以输出其他已经被过滤的物品嘛
2023-10-07 16:56:02 V/Bot.2398493975: [獭獭没钱吃饭军团@🎤(887156367)] 哭哭Excel@被獭獭军团开除5次(472247053) -> 为什么不是others
2023-10-07 16:56:28 V/Bot.2398493975: [獭獭没钱吃饭军团@🎤(887156367)] 小獭ʕ❍ᴥ❍ʔ獭獭备战北黑复刻军团(1609323331) -> [mirai:image:{64682029-4C2C-361C-F6CF-BE4979B1D1E3}.png, width=633, height=95, size=57290, type=PNG, isEmoji=false]
2023-10-07 16:56:46 V/Bot.2398493975: [獭獭没钱吃饭军团@🎤(887156367)] 哭哭Excel@被獭獭军团开除5次(472247053) -> [mirai:image:{5347FAAD-14FF-B400-26D1-4CF02CF47431}.png, width=1244, height=736, size=264649, type=PNG, isEmoji=false]为啥
2023-10-07 16:57:10 V/Bot.2398493975: [獭獭没钱吃饭军团@🎤(887156367)] 冰水@不会反身跳军团(308217149) -> 因为不放过滤器就他就没有被过滤）
2023-10-07 16:57:15 V/Bot.2398493975: [獭獭没钱吃饭军团@🎤(887156367)] 冰水@不会反身跳军团(308217149) -> 你可以改成第一目标优先
2023-10-07 16:58:10 V/Bot.2398493975: [獭獭没钱吃饭军团@🎤(887156367)] 冰水@不会反身跳军团(308217149) -> 或者用过滤器-黑名单
2023-10-07 16:59:45 V/Bot.2398493975: [獭獭没钱吃饭军团@🎤(887156367)] 哭哭Excel@被獭獭军团开除5次(472247053) -> 感觉没有合适的模式
2023-10-07 16:59:58 V/Bot.2398493975: [獭獭没钱吃饭军团@🎤(887156367)] 冰水@不会反身跳军团(308217149) -> 你的需求是什么.jpg
2023-10-07 17:00:10 V/Bot.2398493975: [獭獭没钱吃饭军团@🎤(887156367)] 哭哭Excel@被獭獭军团开除5次(472247053) -> 黑名单是啥
2023-10-07 17:00:17 V/Bot.2398493975: [獭獭没钱吃饭军团@🎤(887156367)] 哭哭Excel@被獭獭军团开除5次(472247053) -> 正常来说 左边这个隧道是不需要的
2023-10-07 17:00:21 V/Bot.2398493975: [獭獭没钱吃饭军团@🎤(887156367)] 冰水@不会反身跳军团(308217149) -> 有个东西叫列表过滤器
2023-10-07 17:00:35 V/Bot.2398493975: [獭獭没钱吃饭军团@🎤(887156367)] 哭哭Excel@被獭獭军团开除5次(472247053) -> 但是偶尔拆东西的时候会掉进去 导致传送带堵住
2023-10-07 17:00:35 V/Bot.2398493975: [獭獭没钱吃饭军团@🎤(887156367)] 小獭ʕ❍ᴥ❍ʔ獭獭备战北黑复刻军团(1609323331) -> [mirai:image:{E5674A73-EAB7-204F-B6AD-9FE19C43E78F}.png, width=849, height=1200, size=291721, type=JPG, isEmoji=false]
2023-10-07 17:00:36 V/Bot.2398493975: [獭獭没钱吃饭军团@🎤(887156367)] 冰水@不会反身跳军团(308217149) -> 然后拿着右键 可以设置白名单或者黑名单的过滤
2023-10-07 17:00:41 V/Bot.2398493975: [獭獭没钱吃饭军团@🎤(887156367)] 冰水@不会反身跳军团(308217149) -> 然后放在过滤槽
2023-10-07 17:00:51 V/Bot.2398493975: [獭獭没钱吃饭军团@🎤(887156367)] 哭哭Excel@被獭獭军团开除5次(472247053) -> 所以开了一个空的防止他堵住
2023-10-07 17:01:19 V/Bot.2398493975: [獭獭没钱吃饭军团@🎤(887156367)] 冰水@不会反身跳军团(308217149) -> 堵住的时候手动疏通一下机器不就行了）
2023-10-07 17:03:40 V/Bot.2398493975: [獭獭没钱吃饭军团@🎤(887156367)] 哭哭Excel@被獭獭军团开除5次(472247053) -> 挂黑名单了x
2023-10-07 17:13:16 V/Bot.2398493975: [獭獭没钱吃饭军团@🎤(887156367)] lax@牛牛道心破碎军团(269418386) -> [mirai:image:{ECE099F5-ECC0-6B28-3BDC-3BB9EEBF2914}.jpg, width=240, height=240, size=1617557, type=GIF, isEmoji=true]
2023-10-07 17:13:26 V/Bot.2398493975: [獭獭没钱吃饭军团@🎤(887156367)] 小獭ʕ❍ᴥ❍ʔ獭獭备战北黑复刻军团(1609323331) -> [mirai:image:{ECE099F5-ECC0-6B28-3BDC-3BB9EEBF2914}.gif, width=240, height=240, size=1617557, type=GIF, isEmoji=true]
2023-10-07 17:14:07 V/Bot.2398493975: [獭獭没钱吃饭军团@🎤(887156367)] 冰水@不会反身跳军团(308217149) -> 这个玩意我前几天见了
2023-10-07 17:14:21 V/Bot.2398493975: [獭獭没钱吃饭军团@🎤(887156367)] 冰水@不会反身跳军团(308217149) -> 挺好玩的
2023-10-07 17:14:31 V/Bot.2398493975: [SHT荔枝麻酱协会(493057481)] 布莱克提(690875992) -> 晚上有人吗
2023-10-07 17:14:42 V/Bot.2398493975: [獭獭没钱吃饭军团@🎤(887156367)] lax@牛牛道心破碎军团(269418386) -> 实物？
2023-10-07 17:14:43 V/Bot.2398493975: [SHT荔枝麻酱协会(493057481)] MEOW@獭獭bot(1609323331) -> 晚上有人吗
2023-10-07 17:14:50 V/Bot.2398493975: [SHT荔枝麻酱协会(493057481)] 优雅猛牛(695150175) -> 晚上有人吗
2023-10-07 17:15:02 V/Bot.2398493975: [SHT荔枝麻酱协会(493057481)] zz(771507043) -> 晚上有人吗
2023-10-07 17:15:09 V/Bot.2398493975: [SHT荔枝麻酱协会(493057481)] hzc(2384102753) -> 晚上有人吗
2023-10-07 17:15:28 V/Bot.2398493975: [SHT荔枝麻酱协会(493057481)] 风行(1685448924) -> 晚上有人吗
2023-10-07 17:16:29 V/Bot.2398493975: [SHT荔枝麻酱协会(493057481)] PULL THEM TO THEIR GRAVE !(522166330) -> 新人，一般是在学活206线下打吗？
2023-10-07 17:16:39 V/Bot.2398493975: [獭獭没钱吃饭军团@🎤(887156367)] 萝卜@萝卜軍団(690875992) -> 或许是个电动玩具
2023-10-07 17:16:47 V/Bot.2398493975: [SHT荔枝麻酱协会(493057481)] 布莱克提(690875992) -> 我猜是
2023-10-07 17:16:50 V/Bot.2398493975: [SHT荔枝麻酱协会(493057481)] 布莱克提(690875992) -> 我也是新人
2023-10-07 17:16:51 V/Bot.2398493975: [SHT荔枝麻酱协会(493057481)] PULL THEM TO THEIR GRAVE !(522166330) -> 明天没课想过去看看
2023-10-07 17:17:02 V/Bot.2398493975: [SHT荔枝麻酱协会(493057481)] 风行(1685448924) -> 只有晚上有
2023-10-07 17:17:08 V/Bot.2398493975: [獭獭没钱吃饭军团@🎤(887156367)] 冰水@不会反身跳军团(308217149) -> 实物
2023-10-07 17:17:11 V/Bot.2398493975: [獭獭没钱吃饭军团@🎤(887156367)] 冰水@不会反身跳军团(308217149) -> 电动的
2023-10-07 17:17:13 V/Bot.2398493975: [SHT荔枝麻酱协会(493057481)] 优雅猛牛(695150175) -> 我也是新人
2023-10-07 17:17:22 V/Bot.2398493975: [SHT荔枝麻酱协会(493057481)] zz(771507043) -> 我也是新人
2023-10-07 17:17:23 V/Bot.2398493975: [獭獭没钱吃饭军团@🎤(887156367)] 冰水@不会反身跳军团(308217149) -> 贼好玩 往你面前一扔
2023-10-07 17:17:25 V/Bot.2398493975: [SHT荔枝麻酱协会(493057481)] 风行(1685448924) -> 我也是新人
2023-10-07 17:17:27 V/Bot.2398493975: [獭獭没钱吃饭军团@🎤(887156367)] 冰水@不会反身跳军团(308217149) -> 震撼冰水.jpg
2023-10-07 17:17:28 V/Bot.2398493975: [SHT荔枝麻酱协会(493057481)] PULL THEM TO THEIR GRAVE !(522166330) -> 我也是新人
2023-10-07 17:17:28 V/Bot.2398493975: [SHT荔枝麻酱协会(493057481)] naf2021(3469392519) -> [mirai:quote:[mirai:source:ids=[288547], internalIds=[941350846], from 522166330 to 493057481 at 1696670211], content=<not yet initialized>][mirai:at:522166330] 没事，一般上课时间不打
2023-10-07 17:17:32 V/Bot.2398493975: [SHT荔枝麻酱协会(493057481)] hzc(2384102753) -> 我也是新人
2023-10-07 17:17:38 V/Bot.2398493975: [SHT荔枝麻酱协会(493057481)] PULL THEM TO THEIR GRAVE !(522166330) -> 不是
2023-10-07 17:17:43 V/Bot.2398493975: [SHT荔枝麻酱协会(493057481)] PULL THEM TO THEIR GRAVE !(522166330) -> 指的是今晚过去看
2023-10-07 17:17:45 V/Bot.2398493975: [SHT荔枝麻酱协会(493057481)] naf2021(3469392519) -> 一般凌晨打
2023-10-07 17:17:54 V/Bot.2398493975: [SHT荔枝麻酱协会(493057481)] PULL THEM TO THEIR GRAVE !(522166330) -> 因为明天不上课不用起床
2023-10-07 17:17:58 V/Bot.2398493975: [SHT荔枝麻酱协会(493057481)] 风行(1685448924) -> 笑死
2023-10-07 17:18:04 V/Bot.2398493975: [SHT荔枝麻酱协会(493057481)] 风行(1685448924) -> 明天我下午才有课
2023-10-07 17:18:07 V/Bot.2398493975: [SHT荔枝麻酱协会(493057481)] 风行(1685448924) -> win
2023-10-07 17:18:14 V/Bot.2398493975: [SHT荔枝麻酱协会(493057481)] PULL THEM TO THEIR GRAVE !(522166330) -> 打麻将肯定是做好起不来的准备
2023-10-07 17:18:16 V/Bot.2398493975: [SHT荔枝麻酱协会(493057481)] 冰水 麻将小怨妇(x(308217149) -> 唉 本科生
2023-10-07 17:18:26 V/Bot.2398493975: [SHT荔枝麻酱协会(493057481)] PULL THEM TO THEIR GRAVE !(522166330) -> 唉 本科牲
2023-10-07 17:18:47 V/Bot.2398493975: [SHT荔枝麻酱协会(493057481)] naf2021(3469392519) -> 唉 非物院生
2023-10-07 17:18:51 V/Bot.2398493975: Event: GroupRecall(bot=Bot(2398493975), authorId=3469392519, messageIds=[288565], messageInternalIds=[1131195621], messageTime=1696670327, operator=NormalMember(3469392519), group=Group(493057481), author=NormalMember(3469392519))
2023-10-07 17:19:01 V/Bot.2398493975: [SHT荔枝麻酱协会(493057481)] naf2021(3469392519) -> 唉 非物院研究生
2023-10-07 17:19:02 V/Bot.2398493975: [SHT荔枝麻酱协会(493057481)] 风行(1685448924) -> 我研一不进组 win
2023-10-07 17:19:04 V/Bot.2398493975: [SHT荔枝麻酱协会(493057481)] 风行(1685448924) -> [mirai:image:{923875C6-CC18-0E02-1D58-1469A2E16E55}.gif, width=360, height=360, size=1384333, type=GIF, isEmoji=true]
2023-10-07 17:19:07 V/Bot.2398493975: [SHT荔枝麻酱协会(493057481)] 布莱克提(690875992) -> 压力太大了 想来打牌增压了
2023-10-07 17:19:23 V/Bot.2398493975: [SHT荔枝麻酱协会(493057481)] 风行(1685448924) -> 增到爆了就降了（
2023-10-07 17:19:23 V/Bot.2398493975: Event: MemberCardChangeEvent(origin=ChinoCarbon, new=, member=NormalMember(1070980757))
2023-10-07 17:19:23 V/Bot.2398493975: [SHT荔枝麻酱协会(493057481)] ChinoCarbon(1070980757) -> 有没有研0进组的捏
2023-10-07 17:19:23 V/Bot.2398493975: [SHT荔枝麻酱协会(493057481)] PULL THEM TO THEIR GRAVE !(522166330) -> 来点血压起飞
2023-10-07 17:19:28 V/Bot.2398493975: [SHT荔枝麻酱协会(493057481)] ChinoCarbon(1070980757) -> 能进我立马去打
2023-10-07 17:19:40 V/Bot.2398493975: [SHT荔枝麻酱协会(493057481)] naf2021(3469392519) -> 进啊
2023-10-07 17:19:50 V/Bot.2398493975: [SHT荔枝麻酱协会(493057481)] 淡情余描未わ(1297471104) -> ？
2023-10-07 17:19:52 V/Bot.2398493975: [SHT荔枝麻酱协会(493057481)] 风行(1685448924) -> ？
2023-10-07 17:19:57 V/Bot.2398493975: [SHT荔枝麻酱协会(493057481)] 优雅猛牛(695150175) -> [mirai:at:3469392519] 那你是哪个院
2023-10-07 17:20:06 V/Bot.2398493975: [SHT荔枝麻酱协会(493057481)] 淡情余描未わ(1297471104) -> 现在不都大一大二就进组了吗？
2023-10-07 17:20:16 V/Bot.2398493975: [SHT荔枝麻酱协会(493057481)] 风行(1685448924) -> ？
2023-10-07 17:20:17 V/Bot.2398493975: [SHT荔枝麻酱协会(493057481)] zz(771507043) -> [mirai:quote:[mirai:source:ids=[288577], internalIds=[356371816], from 695150175 to 493057481 at 1696670397], content=<not yet initialized>]他物院
2023-10-07 17:20:29 V/Bot.2398493975: [SHT荔枝麻酱协会(493057481)] ChinoCarbon(1070980757) -> 我是外保
2023-10-07 17:20:31 V/Bot.2398493975: [SHT荔枝麻酱协会(493057481)] ChinoCarbon(1070980757) -> 刚录取
2023-10-07 17:20:42 V/Bot.2398493975: [SHT荔枝麻酱协会(493057481)] 淡情余描未わ(1297471104) -> 你是外包
2023-10-07 17:20:50 V/Bot.2398493975: [SHT荔枝麻酱协会(493057481)] 淡情余描未わ(1297471104) -> 帮我搭光路
2023-10-07 17:20:51 V/Bot.2398493975: [SHT荔枝麻酱协会(493057481)] naf2021(3469392519) -> 你不会是24直博的吧
2023-10-07 17:21:03 V/Bot.2398493975: [SHT荔枝麻酱协会(493057481)] ChinoCarbon(1070980757) -> 专硕
2023-10-07 17:21:55 V/Bot.2398493975: [獭獭没钱吃饭军团@🎤(887156367)] 獭獭锤子大鸽@被獭獭军团开除(963423936) -> 【MyGO!!!!!成员的日常生活「パン派？ごはん派？(面包派？米饭派？)」①】 https://www.bilibili.com/video/BV1uh4y1r7hB/?share_source=copy_web&vd_source=22c949d8becbc6f7743d28bbc96675a3
2023-10-07 17:22:34 V/Bot.2398493975: [獭獭没钱吃饭军团@🎤(887156367)] 小獭ʕ❍ᴥ❍ʔ獭獭备战北黑复刻军团(1609323331) -> [mirai:image:{1FBDBB1A-70AF-1063-EC75-0E0A32AE1379}.gif, width=180, height=180, size=45466, type=GIF, isEmoji=false]
2023-10-07 17:22:39 V/Bot.2398493975: [獭獭没钱吃饭军团@🎤(887156367)] 獭獭锤子大鸽@被獭獭军团开除(963423936) -> [mirai:image:{1FBDBB1A-70AF-1063-EC75-0E0A32AE1379}.gif, width=180, height=180, size=45466, type=GIF, isEmoji=false]
2023-10-07 17:22:55 V/Bot.2398493975: [獭獭没钱吃饭军团@🎤(887156367)] zz@獺獺軍団(771507043) -> 吃啥
2023-10-07 17:23:03 V/Bot.2398493975: [獭獭没钱吃饭军团@🎤(887156367)] hzc@獭獭軍団二度受(2384102753) -> [mirai:image:{1FBDBB1A-70AF-1063-EC75-0E0A32AE1379}.gif, width=180, height=180, size=45466, type=GIF, isEmoji=false]
2023-10-07 17:23:04 V/Bot.2398493975: [獭獭没钱吃饭军团@🎤(887156367)] 小獭ʕ❍ᴥ❍ʔ獭獭备战北黑复刻军团(1609323331) -> [mirai:image:{A9782B3D-369F-3939-FC85-C96D9305356A}.png, width=1748, height=653, size=577499, type=PNG, isEmoji=false]
2023-10-07 17:24:13 V/Bot.2398493975: [SHT荔枝麻酱协会(493057481)] 布莱克提(690875992) -> 活太多了
2023-10-07 17:24:15 V/Bot.2398493975: [SHT荔枝麻酱协会(493057481)] 布莱克提(690875992) -> 不想干活
2023-10-07 17:25:32 V/Bot.2398493975: [SHT荔枝麻酱协会(493057481)] naf2021(3469392519) -> 话说我们组找了一个24保直博的，过几天就要来组里干活了，哈宁
2023-10-07 17:25:35 V/Bot.2398493975: [SHT荔枝麻酱协会(493057481)] naf2021(3469392519) -> [mirai:image:{3474BEF9-C2F5-6111-3FA8-F30567684E21}.jpg, width=64, height=52, size=2328, type=JPG, isEmoji=true]
2023-10-07 17:25:47 I/UnidbgFetchQsign: Bot(2398493975) request_token, submit success
2023-10-07 17:25:52 V/Bot.2398493975: [SHT荔枝麻酱协会(493057481)] 风行(1685448924) -> [mirai:image:{923875C6-CC18-0E02-1D58-1469A2E16E55}.gif, width=360, height=360, size=1384333, type=GIF, isEmoji=true]
2023-10-07 17:26:53 V/Bot.2398493975: [SHT荔枝麻酱协会(493057481)] 布莱克提(690875992) -> 这不是挺好的
2023-10-07 17:27:11 V/Bot.2398493975: [SHT荔枝麻酱协会(493057481)] 布莱克提(690875992) -> 我当时想来早点工作都不想
2023-10-07 17:27:12 V/Bot.2398493975: [SHT荔枝麻酱协会(493057481)] 布莱克提(690875992) -> 行
2023-10-07 17:27:17 V/Bot.2398493975: [SHT荔枝麻酱协会(493057481)] 布莱克提(690875992) -> 当时有疫情
2023-10-07 17:27:19 V/Bot.2398493975: [SHT荔枝麻酱协会(493057481)] 小红@獭獭军团(963423936) -> 20级的是不是已经研0了
2023-10-07 17:27:22 V/Bot.2398493975: [SHT荔枝麻酱协会(493057481)] 冰水 麻将小怨妇(x(308217149) -> 直播
2023-10-07 17:27:26 V/Bot.2398493975: [獭獭没钱吃饭军团@🎤(887156367)] 小獭ʕ❍ᴥ❍ʔ獭獭备战北黑复刻军团(1609323331) -> [mirai:image:{F251809C-DE1A-BEC7-A76C-E92497063858}.jpg, width=1280, height=720, size=159874, type=PNG, isEmoji=false]
2023-10-07 17:27:29 V/Bot.2398493975: [SHT荔枝麻酱协会(493057481)] 冰水 麻将小怨妇(x(308217149) -> 工程博士？
2023-10-07 17:27:38 V/Bot.2398493975: [SHT荔枝麻酱协会(493057481)] 小红@獭獭军团(963423936) -> 不是吧
2023-10-07 17:27:44 V/Bot.2398493975: [SHT荔枝麻酱协会(493057481)] naf2021(3469392519) -> 忘了，反正是直博的
2023-10-07 17:27:51 V/Bot.2398493975: [SHT荔枝麻酱协会(493057481)] 布莱克提(690875992) -> 就是lrq型选手？
2023-10-07 17:27:58 V/Bot.2398493975: [獭獭没钱吃饭军团@🎤(887156367)] 小獭ʕ❍ᴥ❍ʔ獭獭备战北黑复刻军团(1609323331) -> 好可爱
2023-10-07 17:28:00 V/Bot.2398493975: [SHT荔枝麻酱协会(493057481)] 布莱克提(690875992) -> 早一点来干活
2023-10-07 17:28:00 V/Bot.2398493975: [SHT荔枝麻酱协会(493057481)] 冰水 麻将小怨妇(x(308217149) -> 不是 物院没有别的直博项目啊）
2023-10-07 17:28:02 V/Bot.2398493975: [獭獭没钱吃饭军团@🎤(887156367)] 小獭ʕ❍ᴥ❍ʔ獭獭备战北黑复刻军团(1609323331) -> [mirai:image:{1FBDBB1A-70AF-1063-EC75-0E0A32AE1379}.gif, width=180, height=180, size=45466, type=GIF, isEmoji=false]
2023-10-07 17:28:07 V/Bot.2398493975: [SHT荔枝麻酱协会(493057481)] 小红@獭獭军团(963423936) -> 啊？这样的吗
2023-10-07 17:28:09 V/Bot.2398493975: [SHT荔枝麻酱协会(493057481)] 布莱克提(690875992) -> 延毕的年数说不定能少一些
2023-10-07 17:28:10 V/Bot.2398493975: [SHT荔枝麻酱协会(493057481)] 小红@獭獭军团(963423936) -> 那就不了解了
2023-10-07 17:28:15 V/Bot.2398493975: [SHT荔枝麻酱协会(493057481)] naf2021(3469392519) -> 那就是工博吧（x）
2023-10-07 17:28:26 V/Bot.2398493975: [SHT荔枝麻酱协会(493057481)] 小红@獭獭军团(963423936) -> 物院不是人均延毕么（）
2023-10-07 17:28:31 V/Bot.2398493975: [獭獭没钱吃饭军团@🎤(887156367)] 獭獭锤子大鸽@被獭獭军团开除(963423936) -> [mirai:image:{1FBDBB1A-70AF-1063-EC75-0E0A32AE1379}.gif, width=180, height=180, size=45466, type=GIF, isEmoji=false]
2023-10-07 17:28:36 V/Bot.2398493975: [SHT荔枝麻酱协会(493057481)] ChinoCarbon(1070980757) -> 我们专硕过两天选联培项目
2023-10-07 17:28:42 V/Bot.2398493975: [SHT荔枝麻酱协会(493057481)] ChinoCarbon(1070980757) -> 应该能提前进吧（
2023-10-07 17:29:02 V/Bot.2398493975: [SHT荔枝麻酱协会(493057481)] naf2021(3469392519) -> 物院还好吧（x）
2023-10-07 17:29:11 V/Bot.2398493975: [SHT荔枝麻酱协会(493057481)] 布莱克提(690875992) -> 没有生院厉害
2023-10-07 17:29:25 V/Bot.2398493975: [SHT荔枝麻酱协会(493057481)] 布莱克提(690875992) -> 还是信院好 五年结束
2023-10-07 17:29:28 V/Bot.2398493975: [SHT荔枝麻酱协会(493057481)] 布莱克提(690875992) -> [mirai:image:{AEE65645-068F-3D2F-4620-5AE158A85A1B}.gif, width=240, height=240, size=196797, type=GIF, isEmoji=true]
2023-10-07 17:29:36 V/Bot.2398493975: [SHT荔枝麻酱协会(493057481)] naf2021(3469392519) -> 至少我们组还没听说过延毕（x）
2023-10-07 17:29:53 V/Bot.2398493975: [SHT荔枝麻酱协会(493057481)] 冰水 麻将小怨妇(x(308217149) -> 听说去年延毕率三分之一了 物院
2023-10-07 17:30:45 V/Bot.2398493975: [SHT荔枝麻酱协会(493057481)] 优雅猛牛(695150175) -> 才1/3？
2023-10-07 17:31:03 V/Bot.2398493975: [獭獭没钱吃饭军团@🎤(887156367)] 小獭ʕ❍ᴥ❍ʔ獭獭备战北黑复刻军团(1609323331) -> [mirai:image:{AEE65645-068F-3D2F-4620-5AE158A85A1B}.gif, width=240, height=240, size=196797, type=GIF, isEmoji=true]饭饭
2023-10-07 17:31:09 V/Bot.2398493975: [SHT荔枝麻酱协会(493057481)] naf2021(3469392519) -> 查询本群物院延毕浓度（x）
2023-10-07 17:31:30 V/Bot.2398493975: [獭獭没钱吃饭军团@🎤(887156367)] 獭獭锤子大鸽@被獭獭军团开除(963423936) -> [mirai:image:{AEE65645-068F-3D2F-4620-5AE158A85A1B}.gif, width=240, height=240, size=196797, type=GIF, isEmoji=true]
2023-10-07 17:31:38 V/Bot.2398493975: [獭獭没钱吃饭军团@🎤(887156367)] 小獭ʕ❍ᴥ❍ʔ獭獭备战北黑复刻军团(1609323331) -> [mirai:image:{AEE65645-068F-3D2F-4620-5AE158A85A1B}.gif, width=240, height=240, size=196797, type=GIF, isEmoji=true]
2023-10-07 17:31:59 V/Bot.2398493975: [SHT荔枝麻酱协会(493057481)] 优雅猛牛(695150175) -> 延毕+1
2023-10-07 17:32:14 V/Bot.2398493975: [SHT荔枝麻酱协会(493057481)] naf2021(3469392519) -> 所以牛牛啥时候回来
2023-10-07 17:32:31 V/Bot.2398493975: [SHT荔枝麻酱协会(493057481)] 淡情余描未わ(1297471104) -> 工博比我好多了
2023-10-07 17:32:32 V/Bot.2398493975: [SHT荔枝麻酱协会(493057481)] 优雅猛牛(695150175) -> 后天？
2023-10-07 17:32:34 V/Bot.2398493975: [SHT荔枝麻酱协会(493057481)] 淡情余描未わ(1297471104) -> 不用发paper的
2023-10-07 17:33:10 V/Bot.2398493975: [SHT荔枝麻酱协会(493057481)] naf2021(3469392519) -> wc，后天yw空欢迎新生牛牛局
2023-10-07 17:33:13 V/Bot.2398493975: [SHT荔枝麻酱协会(493057481)] naf2021(3469392519) -> [mirai:image:{43CF5E2E-9277-1C9B-79EB-FA86E5665C9D}.jpg, width=160, height=149, size=2742, type=JPG, isEmoji=true]
2023-10-07 17:34:09 V/Bot.2398493975: [SHT荔枝麻酱协会(493057481)] 布莱克提(690875992) -> 新生？
2023-10-07 17:34:14 V/Bot.2398493975: [SHT荔枝麻酱协会(493057481)] 布莱克提(690875992) -> 新师！
2023-10-07 17:34:43 V/Bot.2398493975: [SHT荔枝麻酱协会(493057481)] naf2021(3469392519) -> 新师？
2023-10-07 17:34:50 V/Bot.2398493975: [SHT荔枝麻酱协会(493057481)] naf2021(3469392519) -> 新院！
2023-10-07 17:35:31 V/Bot.2398493975: [SHT荔枝麻酱协会(493057481)] 冰水 麻将小怨妇(x(308217149) -> 牛牛回来是不是能当指导老师了
2023-10-07 17:35:47 V/Bot.2398493975: [SHT荔枝麻酱协会(493057481)] 优雅猛牛(695150175) -> [mirai:image:{11A4FC04-CD59-2D6E-DF75-E3ECC6CC85C8}.jpg, width=255, height=255, size=46164, type=GIF, isEmoji=false]
2023-10-07 17:36:11 V/Bot.2398493975: [SHT荔枝麻酱协会(493057481)] 优雅猛牛(695150175) -> 只是博后啊
2023-10-07 17:36:21 V/Bot.2398493975: [SHT荔枝麻酱协会(493057481)] 布莱克提(690875992) -> 🙏🙏🙏
2023-10-07 17:36:44 V/Bot.2398493975: [SHT荔枝麻酱协会(493057481)] 风行(1685448924) -> 那再过几年说不定就是了
2023-10-07 17:36:46 V/Bot.2398493975: [SHT荔枝麻酱协会(493057481)] 风行(1685448924) -> [mirai:image:{923875C6-CC18-0E02-1D58-1469A2E16E55}.gif, width=360, height=360, size=1384333, type=GIF, isEmoji=true]
2023-10-07 17:40:17 V/Bot.2398493975: [獭獭没钱吃饭军团@🎤(887156367)] 獭獭锤子大鸽@被獭獭军团开除(963423936) -> 洗衣袋可以放进烘干机嘛
2023-10-07 17:40:23 V/Bot.2398493975: [獭獭没钱吃饭军团@🎤(887156367)] 獭獭锤子大鸽@被獭獭军团开除(963423936) -> [mirai:image:{3FCDA208-5B5D-3642-5219-949E4B2512EA}.png, width=328, height=300, size=47813, type=GIF, isEmoji=true]
2023-10-07 17:40:32 V/Bot.2398493975: [獭獭没钱吃饭军团@🎤(887156367)] 獭獭锤子大鸽@被獭獭军团开除(963423936) -> 呆住
2023-10-07 17:41:31 V/Bot.2398493975: [獭獭没钱吃饭军团@🎤(887156367)] lax@牛牛道心破碎军团(269418386) -> 【淘宝】https://m.tb.cn/h.56kuBkm?tk=YyXYW0KDTke CZ3457 「会动的萨卡班甲鱼玩偶小挂件毛绒公仔会动的玩具创意搞笑礼物搞怪」
点击链接直接打开 或者 淘宝搜索直接打开
2023-10-07 17:41:38 V/Bot.2398493975: [獭獭没钱吃饭军团@🎤(887156367)] lax@牛牛道心破碎军团(269418386) -> 是这个吗
2023-10-07 17:41:42 V/Bot.2398493975: [獭獭没钱吃饭军团@🎤(887156367)] 冰水@不会反身跳军团(308217149) -> 抛开事实不谈 明天周几来着
2023-10-07 17:41:49 V/Bot.2398493975: [獭獭没钱吃饭军团@🎤(887156367)] 小獭ʕ❍ᴥ❍ʔ獭獭备战北黑复刻军团(1609323331) -> 五
2023-10-07 17:42:10 V/Bot.2398493975: [獭獭没钱吃饭军团@🎤(887156367)] 冰水@不会反身跳军团(308217149) -> 好
2023-10-07 17:42:18 V/Bot.2398493975: [獭獭没钱吃饭军团@🎤(887156367)] Freeze_Kirin@给獭獭打工军团(768173212) -> 周天
2023-10-07 17:42:28 V/Bot.2398493975: [獭獭没钱吃饭军团@🎤(887156367)] 冰水@不会反身跳军团(308217149) -> 刚才路上听见有人说上周一的课 给我吓坏了）
2023-10-07 17:42:36 V/Bot.2398493975: [獭獭没钱吃饭军团@🎤(887156367)] lax@牛牛道心破碎军团(269418386) -> 我想起来了 这种打一下会动的玩意
2023-10-07 17:43:23 V/Bot.2398493975: [獭獭没钱吃饭军团@🎤(887156367)] lax@牛牛道心破碎军团(269418386) -> 有人快递一个给朋友 结果送到快递站 这东西就带着快递盒一起晃
2023-10-07 17:43:36 V/Bot.2398493975: [獭獭没钱吃饭军团@🎤(887156367)] lax@牛牛道心破碎军团(269418386) -> 把快递小哥吓得半死
2023-10-07 17:43:56 V/Bot.2398493975: [獭獭没钱吃饭军团@🎤(887156367)] 冰水@不会反身跳军团(308217149) -> 为什么寄这东西的时候会有电）
2023-10-07 17:44:08 V/Bot.2398493975: [獭獭没钱吃饭军团@🎤(887156367)] lax@牛牛道心破碎军团(269418386) -> 寄方整蛊
2023-10-07 17:44:52 V/Bot.2398493975: [獭獭没钱吃饭军团@🎤(887156367)] 冰水@不会反身跳军团(308217149) -> 乐
2023-10-07 17:45:28 V/Bot.2398493975: [獭獭没钱吃饭军团@🎤(887156367)] 冰水@不会反身跳军团(308217149) -> 不过虽然不太人道 但是现在寄活体宠物的好像还挺多
2023-10-07 17:48:39 V/Bot.2398493975: [獭獭没钱吃饭军团@🎤(887156367)] 萝卜@萝卜軍団(690875992) -> 买只马或者羊
2023-10-07 17:48:42 V/Bot.2398493975: [獭獭没钱吃饭军团@🎤(887156367)] 萝卜@萝卜軍団(690875992) -> 就两百块
2023-10-07 17:48:44 V/Bot.2398493975: [獭獭没钱吃饭军团@🎤(887156367)] 萝卜@萝卜軍団(690875992) -> 活体的
2023-10-07 17:49:11 V/Bot.2398493975: [獭獭没钱吃饭军团@🎤(887156367)] 小獭ʕ❍ᴥ❍ʔ獭獭备战北黑复刻军团(1609323331) -> [mirai:image:{04AA33CB-931E-C1F2-EC30-4A2718268594}.gif, width=370, height=292, size=89543, type=GIF, isEmoji=true]
2023-10-07 17:49:28 V/Bot.2398493975: [獭獭没钱吃饭军团@🎤(887156367)] 萝卜@萝卜軍団(690875992) -> 淘宝就有
2023-10-07 17:53:23 V/Bot.2398493975: [獭獭没钱吃饭军团@🎤(887156367)] lax@牛牛道心破碎军团(269418386) -> 那不是随便烤全羊
2023-10-07 17:53:29 V/Bot.2398493975: [獭獭没钱吃饭军团@🎤(887156367)] lax@牛牛道心破碎军团(269418386) -> 我不信那么便宜
2023-10-07 17:53:57 V/Bot.2398493975: [獭獭没钱吃饭军团@🎤(887156367)] lax@牛牛道心破碎军团(269418386) -> 活体可没有这种玩具闹腾
2023-10-07 17:56:14 V/Bot.2398493975: [test(389193066)] dd小助手(3459246674) -> 赤五教教主亮亮 正在直播 小侄子玩塞尔达~
https://live.bilibili.com/23490978
2023-10-07 17:56:16 V/Bot.2398493975: [test(389193066)] dd小助手(3459246674) -> [mirai:image:{4209C5EF-88AE-8346-2B76-41C6A739D801}.jpg, width=704, height=396, size=95467, type=JPG, isEmoji=false]
2023-10-07 17:56:17 V/Bot.2398493975: [test(389193066)] dd小助手(3459246674) -> 已设置@全体成员但没有管理员权限,将尝试@指定成员,请需要接收单独@消息的群员使用"开播@我"命令进行订阅
2023-10-07 18:00:34 V/Bot.2398493975: [SHT荔枝麻酱协会(493057481)] N！T！R！！！(269418386) -> 牛波一
2023-10-07 18:03:14 V/Bot.2398493975: [SHT荔枝麻酱协会(493057481)] 只困君(768173212) -> 所以牛牛终于要回到自己忠诚的学活了吗
2023-10-07 18:03:16 V/Bot.2398493975: [SHT荔枝麻酱协会(493057481)] 只困君(768173212) -> [mirai:image:{DF342941-9506-24CB-D89E-2731E7D4D0BE}.png, width=306, height=265, size=125965, type=GIF, isEmoji=true]
2023-10-07 18:05:48 I/UnidbgFetchQsign: Bot(2398493975) request_token, submit success
2023-10-07 18:20:54 V/Bot.2398493975: [SHT荔枝麻酱协会(493057481)] MEOW@獭獭bot(1609323331) -> [mirai:image:{AFC6E4DA-4B8F-DE2C-C933-606D21498AA0}.png, width=324, height=300, size=62607, type=GIF, isEmoji=true]
2023-10-07 18:32:03 V/Bot.2398493975: [SHT荔枝麻酱协会(493057481)] 大可奇丽(1485280964) -> [mirai:image:{33C088B4-EE3C-6816-42F4-E443797A867E}.png, width=512, height=512, size=13157, type=PNG, isEmoji=true]
2023-10-07 18:45:54 I/UnidbgFetchQsign: Bot(2398493975) request_token, submit success
2023-10-07 18:48:05 V/Bot.2398493975: [獭獭没钱吃饭军团@🎤(887156367)] 小獭ʕ❍ᴥ❍ʔ獭獭备战北黑复刻军团(1609323331) -> ！记仇 [mirai:at:2384102753] 
2023-10-07 18:48:06 V/Bot.2398493975: Group(887156367) <- 您与hzc共进行过18场对局，你对TA的仇恨值为9。
你的胜率：33.33%
你的均顺：3.0
对方均顺：2.5
2023-10-07 18:48:17 V/Bot.2398493975: [獭獭没钱吃饭军团@🎤(887156367)] 獭獭锤子大鸽@被獭獭军团开除(963423936) -> [mirai:image:{B44760CC-F44F-6C87-F886-88880709DDE7}.png, width=1717, height=1109, size=1185291, type=PNG, isEmoji=false]
2023-10-07 18:48:55 V/Bot.2398493975: [獭獭没钱吃饭军团@🎤(887156367)] 獭獭锤子大鸽@被獭獭军团开除(963423936) -> Fate新作剧情海星
2023-10-07 18:49:01 V/Bot.2398493975: [獭獭没钱吃饭军团@🎤(887156367)] 獭獭锤子大鸽@被獭獭军团开除(963423936) -> 云完了，能get到
2023-10-07 18:56:06 V/Bot.2398493975: [獭獭没钱吃饭军团@🎤(887156367)] 冰水@不会反身跳军团(308217149) -> 好看的
2023-10-07 18:56:09 V/Bot.2398493975: [SHT荔枝麻酱协会(493057481)] naf2021(3469392519) -> 折磨[mirai:image:{0DA5C012-8C42-C7A9-B880-7A275962CDFE}.jpg, width=1280, height=591, size=109461, type=JPG, isEmoji=false]
2023-10-07 18:56:10 V/Bot.2398493975: [SHT荔枝麻酱协会(493057481)] naf2021(3469392519) -> [mirai:image:{18A02FDB-A558-4AF4-E0AB-07FF52015109}.jpg, width=74, height=71, size=2742, type=JPG, isEmoji=true]
2023-10-07 18:56:12 V/Bot.2398493975: [獭獭没钱吃饭军团@🎤(887156367)] 冰水@不会反身跳军团(308217149) -> 但是太贵了）
2023-10-07 19:25:54 I/UnidbgFetchQsign: Bot(2398493975) request_token, submit success
2023-10-07 19:29:35 V/Bot.2398493975: [SHT荔枝麻酱协会(493057481)] 冰水 麻将小怨妇(x(308217149) -> ？不上班的吗
2023-10-07 19:29:59 V/Bot.2398493975: [SHT荔枝麻酱协会(493057481)] 淡情余描未わ(1297471104) -> ？不上班的吗
2023-10-07 19:30:15 V/Bot.2398493975: [SHT荔枝麻酱协会(493057481)] Twilight(1014197424) -> ？不上班的吗
2023-10-07 19:32:55 V/Bot.2398493975: [SHT荔枝麻酱协会(493057481)] 风行(1685448924) -> 学活有无
2023-10-07 19:35:32 V/Bot.2398493975: [SHT荔枝麻酱协会(493057481)] 布莱克提(690875992) -> ？不上班的吗
2023-10-07 19:36:01 V/Bot.2398493975: [SHT荔枝麻酱协会(493057481)] 优雅猛牛(695150175) -> ？不上班的吗
2023-10-07 19:36:05 V/Bot.2398493975: [SHT荔枝麻酱协会(493057481)] 宅哥(2832900934) -> ？不上班的吗
2023-10-07 19:36:09 V/Bot.2398493975: [SHT荔枝麻酱协会(493057481)] 泫柒漓(94197059) -> ？不上班的吗
2023-10-07 19:36:53 V/Bot.2398493975: [SHT荔枝麻酱协会(493057481)] ライちゃん(392595084) -> ？不上班的吗
2023-10-07 19:37:16 V/Bot.2398493975: [SHT荔枝麻酱协会(493057481)] chino(704937242) -> ？不上班的吗
2023-10-07 19:40:41 V/Bot.2398493975: [SHT荔枝麻酱协会(493057481)] 风行(1685448924) -> [mirai:image:{923875C6-CC18-0E02-1D58-1469A2E16E55}.gif, width=360, height=360, size=1384333, type=GIF, isEmoji=true]
2023-10-07 19:47:25 V/Bot.2398493975: [SHT荔枝麻酱协会(493057481)] PULL THEM TO THEIR GRAVE !(522166330) -> 所以今晚有人玩吗？带带新人[可怜]
2023-10-07 19:47:39 V/Bot.2398493975: [SHT荔枝麻酱协会(493057481)] 4000all！(1846411487) -> 5=3
2023-10-07 19:48:16 V/Bot.2398493975: [SHT荔枝麻酱协会(493057481)] PULL THEM TO THEIR GRAVE !(522166330) -> [mirai:quote:[mirai:source:ids=[288655], internalIds=[1644922192], from 1846411487 to 493057481 at 1696679259], content=<not yet initialized>]速速带我[可怜]
2023-10-07 19:56:52 V/Bot.2398493975: [SHT荔枝麻酱协会(493057481)] 风行(1685448924) -> 来了
2023-10-07 20:05:55 I/UnidbgFetchQsign: Bot(2398493975) request_token, submit success
2023-10-07 20:09:12 V/Bot.2398493975: [SHT荔枝麻酱协会(493057481)] 只困君(768173212) -> 24000
2023-10-07 20:09:12 V/Bot.2398493975: [獭獭没钱吃饭军团@🎤(887156367)] 小獭ʕ❍ᴥ❍ʔ獭獭备战北黑复刻军团(1609323331) -> 52100
2023-10-07 20:09:26 V/Bot.2398493975: [SHT荔枝麻酱协会(493057481)] zz(771507043) -> 11900
2023-10-07 20:10:24 V/Bot.2398493975: [SHT荔枝麻酱协会(493057481)] hzc(2384102753) -> 12000
2023-10-07 20:10:25 V/Bot.2398493975: Group(493057481) <- 记录成功：
小獭ʕ❍ᴥ❍ʔ獭獭备战北黑复刻军团: 52100
只困君: 24000
hzc: 12000
zz: 11900
2023-10-07 20:12:53 V/Bot.2398493975: [獭獭没钱吃饭军团@🎤(887156367)] 獭獭锤子大鸽@被獭獭军团开除(963423936) -> [mirai:image:{80B1C327-9A88-76C1-8E65-60B2F8CFE666}.png, width=378, height=106, size=51368, type=PNG, isEmoji=false]
2023-10-07 20:13:04 V/Bot.2398493975: [獭獭没钱吃饭军团@🎤(887156367)] 獭獭锤子大鸽@被獭獭军团开除(963423936) -> 老男人怎么也在玩合成大西瓜
2023-10-07 20:14:39 V/Bot.2398493975: [獭獭没钱吃饭军团@🎤(887156367)] 小獭ʕ❍ᴥ❍ʔ獭獭备战北黑复刻军团(1609323331) -> 我也要玩
2023-10-07 20:21:28 V/Bot.2398493975: [獭獭没钱吃饭军团@🎤(887156367)] lax@牛牛道心破碎军团(269418386) -> [mirai:image:{E412EE52-7206-B844-A8EE-53A9AC74CB1A}.jpg, width=1080, height=2340, size=1370489, type=JPG, isEmoji=false]
2023-10-07 20:21:32 V/Bot.2398493975: [獭獭没钱吃饭军团@🎤(887156367)] lax@牛牛道心破碎军团(269418386) -> 撸猫中
2023-10-07 20:21:38 V/Bot.2398493975: [獭獭没钱吃饭军团@🎤(887156367)] Freeze_Kirin@给獭獭打工军团(768173212) -> ？
2023-10-07 20:21:43 V/Bot.2398493975: [獭獭没钱吃饭军团@🎤(887156367)] Freeze_Kirin@给獭獭打工军团(768173212) -> 我也要
2023-10-07 20:21:46 V/Bot.2398493975: [獭獭没钱吃饭军团@🎤(887156367)] 獭獭锤子大鸽@被獭獭军团开除(963423936) -> 我也要
2023-10-07 20:21:49 V/Bot.2398493975: [獭獭没钱吃饭军团@🎤(887156367)] 冰水@不会反身跳军团(308217149) -> ？
2023-10-07 20:21:52 V/Bot.2398493975: [獭獭没钱吃饭军团@🎤(887156367)] 冰水@不会反身跳军团(308217149) -> 我的猫呢
2023-10-07 20:22:06 V/Bot.2398493975: [獭獭没钱吃饭军团@🎤(887156367)] Freeze_Kirin@给獭獭打工军团(768173212) -> 我的猫呢
2023-10-07 20:22:19 V/Bot.2398493975: [獭獭没钱吃饭军团@🎤(887156367)] lax@牛牛道心破碎军团(269418386) -> [不支持的消息#-239953090]
2023-10-07 20:22:29 V/Bot.2398493975: [獭獭没钱吃饭军团@🎤(887156367)] 小獭ʕ❍ᴥ❍ʔ獭獭备战北黑复刻军团(1609323331) -> [mirai:image:{814543A3-80C4-2F98-8DDD-CBABB5724AB3}.png, width=268, height=208, size=28226, type=GIF, isEmoji=true]
2023-10-07 20:22:41 V/Bot.2398493975: [獭獭没钱吃饭军团@🎤(887156367)] Freeze_Kirin@给獭獭打工军团(768173212) -> 我的猫呢
2023-10-07 20:26:27 V/Bot.2398493975: [獭獭没钱吃饭军团@🎤(887156367)] 獭獭有钱吃饭军团太子(1297471104) -> [mirai:image:{D415AA66-865A-A3E4-FC7D-B4FA39A4558D}.png, width=102, height=28, size=4704, type=PNG, isEmoji=false]
2023-10-07 20:39:46 V/Bot.2398493975: [獭獭没钱吃饭军团@🎤(887156367)] lax@牛牛道心破碎军团(269418386) -> 逗猫视频
2023-10-07 20:41:09 V/Bot.2398493975: [獭獭没钱吃饭军团@🎤(887156367)] 哭哭Excel@被獭獭军团开除5次(472247053) -> [mirai:image:{069A1F5C-14BA-0826-B338-1A6034F01F8D}.png, width=368, height=286, size=88620, type=GIF, isEmoji=false]
2023-10-07 20:42:02 V/Bot.2398493975: [獭獭没钱吃饭军团@🎤(887156367)] 冰水@不会反身跳军团(308217149) -> [mirai:quote:[mirai:source:ids=[79992], internalIds=[1437991513], from 768173212 to 887156367 at 1696681326], content=<not yet initialized>]你有Ama-10
2023-10-07 20:46:01 I/UnidbgFetchQsign: Bot(2398493975) request_token, submit success
2023-10-07 20:49:33 V/Bot.2398493975: [獭獭没钱吃饭军团@🎤(887156367)] 小獭ʕ❍ᴥ❍ʔ獭獭备战北黑复刻军团(1609323331) -> 啊马仕
2023-10-07 21:23:25 V/Bot.2398493975: [SHT荔枝麻酱协会(493057481)] 布莱克提(690875992) -> 14900
2023-10-07 21:23:44 V/Bot.2398493975: [SHT荔枝麻酱协会(493057481)] 风行(1685448924) -> 18800
2023-10-07 21:24:18 V/Bot.2398493975: [SHT荔枝麻酱协会(493057481)] 豌豆射手(1520829968) -> -500
2023-10-07 21:24:55 V/Bot.2398493975: [SHT荔枝麻酱协会(493057481)] Achtung thee(964893961) -> 66800
2023-10-07 21:24:56 V/Bot.2398493975: Group(493057481) <- 记录成功：
Achtung thee: 66800
风行: 18800
布莱克提: 14900
豌豆射手: -500
2023-10-07 21:24:59 V/Bot.2398493975: [SHT荔枝麻酱协会(493057481)] 太空军校生(2727776885) -> ！记仇
2023-10-07 21:25:07 V/Bot.2398493975: [SHT荔枝麻酱协会(493057481)] 风行(1685448924) -> ！记仇
2023-10-07 21:25:30 V/Bot.2398493975: [SHT荔枝麻酱协会(493057481)] 太空军校生(2727776885) -> ！记仇[mirai:at:690875992] 
2023-10-07 21:25:31 V/Bot.2398493975: Group(493057481) <- 您与布莱克提共进行过1场对局，你对TA的仇恨值为1。
你的胜率：0.0%
你的均顺：2.0
对方均顺：1.0
2023-10-07 21:26:02 I/UnidbgFetchQsign: Bot(2398493975) request_token, submit success
2023-10-07 21:30:20 V/Bot.2398493975: [SHT荔枝麻酱协会(493057481)] 只困君(768173212) -> 37500
2023-10-07 21:30:34 V/Bot.2398493975: [SHT荔枝麻酱协会(493057481)] 大可奇丽(1485280964) -> 28500
2023-10-07 21:30:40 V/Bot.2398493975: [SHT荔枝麻酱协会(493057481)] 4000all！(1846411487) -> 6000
2023-10-07 21:30:41 V/Bot.2398493975: [SHT荔枝麻酱协会(493057481)] hzc(2384102753) -> 25900
2023-10-07 21:30:42 V/Bot.2398493975: Group(493057481) <- 点数有误，总和不为100000！
2023-10-07 21:31:16 V/Bot.2398493975: [獭獭没钱吃饭军团@🎤(887156367)] 冰水@不会反身跳军团(308217149) -> [mirai:image:{487260B6-76D7-7DC3-F3EA-B76D100FB8B7}.jpg, width=692, height=1920, size=178209, type=JPG, isEmoji=false]
2023-10-07 21:31:27 V/Bot.2398493975: [SHT荔枝麻酱协会(493057481)] 4000all！(1846411487) -> 8000
2023-10-07 21:31:28 V/Bot.2398493975: Group(493057481) <- 点数有误，总和不为100000！
2023-10-07 21:32:00 V/Bot.2398493975: [SHT荔枝麻酱协会(493057481)] 只困君(768173212) -> 37600
2023-10-07 21:32:01 V/Bot.2398493975: Group(493057481) <- 记录成功：
只困君: 37600
大可奇丽: 28500
hzc: 25900
4000all！: 8000
2023-10-07 21:32:59 V/Bot.2398493975: [SHT荔枝麻酱协会(493057481)] hzc(2384102753) -> [mirai:at:768173212] ！记仇
2023-10-07 21:33:01 V/Bot.2398493975: Group(493057481) <- 您与只困君共进行过8场对局，你对TA的仇恨值为9。
你的胜率：25.0%
你的均顺：2.88
对方均顺：1.75
2023-10-07 21:33:02 V/Bot.2398493975: [獭獭没钱吃饭军团@🎤(887156367)] lax@牛牛道心破碎军团(269418386) -> 第一口肉都吃完了
2023-10-07 21:33:20 V/Bot.2398493975: [SHT荔枝麻酱协会(493057481)] 大可奇丽(1485280964) -> [mirai:at:2384102753] ！记仇
2023-10-07 21:33:21 V/Bot.2398493975: [獭獭没钱吃饭军团@🎤(887156367)] lax@牛牛道心破碎军团(269418386) -> 该联动的都已经联动了
2023-10-07 21:33:21 V/Bot.2398493975: Group(493057481) <- 您与hzc共进行过2场对局，你对TA的仇恨值为-2。
你的胜率：100.0%
你的均顺：2.5
对方均顺：3.5
2023-10-07 21:33:35 V/Bot.2398493975: [SHT荔枝麻酱协会(493057481)] 只困君(768173212) -> 你的胜率：100%
2023-10-07 21:33:43 V/Bot.2398493975: [SHT荔枝麻酱协会(493057481)] 大可奇丽(1485280964) -> [mirai:image:{D6D013BD-D5B8-06FB-8144-874F1E210F83}.jpg, width=224, height=224, size=16934, type=JPG, isEmoji=true]
2023-10-07 21:35:01 V/Bot.2398493975: [SHT荔枝麻酱协会(493057481)] 4000all！(1846411487) -> [mirai:at:2384102753] ！记仇
2023-10-07 21:35:03 V/Bot.2398493975: Group(493057481) <- 您与hzc共进行过12场对局，你对TA的仇恨值为3。
你的胜率：41.67%
你的均顺：2.58
对方均顺：2.33
2023-10-07 21:35:34 V/Bot.2398493975: [SHT荔枝麻酱协会(493057481)] 冰水 麻将小怨妇(x(308217149) -> [mirai:at:2384102753] ！记仇
2023-10-07 21:35:35 V/Bot.2398493975: Group(493057481) <- 您未与hzc进行过对局。
2023-10-07 21:35:40 V/Bot.2398493975: [SHT荔枝麻酱协会(493057481)] 大可奇丽(1485280964) -> [mirai:image:{A6C0D52D-662D-D543-0F5B-E6D8406EAAEB}.jpg, width=196, height=196, size=11361, type=JPG, isEmoji=true]
2023-10-07 21:35:44 V/Bot.2398493975: [SHT荔枝麻酱协会(493057481)] Hatsune(467091276) -> @hzc ！记仇
2023-10-07 21:36:17 V/Bot.2398493975: [SHT荔枝麻酱协会(493057481)] hzc(2384102753) -> 自己打 复制黏贴不行
2023-10-07 21:36:25 V/Bot.2398493975: [SHT荔枝麻酱协会(493057481)] 布莱克提(690875992) -> @hzc！记仇
2023-10-07 21:36:57 V/Bot.2398493975: [SHT荔枝麻酱协会(493057481)] 布莱克提(690875992) -> @hzc!记仇
2023-10-07 21:37:11 V/Bot.2398493975: [SHT荔枝麻酱协会(493057481)] 布莱克提(690875992) -> [mirai:at:2384102753] ！记仇
2023-10-07 21:37:12 V/Bot.2398493975: Group(493057481) <- 您与hzc共进行过2场对局，你对TA的仇恨值为-3。
你的胜率：100.0%
你的均顺：1.0
对方均顺：2.5
2023-10-07 21:38:35 V/Bot.2398493975: [SHT荔枝麻酱协会(493057481)] Hatsune(467091276) -> [mirai:at:2384102753]  ！记仇
2023-10-07 21:38:36 V/Bot.2398493975: Group(493057481) <- 您与hzc共进行过18场对局，你对TA的仇恨值为-2。
你的胜率：44.44%
你的均顺：2.33
对方均顺：2.44
2023-10-07 21:39:11 V/Bot.2398493975: [SHT荔枝麻酱协会(493057481)] Hatsune(467091276) -> [mirai:quote:[mirai:source:ids=[288692], internalIds=[1192265394], from 2384102753 to 493057481 at 1696685777], content=<not yet initialized>][mirai:at:2384102753] 原来如此
2023-10-07 21:47:16 V/Bot.2398493975: [SHT荔枝麻酱协会(493057481)] 冰水 麻将小怨妇(x(308217149) -> haz：对万国宣战诏书
2023-10-07 21:47:18 V/Bot.2398493975: Event: GroupRecall(bot=Bot(2398493975), authorId=308217149, messageIds=[288700], messageInternalIds=[408601991], messageTime=1696686436, operator=NormalMember(308217149), group=Group(493057481), author=NormalMember(308217149))
2023-10-07 21:47:26 V/Bot.2398493975: [SHT荔枝麻酱协会(493057481)] 冰水 麻将小怨妇(x(308217149) -> hzc：对万国宣战诏书
2023-10-07 21:52:10 V/Bot.2398493975: [SHT荔枝麻酱协会(493057481)] Twilight(1014197424) -> hzc：对万国宣战诏书
2023-10-07 21:54:06 V/Bot.2398493975: [SHT荔枝麻酱协会(493057481)] 优雅猛牛(695150175) -> hzc：对万国宣战诏书
2023-10-07 21:54:51 V/Bot.2398493975: [SHT荔枝麻酱协会(493057481)] 千梦(449603499) -> hzc：对万国宣战诏书
2023-10-07 21:55:00 V/Bot.2398493975: [SHT荔枝麻酱协会(493057481)] 宅哥(2832900934) -> hzc：对万国宣战诏书
2023-10-07 21:55:13 V/Bot.2398493975: [SHT荔枝麻酱协会(493057481)] 寒意凉凉(2293528376) -> hzc：对万国宣战诏书
2023-10-07 21:56:19 V/Bot.2398493975: [SHT荔枝麻酱协会(493057481)] 大可奇丽(1485280964) -> hzc：对万国宣战诏书
2023-10-07 21:58:59 V/Bot.2398493975: [SHT荔枝麻酱协会(493057481)] 牙牙(1105692313) -> [mirai:at:2384102753] ！记仇
2023-10-07 21:59:01 V/Bot.2398493975: Group(493057481) <- 您与hzc共进行过6场对局，你对TA的仇恨值为-7。
你的胜率：66.67%
你的均顺：2.0
对方均顺：3.17
2023-10-07 22:00:14 V/Bot.2398493975: [SHT荔枝麻酱协会(493057481)] 娜可露露yyds(994836613) -> @hzc!记仇
2023-10-07 22:00:32 V/Bot.2398493975: [SHT荔枝麻酱协会(493057481)] 娜可露露yyds(994836613) -> @hzc ! 记仇
2023-10-07 22:00:49 V/Bot.2398493975: Event: GroupRecall(bot=Bot(2398493975), authorId=994836613, messageIds=[288710], messageInternalIds=[-363469566], messageTime=1696687214, operator=NormalMember(994836613), group=Group(493057481), author=NormalMember(994836613))
2023-10-07 22:00:52 V/Bot.2398493975: Event: GroupRecall(bot=Bot(2398493975), authorId=994836613, messageIds=[288711], messageInternalIds=[1418843633], messageTime=1696687231, operator=NormalMember(994836613), group=Group(493057481), author=NormalMember(994836613))
2023-10-07 22:01:53 V/Bot.2398493975: [SHT荔枝麻酱协会(493057481)] 娜可露露yyds(994836613) -> @hzc ！记仇
2023-10-07 22:02:09 V/Bot.2398493975: [SHT荔枝麻酱协会(493057481)] 娜可露露yyds(994836613) -> [mirai:image:{324BFB53-FA80-53C9-37B9-AD4CD7B3C147}.jpg, width=280, height=260, size=30126, type=GIF, isEmoji=true]
2023-10-07 22:02:59 V/Bot.2398493975: [SHT荔枝麻酱协会(493057481)] 优雅猛牛(695150175) -> [mirai:at:2384102753] ！记仇
2023-10-07 22:03:01 V/Bot.2398493975: Group(493057481) <- 您与hzc共进行过1场对局，你对TA的仇恨值为-2。
你的胜率：100.0%
你的均顺：1.0
对方均顺：3.0
2023-10-07 22:03:16 V/Bot.2398493975: [SHT荔枝麻酱协会(493057481)] Haha呵呵(1428547119) -> @hzc ！记仇
2023-10-07 22:03:23 V/Bot.2398493975: Event: GroupRecall(bot=Bot(2398493975), authorId=1428547119, messageIds=[288716], messageInternalIds=[-1082871100], messageTime=1696687396, operator=NormalMember(1428547119), group=Group(493057481), author=NormalMember(1428547119))
2023-10-07 22:03:41 V/Bot.2398493975: [SHT荔枝麻酱协会(493057481)] Haha呵呵(1428547119) -> @hzc ！记仇
2023-10-07 22:03:47 V/Bot.2398493975: [SHT荔枝麻酱协会(493057481)] 娜可露露yyds(994836613) -> [mirai:at:2384102753] ！记仇
2023-10-07 22:03:48 V/Bot.2398493975: Group(493057481) <- 您与hzc共进行过2场对局，你对TA的仇恨值为-2。
你的胜率：100.0%
你的均顺：2.5
对方均顺：3.5
2023-10-07 22:04:05 V/Bot.2398493975: [SHT荔枝麻酱协会(493057481)] Haha呵呵(1428547119) -> 为什么我没有触发机器人[疑问]
2023-10-07 22:04:16 V/Bot.2398493975: [SHT荔枝麻酱协会(493057481)] 优雅猛牛(695150175) -> 不能复制？
2023-10-07 22:04:29 V/Bot.2398493975: [SHT荔枝麻酱协会(493057481)] Haha呵呵(1428547119) -> 有可能，我再试试
2023-10-07 22:04:58 V/Bot.2398493975: [SHT荔枝麻酱协会(493057481)] Haha呵呵(1428547119) -> [mirai:at:2384102753] ！记仇
2023-10-07 22:04:59 V/Bot.2398493975: Group(493057481) <- 您与hzc共进行过1场对局，你对TA的仇恨值为1。
你的胜率：0.0%
你的均顺：3.0
对方均顺：2.0
2023-10-07 22:06:03 I/UnidbgFetchQsign: Bot(2398493975) request_token, submit success
2023-10-07 22:28:43 V/Bot.2398493975: [SHT荔枝麻酱协会(493057481)] 4000all！(1846411487) -> 24300
2023-10-07 22:28:51 V/Bot.2398493975: [SHT荔枝麻酱协会(493057481)] hzc(2384102753) -> -4000
2023-10-07 22:29:19 V/Bot.2398493975: [SHT荔枝麻酱协会(493057481)] 豌豆射手(1520829968) -> 36200
2023-10-07 22:29:20 V/Bot.2398493975: [SHT荔枝麻酱协会(493057481)] PULL THEM TO THEIR GRAVE !(522166330) -> 42500
2023-10-07 22:29:21 V/Bot.2398493975: Group(493057481) <- 点数有误，总和不为100000！
2023-10-07 22:29:37 V/Bot.2398493975: [SHT荔枝麻酱协会(493057481)] 4000all！(1846411487) -> 25300
2023-10-07 22:29:39 V/Bot.2398493975: Group(493057481) <- 记录成功：
PULL THEM TO THEIR GRAVE !: 42500
豌豆射手: 36200
4000all！: 25300
hzc: -4000
2023-10-07 22:46:09 I/UnidbgFetchQsign: Bot(2398493975) request_token, submit success
2023-10-07 23:09:51 V/Bot.2398493975: [SHT荔枝麻酱协会(493057481)] 布莱克提(690875992) -> 22800
2023-10-07 23:10:23 V/Bot.2398493975: [SHT荔枝麻酱协会(493057481)] 风行(1685448924) -> 14800
2023-10-07 23:10:31 V/Bot.2398493975: [SHT荔枝麻酱协会(493057481)] Achtung thee(964893961) -> 48800
2023-10-07 23:10:48 V/Bot.2398493975: [SHT荔枝麻酱协会(493057481)] 卡农变奏(530079804) -> 13600
2023-10-07 23:10:49 V/Bot.2398493975: Group(493057481) <- 记录成功：
Achtung thee: 48800
布莱克提: 22800
风行: 14800
卡农变奏: 13600
2023-10-07 23:11:01 V/Bot.2398493975: [SHT荔枝麻酱协会(493057481)] 风行(1685448924) -> ！吃鱼
2023-10-07 23:11:02 V/Bot.2398493975: Group(493057481) <- 昵称：风行
段位：3级
rate：1595.89
近期顺位：1141122323
更多数据请访问：http://shanghaitech-mahjong.top/userid/1685448924
2023-10-07 23:22:37 V/Bot.2398493975: [test(389193066)] dd小助手(3459246674) -> 赤五教教主亮亮 直播结束了
2023-10-07 23:22:47 V/Bot.2398493975: [test(389193066)] dd小助手(3459246674) -> [mirai:image:{77371D40-CEEF-5EDE-51E4-F2EB2DFA8A7B}.png, width=1000, height=6040, size=678110, type=PNG, isEmoji=false]
2023-10-07 23:26:09 I/UnidbgFetchQsign: Bot(2398493975) request_token, submit success
2023-10-07 23:36:31 V/Bot.2398493975: [SHT荔枝麻酱协会(493057481)] 4000all！(1846411487) -> ！吃鱼
2023-10-07 23:36:32 V/Bot.2398493975: Group(493057481) <- 昵称：4000all！
段位：2级
rate：1411.31
近期顺位：4322231243
更多数据请访问：http://shanghaitech-mahjong.top/userid/1846411487
2023-10-07 23:55:06 V/Bot.2398493975: [SHT荔枝麻酱协会(493057481)] hzc(2384102753) -> 22600
2023-10-07 23:55:19 V/Bot.2398493975: [SHT荔枝麻酱协会(493057481)] PULL THEM TO THEIR GRAVE !(522166330) -> 20200
2023-10-07 23:55:19 V/Bot.2398493975: [SHT荔枝麻酱协会(493057481)] 豌豆射手(1520829968) -> 22400
2023-10-07 23:56:13 V/Bot.2398493975: [SHT荔枝麻酱协会(493057481)] 4000all！(1846411487) -> 34800
2023-10-07 23:56:15 V/Bot.2398493975: Group(493057481) <- 记录成功：
4000all！: 34800
hzc: 22600
豌豆射手: 22400
PULL THEM TO THEIR GRAVE !: 20200
