2023-08-18 00:06:18 V/Bot.2398493975: [ç­ç­å“ªå‡‰å¿«å‘†å“ªå†›å›¢@(887156367)] èåœ@èåœè»å›£(690875992) -> ä½ ä»¬ä»€ä¹ˆæ—¶å€™å›žæ¥å•Š
2023-08-18 00:06:29 V/Bot.2398493975: [ç­ç­å“ªå‡‰å¿«å‘†å“ªå†›å›¢@(887156367)] zz@çºçºè»å›£(771507043) -> 19/9
2023-08-18 00:06:38 V/Bot.2398493975: [ç­ç­å“ªå‡‰å¿«å‘†å“ªå†›å›¢@(887156367)] èåœ@èåœè»å›£(690875992) -> ï¼Ÿï¼Ÿ
2023-08-18 00:06:40 V/Bot.2398493975: [ç­ç­å“ªå‡‰å¿«å‘†å“ªå†›å›¢@(887156367)] èåœ@èåœè»å›£(690875992) -> è¿˜æœ‰ä¸€ä¸ªæœˆ
2023-08-18 00:06:47 V/Bot.2398493975: [ç­ç­å“ªå‡‰å¿«å‘†å“ªå†›å›¢@(887156367)] ç­ç­ç¡è§‰å¤§è‡£@è¢«ç­ç­å†›å›¢å¼€é™¤(963423936) -> ä»Šå¹´æœ¬ç§‘ç”Ÿ9æœˆ26ä¸Šè¯¾
2023-08-18 00:06:50 V/Bot.2398493975: [ç­ç­å“ªå‡‰å¿«å‘†å“ªå†›å›¢@(887156367)] ç­ç­ç¡è§‰å¤§è‡£@è¢«ç­ç­å†›å›¢å¼€é™¤(963423936) -> ä½ è¯´ä»–å•¥æ—¶å€™å›žæ¥
2023-08-18 00:06:58 V/Bot.2398493975: [ç­ç­å“ªå‡‰å¿«å‘†å“ªå†›å›¢@(887156367)] èåœ@èåœè»å›£(690875992) -> 9æœˆ26å·ä¸Šè¯¾
2023-08-18 00:07:00 V/Bot.2398493975: [ç­ç­å“ªå‡‰å¿«å‘†å“ªå†›å›¢@(887156367)] èåœ@èåœè»å›£(690875992) -> å›žæ¥å¹²ä»€ä¹ˆ
2023-08-18 00:07:03 V/Bot.2398493975: [ç­ç­å“ªå‡‰å¿«å‘†å“ªå†›å›¢@(887156367)] èåœ@èåœè»å›£(690875992) -> å›žæ¥æ”¾å›½åº†å—
2023-08-18 00:07:08 V/Bot.2398493975: [ç­ç­å“ªå‡‰å¿«å‘†å“ªå†›å›¢@(887156367)] èåœ@èåœè»å›£(690875992) -> [mirai:image:{A78CAEA9-036A-4CCA-A6A8-31834F932611}.gif, width=368, height=290, size=141798, type=GIF, isEmoji=true]
2023-08-18 00:07:25 V/Bot.2398493975: [ç­ç­å“ªå‡‰å¿«å‘†å“ªå†›å›¢@(887156367)] zz@çºçºè»å›£(771507043) -> å›žæ¥å…ˆæ”¾ä¸­ç§‹å†æ”¾å›½åº†
2023-08-18 00:07:52 V/Bot.2398493975: [ç­ç­å“ªå‡‰å¿«å‘†å“ªå†›å›¢@(887156367)] èåœ@èåœè»å›£(690875992) -> [mirai:image:{9FD17DA2-3728-E266-EEB8-3C9CA3975853}.gif, width=240, height=240, size=97016, type=GIF, isEmoji=true]
2023-08-18 00:09:11 V/Bot.2398493975: [ç­ç­å“ªå‡‰å¿«å‘†å“ªå†›å›¢@(887156367)] zz@çºçºè»å›£(771507043) -> è¯è¯´é‚£å‰ä¸¤å‘¨è°ƒè¯¾çª—å£æœŸæ˜¯åˆ°çº¦7/10è¿˜æ˜¯çº¦14/10
2023-08-18 00:09:21 V/Bot.2398493975: [ç­ç­å“ªå‡‰å¿«å‘†å“ªå†›å›¢@(887156367)] å°ç­æš—æ‹ç¦ç¦æš—æ‹soyoæš—æ‹ç¥¥å­æš—æ‹ç¯æš—æ‹anon(1609323331) -> [mirai:marketface:235125,[ç–‘é—®]]
2023-08-18 00:31:22 I/UnidbgFetchQsign: Bot(2398493975) request_token, submit success
2023-08-18 00:38:45 V/Bot.2398493975: [ç­ç­å“ªå‡‰å¿«å‘†å“ªå†›å›¢@(887156367)] ç­ç­å“ªå‡‰å¿«å‘†å“ªå†›å›¢(1297471104) -> åŽŸæ¥é›€é­‚çœŸæœ‰æ–°çš„ç‰Œé¢
2023-08-18 00:38:54 V/Bot.2398493975: [ç­ç­å“ªå‡‰å¿«å‘†å“ªå†›å›¢@(887156367)] ç­ç­å“ªå‡‰å¿«å‘†å“ªå†›å›¢(1297471104) -> #ä¸¾æŠ¥é›€é­‚æŠ„è¢­è€çˆ¶äº²åˆ›æ„
2023-08-18 00:50:46 V/Bot.2398493975: [ç­ç­å“ªå‡‰å¿«å‘†å“ªå†›å›¢@(887156367)] å°ç­æš—æ‹ç¦ç¦æš—æ‹soyoæš—æ‹ç¥¥å­æš—æ‹ç¯æš—æ‹anon(1609323331) -> wyå€’åœ¨å†³èµ›åœˆäº†å—
2023-08-18 00:50:54 V/Bot.2398493975: [ç­ç­å“ªå‡‰å¿«å‘†å“ªå†›å›¢@(887156367)] å°ç­æš—æ‹ç¦ç¦æš—æ‹soyoæš—æ‹ç¥¥å­æš—æ‹ç¯æš—æ‹anon(1609323331) -> [mirai:image:{FB9C65FB-5685-1B12-1B13-836B38246164}.png, width=292, height=205, size=61102, type=GIF, isEmoji=true]
2023-08-18 00:57:25 V/Bot.2398493975: [ç­ç­å“ªå‡‰å¿«å‘†å“ªå†›å›¢@(887156367)] hzc@ç­ç­è»å›£äºŒåº¦å—(2384102753) -> ï¼Ÿ
2023-08-18 01:08:36 V/Bot.2398493975: [ç­ç­å“ªå‡‰å¿«å‘†å“ªå†›å›¢@(887156367)] hzc@ç­ç­è»å›£äºŒåº¦å—(2384102753) -> wyæ—©å°±æ˜¯å† å†›äº†
2023-08-18 01:10:55 V/Bot.2398493975: [ç­ç­å“ªå‡‰å¿«å‘†å“ªå†›å›¢@(887156367)] èåœ@èåœè»å›£(690875992) -> wyæ—©å°±æ˜¯å† å†›äº†
2023-08-18 01:11:23 I/UnidbgFetchQsign: Bot(2398493975) request_token, submit success
2023-08-18 01:34:42 V/Bot.2398493975: [ç­ç­å“ªå‡‰å¿«å‘†å“ªå†›å›¢@(887156367)] å†°æ°´@ä¸ä¼šåèº«è·³å†›å›¢(308217149) -> è‰ è¿™è¯ºè‰¾å°”12
2023-08-18 01:34:47 V/Bot.2398493975: [ç­ç­å“ªå‡‰å¿«å‘†å“ªå†›å›¢@(887156367)] å†°æ°´@ä¸ä¼šåèº«è·³å†›å›¢(308217149) -> ä»€ä¹ˆé€†è½¬è£åˆ¤
2023-08-18 01:51:29 I/UnidbgFetchQsign: Bot(2398493975) request_token, submit success
2023-08-18 02:31:30 I/UnidbgFetchQsign: Bot(2398493975) request_token, submit success
2023-08-18 02:59:19 V/Bot.2398493975: [ç­ç­å“ªå‡‰å¿«å‘†å“ªå†›å›¢@(887156367)] å°ç­æš—æ‹ç¦ç¦æš—æ‹soyoæš—æ‹ç¥¥å­æš—æ‹ç¯æš—æ‹anon(1609323331) -> ï¼Ÿã€‚[mirai:image:{E7409057-BEBA-E4D1-23A0-FD8935E669FE}.png, width=2388, height=1668, size=419451, type=JPG, isEmoji=false]
2023-08-18 03:07:20 V/Bot.2398493975: [ç­ç­å“ªå‡‰å¿«å‘†å“ªå†›å›¢@(887156367)] hzc@ç­ç­è»å›£äºŒåº¦å—(2384102753) -> +13.9pt
2023-08-18 03:07:29 V/Bot.2398493975: [ç­ç­å“ªå‡‰å¿«å‘†å“ªå†›å›¢@(887156367)] èåœ@èåœè»å›£(690875992) -> +13.9pt
2023-08-18 03:09:41 V/Bot.2398493975: [ç­ç­å“ªå‡‰å¿«å‘†å“ªå†›å›¢@(887156367)] å°ç­æš—æ‹ç¦ç¦æš—æ‹soyoæš—æ‹ç¥¥å­æš—æ‹ç¯æš—æ‹anon(1609323331) -> [mirai:image:{B467A962-2533-C313-0473-178A4BDD78EE}.png, width=728, height=120, size=15234, type=JPG, isEmoji=false]
2023-08-18 03:11:30 I/UnidbgFetchQsign: Bot(2398493975) request_token, submit success
2023-08-18 03:14:54 V/Bot.2398493975: [ç­ç­å“ªå‡‰å¿«å‘†å“ªå†›å›¢@(887156367)] èåœ@èåœè»å›£(690875992) -> [mirai:image:{77BBD081-05DF-F8EB-5FA0-9D1CD13CCC6B}.jpg, width=1053, height=744, size=85207, type=PNG, isEmoji=false]
2023-08-18 03:16:48 V/Bot.2398493975: [ç­ç­å“ªå‡‰å¿«å‘†å“ªå†›å›¢@(887156367)] èåœ@èåœè»å›£(690875992) -> [mirai:image:{0E834FF7-6196-0848-9EEE-52F119D11219}.jpg, width=576, height=1280, size=84762, type=JPG, isEmoji=false]
2023-08-18 03:17:00 V/Bot.2398493975: [ç­ç­å“ªå‡‰å¿«å‘†å“ªå†›å›¢@(887156367)] èåœ@èåœè»å›£(690875992) -> åƒç‰›
2023-08-18 03:17:47 V/Bot.2398493975: [ç­ç­å“ªå‡‰å¿«å‘†å“ªå†›å›¢@(887156367)] èåœ@èåœè»å›£(690875992) -> [mirai:image:{1251B6ED-2517-4201-2180-EA168C63E561}.png, width=923, height=502, size=754176, type=PNG, isEmoji=false]
2023-08-18 03:21:54 V/Bot.2398493975: [ç­ç­å“ªå‡‰å¿«å‘†å“ªå†›å›¢@(887156367)] å°ç­æš—æ‹ç¦ç¦æš—æ‹soyoæš—æ‹ç¥¥å­æš—æ‹ç¯æš—æ‹anon(1609323331) -> è¿™ä¸æ˜¯åœ¨é‚£ä¸ªä¿¡é•¿è¾¹ä¸Šå—
2023-08-18 03:22:05 V/Bot.2398493975: [ç­ç­å“ªå‡‰å¿«å‘†å“ªå†›å›¢@(887156367)] å°ç­æš—æ‹ç¦ç¦æš—æ‹soyoæš—æ‹ç¥¥å­æš—æ‹ç¯æš—æ‹anon(1609323331) -> å‡Œæ²³è·¯783
2023-08-18 03:22:10 V/Bot.2398493975: [ç­ç­å“ªå‡‰å¿«å‘†å“ªå†›å›¢@(887156367)] èåœ@èåœè»å›£(690875992) -> æ˜¯
2023-08-18 03:22:15 V/Bot.2398493975: [ç­ç­å“ªå‡‰å¿«å‘†å“ªå†›å›¢@(887156367)] å°ç­æš—æ‹ç¦ç¦æš—æ‹soyoæš—æ‹ç¥¥å­æš—æ‹ç¯æš—æ‹anon(1609323331) -> [mirai:image:{1FBDBB1A-70AF-1063-EC75-0E0A32AE1379}.png, width=180, height=180, size=45466, type=GIF, isEmoji=true]
2023-08-18 03:23:28 V/Bot.2398493975: [ç­ç­å“ªå‡‰å¿«å‘†å“ªå†›å›¢@(887156367)] èåœ@èåœè»å›£(690875992) -> [mirai:image:{E1E6D0F1-3C62-307D-A466-279181B4C13D}.png, width=685, height=486, size=41053, type=PNG, isEmoji=false]
2023-08-18 03:23:46 V/Bot.2398493975: [ç­ç­å“ªå‡‰å¿«å‘†å“ªå†›å›¢@(887156367)] èåœ@èåœè»å›£(690875992) -> èŠå£«è±†è…
2023-08-18 03:23:48 V/Bot.2398493975: [ç­ç­å“ªå‡‰å¿«å‘†å“ªå†›å›¢@(887156367)] èåœ@èåœè»å›£(690875992) -> good
2023-08-18 03:25:43 V/Bot.2398493975: [ç­ç­å“ªå‡‰å¿«å‘†å“ªå†›å›¢@(887156367)] å°ç­æš—æ‹ç¦ç¦æš—æ‹soyoæš—æ‹ç¥¥å­æš—æ‹ç¯æš—æ‹anon(1609323331) -> [mirai:image:{0855DA7E-90F7-DC29-11AB-E28B34252545}.png, width=240, height=240, size=188208, type=GIF, isEmoji=true]
2023-08-18 03:31:05 V/Bot.2398493975: [ç­ç­å“ªå‡‰å¿«å‘†å“ªå†›å›¢@(887156367)] hzc@ç­ç­è»å›£äºŒåº¦å—(2384102753) -> [mirai:image:{A3C56810-0293-8086-658D-531E0E0B1790}.gif, width=512, height=512, size=129498, type=GIF, isEmoji=false]
2023-08-18 03:51:36 I/UnidbgFetchQsign: Bot(2398493975) request_token, submit success
2023-08-18 04:31:37 I/UnidbgFetchQsign: Bot(2398493975) request_token, submit success
2023-08-18 05:11:38 I/UnidbgFetchQsign: Bot(2398493975) request_token, submit success
2023-08-18 05:51:44 I/UnidbgFetchQsign: Bot(2398493975) request_token, submit success
2023-08-18 06:31:45 I/UnidbgFetchQsign: Bot(2398493975) request_token, submit success
2023-08-18 06:51:56 V/Bot.2398493975: [ç­ç­å“ªå‡‰å¿«å‘†å“ªå†›å›¢@(887156367)] Freeze_Kirin(768173212) -> [mirai:quote:[mirai:source:ids=[59937], internalIds=[1959805], from 1609323331 to 887156367 at 1692291046], content=<not yet initialized>][mirai:at:1609323331] æ™®é€šæ„Ÿå†’ã€‚å·²ç»å¤æ´»äº†
2023-08-18 06:52:03 V/Bot.2398493975: [ç­ç­å“ªå‡‰å¿«å‘†å“ªå†›å›¢@(887156367)] Freeze_Kirin(768173212) -> [mirai:image:{F724B45E-F37B-EEAA-6E02-99856F0E8DD7}.png, width=164, height=120, size=102079, type=GIF, isEmoji=true]
2023-08-18 06:58:44 V/Bot.2398493975: [ç­ç­å“ªå‡‰å¿«å‘†å“ªå†›å›¢@(887156367)] ç­ç­ç¡è§‰å¤§è‡£@è¢«ç­ç­å†›å›¢å¼€é™¤(963423936) -> [mirai:image:{05919B55-D12E-11BD-7C76-D06FAD553D12}.png, width=370, height=296, size=100522, type=GIF, isEmoji=true]
2023-08-18 07:11:45 I/UnidbgFetchQsign: Bot(2398493975) request_token, submit success
2023-08-18 07:41:44 V/Bot.2398493975: [ç­ç­å“ªå‡‰å¿«å‘†å“ªå†›å›¢@(887156367)] lax@ç‰›ç‰›é“å¿ƒç ´ç¢Žå†›å›¢(269418386) -> wyè¿˜åœ¨æ‰“è¯ wyè¿˜æ´»ç€ï¼
2023-08-18 07:51:51 I/UnidbgFetchQsign: Bot(2398493975) request_token, submit success
2023-08-18 08:23:09 V/Bot.2398493975: [ç­ç­å“ªå‡‰å¿«å‘†å“ªå†›å›¢@(887156367)] lax@ç‰›ç‰›é“å¿ƒç ´ç¢Žå†›å›¢(269418386) -> [mirai:image:{81AA3370-9276-D5A3-3D03-128E77AE867B}.png, width=1280, height=766, size=479211, type=PNG, isEmoji=false]
2023-08-18 08:31:52 I/UnidbgFetchQsign: Bot(2398493975) request_token, submit success
2023-08-18 08:49:59 V/Bot.2398493975: [ç­ç­å“ªå‡‰å¿«å‘†å“ªå†›å›¢@(887156367)] ä¼˜é›…çŒ›ç‰›(695150175) -> ç¬‘æ­»
2023-08-18 08:50:19 V/Bot.2398493975: [ç­ç­å“ªå‡‰å¿«å‘†å“ªå†›å›¢@(887156367)] ä¼˜é›…çŒ›ç‰›(695150175) -> è¶…çº§å°æ¡€èŠ±é’±é“æ­‰
2023-08-18 08:50:46 V/Bot.2398493975: [ç­ç­å“ªå‡‰å¿«å‘†å“ªå†›å›¢@(887156367)] ä¼˜é›…çŒ›ç‰›(695150175) -> [æš—ä¸­è§‚å¯Ÿ]
2023-08-18 08:51:16 V/Bot.2398493975: [ç­ç­å“ªå‡‰å¿«å‘†å“ªå†›å›¢@(887156367)] ä¼˜é›…çŒ›ç‰›(695150175) -> åœ¨ä»–é‚£ä¹°æœºå­çš„éƒ½ç¬‘äº†
2023-08-18 08:57:40 V/Bot.2398493975: [ç­ç­å“ªå‡‰å¿«å‘†å“ªå†›å›¢@(887156367)] lax@ç‰›ç‰›é“å¿ƒç ´ç¢Žå†›å›¢(269418386) -> ç‰›æ€Žä¹ˆä¸åŽ»è¹­æ³¢çƒ­åº¦
2023-08-18 08:57:50 V/Bot.2398493975: [ç­ç­å“ªå‡‰å¿«å‘†å“ªå†›å›¢@(887156367)] lax@ç‰›ç‰›é“å¿ƒç ´ç¢Žå†›å›¢(269418386) -> æ—©ç‚¹ä¸‹å•ç›´æŽ¥å‡çº§
2023-08-18 08:59:27 V/Bot.2398493975: [ç­ç­å“ªå‡‰å¿«å‘†å“ªå†›å›¢@(887156367)] lax@ç‰›ç‰›é“å¿ƒç ´ç¢Žå†›å›¢(269418386) -> ä¸è¿‡æˆ‘çœ‹è¯„è®º å‡çº§äº†ä¹Ÿå°±æ˜¯æžåˆ°äº†æˆæœ¬ä»·
2023-08-18 08:59:50 V/Bot.2398493975: [ç­ç­å“ªå‡‰å¿«å‘†å“ªå†›å›¢@(887156367)] lax@ç‰›ç‰›é“å¿ƒç ´ç¢Žå†›å›¢(269418386) -> ä¼šäºä¸€ç‚¹ ä½†æ˜¯è¿™æ˜¯è¯æœ¯
2023-08-18 09:03:19 E/mirai-login-solver-sakura: [id: 0x9ecb0746, L:/192.168.0.89:22333 - R:/91.191.209.202:64449] [exceptionCaught]
java.net.SocketException: Connection reset
	at java.base/sun.nio.ch.SocketChannelImpl.throwConnectionReset(SocketChannelImpl.java:394)
	at java.base/sun.nio.ch.SocketChannelImpl.read(SocketChannelImpl.java:426)
	at mirai-login-solver-sakura-0.0.11.mirai2.jar[private]//io.netty.buffer.PooledByteBuf.setBytes(PooledByteBuf.java:259)
	at mirai-login-solver-sakura-0.0.11.mirai2.jar[private]//io.netty.buffer.AbstractByteBuf.writeBytes(AbstractByteBuf.java:1132)
	at mirai-login-solver-sakura-0.0.11.mirai2.jar[private]//io.netty.channel.socket.nio.NioSocketChannel.doReadBytes(NioSocketChannel.java:357)
	at mirai-login-solver-sakura-0.0.11.mirai2.jar[private]//io.netty.channel.nio.AbstractNioByteChannel$NioByteUnsafe.read(AbstractNioByteChannel.java:151)
	at mirai-login-solver-sakura-0.0.11.mirai2.jar[private]//io.netty.channel.nio.NioEventLoop.processSelectedKey(NioEventLoop.java:788)
	at mirai-login-solver-sakura-0.0.11.mirai2.jar[private]//io.netty.channel.nio.NioEventLoop.processSelectedKeysOptimized(NioEventLoop.java:724)
	at mirai-login-solver-sakura-0.0.11.mirai2.jar[private]//io.netty.channel.nio.NioEventLoop.processSelectedKeys(NioEventLoop.java:650)
	at mirai-login-solver-sakura-0.0.11.mirai2.jar[private]//io.netty.channel.nio.NioEventLoop.run(NioEventLoop.java:562)
	at mirai-login-solver-sakura-0.0.11.mirai2.jar[private]//io.netty.util.concurrent.SingleThreadEventExecutor$4.run(SingleThreadEventExecutor.java:997)
	at mirai-login-solver-sakura-0.0.11.mirai2.jar[private]//io.netty.util.internal.ThreadExecutorMap$2.run(ThreadExecutorMap.java:74)
	at java.base/java.lang.Thread.run(Thread.java:833)

2023-08-18 09:03:19 W/io.netty.channel.DefaultChannelPipeline: An exceptionCaught() event was fired, and it reached at the tail of the pipeline. It usually means the last handler in the pipeline did not handle the exception.
java.net.SocketException: Connection reset
	at java.base/sun.nio.ch.SocketChannelImpl.throwConnectionReset(SocketChannelImpl.java:394)
	at java.base/sun.nio.ch.SocketChannelImpl.read(SocketChannelImpl.java:426)
	at mirai-login-solver-sakura-0.0.11.mirai2.jar[private]//io.netty.buffer.PooledByteBuf.setBytes(PooledByteBuf.java:259)
	at mirai-login-solver-sakura-0.0.11.mirai2.jar[private]//io.netty.buffer.AbstractByteBuf.writeBytes(AbstractByteBuf.java:1132)
	at mirai-login-solver-sakura-0.0.11.mirai2.jar[private]//io.netty.channel.socket.nio.NioSocketChannel.doReadBytes(NioSocketChannel.java:357)
	at mirai-login-solver-sakura-0.0.11.mirai2.jar[private]//io.netty.channel.nio.AbstractNioByteChannel$NioByteUnsafe.read(AbstractNioByteChannel.java:151)
	at mirai-login-solver-sakura-0.0.11.mirai2.jar[private]//io.netty.channel.nio.NioEventLoop.processSelectedKey(NioEventLoop.java:788)
	at mirai-login-solver-sakura-0.0.11.mirai2.jar[private]//io.netty.channel.nio.NioEventLoop.processSelectedKeysOptimized(NioEventLoop.java:724)
	at mirai-login-solver-sakura-0.0.11.mirai2.jar[private]//io.netty.channel.nio.NioEventLoop.processSelectedKeys(NioEventLoop.java:650)
	at mirai-login-solver-sakura-0.0.11.mirai2.jar[private]//io.netty.channel.nio.NioEventLoop.run(NioEventLoop.java:562)
	at mirai-login-solver-sakura-0.0.11.mirai2.jar[private]//io.netty.util.concurrent.SingleThreadEventExecutor$4.run(SingleThreadEventExecutor.java:997)
	at mirai-login-solver-sakura-0.0.11.mirai2.jar[private]//io.netty.util.internal.ThreadExecutorMap$2.run(ThreadExecutorMap.java:74)
	at java.base/java.lang.Thread.run(Thread.java:833)

2023-08-18 09:11:53 I/UnidbgFetchQsign: Bot(2398493975) request_token, submit success
2023-08-18 09:44:46 V/Bot.2398493975: Event: MemberJoinEvent.Active(member=2959586152)
2023-08-18 09:51:59 I/UnidbgFetchQsign: Bot(2398493975) request_token, submit success
2023-08-18 10:32:00 I/UnidbgFetchQsign: Bot(2398493975) request_token, submit success
2023-08-18 10:35:33 V/Bot.2398493975: [SHTè”æžéº»é…±åä¼š(493057481)] Nï¼Tï¼Rï¼ï¼ï¼(269418386) -> å“ªä¸ªç®¡ç†å‘˜æ—©ä¸Šä¸ç¡è§‰
2023-08-18 10:39:32 V/Bot.2398493975: [SHTè”æžéº»é…±åä¼š(493057481)] 700Â·400(928632210) -> [mirai:image:{CA0E6D17-552A-60F0-CF0F-EF8E1F9BD86A}.jpg, width=710, height=578, size=50049, type=JPG, isEmoji=true]
2023-08-18 10:41:05 V/Bot.2398493975: [SHTè”æžéº»é…±åä¼š(493057481)] 700Â·400(928632210) -> åˆšæƒ³è¯´ä»Šå¤©ä¸æ˜¯å‘¨äº”å—ï¼Œæƒ³èµ·æ¥åŽŸæ¥å­¦æ ¡è¿˜åœ¨æš‘å‡
2023-08-18 10:41:43 V/Bot.2398493975: [SHTè”æžéº»é…±åä¼š(493057481)] 700Â·400(928632210) -> æ—©ä¸Šå›¢å»ºï¼Œå…¬å¸è½¦ä»Žå¾æ±‡åŽ»å´‡æ˜Žï¼Œè·¯è¿‡å­¦æ ¡ä¸€çœ¼çœ‹åˆ°ç‰©è´¨å¡”
2023-08-18 10:47:14 V/Bot.2398493975: [SHTè”æžéº»é…±åä¼š(493057481)] Nï¼Tï¼Rï¼ï¼ï¼(269418386) -> [mirai:image:{AF3F0834-CE1A-C9F1-3942-926C0C79FF9F}.jpg, width=150, height=150, size=5701, type=JPG, isEmoji=true]
2023-08-18 10:51:20 V/Bot.2398493975: [ç­ç­å“ªå‡‰å¿«å‘†å“ªå†›å›¢@(887156367)] lax@ç‰›ç‰›é“å¿ƒç ´ç¢Žå†›å›¢(269418386) -> [mirai:image:{1FCEB732-42F8-5824-2AE5-316F8CC17F29}.jpg, width=774, height=634, size=45759, type=JPG, isEmoji=false]
2023-08-18 10:51:32 V/Bot.2398493975: [ç­ç­å“ªå‡‰å¿«å‘†å“ªå†›å›¢@(887156367)] lax@ç‰›ç‰›é“å¿ƒç ´ç¢Žå†›å›¢(269418386) -> [mirai:image:{17633C4F-C376-7457-F46E-38EDA61CAD51}.jpg, width=1164, height=370, size=48250, type=JPG, isEmoji=false]
2023-08-18 10:51:56 V/Bot.2398493975: [SHTè”æžéº»é…±åä¼š(493057481)] 700Â·400(928632210) -> [mirai:image:{C538C57C-45AA-CF8F-CA09-1F29FB986939}.jpg, width=300, height=300, size=12040, type=JPG, isEmoji=true]
2023-08-18 10:51:57 V/Bot.2398493975: [ç­ç­å“ªå‡‰å¿«å‘†å“ªå†›å›¢@(887156367)] lax@ç‰›ç‰›é“å¿ƒç ´ç¢Žå†›å›¢(269418386) -> å¯æƒœç‰Œä½¬kirinä¸çŽ©å®å¯æ¢¦
2023-08-18 10:53:04 V/Bot.2398493975: [ç­ç­å“ªå‡‰å¿«å‘†å“ªå†›å›¢@(887156367)] Freeze_Kirin(768173212) -> å•Šï¼Ÿkirinä¸å®Œå®å¯æ¢¦å—
2023-08-18 10:54:17 V/Bot.2398493975: [ç­ç­å“ªå‡‰å¿«å‘†å“ªå†›å›¢@(887156367)] lax@ç‰›ç‰›é“å¿ƒç ´ç¢Žå†›å›¢(269418386) -> å•Šï¼ŸkirinçŽ©å®å¯æ¢¦å—
2023-08-18 10:54:35 V/Bot.2398493975: [ç­ç­å“ªå‡‰å¿«å‘†å“ªå†›å›¢@(887156367)] Freeze_Kirin(768173212) -> ä»–çŽ©å•Š
2023-08-18 10:54:41 V/Bot.2398493975: [ç­ç­å“ªå‡‰å¿«å‘†å“ªå†›å›¢@(887156367)] Freeze_Kirin(768173212) -> ä¹‹å‰ä¸æ˜¯å¼€è¿‡å¡åŒ…
2023-08-18 10:55:02 V/Bot.2398493975: [ç­ç­å“ªå‡‰å¿«å‘†å“ªå†›å›¢@(887156367)] lax@ç‰›ç‰›é“å¿ƒç ´ç¢Žå†›å›¢(269418386) -> å®Œäº† kirinæ˜¯ä¸‹å¤´ç”·
2023-08-18 10:56:03 V/Bot.2398493975: [ç­ç­å“ªå‡‰å¿«å‘†å“ªå†›å›¢@(887156367)] å“­å“­Kirin@ä¹Ÿè¢«ç­ç­å†›å›¢å¼€é™¤(472247053) -> ?
2023-08-18 10:56:11 V/Bot.2398493975: [ç­ç­å“ªå‡‰å¿«å‘†å“ªå†›å›¢@(887156367)] å“­å“­Kirin@ä¹Ÿè¢«ç­ç­å†›å›¢å¼€é™¤(472247053) -> æˆ‘ä»€ä¹ˆæ—¶å€™ç¢°è¿‡ptcg
2023-08-18 10:56:20 V/Bot.2398493975: [ç­ç­å“ªå‡‰å¿«å‘†å“ªå†›å›¢@(887156367)] å“­å“­Kirin@ä¹Ÿè¢«ç­ç­å†›å›¢å¼€é™¤(472247053) -> ä½ ä¸è¦å‡­ç©ºæ±¡äººæ¸…ç™½
2023-08-18 10:56:23 V/Bot.2398493975: [ç­ç­å“ªå‡‰å¿«å‘†å“ªå†›å›¢@(887156367)] Freeze_Kirin(768173212) -> å•Šï¼Ÿ
2023-08-18 10:56:42 V/Bot.2398493975: [ç­ç­å“ªå‡‰å¿«å‘†å“ªå†›å›¢@(887156367)] Freeze_Kirin(768173212) -> é‚£ä½ ä¹‹å‰åœ¨å­¦æ´»å¼€çš„æ˜¯å•¥
2023-08-18 10:56:48 V/Bot.2398493975: [ç­ç­å“ªå‡‰å¿«å‘†å“ªå†›å›¢@(887156367)] Freeze_Kirin(768173212) -> [mirai:image:{7B4FAB6B-0BA8-0F4C-F8DC-B2AF31AB603E}.png, width=512, height=512, size=192357, type=GIF, isEmoji=true]
2023-08-18 10:57:08 V/Bot.2398493975: [ç­ç­å“ªå‡‰å¿«å‘†å“ªå†›å›¢@(887156367)] å“­å“­Kirin@ä¹Ÿè¢«ç­ç­å†›å›¢å¼€é™¤(472247053) -> ä¸¤ç›’æ”¶è—ç”¨çš„dtcgé¢„ç»„ï¼Ÿ
2023-08-18 10:57:15 V/Bot.2398493975: [ç­ç­å“ªå‡‰å¿«å‘†å“ªå†›å›¢@(887156367)] å“­å“­Kirin@ä¹Ÿè¢«ç­ç­å†›å›¢å¼€é™¤(472247053) -> å¼€çš„éƒ½æ˜¯æ¸¸æˆçŽ‹å’Œws
2023-08-18 10:57:25 V/Bot.2398493975: [ç­ç­å“ªå‡‰å¿«å‘†å“ªå†›å›¢@(887156367)] Freeze_Kirin(768173212) -> å“¦å“¦dtcg
2023-08-18 10:57:29 V/Bot.2398493975: [ç­ç­å“ªå‡‰å¿«å‘†å“ªå†›å›¢@(887156367)] Freeze_Kirin(768173212) -> é‚£æˆ‘è®°é”™äº†
2023-08-18 10:57:30 V/Bot.2398493975: [ç­ç­å“ªå‡‰å¿«å‘†å“ªå†›å›¢@(887156367)] Freeze_Kirin(768173212) -> [mirai:image:{7AAB86C2-2E54-B41B-1127-E416989F377D}.png, width=124, height=139, size=6514, type=JPG, isEmoji=true]
2023-08-18 10:57:41 V/Bot.2398493975: [ç­ç­å“ªå‡‰å¿«å‘†å“ªå†›å›¢@(887156367)] å“­å“­Kirin@ä¹Ÿè¢«ç­ç­å†›å›¢å¼€é™¤(472247053) -> [mirai:image:{A78CAEA9-036A-4CCA-A6A8-31834F932611}.jpg, width=368, height=290, size=141798, type=GIF, isEmoji=true]
2023-08-18 10:58:43 V/Bot.2398493975: [ç­ç­å“ªå‡‰å¿«å‘†å“ªå†›å›¢@(887156367)] lax@ç‰›ç‰›é“å¿ƒç ´ç¢Žå†›å›¢(269418386) -> ä½†æ˜¯Freeze_Kirinè¯´æ˜¯è¯¶
2023-08-18 10:59:32 V/Bot.2398493975: [ç­ç­å“ªå‡‰å¿«å‘†å“ªå†›å›¢@(887156367)] å“­å“­Kirin@ä¹Ÿè¢«ç­ç­å†›å›¢å¼€é™¤(472247053) -> [mirai:image:{4A59C07F-F438-5045-26C4-43EF860D25FC}.jpg, width=534, height=356, size=2301689, type=GIF, isEmoji=true]
2023-08-18 10:59:40 V/Bot.2398493975: [ç­ç­å“ªå‡‰å¿«å‘†å“ªå†›å›¢@(887156367)] Freeze_Kirin(768173212) -> [mirai:image:{68974EB6-7745-0A36-AB65-A0ABBF602DC6}.png, width=370, height=300, size=52040, type=GIF, isEmoji=true]
2023-08-18 11:12:00 I/UnidbgFetchQsign: Bot(2398493975) request_token, submit success
2023-08-18 11:21:59 V/Bot.2398493975: [ç­ç­å“ªå‡‰å¿«å‘†å“ªå†›å›¢@(887156367)] ç­ç­ç¡è§‰å¤§è‡£@è¢«ç­ç­å†›å›¢å¼€é™¤(963423936) -> [mirai:image:{05919B55-D12E-11BD-7C76-D06FAD553D12}.png, width=370, height=296, size=100522, type=GIF, isEmoji=true]
2023-08-18 11:52:06 I/UnidbgFetchQsign: Bot(2398493975) request_token, submit success
2023-08-18 12:32:07 I/UnidbgFetchQsign: Bot(2398493975) request_token, submit success
2023-08-18 12:38:38 V/Bot.2398493975: [ç­ç­å“ªå‡‰å¿«å‘†å“ªå†›å›¢@(887156367)] èåœ@èåœè»å›£(690875992) -> [mirai:image:{1F45A80E-2037-F8EC-CFC9-A5665854D5FB}.gif, width=340, height=284, size=213665, type=GIF, isEmoji=true]
2023-08-18 12:40:13 V/Bot.2398493975: [ç­ç­å“ªå‡‰å¿«å‘†å“ªå†›å›¢@(887156367)] å“­å“­Kirin@ä¹Ÿè¢«ç­ç­å†›å›¢å¼€é™¤(472247053) -> [mirai:image:{5FA32A11-E1CC-2E63-CA21-7CC47FFCF4B2}.png, width=241, height=57, size=3219, type=PNG, isEmoji=false]
2023-08-18 12:40:14 V/Bot.2398493975: [ç­ç­å“ªå‡‰å¿«å‘†å“ªå†›å›¢@(887156367)] å“­å“­Kirin@ä¹Ÿè¢«ç­ç­å†›å›¢å¼€é™¤(472247053) -> [mirai:image:{1F45A80E-2037-F8EC-CFC9-A5665854D5FB}.gif, width=340, height=284, size=213665, type=GIF, isEmoji=false]
2023-08-18 12:40:46 V/Bot.2398493975: [ç­ç­å“ªå‡‰å¿«å‘†å“ªå†›å›¢@(887156367)] Freeze_Kirin(768173212) -> [mirai:image:{EE7C88BA-DAF0-6A2D-E286-3A059788806D}.png, width=370, height=292, size=77327, type=GIF, isEmoji=true]
2023-08-18 12:45:55 V/Bot.2398493975: [ç­ç­å“ªå‡‰å¿«å‘†å“ªå†›å›¢@(887156367)] lax@ç‰›ç‰›é“å¿ƒç ´ç¢Žå†›å›¢(269418386) -> [mirai:app:{"ver":"1.0.0.19","prompt":"[QQå°ç¨‹åº]è°¢è°¢up ä½Žè¡€åŽ‹æ²»å¥½äº†ðŸ”¨","config":{"type":"normal","width":0,"height":0,"forward":1,"autoSize":0,"ctime":1692333940,"token":"0094265b9813adcecd8b20c8b34f1a1a"},"needShareCallBack":false,"app":"com.tencent.miniapp_01","view":"view_8C8E89B49BE609866298ADDFF2DBABA4","meta":{"detail_1":{"appid":"1109937557","appType":0,"title":"å“”å“©å“”å“©","desc":"è°¢è°¢up ä½Žè¡€åŽ‹æ²»å¥½äº†ðŸ”¨","icon":"https:\/\/open.gtimg.cn\/open\/app_icon\/00\/95\/17\/76\/100951776_100_m.png?t=1692330989","preview":"pubminishare-30161.picsz.qpic.cn\/1801f21e-0f21-4e8a-a8cc-70f799de063b","url":"m.q.qq.com\/a\/s\/e0aa6e2dea7c6d3cf729f06089fb1e82","scene":1036,"host":{"uin":269418386,"nick":"æµç¾½ç®­"},"shareTemplateId":"8C8E89B49BE609866298ADDFF2DBABA4","shareTemplateData":{},"qqdocurl":"https:\/\/b23.tv\/4mGs7gz?share_medium=android&share_source=qq&bbid=XY19E8611837B831A97D64EAAB6E1ACF24CED&ts=1692333938712","showLittleTail":"","gamePoints":"","gamePointsUrl":""}}}]
2023-08-18 12:46:06 V/Bot.2398493975: [ç­ç­å“ªå‡‰å¿«å‘†å“ªå†›å›¢@(887156367)] lax@ç‰›ç‰›é“å¿ƒç ´ç¢Žå†›å›¢(269418386) -> æœ€è¿‘å°±å–œæ¬¢çœ‹è¿™ç§
2023-08-18 13:12:08 I/UnidbgFetchQsign: Bot(2398493975) request_token, submit success
2023-08-18 13:21:10 V/Bot.2398493975: [ç­ç­å“ªå‡‰å¿«å‘†å“ªå†›å›¢@(887156367)] lax@ç‰›ç‰›é“å¿ƒç ´ç¢Žå†›å›¢(269418386) -> [mirai:image:{CFDF1639-D432-F648-B024-0706F5AD80EC}.jpg, width=385, height=336, size=18360, type=PNG, isEmoji=false]
2023-08-18 13:21:16 V/Bot.2398493975: [ç­ç­å“ªå‡‰å¿«å‘†å“ªå†›å›¢@(887156367)] lax@ç‰›ç‰›é“å¿ƒç ´ç¢Žå†›å›¢(269418386) -> [mirai:image:{5F00F12F-2BCC-33FF-3152-3E992453C851}.jpg, width=803, height=232, size=26508, type=PNG, isEmoji=false]
2023-08-18 13:21:23 V/Bot.2398493975: [ç­ç­å“ªå‡‰å¿«å‘†å“ªå†›å›¢@(887156367)] lax@ç‰›ç‰›é“å¿ƒç ´ç¢Žå†›å›¢(269418386) -> [mirai:image:{8A9F1089-D1EE-622C-EA4E-35FEBDE551F5}.jpg, width=774, height=156, size=26019, type=PNG, isEmoji=false]
2023-08-18 13:42:31 V/Bot.2398493975: [ç­ç­å“ªå‡‰å¿«å‘†å“ªå†›å›¢@(887156367)] å°ç­æš—æ‹ç¦ç¦æš—æ‹soyoæš—æ‹ç¥¥å­æš—æ‹ç¯æš—æ‹anon(1609323331) -> [mirai:image:{05919B55-D12E-11BD-7C76-D06FAD553D12}.png, width=370, height=296, size=100522, type=GIF, isEmoji=true]
2023-08-18 13:44:56 V/Bot.2398493975: [ç­ç­å“ªå‡‰å¿«å‘†å“ªå†›å›¢@(887156367)] Freeze_Kirin(768173212) -> [mirai:image:{05919B55-D12E-11BD-7C76-D06FAD553D12}.png, width=370, height=296, size=100522, type=GIF, isEmoji=true]
2023-08-18 13:49:20 V/Bot.2398493975: [ç­ç­å“ªå‡‰å¿«å‘†å“ªå†›å›¢@(887156367)] ç­ç­ç¡è§‰å¤§è‡£@è¢«ç­ç­å†›å›¢å¼€é™¤(963423936) -> [mirai:image:{FB9C65FB-5685-1B12-1B13-836B38246164}.png, width=292, height=205, size=61102, type=GIF, isEmoji=true]
2023-08-18 13:49:56 V/Bot.2398493975: [ç­ç­å“ªå‡‰å¿«å‘†å“ªå†›å›¢@(887156367)] å°ç­æš—æ‹ç¦ç¦æš—æ‹soyoæš—æ‹ç¥¥å­æš—æ‹ç¯æš—æ‹anon(1609323331) -> [mirai:image:{BF28E433-4C62-AB71-46D4-935CF24B44C1}.png, width=1125, height=2436, size=4159494, type=PNG, isEmoji=false]
2023-08-18 13:49:57 V/Bot.2398493975: [ç­ç­å“ªå‡‰å¿«å‘†å“ªå†›å›¢@(887156367)] å°ç­æš—æ‹ç¦ç¦æš—æ‹soyoæš—æ‹ç¥¥å­æš—æ‹ç¯æš—æ‹anon(1609323331) -> [mirai:image:{220CD466-4BB1-6264-81B6-4F7097151C69}.png, width=874, height=1121, size=250856, type=PNG, isEmoji=false]
2023-08-18 13:52:14 I/UnidbgFetchQsign: Bot(2398493975) request_token, submit success
2023-08-18 13:54:30 V/Bot.2398493975: [ç­ç­å“ªå‡‰å¿«å‘†å“ªå†›å›¢@(887156367)] å“­å“­Kirin@ä¹Ÿè¢«ç­ç­å†›å›¢å¼€é™¤(472247053) -> [mirai:image:{FB9C65FB-5685-1B12-1B13-836B38246164}.png, width=292, height=205, size=61102, type=GIF, isEmoji=false]
2023-08-18 13:55:51 V/Bot.2398493975: [ç­ç­å“ªå‡‰å¿«å‘†å“ªå†›å›¢@(887156367)] å°ç­æš—æ‹ç¦ç¦æš—æ‹soyoæš—æ‹ç¥¥å­æš—æ‹ç¯æš—æ‹anon(1609323331) -> [mirai:image:{D8773DB0-39DA-2C4A-A9D2-5635E4BFC04E}.png, width=770, height=1080, size=262272, type=JPG, isEmoji=false]
2023-08-18 13:56:02 V/Bot.2398493975: [SHTè”æžéº»é…±åä¼š(493057481)] ä¼˜é›…çŒ›ç‰›(695150175) -> [mirai:image:{6BD9D1D6-C94D-042A-5A75-A2D4EA27F756}.jpg, width=749, height=848, size=70687, type=PNG, isEmoji=false]
2023-08-18 13:56:06 V/Bot.2398493975: [ç­ç­å“ªå‡‰å¿«å‘†å“ªå†›å›¢@(887156367)] å“­å“­Kirin@ä¹Ÿè¢«ç­ç­å†›å›¢å¼€é™¤(472247053) -> è‰äº† åˆè·³é—¸äº†
2023-08-18 13:56:20 V/Bot.2398493975: [SHTè”æžéº»é…±åä¼š(493057481)] ä¼˜é›…çŒ›ç‰›(695150175) -> å¿«è‚å®Œäº†
2023-08-18 13:56:29 V/Bot.2398493975: Event: GroupRecall(bot=Bot(2398493975), authorId=695150175, messageIds=[281472], messageInternalIds=[-1475203403], messageTime=1692338162, operator=NormalMember(695150175), group=Group(493057481), author=NormalMember(695150175))
2023-08-18 13:56:32 V/Bot.2398493975: Event: GroupRecall(bot=Bot(2398493975), authorId=695150175, messageIds=[281473], messageInternalIds=[547010592], messageTime=1692338180, operator=NormalMember(695150175), group=Group(493057481), author=NormalMember(695150175))
2023-08-18 13:56:46 V/Bot.2398493975: [ç­ç­å“ªå‡‰å¿«å‘†å“ªå†›å›¢@(887156367)] ä¼˜é›…çŒ›ç‰›(695150175) -> [mirai:image:{6BD9D1D6-C94D-042A-5A75-A2D4EA27F756}.jpg, width=749, height=848, size=70687, type=PNG, isEmoji=false]
2023-08-18 13:56:50 V/Bot.2398493975: [ç­ç­å“ªå‡‰å¿«å‘†å“ªå†›å›¢@(887156367)] ä¼˜é›…çŒ›ç‰›(695150175) -> å¿«è‚å®Œäº†
2023-08-18 13:56:59 V/Bot.2398493975: [ç­ç­å“ªå‡‰å¿«å‘†å“ªå†›å›¢@(887156367)] ä¼˜é›…çŒ›ç‰›(695150175) -> è¿˜å·®é’“é±¼å¯¹æ¢å›¾çº¸å•¥çš„
2023-08-18 13:57:01 V/Bot.2398493975: [ç­ç­å“ªå‡‰å¿«å‘†å“ªå†›å›¢@(887156367)] ç­ç­å“ªå‡‰å¿«å‘†å“ªå†›å›¢(1297471104) -> å¸®æˆ‘è‚
2023-08-18 13:57:07 V/Bot.2398493975: [ç­ç­å“ªå‡‰å¿«å‘†å“ªå†›å›¢@(887156367)] Freeze_Kirin(768173212) -> [mirai:image:{7B4FAB6B-0BA8-0F4C-F8DC-B2AF31AB603E}.gif, width=512, height=512, size=192357, type=GIF, isEmoji=false]
2023-08-18 13:57:10 V/Bot.2398493975: [ç­ç­å“ªå‡‰å¿«å‘†å“ªå†›å›¢@(887156367)] Freeze_Kirin(768173212) -> å¸®æˆ‘è‚
2023-08-18 13:58:12 V/Bot.2398493975: [ç­ç­å“ªå‡‰å¿«å‘†å“ªå†›å›¢@(887156367)] ä¼˜é›…çŒ›ç‰›(695150175) -> å¸¸é©»ä¿åº•åˆæ˜¯è€çˆ·
2023-08-18 13:58:24 V/Bot.2398493975: [ç­ç­å“ªå‡‰å¿«å‘†å“ªå†›å›¢@(887156367)] ä¼˜é›…çŒ›ç‰›(695150175) -> +25
2023-08-18 13:58:37 V/Bot.2398493975: [ç­ç­å“ªå‡‰å¿«å‘†å“ªå†›å›¢@(887156367)] hzc@ç­ç­è»å›£äºŒåº¦å—(2384102753) -> å¸®æˆ‘è‚
2023-08-18 14:18:04 V/Bot.2398493975: [ç­ç­å“ªå‡‰å¿«å‘†å“ªå†›å›¢@(887156367)] å“­å“­Kirin@ä¹Ÿè¢«ç­ç­å†›å›¢å¼€é™¤(472247053) -> è·³é—¸ä¸‰æ¬¡äº†
2023-08-18 14:18:12 V/Bot.2398493975: [ç­ç­å“ªå‡‰å¿«å‘†å“ªå†›å›¢@(887156367)] å“­å“­Kirin@ä¹Ÿè¢«ç­ç­å†›å›¢å¼€é™¤(472247053) -> [mirai:image:{3B881801-08F0-F49A-FE7B-092020C2128B}.jpg, width=320, height=254, size=86347, type=GIF, isEmoji=true]
2023-08-18 14:20:10 V/Bot.2398493975: [ç­ç­å“ªå‡‰å¿«å‘†å“ªå†›å›¢@(887156367)] lax@ç‰›ç‰›é“å¿ƒç ´ç¢Žå†›å›¢(269418386) -> å’‹å›žäº‹å‘¢
2023-08-18 14:20:45 V/Bot.2398493975: [ç­ç­å“ªå‡‰å¿«å‘†å“ªå†›å›¢@(887156367)] ç­ç­ç¡è§‰å¤§è‡£@è¢«ç­ç­å†›å›¢å¼€é™¤(963423936) -> [mirai:image:{FB9C65FB-5685-1B12-1B13-836B38246164}.png, width=292, height=205, size=61102, type=GIF, isEmoji=true]
2023-08-18 14:21:24 V/Bot.2398493975: [ç­ç­å“ªå‡‰å¿«å‘†å“ªå†›å›¢@(887156367)] Freeze_Kirin(768173212) -> [mirai:image:{962D2AF8-19F2-758A-1A7C-1B71A8F83E50}.jpg, width=518, height=352, size=22868, type=JPG, isEmoji=false]
2023-08-18 14:23:09 V/Bot.2398493975: [ç­ç­å“ªå‡‰å¿«å‘†å“ªå†›å›¢@(887156367)] lax@ç‰›ç‰›é“å¿ƒç ´ç¢Žå†›å›¢(269418386) -> æˆ‘æƒ³èµ·æˆ‘å°æ—¶å€™å€’æ˜¯å› ä¸ºå¤å¤©å¤ªçƒ­ç»å¸¸æ–­ç”µ
2023-08-18 14:23:28 V/Bot.2398493975: [ç­ç­å“ªå‡‰å¿«å‘†å“ªå†›å›¢@(887156367)] lax@ç‰›ç‰›é“å¿ƒç ´ç¢Žå†›å›¢(269418386) -> ä½†æ˜¯è·³é—¸è¿™äº‹æƒ… è¿˜èƒ½å­˜åœ¨äºŽ3202å¹´çš„å®æ³¢ï¼Ÿ
2023-08-18 14:24:55 V/Bot.2398493975: [ç­ç­å“ªå‡‰å¿«å‘†å“ªå†›å›¢@(887156367)] ç­ç­ç¡è§‰å¤§è‡£@è¢«ç­ç­å†›å›¢å¼€é™¤(963423936) -> [mirai:image:{EE7C88BA-DAF0-6A2D-E286-3A059788806D}.png, width=370, height=292, size=77327, type=GIF, isEmoji=true]
2023-08-18 14:25:34 V/Bot.2398493975: [ç­ç­å“ªå‡‰å¿«å‘†å“ªå†›å›¢@(887156367)] å“­å“­Kirin@ä¹Ÿè¢«ç­ç­å†›å›¢å¼€é™¤(472247053) -> å¯èƒ½é›·é›¨æ¯”è¾ƒå¤§
2023-08-18 14:25:51 V/Bot.2398493975: [ç­ç­å“ªå‡‰å¿«å‘†å“ªå†›å›¢@(887156367)] ç­ç­å“ªå‡‰å¿«å‘†å“ªå†›å›¢(1297471104) -> å¯èƒ½èŽ³é›¨æ¯”è¾ƒå¤§
2023-08-18 14:25:53 V/Bot.2398493975: [ç­ç­å“ªå‡‰å¿«å‘†å“ªå†›å›¢@(887156367)] å“­å“­Kirin@ä¹Ÿè¢«ç­ç­å†›å›¢å¼€é™¤(472247053) -> é˜³å°å·²ç»æ¼æ°´äº†
2023-08-18 14:26:01 V/Bot.2398493975: [ç­ç­å“ªå‡‰å¿«å‘†å“ªå†›å›¢@(887156367)] å“­å“­Kirin@ä¹Ÿè¢«ç­ç­å†›å›¢å¼€é™¤(472247053) -> [mirai:image:{FB9C65FB-5685-1B12-1B13-836B38246164}.jpg, width=292, height=205, size=61102, type=GIF, isEmoji=true]
2023-08-18 14:26:12 V/Bot.2398493975: [ç­ç­å“ªå‡‰å¿«å‘†å“ªå†›å›¢@(887156367)] å°ç­æš—æ‹ç¦ç¦æš—æ‹soyoæš—æ‹ç¥¥å­æš—æ‹ç¯æš—æ‹anon(1609323331) -> [mirai:image:{62DE5A3A-ABD8-67F9-B13E-C828EFA151F4}.png, width=370, height=296, size=140802, type=GIF, isEmoji=false]
2023-08-18 14:26:54 V/Bot.2398493975: [ç­ç­å“ªå‡‰å¿«å‘†å“ªå†›å›¢@(887156367)] å“­å“­Kirin@ä¹Ÿè¢«ç­ç­å†›å›¢å¼€é™¤(472247053) -> [mirai:image:{2B807BCA-DC9B-7EF2-08E1-D90E1BC7EF15}.jpg, width=362, height=296, size=107379, type=GIF, isEmoji=true]
2023-08-18 14:27:11 V/Bot.2398493975: [ç­ç­å“ªå‡‰å¿«å‘†å“ªå†›å›¢@(887156367)] å°ç­æš—æ‹ç¦ç¦æš—æ‹soyoæš—æ‹ç¥¥å­æš—æ‹ç¯æš—æ‹anon(1609323331) -> å¤§å†³æˆ˜æ€Žä¹ˆæ‰“
2023-08-18 14:27:42 V/Bot.2398493975: [ç­ç­å“ªå‡‰å¿«å‘†å“ªå†›å›¢@(887156367)] ç­ç­å“ªå‡‰å¿«å‘†å“ªå†›å›¢(1297471104) -> é¸­æ‰“
2023-08-18 14:27:44 V/Bot.2398493975: [ç­ç­å“ªå‡‰å¿«å‘†å“ªå†›å›¢@(887156367)] å“­å“­Kirin@ä¹Ÿè¢«ç­ç­å†›å›¢å¼€é™¤(472247053) -> ç¥¨è¿˜æ²¡æ»¡ è¿˜ä¸ç”¨æ‰“
2023-08-18 14:28:05 V/Bot.2398493975: [ç­ç­å“ªå‡‰å¿«å‘†å“ªå†›å›¢@(887156367)] å°ç­æš—æ‹ç¦ç¦æš—æ‹soyoæš—æ‹ç¥¥å­æš—æ‹ç¯æš—æ‹anon(1609323331) -> é‚£é»‘ç™½æ€Žä¹ˆæ‰“
2023-08-18 14:28:08 V/Bot.2398493975: [ç­ç­å“ªå‡‰å¿«å‘†å“ªå†›å›¢@(887156367)] å°ç­æš—æ‹ç¦ç¦æš—æ‹soyoæš—æ‹ç¥¥å­æš—æ‹ç¯æš—æ‹anon(1609323331) -> [mirai:image:{100C172F-B822-10F7-B7AA-AEB0CDC904DD}.png, width=350, height=300, size=119247, type=GIF, isEmoji=true]
2023-08-18 14:28:26 V/Bot.2398493975: [ç­ç­å“ªå‡‰å¿«å‘†å“ªå†›å›¢@(887156367)] ç­ç­å“ªå‡‰å¿«å‘†å“ªå†›å›¢(1297471104) -> å±…ç„¶çœŸæ˜¯ðŸ¦†æ‰“
2023-08-18 14:28:27 V/Bot.2398493975: [ç­ç­å“ªå‡‰å¿«å‘†å“ªå†›å›¢@(887156367)] zz@çºçºè»å›£(771507043) -> é»‘ç™½æ€Žä¹ˆæ‰“
2023-08-18 14:28:31 V/Bot.2398493975: [ç­ç­å“ªå‡‰å¿«å‘†å“ªå†›å›¢@(887156367)] å°ç­æš—æ‹ç¦ç¦æš—æ‹soyoæš—æ‹ç¥¥å­æš—æ‹ç¯æš—æ‹anon(1609323331) -> ä¸€åˆ€çœ1wè¡€
2023-08-18 14:28:35 V/Bot.2398493975: [ç­ç­å“ªå‡‰å¿«å‘†å“ªå†›å›¢@(887156367)] å°ç­æš—æ‹ç¦ç¦æš—æ‹soyoæš—æ‹ç¥¥å­æš—æ‹ç¯æš—æ‹anon(1609323331) -> [mirai:image:{B9563259-F76A-9EA7-862E-64863B59E52F}.png, width=67, height=53, size=2553, type=JPG, isEmoji=true]
2023-08-18 14:28:48 V/Bot.2398493975: [ç­ç­å“ªå‡‰å¿«å‘†å“ªå†›å›¢@(887156367)] hzc@ç­ç­è»å›£äºŒåº¦å—(2384102753) -> å¸®æˆ‘è‚
2023-08-18 14:28:59 V/Bot.2398493975: [ç­ç­å“ªå‡‰å¿«å‘†å“ªå†›å›¢@(887156367)] å°ç­æš—æ‹ç¦ç¦æš—æ‹soyoæš—æ‹ç¥¥å­æš—æ‹ç¯æš—æ‹anon(1609323331) -> [mirai:marketface:235125,[ç–‘é—®]]
2023-08-18 14:29:01 V/Bot.2398493975: [ç­ç­å“ªå‡‰å¿«å‘†å“ªå†›å›¢@(887156367)] lax@ç‰›ç‰›é“å¿ƒç ´ç¢Žå†›å›¢(269418386) -> åˆæ¥å°é£Žå—
2023-08-18 14:29:08 V/Bot.2398493975: [ç­ç­å“ªå‡‰å¿«å‘†å“ªå†›å›¢@(887156367)] ä¼˜é›…çŒ›ç‰›(695150175) -> è·³é—¸æ–­ç”µä¸æ˜¯å¾ˆæ­£å¸¸éº½ã€‚ã€‚ã€‚
2023-08-18 14:29:12 V/Bot.2398493975: [ç­ç­å“ªå‡‰å¿«å‘†å“ªå†›å›¢@(887156367)] zz@çºçºè»å›£(771507043) -> æŠ½å°ç‹ç‹¸æ‰“é»‘ç™½
2023-08-18 14:29:22 V/Bot.2398493975: [ç­ç­å“ªå‡‰å¿«å‘†å“ªå†›å›¢@(887156367)] å°ç­æš—æ‹ç¦ç¦æš—æ‹soyoæš—æ‹ç¥¥å­æš—æ‹ç¯æš—æ‹anon(1609323331) -> å¸®ä½ æ‰“
2023-08-18 14:29:24 V/Bot.2398493975: [ç­ç­å“ªå‡‰å¿«å‘†å“ªå†›å›¢@(887156367)] ä¼˜é›…çŒ›ç‰›(695150175) -> å°é£Žå¤©å¯å¤ªæ™®é€šäº†
2023-08-18 14:29:31 V/Bot.2398493975: [ç­ç­å“ªå‡‰å¿«å‘†å“ªå†›å›¢@(887156367)] lax@ç‰›ç‰›é“å¿ƒç ´ç¢Žå†›å›¢(269418386) -> é‚£åº”è¯¥ä¸æ­£å¸¸ å¯èƒ½æ˜¯å› ä¸ºæˆ‘å®¶æ˜¯ä¸‰ç›¸ç”µ
2023-08-18 14:29:40 V/Bot.2398493975: [ç­ç­å“ªå‡‰å¿«å‘†å“ªå†›å›¢@(887156367)] lax@ç‰›ç‰›é“å¿ƒç ´ç¢Žå†›å›¢(269418386) -> åŸºæœ¬ä¸è·³é—¸
2023-08-18 14:29:51 V/Bot.2398493975: [ç­ç­å“ªå‡‰å¿«å‘†å“ªå†›å›¢@(887156367)] hzc@ç­ç­è»å›£äºŒåº¦å—(2384102753) -> hardcoreä¸æ˜¯äººèƒ½è¿‡çš„
2023-08-18 14:30:18 V/Bot.2398493975: [ç­ç­å“ªå‡‰å¿«å‘†å“ªå†›å›¢@(887156367)] lax@ç‰›ç‰›é“å¿ƒç ´ç¢Žå†›å›¢(269418386) -> [mirai:image:{9B2835D3-CEB4-429E-1978-BAAD82A28453}.png, width=853, height=409, size=55388, type=PNG, isEmoji=false]
2023-08-18 14:30:21 V/Bot.2398493975: [ç­ç­å“ªå‡‰å¿«å‘†å“ªå†›å›¢@(887156367)] lax@ç‰›ç‰›é“å¿ƒç ´ç¢Žå†›å›¢(269418386) -> æˆ‘è¦ç¬‘æ­»äº†
2023-08-18 14:32:15 I/UnidbgFetchQsign: Bot(2398493975) request_token, submit success
2023-08-18 14:43:35 V/Bot.2398493975: Event: MemberJoinEvent.Active(member=2286213114)
2023-08-18 14:44:28 V/Bot.2398493975: [SHTè”æžéº»é…±åä¼š(493057481)] Nï¼Tï¼Rï¼ï¼ï¼(269418386) -> [mirai:image:{E852E015-07C5-5845-C173-DB4AE6B49E23}.gif, width=100, height=100, size=10874, type=GIF, isEmoji=true]
2023-08-18 14:47:55 V/Bot.2398493975: [SHTè”æžéº»é…±åä¼š(493057481)] å¸ƒèŽ±å…‹æ(690875992) -> æœ‰äºŒç™¾äº”åäºº
2023-08-18 14:48:09 V/Bot.2398493975: [SHTè”æžéº»é…±åä¼š(493057481)] å¸ƒèŽ±å…‹æ(690875992) -> [mirai:image:{AFC6E4DA-4B8F-DE2C-C933-606D21498AA0}.gif, width=324, height=300, size=62607, type=GIF, isEmoji=true]
2023-08-18 14:49:01 V/Bot.2398493975: [SHTè”æžéº»é…±åä¼š(493057481)] Giraffe(472247053) -> [mirai:image:{974C0D13-2ED6-ED12-D48C-BF018887A5FF}.jpg, width=216, height=212, size=11869, type=JPG, isEmoji=true]
2023-08-18 14:51:23 V/Bot.2398493975: [SHTè”æžéº»é…±åä¼š(493057481)] éš”å£è€çŽ‹(297234073) -> å¬è§ä½ è¯´ï¼Œæœé˜³èµ·æœ‰è½
2023-08-18 14:53:29 V/Bot.2398493975: [ç­ç­å“ªå‡‰å¿«å‘†å“ªå†›å›¢@(887156367)] lax@ç‰›ç‰›é“å¿ƒç ´ç¢Žå†›å›¢(269418386) -> 
Optical quality comparison between spherical and aspheric toric intraocular lenses
2023-08-18 14:53:45 V/Bot.2398493975: [ç­ç­å“ªå‡‰å¿«å‘†å“ªå†›å›¢@(887156367)] lax@ç‰›ç‰›é“å¿ƒç ´ç¢Žå†›å›¢(269418386) -> å¸®æˆ‘æœä¸€ä¸‹è¿™ä¸ª
2023-08-18 15:03:08 V/Bot.2398493975: [SHTè”æžéº»é…±åä¼š(493057481)] å¤§å¯å¥‡ä¸½(1485280964) -> [mirai:image:{9687A2F4-3CD3-BB7B-1BA4-027ABD4DD5D8}.jpg, width=48, height=48, size=1626, type=JPG, isEmoji=true]
2023-08-18 15:03:58 V/Bot.2398493975: [ç­ç­å“ªå‡‰å¿«å‘†å“ªå†›å›¢@(887156367)] å“­å“­Kirin@ä¹Ÿè¢«ç­ç­å†›å›¢å¼€é™¤(472247053) -> [mirai:image:{75FECC80-7F7F-55B2-3D77-7CEAE0E7F676}.jpg, width=302, height=138, size=67232, type=GIF, isEmoji=true]
2023-08-18 15:07:54 V/Bot.2398493975: [ç­ç­å“ªå‡‰å¿«å‘†å“ªå†›å›¢@(887156367)] Freeze_Kirin(768173212) -> [mirai:file:ejo.5000440.pdf, id=/f322ed34-3d95-11ee-8f92-525400834a1a, internalId=102, size=315858]
2023-08-18 15:07:59 V/Bot.2398493975: [ç­ç­å“ªå‡‰å¿«å‘†å“ªå†›å›¢@(887156367)] Freeze_Kirin(768173212) -> [mirai:at:269418386] è¿™ä¸ªï¼Ÿ
2023-08-18 15:09:32 V/Bot.2398493975: [ç­ç­å“ªå‡‰å¿«å‘†å“ªå†›å›¢@(887156367)] lax@ç‰›ç‰›é“å¿ƒç ´ç¢Žå†›å›¢(269418386) -> å¯¹çš„
2023-08-18 15:09:48 V/Bot.2398493975: [ç­ç­å“ªå‡‰å¿«å‘†å“ªå†›å›¢@(887156367)] lax@ç‰›ç‰›é“å¿ƒç ´ç¢Žå†›å›¢(269418386) -> çœ‹æ¥å…‰æœºæ‰€å’Œå­¦æ ¡ä¹°äº†ä¸åŒçš„æ•°æ®åº“
2023-08-18 15:10:01 V/Bot.2398493975: [ç­ç­å“ªå‡‰å¿«å‘†å“ªå†›å›¢@(887156367)] lax@ç‰›ç‰›é“å¿ƒç ´ç¢Žå†›å›¢(269418386) -> æˆ‘æ‹¿å…‰æœºæ‰€VPNæœè¿™ä¸ªè¦é’±
2023-08-18 15:10:12 V/Bot.2398493975: [ç­ç­å“ªå‡‰å¿«å‘†å“ªå†›å›¢@(887156367)] Freeze_Kirin(768173212) -> [mirai:image:{314DB052-C184-7C0B-5179-4CE3EFF22482}.gif, width=80, height=80, size=5167, type=GIF, isEmoji=false]è¿™ä¸ªä¸æ¸…æ¥š
2023-08-18 15:10:19 V/Bot.2398493975: [ç­ç­å“ªå‡‰å¿«å‘†å“ªå†›å›¢@(887156367)] Freeze_Kirin(768173212) -> æˆ‘æ‹¿scihubæœçš„ï¼ˆ
2023-08-18 15:11:10 V/Bot.2398493975: [ç­ç­å“ªå‡‰å¿«å‘†å“ªå†›å›¢@(887156367)] ç­ç­å“ªå‡‰å¿«å‘†å“ªå†›å›¢(1297471104) -> [mirai:image:{659F0070-4A3A-0EE9-609D-52A1CBA3539A}.jpg, width=1920, height=864, size=193618, type=JPG, isEmoji=false]
2023-08-18 15:11:34 V/Bot.2398493975: [ç­ç­å“ªå‡‰å¿«å‘†å“ªå†›å›¢@(887156367)] å“­å“­Kirin@ä¹Ÿè¢«ç­ç­å†›å›¢å¼€é™¤(472247053) -> æ˜¾ç„¶å­¦æ ¡ä¹Ÿè¦é’±ã€
2023-08-18 15:11:34 V/Bot.2398493975: [ç­ç­å“ªå‡‰å¿«å‘†å“ªå†›å›¢@(887156367)] lax@ç‰›ç‰›é“å¿ƒç ´ç¢Žå†›å›¢(269418386) -> ä½ ä¸ä¼šæ²¡åœ¨å­¦æ ¡å§
2023-08-18 15:11:37 V/Bot.2398493975: [ç­ç­å“ªå‡‰å¿«å‘†å“ªå†›å›¢@(887156367)] å°ç­æš—æ‹ç¦ç¦æš—æ‹soyoæš—æ‹ç¥¥å­æš—æ‹ç¯æš—æ‹anon(1609323331) -> [mirai:quote:[mirai:source:ids=[60056], internalIds=[148533730], from 2384102753 to 887156367 at 1692340191], content=<not yet initialized>][mirai:at:2384102753] æ‰“ä¸è¿‡
2023-08-18 15:11:41 V/Bot.2398493975: [ç­ç­å“ªå‡‰å¿«å‘†å“ªå†›å›¢@(887156367)] å°ç­æš—æ‹ç¦ç¦æš—æ‹soyoæš—æ‹ç¥¥å­æš—æ‹ç¯æš—æ‹anon(1609323331) -> ç­‰çº§å¤ªä½Žäº†
2023-08-18 15:11:45 V/Bot.2398493975: [ç­ç­å“ªå‡‰å¿«å‘†å“ªå†›å›¢@(887156367)] å°ç­æš—æ‹ç¦ç¦æš—æ‹soyoæš—æ‹ç¥¥å­æš—æ‹ç¯æš—æ‹anon(1609323331) -> [mirai:image:{7AAB86C2-2E54-B41B-1127-E416989F377D}.png, width=124, height=139, size=6514, type=JPG, isEmoji=true]
2023-08-18 15:11:47 V/Bot.2398493975: [ç­ç­å“ªå‡‰å¿«å‘†å“ªå†›å›¢@(887156367)] Freeze_Kirin(768173212) -> æˆ‘æ²¡åœ¨å•Š
2023-08-18 15:11:50 V/Bot.2398493975: [ç­ç­å“ªå‡‰å¿«å‘†å“ªå†›å›¢@(887156367)] ç­ç­å“ªå‡‰å¿«å‘†å“ªå†›å›¢(1297471104) -> æ˜¯ç¬¬ä¸€æ¬¡äº²èº«çœ‹åˆ°çš„ç‰Œï¼ˆ
2023-08-18 15:11:51 V/Bot.2398493975: [ç­ç­å“ªå‡‰å¿«å‘†å“ªå†›å›¢@(887156367)] Freeze_Kirin(768173212) -> æˆ‘åœ¨å®¶å•Š
2023-08-18 15:12:15 I/UnidbgFetchQsign: Bot(2398493975) request_token, submit success
2023-08-18 15:12:34 V/Bot.2398493975: [ç­ç­å“ªå‡‰å¿«å‘†å“ªå†›å›¢@(887156367)] å°ç­æš—æ‹ç¦ç¦æš—æ‹soyoæš—æ‹ç¥¥å­æš—æ‹ç¯æš—æ‹anon(1609323331) -> æ‰“æ®µä½å¥½æ…¢
2023-08-18 15:12:37 V/Bot.2398493975: [ç­ç­å“ªå‡‰å¿«å‘†å“ªå†›å›¢@(887156367)] å“­å“­Kirin@ä¹Ÿè¢«ç­ç­å†›å›¢å¼€é™¤(472247053) -> ç”¨å­¦æ ¡çš„æœä¸åŠ¨
2023-08-18 15:12:41 V/Bot.2398493975: [ç­ç­å“ªå‡‰å¿«å‘†å“ªå†›å›¢@(887156367)] å“­å“­Kirin@ä¹Ÿè¢«ç­ç­å†›å›¢å¼€é™¤(472247053) -> [mirai:image:{75FECC80-7F7F-55B2-3D77-7CEAE0E7F676}.jpg, width=302, height=138, size=67232, type=GIF, isEmoji=true]
2023-08-18 15:12:41 V/Bot.2398493975: [ç­ç­å“ªå‡‰å¿«å‘†å“ªå†›å›¢@(887156367)] å°ç­æš—æ‹ç¦ç¦æš—æ‹soyoæš—æ‹ç¥¥å­æš—æ‹ç¯æš—æ‹anon(1609323331) -> å¼€å°å·åˆ·äº†
2023-08-18 15:12:56 V/Bot.2398493975: [ç­ç­å“ªå‡‰å¿«å‘†å“ªå†›å›¢@(887156367)] å°ç­æš—æ‹ç¦ç¦æš—æ‹soyoæš—æ‹ç¥¥å­æš—æ‹ç¯æš—æ‹anon(1609323331) -> ï¼
2023-08-18 15:12:56 V/Bot.2398493975: [ç­ç­å“ªå‡‰å¿«å‘†å“ªå†›å›¢@(887156367)] lax@ç‰›ç‰›é“å¿ƒç ´ç¢Žå†›å›¢(269418386) -> å•Š æ€Žä¹ˆä¼šäº‹å‘¢
2023-08-18 15:13:01 V/Bot.2398493975: [ç­ç­å“ªå‡‰å¿«å‘†å“ªå†›å›¢@(887156367)] å°ç­æš—æ‹ç¦ç¦æš—æ‹soyoæš—æ‹ç¥¥å­æš—æ‹ç¯æš—æ‹anon(1609323331) -> ä¼‘é—²æ™®é€šåœº
2023-08-18 15:13:03 V/Bot.2398493975: [ç­ç­å“ªå‡‰å¿«å‘†å“ªå†›å›¢@(887156367)] å°ç­æš—æ‹ç¦ç¦æš—æ‹soyoæš—æ‹ç¥¥å­æš—æ‹ç¯æš—æ‹anon(1609323331) -> [mirai:image:{7B4FAB6B-0BA8-0F4C-F8DC-B2AF31AB603E}.png, width=512, height=512, size=192357, type=GIF, isEmoji=true]
2023-08-18 15:13:07 V/Bot.2398493975: [ç­ç­å“ªå‡‰å¿«å‘†å“ªå†›å›¢@(887156367)] lax@ç‰›ç‰›é“å¿ƒç ´ç¢Žå†›å›¢(269418386) -> ä¸ªäººç½‘åè€Œæœå‡ºæ¥äº†
2023-08-18 15:13:19 V/Bot.2398493975: [ç­ç­å“ªå‡‰å¿«å‘†å“ªå†›å›¢@(887156367)] å°ç­æš—æ‹ç¦ç¦æš—æ‹soyoæš—æ‹ç¥¥å­æš—æ‹ç¯æš—æ‹anon(1609323331) -> [mirai:image:{717DB49B-8408-DA02-363B-BEE76B32679A}.png, width=480, height=360, size=145759, type=GIF, isEmoji=true]
2023-08-18 15:13:51 V/Bot.2398493975: [ç­ç­å“ªå‡‰å¿«å‘†å“ªå†›å›¢@(887156367)] å“­å“­Kirin@ä¹Ÿè¢«ç­ç­å†›å›¢å¼€é™¤(472247053) -> [mirai:image:{C7F80D45-154B-00C6-FE0F-BA7E0386A94D}.jpg, width=240, height=240, size=100937, type=GIF, isEmoji=true]
2023-08-18 15:14:17 V/Bot.2398493975: [ç­ç­å“ªå‡‰å¿«å‘†å“ªå†›å›¢@(887156367)] Freeze_Kirin(768173212) -> [mirai:image:{C7F80D45-154B-00C6-FE0F-BA7E0386A94D}.gif, width=240, height=240, size=100937, type=GIF, isEmoji=true]
2023-08-18 15:14:26 V/Bot.2398493975: [ç­ç­å“ªå‡‰å¿«å‘†å“ªå†›å›¢@(887156367)] lax@ç‰›ç‰›é“å¿ƒç ´ç¢Žå†›å›¢(269418386) -> å®Œäº†æˆ‘ä¹Ÿç”¨scihubæœå‡ºæ¥äº†
2023-08-18 15:14:32 V/Bot.2398493975: [ç­ç­å“ªå‡‰å¿«å‘†å“ªå†›å›¢@(887156367)] lax@ç‰›ç‰›é“å¿ƒç ´ç¢Žå†›å›¢(269418386) -> æ„Ÿè§‰è‡ªå·±åƒä¸ªå‚»é€¼
2023-08-18 15:14:34 V/Bot.2398493975: [ç­ç­å“ªå‡‰å¿«å‘†å“ªå†›å›¢@(887156367)] Freeze_Kirin(768173212) -> ä¹‹å‰å¸®ä½ æ‰¾çš„é‚£ä¸ªä¹Ÿæ˜¯scihubï¼ˆ
2023-08-18 15:14:55 V/Bot.2398493975: [ç­ç­å“ªå‡‰å¿«å‘†å“ªå†›å›¢@(887156367)] Freeze_Kirin(768173212) -> [mirai:image:{C7F80D45-154B-00C6-FE0F-BA7E0386A94D}.gif, width=240, height=240, size=100937, type=GIF, isEmoji=true]
2023-08-18 15:15:06 V/Bot.2398493975: [ç­ç­å“ªå‡‰å¿«å‘†å“ªå†›å›¢@(887156367)] lax@ç‰›ç‰›é“å¿ƒç ´ç¢Žå†›å›¢(269418386) -> [mirai:image:{C366CBC6-F6A1-10BA-5DBE-AA51F9CCAEF5}.jpg, width=120, height=130, size=2411, type=JPG, isEmoji=true]
2023-08-18 15:23:09 V/Bot.2398493975: [ç­ç­å“ªå‡‰å¿«å‘†å“ªå†›å›¢@(887156367)] èåœ@èåœè»å›£(690875992) -> [mirai:image:{C7F80D45-154B-00C6-FE0F-BA7E0386A94D}.gif, width=240, height=240, size=100937, type=GIF, isEmoji=true]
2023-08-18 15:23:57 V/Bot.2398493975: [SHTè”æžéº»é…±åä¼š(493057481)] ç‰™ç‰™(1105692313) -> å¥½è€¶
2023-08-18 15:52:21 I/UnidbgFetchQsign: Bot(2398493975) request_token, submit success
2023-08-18 16:18:46 V/Bot.2398493975: [ç­ç­å“ªå‡‰å¿«å‘†å“ªå†›å›¢@(887156367)] å°ç­æš—æ‹ç¦ç¦æš—æ‹soyoæš—æ‹ç¥¥å­æš—æ‹ç¯æš—æ‹anon(1609323331) -> [mirai:image:{20945C40-29E4-107B-20A6-9A2BCE51F680}.png, width=2263, height=1013, size=125768, type=JPG, isEmoji=false]
2023-08-18 16:18:52 V/Bot.2398493975: [ç­ç­å“ªå‡‰å¿«å‘†å“ªå†›å›¢@(887156367)] å°ç­æš—æ‹ç¦ç¦æš—æ‹soyoæš—æ‹ç¥¥å­æš—æ‹ç¯æš—æ‹anon(1609323331) -> [mirai:image:{B145C58E-BC74-233F-1E0A-77D0023895E1}.png, width=720, height=682, size=61851, type=JPG, isEmoji=true]
2023-08-18 16:19:44 V/Bot.2398493975: [ç­ç­å“ªå‡‰å¿«å‘†å“ªå†›å›¢@(887156367)] zz@çºçºè»å›£(771507043) -> è‰
2023-08-18 16:23:15 V/Bot.2398493975: [ç­ç­å“ªå‡‰å¿«å‘†å“ªå†›å›¢@(887156367)] hzc@ç­ç­è»å›£äºŒåº¦å—(2384102753) -> æˆ‘è§è¿‡ä¸€ä¸ª4000å¤šåçš„
2023-08-18 16:23:29 V/Bot.2398493975: [ç­ç­å“ªå‡‰å¿«å‘†å“ªå†›å›¢@(887156367)] å°ç­æš—æ‹ç¦ç¦æš—æ‹soyoæš—æ‹ç¥¥å­æš—æ‹ç¯æš—æ‹anon(1609323331) -> ä¸æ•¢æ‰“äº†[mirai:image:{3C47B85C-4268-E2F3-30EA-852679519C6D}.png, width=1462, height=309, size=83114, type=JPG, isEmoji=false]
2023-08-18 16:23:47 V/Bot.2398493975: [ç­ç­å“ªå‡‰å¿«å‘†å“ªå†›å›¢@(887156367)] hzc@ç­ç­è»å›£äºŒåº¦å—(2384102753) -> å°±ä¸€ä¸ªæ¤¿
2023-08-18 16:24:24 V/Bot.2398493975: [ç­ç­å“ªå‡‰å¿«å‘†å“ªå†›å›¢@(887156367)] hzc@ç­ç­è»å›£äºŒåº¦å—(2384102753) -> åŽå°æ˜¯å“è·ŸèŠ¹å¨œ
2023-08-18 16:24:32 V/Bot.2398493975: [ç­ç­å“ªå‡‰å¿«å‘†å“ªå†›å›¢@(887156367)] hzc@ç­ç­è»å›£äºŒåº¦å—(2384102753) -> ä¸æ•¢æ‰“
2023-08-18 16:24:48 V/Bot.2398493975: [ç­ç­å“ªå‡‰å¿«å‘†å“ªå†›å›¢@(887156367)] å°ç­æš—æ‹ç¦ç¦æš—æ‹soyoæš—æ‹ç¥¥å­æš—æ‹ç¯æš—æ‹anon(1609323331) -> è¿™ä¸ªæˆ‘æ•¢
2023-08-18 16:24:58 V/Bot.2398493975: [ç­ç­å“ªå‡‰å¿«å‘†å“ªå†›å›¢@(887156367)] hzc@ç­ç­è»å›£äºŒåº¦å—(2384102753) -> è™½ç„¶æˆ‘å·²ç»2000å¤šåäº†
2023-08-18 16:25:00 V/Bot.2398493975: [ç­ç­å“ªå‡‰å¿«å‘†å“ªå†›å›¢@(887156367)] å°ç­æš—æ‹ç¦ç¦æš—æ‹soyoæš—æ‹ç¥¥å­æš—æ‹ç¯æš—æ‹anon(1609323331) -> ä¼Šç»‡å¯ä»¥ç§’æ¤¿
2023-08-18 16:25:14 V/Bot.2398493975: [ç­ç­å“ªå‡‰å¿«å‘†å“ªå†›å›¢@(887156367)] å°ç­æš—æ‹ç¦ç¦æš—æ‹soyoæš—æ‹ç¥¥å­æš—æ‹ç¯æš—æ‹anon(1609323331) -> ç­ç¬¬ä¸€å¤©ï¼šå‰2000å°±æ˜¯èƒœåˆ©
2023-08-18 16:25:39 V/Bot.2398493975: [ç­ç­å“ªå‡‰å¿«å‘†å“ªå†›å›¢@(887156367)] å°ç­æš—æ‹ç¦ç¦æš—æ‹soyoæš—æ‹ç¥¥å­æš—æ‹ç¯æš—æ‹anon(1609323331) -> ç¬¬äºŒå¤©ï¼šå‰2500å°±æ˜¯èƒœåˆ©
2023-08-18 16:25:55 V/Bot.2398493975: [ç­ç­å“ªå‡‰å¿«å‘†å“ªå†›å›¢@(887156367)] å°ç­æš—æ‹ç¦ç¦æš—æ‹soyoæš—æ‹ç¥¥å­æš—æ‹ç¯æš—æ‹anon(1609323331) -> ç¬¬ä¸‰å¤©ï¼šå‰ä¸‰åƒå°±æ˜¯èƒœåˆ©
2023-08-18 16:26:19 V/Bot.2398493975: [ç­ç­å“ªå‡‰å¿«å‘†å“ªå†›å›¢@(887156367)] hzc@ç­ç­è»å›£äºŒåº¦å—(2384102753) -> ç¬‘å˜»äº†
2023-08-18 16:26:36 V/Bot.2398493975: [ç­ç­å“ªå‡‰å¿«å‘†å“ªå†›å›¢@(887156367)] å°ç­æš—æ‹ç¦ç¦æš—æ‹soyoæš—æ‹ç¥¥å­æš—æ‹ç¯æš—æ‹anon(1609323331) -> ä»Šå¤©ï¼šè¿›ä¸äº†å‰5000
2023-08-18 16:27:08 V/Bot.2398493975: [ç­ç­å“ªå‡‰å¿«å‘†å“ªå†›å›¢@(887156367)] hzc@ç­ç­è»å›£äºŒåº¦å—(2384102753) -> æˆ‘ç¬¬ä¸€å¤©æœ€é«˜3400ï¼Œç¬¬äºŒå¤©è¿›ä¸äº†å‰5000
2023-08-18 16:27:20 V/Bot.2398493975: [ç­ç­å“ªå‡‰å¿«å‘†å“ªå†›å›¢@(887156367)] hzc@ç­ç­è»å›£äºŒåº¦å—(2384102753) -> ç„¶åŽçŽ°åœ¨2000å¤šäº†
2023-08-18 16:27:25 V/Bot.2398493975: [ç­ç­å“ªå‡‰å¿«å‘†å“ªå†›å›¢@(887156367)] å“­å“­Kirin@ä¹Ÿè¢«ç­ç­å†›å›¢å¼€é™¤(472247053) -> [mirai:image:{01B496B8-73AA-4D90-FE2B-98580B7903B6}.jpg, width=150, height=150, size=676548, type=GIF, isEmoji=true]
2023-08-18 16:27:32 V/Bot.2398493975: [ç­ç­å“ªå‡‰å¿«å‘†å“ªå†›å›¢@(887156367)] å°ç­æš—æ‹ç¦ç¦æš—æ‹soyoæš—æ‹ç¥¥å­æš—æ‹ç¯æš—æ‹anon(1609323331) -> å¥½å¥½å¥½æœ€åŽä¸€æŠŠèµ¢äº†
2023-08-18 16:27:39 V/Bot.2398493975: [ç­ç­å“ªå‡‰å¿«å‘†å“ªå†›å›¢@(887156367)] hzc@ç­ç­è»å›£äºŒåº¦å—(2384102753) -> ä½ å¯ä»¥è¯•è¯•æ”¾2ä¸ªç›¾
2023-08-18 16:27:49 V/Bot.2398493975: [ç­ç­å“ªå‡‰å¿«å‘†å“ªå†›å›¢@(887156367)] å°ç­æš—æ‹ç¦ç¦æš—æ‹soyoæš—æ‹ç¥¥å­æš—æ‹ç¯æš—æ‹anon(1609323331) -> æ—¥æœå¡åœ¨200é—¨å£è¿›ä¸åŽ»
2023-08-18 16:28:06 V/Bot.2398493975: [ç­ç­å“ªå‡‰å¿«å‘†å“ªå†›å›¢@(887156367)] å°ç­æš—æ‹ç¦ç¦æš—æ‹soyoæš—æ‹ç¥¥å­æš—æ‹ç¯æš—æ‹anon(1609323331) -> å°æŠ¤å£«æ¼”æˆ‘
2023-08-18 16:28:08 V/Bot.2398493975: [ç­ç­å“ªå‡‰å¿«å‘†å“ªå†›å›¢@(887156367)] å°ç­æš—æ‹ç¦ç¦æš—æ‹soyoæš—æ‹ç¥¥å­æš—æ‹ç¯æš—æ‹anon(1609323331) -> tmd
2023-08-18 16:28:32 V/Bot.2398493975: [ç­ç­å“ªå‡‰å¿«å‘†å“ªå†›å›¢@(887156367)] å°ç­æš—æ‹ç¦ç¦æš—æ‹soyoæš—æ‹ç¥¥å­æš—æ‹ç¯æš—æ‹anon(1609323331) -> å°æŠ¤å£«ä¸¢äº†ä¸ªåŒ…æŠŠä½ä»“å°æŠ€èƒ½å¡æŽ‰äº†
2023-08-18 16:29:05 V/Bot.2398493975: [ç­ç­å“ªå‡‰å¿«å‘†å“ªå†›å›¢@(887156367)] hzc@ç­ç­è»å›£äºŒåº¦å—(2384102753) -> 2ä¸ªç›¾å®¹é”™å¥½ä¸€ç‚¹
2023-08-18 16:30:17 V/Bot.2398493975: [ç­ç­å“ªå‡‰å¿«å‘†å“ªå†›å›¢@(887156367)] å°ç­æš—æ‹ç¦ç¦æš—æ‹soyoæš—æ‹ç¥¥å­æš—æ‹ç¯æš—æ‹anon(1609323331) -> æ²¡æœ‰å¤§å”
2023-08-18 16:31:03 V/Bot.2398493975: [ç­ç­å“ªå‡‰å¿«å‘†å“ªå†›å›¢@(887156367)] å°ç­æš—æ‹ç¦ç¦æš—æ‹soyoæš—æ‹ç¥¥å­æš—æ‹ç¯æš—æ‹anon(1609323331) -> [mirai:image:{A31463D2-BD3C-9584-ED1D-5DC6DABBAC1B}.png, width=150, height=150, size=855112, type=GIF, isEmoji=true]
2023-08-18 16:31:33 V/Bot.2398493975: [ç­ç­å“ªå‡‰å¿«å‘†å“ªå†›å›¢@(887156367)] hzc@ç­ç­è»å›£äºŒåº¦å—(2384102753) -> å¤§å”ä¸å¦‚ä¼˜é¦™
2023-08-18 16:31:56 V/Bot.2398493975: [ç­ç­å“ªå‡‰å¿«å‘†å“ªå†›å›¢@(887156367)] å°ç­æš—æ‹ç¦ç¦æš—æ‹soyoæš—æ‹ç¥¥å­æš—æ‹ç¯æš—æ‹anon(1609323331) -> [mirai:image:{F4E0DC81-687A-7A42-5199-40CCB5F0AFBF}.png, width=512, height=512, size=633525, type=GIF, isEmoji=true]
2023-08-18 16:32:05 V/Bot.2398493975: [ç­ç­å“ªå‡‰å¿«å‘†å“ªå†›å›¢@(887156367)] å°ç­æš—æ‹ç¦ç¦æš—æ‹soyoæš—æ‹ç¥¥å­æš—æ‹ç¯æš—æ‹anon(1609323331) -> éƒ½ä¼šè¢«ç§’
2023-08-18 16:32:22 I/UnidbgFetchQsign: Bot(2398493975) request_token, submit success
2023-08-18 16:35:07 V/Bot.2398493975: [ç­ç­å“ªå‡‰å¿«å‘†å“ªå†›å›¢@(887156367)] hzc@ç­ç­è»å›£äºŒåº¦å—(2384102753) -> æ„Ÿè§‰å¯èƒ½æ˜¯é˜²å¾¡ä¸ä¸€æ ·
2023-08-18 16:35:18 V/Bot.2398493975: [ç­ç­å“ªå‡‰å¿«å‘†å“ªå†›å›¢@(887156367)] hzc@ç­ç­è»å›£äºŒåº¦å—(2384102753) -> ä¼˜é¦™ä¸ä¸€å®šè¢«ç§’
2023-08-18 16:36:24 V/Bot.2398493975: [ç­ç­å“ªå‡‰å¿«å‘†å“ªå†›å›¢@(887156367)] å°ç­æš—æ‹ç¦ç¦æš—æ‹soyoæš—æ‹ç¥¥å­æš—æ‹ç¯æš—æ‹anon(1609323331) -> é‚®ç®±æ²¡é˜²å¾¡
2023-08-18 16:37:49 V/Bot.2398493975: [ç­ç­å“ªå‡‰å¿«å‘†å“ªå†›å›¢@(887156367)] hzc@ç­ç­è»å›£äºŒåº¦å—(2384102753) -> é‚£å°±æ˜¯æœ‰ç›¾æˆ–è€…æœ‰é—ªé¿
2023-08-18 16:38:50 V/Bot.2398493975: [ç­ç­å“ªå‡‰å¿«å‘†å“ªå†›å›¢@(887156367)] å°ç­æš—æ‹ç¦ç¦æš—æ‹soyoæš—æ‹ç¥¥å­æš—æ‹ç¯æš—æ‹anon(1609323331) -> ä»Žéš”å£æŠŠæˆ‘çš„80çº§10ä¸‡è¡€çš„é‚®ç®±æŽå‡ºæ¥
2023-08-18 16:38:55 V/Bot.2398493975: [ç­ç­å“ªå‡‰å¿«å‘†å“ªå†›å›¢@(887156367)] å°ç­æš—æ‹ç¦ç¦æš—æ‹soyoæš—æ‹ç¥¥å­æš—æ‹ç¯æš—æ‹anon(1609323331) -> [mirai:image:{B9563259-F76A-9EA7-862E-64863B59E52F}.png, width=67, height=53, size=2553, type=JPG, isEmoji=true]
2023-08-18 16:40:09 V/Bot.2398493975: [ç­ç­å“ªå‡‰å¿«å‘†å“ªå†›å›¢@(887156367)] å°ç­æš—æ‹ç¦ç¦æš—æ‹soyoæš—æ‹ç¥¥å­æš—æ‹ç¯æš—æ‹anon(1609323331) -> ç”¨ä¼˜é¦™æŠŠä½ ä»¬å…¨æ²™å‹’[mirai:image:{711821A0-6E25-451F-F6CD-5ED63036DD09}.png, width=2388, height=1668, size=276994, type=JPG, isEmoji=false]
2023-08-18 16:40:54 V/Bot.2398493975: [ç­ç­å“ªå‡‰å¿«å‘†å“ªå†›å›¢@(887156367)] hzc@ç­ç­è»å›£äºŒåº¦å—(2384102753) -> å“ˆå“ˆ æˆ‘é‡åˆ°è¿‡ä¸€ä¸ª39çº§ä¼Šç»‡ ä¸€å¥—æ‰“æˆ‘é‚®ç®±æœ€åŽè¿˜å‰©ç‚¹è¡€çš®
2023-08-18 16:41:07 V/Bot.2398493975: [ç­ç­å“ªå‡‰å¿«å‘†å“ªå†›å›¢@(887156367)] hzc@ç­ç­è»å›£äºŒåº¦å—(2384102753) -> ç„¶åŽå°±è¢«æˆ‘çž¬ç§’äº†
2023-08-18 16:41:24 V/Bot.2398493975: [ç­ç­å“ªå‡‰å¿«å‘†å“ªå†›å›¢@(887156367)] å°ç­æš—æ‹ç¦ç¦æš—æ‹soyoæš—æ‹ç¥¥å­æš—æ‹ç¯æš—æ‹anon(1609323331) -> åŽŸæ¥ä½ æœ‰å¤§èˆœ
2023-08-18 16:41:26 V/Bot.2398493975: [ç­ç­å“ªå‡‰å¿«å‘†å“ªå†›å›¢@(887156367)] å°ç­æš—æ‹ç¦ç¦æš—æ‹soyoæš—æ‹ç¥¥å­æš—æ‹ç¯æš—æ‹anon(1609323331) -> [mirai:image:{D8E3976E-E364-85CD-39D3-971D6A0932D4}.png, width=480, height=360, size=269095, type=GIF, isEmoji=true]
2023-08-18 16:42:29 V/Bot.2398493975: [ç­ç­å“ªå‡‰å¿«å‘†å“ªå†›å›¢@(887156367)] hzc@ç­ç­è»å›£äºŒåº¦å—(2384102753) -> æˆ‘ä¼Šç»‡çˆ±éœ²æ™´å¥ˆä¸€ä¸ªæ²¡æœ‰ å°±æžäº†ä¸ªçž¬
2023-08-18 16:42:42 V/Bot.2398493975: [ç­ç­å“ªå‡‰å¿«å‘†å“ªå†›å›¢@(887156367)] å°ç­æš—æ‹ç¦ç¦æš—æ‹soyoæš—æ‹ç¥¥å­æš—æ‹ç¯æš—æ‹anon(1609323331) -> é‚£å¥½åƒä¹Ÿæ²¡å•¥ç”¨
2023-08-18 16:42:44 V/Bot.2398493975: [ç­ç­å“ªå‡‰å¿«å‘†å“ªå†›å›¢@(887156367)] hzc@ç­ç­è»å›£äºŒåº¦å—(2384102753) -> ç†è®ºä¸Šæ˜¯ä¸ªåžƒåœ¾å·
2023-08-18 16:42:45 V/Bot.2398493975: [ç­ç­å“ªå‡‰å¿«å‘†å“ªå†›å›¢@(887156367)] å°ç­æš—æ‹ç¦ç¦æš—æ‹soyoæš—æ‹ç¥¥å­æš—æ‹ç¯æš—æ‹anon(1609323331) -> [mirai:image:{7B4FAB6B-0BA8-0F4C-F8DC-B2AF31AB603E}.png, width=512, height=512, size=192357, type=GIF, isEmoji=true]
2023-08-18 16:44:11 V/Bot.2398493975: [ç­ç­å“ªå‡‰å¿«å‘†å“ªå†›å›¢@(887156367)] å°ç­æš—æ‹ç¦ç¦æš—æ‹soyoæš—æ‹ç¥¥å­æš—æ‹ç¯æš—æ‹anon(1609323331) -> [mirai:image:{6940C759-A7C7-B8B3-DF32-AB0492981D3B}.png, width=1402, height=578, size=60882, type=JPG, isEmoji=false]
2023-08-18 16:45:18 V/Bot.2398493975: [ç­ç­å“ªå‡‰å¿«å‘†å“ªå†›å›¢@(887156367)] hzc@ç­ç­è»å›£äºŒåº¦å—(2384102753) -> ä½ æŽ¨å›¾æŽ¨åˆ°å“ªäº†
2023-08-18 16:45:32 V/Bot.2398493975: [ç­ç­å“ªå‡‰å¿«å‘†å“ªå†›å›¢@(887156367)] hzc@ç­ç­è»å›£äºŒåº¦å—(2384102753) -> ç›¸ä¿¡ä½ æŽ¨å›¾åº”è¯¥å¾ˆå¿«
2023-08-18 16:46:46 V/Bot.2398493975: [ç­ç­å“ªå‡‰å¿«å‘†å“ªå†›å›¢@(887156367)] å°ç­æš—æ‹ç¦ç¦æš—æ‹soyoæš—æ‹ç¥¥å­æš—æ‹ç¯æš—æ‹anon(1609323331) -> [mirai:image:{7031CDF6-A8A2-8F05-1A75-3E11FE2AF640}.png, width=200, height=167, size=67839, type=GIF, isEmoji=true]
2023-08-18 16:47:16 V/Bot.2398493975: [ç­ç­å“ªå‡‰å¿«å‘†å“ªå†›å›¢@(887156367)] å°ç­æš—æ‹ç¦ç¦æš—æ‹soyoæš—æ‹ç¥¥å­æš—æ‹ç¯æš—æ‹anon(1609323331) -> [mirai:image:{F40D36A8-7B84-2FA2-2ED8-B1A6A41AB457}.png, width=2388, height=1668, size=195304, type=JPG, isEmoji=false]
2023-08-18 16:47:23 V/Bot.2398493975: [ç­ç­å“ªå‡‰å¿«å‘†å“ªå†›å›¢@(887156367)] å°ç­æš—æ‹ç¦ç¦æš—æ‹soyoæš—æ‹ç¥¥å­æš—æ‹ç¯æš—æ‹anon(1609323331) -> æ‰“æ´»åŠ¨ä¸æŽ¨äº†
2023-08-18 16:49:42 V/Bot.2398493975: [ç­ç­å“ªå‡‰å¿«å‘†å“ªå†›å›¢@(887156367)] hzc@ç­ç­è»å›£äºŒåº¦å—(2384102753) -> è‰ æ€Žä¹ˆæœ‰8ä¸ªäººæ‰“æˆ‘
2023-08-18 16:49:54 V/Bot.2398493975: [ç­ç­å“ªå‡‰å¿«å‘†å“ªå†›å›¢@(887156367)] hzc@ç­ç­è»å›£äºŒåº¦å—(2384102753) -> æœ€åŽä¸€æŠŠæŽ‰åˆ°4300
2023-08-18 16:50:14 V/Bot.2398493975: [ç­ç­å“ªå‡‰å¿«å‘†å“ªå†›å›¢@(887156367)] ç­ç­å“ªå‡‰å¿«å‘†å“ªå†›å›¢(1297471104) -> æœ€åŽä¸€æŠŠç‚¹äº†4300
2023-08-18 16:50:36 V/Bot.2398493975: [ç­ç­å“ªå‡‰å¿«å‘†å“ªå†›å›¢@(887156367)] å°ç­æš—æ‹ç¦ç¦æš—æ‹soyoæš—æ‹ç¥¥å­æš—æ‹ç¯æš—æ‹anon(1609323331) -> åŽ»ä¸€å¤§ä¼šå€çŽ©[mirai:image:{FE0C6681-23C8-E814-B944-C9B0A1EAA4E5}.png, width=730, height=684, size=95096, type=JPG, isEmoji=false]
2023-08-18 16:50:45 V/Bot.2398493975: [ç­ç­å“ªå‡‰å¿«å‘†å“ªå†›å›¢@(887156367)] hzc@ç­ç­è»å›£äºŒåº¦å—(2384102753) -> æ²¡äº‹ ä¸Šè¿‡2300å°±å¥½
2023-08-18 16:50:57 V/Bot.2398493975: [ç­ç­å“ªå‡‰å¿«å‘†å“ªå†›å›¢@(887156367)] hzc@ç­ç­è»å›£äºŒåº¦å—(2384102753) -> xiaosi
2023-08-18 16:51:09 V/Bot.2398493975: [ç­ç­å“ªå‡‰å¿«å‘†å“ªå†›å›¢@(887156367)] å°ç­æš—æ‹ç¦ç¦æš—æ‹soyoæš—æ‹ç¥¥å­æš—æ‹ç¯æš—æ‹anon(1609323331) -> æ¥å¼€ä¸¤æŠŠå‹äºº
2023-08-18 16:51:13 V/Bot.2398493975: [ç­ç­å“ªå‡‰å¿«å‘†å“ªå†›å›¢@(887156367)] å°ç­æš—æ‹ç¦ç¦æš—æ‹soyoæš—æ‹ç¥¥å­æš—æ‹ç¯æš—æ‹anon(1609323331) -> [mirai:image:{5C7A54E9-8640-F26B-851D-C9A1902DB739}.png, width=384, height=384, size=18341, type=JPG, isEmoji=true]
2023-08-18 16:51:18 V/Bot.2398493975: [ç­ç­å“ªå‡‰å¿«å‘†å“ªå†›å›¢@(887156367)] å°ç­æš—æ‹ç¦ç¦æš—æ‹soyoæš—æ‹ç¥¥å­æš—æ‹ç¯æš—æ‹anon(1609323331) -> å…»çŒ«å¨˜
2023-08-18 17:12:23 I/UnidbgFetchQsign: Bot(2398493975) request_token, submit success
2023-08-18 17:16:33 V/Bot.2398493975: [ç­ç­å“ªå‡‰å¿«å‘†å“ªå†›å›¢@(887156367)] ä¼˜é›…çŒ›ç‰›(695150175) -> å¯†å®¤çœŸå¥½çŽ©
2023-08-18 17:16:38 V/Bot.2398493975: [ç­ç­å“ªå‡‰å¿«å‘†å“ªå†›å›¢@(887156367)] ä¼˜é›…çŒ›ç‰›(695150175) -> [å“¦][å“¦][å“¦]
2023-08-18 17:16:52 V/Bot.2398493975: [ç­ç­å“ªå‡‰å¿«å‘†å“ªå†›å›¢@(887156367)] ä¼˜é›…çŒ›ç‰›(695150175) -> è¢«å“äº†ä¸ªåŠæ­»
2023-08-18 17:17:16 V/Bot.2398493975: [ç­ç­å“ªå‡‰å¿«å‘†å“ªå†›å›¢@(887156367)] lax@ç‰›ç‰›é“å¿ƒç ´ç¢Žå†›å›¢(269418386) -> [mirai:image:{38F8B2B4-A05F-01EB-4D42-18E9A3FCA0A4}.png, width=797, height=838, size=79955, type=PNG, isEmoji=false]
2023-08-18 17:17:41 V/Bot.2398493975: [ç­ç­å“ªå‡‰å¿«å‘†å“ªå†›å›¢@(887156367)] lax@ç‰›ç‰›é“å¿ƒç ´ç¢Žå†›å›¢(269418386) -> æˆ‘è¦ç¬‘æ­»äº† è¿™ç¬¬ä¸‰ä¸ªé€é•œç¡®å®šä¸æ˜¯æ¥æžç¬‘çš„å—
2023-08-18 17:19:42 V/Bot.2398493975: [ç­ç­å“ªå‡‰å¿«å‘†å“ªå†›å›¢@(887156367)] ç­ç­å“ªå‡‰å¿«å‘†å“ªå†›å›¢(1297471104) -> åˆ«å°¬é»‘ï¼Œé—®å°±æ˜¯å¯ä»¥å¯¹å…‰è¿›è¡Œç¼–ç çš„é€é•œ
2023-08-18 17:20:05 I/Bot.2398493975: Saved account secrets to local cache for fast login.
2023-08-18 17:25:52 V/Bot.2398493975: [ç­ç­å“ªå‡‰å¿«å‘†å“ªå†›å›¢@(887156367)] å“­å“­Kirin@ä¹Ÿè¢«ç­ç­å†›å›¢å¼€é™¤(472247053) -> æ„Ÿè§‰æ˜¯çº¯å½¢å¼åŒ–ï¼ˆï¼Ÿ
2023-08-18 17:27:01 V/Bot.2398493975: [ç­ç­å“ªå‡‰å¿«å‘†å“ªå†›å›¢@(887156367)] lax@ç‰›ç‰›é“å¿ƒç ´ç¢Žå†›å›¢(269418386) -> ç¬¬ä¸‰ä¸ªå°±æ˜¯ç§€è‚Œè‚‰äº† ä»–æ‰¾äº†ä¸€ä¸ªé€šå¼è¯´å¯ä»¥æŒ‰ç…§è¿™ä¸ªè®¾è®¡æ— çƒå·®çš„å•é€é•œ
2023-08-18 17:27:05 V/Bot.2398493975: [ç­ç­å“ªå‡‰å¿«å‘†å“ªå†›å›¢@(887156367)] å°ç­æš—æ‹ç¦ç¦æš—æ‹soyoæš—æ‹ç¥¥å­æš—æ‹ç¯æš—æ‹anon(1609323331) -> [mirai:image:{0F642F0B-457A-0B2B-9442-4BA581228784}.png, width=720, height=319, size=43584, type=JPG, isEmoji=false]
2023-08-18 17:27:08 V/Bot.2398493975: [ç­ç­å“ªå‡‰å¿«å‘†å“ªå†›å›¢@(887156367)] å°ç­æš—æ‹ç¦ç¦æš—æ‹soyoæš—æ‹ç¥¥å­æš—æ‹ç¯æš—æ‹anon(1609323331) -> [mirai:image:{6DEC1C74-4954-6BFF-A728-0DB310A7223C}.png, width=2388, height=1668, size=337742, type=JPG, isEmoji=false]
2023-08-18 17:27:11 V/Bot.2398493975: [ç­ç­å“ªå‡‰å¿«å‘†å“ªå†›å›¢@(887156367)] å°ç­æš—æ‹ç¦ç¦æš—æ‹soyoæš—æ‹ç¥¥å­æš—æ‹ç¯æš—æ‹anon(1609323331) -> æ„ŸåŠ¨ç­ç­
2023-08-18 17:27:14 V/Bot.2398493975: [ç­ç­å“ªå‡‰å¿«å‘†å“ªå†›å›¢@(887156367)] lax@ç‰›ç‰›é“å¿ƒç ´ç¢Žå†›å›¢(269418386) -> ä½†æ˜¯å…¶å®žä¸€ä¸ªæ¤­çƒé¢å°±å¯ä»¥è§£å†³
2023-08-18 17:27:18 V/Bot.2398493975: [ç­ç­å“ªå‡‰å¿«å‘†å“ªå†›å›¢@(887156367)] å°ç­æš—æ‹ç¦ç¦æš—æ‹soyoæš—æ‹ç¥¥å­æš—æ‹ç¯æš—æ‹anon(1609323331) -> [mirai:image:{5690F3CC-2ABE-867A-234E-B2AE8D5F633B}.png, width=2388, height=1668, size=314388, type=JPG, isEmoji=false]
2023-08-18 17:27:44 V/Bot.2398493975: [ç­ç­å“ªå‡‰å¿«å‘†å“ªå†›å›¢@(887156367)] lax@ç‰›ç‰›é“å¿ƒç ´ç¢Žå†›å›¢(269418386) -> ç„¶åŽä¸»è¦æ˜¯è¿™ä¸ªå½¢çŠ¶ä¹Ÿå¤ªå–œæ„Ÿäº†
2023-08-18 17:28:20 V/Bot.2398493975: [ç­ç­å“ªå‡‰å¿«å‘†å“ªå†›å›¢@(887156367)] lax@ç‰›ç‰›é“å¿ƒç ´ç¢Žå†›å›¢(269418386) -> ä½†æ˜¯ç¡®å®žä¸æŽ’é™¤å¯ä»¥æ‹¿è¿™ä¸ªä¸œè¥¿åšå‡ ä¸ªè¿‘è§†çŸ«æ­£çŽ¯
2023-08-18 17:29:01 V/Bot.2398493975: [ç­ç­å“ªå‡‰å¿«å‘†å“ªå†›å›¢@(887156367)] å†°æ°´@ä¸ä¼šåèº«è·³å†›å›¢(308217149) -> æ„Ÿè§‰æƒ³èµ·äº†ä¹‹å‰çš„è²æ¶…å°”é€é•œ
2023-08-18 17:30:58 V/Bot.2398493975: [ç­ç­å“ªå‡‰å¿«å‘†å“ªå†›å›¢@(887156367)] lax@ç‰›ç‰›é“å¿ƒç ´ç¢Žå†›å›¢(269418386) -> æˆ‘çŽ°åœ¨å°±åœ¨æžå…‰å­¦è®¾è®¡ éƒ½æ˜¯ä»Ž0å¼€å§‹
2023-08-18 17:52:29 I/UnidbgFetchQsign: Bot(2398493975) request_token, submit success
2023-08-18 17:55:46 V/Bot.2398493975: [ç­ç­å“ªå‡‰å¿«å‘†å“ªå†›å›¢@(887156367)] Freeze_Kirin(768173212) -> [mirai:image:{69DF024A-54A3-F611-4B8C-C29FEFFFB27E}.png, width=1290, height=2796, size=334670, type=PNG, isEmoji=false]
2023-08-18 17:56:25 V/Bot.2398493975: [ç­ç­å“ªå‡‰å¿«å‘†å“ªå†›å›¢@(887156367)] Freeze_Kirin(768173212) -> 16ä¸ªé€‰é¡¹+1ä¸ªæœªå‡ºçŽ°åœ¨é€‰é¡¹é‡Œçš„cpé€‰é¡¹
2023-08-18 17:56:30 V/Bot.2398493975: [ç­ç­å“ªå‡‰å¿«å‘†å“ªå†›å›¢@(887156367)] Freeze_Kirin(768173212) -> è¿™å°±æ˜¯mygoï¼
2023-08-18 17:56:35 V/Bot.2398493975: [ç­ç­å“ªå‡‰å¿«å‘†å“ªå†›å›¢@(887156367)] Freeze_Kirin(768173212) -> [mirai:image:{05919B55-D12E-11BD-7C76-D06FAD553D12}.png, width=370, height=296, size=100522, type=GIF, isEmoji=true]
2023-08-18 18:11:52 V/Bot.2398493975: [ç­ç­å“ªå‡‰å¿«å‘†å“ªå†›å›¢@(887156367)] hzc@ç­ç­è»å›£äºŒåº¦å—(2384102753) -> [mirai:image:{05919B55-D12E-11BD-7C76-D06FAD553D12}.png, width=370, height=296, size=100522, type=GIF, isEmoji=true]
2023-08-18 18:16:24 V/Bot.2398493975: [ç­ç­å“ªå‡‰å¿«å‘†å“ªå†›å›¢@(887156367)] å°ç­æš—æ‹ç¦ç¦æš—æ‹soyoæš—æ‹ç¥¥å­æš—æ‹ç¯æš—æ‹anon(1609323331) -> å¥½æ¶ˆæ¯ï¼šæœ¬æœ¬åˆ°äº†[mirai:image:{A0D54254-79D0-F639-4908-236C4A14DF83}.png, width=1280, height=591, size=179093, type=JPG, isEmoji=false]
2023-08-18 18:17:08 V/Bot.2398493975: [ç­ç­å“ªå‡‰å¿«å‘†å“ªå†›å›¢@(887156367)] å°ç­æš—æ‹ç¦ç¦æš—æ‹soyoæš—æ‹ç¥¥å­æš—æ‹ç¯æš—æ‹anon(1609323331) -> åæ¶ˆæ¯ï¼šåˆ°çš„åˆ«äººå®¶
2023-08-18 18:17:44 V/Bot.2398493975: [ç­ç­å“ªå‡‰å¿«å‘†å“ªå†›å›¢@(887156367)] hzc@ç­ç­è»å›£äºŒåº¦å—(2384102753) -> å¯çˆ±æ
2023-08-18 18:18:46 V/Bot.2398493975: [ç­ç­å“ªå‡‰å¿«å‘†å“ªå†›å›¢@(887156367)] ç­ç­å“ªå‡‰å¿«å‘†å“ªå†›å›¢(1297471104) -> å¥½æ¶ˆæ¯ï¼šé€æˆ‘äº†
2023-08-18 18:19:09 V/Bot.2398493975: [ç­ç­å“ªå‡‰å¿«å‘†å“ªå†›å›¢@(887156367)] å°ç­æš—æ‹ç¦ç¦æš—æ‹soyoæš—æ‹ç¥¥å­æš—æ‹ç¯æš—æ‹anon(1609323331) -> ä½ å¸®æˆ‘å¸¦å›žæ¥å—
2023-08-18 18:19:09 V/Bot.2398493975: [ç­ç­å“ªå‡‰å¿«å‘†å“ªå†›å›¢@(887156367)] å†°æ°´@ä¸ä¼šåèº«è·³å†›å›¢(308217149) -> å¦ˆè€¶ Sä¸Šçš„å‰åˆ©å®‰ çœŸå¸…å•Š
2023-08-18 18:19:41 V/Bot.2398493975: [ç­ç­å“ªå‡‰å¿«å‘†å“ªå†›å›¢@(887156367)] hzc@ç­ç­è»å›£äºŒåº¦å—(2384102753) -> å¥½æ¶ˆæ¯ï¼šé€æˆ‘äº†
2023-08-18 18:20:05 V/Bot.2398493975: [ç­ç­å“ªå‡‰å¿«å‘†å“ªå†›å›¢@(887156367)] å°ç­æš—æ‹ç¦ç¦æš—æ‹soyoæš—æ‹ç¥¥å­æš—æ‹ç¯æš—æ‹anon(1609323331) -> å¯„åˆ°åŒ—æµ·é“åŽ»äº†
2023-08-18 18:20:07 V/Bot.2398493975: [ç­ç­å“ªå‡‰å¿«å‘†å“ªå†›å›¢@(887156367)] å°ç­æš—æ‹ç¦ç¦æš—æ‹soyoæš—æ‹ç¥¥å­æš—æ‹ç¯æš—æ‹anon(1609323331) -> [mirai:image:{C8E8094B-CB49-F06F-791E-0B522869926D}.png, width=300, height=300, size=17848, type=JPG, isEmoji=true]
2023-08-18 18:24:44 V/Bot.2398493975: [ç­ç­å“ªå‡‰å¿«å‘†å“ªå†›å›¢@(887156367)] lax@ç‰›ç‰›é“å¿ƒç ´ç¢Žå†›å›¢(269418386) -> åŽ»é›€åº„äº†
2023-08-18 18:25:16 V/Bot.2398493975: [ç­ç­å“ªå‡‰å¿«å‘†å“ªå†›å›¢@(887156367)] hzc@ç­ç­è»å›£äºŒåº¦å—(2384102753) -> ä¸ºä»€ä¹ˆè¿™å‘¨ä¹Ÿæ²¡è·Ÿéžæœˆæ‰“
2023-08-18 18:26:03 V/Bot.2398493975: [ç­ç­å“ªå‡‰å¿«å‘†å“ªå†›å›¢@(887156367)] hzc@ç­ç­è»å›£äºŒåº¦å—(2384102753) -> ä»€ä¹ˆæ—¶å€™èƒ½ðŸ¤º
2023-08-18 18:26:25 V/Bot.2398493975: [ç­ç­å“ªå‡‰å¿«å‘†å“ªå†›å›¢@(887156367)] lax@ç‰›ç‰›é“å¿ƒç ´ç¢Žå†›å›¢(269418386) -> ä¸çŸ¥é“
2023-08-18 18:26:54 V/Bot.2398493975: [ç­ç­å“ªå‡‰å¿«å‘†å“ªå†›å›¢@(887156367)] lax@ç‰›ç‰›é“å¿ƒç ´ç¢Žå†›å›¢(269418386) -> æˆ‘é—®äº† ç†è®ºä¸Šæ˜¯æœ‰å¯èƒ½ç¢°ä¸åˆ°çš„
2023-08-18 18:27:31 V/Bot.2398493975: [ç­ç­å“ªå‡‰å¿«å‘†å“ªå†›å›¢@(887156367)] hzc@ç­ç­è»å›£äºŒåº¦å—(2384102753) -> [mirai:image:{9C906345-63EB-87FC-8C6A-D017DAD908A8}.png, width=1792, height=828, size=224540, type=JPG, isEmoji=false]
2023-08-18 18:27:56 V/Bot.2398493975: [ç­ç­å“ªå‡‰å¿«å‘†å“ªå†›å›¢@(887156367)] hzc@ç­ç­è»å›£äºŒåº¦å—(2384102753) -> å†°å­ä½ æ€Žä¹ˆåŽ»é•¿è€…é‡Žäº†
2023-08-18 18:28:29 V/Bot.2398493975: [ç­ç­å“ªå‡‰å¿«å‘†å“ªå†›å›¢@(887156367)] ä¼˜é›…çŒ›ç‰›(695150175) -> [mirai:at:269418386] ä½ é‚£é‡Œæœ‰å•¥é›€åº„ç†Ÿäºº
2023-08-18 18:29:04 V/Bot.2398493975: [ç­ç­å“ªå‡‰å¿«å‘†å“ªå†›å›¢@(887156367)] å°ç­æš—æ‹ç¦ç¦æš—æ‹soyoæš—æ‹ç¥¥å­æš—æ‹ç¯æš—æ‹anon(1609323331) -> [mirai:image:{FC987CF9-26E7-DB59-D896-82A7041D257B}.png, width=627, height=355, size=187901, type=GIF, isEmoji=true]
2023-08-18 18:29:08 V/Bot.2398493975: [ç­ç­å“ªå‡‰å¿«å‘†å“ªå†›å›¢@(887156367)] lax@ç‰›ç‰›é“å¿ƒç ´ç¢Žå†›å›¢(269418386) -> æ²¡æœ‰
2023-08-18 18:29:31 V/Bot.2398493975: [ç­ç­å“ªå‡‰å¿«å‘†å“ªå†›å›¢@(887156367)] lax@ç‰›ç‰›é“å¿ƒç ´ç¢Žå†›å›¢(269418386) -> æ˜¯å†°å†°å­æ
2023-08-18 18:29:38 V/Bot.2398493975: [ç­ç­å“ªå‡‰å¿«å‘†å“ªå†›å›¢@(887156367)] hzc@ç­ç­è»å›£äºŒåº¦å—(2384102753) -> æœ‰å¯èƒ½ä¼šé‡åˆ°ç™½èœ
2023-08-18 18:31:34 V/Bot.2398493975: [ç­ç­å“ªå‡‰å¿«å‘†å“ªå†›å›¢@(887156367)] èåœ@èåœè»å›£(690875992) -> æ˜¯å†°å†°å­æ
2023-08-18 18:32:30 I/UnidbgFetchQsign: Bot(2398493975) request_token, submit success
2023-08-18 18:34:15 V/Bot.2398493975: [ç­ç­å“ªå‡‰å¿«å‘†å“ªå†›å›¢@(887156367)] å°ç­æš—æ‹ç¦ç¦æš—æ‹soyoæš—æ‹ç¥¥å­æš—æ‹ç¯æš—æ‹anon(1609323331) -> æ˜¯å†°å†°å­æ
2023-08-18 18:34:39 V/Bot.2398493975: [ç­ç­å“ªå‡‰å¿«å‘†å“ªå†›å›¢@(887156367)] Freeze_Kirin(768173212) -> æ˜¯å†°å†°å­æ
2023-08-18 18:56:15 V/Bot.2398493975: [ç­ç­å“ªå‡‰å¿«å‘†å“ªå†›å›¢@(887156367)] å“­å“­Kirin@ä¹Ÿè¢«ç­ç­å†›å›¢å¼€é™¤(472247053) -> æ˜¯å†°å†°å­æ
2023-08-18 18:58:28 V/Bot.2398493975: [ç­ç­å“ªå‡‰å¿«å‘†å“ªå†›å›¢@(887156367)] ä¼˜é›…çŒ›ç‰›(695150175) -> æ˜¯å†°å†°å­æ
2023-08-18 18:59:55 V/Bot.2398493975: [ç­ç­å“ªå‡‰å¿«å‘†å“ªå†›å›¢@(887156367)] ç­ç­å“ªå‡‰å¿«å‘†å“ªå†›å›¢(1297471104) -> æ˜¯å†°å†°å­æ
2023-08-18 19:12:31 I/UnidbgFetchQsign: Bot(2398493975) request_token, submit success
2023-08-18 19:17:06 V/Bot.2398493975: [ç­ç­å“ªå‡‰å¿«å‘†å“ªå†›å›¢@(887156367)] å†°æ°´@ä¸ä¼šåèº«è·³å†›å›¢(308217149) -> è‰
2023-08-18 19:27:21 V/Bot.2398493975: [SHTè”æžéº»é…±åä¼š(493057481)] MEOW@ç­ç­bot(1609323331) -> [mirai:image:{63B5C161-40C1-CB9D-752C-3D1639ED7F2F}.png, width=368, height=260, size=89532, type=GIF, isEmoji=true]
2023-08-18 19:52:37 I/UnidbgFetchQsign: Bot(2398493975) request_token, submit success
2023-08-18 20:32:37 I/UnidbgFetchQsign: Bot(2398493975) request_token, submit success
2023-08-18 20:49:48 V/Bot.2398493975: [ç­ç­å“ªå‡‰å¿«å‘†å“ªå†›å›¢@(887156367)] lax@ç‰›ç‰›é“å¿ƒç ´ç¢Žå†›å›¢(269418386) -> è¿˜è¡Œ é‚£ä¸ªé›€åº„å¥½çƒ­é—¹
2023-08-18 20:49:53 V/Bot.2398493975: [ç­ç­å“ªå‡‰å¿«å‘†å“ªå†›å›¢@(887156367)] lax@ç‰›ç‰›é“å¿ƒç ´ç¢Žå†›å›¢(269418386) -> å…¨æ˜¯æ•£æˆ·
2023-08-18 20:51:42 V/Bot.2398493975: [ç­ç­å“ªå‡‰å¿«å‘†å“ªå†›å›¢@(887156367)] ç­ç­å“ªå‡‰å¿«å‘†å“ªå†›å›¢(1297471104) -> ä¸å¼€å‹äººæˆ¿æ”¹åŽ»åŒ¹é…äº†æ˜¯å§
2023-08-18 20:52:24 V/Bot.2398493975: [ç­ç­å“ªå‡‰å¿«å‘†å“ªå†›å›¢@(887156367)] å°ç­æš—æ‹ç¦ç¦æš—æ‹soyoæš—æ‹ç¥¥å­æš—æ‹ç¯æš—æ‹anon(1609323331) -> [mirai:image:{8BF34B10-19C1-4195-5866-6DDB73A903D8}.png, width=249, height=188, size=54265, type=GIF, isEmoji=true]
2023-08-18 20:52:37 V/Bot.2398493975: [ç­ç­å“ªå‡‰å¿«å‘†å“ªå†›å›¢@(887156367)] Freeze_Kirin(768173212) -> [mirai:image:{8BF34B10-19C1-4195-5866-6DDB73A903D8}.gif, width=249, height=188, size=54265, type=GIF, isEmoji=true]
2023-08-18 21:03:11 V/Bot.2398493975: [ç­ç­å“ªå‡‰å¿«å‘†å“ªå†›å›¢@(887156367)] lax@ç‰›ç‰›é“å¿ƒç ´ç¢Žå†›å›¢(269418386) -> ï¼Ÿ
2023-08-18 21:03:32 V/Bot.2398493975: [ç­ç­å“ªå‡‰å¿«å‘†å“ªå†›å›¢@(887156367)] lax@ç‰›ç‰›é“å¿ƒç ´ç¢Žå†›å›¢(269418386) -> å‹äººæˆ¿è¢«å¡”æŒ¤æ»¡äº†
2023-08-18 21:03:37 V/Bot.2398493975: [ç­ç­å“ªå‡‰å¿«å‘†å“ªå†›å›¢@(887156367)] lax@ç‰›ç‰›é“å¿ƒç ´ç¢Žå†›å›¢(269418386) -> æˆ‘è¢«æŒ¤å‡ºæ¥äº†
2023-08-18 21:12:38 I/UnidbgFetchQsign: Bot(2398493975) request_token, submit success
2023-08-18 21:52:44 I/UnidbgFetchQsign: Bot(2398493975) request_token, submit success
2023-08-18 22:09:20 V/Bot.2398493975: [ç­ç­å“ªå‡‰å¿«å‘†å“ªå†›å›¢@(887156367)] lax@ç‰›ç‰›é“å¿ƒç ´ç¢Žå†›å›¢(269418386) -> [mirai:image:{F4AEB390-0179-ABDF-70CA-84AEC1845281}.jpg, width=1080, height=1348, size=93088, type=JPG, isEmoji=false]
2023-08-18 22:09:29 V/Bot.2398493975: [ç­ç­å“ªå‡‰å¿«å‘†å“ªå†›å›¢@(887156367)] lax@ç‰›ç‰›é“å¿ƒç ´ç¢Žå†›å›¢(269418386) -> æ™šé¥­
2023-08-18 22:10:00 V/Bot.2398493975: [ç­ç­å“ªå‡‰å¿«å‘†å“ªå†›å›¢@(887156367)] å†°æ°´@ä¸ä¼šåèº«è·³å†›å›¢(308217149) -> å‘œå‘œå‘œ
2023-08-18 22:10:01 V/Bot.2398493975: [ç­ç­å“ªå‡‰å¿«å‘†å“ªå†›å›¢@(887156367)] ç­ç­å“ªå‡‰å¿«å‘†å“ªå†›å›¢(1297471104) -> ä¸é”™ä¸é”™ï¼Œå¯Œå«å¤šç§äººä½“æ‰€éœ€çš„å¾®é‡å…ƒç´ 
2023-08-18 22:11:04 V/Bot.2398493975: [ç­ç­å“ªå‡‰å¿«å‘†å“ªå†›å›¢@(887156367)] å†°æ°´@ä¸ä¼šåèº«è·³å†›å›¢(308217149) -> æ³ªç›®
2023-08-18 22:12:43 V/Bot.2398493975: [ç­ç­å“ªå‡‰å¿«å‘†å“ªå†›å›¢@(887156367)] lax@ç‰›ç‰›é“å¿ƒç ´ç¢Žå†›å›¢(269418386) -> [mirai:image:{E655131A-4D2C-00A2-87A9-60D11CF471F9}.jpg, width=2340, height=1080, size=1378040, type=JPG, isEmoji=false]
2023-08-18 22:12:47 V/Bot.2398493975: [ç­ç­å“ªå‡‰å¿«å‘†å“ªå†›å›¢@(887156367)] lax@ç‰›ç‰›é“å¿ƒç ´ç¢Žå†›å›¢(269418386) -> å…¶å®žåœ¨è¿™é‡Œ
2023-08-18 22:12:59 V/Bot.2398493975: [ç­ç­å“ªå‡‰å¿«å‘†å“ªå†›å›¢@(887156367)] lax@ç‰›ç‰›é“å¿ƒç ´ç¢Žå†›å›¢(269418386) -> è¶…å¸‚å¿«å…³é—¨äº†ä¹°ä¸€é€ä¸€
2023-08-18 22:13:13 V/Bot.2398493975: [ç­ç­å“ªå‡‰å¿«å‘†å“ªå†›å›¢@(887156367)] ä¼˜é›…çŒ›ç‰›(695150175) -> å”‰
2023-08-18 22:13:18 V/Bot.2398493975: [ç­ç­å“ªå‡‰å¿«å‘†å“ªå†›å›¢@(887156367)] ä¼˜é›…çŒ›ç‰›(695150175) -> ç”µè„‘æ²¡ç”¨äº†æ€Žä¹ˆåŠž
2023-08-18 22:13:24 V/Bot.2398493975: [ç­ç­å“ªå‡‰å¿«å‘†å“ªå†›å›¢@(887156367)] ä¼˜é›…çŒ›ç‰›(695150175) -> åˆä¸æƒ³ä¹°æ–°ç”µè„‘
2023-08-18 22:13:30 V/Bot.2398493975: [ç­ç­å“ªå‡‰å¿«å‘†å“ªå†›å›¢@(887156367)] lax@ç‰›ç‰›é“å¿ƒç ´ç¢Žå†›å›¢(269418386) -> æ‰¾å°æ°å•Š
2023-08-18 22:13:30 V/Bot.2398493975: [ç­ç­å“ªå‡‰å¿«å‘†å“ªå†›å›¢@(887156367)] ä¼˜é›…çŒ›ç‰›(695150175) -> [mirai:image:{F4E0DC81-687A-7A42-5199-40CCB5F0AFBF}.gif, width=512, height=512, size=633525, type=GIF, isEmoji=true]
2023-08-18 22:20:49 V/Bot.2398493975: [ç­ç­å“ªå‡‰å¿«å‘†å“ªå†›å›¢@(887156367)] å“­å“­Kirin@ä¹Ÿè¢«ç­ç­å†›å›¢å¼€é™¤(472247053) -> æ€Žä¹ˆåŠž å¤šuå¤šç¡¬ç›˜
2023-08-18 22:20:59 V/Bot.2398493975: [ç­ç­å“ªå‡‰å¿«å‘†å“ªå†›å›¢@(887156367)] å“­å“­Kirin@ä¹Ÿè¢«ç­ç­å†›å›¢å¼€é™¤(472247053) -> è¯¥è¡¥ä¸€å¥—nasäº†
2023-08-18 22:23:30 V/Bot.2398493975: [ç­ç­å“ªå‡‰å¿«å‘†å“ªå†›å›¢@(887156367)] lax@ç‰›ç‰›é“å¿ƒç ´ç¢Žå†›å›¢(269418386) -> æŠŠ4té‚£ä¸ªå–äº†
2023-08-18 22:24:58 V/Bot.2398493975: [ç­ç­å“ªå‡‰å¿«å‘†å“ªå†›å›¢@(887156367)] å“­å“­Kirin@ä¹Ÿè¢«ç­ç­å†›å›¢å¼€é™¤(472247053) -> æ‰åˆšä¸‹å•æ
2023-08-18 22:25:03 V/Bot.2398493975: [ç­ç­å“ªå‡‰å¿«å‘†å“ªå†›å›¢@(887156367)] å“­å“­Kirin@ä¹Ÿè¢«ç­ç­å†›å›¢å¼€é™¤(472247053) -> è¿˜æ²¡è´§å‘¢
2023-08-18 22:26:13 V/Bot.2398493975: [ç­ç­å“ªå‡‰å¿«å‘†å“ªå†›å›¢@(887156367)] lax@ç‰›ç‰›é“å¿ƒç ´ç¢Žå†›å›¢(269418386) -> è¿™å‡ å¤©ä¸€ç›´åœ¨çœ‹åžƒåœ¾ä½¬è£…æœº æœ‰ç‚¹å¥½çŽ©
2023-08-18 22:26:27 V/Bot.2398493975: [ç­ç­å“ªå‡‰å¿«å‘†å“ªå†›å›¢@(887156367)] å“­å“­Kirin@ä¹Ÿè¢«ç­ç­å†›å›¢å¼€é™¤(472247053) -> laxå¿«ä¹°ç¡¬ç›˜
2023-08-18 22:26:30 V/Bot.2398493975: [ç­ç­å“ªå‡‰å¿«å‘†å“ªå†›å›¢@(887156367)] å“­å“­Kirin@ä¹Ÿè¢«ç­ç­å†›å›¢å¼€é™¤(472247053) -> ä¹‹å‰é‚£å—å¤ªå·®äº†
2023-08-18 22:26:32 V/Bot.2398493975: [ç­ç­å“ªå‡‰å¿«å‘†å“ªå†›å›¢@(887156367)] lax@ç‰›ç‰›é“å¿ƒç ´ç¢Žå†›å›¢(269418386) -> ä¸ä¹°
2023-08-18 22:26:46 V/Bot.2398493975: [ç­ç­å“ªå‡‰å¿«å‘†å“ªå†›å›¢@(887156367)] lax@ç‰›ç‰›é“å¿ƒç ´ç¢Žå†›å›¢(269418386) -> å¤ªå·®äº†æ˜¯ä½ çš„é—®é¢˜ ä½ å¾—èµ”ä¸€ä¸ª
2023-08-18 22:27:12 V/Bot.2398493975: [ç­ç­å“ªå‡‰å¿«å‘†å“ªå†›å›¢@(887156367)] å“­å“­Kirin@ä¹Ÿè¢«ç­ç­å†›å›¢å¼€é™¤(472247053) -> [mirai:image:{C2B9835A-B426-00E2-F859-124D34935BF1}.jpg, width=304, height=240, size=29087, type=GIF, isEmoji=true]
2023-08-18 22:32:45 I/UnidbgFetchQsign: Bot(2398493975) request_token, submit success
2023-08-18 23:06:11 V/Bot.2398493975: [ç­ç­å“ªå‡‰å¿«å‘†å“ªå†›å›¢@(887156367)] lax@ç‰›ç‰›é“å¿ƒç ´ç¢Žå†›å›¢(269418386) -> å¥½å†·æ¸…å•Š
2023-08-18 23:12:46 I/UnidbgFetchQsign: Bot(2398493975) request_token, submit success
2023-08-18 23:17:03 V/Bot.2398493975: [ç­ç­å“ªå‡‰å¿«å‘†å“ªå†›å›¢@(887156367)] èåœ@èåœè»å›£(690875992) -> å¥½å†·æ¸…å•Š
2023-08-18 23:23:35 V/Bot.2398493975: [ç­ç­å“ªå‡‰å¿«å‘†å“ªå†›å›¢@(887156367)] å°ç­æš—æ‹ç¦ç¦æš—æ‹soyoæš—æ‹ç¥¥å­æš—æ‹ç¯æš—æ‹anon(1609323331) -> [mirai:image:{7AAB86C2-2E54-B41B-1127-E416989F377D}.png, width=124, height=139, size=6514, type=JPG, isEmoji=true]
2023-08-18 23:42:49 V/Bot.2398493975: [ç­ç­å“ªå‡‰å¿«å‘†å“ªå†›å›¢@(887156367)] ä¼˜é›…çŒ›ç‰›(695150175) -> [mirai:image:{258A7006-7F63-DE09-E4E4-4DB314298DA9}.png, width=392, height=65, size=29739, type=PNG, isEmoji=false]
2023-08-18 23:52:52 I/UnidbgFetchQsign: Bot(2398493975) request_token, submit success
