2023-09-12 00:07:26 I/UnidbgFetchQsign: Bot(2398493975) request_token, submit success
2023-09-12 00:13:59 V/Bot.2398493975: [獭獭不会交学费军团@(887156367)] lax@牛牛道心破碎军团(269418386) -> [羊驼]
2023-09-12 00:28:37 V/Bot.2398493975: [獭獭不会交学费军团@(887156367)] タタ@獭獭·ω·咖波●ω●军团(1609323331) -> [mirai:image:{3F8BE7B5-962A-368F-1BC0-7DC464C92204}.png, width=1125, height=584, size=115566, type=PNG, isEmoji=false]
2023-09-12 00:28:38 V/Bot.2398493975: [獭獭不会交学费军团@(887156367)] タタ@獭獭·ω·咖波●ω●军团(1609323331) -> 这啥
2023-09-12 00:28:44 V/Bot.2398493975: [獭獭不会交学费军团@(887156367)] タタ@獭獭·ω·咖波●ω●军团(1609323331) -> 还能重考？
2023-09-12 00:30:26 V/Bot.2398493975: [獭獭不会交学费军团@(887156367)] zz@獺獺軍団(771507043) -> 该播考试了
2023-09-12 00:31:11 V/Bot.2398493975: [獭獭不会交学费军团@(887156367)] タタ@獭獭·ω·咖波●ω●军团(1609323331) -> 乌拉拉的爹[mirai:image:{7098D99D-700A-7FC9-54F5-3950C3405D87}.png, width=1125, height=901, size=174775, type=JPG, isEmoji=false]
2023-09-12 00:31:16 V/Bot.2398493975: [獭獭不会交学费军团@(887156367)] 獭獭买锤子大臣@被獭獭军团开除(963423936) -> 一年后到期
2023-09-12 00:31:18 V/Bot.2398493975: [獭獭不会交学费军团@(887156367)] 獭獭买锤子大臣@被獭獭军团开除(963423936) -> 必须重新考
2023-09-12 00:31:20 V/Bot.2398493975: [獭獭不会交学费军团@(887156367)] 獭獭买锤子大臣@被獭獭军团开除(963423936) -> 我就懒得考了
2023-09-12 00:32:39 V/Bot.2398493975: [獭獭不会交学费军团@(887156367)] zz@獺獺軍団(771507043) -> 没有第三匹泥地马了，该换小栗帽了
2023-09-12 00:47:27 I/UnidbgFetchQsign: Bot(2398493975) request_token, submit success
2023-09-12 01:25:51 V/Bot.2398493975: [獭獭不会交学费军团@(887156367)] タタ@獭獭·ω·咖波●ω●军团(1609323331) -> 找不到哪几个马是有用的了[mirai:image:{95F412E5-D897-927C-7B18-EE35ADF1232C}.png, width=1668, height=2388, size=486188, type=JPG, isEmoji=false]
2023-09-12 01:25:53 V/Bot.2398493975: [獭獭不会交学费军团@(887156367)] タタ@獭獭·ω·咖波●ω●军团(1609323331) -> [mirai:image:{F5B37AEF-85A4-B98E-F7A6-31A42DB159D4}.png, width=300, height=300, size=11036, type=JPG, isEmoji=true]
2023-09-12 01:27:28 I/UnidbgFetchQsign: Bot(2398493975) request_token, submit success
2023-09-12 01:28:09 V/Bot.2398493975: [獭獭不会交学费军团@(887156367)] zz@獺獺軍団(771507043) -> 筛选因子速耐力，然后按因子排序
2023-09-12 01:28:28 V/Bot.2398493975: [獭獭不会交学费军团@(887156367)] タタ@獭獭·ω·咖波●ω●军团(1609323331) -> 按因子排
2023-09-12 01:28:36 V/Bot.2398493975: [獭獭不会交学费军团@(887156367)] タタ@獭獭·ω·咖波●ω●军团(1609323331) -> 想不起来哪个是有用的了
2023-09-12 01:28:42 V/Bot.2398493975: [獭獭不会交学费军团@(887156367)] タタ@獭獭·ω·咖波●ω●军团(1609323331) -> 他们爹不一样
2023-09-12 01:28:44 V/Bot.2398493975: [獭獭不会交学费军团@(887156367)] タタ@獭獭·ω·咖波●ω●军团(1609323331) -> [mirai:image:{F5B37AEF-85A4-B98E-F7A6-31A42DB159D4}.png, width=300, height=300, size=11036, type=JPG, isEmoji=true]
2023-09-12 02:07:34 I/UnidbgFetchQsign: Bot(2398493975) request_token, submit success
2023-09-12 02:47:34 I/UnidbgFetchQsign: Bot(2398493975) request_token, submit success
2023-09-12 03:13:29 V/Bot.2398493975: [獭獭不会交学费军团@(887156367)] 獭獭买锤子大臣@被獭獭军团开除(963423936) -> [mirai:image:{8860421E-7FE8-359F-D7A2-2A9441990D0F}.png, width=1900, height=2532, size=260577, type=JPG, isEmoji=false]
2023-09-12 03:13:30 V/Bot.2398493975: [獭獭不会交学费军团@(887156367)] 獭獭买锤子大臣@被獭獭军团开除(963423936) -> [mirai:image:{A4FCE295-AA83-7AA2-4CD3-D0DE879F246C}.png, width=1900, height=2532, size=576272, type=JPG, isEmoji=false]
2023-09-12 03:13:36 V/Bot.2398493975: [獭獭不会交学费军团@(887156367)] 獭獭买锤子大臣@被獭獭军团开除(963423936) -> 这他妈是什么虫子
2023-09-12 03:13:37 V/Bot.2398493975: [獭獭不会交学费军团@(887156367)] 獭獭买锤子大臣@被獭獭军团开除(963423936) -> 我操
2023-09-12 03:13:44 V/Bot.2398493975: [獭獭不会交学费军团@(887156367)] 獭獭买锤子大臣@被獭獭军团开除(963423936) -> 我操
2023-09-12 03:13:47 V/Bot.2398493975: [獭獭不会交学费军团@(887156367)] 獭獭买锤子大臣@被獭獭军团开除(963423936) -> 你妈的 我操
2023-09-12 03:13:49 V/Bot.2398493975: [獭獭不会交学费军团@(887156367)] 獭獭买锤子大臣@被獭獭军团开除(963423936) -> 我睡不着了
2023-09-12 03:15:57 V/Bot.2398493975: Event: NudgeEvent(from=NormalMember(2461942798), target=NormalMember(963423936), subject=Group(887156367), action=戳了戳, suffix=)
2023-09-12 03:16:34 V/Bot.2398493975: [獭獭不会交学费军团@(887156367)] 獭獭买锤子大臣@被獭獭军团开除(963423936) -> 我草 我不行了
2023-09-12 03:16:42 V/Bot.2398493975: [獭獭不会交学费军团@(887156367)] 獭獭买锤子大臣@被獭獭军团开除(963423936) -> 小心脏都吓出来了
2023-09-12 03:22:42 V/Bot.2398493975: [獭獭不会交学费军团@(887156367)] zz@獺獺軍団(771507043) -> ？
2023-09-12 03:23:06 V/Bot.2398493975: [獭獭不会交学费军团@(887156367)] 獭獭买锤子大臣@被獭獭军团开除(963423936) -> 我躺床上
2023-09-12 03:23:09 V/Bot.2398493975: [獭獭不会交学费军团@(887156367)] zz@獺獺軍団(771507043) -> 我今天都从床上赶下去2只虫子了
2023-09-12 03:23:14 V/Bot.2398493975: [獭獭不会交学费军团@(887156367)] 獭獭买锤子大臣@被獭獭军团开除(963423936) -> 听到振翅的声音
2023-09-12 03:23:18 V/Bot.2398493975: [獭獭不会交学费军团@(887156367)] 獭獭买锤子大臣@被獭獭军团开除(963423936) -> 就很不安
2023-09-12 03:23:22 V/Bot.2398493975: [獭獭不会交学费军团@(887156367)] 獭獭买锤子大臣@被獭獭军团开除(963423936) -> 一开手电筒
2023-09-12 03:23:25 V/Bot.2398493975: [獭獭不会交学费军团@(887156367)] 獭獭买锤子大臣@被獭獭军团开除(963423936) -> 直接被骑脸
2023-09-12 03:23:26 V/Bot.2398493975: [獭獭不会交学费军团@(887156367)] 獭獭买锤子大臣@被獭獭军团开除(963423936) -> 我草
2023-09-12 03:27:35 I/UnidbgFetchQsign: Bot(2398493975) request_token, submit success
2023-09-12 04:05:51 V/Bot.2398493975: [獭獭不会交学费军团@(887156367)] タタ@獭獭·ω·咖波●ω●军团(1609323331) -> [mirai:image:{FB9C65FB-5685-1B12-1B13-836B38246164}.png, width=292, height=205, size=61102, type=GIF, isEmoji=true]
2023-09-12 04:06:17 V/Bot.2398493975: [獭獭不会交学费军团@(887156367)] タタ@獭獭·ω·咖波●ω●军团(1609323331) -> 獭獭<笨笨<<<<虫子
2023-09-12 04:06:43 V/Bot.2398493975: [獭獭不会交学费军团@(887156367)] タタ@獭獭·ω·咖波●ω●军团(1609323331) -> 獭獭军团·打不过虫子小组
2023-09-12 04:07:41 I/UnidbgFetchQsign: Bot(2398493975) request_token, submit success
2023-09-12 04:32:25 V/Bot.2398493975: [獭獭不会交学费军团@(887156367)] タタ@獭獭·ω·咖波●ω●军团(1609323331) -> [mirai:image:{DE308BB3-BC8A-5229-5C8E-1D0AF4C6923A}.png, width=256, height=183, size=21289, type=PNG, isEmoji=false]
2023-09-12 04:32:27 V/Bot.2398493975: [獭獭不会交学费军团@(887156367)] タタ@獭獭·ω·咖波●ω●军团(1609323331) -> [mirai:image:{15530C6E-2E2B-8726-AC46-20AE8098381B}.png, width=174, height=172, size=5372, type=JPG, isEmoji=true]
2023-09-12 04:47:42 I/UnidbgFetchQsign: Bot(2398493975) request_token, submit success
2023-09-12 05:27:42 I/UnidbgFetchQsign: Bot(2398493975) request_token, submit success
2023-09-12 06:07:49 I/UnidbgFetchQsign: Bot(2398493975) request_token, submit success
2023-09-12 06:47:49 I/UnidbgFetchQsign: Bot(2398493975) request_token, submit success
2023-09-12 07:27:50 I/UnidbgFetchQsign: Bot(2398493975) request_token, submit success
2023-09-12 08:07:56 I/UnidbgFetchQsign: Bot(2398493975) request_token, submit success
2023-09-12 08:47:57 I/UnidbgFetchQsign: Bot(2398493975) request_token, submit success
2023-09-12 09:27:58 I/UnidbgFetchQsign: Bot(2398493975) request_token, submit success
2023-09-12 10:08:04 I/UnidbgFetchQsign: Bot(2398493975) request_token, submit success
2023-09-12 10:48:04 I/UnidbgFetchQsign: Bot(2398493975) request_token, submit success
2023-09-12 11:28:05 I/UnidbgFetchQsign: Bot(2398493975) request_token, submit success
2023-09-12 12:08:11 I/UnidbgFetchQsign: Bot(2398493975) request_token, submit success
2023-09-12 12:19:37 V/Bot.2398493975: [SHT荔枝麻酱协会(493057481)] 宛小鱼（友人场请呼唤我）(1249776943) -> ！jrrp
2023-09-12 12:19:38 V/Bot.2398493975: Group(493057481) <- 今日人品：吉
今日适宜役种：一气通贯
(为防止刷屏，一日内不可多次查询哦！)
2023-09-12 12:20:16 V/Bot.2398493975: [獭獭不会交学费军团@(887156367)] zz@獺獺軍団(771507043) -> 下北泽大使[mirai:image:{683BA98F-C62A-6AAB-5DD8-1087713C49F1}.png, width=1284, height=1533, size=234344, type=JPG, isEmoji=false]
2023-09-12 12:20:48 V/Bot.2398493975: [SHT荔枝麻酱协会(493057481)] 殒落凡尘的星(2510816477) -> ！jrrp
2023-09-12 12:20:49 V/Bot.2398493975: Group(493057481) <- 今日人品：吉
今日适宜役种：门前淸自摸和
(为防止刷屏，一日内不可多次查询哦！)
2023-09-12 12:35:48 V/Bot.2398493975: [獭獭不会交学费军团@(887156367)] zz@獺獺軍団(771507043) -> 第一次见到两位数[mirai:image:{3DDDDD2A-1079-DF8E-E7F0-EF407BD63404}.png, width=1284, height=2778, size=265005, type=JPG, isEmoji=false]
2023-09-12 12:37:19 V/Bot.2398493975: Event: GroupRecall(bot=Bot(2398493975), authorId=771507043, messageIds=[69728], messageInternalIds=[1127349125], messageTime=1694493348, operator=NormalMember(771507043), group=Group(887156367), author=NormalMember(771507043))
2023-09-12 12:38:23 V/Bot.2398493975: [SHT荔枝麻酱协会(493057481)] ライちゃん(392595084) -> ！jrrp
2023-09-12 12:38:24 V/Bot.2398493975: Group(493057481) <- 今日人品：吉
今日适宜役种：七对子
(为防止刷屏，一日内不可多次查询哦！)
2023-09-12 12:42:05 V/Bot.2398493975: [SHT荔枝麻酱协会(493057481)] 牙牙(1105692313) -> ！jrrp
2023-09-12 12:42:06 V/Bot.2398493975: Group(493057481) <- 今日人品：小吉
今日适宜役种：混全带幺九
(为防止刷屏，一日内不可多次查询哦！)
2023-09-12 12:42:11 V/Bot.2398493975: [SHT荔枝麻酱协会(493057481)] Twilight(1014197424) -> ！jrrp
2023-09-12 12:42:12 V/Bot.2398493975: Group(493057481) <- 今日人品：小吉
今日适宜役种：役牌
(为防止刷屏，一日内不可多次查询哦！)
2023-09-12 12:48:12 I/UnidbgFetchQsign: Bot(2398493975) request_token, submit success
2023-09-12 12:56:19 V/Bot.2398493975: [獭獭不会交学费军团@(887156367)] Freeze_Kirin(768173212) -> [mirai:quote:[mirai:source:ids=[69707], internalIds=[1240258042], from 963423936 to 887156367 at 1694459616], content=<not yet initialized>][mirai:at:963423936] 兄啊你这图拍的好糊，不过看外形应该不是臭虫
2023-09-12 12:57:21 V/Bot.2398493975: [獭獭不会交学费军团@(887156367)] Freeze_Kirin(768173212) -> 不过寝室一般不都是关阳台门的嘛，咋还会飞进来虫子
2023-09-12 12:58:55 V/Bot.2398493975: [獭獭不会交学费军团@(887156367)] Freeze_Kirin(768173212) -> 飞进来虫子最好直接开灯，开手电筒/手机会给你自己上嘲讽（）
2023-09-12 13:01:35 V/Bot.2398493975: [獭獭不会交学费军团@(887156367)] 优雅猛牛(695150175) -> 谁有伞
2023-09-12 13:01:35 V/Bot.2398493975: [獭獭不会交学费军团@(887156367)] lax@牛牛道心破碎军团(269418386) -> 开灯 hlb不会直接爆炸吗
2023-09-12 13:01:38 V/Bot.2398493975: [獭獭不会交学费军团@(887156367)] 优雅猛牛(695150175) -> 现在
2023-09-12 13:01:42 V/Bot.2398493975: [獭獭不会交学费军团@(887156367)] 优雅猛牛(695150175) -> 借我一把
2023-09-12 13:01:46 V/Bot.2398493975: [獭獭不会交学费军团@(887156367)] lax@牛牛道心破碎军团(269418386) -> 我又
2023-09-12 13:01:48 V/Bot.2398493975: [獭獭不会交学费军团@(887156367)] 优雅猛牛(695150175) -> 很急
2023-09-12 13:01:50 V/Bot.2398493975: [獭獭不会交学费军团@(887156367)] 优雅猛牛(695150175) -> 全家门口
2023-09-12 13:01:50 V/Bot.2398493975: [獭獭不会交学费军团@(887156367)] Freeze_Kirin(768173212) -> 哦是哦
2023-09-12 13:01:59 V/Bot.2398493975: [獭獭不会交学费军团@(887156367)] 优雅猛牛(695150175) -> 我去趟光机所
2023-09-12 13:02:00 V/Bot.2398493975: [獭獭不会交学费军团@(887156367)] Freeze_Kirin(768173212) -> hlb直接爆了
2023-09-12 13:02:13 V/Bot.2398493975: [獭獭不会交学费军团@(887156367)] 优雅猛牛(695150175) -> 雨太大走不动路了
2023-09-12 13:02:17 V/Bot.2398493975: [獭獭不会交学费军团@(887156367)] lax@牛牛道心破碎军团(269418386) -> 你去光机所干嘛
2023-09-12 13:02:22 V/Bot.2398493975: [獭獭不会交学费军团@(887156367)] zz@獺獺軍団(771507043) -> 我有
2023-09-12 13:02:27 V/Bot.2398493975: [獭獭不会交学费军团@(887156367)] 优雅猛牛(695150175) -> 签字盖章要原件啊
2023-09-12 13:02:33 V/Bot.2398493975: [獭獭不会交学费军团@(887156367)] 优雅猛牛(695150175) -> 没人帮我我只能自己去
2023-09-12 13:02:43 V/Bot.2398493975: [獭獭不会交学费军团@(887156367)] lax@牛牛道心破碎军团(269418386) -> 啥原件
2023-09-12 13:02:57 V/Bot.2398493975: [獭獭不会交学费军团@(887156367)] 优雅猛牛(695150175) -> 博士后入站审核表
2023-09-12 13:03:05 V/Bot.2398493975: [獭獭不会交学费军团@(887156367)] 优雅猛牛(695150175) -> [哦]
2023-09-12 13:03:06 V/Bot.2398493975: [獭獭不会交学费军团@(887156367)] Freeze_Kirin(768173212) -> [mirai:image:{A3C56810-0293-8086-658D-531E0E0B1790}.gif, width=512, height=512, size=129498, type=GIF, isEmoji=false]
2023-09-12 13:03:16 V/Bot.2398493975: [獭獭不会交学费军团@(887156367)] Freeze_Kirin(768173212) -> 牛牛入狱审核表
2023-09-12 13:03:16 V/Bot.2398493975: [獭獭不会交学费军团@(887156367)] 优雅猛牛(695150175) -> 等把伞
2023-09-12 13:03:20 V/Bot.2398493975: [獭獭不会交学费军团@(887156367)] 优雅猛牛(695150175) -> 急
2023-09-12 13:03:21 V/Bot.2398493975: [獭獭不会交学费军团@(887156367)] lax@牛牛道心破碎军团(269418386) -> [mirai:image:{D74E54BD-6BB5-9DD9-2DBF-EA21901F709F}.jpg, width=85, height=61, size=891, type=JPG, isEmoji=true]
2023-09-12 13:03:39 V/Bot.2398493975: [獭獭不会交学费军团@(887156367)] 优雅猛牛(695150175) -> [mirai:at:771507043] zz哪里呢
2023-09-12 13:03:47 V/Bot.2398493975: [獭獭不会交学费军团@(887156367)] zz@獺獺軍団(771507043) -> [mirai:image:{A02AD7CE-1AE2-EBB1-DA7A-780B15D087BE}.png, width=1048, height=2295, size=477950, type=JPG, isEmoji=false]
2023-09-12 13:03:47 V/Bot.2398493975: [獭獭不会交学费军团@(887156367)] 优雅猛牛(695150175) -> 我去找你
2023-09-12 13:03:53 V/Bot.2398493975: [獭獭不会交学费军团@(887156367)] zz@獺獺軍団(771507043) -> 我这没有雨
2023-09-12 13:03:57 V/Bot.2398493975: [獭獭不会交学费军团@(887156367)] 优雅猛牛(695150175) -> ！！！
2023-09-12 13:04:00 V/Bot.2398493975: [SHT荔枝麻酱协会(493057481)] 秋雨秋意(1298842975) -> ！jrrp
2023-09-12 13:04:01 V/Bot.2398493975: Group(493057481) <- 今日人品：中吉
今日适宜役种：七对子
(为防止刷屏，一日内不可多次查询哦！)
2023-09-12 13:04:03 V/Bot.2398493975: [獭獭不会交学费军团@(887156367)] Freeze_Kirin(768173212) -> [mirai:image:{93EAD3B3-EF38-0148-5669-9A1DC9E0568A}.gif, width=74, height=62, size=4345, type=GIF, isEmoji=false]
2023-09-12 13:04:05 V/Bot.2398493975: [獭獭不会交学费军团@(887156367)] zz@獺獺軍団(771507043) -> 浦东t2
2023-09-12 13:04:10 V/Bot.2398493975: [獭獭不会交学费军团@(887156367)] 优雅猛牛(695150175) -> [哦][哦][哦]
2023-09-12 13:04:16 V/Bot.2398493975: [獭獭不会交学费军团@(887156367)] lax@牛牛道心破碎军团(269418386) -> zz四点的飞机
2023-09-12 13:04:29 V/Bot.2398493975: [獭獭不会交学费军团@(887156367)] Freeze_Kirin(768173212) -> 现在群里回你的三个人都不在学校
2023-09-12 13:04:31 V/Bot.2398493975: [獭獭不会交学费军团@(887156367)] zz@獺獺軍団(771507043) -> 2点上飞机
2023-09-12 13:04:31 V/Bot.2398493975: [獭獭不会交学费军团@(887156367)] 优雅猛牛(695150175) -> 我全家买把吧
2023-09-12 13:04:38 V/Bot.2398493975: [獭獭不会交学费军团@(887156367)] lax@牛牛道心破碎军团(269418386) -> 不对 是四点出门的飞机
2023-09-12 13:04:47 V/Bot.2398493975: [獭獭不会交学费军团@(887156367)] 优雅猛牛(695150175) -> 算了
2023-09-12 13:04:56 V/Bot.2398493975: [獭獭不会交学费军团@(887156367)] 优雅猛牛(695150175) -> 打滴
2023-09-12 13:04:57 V/Bot.2398493975: [獭獭不会交学费军团@(887156367)] 优雅猛牛(695150175) -> 妈的
2023-09-12 13:05:17 V/Bot.2398493975: [獭獭不会交学费军团@(887156367)] lax@牛牛道心破碎军团(269418386) -> 打的200 地铁8块
2023-09-12 13:05:20 V/Bot.2398493975: [獭獭不会交学费军团@(887156367)] lax@牛牛道心破碎军团(269418386) -> 牛的
2023-09-12 13:05:35 V/Bot.2398493975: [獭獭不会交学费军团@(887156367)] 优雅猛牛(695150175) -> 那就淋雨吧
2023-09-12 13:06:05 V/Bot.2398493975: [獭獭不会交学费军团@(887156367)] lax@牛牛道心破碎军团(269418386) -> 我记得 学活205有一把没人要的伞
2023-09-12 13:06:15 V/Bot.2398493975: [獭獭不会交学费军团@(887156367)] lax@牛牛道心破碎军团(269418386) -> 我之前用过几次
2023-09-12 13:06:27 V/Bot.2398493975: [獭獭不会交学费军团@(887156367)] 优雅猛牛(695150175) -> 我去看看吧
2023-09-12 13:06:33 V/Bot.2398493975: [獭獭不会交学费军团@(887156367)] 优雅猛牛(695150175) -> 借把伞
2023-09-12 13:07:19 V/Bot.2398493975: [獭獭不会交学费军团@(887156367)] zz@獺獺軍団(771507043) -> [mirai:quote:[mirai:source:ids=[69764], internalIds=[1870760957], from 768173212 to 887156367 at 1694495069], content=<not yet initialized>][mirai:at:768173212] 但我在浦东捏
2023-09-12 13:08:26 V/Bot.2398493975: [獭獭不会交学费军团@(887156367)] Freeze_Kirin(768173212) -> z老师啥时候回学校
2023-09-12 13:08:35 V/Bot.2398493975: [獭獭不会交学费军团@(887156367)] zz@獺獺軍団(771507043) -> 19
2023-09-12 13:09:17 V/Bot.2398493975: [獭獭不会交学费军团@(887156367)] Freeze_Kirin(768173212) -> soga 日本一周游
2023-09-12 13:13:21 V/Bot.2398493975: [獭獭不会交学费军团@(887156367)] lax@牛牛道心破碎军团(269418386) -> 牛这几天住哪
2023-09-12 13:28:13 I/UnidbgFetchQsign: Bot(2398493975) request_token, submit success
2023-09-12 13:39:37 V/Bot.2398493975: [獭獭不会交学费军团@(887156367)] Freeze_Kirin(768173212) -> cy为什么每次开会稳定迟到5min（
2023-09-12 13:42:05 V/Bot.2398493975: [獭獭不会交学费军团@(887156367)] lax@牛牛道心破碎军团(269418386) -> 稳定迟到也是稳定！！
2023-09-12 13:45:41 V/Bot.2398493975: [獭獭不会交学费军团@(887156367)] Freeze_Kirin(768173212) -> 太稳定了以至于怀疑是故意的。因为ylf每次开会都会先聊点废话[mirai:image:{C6019596-32FA-6838-49C5-6B5806668E26}.gif, width=328, height=300, size=41763, type=GIF, isEmoji=false]
2023-09-12 13:47:44 V/Bot.2398493975: [獭獭不会交学费军团@(887156367)] lax@牛牛道心破碎军团(269418386) -> 有可能是表调快了5分钟
2023-09-12 14:08:19 I/UnidbgFetchQsign: Bot(2398493975) request_token, submit success
2023-09-12 14:19:43 V/Bot.2398493975: [獭獭不会交学费军团@(887156367)] 獭獭买锤子大臣@被獭獭军团开除(963423936) -> [mirai:quote:[mirai:source:ids=[69733], internalIds=[-1852391686], from 269418386 to 887156367 at 1694494895], content=<not yet initialized>][mirai:at:269418386] 他那时候还没回来呢
2023-09-12 14:23:02 V/Bot.2398493975: [獭獭不会交学费军团@(887156367)] Freeze_Kirin(768173212) -> [mirai:image:{15530C6E-2E2B-8726-AC46-20AE8098381B}.png, width=174, height=172, size=5372, type=JPG, isEmoji=true]
2023-09-12 14:24:41 V/Bot.2398493975: [獭獭不会交学费军团@(887156367)] 优雅猛牛(695150175) -> 昨晚睡得酒店太垃圾了睡不着一晚没睡
2023-09-12 14:24:58 V/Bot.2398493975: [獭獭不会交学费军团@(887156367)] 优雅猛牛(695150175) -> 今晚学活凑活凑活
2023-09-12 14:25:18 V/Bot.2398493975: [獭獭不会交学费军团@(887156367)] Freeze_Kirin(768173212) -> ？
2023-09-12 14:25:38 V/Bot.2398493975: [獭獭不会交学费军团@(887156367)] Freeze_Kirin(768173212) -> 牛牛还没分配宿舍啥的吗
2023-09-12 14:26:56 V/Bot.2398493975: [獭獭不会交学费军团@(887156367)] lax@牛牛道心破碎军团(269418386) -> 他还没报到呢
2023-09-12 14:27:05 V/Bot.2398493975: [獭獭不会交学费军团@(887156367)] Freeze_Kirin(768173212) -> 哦哦
2023-09-12 14:27:26 V/Bot.2398493975: [獭獭不会交学费军团@(887156367)] lax@牛牛道心破碎军团(269418386) -> 就算今天报到 文件也要处理几天
2023-09-12 14:27:53 V/Bot.2398493975: [獭獭不会交学费军团@(887156367)] lax@牛牛道心破碎军团(269418386) -> 话说博士后怎么安排宿舍 不会还是研究生宿舍吧
2023-09-12 14:27:56 V/Bot.2398493975: [獭獭不会交学费军团@(887156367)] Freeze_Kirin(768173212) -> 入住温暖的家！
2023-09-12 14:27:58 V/Bot.2398493975: [獭獭不会交学费军团@(887156367)] 优雅猛牛(695150175) -> 不是
2023-09-12 14:28:02 V/Bot.2398493975: [獭獭不会交学费军团@(887156367)] 优雅猛牛(695150175) -> 公寓
2023-09-12 14:28:07 V/Bot.2398493975: [獭獭不会交学费军团@(887156367)] 优雅猛牛(695150175) -> 一个月1700的那种
2023-09-12 14:28:12 V/Bot.2398493975: [獭獭不会交学费军团@(887156367)] 优雅猛牛(695150175) -> 也可以2000一个月
2023-09-12 14:28:16 V/Bot.2398493975: [獭獭不会交学费军团@(887156367)] 优雅猛牛(695150175) -> 2室一厅
2023-09-12 14:28:19 V/Bot.2398493975: [獭獭不会交学费军团@(887156367)] lax@牛牛道心破碎军团(269418386) -> 和老板一样吗
2023-09-12 14:28:23 V/Bot.2398493975: [獭獭不会交学费军团@(887156367)] 优雅猛牛(695150175) -> 1700就一室一厅
2023-09-12 14:28:34 V/Bot.2398493975: [獭獭不会交学费军团@(887156367)] 优雅猛牛(695150175) -> 可能一样？
2023-09-12 14:28:36 V/Bot.2398493975: [獭獭不会交学费军团@(887156367)] 优雅猛牛(695150175) -> 我不知道
2023-09-12 14:28:41 V/Bot.2398493975: [獭獭不会交学费军团@(887156367)] 优雅猛牛(695150175) -> 不在学校
2023-09-12 14:28:43 V/Bot.2398493975: [獭獭不会交学费军团@(887156367)] 优雅猛牛(695150175) -> 一脸迷茫😳
2023-09-12 14:28:50 V/Bot.2398493975: [獭獭不会交学费军团@(887156367)] 优雅猛牛(695150175) -> 在校外的公寓
2023-09-12 14:28:59 V/Bot.2398493975: [獭獭不会交学费军团@(887156367)] 优雅猛牛(695150175) -> 要申请的
2023-09-12 14:28:59 V/Bot.2398493975: [獭獭不会交学费军团@(887156367)] Freeze_Kirin(768173212) -> [mirai:image:{C6019596-32FA-6838-49C5-6B5806668E26}.png, width=328, height=300, size=41763, type=GIF, isEmoji=true]
2023-09-12 14:29:00 V/Bot.2398493975: [獭獭不会交学费军团@(887156367)] lax@牛牛道心破碎军团(269418386) -> 不在学校好啊 下次住你那里
2023-09-12 14:29:06 V/Bot.2398493975: [獭獭不会交学费军团@(887156367)] 优雅猛牛(695150175) -> 哈哈哈哈
2023-09-12 14:29:13 V/Bot.2398493975: [獭獭不会交学费军团@(887156367)] lax@牛牛道心破碎军团(269418386) -> 1700不是很便宜嘛
2023-09-12 14:29:19 V/Bot.2398493975: [獭獭不会交学费军团@(887156367)] 优雅猛牛(695150175) -> 还行吧
2023-09-12 14:29:22 V/Bot.2398493975: [獭獭不会交学费军团@(887156367)] 优雅猛牛(695150175) -> 比你的好
2023-09-12 14:29:23 V/Bot.2398493975: [獭獭不会交学费军团@(887156367)] Freeze_Kirin(768173212) -> 那是不是可以在牛的公寓里放麻将机
2023-09-12 14:29:24 V/Bot.2398493975: [獭獭不会交学费军团@(887156367)] 优雅猛牛(695150175) -> [哦][哦][哦][哦]
2023-09-12 14:29:28 V/Bot.2398493975: [獭獭不会交学费军团@(887156367)] Freeze_Kirin(768173212) -> [mirai:image:{7031CDF6-A8A2-8F05-1A75-3E11FE2AF640}.png, width=200, height=167, size=67839, type=GIF, isEmoji=true]
2023-09-12 14:29:29 V/Bot.2398493975: [獭獭不会交学费军团@(887156367)] 优雅猛牛(695150175) -> 可以吧
2023-09-12 14:29:31 V/Bot.2398493975: [獭獭不会交学费军团@(887156367)] lax@牛牛道心破碎军团(269418386) -> 羡慕
2023-09-12 14:30:10 V/Bot.2398493975: [獭獭不会交学费军团@(887156367)] lax@牛牛道心破碎军团(269418386) -> 是不是该搞个上海户口了
2023-09-12 14:30:22 V/Bot.2398493975: [獭獭不会交学费军团@(887156367)] Freeze_Kirin(768173212) -> 那校外公寓离学校近嘛
2023-09-12 14:30:41 V/Bot.2398493975: [獭獭不会交学费军团@(887156367)] 冰水@不会反身跳军团(308217149) -> 那岂不是可以去牛家团建了
2023-09-12 14:36:15 V/Bot.2398493975: [獭獭不会交学费军团@(887156367)] 优雅猛牛(695150175) -> 我还不知道
2023-09-12 14:36:27 V/Bot.2398493975: [獭獭不会交学费军团@(887156367)] 优雅猛牛(695150175) -> 那个公寓很近的
2023-09-12 14:36:48 V/Bot.2398493975: [獭獭不会交学费军团@(887156367)] 优雅猛牛(695150175) -> 就张江高科地铁跟学校  正中间？
2023-09-12 14:40:42 V/Bot.2398493975: [獭獭不会交学费军团@(887156367)] 獭獭买锤子大臣@被獭獭军团开除(963423936) -> 搞个小电驴 老王那种的
2023-09-12 14:40:48 V/Bot.2398493975: [獭獭不会交学费军团@(887156367)] 獭獭买锤子大臣@被獭獭军团开除(963423936) -> 到学校五分钟
2023-09-12 14:42:22 V/Bot.2398493975: [獭獭不会交学费军团@(887156367)] lax@牛牛道心破碎军团(269418386) -> 是啊 充电还简单
2023-09-12 14:42:56 V/Bot.2398493975: [獭獭不会交学费军团@(887156367)] 优雅猛牛(695150175) -> [哦]
2023-09-12 14:43:04 V/Bot.2398493975: [獭獭不会交学费军团@(887156367)] 优雅猛牛(695150175) -> 喜欢两条腿
2023-09-12 14:43:18 V/Bot.2398493975: [獭獭不会交学费军团@(887156367)] lax@牛牛道心破碎军团(269418386) -> 先把电脑换了
2023-09-12 14:43:25 V/Bot.2398493975: [獭獭不会交学费军团@(887156367)] lax@牛牛道心破碎军团(269418386) -> 该寿终正寝了
2023-09-12 14:44:36 V/Bot.2398493975: [獭獭不会交学费军团@(887156367)] 优雅猛牛(695150175) -> 没钱
2023-09-12 14:44:39 V/Bot.2398493975: [獭獭不会交学费军团@(887156367)] 优雅猛牛(695150175) -> 你给我
2023-09-12 14:44:50 V/Bot.2398493975: [獭獭不会交学费军团@(887156367)] lax@牛牛道心破碎军团(269418386) -> [mirai:image:{D74E54BD-6BB5-9DD9-2DBF-EA21901F709F}.jpg, width=85, height=61, size=891, type=JPG, isEmoji=true]
2023-09-12 14:45:02 V/Bot.2398493975: [獭獭不会交学费军团@(887156367)] lax@牛牛道心破碎军团(269418386) -> 叫你老板给
2023-09-12 14:45:08 V/Bot.2398493975: [獭獭不会交学费军团@(887156367)] 优雅猛牛(695150175) -> 他扣
2023-09-12 14:45:12 V/Bot.2398493975: [獭獭不会交学费军团@(887156367)] lax@牛牛道心破碎军团(269418386) -> 科研怎么能没电脑
2023-09-12 14:48:19 I/UnidbgFetchQsign: Bot(2398493975) request_token, submit success
2023-09-12 14:50:08 V/Bot.2398493975: [獭獭不会交学费军团@(887156367)] Freeze_Kirin(768173212) -> 那偷老板的电脑
2023-09-12 14:50:56 V/Bot.2398493975: [獭獭不会交学费军团@(887156367)] 优雅猛牛(695150175) -> 哇  他要很多证书复印件
2023-09-12 14:51:06 V/Bot.2398493975: [獭獭不会交学费军团@(887156367)] 优雅猛牛(695150175) -> 我都让家里给我拍照可以用不
2023-09-12 14:51:09 V/Bot.2398493975: [獭獭不会交学费军团@(887156367)] 优雅猛牛(695150175) -> [哦][哦][哦]
2023-09-12 14:51:14 V/Bot.2398493975: [獭獭不会交学费军团@(887156367)] Freeze_Kirin(768173212) -> ？
2023-09-12 14:52:01 V/Bot.2398493975: [獭獭不会交学费军团@(887156367)] Freeze_Kirin(768173212) -> 你起码手机扫描吧
2023-09-12 14:52:15 V/Bot.2398493975: [獭獭不会交学费军团@(887156367)] Freeze_Kirin(768173212) -> 你用照片是否…
2023-09-12 14:52:28 V/Bot.2398493975: [獭獭不会交学费军团@(887156367)] 獭獭买锤子大臣@被獭獭军团开除(963423936) -> [mirai:image:{6D581243-35F9-93FB-88E9-87908962F579}.jpg, width=85, height=61, size=1770, type=JPG, isEmoji=true]
2023-09-12 14:53:49 V/Bot.2398493975: [獭獭不会交学费军团@(887156367)] lax@牛牛道心破碎军团(269418386) -> [mirai:image:{D74E54BD-6BB5-9DD9-2DBF-EA21901F709F}.jpg, width=85, height=61, size=891, type=JPG, isEmoji=true]你就没想过需要这些东西嘛
2023-09-12 15:10:27 V/Bot.2398493975: [獭獭不会交学费军团@(887156367)] タタ@獭獭·ω·咖波●ω●军团(1609323331) -> [mirai:image:{E8EF820C-A561-FFED-A259-1258C255799A}.png, width=1125, height=897, size=270619, type=PNG, isEmoji=false]
2023-09-12 15:10:30 V/Bot.2398493975: [獭獭不会交学费军团@(887156367)] タタ@獭獭·ω·咖波●ω●军团(1609323331) -> [mirai:image:{AFC6E4DA-4B8F-DE2C-C933-606D21498AA0}.png, width=324, height=300, size=62607, type=GIF, isEmoji=true]
2023-09-12 15:11:21 V/Bot.2398493975: [獭獭不会交学费军团@(887156367)] Freeze_Kirin(768173212) -> [mirai:image:{AFC6E4DA-4B8F-DE2C-C933-606D21498AA0}.gif, width=324, height=300, size=62607, type=GIF, isEmoji=true]
2023-09-12 15:12:43 V/Bot.2398493975: [獭獭不会交学费军团@(887156367)] タタ@獭獭·ω·咖波●ω●军团(1609323331) -> 那我的伊吹也是
2023-09-12 15:12:45 V/Bot.2398493975: [獭獭不会交学费军团@(887156367)] タタ@獭獭·ω·咖波●ω●军团(1609323331) -> [mirai:image:{7B4FAB6B-0BA8-0F4C-F8DC-B2AF31AB603E}.png, width=512, height=512, size=192357, type=GIF, isEmoji=true]
2023-09-12 15:28:20 I/UnidbgFetchQsign: Bot(2398493975) request_token, submit success
2023-09-12 15:29:33 V/Bot.2398493975: [獭獭不会交学费军团@(887156367)] 冰水@不会反身跳军团(308217149) -> 今年怎么有不少新生宿舍安排到高研院了
2023-09-12 15:29:43 V/Bot.2398493975: [獭獭不会交学费军团@(887156367)] タタ@獭獭·ω·咖波●ω●军团(1609323331) -> [mirai:image:{18399239-9EC8-A0CB-5E40-DA1A9668D672}.png, width=160, height=160, size=4785, type=JPG, isEmoji=true]
2023-09-12 15:29:51 V/Bot.2398493975: [獭獭不会交学费军团@(887156367)] Freeze_Kirin(768173212) -> 宿舍不够了？
2023-09-12 15:30:19 V/Bot.2398493975: [獭獭不会交学费军团@(887156367)] 獭獭买锤子大臣@被獭獭军团开除(963423936) -> 不是
2023-09-12 15:30:22 V/Bot.2398493975: [獭獭不会交学费军团@(887156367)] 獭獭买锤子大臣@被獭獭军团开除(963423936) -> 是高研院宿舍建好了
2023-09-12 15:30:28 V/Bot.2398493975: [獭獭不会交学费军团@(887156367)] 獭獭买锤子大臣@被獭獭军团开除(963423936) -> 联培的直接去住那边宿舍了
2023-09-12 15:30:28 V/Bot.2398493975: [獭獭不会交学费军团@(887156367)] 冰水@不会反身跳军团(308217149) -> [mirai:image:{4584D9A7-7361-7C6C-ADA4-DDC1107E02D9}.jpg, width=873, height=1920, size=90620, type=JPG, isEmoji=false]
2023-09-12 15:30:41 V/Bot.2398493975: [獭獭不会交学费军团@(887156367)] 冰水@不会反身跳军团(308217149) -> 没 有些bme的好像也去了
2023-09-12 15:30:49 V/Bot.2398493975: [獭獭不会交学费军团@(887156367)] 獭獭买锤子大臣@被獭獭军团开除(963423936) -> 草
2023-09-12 15:31:05 V/Bot.2398493975: [獭獭不会交学费军团@(887156367)] 冰水@不会反身跳军团(308217149) -> 人好像还不少
2023-09-12 15:31:41 V/Bot.2398493975: [獭獭不会交学费军团@(887156367)] タタ@獭獭·ω·咖波●ω●军团(1609323331) -> [mirai:image:{3FCDA208-5B5D-3642-5219-949E4B2512EA}.png, width=328, height=300, size=47813, type=GIF, isEmoji=true]
2023-09-12 15:35:30 V/Bot.2398493975: [獭獭不会交学费军团@(887156367)] lax@牛牛道心破碎军团(269418386) -> 对的 据说那边宿舍不错
2023-09-12 15:36:06 V/Bot.2398493975: [獭獭不会交学费军团@(887156367)] 獭獭买锤子大臣@被獭獭军团开除(963423936) -> 听说4人间
2023-09-12 15:37:03 V/Bot.2398493975: [獭獭不会交学费军团@(887156367)] lax@牛牛道心破碎军团(269418386) -> 是的
2023-09-12 15:37:13 V/Bot.2398493975: [獭獭不会交学费军团@(887156367)] lax@牛牛道心破碎军团(269418386) -> 但是应该有二个人的
2023-09-12 15:38:21 V/Bot.2398493975: [獭獭不会交学费军团@(887156367)] 冰水@不会反身跳军团(308217149) -> 转.jpg
2023-09-12 15:38:22 V/Bot.2398493975: [獭獭不会交学费军团@(887156367)] 冰水@不会反身跳军团(308217149) -> [mirai:image:{9EB166D8-9080-7B95-CBE2-8110BA0E4B43}.jpg, width=1334, height=338, size=125513, type=JPG, isEmoji=false]
2023-09-12 15:38:58 V/Bot.2398493975: [獭獭不会交学费军团@(887156367)] 冰水@不会反身跳军团(308217149) -> 虽然感觉很奇怪 都师兄了 为什么导师离职时间不一样）
2023-09-12 15:39:07 V/Bot.2398493975: [獭獭不会交学费军团@(887156367)] タタ@獭獭·ω·咖波●ω●军团(1609323331) -> [mirai:image:{7B4FAB6B-0BA8-0F4C-F8DC-B2AF31AB603E}.png, width=512, height=512, size=192357, type=GIF, isEmoji=true]
2023-09-12 15:39:29 V/Bot.2398493975: [獭獭不会交学费军团@(887156367)] Freeze_Kirin(768173212) -> [mirai:quote:[mirai:source:ids=[69872], internalIds=[1590465034], from 308217149 to 887156367 at 1694504338], content=<not yet initialized>][mirai:at:308217149] 后来安排的导师也走了（
2023-09-12 15:39:34 V/Bot.2398493975: [獭獭不会交学费军团@(887156367)] タタ@獭獭·ω·咖波●ω●军团(1609323331) -> 原来的导师不一样吧
2023-09-12 15:39:45 V/Bot.2398493975: [獭獭不会交学费军团@(887156367)] lax@牛牛道心破碎军团(269418386) -> 我澄清一下 说的都是实话
2023-09-12 15:39:56 V/Bot.2398493975: [獭獭不会交学费军团@(887156367)] タタ@獭獭·ω·咖波●ω●军团(1609323331) -> [mirai:image:{7B4FAB6B-0BA8-0F4C-F8DC-B2AF31AB603E}.png, width=512, height=512, size=192357, type=GIF, isEmoji=true]
2023-09-12 15:41:12 V/Bot.2398493975: [獭獭不会交学费军团@(887156367)] 獭獭买锤子大臣@被獭獭军团开除(963423936) -> [mirai:image:{7B4FAB6B-0BA8-0F4C-F8DC-B2AF31AB603E}.gif, width=512, height=512, size=192357, type=GIF, isEmoji=true]
2023-09-12 15:41:22 V/Bot.2398493975: [獭獭不会交学费军团@(887156367)] 獭獭买锤子大臣@被獭獭军团开除(963423936) -> 而且现在高研院的联培
2023-09-12 15:41:28 V/Bot.2398493975: [獭獭不会交学费军团@(887156367)] 獭獭买锤子大臣@被獭獭军团开除(963423936) -> 拿的学位也是skd的吧
2023-09-12 15:41:46 V/Bot.2398493975: [獭獭不会交学费军团@(887156367)] lax@牛牛道心破碎军团(269418386) -> 对的
2023-09-12 15:42:57 V/Bot.2398493975: [獭獭不会交学费军团@(887156367)] 獭獭买锤子大臣@被獭獭军团开除(963423936) -> 坏了
2023-09-12 15:43:00 V/Bot.2398493975: [獭獭不会交学费军团@(887156367)] 獭獭买锤子大臣@被獭獭军团开除(963423936) -> 优势没有了
2023-09-12 15:43:03 V/Bot.2398493975: [獭獭不会交学费军团@(887156367)] 獭獭买锤子大臣@被獭獭军团开除(963423936) -> 还获得了一堆缺陷
2023-09-12 15:43:22 V/Bot.2398493975: [獭獭不会交学费军团@(887156367)] タタ@獭獭·ω·咖波●ω●军团(1609323331) -> [mirai:image:{7AAB86C2-2E54-B41B-1127-E416989F377D}.png, width=124, height=139, size=6514, type=JPG, isEmoji=true]
2023-09-12 15:44:28 V/Bot.2398493975: [獭獭不会交学费军团@(887156367)] lax@牛牛道心破碎军团(269418386) -> 意思就是 之前不是很多地方薅skd羊毛嘛 然后现在该skd薅羊毛了
2023-09-12 15:44:44 V/Bot.2398493975: [獭獭不会交学费军团@(887156367)] lax@牛牛道心破碎军团(269418386) -> 但是两者羊毛质量完全不能比
2023-09-12 15:45:01 V/Bot.2398493975: [獭獭不会交学费军团@(887156367)] lax@牛牛道心破碎军团(269418386) -> 虽然skd没亏
2023-09-12 15:45:09 V/Bot.2398493975: [獭獭不会交学费军团@(887156367)] lax@牛牛道心破碎军团(269418386) -> 但是学生亏了
2023-09-12 15:45:29 V/Bot.2398493975: [獭獭不会交学费军团@(887156367)] タタ@獭獭·ω·咖波●ω●军团(1609323331) -> 啊
2023-09-12 15:45:33 V/Bot.2398493975: [獭獭不会交学费军团@(887156367)] タタ@獭獭·ω·咖波●ω●军团(1609323331) -> skd有什么羊毛
2023-09-12 15:45:34 V/Bot.2398493975: [獭獭不会交学费军团@(887156367)] タタ@獭獭·ω·咖波●ω●军团(1609323331) -> [mirai:image:{1D941FF3-006F-86A6-FD4F-12027B527696}.png, width=112, height=86, size=35949, type=GIF, isEmoji=true]
2023-09-12 15:46:01 V/Bot.2398493975: [獭獭不会交学费军团@(887156367)] lax@牛牛道心破碎军团(269418386) -> skd的宿舍人员构成复杂的事情你忘了？
2023-09-12 15:46:04 V/Bot.2398493975: [獭獭不会交学费军团@(887156367)] 獭獭买锤子大臣@被獭獭军团开除(963423936) -> 之前他们都住skd宿舍和我们待遇一样呀
2023-09-12 15:46:12 V/Bot.2398493975: [獭獭不会交学费军团@(887156367)] タタ@獭獭·ω·咖波●ω●军团(1609323331) -> [mirai:image:{7A6A1C32-E803-5A63-B146-57CC40CE4C85}.png, width=352, height=254, size=39350, type=GIF, isEmoji=true]
2023-09-12 15:46:16 V/Bot.2398493975: [獭獭不会交学费军团@(887156367)] 獭獭买锤子大臣@被獭獭军团开除(963423936) -> 然后大部分人拿的都是国科大的学位证
2023-09-12 15:46:24 V/Bot.2398493975: [獭獭不会交学费军团@(887156367)] タタ@獭獭·ω·咖波●ω●军团(1609323331) -> [mirai:image:{DCC827E3-C001-8382-2FEB-DD5705F15745}.png, width=336, height=254, size=80956, type=GIF, isEmoji=true]
2023-09-12 15:46:26 V/Bot.2398493975: [獭獭不会交学费军团@(887156367)] タタ@獭獭·ω·咖波●ω●军团(1609323331) -> [mirai:image:{95DDE07B-B264-7254-DD2B-C854796589FF}.png, width=319, height=266, size=113002, type=GIF, isEmoji=true]
2023-09-12 15:46:40 V/Bot.2398493975: [獭獭不会交学费军团@(887156367)] 獭獭买锤子大臣@被獭獭军团开除(963423936) -> 以后变成他们住高研院的垃圾宿舍
2023-09-12 15:46:45 V/Bot.2398493975: [獭獭不会交学费军团@(887156367)] 獭獭买锤子大臣@被獭獭军团开除(963423936) -> 然后还得拿上科大的学位证
2023-09-12 15:46:53 V/Bot.2398493975: [獭獭不会交学费军团@(887156367)] 獭獭买锤子大臣@被獭獭军团开除(963423936) -> 什么前人乘凉后人种树
2023-09-12 15:47:08 V/Bot.2398493975: [獭獭不会交学费军团@(887156367)] lax@牛牛道心破碎军团(269418386) -> 乘凉咯
2023-09-12 15:47:28 V/Bot.2398493975: [獭獭不会交学费军团@(887156367)] タタ@獭獭·ω·咖波●ω●军团(1609323331) -> 后人还债[mirai:image:{F24EF03F-A72B-03A1-9B6A-1712E3370F31}.png, width=1124, height=254, size=58954, type=JPG, isEmoji=false]
2023-09-12 15:56:44 V/Bot.2398493975: [獭獭不会交学费军团@(887156367)] タタ@獭獭·ω·咖波●ω●军团(1609323331) -> [mirai:image:{CD628133-788E-BEF6-E3AB-C75879496076}.png, width=1080, height=2340, size=149772, type=JPG, isEmoji=false]
2023-09-12 15:56:45 V/Bot.2398493975: [獭獭不会交学费军团@(887156367)] タタ@獭獭·ω·咖波●ω●军团(1609323331) -> 给soyo买这个
2023-09-12 16:07:36 V/Bot.2398493975: [獭獭不会交学费军团@(887156367)] タタ@獭獭·ω·咖波●ω●军团(1609323331) -> [mirai:image:{73313AE0-C6EB-9D4B-6AA5-0E4DB43C5848}.png, width=1125, height=2436, size=612794, type=PNG, isEmoji=false]
2023-09-12 16:08:03 V/Bot.2398493975: [獭獭不会交学费军团@(887156367)] Freeze_Kirin(768173212) -> 44
2023-09-12 16:08:26 I/UnidbgFetchQsign: Bot(2398493975) request_token, submit success
2023-09-12 16:08:35 V/Bot.2398493975: [獭獭不会交学费军团@(887156367)] 优雅猛牛(695150175) -> 哈哈
2023-09-12 16:09:35 V/Bot.2398493975: [獭獭不会交学费军团@(887156367)] lax@牛牛道心破碎军团(269418386) -> 动画漫画是吧
2023-09-12 16:09:43 V/Bot.2398493975: [獭獭不会交学费军团@(887156367)] lax@牛牛道心破碎军团(269418386) -> 二刺源失格！
2023-09-12 16:09:44 V/Bot.2398493975: [獭獭不会交学费军团@(887156367)] タタ@獭獭·ω·咖波●ω●军团(1609323331) -> 动画漫画
2023-09-12 16:10:01 V/Bot.2398493975: [獭獭不会交学费军团@(887156367)] タタ@獭獭·ω·咖波●ω●军团(1609323331) -> 前面有道题问吉他技巧
2023-09-12 16:10:05 V/Bot.2398493975: [獭獭不会交学费军团@(887156367)] タタ@獭獭·ω·咖波●ω●军团(1609323331) -> 后面有道题
2023-09-12 16:10:11 V/Bot.2398493975: [獭獭不会交学费军团@(887156367)] タタ@獭獭·ω·咖波●ω●军团(1609323331) -> [mirai:image:{C2C97A5F-7607-620E-F1D6-EA0B1DF3F709}.png, width=1125, height=2436, size=827644, type=PNG, isEmoji=false]
2023-09-12 16:10:12 V/Bot.2398493975: [獭獭不会交学费军团@(887156367)] タタ@獭獭·ω·咖波●ω●军团(1609323331) -> [mirai:image:{8BF34B10-19C1-4195-5866-6DDB73A903D8}.png, width=249, height=188, size=54265, type=GIF, isEmoji=true]
2023-09-12 16:10:33 V/Bot.2398493975: [獭獭不会交学费军团@(887156367)] タタ@獭獭·ω·咖波●ω●军团(1609323331) -> [mirai:image:{9283CF50-9D8C-CCBD-9C71-3B73B560AC93}.png, width=1125, height=2436, size=784166, type=PNG, isEmoji=false]
2023-09-12 16:10:35 V/Bot.2398493975: [獭獭不会交学费军团@(887156367)] タタ@獭獭·ω·咖波●ω●军团(1609323331) -> 啊？
2023-09-12 16:10:47 V/Bot.2398493975: [獭獭不会交学费军团@(887156367)] Freeze_Kirin(768173212) -> [mirai:image:{15530C6E-2E2B-8726-AC46-20AE8098381B}.jpg, width=174, height=172, size=5372, type=JPG, isEmoji=false]
2023-09-12 16:13:00 V/Bot.2398493975: [獭獭不会交学费军团@(887156367)] lax@牛牛道心破碎军团(269418386) -> 说明你不看工作细胞
2023-09-12 16:13:11 V/Bot.2398493975: [獭獭不会交学费军团@(887156367)] lax@牛牛道心破碎军团(269418386) -> 还没好好学高中生物
2023-09-12 16:13:14 V/Bot.2398493975: [獭獭不会交学费军团@(887156367)] タタ@獭獭·ω·咖波●ω●军团(1609323331) -> 三角形这个怎么算
2023-09-12 16:13:18 V/Bot.2398493975: [獭獭不会交学费军团@(887156367)] タタ@獭獭·ω·咖波●ω●军团(1609323331) -> [mirai:image:{15530C6E-2E2B-8726-AC46-20AE8098381B}.png, width=174, height=172, size=5372, type=JPG, isEmoji=true]
2023-09-12 16:14:05 V/Bot.2398493975: [獭獭不会交学费军团@(887156367)] lax@牛牛道心破碎军团(269418386) -> 三角形计算公式 请
2023-09-12 16:14:10 V/Bot.2398493975: [獭獭不会交学费军团@(887156367)] Freeze_Kirin(768173212) -> 依稀记得有公式，但是忘了
2023-09-12 16:14:16 V/Bot.2398493975: [獭獭不会交学费军团@(887156367)] lax@牛牛道心破碎军团(269418386) -> 高中数学没好好学是吧
2023-09-12 16:14:23 V/Bot.2398493975: [獭獭不会交学费军团@(887156367)] 优雅猛牛(695150175) -> 我也不会
2023-09-12 16:14:25 V/Bot.2398493975: [獭獭不会交学费军团@(887156367)] 优雅猛牛(695150175) -> [骚扰]
2023-09-12 16:19:25 V/Bot.2398493975: [獭獭不会交学费军团@(887156367)] タタ@獭獭·ω·咖波●ω●军团(1609323331) -> [mirai:image:{DB931991-DF21-162C-6500-8CD18978EF3A}.png, width=1125, height=2436, size=804924, type=PNG, isEmoji=false]
2023-09-12 16:19:32 V/Bot.2398493975: [獭獭不会交学费军团@(887156367)] タタ@獭獭·ω·咖波●ω●军团(1609323331) -> 怎么全是知识区题目
2023-09-12 16:21:00 I/Bot.2398493975: Saved account secrets to local cache for fast login.
2023-09-12 16:21:36 V/Bot.2398493975: [獭獭不会交学费军团@(887156367)] hzc@獭獭軍団二度受(2384102753) -> 三角形面积2.8
2023-09-12 16:21:39 V/Bot.2398493975: [獭獭不会交学费军团@(887156367)] hzc@獭獭軍団二度受(2384102753) -> 口算的
2023-09-12 16:22:21 V/Bot.2398493975: [獭獭不会交学费军团@(887156367)] 优雅猛牛(695150175) -> [mirai:at:2384102753] 怎么算的
2023-09-12 16:22:34 V/Bot.2398493975: [獭獭不会交学费军团@(887156367)] タタ@獭獭·ω·咖波●ω●军团(1609323331) -> 海伦公式
2023-09-12 16:22:34 V/Bot.2398493975: [獭獭不会交学费军团@(887156367)] hzc@獭獭軍団二度受(2384102753) -> 海伦公式
2023-09-12 16:22:41 V/Bot.2398493975: [獭獭不会交学费军团@(887156367)] lax@牛牛道心破碎军团(269418386) -> abcosc
2023-09-12 16:22:59 V/Bot.2398493975: [獭獭不会交学费军团@(887156367)] lax@牛牛道心破碎军团(269418386) -> 可能要÷2
2023-09-12 16:23:51 V/Bot.2398493975: [獭獭不会交学费军团@(887156367)] 优雅猛牛(695150175) -> 都在说什么逼话
2023-09-12 16:23:53 V/Bot.2398493975: [獭獭不会交学费军团@(887156367)] 优雅猛牛(695150175) -> 听不懂
2023-09-12 16:24:54 V/Bot.2398493975: [獭獭不会交学费军团@(887156367)] lax@牛牛道心破碎军团(269418386) -> 48排除d
2023-09-12 16:25:04 V/Bot.2398493975: [獭獭不会交学费军团@(887156367)] hzc@獭獭軍団二度受(2384102753) -> 确定不是sin么
2023-09-12 16:25:16 V/Bot.2398493975: [獭獭不会交学费军团@(887156367)] lax@牛牛道心破碎军团(269418386) -> 忘了！
2023-09-12 16:25:35 V/Bot.2398493975: [獭獭不会交学费军团@(887156367)] タタ@獭獭·ω·咖波●ω●军团(1609323331) -> [mirai:image:{F1F7B1E9-208F-72AB-2A40-4D5ED9A3C70A}.png, width=1125, height=2436, size=612449, type=PNG, isEmoji=false]
2023-09-12 16:26:02 V/Bot.2398493975: [獭獭不会交学费军团@(887156367)] タタ@獭獭·ω·咖波●ω●军团(1609323331) -> 查了一道三角形的公式
2023-09-12 16:26:05 V/Bot.2398493975: [獭獭不会交学费军团@(887156367)] タタ@獭獭·ω·咖波●ω●军团(1609323331) -> [mirai:image:{8AFCF605-FDCE-9015-3438-526A21D02EF5}.png, width=300, height=192, size=8379, type=JPG, isEmoji=true]
2023-09-12 16:26:16 V/Bot.2398493975: [獭獭不会交学费军团@(887156367)] hzc@獭獭軍団二度受(2384102753) -> 对呀 sin跟海伦公式都是3根号15除以4
2023-09-12 16:26:17 V/Bot.2398493975: [獭獭不会交学费军团@(887156367)] lax@牛牛道心破碎军团(269418386) -> 二刺源失格！
2023-09-12 16:26:32 V/Bot.2398493975: [獭獭不会交学费军团@(887156367)] タタ@獭獭·ω·咖波●ω●军团(1609323331) -> [mirai:image:{6AE3CDCD-9642-8F3A-6026-08A5CABB7BC9}.png, width=1125, height=2436, size=856631, type=PNG, isEmoji=false]
2023-09-12 16:26:34 V/Bot.2398493975: [獭獭不会交学费军团@(887156367)] タタ@獭獭·ω·咖波●ω●军团(1609323331) -> 笑死了这个题
2023-09-12 16:32:59 V/Bot.2398493975: [獭獭不会交学费军团@(887156367)] lax@牛牛道心破碎军团(269418386) -> xfw在玩谁的号 不是早就过了吗
2023-09-12 16:33:11 V/Bot.2398493975: [獭獭不会交学费军团@(887156367)] タタ@獭獭·ω·咖波●ω●军团(1609323331) -> 一年之后过期了
2023-09-12 16:33:15 V/Bot.2398493975: [獭獭不会交学费军团@(887156367)] タタ@獭獭·ω·咖波●ω●军团(1609323331) -> [mirai:image:{F5B37AEF-85A4-B98E-F7A6-31A42DB159D4}.png, width=300, height=300, size=11036, type=JPG, isEmoji=true]
2023-09-12 16:33:23 V/Bot.2398493975: [獭獭不会交学费军团@(887156367)] タタ@獭獭·ω·咖波●ω●军团(1609323331) -> 我的过期了
2023-09-12 16:33:37 V/Bot.2398493975: [獭獭不会交学费军团@(887156367)] lax@牛牛道心破碎军团(269418386) -> [mirai:image:{D74E54BD-6BB5-9DD9-2DBF-EA21901F709F}.jpg, width=85, height=61, size=891, type=JPG, isEmoji=true]
2023-09-12 16:33:50 V/Bot.2398493975: [獭獭不会交学费军团@(887156367)] lax@牛牛道心破碎军团(269418386) -> 还能过期的
2023-09-12 16:34:05 V/Bot.2398493975: [獭獭不会交学费军团@(887156367)] lax@牛牛道心破碎军团(269418386) -> 晚上我们一起玩
2023-09-12 16:34:19 V/Bot.2398493975: [獭獭不会交学费军团@(887156367)] タタ@獭獭·ω·咖波●ω●军团(1609323331) -> [mirai:image:{E99AC65C-8640-6001-EF12-1CD30B9D871E}.png, width=348, height=300, size=74943, type=GIF, isEmoji=true]
2023-09-12 16:34:24 V/Bot.2398493975: [獭獭不会交学费军团@(887156367)] タタ@獭獭·ω·咖波●ω●军团(1609323331) -> 还剩一次
2023-09-12 16:35:47 V/Bot.2398493975: [獭獭不会交学费军团@(887156367)] lax@牛牛道心破碎军团(269418386) -> 让我鬼畜专家告诉你什么叫专业
2023-09-12 16:36:40 V/Bot.2398493975: [獭獭不会交学费军团@(887156367)] lax@牛牛道心破碎军团(269418386) -> [mirai:image:{BE0EBF72-C8BD-162C-F533-7F96BBD60044}.png, width=1179, height=2556, size=1022942, type=PNG, isEmoji=false]
2023-09-12 16:39:48 V/Bot.2398493975: [獭獭不会交学费军团@(887156367)] 獭獭会交学费军团(1297471104) -> 玩啥
2023-09-12 16:40:00 V/Bot.2398493975: [獭獭不会交学费军团@(887156367)] Freeze_Kirin(768173212) -> 打明日方舟活动ex
2023-09-12 16:41:12 V/Bot.2398493975: [獭獭不会交学费军团@(887156367)] 獭獭会交学费军团(1297471104) -> [mirai:image:{50A02CAD-D1AB-30AF-B65F-2FB65E43767B}.jpg, width=1050, height=1364, size=130016, type=JPG, isEmoji=true]
2023-09-12 16:41:30 V/Bot.2398493975: [獭獭不会交学费军团@(887156367)] lax@牛牛道心破碎军团(269418386) -> 关闭器官！
2023-09-12 16:41:40 V/Bot.2398493975: [獭獭不会交学费军团@(887156367)] 獭獭买锤子大臣@被獭獭军团开除(963423936) -> [mirai:image:{E8D73FA5-92F6-E69C-9C19-D79C198277F5}.jpg, width=1050, height=1364, size=85066, type=JPG, isEmoji=true]
2023-09-12 16:48:27 I/UnidbgFetchQsign: Bot(2398493975) request_token, submit success
2023-09-12 17:01:07 V/Bot.2398493975: [獭獭不会交学费军团@(887156367)] タタ@獭獭·ω·咖波●ω●军团(1609323331) -> [mirai:quote:[mirai:source:ids=[69960], internalIds=[388892570], from 1297471104 to 887156367 at 1694507988], content=<not yet initialized>][mirai:at:1297471104] 玩啥
2023-09-12 17:20:39 V/Bot.2398493975: [SHT荔枝麻酱协会(493057481)] 千梦(449603499) -> [mirai:image:{63B35A37-7404-957F-935F-48073580AB92}.png, width=1291, height=1344, size=510208, type=PNG, isEmoji=false]这里47s的区别在哪呀
2023-09-12 17:22:11 V/Bot.2398493975: [SHT荔枝麻酱协会(493057481)] jt(981941098) -> 我猜是 3s下家安 8s不是
2023-09-12 17:23:23 V/Bot.2398493975: [SHT荔枝麻酱协会(493057481)] jt(981941098) -> 然后留在手上的7s安全度会比4s好些吧
2023-09-12 17:25:08 V/Bot.2398493975: [獭獭不会交学费军团@(887156367)] 哭哭Excel@被獭獭军团开除3次(472247053) -> [mirai:image:{FB9C65FB-5685-1B12-1B13-836B38246164}.jpg, width=292, height=205, size=61102, type=GIF, isEmoji=true]
2023-09-12 17:25:23 V/Bot.2398493975: [獭獭不会交学费军团@(887156367)] タタ@獭獭·ω·咖波●ω●军团(1609323331) -> [mirai:image:{8BF34B10-19C1-4195-5866-6DDB73A903D8}.png, width=249, height=188, size=54265, type=GIF, isEmoji=true]
2023-09-12 17:28:28 I/UnidbgFetchQsign: Bot(2398493975) request_token, submit success
2023-09-12 17:41:54 V/Bot.2398493975: [SHT荔枝麻酱协会(493057481)] N！T！R！！！(269418386) -> 上家是不是刚打过1S
2023-09-12 17:42:12 V/Bot.2398493975: [SHT荔枝麻酱协会(493057481)] N！T！R！！！(269418386) -> 那就打4呗 7输89
2023-09-12 17:42:34 V/Bot.2398493975: [SHT荔枝麻酱协会(493057481)] 1st(576851388) -> ！jrrp
2023-09-12 17:42:35 V/Bot.2398493975: Group(493057481) <- 今日人品：小吉
今日适宜役种：断幺九
(为防止刷屏，一日内不可多次查询哦！)
2023-09-12 17:45:00 V/Bot.2398493975: [SHT荔枝麻酱协会(493057481)] jt(981941098) -> [mirai:quote:[mirai:source:ids=[283629], internalIds=[-594629818], from 269418386 to 493057481 at 1694511732], content=<not yet initialized>][mirai:at:269418386] 也可能1s碰的早 认为下家不会提前固定14s
2023-09-12 17:45:48 V/Bot.2398493975: [SHT荔枝麻酱协会(493057481)] N！T！R！！！(269418386) -> 固定啥呀 下家最后手切3s也不是不能是233s切的吧
2023-09-12 17:46:07 V/Bot.2398493975: [SHT荔枝麻酱协会(493057481)] N！T！R！！！(269418386) -> 你得看1s什么时候鸣的
2023-09-12 17:46:16 V/Bot.2398493975: [SHT荔枝麻酱协会(493057481)] jt(981941098) -> 对
2023-09-12 17:46:40 V/Bot.2398493975: [SHT荔枝麻酱协会(493057481)] 千梦(449603499) -> 我看看
2023-09-12 17:47:33 V/Bot.2398493975: [SHT荔枝麻酱协会(493057481)] 千梦(449603499) -> [mirai:image:{119BF66D-F8B3-EFC1-8BE1-322C51018E33}.png, width=1166, height=725, size=390018, type=PNG, isEmoji=false]3s之后
2023-09-12 17:47:57 V/Bot.2398493975: [SHT荔枝麻酱协会(493057481)] N！T！R！！！(269418386) -> 那不是简单4s
2023-09-12 17:48:08 V/Bot.2398493975: [SHT荔枝麻酱协会(493057481)] N！T！R！！！(269418386) -> 打1过4呗
2023-09-12 17:48:16 V/Bot.2398493975: [SHT荔枝麻酱协会(493057481)] N！T！R！！！(269418386) -> 半筋铳率减少一半
2023-09-12 17:48:35 V/Bot.2398493975: [SHT荔枝麻酱协会(493057481)] 千梦(449603499) -> 确实
2023-09-12 17:48:47 V/Bot.2398493975: [SHT荔枝麻酱协会(493057481)] 千梦(449603499) -> [mirai:image:{7FAC9BB8-FF15-3BDB-2634-99AAE6DFB23D}.gif, width=213, height=165, size=323783, type=GIF, isEmoji=true]
2023-09-12 17:49:00 V/Bot.2398493975: [SHT荔枝麻酱协会(493057481)] jt(981941098) -> [mirai:image:{7FAC9BB8-FF15-3BDB-2634-99AAE6DFB23D}.gif, width=213, height=165, size=323783, type=GIF, isEmoji=true]
2023-09-12 17:52:10 V/Bot.2398493975: [SHT荔枝麻酱协会(493057481)] N！T！R！！！(269418386) -> 我最近被干了两次边张骗筋了
2023-09-12 17:52:25 V/Bot.2398493975: [SHT荔枝麻酱协会(493057481)] N！T！R！！！(269418386) -> 37筋在我这都不信
2023-09-12 18:04:15 V/Bot.2398493975: [獭獭不会交学费军团@(887156367)] タタ@獭獭·ω·咖波●ω●军团(1609323331) -> [mirai:image:{95623045-C02E-EF8F-BD37-F6F66CA7B46E}.png, width=1890, height=4096, size=2047061, type=JPG, isEmoji=false]
2023-09-12 18:05:11 V/Bot.2398493975: [獭獭不会交学费军团@(887156367)] タタ@獭獭·ω·咖波●ω●军团(1609323331) -> [mirai:image:{DF920652-D77D-03AF-6C95-655EC51A26D9}.png, width=1890, height=4096, size=1862150, type=JPG, isEmoji=false]
2023-09-12 18:08:34 I/UnidbgFetchQsign: Bot(2398493975) request_token, submit success
2023-09-12 18:09:04 V/Bot.2398493975: [獭獭不会交学费军团@(887156367)] 獭獭买锤子大臣@被獭獭军团开除(963423936) -> [mirai:image:{814543A3-80C4-2F98-8DDD-CBABB5724AB3}.gif, width=268, height=208, size=28226, type=GIF, isEmoji=true]
2023-09-12 18:30:18 V/Bot.2398493975: [獭獭不会交学费军团@(887156367)] タタ@獭獭·ω·咖波●ω●军团(1609323331) -> 好奇点进去看了一眼[mirai:image:{5F358969-7C35-4BEA-11F1-179D2372592D}.png, width=1125, height=2436, size=335122, type=JPG, isEmoji=false]
2023-09-12 18:30:24 V/Bot.2398493975: [獭獭不会交学费军团@(887156367)] タタ@獭獭·ω·咖波●ω●军团(1609323331) -> [mirai:image:{9BB2D3FB-E94D-51A0-939E-A3D778AF9122}.png, width=1125, height=2436, size=1221115, type=PNG, isEmoji=false]
2023-09-12 18:30:25 V/Bot.2398493975: [獭獭不会交学费军团@(887156367)] タタ@獭獭·ω·咖波●ω●军团(1609323331) -> [mirai:image:{6D10580B-D80F-31EA-20FA-EDCD124600BA}.png, width=1125, height=2436, size=574262, type=PNG, isEmoji=false]
2023-09-12 18:30:49 V/Bot.2398493975: [獭獭不会交学费军团@(887156367)] タタ@獭獭·ω·咖波●ω●军团(1609323331) -> 又不好看又贵的离谱[mirai:image:{6DD3D7DB-1E9D-693F-DA8B-A50F7CE8577D}.png, width=1125, height=2436, size=263467, type=JPG, isEmoji=false]
2023-09-12 18:30:57 V/Bot.2398493975: [獭獭不会交学费军团@(887156367)] タタ@獭獭·ω·咖波●ω●军团(1609323331) -> [mirai:image:{0F77A431-67E5-AC21-8FCC-1D4860EAFA94}.png, width=1334, height=1310, size=185555, type=JPG, isEmoji=true]
2023-09-12 18:34:37 V/Bot.2398493975: [獭獭不会交学费军团@(887156367)] タタ@獭獭·ω·咖波●ω●军团(1609323331) -> [mirai:image:{488F4BF2-A1DE-9F65-9644-BFBAD20774A5}.png, width=313, height=129, size=131699, type=GIF, isEmoji=true]
2023-09-12 18:34:49 V/Bot.2398493975: [獭獭不会交学费军团@(887156367)] Freeze_Kirin(768173212) -> [mirai:image:{488F4BF2-A1DE-9F65-9644-BFBAD20774A5}.gif, width=313, height=129, size=131699, type=GIF, isEmoji=true]
2023-09-12 18:38:22 V/Bot.2398493975: [獭獭不会交学费军团@(887156367)] lax@牛牛道心破碎军团(269418386) -> 签名款还行
2023-09-12 18:38:36 V/Bot.2398493975: [獭獭不会交学费军团@(887156367)] lax@牛牛道心破碎军团(269418386) -> 是不是还是学生代签版
2023-09-12 18:42:06 V/Bot.2398493975: [獭獭不会交学费军团@(887156367)] 獭獭买锤子大臣@被獭獭军团开除(963423936) -> [mirai:image:{488F4BF2-A1DE-9F65-9644-BFBAD20774A5}.gif, width=313, height=129, size=131699, type=GIF, isEmoji=true]
2023-09-12 18:48:34 I/UnidbgFetchQsign: Bot(2398493975) request_token, submit success
2023-09-12 19:06:46 V/Bot.2398493975: [SHT荔枝麻酱协会(493057481)] naf2021(3469392519) -> 有雀吗
2023-09-12 19:06:48 V/Bot.2398493975: [SHT荔枝麻酱协会(493057481)] naf2021(3469392519) -> [mirai:image:{3474BEF9-C2F5-6111-3FA8-F30567684E21}.jpg, width=64, height=52, size=2328, type=JPG, isEmoji=true]
2023-09-12 19:07:54 V/Bot.2398493975: [SHT荔枝麻酱协会(493057481)] 优雅猛牛(695150175) -> 没有
2023-09-12 19:08:50 V/Bot.2398493975: [SHT荔枝麻酱协会(493057481)] 大可奇丽(1485280964) -> 没有
2023-09-12 19:10:01 V/Bot.2398493975: [SHT荔枝麻酱协会(493057481)] 淡情余描未わ(1297471104) -> 人够🉑
2023-09-12 19:10:43 V/Bot.2398493975: [獭獭不会交学费军团@(887156367)] zz@獺獺軍団(771507043) -> 为什么简体中文不是简体中文[mirai:image:{411F2FE0-D562-16B5-7B3E-CB8AC9471705}.png, width=2772, height=2080, size=816457, type=JPG, isEmoji=false]
2023-09-12 19:12:12 V/Bot.2398493975: [獭獭不会交学费军团@(887156367)] タタ@獭獭·ω·咖波●ω●军团(1609323331) -> [mirai:image:{488F4BF2-A1DE-9F65-9644-BFBAD20774A5}.png, width=313, height=129, size=131699, type=GIF, isEmoji=true]
2023-09-12 19:16:53 V/Bot.2398493975: [SHT荔枝麻酱协会(493057481)] 优雅猛牛(695150175) -> 1=3
2023-09-12 19:17:14 V/Bot.2398493975: [SHT荔枝麻酱协会(493057481)] naf2021(3469392519) -> 3=牛牛
2023-09-12 19:17:18 V/Bot.2398493975: [SHT荔枝麻酱协会(493057481)] naf2021(3469392519) -> [mirai:image:{C8530B2A-82F4-675A-6C7E-BB556A0ECEFC}.jpg, width=64, height=54, size=1080, type=JPG, isEmoji=true]
2023-09-12 19:17:46 V/Bot.2398493975: Event: NudgeEvent(from=NormalMember(963423936), target=NormalMember(695150175), subject=Group(493057481), action=戳了戳, suffix=)
2023-09-12 19:18:58 V/Bot.2398493975: [SHT荔枝麻酱协会(493057481)] 优雅猛牛(695150175) -> [微笑]
2023-09-12 19:23:24 V/Bot.2398493975: [SHT荔枝麻酱协会(493057481)] 优雅猛牛(695150175) -> 我是真1=3
2023-09-12 19:23:33 V/Bot.2398493975: [SHT荔枝麻酱协会(493057481)] 优雅猛牛(695150175) -> 不开玩笑
2023-09-12 19:24:29 V/Bot.2398493975: [SHT荔枝麻酱协会(493057481)] naf2021(3469392519) -> 牛牛回来了？
2023-09-12 19:24:43 V/Bot.2398493975: [SHT荔枝麻酱协会(493057481)] 优雅猛牛(695150175) -> 没完全回来
2023-09-12 19:24:49 V/Bot.2398493975: [SHT荔枝麻酱协会(493057481)] naf2021(3469392519) -> 那有
2023-09-12 19:24:55 V/Bot.2398493975: [SHT荔枝麻酱协会(493057481)] naf2021(3469392519) -> [mirai:image:{7AA3BC66-CF30-2A0B-8715-8DC0D407D655}.jpg, width=48, height=48, size=1619, type=JPG, isEmoji=true]
2023-09-12 19:25:17 V/Bot.2398493975: [獭獭不会交学费军团@(887156367)] 哭哭Excel@被獭獭军团开除3次(472247053) -> [mirai:image:{488F4BF2-A1DE-9F65-9644-BFBAD20774A5}.png, width=313, height=129, size=131699, type=GIF, isEmoji=false]
2023-09-12 19:25:21 V/Bot.2398493975: [獭獭不会交学费军团@(887156367)] 哭哭Excel@被獭獭军团开除3次(472247053) -> [mirai:image:{75FECC80-7F7F-55B2-3D77-7CEAE0E7F676}.jpg, width=302, height=138, size=67232, type=GIF, isEmoji=true]
2023-09-12 19:26:13 V/Bot.2398493975: [SHT荔枝麻酱协会(493057481)] 优雅猛牛(695150175) -> 如来
2023-09-12 19:26:54 V/Bot.2398493975: Event: NudgeEvent(from=NormalMember(1609323331), target=NormalMember(695150175), subject=Group(493057481), action=戳了戳, suffix=)
2023-09-12 19:27:39 V/Bot.2398493975: [獭獭不会交学费军团@(887156367)] 獭獭买锤子大臣@被獭獭军团开除(963423936) -> [mirai:image:{3FCDA208-5B5D-3642-5219-949E4B2512EA}.png, width=328, height=300, size=47813, type=GIF, isEmoji=true]
2023-09-12 19:27:42 V/Bot.2398493975: [獭獭不会交学费军团@(887156367)] 獭獭买锤子大臣@被獭獭军团开除(963423936) -> 我都没注意过
2023-09-12 19:27:50 V/Bot.2398493975: [獭獭不会交学费军团@(887156367)] 獭獭买锤子大臣@被獭獭军团开除(963423936) -> [mirai:image:{F0451D10-C6B1-C6EE-086A-832765A52BE5}.png, width=525, height=568, size=128518, type=GIF, isEmoji=true]
2023-09-12 19:27:58 V/Bot.2398493975: [獭獭不会交学费军团@(887156367)] 獭獭买锤子大臣@被獭獭军团开除(963423936) -> 怎么有人去成田的
2023-09-12 19:28:05 V/Bot.2398493975: [獭獭不会交学费军团@(887156367)] 獭獭买锤子大臣@被獭獭军团开除(963423936) -> 超级远
2023-09-12 19:28:35 I/UnidbgFetchQsign: Bot(2398493975) request_token, submit success
2023-09-12 19:31:13 V/Bot.2398493975: [獭獭不会交学费军团@(887156367)] 獭獭买锤子大臣@被獭獭军团开除(963423936) -> 这下看zz旅游了
2023-09-12 19:31:21 V/Bot.2398493975: [獭獭不会交学费军团@(887156367)] 獭獭买锤子大臣@被獭獭军团开除(963423936) -> zz住哪啊
2023-09-12 19:31:26 V/Bot.2398493975: [獭獭不会交学费军团@(887156367)] 獭獭买锤子大臣@被獭獭军团开除(963423936) -> [mirai:image:{814543A3-80C4-2F98-8DDD-CBABB5724AB3}.gif, width=268, height=208, size=28226, type=GIF, isEmoji=true]
2023-09-12 19:32:50 V/Bot.2398493975: [獭獭不会交学费军团@(887156367)] 冰水@不会反身跳军团(308217149) -> 坏了 不会又21了吧（）
2023-09-12 19:33:25 V/Bot.2398493975: [獭獭不会交学费军团@(887156367)] タタ@獭獭·ω·咖波●ω●军团(1609323331) -> [mirai:image:{080C0E2E-3785-B518-28AE-3DF72F03D552}.png, width=1280, height=1489, size=198163, type=JPG, isEmoji=false]
2023-09-12 19:33:30 V/Bot.2398493975: [獭獭不会交学费军团@(887156367)] タタ@獭獭·ω·咖波●ω●军团(1609323331) -> [mirai:image:{FB9C65FB-5685-1B12-1B13-836B38246164}.png, width=292, height=205, size=61102, type=GIF, isEmoji=true]
2023-09-12 19:33:42 V/Bot.2398493975: [獭獭不会交学费军团@(887156367)] Freeze_Kirin(768173212) -> [mirai:image:{FB9C65FB-5685-1B12-1B13-836B38246164}.gif, width=292, height=205, size=61102, type=GIF, isEmoji=true]
2023-09-12 19:33:58 V/Bot.2398493975: [獭獭不会交学费军团@(887156367)] Freeze_Kirin(768173212) -> 喜多好可爱
2023-09-12 19:34:37 V/Bot.2398493975: [獭獭不会交学费军团@(887156367)] 獭獭买锤子大臣@被獭獭军团开除(963423936) -> [mirai:image:{FB9C65FB-5685-1B12-1B13-836B38246164}.gif, width=292, height=205, size=61102, type=GIF, isEmoji=true]
2023-09-12 19:34:48 V/Bot.2398493975: Event: NudgeEvent(from=NormalMember(297234073), target=NormalMember(695150175), subject=Group(493057481), action=戳了戳, suffix=)
2023-09-12 19:35:03 V/Bot.2398493975: [獭獭不会交学费军团@(887156367)] タタ@獭獭·ω·咖波●ω●军团(1609323331) -> [mirai:app:{
  "config" : {
    "height" : 0,
    "forward" : 1,
    "ctime" : 1694518500,
    "width" : 0,
    "type" : "normal",
    "token" : "ef9d04faf67e1a84d26725ad1961b3a2",
    "autoSize" : 0
  },
  "prompt" : "[QQ小程序]完   全   一   致",
  "app" : "com.tencent.miniapp_01",
  "ver" : "1.0.1.46",
  "appID" : "100951776",
  "view" : "view_8C8E89B49BE609866298ADDFF2DBABA4",
  "meta" : {
    "detail_1" : {
      "appid" : "1109937557",
      "preview" : "https:\/\/pic.ugcimg.cn\/08157ddd025a095e24e9c0150510cf02\/jpg1",
      "shareTemplateData" : {

      },
      "gamePointsUrl" : "",
      "gamePoints" : "",
      "url" : "m.q.qq.com\/a\/s\/21b61a775c8155445e204fe402220eab",
      "appType" : 0,
      "desc" : "完   全   一   致",
      "title" : "哔哩哔哩",
      "scene" : 1036,
      "host" : {
        "uin" : 1609323331,
        "nick" : "时雨"
      },
      "icon" : "https:\/\/open.gtimg.cn\/open\/app_icon\/00\/95\/17\/76\/100951776_100_m.png?t=1694053668",
      "shareTemplateId" : "8C8E89B49BE609866298ADDFF2DBABA4",
      "qqdocurl" : "https:\/\/b23.tv\/9nePle6",
      "showLittleTail" : ""
    }
  },
  "bthirdappforward" : true,
  "bthirdappforwardforbackendswitch" : true,
  "desc" : ""
}]
2023-09-12 19:48:02 V/Bot.2398493975: Event: NudgeEvent(from=NormalMember(2384102753), target=NormalMember(695150175), subject=Group(493057481), action=戳了戳, suffix=)
2023-09-12 19:51:02 V/Bot.2398493975: [SHT荔枝麻酱协会(493057481)] naf2021(3469392519) -> 所以牛牛真能来吗，那我先去学活了
2023-09-12 19:51:04 V/Bot.2398493975: [SHT荔枝麻酱协会(493057481)] naf2021(3469392519) -> [mirai:image:{73F9903F-3B05-0B68-7D71-3E234418CBC0}.jpg, width=56, height=45, size=1040, type=JPG, isEmoji=true]
2023-09-12 19:55:33 V/Bot.2398493975: [獭獭不会交学费军团@(887156367)] 獭獭买锤子大臣@被獭獭军团开除(963423936) -> [mirai:image:{814543A3-80C4-2F98-8DDD-CBABB5724AB3}.gif, width=268, height=208, size=28226, type=GIF, isEmoji=true]
2023-09-12 19:57:23 V/Bot.2398493975: [SHT荔枝麻酱协会(493057481)] hzc(2384102753) -> 明天来玩 今天回家了
2023-09-12 19:57:23 V/Bot.2398493975: Event: NudgeEvent(from=NormalMember(269418386), target=NormalMember(695150175), subject=Group(493057481), action=戳了戳, suffix=)
2023-09-12 19:59:24 V/Bot.2398493975: [SHT荔枝麻酱协会(493057481)] 淡情余描未わ(1297471104) -> ？
2023-09-12 19:59:30 V/Bot.2398493975: [SHT荔枝麻酱协会(493057481)] 淡情余描未わ(1297471104) -> 怎么有人还能回家
2023-09-12 19:59:33 V/Bot.2398493975: [SHT荔枝麻酱协会(493057481)] 淡情余描未わ(1297471104) -> 我不能接受
2023-09-12 20:01:30 V/Bot.2398493975: [SHT荔枝麻酱协会(493057481)] naf2021(3469392519) -> [mirai:image:{ABE4C1AD-F83F-190F-6220-D4F17CB4DB75}.jpg, width=553, height=465, size=19695, type=JPG, isEmoji=true]所以有吗，没的话我拿完外卖直接回去了
2023-09-12 20:02:21 V/Bot.2398493975: [SHT荔枝麻酱协会(493057481)] jt(981941098) -> 1
2023-09-12 20:02:35 V/Bot.2398493975: [SHT荔枝麻酱协会(493057481)] 优雅猛牛(695150175) -> [微笑]来晚了
2023-09-12 20:02:41 V/Bot.2398493975: [SHT荔枝麻酱协会(493057481)] 优雅猛牛(695150175) -> 看没人回酒店了
2023-09-12 20:04:29 V/Bot.2398493975: [SHT荔枝麻酱协会(493057481)] jt(981941098) -> [mirai:image:{50E22B48-5156-4A2D-9583-2F06174CC969}.jpg, width=300, height=300, size=15045, type=JPG, isEmoji=true]
2023-09-12 20:04:42 V/Bot.2398493975: [SHT荔枝麻酱协会(493057481)] naf2021(3469392519) -> 雅乐轩吗
2023-09-12 20:06:39 V/Bot.2398493975: [SHT荔枝麻酱协会(493057481)] 大可奇丽(1485280964) -> 啊？
2023-09-12 20:06:43 V/Bot.2398493975: [SHT荔枝麻酱协会(493057481)] 大可奇丽(1485280964) -> 没看手机
2023-09-12 20:06:50 V/Bot.2398493975: [SHT荔枝麻酱协会(493057481)] 优雅猛牛(695150175) -> [mirai:image:{E193CFFB-DD21-1DAD-9A16-7B7A5220D56B}.jpg, width=270, height=270, size=17806, type=GIF, isEmoji=false]
2023-09-12 20:06:52 V/Bot.2398493975: [SHT荔枝麻酱协会(493057481)] 大可奇丽(1485280964) -> 我以为牛会晚点到
2023-09-12 20:06:55 V/Bot.2398493975: [SHT荔枝麻酱协会(493057481)] 大可奇丽(1485280964) -> [mirai:image:{AF327CB8-32A5-3D37-FC9A-0BD1C0D80115}.jpg, width=702, height=816, size=145005, type=JPG, isEmoji=true]
2023-09-12 20:08:41 I/UnidbgFetchQsign: Bot(2398493975) request_token, submit success
2023-09-12 20:22:58 V/Bot.2398493975: [SHT荔枝麻酱协会(493057481)] N！T！R！！！(269418386) -> 牛晚点到睡你那吗
2023-09-12 20:23:11 V/Bot.2398493975: [SHT荔枝麻酱协会(493057481)] N！T！R！！！(269418386) -> 牛可是没有宿舍的人
2023-09-12 20:23:15 V/Bot.2398493975: [SHT荔枝麻酱协会(493057481)] naf2021(3469392519) -> 睡沙发（x）
2023-09-12 20:23:26 V/Bot.2398493975: [SHT荔枝麻酱协会(493057481)] N！T！R！！！(269418386) -> 只有我能睡沙发！
2023-09-12 20:24:44 V/Bot.2398493975: [獭獭不会交学费军团@(887156367)] タタ@獭獭·ω·咖波●ω●军团(1609323331) -> [mirai:image:{F5B37AEF-85A4-B98E-F7A6-31A42DB159D4}.jpg, width=300, height=300, size=11036, type=JPG, isEmoji=true]
2023-09-12 20:24:44 V/Bot.2398493975: [獭獭不会交学费军团@(887156367)] タタ@獭獭·ω·咖波●ω●军团(1609323331) -> [mirai:image:{4ED55DF3-F186-A4C3-C573-B6BB2B4F0B39}.png, width=789, height=1401, size=1137626, type=PNG, isEmoji=false]
2023-09-12 20:25:33 V/Bot.2398493975: [獭獭不会交学费军团@(887156367)] lax@牛牛道心破碎军团(269418386) -> 考试不
2023-09-12 20:27:04 V/Bot.2398493975: [獭獭不会交学费军团@(887156367)] タタ@獭獭·ω·咖波●ω●军团(1609323331) -> [mirai:image:{A3C56810-0293-8086-658D-531E0E0B1790}.gif, width=512, height=512, size=129498, type=GIF, isEmoji=false]考试
2023-09-12 20:27:46 V/Bot.2398493975: [獭獭不会交学费军团@(887156367)] タタ@獭獭·ω·咖波●ω●军团(1609323331) -> [mirai:image:{41CF0114-3F68-20E0-623E-B607A533DB72}.png, width=774, height=333, size=131405, type=PNG, isEmoji=false]
2023-09-12 20:28:08 V/Bot.2398493975: [獭獭不会交学费军团@(887156367)] タタ@獭獭·ω·咖波●ω●军团(1609323331) -> 会议捏
2023-09-12 20:29:34 V/Bot.2398493975: [獭獭不会交学费军团@(887156367)] タタ@獭獭·ω·咖波●ω●军团(1609323331) -> [mirai:image:{3FCDA208-5B5D-3642-5219-949E4B2512EA}.gif, width=328, height=300, size=47813, type=GIF, isEmoji=true]没有人
2023-09-12 20:35:55 V/Bot.2398493975: [SHT荔枝麻酱协会(493057481)] 大可奇丽(1485280964) -> 牛跟我说他要睡206
2023-09-12 20:35:58 V/Bot.2398493975: [SHT荔枝麻酱协会(493057481)] 大可奇丽(1485280964) -> [mirai:image:{A6C0D52D-662D-D543-0F5B-E6D8406EAAEB}.jpg, width=196, height=196, size=11361, type=JPG, isEmoji=true]
2023-09-12 20:36:12 V/Bot.2398493975: [SHT荔枝麻酱协会(493057481)] 大可奇丽(1485280964) -> 最终还是熬不住了
2023-09-12 20:36:17 V/Bot.2398493975: [SHT荔枝麻酱协会(493057481)] 大可奇丽(1485280964) -> 选择了温暖的酒店
2023-09-12 20:42:29 V/Bot.2398493975: [獭獭不会交学费军团@(887156367)] 哭哭Excel@被獭獭军团开除3次(472247053) -> [mirai:image:{F1EEB2CC-1406-5B25-B854-3E8FD9FF7636}.png, width=475, height=165, size=7283, type=PNG, isEmoji=false][mirai:image:{EE7C88BA-DAF0-6A2D-E286-3A059788806D}.jpg, width=370, height=292, size=77327, type=GIF, isEmoji=true]
2023-09-12 20:48:42 I/UnidbgFetchQsign: Bot(2398493975) request_token, submit success
2023-09-12 20:49:56 V/Bot.2398493975: [獭獭不会交学费军团@(887156367)] タタ@獭獭·ω·咖波●ω●军团(1609323331) -> [mirai:image:{18399239-9EC8-A0CB-5E40-DA1A9668D672}.png, width=160, height=160, size=4785, type=JPG, isEmoji=true]
2023-09-12 20:50:00 V/Bot.2398493975: [獭獭不会交学费军团@(887156367)] タタ@獭獭·ω·咖波●ω●军团(1609323331) -> 取关去了
2023-09-12 20:50:03 V/Bot.2398493975: [獭獭不会交学费军团@(887156367)] タタ@獭獭·ω·咖波●ω●军团(1609323331) -> [mirai:image:{900E8999-C6C2-3EA7-579D-39EB59226D87}.png, width=150, height=150, size=76592, type=GIF, isEmoji=true]
2023-09-12 21:01:08 V/Bot.2398493975: [獭獭不会交学费军团@(887156367)] lax@牛牛道心破碎军团(269418386) -> 晚上只有我了
2023-09-12 21:01:32 V/Bot.2398493975: [獭獭不会交学费军团@(887156367)] タタ@獭獭·ω·咖波●ω●军团(1609323331) -> [mirai:image:{FB9C65FB-5685-1B12-1B13-836B38246164}.gif, width=292, height=205, size=61102, type=GIF, isEmoji=true]其他人捏
2023-09-12 21:01:59 V/Bot.2398493975: [獭獭不会交学费军团@(887156367)] lax@牛牛道心破碎军团(269418386) -> 哇嘎奶
2023-09-12 21:03:08 V/Bot.2398493975: [獭獭不会交学费军团@(887156367)] Freeze_Kirin(768173212) -> 在看直播
2023-09-12 21:03:11 V/Bot.2398493975: [獭獭不会交学费军团@(887156367)] Freeze_Kirin(768173212) -> 拜拜
2023-09-12 21:05:44 V/Bot.2398493975: [獭獭不会交学费军团@(887156367)] 冰水@不会反身跳军团(308217149) -> 感觉这伊桑朝向伏笔了
2023-09-12 21:24:30 V/Bot.2398493975: [獭獭不会交学费军团@(887156367)] zz@獺獺軍団(771507043) -> [mirai:image:{3649ED2E-1924-E958-FC9D-0971839FB642}.png, width=2084, height=2778, size=711472, type=JPG, isEmoji=false]
2023-09-12 21:25:03 V/Bot.2398493975: [獭獭不会交学费军团@(887156367)] タタ@獭獭·ω·咖波●ω●军团(1609323331) -> [mirai:image:{A3C56810-0293-8086-658D-531E0E0B1790}.gif, width=512, height=512, size=129498, type=GIF, isEmoji=false]
2023-09-12 21:25:04 V/Bot.2398493975: [獭獭不会交学费军团@(887156367)] zz@獺獺軍団(771507043) -> [mirai:quote:[mirai:source:ids=[69991], internalIds=[-640822225], from 963423936 to 887156367 at 1694518281], content=<not yet initialized>][mirai:at:963423936] 浅草
2023-09-12 21:28:42 I/UnidbgFetchQsign: Bot(2398493975) request_token, submit success
2023-09-12 21:30:54 V/Bot.2398493975: [獭獭不会交学费军团@(887156367)] 哭哭Excel@被獭獭军团开除3次(472247053) -> woc
2023-09-12 21:30:58 V/Bot.2398493975: [獭獭不会交学费军团@(887156367)] 哭哭Excel@被獭獭军团开除3次(472247053) -> 这也能过
2023-09-12 21:32:59 V/Bot.2398493975: [獭獭不会交学费军团@(887156367)] 冰水@不会反身跳军团(308217149) -> 血没控住也能过）
2023-09-12 21:33:09 V/Bot.2398493975: [獭獭不会交学费军团@(887156367)] 冰水@不会反身跳军团(308217149) -> 只能说全是伏笔
2023-09-12 21:37:32 V/Bot.2398493975: [獭獭不会交学费军团@(887156367)] 獭獭会交学费军团(1297471104) -> 玩啥
2023-09-12 21:37:41 V/Bot.2398493975: [獭獭不会交学费军团@(887156367)] 獭獭会交学费军团(1297471104) -> [mirai:image:{4CCD8855-28A4-6AAC-967D-D28A0E9A06A0}.jpg, width=300, height=224, size=11767, type=JPG, isEmoji=true]
2023-09-12 21:43:12 V/Bot.2398493975: [獭獭不会交学费军团@(887156367)] タタ@獭獭·ω·咖波●ω●军团(1609323331) -> [mirai:origin:FORWARD,14yFFTfuQfAlf4VmqI0Tp50ya6BJZiEL+w877Z+e9JfG+5x6NWXuAlHgqUenY++o]ForwardMessage(preview=[], title=群聊的聊天记录, brief=[聊天记录], source=群聊的聊天记录, summary=查看转发消息, nodeList=[Node(senderId=1094950020, time=1694525852, senderName=獭獭会交学费军团, messageChain=玩啥), Node(senderId=1094950020, time=1694525861, senderName=獭獭会交学费军团, messageChain=[mirai:image:{AF10A140-1499-59A0-E2E2-B9BBF68DC0AB}.mirai, width=300, height=224, size=11107, type=UNKNOWN, isEmoji=false])])
2023-09-12 21:43:46 V/Bot.2398493975: [獭獭不会交学费军团@(887156367)] 冰水@不会反身跳军团(308217149) -> [mirai:origin:FORWARD,gt6eQOIl9MAeDRo69IyrtwbCaePiLX27a5GuxqDjGMEXqAMAAd2GOkYEjhR03+Y8]ForwardMessage(preview=[], title=群聊的聊天记录, brief=[聊天记录], source=群聊的聊天记录, summary=查看转发消息, nodeList=[Node(senderId=1094950020, time=1694525852, senderName=獭獭会交学费军团, messageChain=玩啥), Node(senderId=1094950020, time=1694525861, senderName=獭獭会交学费军团, messageChain=[mirai:image:{4CCD8855-28A4-6AAC-967D-D28A0E9A06A0}.mirai, width=300, height=224, size=11767, type=UNKNOWN, isEmoji=false]), Node(senderId=1094950020, time=1694526192, senderName=タタ@獭獭·ω·咖波●ω●军团, messageChain=[mirai:origin:FORWARD]ForwardMessage(preview=[獭獭会交学费军团:玩啥, 獭獭会交学费军团:[动画表情]], title=群聊的聊天记录, brief=[聊天记录], source=聊天记录, summary=查看转发消息, nodeList=[Node(senderId=1094950020, time=1694525852, senderName=獭獭会交学费军团, messageChain=玩啥), Node(senderId=1094950020, time=1694525861, senderName=獭獭会交学费军团, messageChain=[mirai:image:{AF10A140-1499-59A0-E2E2-B9BBF68DC0AB}.mirai, width=300, height=224, size=11107, type=UNKNOWN, isEmoji=false])]))])
2023-09-12 21:47:09 V/Bot.2398493975: [獭獭不会交学费军团@(887156367)] zz@獺獺軍団(771507043) -> [mirai:image:{130ABC57-194D-5A4F-5D3D-E2A83EE919C6}.png, width=2084, height=2778, size=491863, type=JPG, isEmoji=false]
2023-09-12 21:47:47 V/Bot.2398493975: [獭獭不会交学费军团@(887156367)] zz@獺獺軍団(771507043) -> 獭
2023-09-12 21:50:54 V/Bot.2398493975: [獭獭不会交学费军团@(887156367)] タタ@獭獭·ω·咖波●ω●军团(1609323331) -> 獭
2023-09-12 21:51:01 V/Bot.2398493975: [獭獭不会交学费军团@(887156367)] 獭獭会交学费军团(1297471104) -> 獭
2023-09-12 21:51:47 V/Bot.2398493975: [獭獭不会交学费军团@(887156367)] 哭哭Excel@被獭獭军团开除3次(472247053) -> 獭
2023-09-12 21:54:53 V/Bot.2398493975: [獭獭不会交学费军团@(887156367)] タタ@獭獭·ω·咖波●ω●军团(1609323331) -> [mirai:image:{193A5BD2-4CE0-45D1-E799-232AE1F39C8F}.png, width=789, height=1403, size=634899, type=PNG, isEmoji=false]感动獭獭
2023-09-12 21:55:52 V/Bot.2398493975: [獭獭不会交学费军团@(887156367)] タタ@獭獭·ω·咖波●ω●军团(1609323331) -> [mirai:image:{8723E0DB-BED1-B11C-9EE0-655A071BF298}.png, width=789, height=1403, size=712172, type=PNG, isEmoji=false][mirai:image:{A3C56810-0293-8086-658D-531E0E0B1790}.gif, width=512, height=512, size=129498, type=GIF, isEmoji=false]
2023-09-12 21:58:16 V/Bot.2398493975: [獭獭不会交学费军团@(887156367)] タタ@獭獭·ω·咖波●ω●军团(1609323331) -> [mirai:image:{BB65F557-70DC-428B-B4C9-4F8DB7BD7A3F}.png, width=789, height=650, size=561442, type=PNG, isEmoji=false]帽皇的王牌被挤下去了
2023-09-12 22:02:13 V/Bot.2398493975: [SHT荔枝麻酱协会(493057481)] chino(704937242) -> yw
2023-09-12 22:02:20 V/Bot.2398493975: [SHT荔枝麻酱协会(493057481)] 淡情余描未わ(1297471104) -> yw
2023-09-12 22:02:54 V/Bot.2398493975: [SHT荔枝麻酱协会(493057481)] 淡情余描未わ(1297471104) -> [mirai:at:3469392519] [mirai:at:981941098] 
2023-09-12 22:04:53 V/Bot.2398493975: [SHT荔枝麻酱协会(493057481)] naf2021(3469392519) -> 可以有
2023-09-12 22:05:00 V/Bot.2398493975: [SHT荔枝麻酱协会(493057481)] naf2021(3469392519) -> @jt
2023-09-12 22:05:15 V/Bot.2398493975: [SHT荔枝麻酱协会(493057481)] jt(981941098) -> 来
2023-09-12 22:05:39 V/Bot.2398493975: [SHT荔枝麻酱协会(493057481)] 淡情余描未わ(1297471104) -> 那go
2023-09-12 22:05:45 V/Bot.2398493975: [SHT荔枝麻酱协会(493057481)] 淡情余描未わ(1297471104) -> 我马上恰完晚饭就过去
2023-09-12 22:06:09 V/Bot.2398493975: [SHT荔枝麻酱协会(493057481)] naf2021(3469392519) -> 我10min
2023-09-12 22:08:49 I/UnidbgFetchQsign: Bot(2398493975) request_token, submit success
2023-09-12 22:14:30 V/Bot.2398493975: [SHT荔枝麻酱协会(493057481)] 淡情余描未わ(1297471104) -> 来哩
2023-09-12 22:16:18 V/Bot.2398493975: [SHT荔枝麻酱协会(493057481)] naf2021(3469392519) -> 来哩
2023-09-12 22:16:23 V/Bot.2398493975: [SHT荔枝麻酱协会(493057481)] 大可奇丽(1485280964) -> 来哩
2023-09-12 22:16:27 V/Bot.2398493975: [獭獭不会交学费军团@(887156367)] zz@獺獺軍団(771507043) -> 这个顺序有用来着吗
2023-09-12 22:16:48 V/Bot.2398493975: [獭獭不会交学费军团@(887156367)] タタ@獭獭·ω·咖波●ω●军团(1609323331) -> 不知道
2023-09-12 22:38:17 V/Bot.2398493975: [SHT荔枝麻酱协会(493057481)] N！T！R！！！(269418386) -> [mirai:image:{3FD305C9-7F48-D167-5C0B-CD5D84ED7ED9}.png, width=502, height=483, size=30445, type=PNG, isEmoji=false]
2023-09-12 22:38:20 V/Bot.2398493975: [SHT荔枝麻酱协会(493057481)] N！T！R！！！(269418386) -> 这个有人要吗
2023-09-12 22:47:10 V/Bot.2398493975: [獭獭不会交学费军团@(887156367)] zz@獺獺軍団(771507043) -> [mirai:image:{DCA8E6E1-93E4-D797-9330-4ACCDA5C73CD}.png, width=2084, height=2778, size=942053, type=JPG, isEmoji=false]
2023-09-12 22:48:49 I/UnidbgFetchQsign: Bot(2398493975) request_token, submit success
2023-09-12 22:51:26 V/Bot.2398493975: [獭獭不会交学费军团@(887156367)] タタ@獭獭·ω·咖波●ω●军团(1609323331) -> [mirai:image:{B433DB8F-FF3F-B70D-7085-60C39B6CF44F}.png, width=424, height=105, size=32260, type=PNG, isEmoji=false]
2023-09-12 22:54:58 V/Bot.2398493975: [獭獭不会交学费军团@(887156367)] zz@獺獺軍団(771507043) -> ？
2023-09-12 22:59:11 V/Bot.2398493975: [獭獭不会交学费军团@(887156367)] タタ@獭獭·ω·咖波●ω●军团(1609323331) -> [mirai:image:{12915B43-C5D4-FA1B-7E1F-704203F93163}.png, width=268, height=58, size=4259, type=PNG, isEmoji=false]
2023-09-12 22:59:48 V/Bot.2398493975: [獭獭不会交学费军团@(887156367)] 獭獭买锤子大臣@被獭獭军团开除(963423936) -> [mirai:quote:[mirai:source:ids=[70029], internalIds=[1962728971], from 771507043 to 887156367 at 1694526429], content=<not yet initialized>][mirai:at:771507043] 你可以准备足量的100日元
2023-09-12 22:59:51 V/Bot.2398493975: [獭獭不会交学费军团@(887156367)] 獭獭买锤子大臣@被獭獭军团开除(963423936) -> 去东京塔3层
2023-09-12 23:00:01 V/Bot.2398493975: [獭獭不会交学费军团@(887156367)] 獭獭买锤子大臣@被獭獭军团开除(963423936) -> 把只能在娃娃机里抓到的xfw搞一个
2023-09-12 23:00:15 V/Bot.2398493975: [獭獭不会交学费军团@(887156367)] タタ@獭獭·ω·咖波●ω●军团(1609323331) -> 什么xfw
2023-09-12 23:00:22 V/Bot.2398493975: [獭獭不会交学费军团@(887156367)] Freeze_Kirin(768173212) -> 什么xfw
2023-09-12 23:00:27 V/Bot.2398493975: [獭獭不会交学费军团@(887156367)] Freeze_Kirin(768173212) -> 不是獭吗
2023-09-12 23:00:36 V/Bot.2398493975: [獭獭不会交学费军团@(887156367)] タタ@獭獭·ω·咖波●ω●军团(1609323331) -> [mirai:image:{C4F25B76-DB51-C1E5-DF76-7965DC9F71EB}.png, width=705, height=191, size=60182, type=PNG, isEmoji=false]
2023-09-12 23:01:10 V/Bot.2398493975: [獭獭不会交学费军团@(887156367)] タタ@獭獭·ω·咖波●ω●军团(1609323331) -> [mirai:image:{FC8E0318-7832-4C26-F816-4C59751E65A2}.mirai, width=662, height=794, size=177438, type=UNKNOWN, isEmoji=false][mirai:image:{5A0D72AD-CDC9-51F5-58D8-D5C4BB2838D8}.mirai, width=1154, height=1009, size=350770, type=UNKNOWN, isEmoji=false][mirai:image:{4DB9D920-33C4-B2CD-0ABF-E8BA06F24162}.mirai, width=869, height=842, size=306675, type=UNKNOWN, isEmoji=false]
2023-09-12 23:01:17 V/Bot.2398493975: [獭獭不会交学费军团@(887156367)] タタ@獭獭·ω·咖波●ω●军团(1609323331) -> [mirai:image:{287EF602-DCF4-8444-38B9-9F343B8FE9DC}.png, width=1124, height=822, size=274311, type=PNG, isEmoji=false]
2023-09-12 23:01:29 V/Bot.2398493975: [獭獭不会交学费军团@(887156367)] Freeze_Kirin(768173212) -> [mirai:image:{93EAD3B3-EF38-0148-5669-9A1DC9E0568A}.gif, width=74, height=62, size=4345, type=GIF, isEmoji=false]
2023-09-12 23:17:54 V/Bot.2398493975: [SHT荔枝麻酱协会(493057481)] chino(704937242) -> 16100
2023-09-12 23:17:55 V/Bot.2398493975: [SHT荔枝麻酱协会(493057481)] naf2021(3469392519) -> 21600
2023-09-12 23:18:00 V/Bot.2398493975: [SHT荔枝麻酱协会(493057481)] 淡情余描未わ(1297471104) -> 39600
2023-09-12 23:18:23 V/Bot.2398493975: [SHT荔枝麻酱协会(493057481)] jt(981941098) -> 22700
2023-09-12 23:18:24 V/Bot.2398493975: Group(493057481) <- 记录成功：
淡情余描未わ: 39600
jt: 22700
naf2021: 21600
chino: 16100
2023-09-12 23:19:44 V/Bot.2398493975: [獭獭不会交学费军团@(887156367)] タタ@獭獭·ω·咖波●ω●军团(1609323331) -> [mirai:image:{F325EA7A-F932-ED1E-7D9F-1AB40CD77B1E}.png, width=397, height=56, size=9947, type=PNG, isEmoji=false][mirai:image:{48EC88AB-F82F-A196-5EE1-4D50A27FAABC}.png, width=323, height=103, size=4444, type=PNG, isEmoji=false]这个好便宜
2023-09-12 23:28:50 I/UnidbgFetchQsign: Bot(2398493975) request_token, submit success
2023-09-12 23:34:47 V/Bot.2398493975: [獭獭不会交学费军团@(887156367)] zz@獺獺軍団(771507043) -> 这是哪
2023-09-12 23:37:46 V/Bot.2398493975: [獭獭不会交学费军团@(887156367)] タタ@獭獭·ω·咖波●ω●军团(1609323331) -> [mirai:image:{9B887B21-F72D-E10B-84E6-422C149076FA}.png, width=697, height=177, size=13274, type=PNG, isEmoji=false]草
2023-09-12 23:38:17 V/Bot.2398493975: [獭獭不会交学费军团@(887156367)] タタ@獭獭·ω·咖波●ω●军团(1609323331) -> [mirai:image:{1D4EB849-026E-CA94-E526-269C5B50E4EB}.png, width=385, height=198, size=9731, type=PNG, isEmoji=false][mirai:image:{2C9950BC-56F1-D8D8-1A0E-06D79E877176}.png, width=1389, height=920, size=111002, type=PNG, isEmoji=false]草
2023-09-12 23:39:05 V/Bot.2398493975: [獭獭不会交学费军团@(887156367)] タタ@獭獭·ω·咖波●ω●军团(1609323331) -> [mirai:image:{FD7C521E-3643-0019-AEEB-EDFF4049510E}.png, width=766, height=297, size=44312, type=PNG, isEmoji=false]EMS
2023-09-12 23:42:31 V/Bot.2398493975: [獭獭不会交学费军团@(887156367)] 獭獭买锤子大臣@被獭獭军团开除(963423936) -> 草
2023-09-12 23:43:51 V/Bot.2398493975: [獭獭不会交学费军团@(887156367)] タタ@獭獭·ω·咖波●ω●军团(1609323331) -> [mirai:image:{4D43AF98-6CA5-33DF-5622-EFC9592C5B74}.gif, width=290, height=228, size=6993, type=GIF, isEmoji=true]那个便宜线要自己报关
2023-09-12 23:44:02 V/Bot.2398493975: [獭獭不会交学费军团@(887156367)] タタ@獭獭·ω·咖波●ω●军团(1609323331) -> [mirai:image:{1CA89807-2473-5E10-6553-74836A074F63}.png, width=1312, height=311, size=33958, type=PNG, isEmoji=false]md不填了
2023-09-12 23:44:06 V/Bot.2398493975: [獭獭不会交学费军团@(887156367)] タタ@獭獭·ω·咖波●ω●军团(1609323331) -> ems去了
2023-09-12 23:46:08 V/Bot.2398493975: [獭獭不会交学费军团@(887156367)] タタ@獭獭·ω·咖波●ω●军团(1609323331) -> [mirai:image:{A7866A5E-E81B-DA38-6294-972852E888EB}.png, width=661, height=68, size=13930, type=PNG, isEmoji=false]
2023-09-12 23:46:26 V/Bot.2398493975: [獭獭不会交学费军团@(887156367)] タタ@獭獭·ω·咖波●ω●军团(1609323331) -> [mirai:image:{56EB0CE8-2516-3D2C-A999-8735C7F4929E}.png, width=514, height=361, size=212137, type=PNG, isEmoji=false]草
2023-09-12 23:46:53 V/Bot.2398493975: [獭獭不会交学费军团@(887156367)] タタ@獭獭·ω·咖波●ω●军团(1609323331) -> 好神奇哦 这个我也有[mirai:image:{C0CF69EE-A116-91EB-E533-93204B40183B}.png, width=755, height=803, size=536427, type=PNG, isEmoji=false]
2023-09-12 23:52:29 V/Bot.2398493975: [獭獭不会交学费军团@(887156367)] 獭獭买锤子大臣@被獭獭军团开除(963423936) -> [mirai:image:{4D43AF98-6CA5-33DF-5622-EFC9592C5B74}.gif, width=290, height=228, size=6993, type=GIF, isEmoji=true]
