2023-09-19 00:01:23 V/Bot.2398493975: [SHT荔枝麻酱协会(493057481)] 卡农变奏(530079804) -> 21900
2023-09-19 00:01:29 V/Bot.2398493975: [SHT荔枝麻酱协会(493057481)] Hatsune(467091276) -> 8600
2023-09-19 00:01:45 V/Bot.2398493975: [SHT荔枝麻酱协会(493057481)] 冰水 麻将小怨妇(x(308217149) -> 37300
2023-09-19 00:02:30 V/Bot.2398493975: Event: MemberCardChangeEvent(origin=豌豆射手, new=, member=NormalMember(1520829968))
2023-09-19 00:02:30 V/Bot.2398493975: [SHT荔枝麻酱协会(493057481)] 豌豆射手(1520829968) -> 32200
2023-09-19 00:02:32 V/Bot.2398493975: Group(493057481) <- 记录成功：
冰水 麻将小怨妇(x: 37300
豌豆射手: 32200
卡农变奏: 21900
Hatsune: 8600
2023-09-19 00:02:44 V/Bot.2398493975: [SHT荔枝麻酱协会(493057481)] 冰水 麻将小怨妇(x(308217149) -> ！查查我的
2023-09-19 00:02:45 V/Bot.2398493975: Group(493057481) <- 昵称：冰水 麻将小怨妇(x
段位：新人
rate：1530.0
近期顺位：1
更多数据请访问：http://shanghaitech-mahjong.top/userid/308217149
2023-09-19 00:02:58 V/Bot.2398493975: [SHT荔枝麻酱协会(493057481)] Hatsune(467091276) -> ！查查我的
2023-09-19 00:02:59 V/Bot.2398493975: Group(493057481) <- 昵称：Hatsune
段位：4级
rate：1497.63
近期顺位：1423224124
更多数据请访问：http://shanghaitech-mahjong.top/userid/467091276
2023-09-19 00:08:38 V/Bot.2398493975: [SHT荔枝麻酱协会(493057481)] 冰水 麻将小怨妇(x(308217149) -> [mirai:image:{B56EF573-6A89-E76D-1838-9D93B69D037A}.jpg, width=1080, height=610, size=42617, type=JPG, isEmoji=false]
2023-09-19 00:08:41 V/Bot.2398493975: [SHT荔枝麻酱协会(493057481)] 冰水 麻将小怨妇(x(308217149) -> 绷
2023-09-19 00:10:31 V/Bot.2398493975: [test(389193066)] dd小助手(3459246674) -> 赤五教教主亮亮 投稿了新视频
https://www.bilibili.com/video/BV1Zj411k7Aa
2023-09-19 00:10:34 V/Bot.2398493975: [test(389193066)] dd小助手(3459246674) -> [mirai:image:{5B883FB6-2E13-0D80-A71A-2A72075921C7}.png, width=740, height=877, size=219987, type=PNG, isEmoji=false]
2023-09-19 00:17:59 I/UnidbgFetchQsign: Bot(2398493975) request_token, submit success
2023-09-19 00:20:26 V/Bot.2398493975: [SHT荔枝麻酱协会(493057481)] Haha呵呵(1428547119) -> 6
2023-09-19 00:29:32 V/Bot.2398493975: [SHT荔枝麻酱协会(493057481)] N！T！R！！！(269418386) -> 泵
2023-09-19 00:30:00 V/Bot.2398493975: [SHT荔枝麻酱协会(493057481)] N！T！R！！！(269418386) -> 36岁
2023-09-19 00:30:18 V/Bot.2398493975: [SHT荔枝麻酱协会(493057481)] N！T！R！！！(269418386) -> 这进来好多人得叫叔叔了
2023-09-19 00:30:30 V/Bot.2398493975: [SHT荔枝麻酱协会(493057481)] 4000all！(1846411487) -> 6
2023-09-19 00:58:00 I/UnidbgFetchQsign: Bot(2398493975) request_token, submit success
2023-09-19 01:19:14 V/Bot.2398493975: [SHT荔枝麻酱协会(493057481)] jt(981941098) -> 43800
2023-09-19 01:19:18 V/Bot.2398493975: [SHT荔枝麻酱协会(493057481)] hzc(2384102753) -> 8700
2023-09-19 01:19:23 V/Bot.2398493975: [SHT荔枝麻酱协会(493057481)] chino(704937242) -> 20800
2023-09-19 01:20:06 V/Bot.2398493975: [SHT荔枝麻酱协会(493057481)] hzc(2384102753) -> [mirai:at:1609323331] 19700
2023-09-19 01:20:07 V/Bot.2398493975: Group(493057481) <- 点数有误，总和不为100000！
2023-09-19 01:21:01 V/Bot.2398493975: Event: GroupRecall(bot=Bot(2398493975), authorId=981941098, messageIds=[284510], messageInternalIds=[808736808], messageTime=1695057554, operator=NormalMember(981941098), group=Group(493057481), author=NormalMember(981941098))
2023-09-19 01:21:09 V/Bot.2398493975: [SHT荔枝麻酱协会(493057481)] jt(981941098) -> 50800
2023-09-19 01:21:11 V/Bot.2398493975: Group(493057481) <- 记录成功：
jt: 50800
chino: 20800
时雨: 19700
hzc: 8700
2023-09-19 01:21:58 V/Bot.2398493975: [獭獭不会交学费军团@(887156367)] タタ@私が終わらせてあげる(1609323331) -> kirin开始打滚了
2023-09-19 01:22:01 V/Bot.2398493975: [獭獭不会交学费军团@(887156367)] タタ@私が終わらせてあげる(1609323331) -> [mirai:image:{31D8B0D6-8CEA-0256-B7AB-B35526649DD0}.png, width=310, height=214, size=68617, type=GIF, isEmoji=true]
2023-09-19 01:31:44 V/Bot.2398493975: [獭獭不会交学费军团@(887156367)] 獭獭买锤子大臣@被獭獭军团开除(963423936) -> [mirai:image:{31D8B0D6-8CEA-0256-B7AB-B35526649DD0}.gif, width=310, height=214, size=68617, type=GIF, isEmoji=true]
2023-09-19 01:34:21 V/Bot.2398493975: [獭獭不会交学费军团@(887156367)] 獭獭买锤子大臣@被獭獭军团开除(963423936) -> 可算打完这金条了
2023-09-19 01:34:26 V/Bot.2398493975: [獭獭不会交学费军团@(887156367)] 獭獭买锤子大臣@被獭獭军团开除(963423936) -> [mirai:image:{3FCDA208-5B5D-3642-5219-949E4B2512EA}.gif, width=328, height=300, size=47813, type=GIF, isEmoji=true]
2023-09-19 01:38:01 I/UnidbgFetchQsign: Bot(2398493975) request_token, submit success
2023-09-19 01:47:39 V/Bot.2398493975: [獭獭不会交学费军团@(887156367)] タタ@私が終わらせてあげる(1609323331) -> kirin：又开始打滚  但还是没搞懂lax的梗
2023-09-19 01:47:43 V/Bot.2398493975: [獭獭不会交学费军团@(887156367)] タタ@私が終わらせてあげる(1609323331) -> [mirai:image:{93EAD3B3-EF38-0148-5669-9A1DC9E0568A}.png, width=74, height=62, size=4345, type=GIF, isEmoji=true]
2023-09-19 02:18:07 I/UnidbgFetchQsign: Bot(2398493975) request_token, submit success
2023-09-19 02:38:47 V/Bot.2398493975: [獭獭不会交学费军团@(887156367)] 獭獭买锤子大臣@被獭獭军团开除(963423936) -> 蛤？
2023-09-19 02:38:49 V/Bot.2398493975: [獭獭不会交学费军团@(887156367)] 獭獭买锤子大臣@被獭獭军团开除(963423936) -> [mirai:image:{5150B953-B9E6-847D-40A3-48DDB757167B}.png, width=1700, height=874, size=1993822, type=PNG, isEmoji=false]
2023-09-19 02:58:07 I/UnidbgFetchQsign: Bot(2398493975) request_token, submit success
2023-09-19 03:38:08 I/UnidbgFetchQsign: Bot(2398493975) request_token, submit success
2023-09-19 04:18:14 I/UnidbgFetchQsign: Bot(2398493975) request_token, submit success
2023-09-19 04:58:15 I/UnidbgFetchQsign: Bot(2398493975) request_token, submit success
2023-09-19 05:26:08 V/Bot.2398493975: [獭獭不会交学费军团@(887156367)] 獭獭买锤子大臣@被獭獭军团开除(963423936) -> [mirai:app:{
  "config" : {
    "height" : 0,
    "forward" : 1,
    "ctime" : 1695072364,
    "width" : 0,
    "type" : "normal",
    "token" : "b4bce25f35605fdb9fac42b8e8c7c251",
    "autoSize" : 0
  },
  "prompt" : "[QQ小程序]祥子弹琴，但是血压拉满",
  "app" : "com.tencent.miniapp_01",
  "ver" : "0.0.0.1",
  "appID" : "100951776",
  "view" : "view_8C8E89B49BE609866298ADDFF2DBABA4",
  "meta" : {
    "detail_1" : {
      "appid" : "1109937557",
      "preview" : "https:\/\/pic.ugcimg.cn\/2bae074744452c50d18b200801dff019\/jpg1",
      "shareTemplateData" : {

      },
      "gamePointsUrl" : "",
      "gamePoints" : "",
      "url" : "m.q.qq.com\/a\/s\/c8f8907b169dbe31d04612631dc8ccf5",
      "appType" : 0,
      "desc" : "祥子弹琴，但是血压拉满",
      "title" : "哔哩哔哩",
      "scene" : 1036,
      "host" : {
        "uin" : 963423936,
        "nick" : "小红今天早饭了吗"
      },
      "icon" : "http:\/\/miniapp.gtimg.cn\/public\/appicon\/432b76be3a548fc128acaa6c1ec90131_200.jpg",
      "shareTemplateId" : "8C8E89B49BE609866298ADDFF2DBABA4",
      "qqdocurl" : "https:\/\/b23.tv\/Ztg2h0z",
      "showLittleTail" : ""
    }
  },
  "bthirdappforward" : true,
  "bthirdappforwardforbackendswitch" : true,
  "desc" : ""
}]
2023-09-19 05:26:14 V/Bot.2398493975: [獭獭不会交学费军团@(887156367)] 獭獭买锤子大臣@被獭獭军团开除(963423936) -> 笑死我了
2023-09-19 05:26:18 V/Bot.2398493975: [獭獭不会交学费军团@(887156367)] 獭獭买锤子大臣@被獭獭军团开除(963423936) -> 笑死我得了
2023-09-19 05:38:16 I/UnidbgFetchQsign: Bot(2398493975) request_token, submit success
2023-09-19 06:18:22 I/UnidbgFetchQsign: Bot(2398493975) request_token, submit success
2023-09-19 06:58:22 I/UnidbgFetchQsign: Bot(2398493975) request_token, submit success
2023-09-19 07:25:19 V/Bot.2398493975: [獭獭不会交学费军团@(887156367)] タタ@私が終わらせてあげる(1609323331) -> 我的波奇比z老师先进海关[mirai:image:{1031F73A-A9B8-4CE7-A856-3D2DED37F8E2}.png, width=1125, height=2436, size=231491, type=JPG, isEmoji=false]
2023-09-19 07:25:20 V/Bot.2398493975: [獭獭不会交学费军团@(887156367)] タタ@私が終わらせてあげる(1609323331) -> [mirai:image:{A3C56810-0293-8086-658D-531E0E0B1790}.png, width=512, height=512, size=129498, type=GIF, isEmoji=true]
2023-09-19 07:38:23 I/UnidbgFetchQsign: Bot(2398493975) request_token, submit success
2023-09-19 08:18:29 I/UnidbgFetchQsign: Bot(2398493975) request_token, submit success
2023-09-19 08:33:29 V/Bot.2398493975: [獭獭不会交学费军团@(887156367)] zz@獺獺軍団(771507043) -> [mirai:image:{BE5C5852-EB9D-9F26-27F2-0880C3BC24A5}.png, width=1284, height=1864, size=904836, type=PNG, isEmoji=false]
2023-09-19 08:58:30 I/UnidbgFetchQsign: Bot(2398493975) request_token, submit success
2023-09-19 09:26:05 V/Bot.2398493975: [SHT荔枝麻酱协会(493057481)] naf2021(3469392519) -> 呜呜呜，好想立直[mirai:image:{F78B974A-0415-496B-CEAE-859C630A5673}.jpg, width=1920, height=886, size=206138, type=JPG, isEmoji=false]
2023-09-19 09:38:31 I/UnidbgFetchQsign: Bot(2398493975) request_token, submit success
2023-09-19 09:41:47 V/Bot.2398493975: [SHT荔枝麻酱协会(493057481)] N！T！R！！！(269418386) -> [mirai:image:{F2699F43-0E8C-0B1C-F9A7-E2707B46BA46}.jpg, width=482, height=438, size=28781, type=JPG, isEmoji=true]
2023-09-19 09:48:30 V/Bot.2398493975: [獭獭不会交学费军团@(887156367)] 冰水@不会反身跳军团(308217149) -> 电信 变成390哩
2023-09-19 10:03:36 V/Bot.2398493975: [獭獭不会交学费军团@(887156367)] 冰水@不会反身跳军团(308217149) -> 草
2023-09-19 10:05:38 V/Bot.2398493975: [獭獭不会交学费军团@(887156367)] Freeze_Kirin(768173212) -> 电信不让恶意竞争了
2023-09-19 10:05:45 V/Bot.2398493975: [獭獭不会交学费军团@(887156367)] Freeze_Kirin(768173212) -> [mirai:image:{6DB8D47D-6D88-2BA8-3315-3C91BE0598DE}.png, width=200, height=156, size=81787, type=GIF, isEmoji=true]
2023-09-19 10:06:01 V/Bot.2398493975: [獭獭不会交学费军团@(887156367)] 冰水@不会反身跳军团(308217149) -> 旁边有个人偷偷摸摸的说也有99的
2023-09-19 10:06:11 V/Bot.2398493975: [獭獭不会交学费军团@(887156367)] Freeze_Kirin(768173212) -> 草
2023-09-19 10:06:28 V/Bot.2398493975: [獭獭不会交学费军团@(887156367)] 冰水@不会反身跳军团(308217149) -> 登记了联系方式 说是好了联系你们来办
2023-09-19 10:06:38 V/Bot.2398493975: [獭獭不会交学费军团@(887156367)] 冰水@不会反身跳军团(308217149) -> 一年的 纯流量卡
2023-09-19 10:07:19 V/Bot.2398493975: [獭獭不会交学费军团@(887156367)] Freeze_Kirin(768173212) -> 什么地下党接头
2023-09-19 10:09:04 V/Bot.2398493975: [SHT荔枝麻酱协会(493057481)] 只困君(768173212) -> 那就立呗，这个点差不是随便打
2023-09-19 10:15:09 V/Bot.2398493975: [SHT荔枝麻酱协会(493057481)] 淡情余描未わ(1297471104) -> 这不立了恶心四位
2023-09-19 10:15:49 V/Bot.2398493975: [SHT荔枝麻酱协会(493057481)] naf2021(3469392519) -> 没立，然后换了个幺九继续默听，四位点了
2023-09-19 10:15:52 V/Bot.2398493975: [SHT荔枝麻酱协会(493057481)] naf2021(3469392519) -> [mirai:image:{C8530B2A-82F4-675A-6C7E-BB556A0ECEFC}.jpg, width=64, height=54, size=1080, type=JPG, isEmoji=true]
2023-09-19 10:18:37 I/UnidbgFetchQsign: Bot(2398493975) request_token, submit success
2023-09-19 10:58:38 I/UnidbgFetchQsign: Bot(2398493975) request_token, submit success
2023-09-19 11:12:38 V/Bot.2398493975: [SHT荔枝麻酱协会(493057481)] N！T！R！！！(269418386) -> 大top怎么打都是对的
2023-09-19 11:24:35 V/Bot.2398493975: [SHT荔枝麻酱协会(493057481)] Twilight(1014197424) -> 大top怎么打都是对的
2023-09-19 11:30:18 V/Bot.2398493975: [SHT荔枝麻酱协会(493057481)] 隔壁老王(297234073) -> 大top怎么打都是对的
2023-09-19 11:30:40 V/Bot.2398493975: [SHT荔枝麻酱协会(493057481)] 优雅猛牛(695150175) -> 大top怎么打都是对的
2023-09-19 11:31:48 V/Bot.2398493975: [SHT荔枝麻酱协会(493057481)] ライちゃん(392595084) -> 大top怎么打都是对的
2023-09-19 11:38:38 I/UnidbgFetchQsign: Bot(2398493975) request_token, submit success
2023-09-19 11:40:51 V/Bot.2398493975: [SHT荔枝麻酱协会(493057481)] N！T！R！！！(269418386) -> 以下思考仅供参考
2023-09-19 11:41:38 V/Bot.2398493975: [SHT荔枝麻酱协会(493057481)] N！T！R！！！(269418386) -> 比如对家是个日日怪你已经不爽很久了 立直让他点了吃四
2023-09-19 11:42:56 V/Bot.2398493975: [SHT荔枝麻酱协会(493057481)] N！T！R！！！(269418386) -> 或者你可怜对家是个圣三 立个直表示你在帮他结束战斗
2023-09-19 11:43:49 V/Bot.2398493975: [SHT荔枝麻酱协会(493057481)] 布莱克提(690875992) -> 或者你可怜对家是个圣三 立个直表示你在帮他结束战斗
2023-09-19 11:46:29 V/Bot.2398493975: [SHT荔枝麻酱协会(493057481)] Twilight(1014197424) -> 或者你可怜对家是个圣三 立个直表示你在帮他结束战斗
2023-09-19 12:18:43 V/Bot.2398493975: [SHT荔枝麻酱协会(493057481)] ライちゃん(392595084) -> ！jrrp
2023-09-19 12:18:44 I/UnidbgFetchQsign: Bot(2398493975) request_token, submit success
2023-09-19 12:18:45 V/Bot.2398493975: Group(493057481) <- 今日人品：大吉
今日适宜役种：清老头
(为防止刷屏，一日内不可多次查询哦！)
2023-09-19 12:19:02 V/Bot.2398493975: [SHT荔枝麻酱协会(493057481)] ライちゃん(392595084) -> !jrrp
2023-09-19 12:19:03 V/Bot.2398493975: Group(493057481) <- 今日人品：大凶
今日适宜役种：弃和
(为防止刷屏，一日内不可多次查询哦！)
2023-09-19 12:19:11 V/Bot.2398493975: [SHT荔枝麻酱协会(493057481)] 由于四麻点数太小故转三麻和青天井的菜狗(1287996307) -> !jrrp
2023-09-19 12:19:12 V/Bot.2398493975: Group(493057481) <- 今日人品：小吉
今日适宜役种：小三元
(为防止刷屏，一日内不可多次查询哦！)
2023-09-19 12:19:17 V/Bot.2398493975: [SHT荔枝麻酱协会(493057481)] 由于四麻点数太小故转三麻和青天井的菜狗(1287996307) -> ？？？？
2023-09-19 12:20:16 V/Bot.2398493975: [SHT荔枝麻酱协会(493057481)] 冰水 麻将小怨妇(x(308217149) -> !jrrp
2023-09-19 12:20:18 V/Bot.2398493975: Group(493057481) <- 今日人品：大吉
今日适宜役种：三色同刻
(为防止刷屏，一日内不可多次查询哦！)
2023-09-19 12:21:05 V/Bot.2398493975: [SHT荔枝麻酱协会(493057481)] 殒落凡尘的星(2510816477) -> !jrrp
2023-09-19 12:21:06 V/Bot.2398493975: Group(493057481) <- 今日人品：小吉
今日适宜役种：混老头
(为防止刷屏，一日内不可多次查询哦！)
2023-09-19 12:58:45 I/UnidbgFetchQsign: Bot(2398493975) request_token, submit success
2023-09-19 13:17:22 V/Bot.2398493975: [SHT荔枝麻酱协会(493057481)] N！T！R！！！(269418386) -> [mirai:image:{940FBC41-B6BC-C83E-6842-A59B3AF66E06}.jpg, width=1920, height=1080, size=179079, type=JPG, isEmoji=false]
2023-09-19 13:17:33 V/Bot.2398493975: [SHT荔枝麻酱协会(493057481)] N！T！R！！！(269418386) -> 有没有不立的选项
2023-09-19 13:26:40 V/Bot.2398493975: [SHT荔枝麻酱协会(493057481)] 安邦定国(443127105) -> 分奴就不立[偷看]
2023-09-19 13:27:14 V/Bot.2398493975: [SHT荔枝麻酱协会(493057481)] 4000all！(1846411487) -> 分奴不立
2023-09-19 13:27:43 V/Bot.2398493975: [SHT荔枝麻酱协会(493057481)] 4000all！(1846411487) -> 等好行吃三面不香吗[汪汪]
2023-09-19 13:38:46 I/UnidbgFetchQsign: Bot(2398493975) request_token, submit success
2023-09-19 14:07:58 V/Bot.2398493975: [SHT荔枝麻酱协会(493057481)] 隔壁老王(297234073) -> 默听🐶滚粗
2023-09-19 14:08:06 V/Bot.2398493975: [SHT荔枝麻酱协会(493057481)] 卡农变奏(530079804) -> 等字牌去单骑？
2023-09-19 14:08:56 V/Bot.2398493975: [SHT荔枝麻酱协会(493057481)] 卡农变奏(530079804) -> 索子有点不想要啊，等个字或者饼子的好型吧
2023-09-19 14:09:07 V/Bot.2398493975: [SHT荔枝麻酱协会(493057481)] 卡农变奏(530079804) -> [mirai:image:{14AD1DDF-DFF7-FECA-9753-504666769711}.png, width=48, height=48, size=1713, type=JPG, isEmoji=true]
2023-09-19 14:09:32 V/Bot.2398493975: [SHT荔枝麻酱协会(493057481)] 4000all！(1846411487) -> 看场况吧
2023-09-19 14:09:46 V/Bot.2398493975: [SHT荔枝麻酱协会(493057481)] 4000all！(1846411487) -> 大一位拆掉一气也是可以的
2023-09-19 14:09:59 V/Bot.2398493975: [SHT荔枝麻酱协会(493057481)] 4000all！(1846411487) -> 三四位的话可能就立了
2023-09-19 14:16:22 V/Bot.2398493975: [SHT荔枝麻酱协会(493057481)] 牙牙(1105692313) -> ！jrrp
2023-09-19 14:16:29 V/Bot.2398493975: Group(493057481) <- 今日人品：吉
今日适宜役种：对对和
(为防止刷屏，一日内不可多次查询哦！)
2023-09-19 14:16:33 V/Bot.2398493975: [SHT荔枝麻酱协会(493057481)] 优雅猛牛(695150175) -> ！jrrp
2023-09-19 14:16:34 V/Bot.2398493975: Group(493057481) <- 今日人品：吉
今日适宜役种：一气通贯
(为防止刷屏，一日内不可多次查询哦！)
2023-09-19 14:18:47 I/UnidbgFetchQsign: Bot(2398493975) request_token, submit success
2023-09-19 14:37:21 V/Bot.2398493975: [SHT荔枝麻酱协会(493057481)] 阳芽小天使(3096237910) -> 有没有人来学生活动室麻
2023-09-19 14:37:24 V/Bot.2398493975: [SHT荔枝麻酱协会(493057481)] 阳芽小天使(3096237910) -> 三缺一
2023-09-19 14:39:14 V/Bot.2398493975: [SHT荔枝麻酱协会(493057481)] 冰水 麻将小怨妇(x(308217149) -> 白天非周末最好别）
2023-09-19 14:40:34 V/Bot.2398493975: [SHT荔枝麻酱协会(493057481)] ライちゃん(392595084) -> 羡慕新生
2023-09-19 14:40:56 V/Bot.2398493975: [SHT荔枝麻酱协会(493057481)] 优雅猛牛(695150175) -> 白天非周末最好别）
2023-09-19 14:42:35 V/Bot.2398493975: [SHT荔枝麻酱协会(493057481)] N！T！R！！！(269418386) -> 你们要打去放麻将的那个房间打吧
2023-09-19 14:42:44 V/Bot.2398493975: [SHT荔枝麻酱协会(493057481)] 隔壁老王(297234073) -> 你们要打去放麻将的那个房间打吧
2023-09-19 14:42:49 V/Bot.2398493975: [SHT荔枝麻酱协会(493057481)] N！T！R！！！(269418386) -> 至少208的老师听不见
2023-09-19 14:43:01 V/Bot.2398493975: [SHT荔枝麻酱协会(493057481)] 隔壁老王(297234073) -> 当心石人牙慧
2023-09-19 14:45:02 V/Bot.2398493975: [SHT荔枝麻酱协会(493057481)] 阳芽小天使(3096237910) -> 我们在204
2023-09-19 14:48:09 V/Bot.2398493975: [SHT荔枝麻酱协会(493057481)] 布莱克提(690875992) -> 恁牛
2023-09-19 14:48:12 V/Bot.2398493975: [SHT荔枝麻酱协会(493057481)] 布莱克提(690875992) -> 白天就开始了
2023-09-19 14:48:57 V/Bot.2398493975: [SHT荔枝麻酱协会(493057481)] 阳芽小天使(3096237910) -> 没事干啊
2023-09-19 14:49:07 V/Bot.2398493975: [SHT荔枝麻酱协会(493057481)] 阳芽小天使(3096237910) -> 有没有人来
2023-09-19 14:49:20 V/Bot.2398493975: [SHT荔枝麻酱协会(493057481)] 阳芽小天使(3096237910) -> 三缺一[流泪]
2023-09-19 14:50:58 V/Bot.2398493975: [SHT荔枝麻酱协会(493057481)] 优雅猛牛(695150175) -> [骚扰]
2023-09-19 14:51:09 V/Bot.2398493975: [SHT荔枝麻酱协会(493057481)] 优雅猛牛(695150175) -> 白天估摸着上班的上班吧
2023-09-19 14:51:42 V/Bot.2398493975: [SHT荔枝麻酱协会(493057481)] N！T！R！！！(269418386) -> 上班的上班 睡觉的睡觉
2023-09-19 14:52:00 V/Bot.2398493975: [SHT荔枝麻酱协会(493057481)] 由于四麻点数太小故转三麻和青天井的菜狗(1287996307) -> 不在学校的不在学校
2023-09-19 14:52:02 V/Bot.2398493975: [SHT荔枝麻酱协会(493057481)] 由于四麻点数太小故转三麻和青天井的菜狗(1287996307) -> [不支持的消息#1528875865]/大怨种
2023-09-19 14:52:27 V/Bot.2398493975: [SHT荔枝麻酱协会(493057481)] N！T！R！！！(269418386) -> 不如原神启动
2023-09-19 14:54:58 V/Bot.2398493975: [SHT荔枝麻酱协会(493057481)] 优雅猛牛(695150175) -> [mirai:image:{3F8B5D52-4A58-D0E8-00FE-2F6448D88644}.jpg, width=1193, height=1280, size=108869, type=JPG, isEmoji=true]
2023-09-19 14:55:27 V/Bot.2398493975: [SHT荔枝麻酱协会(493057481)] 优雅猛牛(695150175) -> [mirai:image:{E82DF910-E22C-5E0A-B129-EF3DEE668A87}.png, width=238, height=133, size=12238, type=PNG, isEmoji=false]
2023-09-19 14:55:30 V/Bot.2398493975: [SHT荔枝麻酱协会(493057481)] 优雅猛牛(695150175) -> 只有我在雀魂
2023-09-19 14:57:06 V/Bot.2398493975: [SHT荔枝麻酱协会(493057481)] 淡情余描未わ(1297471104) -> 上班捏orz
2023-09-19 14:57:33 V/Bot.2398493975: [SHT荔枝麻酱协会(493057481)] 优雅猛牛(695150175) -> 我现在无业游民 日子好无聊
2023-09-19 14:57:42 V/Bot.2398493975: [SHT荔枝麻酱协会(493057481)] 优雅猛牛(695150175) -> [mirai:image:{E7BEF395-0A4B-2E51-175C-C51D5407F334}.gif, width=300, height=300, size=64705, type=GIF, isEmoji=true]
2023-09-19 14:58:47 I/UnidbgFetchQsign: Bot(2398493975) request_token, submit success
2023-09-19 14:59:32 V/Bot.2398493975: [SHT荔枝麻酱协会(493057481)] 阳芽小天使(3096237910) -> [mirai:image:{42500320-E498-9B06-14AC-842D655708E6}.jpg, width=1920, height=1440, size=224592, type=JPG, isEmoji=false]
2023-09-19 14:59:33 V/Bot.2398493975: [SHT荔枝麻酱协会(493057481)] 阳芽小天使(3096237910) -> 快来
2023-09-19 14:59:46 V/Bot.2398493975: [SHT荔枝麻酱协会(493057481)] 阳芽小天使(3096237910) -> 我刚一个四暗刻
2023-09-19 14:59:50 V/Bot.2398493975: [SHT荔枝麻酱协会(493057481)] 淡情余描未わ(1297471104) -> 诶，你们怎么不铺桌布
2023-09-19 15:00:30 V/Bot.2398493975: [SHT荔枝麻酱协会(493057481)] N！T！R！！！(269418386) -> 咋回事捏 你们都不嫌吵吗 不铺桌布
2023-09-19 15:00:44 V/Bot.2398493975: [SHT荔枝麻酱协会(493057481)] ライちゃん(392595084) -> 可能他们不知道有桌布
2023-09-19 15:01:38 V/Bot.2398493975: [SHT荔枝麻酱协会(493057481)] N！T！R！！！(269418386) -> 还有神奇的点棒盒放桌子中间
2023-09-19 15:01:53 V/Bot.2398493975: [SHT荔枝麻酱协会(493057481)] 冰水 麻将小怨妇(x(308217149) -> 我们不是有盘吗
2023-09-19 15:04:18 V/Bot.2398493975: Event: MemberJoinEvent.Active(member=2898108715)
2023-09-19 15:05:59 V/Bot.2398493975: [SHT荔枝麻酱协会(493057481)] 大笔谷(2306096281) -> [mirai:quote:[mirai:source:ids=[284574], internalIds=[2126180479], from 3096237910 to 493057481 at 1695106160], content=<not yet initialized>][mirai:at:3096237910] 111 现在还缺人吗
2023-09-19 15:08:09 V/Bot.2398493975: [SHT荔枝麻酱协会(493057481)] 阳芽小天使(3096237910) -> [mirai:quote:[mirai:source:ids=[284595], internalIds=[1830699998], from 2306096281 to 493057481 at 1695107159], content=<not yet initialized>][mirai:at:2306096281] 可以来
2023-09-19 15:08:28 V/Bot.2398493975: [SHT荔枝麻酱协会(493057481)] 阳芽小天使(3096237910) -> 204
2023-09-19 15:09:13 V/Bot.2398493975: [SHT荔枝麻酱协会(493057481)] ライちゃん(392595084) -> 所以铺桌布了吗
2023-09-19 15:11:27 V/Bot.2398493975: [SHT荔枝麻酱协会(493057481)] 大笔谷(2306096281) -> 来了
2023-09-19 15:11:48 V/Bot.2398493975: [SHT荔枝麻酱协会(493057481)] N！T！R！！！(269418386) -> 中间的盘子是不是都被我丢掉了
2023-09-19 15:11:56 V/Bot.2398493975: [SHT荔枝麻酱协会(493057481)] N！T！R！！！(269418386) -> 毕竟我不喜欢
2023-09-19 15:12:47 V/Bot.2398493975: [SHT荔枝麻酱协会(493057481)] 大笔谷(2306096281) -> 所以桌布在哪
2023-09-19 15:12:48 V/Bot.2398493975: [SHT荔枝麻酱协会(493057481)] 大笔谷(2306096281) -> （）
2023-09-19 15:13:01 V/Bot.2398493975: [SHT荔枝麻酱协会(493057481)] 淡情余描未わ(1297471104) -> 柜子上好多的
2023-09-19 15:13:31 V/Bot.2398493975: [SHT荔枝麻酱协会(493057481)] 大笔谷(2306096281) -> 没事了 找到了
2023-09-19 15:38:48 I/UnidbgFetchQsign: Bot(2398493975) request_token, submit success
2023-09-19 15:42:52 I/Bot.2398493975: Saved account secrets to local cache for fast login.
2023-09-19 15:53:44 V/Bot.2398493975: [獭獭不会交学费军团@(887156367)] 优雅猛牛(695150175) -> [mirai:image:{A637568C-5CE8-0C47-38D9-B73CA885B99B}.png, width=1458, height=768, size=1157187, type=PNG, isEmoji=false]
2023-09-19 15:54:18 V/Bot.2398493975: [獭獭不会交学费军团@(887156367)] 优雅猛牛(695150175) -> 打哪个   四暗刻啥的丢了别在意
2023-09-19 16:04:32 V/Bot.2398493975: [獭獭不会交学费军团@(887156367)] 优雅猛牛(695150175) -> [mirai:image:{9F5C63E1-6B36-ACCA-D9AA-19B13B94722C}.png, width=1453, height=765, size=1140745, type=PNG, isEmoji=false]
2023-09-19 16:04:54 V/Bot.2398493975: [獭獭不会交学费军团@(887156367)] 优雅猛牛(695150175) -> 下家立直被破了一发
2023-09-19 16:05:05 V/Bot.2398493975: [獭獭不会交学费军团@(887156367)] 优雅猛牛(695150175) -> 我该打哪个弃胡
2023-09-19 16:07:11 V/Bot.2398493975: [獭獭不会交学费军团@(887156367)] 冰水@不会反身跳军团(308217149) -> 西点了？
2023-09-19 16:07:22 V/Bot.2398493975: [獭獭不会交学费军团@(887156367)] 冰水@不会反身跳军团(308217149) -> 弃胡的话打南呗）
2023-09-19 16:07:38 V/Bot.2398493975: [獭獭不会交学费军团@(887156367)] 冰水@不会反身跳军团(308217149) -> 还是想4m
2023-09-19 16:07:52 V/Bot.2398493975: [獭獭不会交学费军团@(887156367)] lax@牛牛道心破碎军团(269418386) -> 34m选一个
2023-09-19 16:08:18 V/Bot.2398493975: [獭獭不会交学费军团@(887156367)] lax@牛牛道心破碎军团(269418386) -> 打4m吧 感觉好点
2023-09-19 16:09:21 V/Bot.2398493975: [獭獭不会交学费军团@(887156367)] lax@牛牛道心破碎军团(269418386) -> 上面那个7平、
2023-09-19 16:09:25 V/Bot.2398493975: Event: GroupRecall(bot=Bot(2398493975), authorId=269418386, messageIds=[72870], messageInternalIds=[-822305205], messageTime=1695110961, operator=NormalMember(269418386), group=Group(887156367), author=NormalMember(269418386))
2023-09-19 16:09:30 V/Bot.2398493975: [獭獭不会交学费军团@(887156367)] lax@牛牛道心破碎军团(269418386) -> 上面那个7p立直
2023-09-19 16:11:26 V/Bot.2398493975: [獭獭不会交学费军团@(887156367)] 优雅猛牛(695150175) -> 上面那个就是6m太少了
2023-09-19 16:11:39 V/Bot.2398493975: [獭獭不会交学费军团@(887156367)] lax@牛牛道心破碎军团(269418386) -> 那你2m都打了
2023-09-19 16:11:41 V/Bot.2398493975: [獭獭不会交学费军团@(887156367)] 优雅猛牛(695150175) -> 我就7p  打码了
2023-09-19 16:11:59 V/Bot.2398493975: [獭獭不会交学费军团@(887156367)] lax@牛牛道心破碎军团(269418386) -> 哦 对面先打的
2023-09-19 16:12:35 V/Bot.2398493975: [獭獭不会交学费军团@(887156367)] 优雅猛牛(695150175) -> 对啊
2023-09-19 16:12:38 V/Bot.2398493975: [獭獭不会交学费军团@(887156367)] 优雅猛牛(695150175) -> 我跟打的
2023-09-19 16:13:19 V/Bot.2398493975: [獭獭不会交学费军团@(887156367)] lax@牛牛道心破碎军团(269418386) -> 你看你全打安听牌了 是不是天命
2023-09-19 16:13:29 V/Bot.2398493975: [獭獭不会交学费军团@(887156367)] lax@牛牛道心破碎军团(269418386) -> 这时候为什么不利益最大化
2023-09-19 16:13:49 V/Bot.2398493975: [獭獭不会交学费军团@(887156367)] 优雅猛牛(695150175) -> 我立直上家可能不碰7p了
2023-09-19 16:13:51 V/Bot.2398493975: [獭獭不会交学费军团@(887156367)] 优雅猛牛(695150175) -> 哈哈
2023-09-19 16:13:56 V/Bot.2398493975: [獭獭不会交学费军团@(887156367)] 优雅猛牛(695150175) -> 下家就自摸6m了
2023-09-19 16:13:59 V/Bot.2398493975: [獭獭不会交学费军团@(887156367)] 优雅猛牛(695150175) -> 就不是我自摸了
2023-09-19 16:14:01 V/Bot.2398493975: [獭獭不会交学费军团@(887156367)] 优雅猛牛(695150175) -> 你说对不对
2023-09-19 16:14:51 V/Bot.2398493975: [獭獭不会交学费军团@(887156367)] lax@牛牛道心破碎军团(269418386) -> [mirai:image:{D74E54BD-6BB5-9DD9-2DBF-EA21901F709F}.jpg, width=85, height=61, size=891, type=JPG, isEmoji=true]
2023-09-19 16:15:03 V/Bot.2398493975: [獭獭不会交学费军团@(887156367)] lax@牛牛道心破碎军团(269418386) -> 为什么不是破一发
2023-09-19 16:15:24 V/Bot.2398493975: [獭獭不会交学费军团@(887156367)] lax@牛牛道心破碎军团(269418386) -> 你还是亏了
2023-09-19 16:15:35 V/Bot.2398493975: [獭獭不会交学费军团@(887156367)] 优雅猛牛(695150175) -> 行吧
2023-09-19 16:18:54 I/UnidbgFetchQsign: Bot(2398493975) request_token, submit success
2023-09-19 16:19:48 V/Bot.2398493975: [獭獭不会交学费军团@(887156367)] 优雅猛牛(695150175) -> [mirai:image:{31E0BBBF-5868-61FB-9E46-A01B7229AC26}.png, width=1441, height=757, size=1127283, type=PNG, isEmoji=false]
2023-09-19 16:19:53 V/Bot.2398493975: [獭獭不会交学费军团@(887156367)] 优雅猛牛(695150175) -> 猜我打了哪个弃胡
2023-09-19 16:22:34 V/Bot.2398493975: [獭獭不会交学费军团@(887156367)] lax@牛牛道心破碎军团(269418386) -> [mirai:image:{F2699F43-0E8C-0B1C-F9A7-E2707B46BA46}.jpg, width=482, height=438, size=28781, type=JPG, isEmoji=true]
2023-09-19 16:22:45 V/Bot.2398493975: [獭獭不会交学费军团@(887156367)] lax@牛牛道心破碎军团(269418386) -> 不打8s？
2023-09-19 16:23:27 V/Bot.2398493975: [獭獭不会交学费军团@(887156367)] lax@牛牛道心破碎军团(269418386) -> 而且这个牌你打啥都不叫弃胡
2023-09-19 16:23:33 V/Bot.2398493975: [獭獭不会交学费军团@(887156367)] lax@牛牛道心破碎军团(269418386) -> 是不是没睡醒
2023-09-19 16:23:45 V/Bot.2398493975: [獭獭不会交学费军团@(887156367)] 优雅猛牛(695150175) -> 1发巡  7s打掉了啊
2023-09-19 16:23:52 V/Bot.2398493975: [獭獭不会交学费军团@(887156367)] 优雅猛牛(695150175) -> 只能迂回了
2023-09-19 16:24:12 V/Bot.2398493975: [獭獭不会交学费军团@(887156367)] 优雅猛牛(695150175) -> 不如全扣
2023-09-19 16:24:15 V/Bot.2398493975: [獭獭不会交学费军团@(887156367)] lax@牛牛道心破碎军团(269418386) -> 那你打7s的时候不就想打8s了嘛
2023-09-19 16:24:28 V/Bot.2398493975: [獭獭不会交学费军团@(887156367)] 优雅猛牛(695150175) -> 不想啊  就单纯的  全弃。。。
2023-09-19 16:24:48 V/Bot.2398493975: [獭獭不会交学费军团@(887156367)] 优雅猛牛(695150175) -> 打现无
2023-09-19 16:24:50 V/Bot.2398493975: [獭獭不会交学费军团@(887156367)] 优雅猛牛(695150175) -> 没了再说
2023-09-19 16:24:58 V/Bot.2398493975: [獭獭不会交学费军团@(887156367)] lax@牛牛道心破碎军团(269418386) -> [mirai:image:{F2699F43-0E8C-0B1C-F9A7-E2707B46BA46}.jpg, width=482, height=438, size=28781, type=JPG, isEmoji=true]
2023-09-19 16:25:01 V/Bot.2398493975: [獭獭不会交学费军团@(887156367)] 优雅猛牛(695150175) -> 没现无就瞎打
2023-09-19 16:25:36 V/Bot.2398493975: [獭獭不会交学费军团@(887156367)] lax@牛牛道心破碎军团(269418386) -> 不知道你在说啥
2023-09-19 16:27:58 V/Bot.2398493975: [SHT荔枝麻酱协会(493057481)] 隔壁老王(297234073) -> [mirai:image:{95D6099E-D426-ED1E-F1AF-C12C945F88E9}.jpg, width=640, height=680, size=1972168, type=GIF, isEmoji=true]
2023-09-19 16:31:18 V/Bot.2398493975: [test(389193066)] dd小助手(3459246674) -> 赤五教教主亮亮 正在直播 抽刀断水水更流，麻将消愁愁更愁
https://live.bilibili.com/23490978
2023-09-19 16:31:20 V/Bot.2398493975: [test(389193066)] dd小助手(3459246674) -> [mirai:image:{4209C5EF-88AE-8346-2B76-41C6A739D801}.jpg, width=704, height=396, size=95467, type=JPG, isEmoji=false]
2023-09-19 16:31:21 V/Bot.2398493975: [test(389193066)] dd小助手(3459246674) -> 已设置@全体成员但没有管理员权限,将尝试@指定成员,请需要接收单独@消息的群员使用"开播@我"命令进行订阅
2023-09-19 16:31:22 V/Bot.2398493975: [test(389193066)] dd小助手(3459246674) -> [mirai:at:2461942798] 
2023-09-19 16:32:11 V/Bot.2398493975: [獭獭不会交学费军团@(887156367)] 优雅猛牛(695150175) -> [mirai:image:{E8F086AC-DB49-4C80-88A7-48620736E476}.png, width=1462, height=761, size=1164711, type=PNG, isEmoji=false]
2023-09-19 16:32:29 V/Bot.2398493975: [獭獭不会交学费军团@(887156367)] 优雅猛牛(695150175) -> 这个上家  哈哈哈 上巡打5p就不会死了  哈哈
2023-09-19 16:58:55 I/UnidbgFetchQsign: Bot(2398493975) request_token, submit success
2023-09-19 17:01:53 V/Bot.2398493975: [獭獭不会交学费军团@(887156367)] 獭獭会交学费军团(1297471104) -> 怎么新人打完没发分直接跑路了
2023-09-19 17:02:00 V/Bot.2398493975: [獭獭不会交学费军团@(887156367)] 獭獭会交学费军团(1297471104) -> 我去瞄了眼发现没人了x
2023-09-19 17:03:03 V/Bot.2398493975: [獭獭不会交学费军团@(887156367)] lax@牛牛道心破碎军团(269418386) -> 大概带了自己人吧
2023-09-19 17:03:12 V/Bot.2398493975: [獭獭不会交学费军团@(887156367)] lax@牛牛道心破碎军团(269418386) -> “私局”
2023-09-19 17:03:46 V/Bot.2398493975: [獭獭不会交学费军团@(887156367)] 獭獭会交学费军团(1297471104) -> 就是a桑b桑c桑都没有参加的局是吧
2023-09-19 17:04:05 V/Bot.2398493975: [獭獭不会交学费军团@(887156367)] hm@獭獭不走人行道军团(2461942798) -> 友人场中的友人场
2023-09-19 17:14:33 V/Bot.2398493975: [獭獭不会交学费军团@(887156367)] 萝卜@萝卜軍団(690875992) -> 只用牌不发分？
2023-09-19 17:22:57 V/Bot.2398493975: [獭獭不会交学费军团@(887156367)] 优雅猛牛(695150175) -> 打着玩呢吧
2023-09-19 17:25:16 V/Bot.2398493975: [獭獭不会交学费军团@(887156367)] タタ@私が終わらせてあげる(1609323331) -> 上次有几个人过来：麻将在哪里
2023-09-19 17:25:22 V/Bot.2398493975: [獭獭不会交学费军团@(887156367)] タタ@私が終わらせてあげる(1609323331) -> 然后把麻将拿出来
2023-09-19 17:25:40 V/Bot.2398493975: [獭獭不会交学费军团@(887156367)] 萝卜@萝卜軍団(690875992) -> ？
2023-09-19 17:25:40 V/Bot.2398493975: [獭獭不会交学费军团@(887156367)] タタ@私が終わらせてあげる(1609323331) -> 过了十分钟不到就收好放回去了
2023-09-19 17:25:43 V/Bot.2398493975: [獭獭不会交学费军团@(887156367)] タタ@私が終わらせてあげる(1609323331) -> 我们：？
2023-09-19 17:25:49 V/Bot.2398493975: [獭獭不会交学费军团@(887156367)] Freeze_Kirin(768173212) -> [mirai:image:{15530C6E-2E2B-8726-AC46-20AE8098381B}.jpg, width=174, height=172, size=5372, type=JPG, isEmoji=false]
2023-09-19 17:25:52 V/Bot.2398493975: [獭獭不会交学费军团@(887156367)] lax@牛牛道心破碎军团(269418386) -> ......
2023-09-19 17:26:01 V/Bot.2398493975: [獭獭不会交学费军团@(887156367)] 萝卜@萝卜軍団(690875992) -> 当这里游乐场啊
2023-09-19 17:26:05 V/Bot.2398493975: [獭獭不会交学费军团@(887156367)] lax@牛牛道心破碎军团(269418386) -> 人多了不好管了
2023-09-19 17:26:10 V/Bot.2398493975: [獭獭不会交学费军团@(887156367)] Freeze_Kirin(768173212) -> 参观麻酱的
2023-09-19 17:26:14 V/Bot.2398493975: [獭獭不会交学费军团@(887156367)] タタ@私が終わらせてあげる(1609323331) -> 草
2023-09-19 17:26:29 V/Bot.2398493975: [獭獭不会交学费军团@(887156367)] タタ@私が終わらせてあげる(1609323331) -> 但是他们会放会原地
2023-09-19 17:26:32 V/Bot.2398493975: [獭獭不会交学费军团@(887156367)] タタ@私が終わらせてあげる(1609323331) -> [mirai:image:{6DB8D47D-6D88-2BA8-3315-3C91BE0598DE}.png, width=200, height=156, size=81787, type=GIF, isEmoji=true]
2023-09-19 17:26:35 V/Bot.2398493975: [獭獭不会交学费军团@(887156367)] タタ@私が終わらせてあげる(1609323331) -> 也挺好（x
2023-09-19 17:26:42 V/Bot.2398493975: [獭獭不会交学费军团@(887156367)] 冰水@不会反身跳军团(308217149) -> 主要是怕哪一天
2023-09-19 17:27:01 V/Bot.2398493975: [獭獭不会交学费军团@(887156367)] lax@牛牛道心破碎军团(269418386) -> 发不发分倒是无所谓 收好就行 前几天放柜子前面的行为 我是血压上来了
2023-09-19 17:27:37 V/Bot.2398493975: [獭獭不会交学费军团@(887156367)] 萝卜@萝卜軍団(690875992) -> 需要好好立规矩+选一个靠谱的继承人了
2023-09-19 17:27:39 V/Bot.2398493975: [獭獭不会交学费军团@(887156367)] 萝卜@萝卜軍団(690875992) -> [赞]
2023-09-19 17:27:56 V/Bot.2398493975: [獭獭不会交学费军团@(887156367)] 冰水@不会反身跳军团(308217149) -> 继承人不是打滚的那个吗
2023-09-19 17:28:03 V/Bot.2398493975: [獭獭不会交学费军团@(887156367)] lax@牛牛道心破碎军团(269418386) -> 那个地方 还让放柜子吗
2023-09-19 17:28:07 V/Bot.2398493975: [獭獭不会交学费军团@(887156367)] Freeze_Kirin(768173212) -> 打滚的明年也滚了
2023-09-19 17:28:09 V/Bot.2398493975: [獭獭不会交学费军团@(887156367)] lax@牛牛道心破碎军团(269418386) -> 我可以出钱
2023-09-19 17:28:11 V/Bot.2398493975: [獭獭不会交学费军团@(887156367)] 冰水@不会反身跳军团(308217149) -> 没说不让
2023-09-19 17:28:23 V/Bot.2398493975: [獭獭不会交学费军团@(887156367)] lax@牛牛道心破碎军团(269418386) -> 说到出钱
2023-09-19 17:28:26 V/Bot.2398493975: [獭獭不会交学费军团@(887156367)] lax@牛牛道心破碎军团(269418386) -> 海报呢
2023-09-19 17:28:30 V/Bot.2398493975: [獭獭不会交学费军团@(887156367)] 冰水@不会反身跳军团(308217149) -> ？
2023-09-19 17:28:33 V/Bot.2398493975: [獭獭不会交学费军团@(887156367)] 冰水@不会反身跳军团(308217149) -> 真做啊
2023-09-19 17:28:34 V/Bot.2398493975: [獭獭不会交学费军团@(887156367)] 萝卜@萝卜軍団(690875992) -> 需要一个大二就荔枝上科大读博的
2023-09-19 17:28:49 V/Bot.2398493975: [獭獭不会交学费军团@(887156367)] Freeze_Kirin(768173212) -> [mirai:quote:[mirai:source:ids=[72942], internalIds=[1030961551], from 690875992 to 887156367 at 1695115714], content=<not yet initialized>]什么有期徒刑
2023-09-19 17:28:52 V/Bot.2398493975: [獭獭不会交学费军团@(887156367)] lax@牛牛道心破碎军团(269418386) -> 我只能说 可以做
2023-09-19 17:29:15 V/Bot.2398493975: [獭獭不会交学费军团@(887156367)] lax@牛牛道心破碎军团(269418386) -> 不过今年确实进来不少人
2023-09-19 17:29:18 V/Bot.2398493975: [獭獭不会交学费军团@(887156367)] 冰水@不会反身跳军团(308217149) -> 打滚的滚了不还有群里的吗）
2023-09-19 17:29:25 V/Bot.2398493975: [獭獭不会交学费军团@(887156367)] 萝卜@萝卜軍団(690875992) -> 好像确实 在上科大对我就是有期徒刑五年
2023-09-19 17:29:34 V/Bot.2398493975: [獭獭不会交学费军团@(887156367)] 冰水@不会反身跳军团(308217149) -> 群里的走了还有lrq读博
2023-09-19 17:29:50 V/Bot.2398493975: [獭獭不会交学费军团@(887156367)] Freeze_Kirin(768173212) -> 那为什么不直接立lrq为太子
2023-09-19 17:29:56 V/Bot.2398493975: [獭獭不会交学费军团@(887156367)] lax@牛牛道心破碎军团(269418386) -> 那妮群核心人员 最晚离开的你觉得会是谁
2023-09-19 17:30:02 V/Bot.2398493975: [獭獭不会交学费军团@(887156367)] 冰水@不会反身跳军团(308217149) -> zz？
2023-09-19 17:30:04 V/Bot.2398493975: [獭獭不会交学费军团@(887156367)] lax@牛牛道心破碎军团(269418386) -> zz要读研吗
2023-09-19 17:30:19 V/Bot.2398493975: [獭獭不会交学费军团@(887156367)] 萝卜@萝卜軍団(690875992) -> 申请lrq延毕
2023-09-19 17:30:26 V/Bot.2398493975: [獭獭不会交学费军团@(887156367)] Freeze_Kirin(768173212) -> [mirai:at:771507043]
2023-09-19 17:30:32 V/Bot.2398493975: [獭獭不会交学费军团@(887156367)] Freeze_Kirin(768173212) -> zz直接读博吧
2023-09-19 17:30:38 V/Bot.2398493975: [獭獭不会交学费军团@(887156367)] Freeze_Kirin(768173212) -> 刑期长一点
2023-09-19 17:30:48 V/Bot.2398493975: [獭獭不会交学费军团@(887156367)] lax@牛牛道心破碎军团(269418386) -> [mirai:image:{F2699F43-0E8C-0B1C-F9A7-E2707B46BA46}.jpg, width=482, height=438, size=28781, type=JPG, isEmoji=true]劝人读博 天打雷劈
2023-09-19 17:30:55 V/Bot.2398493975: [獭獭不会交学费军团@(887156367)] Freeze_Kirin(768173212) -> [mirai:image:{93EAD3B3-EF38-0148-5669-9A1DC9E0568A}.gif, width=74, height=62, size=4345, type=GIF, isEmoji=false]
2023-09-19 17:30:58 V/Bot.2398493975: [獭獭不会交学费军团@(887156367)] タタ@私が終わらせてあげる(1609323331) -> [mirai:image:{18399239-9EC8-A0CB-5E40-DA1A9668D672}.png, width=160, height=160, size=4785, type=JPG, isEmoji=true]
2023-09-19 17:31:26 V/Bot.2398493975: [獭獭不会交学费军团@(887156367)] Freeze_Kirin(768173212) -> 那还是先立lrq为太子吧
2023-09-19 17:31:38 V/Bot.2398493975: [獭獭不会交学费军团@(887156367)] 獭獭会交学费军团(1297471104) -> [mirai:image:{4CCD8855-28A4-6AAC-967D-D28A0E9A06A0}.jpg, width=300, height=224, size=11767, type=JPG, isEmoji=true]
2023-09-19 17:31:46 V/Bot.2398493975: [獭獭不会交学费军团@(887156367)] Freeze_Kirin(768173212) -> zz感觉也不太会管理的样子（
2023-09-19 17:31:56 V/Bot.2398493975: [獭獭不会交学费军团@(887156367)] lax@牛牛道心破碎军团(269418386) -> 就算有柜子 给了7-8个人 也不能避免没人到场的局面
2023-09-19 17:32:02 V/Bot.2398493975: [獭獭不会交学费军团@(887156367)] タタ@私が終わらせてあげる(1609323331) -> 转博是不是比直博的多一年
2023-09-19 17:32:19 V/Bot.2398493975: [獭獭不会交学费军团@(887156367)] 冰水@不会反身跳军团(308217149) -> 到时候要登记薄
2023-09-19 17:32:24 V/Bot.2398493975: [獭獭不会交学费军团@(887156367)] タタ@私が終わらせてあげる(1609323331) -> [mirai:image:{8BF34B10-19C1-4195-5866-6DDB73A903D8}.png, width=249, height=188, size=54265, type=GIF, isEmoji=true]
2023-09-19 17:32:37 V/Bot.2398493975: [獭獭不会交学费军团@(887156367)] 冰水@不会反身跳军团(308217149) -> 感觉要整一个（
2023-09-19 17:32:47 V/Bot.2398493975: [獭獭不会交学费军团@(887156367)] 冰水@不会反身跳军团(308217149) -> 至少不能说拿就拿吧
2023-09-19 17:33:08 V/Bot.2398493975: [獭獭不会交学费军团@(887156367)] タタ@私が終わらせてあげる(1609323331) -> 204的桌游太多了
2023-09-19 17:33:14 V/Bot.2398493975: [獭獭不会交学费军团@(887156367)] lax@牛牛道心破碎军团(269418386) -> 感觉不太好执行
2023-09-19 17:33:24 V/Bot.2398493975: [獭獭不会交学费军团@(887156367)] タタ@私が終わらせてあげる(1609323331) -> 感觉已经有新来的以为是随便拿的了
2023-09-19 17:33:29 V/Bot.2398493975: [獭獭不会交学费军团@(887156367)] タタ@私が終わらせてあげる(1609323331) -> [mirai:image:{B0C4908F-7B25-5581-DE55-0999A98D580C}.png, width=868, height=710, size=533105, type=GIF, isEmoji=true]
2023-09-19 17:33:30 V/Bot.2398493975: [獭獭不会交学费军团@(887156367)] Freeze_Kirin(768173212) -> 不好执行
2023-09-19 17:33:49 V/Bot.2398493975: [獭獭不会交学费军团@(887156367)] lax@牛牛道心破碎军团(269418386) -> 我可以发公告啊
2023-09-19 17:33:49 V/Bot.2398493975: [獭獭不会交学费军团@(887156367)] Freeze_Kirin(768173212) -> 正好，太子上位第一件事，想想怎么立规矩（
2023-09-19 17:33:56 V/Bot.2398493975: [獭獭不会交学费军团@(887156367)] lax@牛牛道心破碎军团(269418386) -> 但是怎么说呢
2023-09-19 17:34:03 V/Bot.2398493975: [獭獭不会交学费军团@(887156367)] lax@牛牛道心破碎军团(269418386) -> 总不能不让拿吧
2023-09-19 17:34:15 V/Bot.2398493975: [獭獭不会交学费军团@(887156367)] Freeze_Kirin(768173212) -> 公告这种只能说是个提醒
2023-09-19 17:34:28 V/Bot.2398493975: [獭獭不会交学费军团@(887156367)] 獭獭会交学费军团(1297471104) -> 可以把咱们所有的物资归总一下
2023-09-19 17:34:32 V/Bot.2398493975: [獭獭不会交学费军团@(887156367)] lax@牛牛道心破碎军团(269418386) -> 提醒是有用的我觉得
2023-09-19 17:34:43 V/Bot.2398493975: [獭獭不会交学费军团@(887156367)] タタ@私が終わらせてあげる(1609323331) -> 怎么提醒捏
2023-09-19 17:34:43 V/Bot.2398493975: [獭獭不会交学费军团@(887156367)] 獭獭会交学费军团(1297471104) -> 放一副在外面标好出借
2023-09-19 17:34:50 V/Bot.2398493975: [獭獭不会交学费军团@(887156367)] lax@牛牛道心破碎军团(269418386) -> 怎么提醒捏
2023-09-19 17:34:54 V/Bot.2398493975: [獭獭不会交学费军团@(887156367)] タタ@私が終わらせてあげる(1609323331) -> 贴张纸骗加群嘛
2023-09-19 17:34:55 V/Bot.2398493975: [獭獭不会交学费军团@(887156367)] lax@牛牛道心破碎军团(269418386) -> 谁话术好点
2023-09-19 17:34:59 V/Bot.2398493975: [獭獭不会交学费军团@(887156367)] タタ@私が終わらせてあげる(1609323331) -> lrq
2023-09-19 17:35:04 V/Bot.2398493975: [獭獭不会交学费军团@(887156367)] 獭獭会交学费军团(1297471104) -> 剩下的收起来
2023-09-19 17:35:04 V/Bot.2398493975: [獭獭不会交学费军团@(887156367)] タタ@私が終わらせてあげる(1609323331) -> [mirai:image:{93EAD3B3-EF38-0148-5669-9A1DC9E0568A}.png, width=74, height=62, size=4345, type=GIF, isEmoji=true]
2023-09-19 17:35:06 V/Bot.2398493975: [獭獭不会交学费军团@(887156367)] Freeze_Kirin(768173212) -> 太子干活[mirai:at:1297471104]
2023-09-19 17:35:12 V/Bot.2398493975: [獭獭不会交学费军团@(887156367)] Freeze_Kirin(768173212) -> [mirai:image:{93EAD3B3-EF38-0148-5669-9A1DC9E0568A}.gif, width=74, height=62, size=4345, type=GIF, isEmoji=false]
2023-09-19 17:35:16 V/Bot.2398493975: [獭獭不会交学费军团@(887156367)] 獭獭会交学费军团(1297471104) -> 贴上二维码联系后可用
2023-09-19 17:35:17 V/Bot.2398493975: [獭獭不会交学费军团@(887156367)] 獭獭会交学费军团(1297471104) -> ？
2023-09-19 17:35:30 V/Bot.2398493975: [獭獭不会交学费军团@(887156367)] lax@牛牛道心破碎军团(269418386) -> 确实嗷 搞个柜子吧 你们看怎么执行
2023-09-19 17:35:33 V/Bot.2398493975: Event: MemberCardChangeEvent(origin=獭獭会交学费军团, new=獭獭太子会交学费军团, member=NormalMember(1297471104))
2023-09-19 17:35:33 V/Bot.2398493975: [獭獭不会交学费军团@(887156367)] 獭獭太子会交学费军团(1297471104) -> 你们都不跟我一起服刑吗？
2023-09-19 17:35:33 V/Bot.2398493975: [獭獭不会交学费军团@(887156367)] 冰水@不会反身跳军团(308217149) -> 反正要有个联系人嘛
2023-09-19 17:35:39 V/Bot.2398493975: [獭獭不会交学费军团@(887156367)] 冰水@不会反身跳军团(308217149) -> 用的不是大来的柜子吗）
2023-09-19 17:35:51 V/Bot.2398493975: [獭獭不会交学费军团@(887156367)] lax@牛牛道心破碎军团(269418386) -> 够不够地方啊
2023-09-19 17:35:53 V/Bot.2398493975: Event: MemberCardChangeEvent(origin=獭獭太子会交学费军团, new=獭獭会交学费军团太子, member=NormalMember(1297471104))
2023-09-19 17:35:53 V/Bot.2398493975: [獭獭不会交学费军团@(887156367)] 獭獭会交学费军团太子(1297471104) -> 那个柜子基本上满了
2023-09-19 17:36:04 V/Bot.2398493975: [獭獭不会交学费军团@(887156367)] タタ@私が終わらせてあげる(1609323331) -> 现在都没人放东西进柜子
2023-09-19 17:36:10 V/Bot.2398493975: [獭獭不会交学费军团@(887156367)] 冰水@不会反身跳军团(308217149) -> 不过可能过几天人就又少了
2023-09-19 17:36:10 V/Bot.2398493975: [獭獭不会交学费军团@(887156367)] タタ@私が終わらせてあげる(1609323331) -> 柜子跟没有一样
2023-09-19 17:36:11 V/Bot.2398493975: [獭獭不会交学费军团@(887156367)] lax@牛牛道心破碎军团(269418386) -> 大来自己得用吧 而且公私混用也不方便
2023-09-19 17:36:13 V/Bot.2398493975: [獭獭不会交学费军团@(887156367)] Freeze_Kirin(768173212) -> [mirai:quote:[mirai:source:ids=[72994], internalIds=[1839484650], from 1297471104 to 887156367 at 1695116133], content=<not yet initialized>]我们刑期短
2023-09-19 17:36:28 V/Bot.2398493975: [獭獭不会交学费军团@(887156367)] タタ@私が終わらせてあげる(1609323331) -> 德直接放地方
2023-09-19 17:36:33 V/Bot.2398493975: [獭獭不会交学费军团@(887156367)] 獭獭会交学费军团太子(1297471104) -> 这不得延长刑期？
2023-09-19 17:36:34 V/Bot.2398493975: [獭獭不会交学费军团@(887156367)] タタ@私が終わらせてあげる(1609323331) -> 麻将放上面
2023-09-19 17:36:37 V/Bot.2398493975: [獭獭不会交学费军团@(887156367)] 冰水@不会反身跳军团(308217149) -> ？德不放进去的
2023-09-19 17:36:40 V/Bot.2398493975: [獭獭不会交学费军团@(887156367)] タタ@私が終わらせてあげる(1609323331) -> 桌游乱放
2023-09-19 17:36:43 V/Bot.2398493975: [獭獭不会交学费军团@(887156367)] 獭獭会交学费军团太子(1297471104) -> 码都是谁买的
2023-09-19 17:36:43 V/Bot.2398493975: [獭獭不会交学费军团@(887156367)] タタ@私が終わらせてあげる(1609323331) -> [mirai:image:{3FCDA208-5B5D-3642-5219-949E4B2512EA}.png, width=328, height=300, size=47813, type=GIF, isEmoji=true]
2023-09-19 17:36:47 V/Bot.2398493975: [獭獭不会交学费军团@(887156367)] 獭獭会交学费军团太子(1297471104) -> 也要统计一下
2023-09-19 17:36:48 V/Bot.2398493975: [獭獭不会交学费军团@(887156367)] タタ@私が終わらせてあげる(1609323331) -> 他们整天打
2023-09-19 17:36:56 V/Bot.2398493975: [獭獭不会交学费军团@(887156367)] 獭獭会交学费军团太子(1297471104) -> 主要是那里有些不是咱们的
2023-09-19 17:37:00 V/Bot.2398493975: [獭獭不会交学费军团@(887156367)] 冰水@不会反身跳军团(308217149) -> 不是 这随便来个领导查
2023-09-19 17:37:02 V/Bot.2398493975: [獭獭不会交学费军团@(887156367)] 冰水@不会反身跳军团(308217149) -> 直接寄了
2023-09-19 17:37:03 V/Bot.2398493975: [獭獭不会交学费军团@(887156367)] タタ@私が終わらせてあげる(1609323331) -> 打德的人我们不认识
2023-09-19 17:37:09 V/Bot.2398493975: [獭獭不会交学费军团@(887156367)] 冰水@不会反身跳军团(308217149) -> 跟那边桌游社联系一下？
2023-09-19 17:37:14 V/Bot.2398493975: [獭獭不会交学费军团@(887156367)] lax@牛牛道心破碎军团(269418386) -> 徳已经大变样了
2023-09-19 17:37:17 V/Bot.2398493975: [獭獭不会交学费军团@(887156367)] lax@牛牛道心破碎军团(269418386) -> 一个人都不认识
2023-09-19 17:37:22 V/Bot.2398493975: [獭獭不会交学费军团@(887156367)] 冰水@不会反身跳军团(308217149) -> 看他们有没有把204的东西整一下的意思
2023-09-19 17:37:24 V/Bot.2398493975: [獭獭不会交学费军团@(887156367)] タタ@私が終わらせてあげる(1609323331) -> 完全不认识的不想给钥匙（）
2023-09-19 17:37:31 V/Bot.2398493975: [獭獭不会交学费军团@(887156367)] Freeze_Kirin(768173212) -> 竟然还有桌游社吗
2023-09-19 17:37:32 V/Bot.2398493975: [獭獭不会交学费军团@(887156367)] lax@牛牛道心破碎军团(269418386) -> 什么？还有桌游社？
2023-09-19 17:37:33 V/Bot.2398493975: [獭獭不会交学费军团@(887156367)] 獭獭会交学费军团太子(1297471104) -> 主要得知道用的东西是谁的
2023-09-19 17:37:38 V/Bot.2398493975: [獭獭不会交学费军团@(887156367)] 獭獭会交学费军团太子(1297471104) -> 什么？还有桌游社？
2023-09-19 17:37:45 V/Bot.2398493975: [獭獭不会交学费军团@(887156367)] 冰水@不会反身跳军团(308217149) -> 什么忒修斯之处船
2023-09-19 17:37:54 V/Bot.2398493975: [獭獭不会交学费军团@(887156367)] タタ@私が終わらせてあげる(1609323331) -> 我觉得204的东西最好搞个群什么的
2023-09-19 17:38:01 V/Bot.2398493975: [獭獭不会交学费军团@(887156367)] 獭獭会交学费军团太子(1297471104) -> 那交际花冰子交给你了
2023-09-19 17:38:06 V/Bot.2398493975: [獭獭不会交学费军团@(887156367)] 冰水@不会反身跳军团(308217149) -> ？
2023-09-19 17:38:09 V/Bot.2398493975: [獭獭不会交学费军团@(887156367)] 獭獭会交学费军团太子(1297471104) -> 问问他们有哪些东西在204
2023-09-19 17:38:11 V/Bot.2398493975: [獭獭不会交学费军团@(887156367)] 冰水@不会反身跳军团(308217149) -> 等一下
2023-09-19 17:38:11 V/Bot.2398493975: [獭獭不会交学费军团@(887156367)] Freeze_Kirin(768173212) -> 太子光速甩锅
2023-09-19 17:38:12 V/Bot.2398493975: [獭獭不会交学费军团@(887156367)] lax@牛牛道心破碎军团(269418386) -> 柜子周围的东西难道不都是我们的吗
2023-09-19 17:38:14 V/Bot.2398493975: [獭獭不会交学费军团@(887156367)] 冰水@不会反身跳军团(308217149) -> 204的桌游
2023-09-19 17:38:18 V/Bot.2398493975: [獭獭不会交学费军团@(887156367)] lax@牛牛道心破碎军团(269418386) -> ？？？？
2023-09-19 17:38:18 V/Bot.2398493975: [獭獭不会交学费军团@(887156367)] 冰水@不会反身跳军团(308217149) -> 有不是我们的梦
2023-09-19 17:38:20 V/Bot.2398493975: Event: GroupRecall(bot=Bot(2398493975), authorId=308217149, messageIds=[73036], messageInternalIds=[804404187], messageTime=1695116298, operator=NormalMember(308217149), group=Group(887156367), author=NormalMember(308217149))
2023-09-19 17:38:21 V/Bot.2398493975: [獭獭不会交学费军团@(887156367)] タタ@私が終わらせてあげる(1609323331) -> 想玩的人借一下可以来问
2023-09-19 17:38:23 V/Bot.2398493975: [獭獭不会交学费军团@(887156367)] 冰水@不会反身跳军团(308217149) -> 有不是我们的吗
2023-09-19 17:38:23 V/Bot.2398493975: [獭獭不会交学费军团@(887156367)] タタ@私が終わらせてあげる(1609323331) -> 不是
2023-09-19 17:38:27 V/Bot.2398493975: [獭獭不会交学费军团@(887156367)] タタ@私が終わらせてあげる(1609323331) -> 我们的东西太多了
2023-09-19 17:38:32 V/Bot.2398493975: [獭獭不会交学费军团@(887156367)] Freeze_Kirin(768173212) -> 柜子上面的桌游是我们的吧
2023-09-19 17:38:32 V/Bot.2398493975: [獭獭不会交学费军团@(887156367)] タタ@私が終わらせてあげる(1609323331) -> 然后后来有很多
2023-09-19 17:38:32 V/Bot.2398493975: [獭獭不会交学费军团@(887156367)] 獭獭会交学费军团太子(1297471104) -> 有我没见过的东西反正
2023-09-19 17:38:41 V/Bot.2398493975: [獭獭不会交学费军团@(887156367)] 獭獭会交学费军团太子(1297471104) -> 我不知道是不是咱的
2023-09-19 17:38:49 V/Bot.2398493975: [獭獭不会交学费军团@(887156367)] タタ@私が終わらせてあげる(1609323331) -> 别人的桌游和没见过的筹码也放那了
2023-09-19 17:38:55 I/UnidbgFetchQsign: Bot(2398493975) request_token, submit success
2023-09-19 17:38:56 V/Bot.2398493975: [獭獭不会交学费军团@(887156367)] Freeze_Kirin(768173212) -> [mirai:image:{20642F78-AA08-FC01-9894-381A31BD92F5}.jpg, width=50, height=54, size=1066, type=JPG, isEmoji=false]
2023-09-19 17:39:02 V/Bot.2398493975: [獭獭不会交学费军团@(887156367)] タタ@私が終わらせてあげる(1609323331) -> 柜子周围都满了
2023-09-19 17:39:04 V/Bot.2398493975: [獭獭不会交学费军团@(887156367)] lax@牛牛道心破碎军团(269418386) -> 我们这一摊东西还挺贵的呢
2023-09-19 17:39:07 V/Bot.2398493975: [獭獭不会交学费军团@(887156367)] タタ@私が終わらせてあげる(1609323331) -> 是的
2023-09-19 17:39:19 V/Bot.2398493975: [獭獭不会交学费军团@(887156367)] Freeze_Kirin(768173212) -> 那需要整理一下了
2023-09-19 17:39:29 V/Bot.2398493975: [獭獭不会交学费军团@(887156367)] タタ@私が終わらせてあげる(1609323331) -> （我们昨天半夜还偷偷嫖了别人的桌游玩
2023-09-19 17:39:34 V/Bot.2398493975: [獭獭不会交学费军团@(887156367)] Freeze_Kirin(768173212) -> 财产清算！
2023-09-19 17:39:35 V/Bot.2398493975: [獭獭不会交学费军团@(887156367)] Freeze_Kirin(768173212) -> ？
2023-09-19 17:39:42 V/Bot.2398493975: [獭獭不会交学费军团@(887156367)] lax@牛牛道心破碎军团(269418386) -> 我那个麻将 要是丢了我就两眼一黑了
2023-09-19 17:39:44 V/Bot.2398493975: [獭獭不会交学费军团@(887156367)] タタ@私が終わらせてあげる(1609323331) -> hlb盯上那个宝石商人很久了
2023-09-19 17:39:45 V/Bot.2398493975: [獭獭不会交学费军团@(887156367)] 冰水@不会反身跳军团(308217149) -> 该来个会计了）
2023-09-19 17:39:55 V/Bot.2398493975: [獭獭不会交学费军团@(887156367)] タタ@私が終わらせてあげる(1609323331) -> 啊所以上次那个麻将
2023-09-19 17:39:56 V/Bot.2398493975: [獭獭不会交学费军团@(887156367)] 冰水@不会反身跳军团(308217149) -> 草 那我去问问吧
2023-09-19 17:39:58 V/Bot.2398493975: [獭獭不会交学费军团@(887156367)] Freeze_Kirin(768173212) -> [mirai:quote:[mirai:source:ids=[73055], internalIds=[1003529051], from 1609323331 to 887156367 at 1695116384], content=<not yet initialized>][mirai:at:1609323331] 宝石小偷
2023-09-19 17:40:24 V/Bot.2398493975: [獭獭不会交学费军团@(887156367)] タタ@私が終わらせてあげる(1609323331) -> 盒子里春夏秋冬梅兰竹菊不全 你们有什么头猪吗
2023-09-19 17:40:32 V/Bot.2398493975: [獭獭不会交学费军团@(887156367)] Freeze_Kirin(768173212) -> [mirai:image:{15530C6E-2E2B-8726-AC46-20AE8098381B}.jpg, width=174, height=172, size=5372, type=JPG, isEmoji=false]
2023-09-19 17:40:34 V/Bot.2398493975: [獭獭不会交学费军团@(887156367)] タタ@私が終わらせてあげる(1609323331) -> 因为小盒子放不下嘛
2023-09-19 17:40:39 V/Bot.2398493975: [獭獭不会交学费军团@(887156367)] タタ@私が終わらせてあげる(1609323331) -> 那剩下四个在哪（
2023-09-19 17:40:46 V/Bot.2398493975: [獭獭不会交学费军团@(887156367)] Freeze_Kirin(768173212) -> 不知道
2023-09-19 17:41:12 V/Bot.2398493975: [獭獭不会交学费军团@(887156367)] タタ@私が終わらせてあげる(1609323331) -> lax知道嘛
2023-09-19 17:41:14 V/Bot.2398493975: [獭獭不会交学费军团@(887156367)] タタ@私が終わらせてあげる(1609323331) -> [mirai:image:{8BF34B10-19C1-4195-5866-6DDB73A903D8}.png, width=249, height=188, size=54265, type=GIF, isEmoji=true]
2023-09-19 17:41:20 V/Bot.2398493975: [獭獭不会交学费军团@(887156367)] 萝卜@萝卜軍団(690875992) -> 宝石商人挺好玩的
2023-09-19 17:41:25 V/Bot.2398493975: [獭獭不会交学费军团@(887156367)] 萝卜@萝卜軍団(690875992) -> 我们办公室玩过
2023-09-19 17:41:27 V/Bot.2398493975: [獭獭不会交学费军团@(887156367)] タタ@私が終わらせてあげる(1609323331) -> 宝石商人挺好玩的
2023-09-19 17:41:52 V/Bot.2398493975: [獭獭不会交学费军团@(887156367)] zz@獺獺軍団(771507043) -> 带红麻将有的花牌本来就不齐
2023-09-19 17:42:15 V/Bot.2398493975: [獭獭不会交学费军团@(887156367)] タタ@私が終わらせてあげる(1609323331) -> 定做的那副是齐的捏
2023-09-19 17:42:27 V/Bot.2398493975: [獭獭不会交学费军团@(887156367)] lax@牛牛道心破碎军团(269418386) -> 我记得是全部放进去了的
2023-09-19 17:42:33 V/Bot.2398493975: [獭獭不会交学费军团@(887156367)] zz@獺獺軍団(771507043) -> 那副不是应该在点棒盒里吗
2023-09-19 17:42:39 V/Bot.2398493975: [獭獭不会交学费军团@(887156367)] lax@牛牛道心破碎军团(269418386) -> 再不济 也应该是4的倍数
2023-09-19 17:42:47 V/Bot.2398493975: [獭獭不会交学费军团@(887156367)] タタ@私が終わらせてあげる(1609323331) -> 而且放进去的不是春夏秋冬是什么春夏冬菊这样的（
2023-09-19 17:42:58 V/Bot.2398493975: [獭獭不会交学费军团@(887156367)] タタ@私が終わらせてあげる(1609323331) -> 那就不知道了捏  上次lrq说没看见
2023-09-19 17:43:00 V/Bot.2398493975: [獭獭不会交学费军团@(887156367)] タタ@私が終わらせてあげる(1609323331) -> [mirai:image:{FB9C65FB-5685-1B12-1B13-836B38246164}.png, width=292, height=205, size=61102, type=GIF, isEmoji=true]
2023-09-19 17:43:06 V/Bot.2398493975: [獭獭不会交学费军团@(887156367)] タタ@私が終わらせてあげる(1609323331) -> 我一会去看一眼
2023-09-19 17:43:08 V/Bot.2398493975: [test(389193066)] dd小助手(3459246674) -> 赤五教教主亮亮 直播结束了
2023-09-19 17:43:08 V/Bot.2398493975: [獭獭不会交学费军团@(887156367)] lax@牛牛道心破碎军团(269418386) -> 你看点棒盒子里面没有？
2023-09-19 17:43:16 V/Bot.2398493975: [獭獭不会交学费军团@(887156367)] lax@牛牛道心破碎军团(269418386) -> 或者在大盒子里面
2023-09-19 17:43:20 V/Bot.2398493975: [test(389193066)] dd小助手(3459246674) -> [mirai:image:{06CDFEFB-DCB7-4A93-E00C-16C9727768F8}.png, width=1000, height=7475, size=903807, type=PNG, isEmoji=false]
2023-09-19 17:43:40 V/Bot.2398493975: [獭獭不会交学费军团@(887156367)] 獭獭会交学费军团太子(1297471104) -> 我当时看了只有6张花牌
2023-09-19 17:43:48 V/Bot.2398493975: [獭獭不会交学费军团@(887156367)] lax@牛牛道心破碎军团(269418386) -> [mirai:image:{D74E54BD-6BB5-9DD9-2DBF-EA21901F709F}.jpg, width=85, height=61, size=891, type=JPG, isEmoji=true]
2023-09-19 17:43:49 V/Bot.2398493975: [獭獭不会交学费军团@(887156367)] 獭獭会交学费军团太子(1297471104) -> 春夏秋冬有三张，梅兰竹菊有三张
2023-09-19 17:43:50 V/Bot.2398493975: [獭獭不会交学费军团@(887156367)] 獭獭会交学费军团太子(1297471104) -> 就很奇怪
2023-09-19 17:43:57 V/Bot.2398493975: [獭獭不会交学费军团@(887156367)] 獭獭会交学费军团太子(1297471104) -> 其他牌倒是都安全
2023-09-19 17:43:57 V/Bot.2398493975: [獭獭不会交学费军团@(887156367)] zz@獺獺軍団(771507043) -> [mirai:image:{D74E54BD-6BB5-9DD9-2DBF-EA21901F709F}.jpg, width=85, height=61, size=891, type=JPG, isEmoji=true]
2023-09-19 17:44:25 V/Bot.2398493975: [獭獭不会交学费军团@(887156367)] Freeze_Kirin(768173212) -> [mirai:image:{D74E54BD-6BB5-9DD9-2DBF-EA21901F709F}.jpg, width=85, height=61, size=891, type=JPG, isEmoji=true]
2023-09-19 17:44:52 V/Bot.2398493975: [獭獭不会交学费军团@(887156367)] lax@牛牛道心破碎军团(269418386) -> 这是怎么做到不齐的
2023-09-19 17:45:59 V/Bot.2398493975: [獭獭不会交学费军团@(887156367)] lax@牛牛道心破碎军团(269418386) -> 该好好管理一下了 研究生新生是不是还没来
2023-09-19 17:46:04 V/Bot.2398493975: [獭獭不会交学费军团@(887156367)] lax@牛牛道心破碎军团(269418386) -> 来了更乱
2023-09-19 17:47:01 V/Bot.2398493975: [獭獭不会交学费军团@(887156367)] lax@牛牛道心破碎军团(269418386) -> 和徳那边也说一下 全不认识那我们的牌打是不是不好
2023-09-19 17:47:20 V/Bot.2398493975: [獭獭不会交学费军团@(887156367)] 獭獭会交学费军团太子(1297471104) -> 我去那边蹲下人吧
2023-09-19 17:47:27 V/Bot.2398493975: [獭獭不会交学费军团@(887156367)] 獭獭会交学费军团太子(1297471104) -> 还有一两个我认识的
2023-09-19 17:47:52 V/Bot.2398493975: [獭獭不会交学费军团@(887156367)] 獭獭会交学费军团太子(1297471104) -> 你知道德那边的资产都是谁的不
2023-09-19 17:48:02 V/Bot.2398493975: [獭獭不会交学费军团@(887156367)] 獭獭会交学费军团太子(1297471104) -> 或者桌布还有码是咱们的吗？
2023-09-19 17:48:11 V/Bot.2398493975: [獭獭不会交学费军团@(887156367)] lax@牛牛道心破碎军团(269418386) -> 麻将要是丢了 你们觉得没事就算了 也可以我去商家那边买两个补上
2023-09-19 17:48:28 V/Bot.2398493975: [獭獭不会交学费军团@(887156367)] lax@牛牛道心破碎军团(269418386) -> 桌布和码都是我们的
2023-09-19 17:48:48 V/Bot.2398493975: [獭獭不会交学费军团@(887156367)] lax@牛牛道心破碎军团(269418386) -> 码具体是谁的忘记了 可以问下大来
2023-09-19 17:49:00 V/Bot.2398493975: [獭獭不会交学费军团@(887156367)] タタ@私が終わらせてあげる(1609323331) -> 总之至少先在麻将群说一下
2023-09-19 17:49:02 V/Bot.2398493975: [獭獭不会交学费军团@(887156367)] lax@牛牛道心破碎军团(269418386) -> 桌布是老人凑钱买的 现在全毕业了
2023-09-19 17:49:09 V/Bot.2398493975: [獭獭不会交学费军团@(887156367)] 冰水@不会反身跳军团(308217149) -> 太空军校生是不是也买了什么桌游
2023-09-19 17:49:15 V/Bot.2398493975: [獭獭不会交学费军团@(887156367)] タタ@私が終わらせてあげる(1609323331) -> [mirai:quote:[mirai:source:ids=[73101], internalIds=[2045458260], from 308217149 to 887156367 at 1695116949], content=<not yet initialized>][mirai:at:308217149] 是的
2023-09-19 17:49:29 V/Bot.2398493975: [獭獭不会交学费军团@(887156367)] タタ@私が終わらせてあげる(1609323331) -> 还有大老师买过新桌布
2023-09-19 17:49:47 V/Bot.2398493975: [獭獭不会交学费军团@(887156367)] タタ@私が終わらせてあげる(1609323331) -> 太空人买的富饶之城
2023-09-19 17:49:51 V/Bot.2398493975: [獭獭不会交学费军团@(887156367)] 冰水@不会反身跳军团(308217149) -> 该整个物资登记表了 线上的
2023-09-19 17:50:18 V/Bot.2398493975: [test(389193066)] dd小助手(3459246674) -> 赤五教教主亮亮 发表了新动态
https://t.bilibili.com/843010202286424085
2023-09-19 17:50:20 V/Bot.2398493975: [test(389193066)] dd小助手(3459246674) -> [mirai:image:{24C52771-F98B-7DE4-8A3C-FA60F6D00C6C}.png, width=740, height=430, size=65503, type=PNG, isEmoji=false]
2023-09-19 17:50:34 V/Bot.2398493975: [獭獭不会交学费军团@(887156367)] 冰水@不会反身跳军团(308217149) -> [mirai:image:{95DA00F1-6422-47EB-FD86-5FF834DF73BD}.jpg, width=873, height=1920, size=123674, type=JPG, isEmoji=false]
2023-09-19 17:50:59 V/Bot.2398493975: [獭獭不会交学费军团@(887156367)] タタ@私が終わらせてあげる(1609323331) -> 就是在麻将群先发个公告提醒下204的麻将桌布都是之前的同学自己买的 请大家玩的时候珍惜 还有借用之前最好在群里吱一声之类的（）
2023-09-19 17:51:08 V/Bot.2398493975: [獭獭不会交学费军团@(887156367)] 冰水@不会反身跳军团(308217149) -> 不是之前
2023-09-19 17:51:12 V/Bot.2398493975: [獭獭不会交学费军团@(887156367)] 冰水@不会反身跳军团(308217149) -> 也有现在的）
2023-09-19 17:51:25 V/Bot.2398493975: [獭獭不会交学费军团@(887156367)] タタ@私が終わらせてあげる(1609323331) -> 不知道怎么描述啊（）谁会写的
2023-09-19 17:51:30 V/Bot.2398493975: [獭獭不会交学费军团@(887156367)] タタ@私が終わらせてあげる(1609323331) -> 饼子加油
2023-09-19 17:51:34 V/Bot.2398493975: [獭獭不会交学费军团@(887156367)] タタ@私が終わらせてあげる(1609323331) -> 冰子
2023-09-19 17:51:41 V/Bot.2398493975: [獭獭不会交学费军团@(887156367)] lax@牛牛道心破碎军团(269418386) -> 饼子加油
2023-09-19 17:51:45 V/Bot.2398493975: [獭獭不会交学费军团@(887156367)] 冰水@不会反身跳军团(308217149) -> 我晚上可以写点东西
2023-09-19 17:51:48 V/Bot.2398493975: [獭獭不会交学费军团@(887156367)] 冰水@不会反身跳军团(308217149) -> 万字怎么你了
2023-09-19 17:51:49 V/Bot.2398493975: [獭獭不会交学费军团@(887156367)] lax@牛牛道心破碎军团(269418386) -> 饿了
2023-09-19 17:52:27 V/Bot.2398493975: [獭獭不会交学费军团@(887156367)] タタ@私が終わらせてあげる(1609323331) -> 总之就是群里的校友和现在的同学各自买的
2023-09-19 17:52:31 V/Bot.2398493975: [獭獭不会交学费军团@(887156367)] タタ@私が終わらせてあげる(1609323331) -> [mirai:image:{2FAA43C6-A686-8564-22A4-32FD0B9F3D13}.png, width=500, height=500, size=87435, type=GIF, isEmoji=true]
2023-09-19 17:53:05 V/Bot.2398493975: [獭獭不会交学费军团@(887156367)] 獭獭会交学费军团太子(1297471104) -> 这个整理完再说吧
2023-09-19 17:53:14 V/Bot.2398493975: [獭獭不会交学费军团@(887156367)] 獭獭会交学费军团太子(1297471104) -> 先把财产清查做了
2023-09-19 17:53:15 V/Bot.2398493975: [獭獭不会交学费军团@(887156367)] lax@牛牛道心破碎军团(269418386) -> 这个整理完再说吧
2023-09-19 17:53:27 V/Bot.2398493975: [獭獭不会交学费军团@(887156367)] 冰水@不会反身跳军团(308217149) -> 可以姑且提一句不要随便拿
2023-09-19 17:53:27 V/Bot.2398493975: [獭獭不会交学费军团@(887156367)] タタ@私が終わらせてあげる(1609323331) -> 也行叭[mirai:image:{05A37DCC-4B20-633A-A3E5-8EFEFA2C5DF0}.png, width=1125, height=2436, size=227569, type=JPG, isEmoji=false]
2023-09-19 17:53:32 V/Bot.2398493975: [獭獭不会交学费军团@(887156367)] lax@牛牛道心破碎军团(269418386) -> 我的麻将 呜呜呜
2023-09-19 17:53:33 V/Bot.2398493975: [獭獭不会交学费军团@(887156367)] 冰水@不会反身跳军团(308217149) -> 至少说一声
2023-09-19 17:53:45 V/Bot.2398493975: [獭獭不会交学费军团@(887156367)] 獭獭会交学费军团太子(1297471104) -> 然后搞个柜子收纳
2023-09-19 17:53:57 V/Bot.2398493975: [獭獭不会交学费军团@(887156367)] タタ@私が終わらせてあげる(1609323331) -> 和这个公告还有计分的网站放一起发个进群必读的公告（
2023-09-19 17:54:09 V/Bot.2398493975: [獭獭不会交学费军团@(887156367)] タタ@私が終わらせてあげる(1609323331) -> 再整一个柜子嘛
2023-09-19 17:54:12 V/Bot.2398493975: [獭獭不会交学费军团@(887156367)] タタ@私が終わらせてあげる(1609323331) -> 感觉🉑️
2023-09-19 17:54:16 V/Bot.2398493975: [獭獭不会交学费军团@(887156367)] 獭獭会交学费军团太子(1297471104) -> 后面在群里和204做好公告
2023-09-19 17:54:20 V/Bot.2398493975: [獭獭不会交学费军团@(887156367)] lax@牛牛道心破碎军团(269418386) -> 你们进去会读群必读吗
2023-09-19 17:54:20 V/Bot.2398493975: [獭獭不会交学费军团@(887156367)] タタ@私が終わらせてあげる(1609323331) -> 不锁的也行
2023-09-19 17:54:26 V/Bot.2398493975: [獭獭不会交学费军团@(887156367)] 冰水@不会反身跳军团(308217149) -> 至少会看一下吧
2023-09-19 17:54:33 V/Bot.2398493975: [獭獭不会交学费军团@(887156367)] lax@牛牛道心破碎军团(269418386) -> 我不会...
2023-09-19 17:54:35 V/Bot.2398493975: [獭獭不会交学费军团@(887156367)] 冰水@不会反身跳军团(308217149) -> 从207再偷一个（
2023-09-19 17:54:39 V/Bot.2398493975: [獭獭不会交学费军团@(887156367)] タタ@私が終わらせてあげる(1609323331) -> 会自己弹出来的还是会看的
2023-09-19 17:54:42 V/Bot.2398493975: [獭獭不会交学费军团@(887156367)] 獭獭会交学费军团太子(1297471104) -> 可以那种部分锁的
2023-09-19 17:54:43 V/Bot.2398493975: [獭獭不会交学费军团@(887156367)] タタ@私が終わらせてあげる(1609323331) -> 那也没办法嘛
2023-09-19 17:54:51 V/Bot.2398493975: [獭獭不会交学费军团@(887156367)] タタ@私が終わらせてあげる(1609323331) -> 至少有人会看
2023-09-19 17:55:14 V/Bot.2398493975: [獭獭不会交学费军团@(887156367)] タタ@私が終わらせてあげる(1609323331) -> 而且不在群里的也可能会来拿着玩的  总归防不了所有人
2023-09-19 17:55:27 V/Bot.2398493975: [獭獭不会交学费军团@(887156367)] 冰水@不会反身跳军团(308217149) -> 说起来 军校生还在科大吗
2023-09-19 17:55:50 V/Bot.2398493975: [獭獭不会交学费军团@(887156367)] Freeze_Kirin(768173212) -> 不到啊
2023-09-19 17:55:54 V/Bot.2398493975: [獭獭不会交学费军团@(887156367)] タタ@私が終わらせてあげる(1609323331) -> 他yanbi了
2023-09-19 17:55:59 V/Bot.2398493975: [獭獭不会交学费军团@(887156367)] 冰水@不会反身跳军团(308217149) -> 哦
2023-09-19 17:56:06 V/Bot.2398493975: [獭獭不会交学费军团@(887156367)] タタ@私が終わらせてあげる(1609323331) -> （为什么我的输入法打不出来
2023-09-19 17:56:17 V/Bot.2398493975: [獭獭不会交学费军团@(887156367)] 冰水@不会反身跳军团(308217149) -> 延毕
2023-09-19 17:56:24 V/Bot.2398493975: [獭獭不会交学费军团@(887156367)] 冰水@不会反身跳军团(308217149) -> 在最前面.jpg
2023-09-19 17:56:30 V/Bot.2398493975: [獭獭不会交学费军团@(887156367)] タタ@私が終わらせてあげる(1609323331) -> 延毕
2023-09-19 17:56:46 V/Bot.2398493975: [獭獭不会交学费军团@(887156367)] 獭獭买锤子大臣@被獭獭军团开除(963423936) -> 啊
2023-09-19 17:56:50 V/Bot.2398493975: [獭獭不会交学费军团@(887156367)] タタ@私が終わらせてあげる(1609323331) -> 啊
2023-09-19 17:56:57 V/Bot.2398493975: [獭獭不会交学费军团@(887156367)] 獭獭买锤子大臣@被獭獭军团开除(963423936) -> 我柜子下层可以先用来放东西
2023-09-19 17:56:58 V/Bot.2398493975: [獭獭不会交学费军团@(887156367)] タタ@私が終わらせてあげる(1609323331) -> 你醒啦
2023-09-19 17:57:00 V/Bot.2398493975: [獭獭不会交学费军团@(887156367)] 獭獭买锤子大臣@被獭獭军团开除(963423936) -> 下层是空的
2023-09-19 17:57:04 V/Bot.2398493975: [獭獭不会交学费军团@(887156367)] 獭獭买锤子大臣@被獭獭军团开除(963423936) -> 没事 hlb还没醒
2023-09-19 17:57:08 V/Bot.2398493975: [獭獭不会交学费军团@(887156367)] 獭獭买锤子大臣@被獭獭军团开除(963423936) -> [mirai:image:{6E83AEEA-B969-5524-D8FC-14FF5EA2E351}.png, width=512, height=512, size=25416, type=GIF, isEmoji=true]
2023-09-19 17:57:32 V/Bot.2398493975: [獭獭不会交学费军团@(887156367)] タタ@私が終わらせてあげる(1609323331) -> [mirai:image:{E8D73FA5-92F6-E69C-9C19-D79C198277F5}.png, width=1050, height=1364, size=85066, type=JPG, isEmoji=true]
2023-09-19 17:57:50 V/Bot.2398493975: [獭獭不会交学费军团@(887156367)] 獭獭会交学费军团太子(1297471104) -> 看看吧，整理出来看怎么收纳比较好，感觉至少需要一个展示可以随时取的架子
2023-09-19 18:04:52 V/Bot.2398493975: [獭獭不会交学费军团@(887156367)] hzc@獭獭軍団二度受(2384102753) -> ？
2023-09-19 18:05:08 V/Bot.2398493975: [獭獭不会交学费军团@(887156367)] lax@牛牛道心破碎军团(269418386) -> 你醒了
2023-09-19 18:05:12 V/Bot.2398493975: [獭獭不会交学费军团@(887156367)] lax@牛牛道心破碎军团(269418386) -> 6点了
2023-09-19 18:08:25 V/Bot.2398493975: [獭獭不会交学费军团@(887156367)] タタ@私が終わらせてあげる(1609323331) -> 吃什么
2023-09-19 18:09:03 V/Bot.2398493975: [獭獭不会交学费军团@(887156367)] 獭獭买锤子大臣@被獭獭军团开除(963423936) -> 吃空气
2023-09-19 18:09:05 V/Bot.2398493975: [獭獭不会交学费军团@(887156367)] 獭獭买锤子大臣@被獭獭军团开除(963423936) -> [mirai:image:{814543A3-80C4-2F98-8DDD-CBABB5724AB3}.png, width=268, height=208, size=28226, type=GIF, isEmoji=true]
2023-09-19 18:09:14 V/Bot.2398493975: [獭獭不会交学费军团@(887156367)] タタ@私が終わらせてあげる(1609323331) -> [mirai:image:{C2B9835A-B426-00E2-F859-124D34935BF1}.png, width=304, height=240, size=29087, type=GIF, isEmoji=true]
2023-09-19 18:10:14 V/Bot.2398493975: [SHT荔枝麻酱协会(493057481)] 淡情余描未わ(1297471104) -> 各位，近期打算清查并整理一下204的物资，把东西放204的麻烦在群里说一声是啥，我们好看看有没有少的以及确定是不是我们的
2023-09-19 18:11:29 V/Bot.2398493975: [獭獭不会交学费军团@(887156367)] 獭獭买锤子大臣@被獭獭军团开除(963423936) -> 肚子疼
2023-09-19 18:11:32 V/Bot.2398493975: [獭獭不会交学费军团@(887156367)] 獭獭买锤子大臣@被獭獭军团开除(963423936) -> 喷射去了
2023-09-19 18:12:44 V/Bot.2398493975: [獭獭不会交学费军团@(887156367)] hzc@獭獭軍団二度受(2384102753) -> [mirai:app:{
  "config" : {
    "height" : 0,
    "forward" : 1,
    "ctime" : 1695118352,
    "width" : 0,
    "type" : "normal",
    "token" : "7ad4ea5c1e7be4257cd822776da69820",
    "autoSize" : 0
  },
  "prompt" : "[QQ小程序]不要两面要单骑 有役见逃 节目效果的女王！",
  "app" : "com.tencent.miniapp_01",
  "ver" : "0.0.0.1",
  "appID" : "100951776",
  "view" : "view_8C8E89B49BE609866298ADDFF2DBABA4",
  "meta" : {
    "detail_1" : {
      "appid" : "1109937557",
      "preview" : "https:\/\/pic.ugcimg.cn\/32daaba81565455ccbe4d55721ab6aa7\/jpg1",
      "shareTemplateData" : {

      },
      "gamePointsUrl" : "",
      "gamePoints" : "",
      "url" : "m.q.qq.com\/a\/s\/5d44502cb024ba9ab71422d2478e479d",
      "appType" : 0,
      "desc" : "不要两面要单骑 有役见逃 节目效果的女王！",
      "title" : "哔哩哔哩",
      "scene" : 1036,
      "host" : {
        "uin" : 2384102753,
        "nick" : "莳雨"
      },
      "icon" : "http:\/\/miniapp.gtimg.cn\/public\/appicon\/432b76be3a548fc128acaa6c1ec90131_200.jpg",
      "shareTemplateId" : "8C8E89B49BE609866298ADDFF2DBABA4",
      "qqdocurl" : "https:\/\/b23.tv\/uljaIV3",
      "showLittleTail" : ""
    }
  },
  "bthirdappforward" : true,
  "bthirdappforwardforbackendswitch" : true,
  "desc" : ""
}]
2023-09-19 18:17:48 V/Bot.2398493975: [獭獭不会交学费军团@(887156367)] hzc@獭獭軍団二度受(2384102753) -> 吃什么
2023-09-19 18:19:02 I/UnidbgFetchQsign: Bot(2398493975) request_token, submit success
2023-09-19 18:19:21 V/Bot.2398493975: [獭獭不会交学费军团@(887156367)] タタ@私が終わらせてあげる(1609323331) -> [mirai:image:{1F0D3E9F-3B00-20F4-D374-AAB0D1207490}.png, width=1890, height=4096, size=2503612, type=JPG, isEmoji=false]
2023-09-19 18:19:24 V/Bot.2398493975: [獭獭不会交学费军团@(887156367)] タタ@私が終わらせてあげる(1609323331) -> 筷子拿反了
2023-09-19 18:19:29 V/Bot.2398493975: [獭獭不会交学费军团@(887156367)] タタ@私が終わらせてあげる(1609323331) -> [mirai:image:{63984E25-23B0-CC96-2C45-20FDD0A7A585}.png, width=535, height=513, size=32812, type=JPG, isEmoji=true]
2023-09-19 18:19:38 V/Bot.2398493975: [獭獭不会交学费军团@(887156367)] Freeze_Kirin(768173212) -> [mirai:image:{15530C6E-2E2B-8726-AC46-20AE8098381B}.jpg, width=174, height=172, size=5372, type=JPG, isEmoji=false]
2023-09-19 18:24:48 V/Bot.2398493975: [獭獭不会交学费军团@(887156367)] 獭獭买锤子大臣@被獭獭军团开除(963423936) -> [mirai:image:{F0451D10-C6B1-C6EE-086A-832765A52BE5}.png, width=525, height=568, size=128518, type=GIF, isEmoji=true]
2023-09-19 18:30:48 V/Bot.2398493975: [獭獭不会交学费军团@(887156367)] 獭獭买锤子大臣@被獭獭军团开除(963423936) -> [mirai:image:{9804641B-3461-9768-B36A-DBC15801D34E}.jpg, width=400, height=559, size=52483, type=PNG, isEmoji=false]
2023-09-19 18:30:50 V/Bot.2398493975: [SHT荔枝麻酱协会(493057481)] 淡情余描未わ(1297471104) -> 以及本周末胡萝卜杯2.5的三麻比赛就要开始啦，大家别忘了哈~
2023-09-19 18:30:53 V/Bot.2398493975: [獭獭不会交学费军团@(887156367)] 獭獭买锤子大臣@被獭獭军团开除(963423936) -> [mirai:image:{82F5A421-565D-A26D-E064-68F9F3D72FD0}.jpg, width=1367, height=1080, size=101023, type=PNG, isEmoji=false]
2023-09-19 18:31:04 V/Bot.2398493975: [SHT荔枝麻酱协会(493057481)] 淡情余描未わ(1297471104) -> [mirai:app:{"app":"com.tencent.tdoc.qqpush","desc":"","view":"news","bizsrc":"","ver":"1.0.0.14","prompt":"[腾讯文档]SHT胡萝卜杯S2.5","appID":"","sourceName":"","actionData":"","actionData_A":"","sourceUrl":"","meta":{"news":{"desc":"腾讯文档 - 在线表格","jumpUrl":"miniapp:\/\/open\/2012?url=https%3A%2F%2Fm.q.qq.com%2Fa%2Fp%2F1108338344%3Fs%3Dpages%252Fdetail%252Fdetail.html%253Furl%253Dhttps%253A%252F%252Fdocs.qq.com%252Fsheet%252FDR0pSTVdvTmt2WVBq","preview":"https:\/\/docs.idqqimg.com\/tim\/docs\/docs-design-resources\/mobile\/png@3x\/file_sheet_64@3x-28f87b2076.png","tag":"腾讯文档","tagIcon":"https:\/\/docs.gtimg.com\/docs-design-resources\/mobile\/png@2x\/Logo__36@2x-eec1bc539e.png","title":"SHT胡萝卜杯S2.5"}},"config":{"autosize":0,"ctime":1695119462,"forward":1,"token":"40baef294b1413d763f4cc676d0ad990"},"text":"","extraApps":[],"sourceAd":"","extra":""}]
2023-09-19 18:31:09 V/Bot.2398493975: [獭獭不会交学费军团@(887156367)] Freeze_Kirin(768173212) -> ？
2023-09-19 18:35:03 V/Bot.2398493975: [獭獭不会交学费军团@(887156367)] 獭獭买锤子大臣@被獭獭军团开除(963423936) -> [mirai:image:{F0451D10-C6B1-C6EE-086A-832765A52BE5}.gif, width=525, height=568, size=128518, type=GIF, isEmoji=true]
2023-09-19 18:35:03 V/Bot.2398493975: [獭獭不会交学费军团@(887156367)] 獭獭买锤子大臣@被獭獭军团开除(963423936) -> 彻底疯狂
2023-09-19 18:35:07 V/Bot.2398493975: [獭獭不会交学费军团@(887156367)] 獭獭买锤子大臣@被獭獭军团开除(963423936) -> 没有mygo的第一周
2023-09-19 18:35:09 V/Bot.2398493975: [獭獭不会交学费军团@(887156367)] 獭獭买锤子大臣@被獭獭军团开除(963423936) -> 想他
2023-09-19 18:38:57 V/Bot.2398493975: [SHT荔枝麻酱协会(493057481)] 牙牙(1105692313) -> 宝牌奖池会算北dora吗
2023-09-19 18:40:41 V/Bot.2398493975: [獭獭不会交学费军团@(887156367)] 獭獭（卡尼）(1093406505) -> 我的钥匙有没有插在柜子上啊
2023-09-19 18:40:43 V/Bot.2398493975: [獭獭不会交学费军团@(887156367)] 獭獭（卡尼）(1093406505) -> 找不到了
2023-09-19 18:40:51 V/Bot.2398493975: [獭獭不会交学费军团@(887156367)] 獭獭（卡尼）(1093406505) -> [mirai:image:{63984E25-23B0-CC96-2C45-20FDD0A7A585}.png, width=535, height=513, size=32812, type=JPG, isEmoji=true]
2023-09-19 18:42:06 V/Bot.2398493975: [獭獭不会交学费军团@(887156367)] 獭獭（卡尼）(1093406505) -> 哦我想起来了
2023-09-19 18:42:14 V/Bot.2398493975: [獭獭不会交学费军团@(887156367)] 獭獭（卡尼）(1093406505) -> [mirai:at:2384102753] 是不是被你拿走了
2023-09-19 18:42:20 V/Bot.2398493975: [獭獭不会交学费军团@(887156367)] 獭獭买锤子大臣@被獭獭军团开除(963423936) -> [mirai:image:{3AE8AEC2-7D5F-0FA7-C995-092F8021B26B}.jpg, width=535, height=513, size=22489, type=JPG, isEmoji=true]
2023-09-19 18:46:22 V/Bot.2398493975: [SHT荔枝麻酱协会(493057481)] 淡情余描未わ(1297471104) -> 算的
2023-09-19 18:58:39 V/Bot.2398493975: [獭獭不会交学费军团@(887156367)] タタ@私が終わらせてあげる(1609323331) -> [mirai:at:2384102753] 找到了
2023-09-19 18:59:02 I/UnidbgFetchQsign: Bot(2398493975) request_token, submit success
2023-09-19 19:07:36 V/Bot.2398493975: [獭獭不会交学费军团@(887156367)] タタ@私が終わらせてあげる(1609323331) -> 心定了捏
2023-09-19 19:07:44 V/Bot.2398493975: [獭獭不会交学费军团@(887156367)] タタ@私が終わらせてあげる(1609323331) -> 继续去204视察x
2023-09-19 19:07:57 V/Bot.2398493975: [獭獭不会交学费军团@(887156367)] タタ@私が終わらせてあげる(1609323331) -> 有人一起嘛
2023-09-19 19:07:58 V/Bot.2398493975: [獭獭不会交学费军团@(887156367)] hzc@獭獭軍団二度受(2384102753) -> 好好好
2023-09-19 19:08:00 V/Bot.2398493975: [獭獭不会交学费军团@(887156367)] タタ@私が終わらせてあげる(1609323331) -> [mirai:image:{05919B55-D12E-11BD-7C76-D06FAD553D12}.png, width=370, height=296, size=100522, type=GIF, isEmoji=true]
2023-09-19 19:08:14 V/Bot.2398493975: [獭獭不会交学费军团@(887156367)] 獭獭买锤子大臣@被獭獭军团开除(963423936) ->  [mirai:image:{05919B55-D12E-11BD-7C76-D06FAD553D12}.gif, width=370, height=296, size=100522, type=GIF, isEmoji=true]
2023-09-19 19:08:21 V/Bot.2398493975: [獭獭不会交学费军团@(887156367)] hzc@獭獭軍団二度受(2384102753) -> 我还没吃饭 刚洗完澡
2023-09-19 19:08:53 V/Bot.2398493975: [獭獭不会交学费军团@(887156367)] 獭獭会交学费军团太子(1297471104) -> 先洗澡，先吃饭，还是
2023-09-19 19:08:58 V/Bot.2398493975: [獭獭不会交学费军团@(887156367)] 獭獭会交学费军团太子(1297471104) -> 先天凤
2023-09-19 19:09:27 V/Bot.2398493975: [獭獭不会交学费军团@(887156367)] 獭獭买锤子大臣@被獭獭军团开除(963423936) -> 我饭澡都没
2023-09-19 19:09:32 V/Bot.2398493975: [獭獭不会交学费军团@(887156367)] 獭獭买锤子大臣@被獭獭军团开除(963423936) -> 先水群
2023-09-19 19:09:49 V/Bot.2398493975: [獭獭不会交学费军团@(887156367)] 獭獭会交学费军团太子(1297471104) -> 在群里洗澡是吧
2023-09-19 19:10:22 V/Bot.2398493975: [獭獭不会交学费军团@(887156367)] 哭哭Excel@被獭獭军团开除3次(472247053) -> [mirai:image:{393C1EFB-E797-4557-8D16-A135C9B78721}.jpg, width=75, height=75, size=20157, type=JPG, isEmoji=true]
2023-09-19 19:11:09 V/Bot.2398493975: [獭獭不会交学费军团@(887156367)] タタ@私が終わらせてあげる(1609323331) -> 有的獭獭把东西收得整整齐齐
2023-09-19 19:11:13 V/Bot.2398493975: [獭獭不会交学费军团@(887156367)] タタ@私が終わらせてあげる(1609323331) -> 然后找不到了
2023-09-19 19:11:15 V/Bot.2398493975: [獭獭不会交学费军团@(887156367)] 獭獭会交学费军团太子(1297471104) -> 抓住长颈鹿脖子
2023-09-19 19:11:18 V/Bot.2398493975: [獭獭不会交学费军团@(887156367)] タタ@私が終わらせてあげる(1609323331) -> 上次在家里
2023-09-19 19:11:31 V/Bot.2398493975: [獭獭不会交学费军团@(887156367)] タタ@私が終わらせてあげる(1609323331) -> 出去玩了一天回来发现麻麻把我桌子摆整齐了
2023-09-19 19:11:37 V/Bot.2398493975: [獭獭不会交学费军团@(887156367)] タタ@私が終わらせてあげる(1609323331) -> 然后我要啥找不到啥
2023-09-19 19:11:40 V/Bot.2398493975: [獭獭不会交学费军团@(887156367)] タタ@私が終わらせてあげる(1609323331) -> [mirai:image:{35EE10C3-477F-0FC1-47F3-27B1708C4ED7}.png, width=300, height=216, size=13366, type=JPG, isEmoji=true]
2023-09-19 19:12:06 V/Bot.2398493975: [獭獭不会交学费军团@(887156367)] タタ@私が終わらせてあげる(1609323331) -> [mirai:image:{9E5EB1DE-6A7F-90D7-108E-122E4B291101}.png, width=370, height=320, size=19976, type=JPG, isEmoji=true]
2023-09-19 19:13:11 V/Bot.2398493975: [獭獭不会交学费军团@(887156367)] 獭獭会交学费军团太子(1297471104) -> [mirai:image:{A14AA45B-6ECF-58F7-96D9-72F2AF5343FB}.jpg, width=370, height=320, size=18074, type=JPG, isEmoji=true]
2023-09-19 19:13:21 V/Bot.2398493975: [獭獭不会交学费军团@(887156367)] Freeze_Kirin(768173212) -> [mirai:image:{A14AA45B-6ECF-58F7-96D9-72F2AF5343FB}.jpg, width=370, height=320, size=18074, type=JPG, isEmoji=true]
2023-09-19 19:13:24 V/Bot.2398493975: [獭獭不会交学费军团@(887156367)] タタ@私が終わらせてあげる(1609323331) -> md
2023-09-19 19:13:32 V/Bot.2398493975: [獭獭不会交学费军团@(887156367)] タタ@私が終わらせてあげる(1609323331) -> 寝室厕所太潮了
2023-09-19 19:13:38 V/Bot.2398493975: [獭獭不会交学费军团@(887156367)] タタ@私が終わらせてあげる(1609323331) -> 又爬小虫子
2023-09-19 19:13:41 V/Bot.2398493975: [獭獭不会交学费军团@(887156367)] タタ@私が終わらせてあげる(1609323331) -> [mirai:image:{8B7D494F-27EC-B716-D242-0D8FF95BB9C2}.png, width=109, height=81, size=85057, type=GIF, isEmoji=true]
2023-09-19 19:13:44 V/Bot.2398493975: [獭獭不会交学费军团@(887156367)] タタ@私が終わらせてあげる(1609323331) -> wy救
2023-09-19 19:13:46 V/Bot.2398493975: [獭獭不会交学费军团@(887156367)] Freeze_Kirin(768173212) -> [mirai:image:{20642F78-AA08-FC01-9894-381A31BD92F5}.jpg, width=50, height=54, size=1066, type=JPG, isEmoji=false]
2023-09-19 19:13:46 V/Bot.2398493975: [獭獭不会交学费军团@(887156367)] タタ@私が終わらせてあげる(1609323331) -> [mirai:image:{DCC827E3-C001-8382-2FEB-DD5705F15745}.png, width=336, height=254, size=80956, type=GIF, isEmoji=true]
2023-09-19 19:13:55 V/Bot.2398493975: [獭獭不会交学费军团@(887156367)] 獭獭买锤子大臣@被獭獭军团开除(963423936) -> [mirai:image:{DCC827E3-C001-8382-2FEB-DD5705F15745}.gif, width=336, height=254, size=80956, type=GIF, isEmoji=true]
2023-09-19 19:14:02 V/Bot.2398493975: [獭獭不会交学费军团@(887156367)] 獭獭买锤子大臣@被獭獭军团开除(963423936) -> 买点除臭剂
2023-09-19 19:14:04 V/Bot.2398493975: [獭獭不会交学费军团@(887156367)] 獭獭买锤子大臣@被獭獭军团开除(963423936) -> 放厕所
2023-09-19 19:14:10 V/Bot.2398493975: [獭獭不会交学费军团@(887156367)] タタ@私が終わらせてあげる(1609323331) -> [mirai:image:{18399239-9EC8-A0CB-5E40-DA1A9668D672}.png, width=160, height=160, size=4785, type=JPG, isEmoji=true]
2023-09-19 19:14:11 V/Bot.2398493975: [獭獭不会交学费军团@(887156367)] Freeze_Kirin(768173212) -> 那正好整瓶杀虫剂啥的喷上
2023-09-19 19:14:19 V/Bot.2398493975: [獭獭不会交学费军团@(887156367)] Freeze_Kirin(768173212) -> 去204巡视回来通风
2023-09-19 19:14:28 V/Bot.2398493975: [獭獭不会交学费军团@(887156367)] タタ@私が終わらせてあげる(1609323331) -> 没有杀虫剂诶
2023-09-19 19:14:35 V/Bot.2398493975: [獭獭不会交学费军团@(887156367)] タタ@私が終わらせてあげる(1609323331) -> 我上次查
2023-09-19 19:14:35 V/Bot.2398493975: [獭獭不会交学费军团@(887156367)] Freeze_Kirin(768173212) -> [mirai:image:{20642F78-AA08-FC01-9894-381A31BD92F5}.jpg, width=50, height=54, size=1066, type=JPG, isEmoji=false]
2023-09-19 19:14:40 V/Bot.2398493975: [獭獭不会交学费军团@(887156367)] タタ@私が終わらせてあげる(1609323331) -> 这种小虫子就是
2023-09-19 19:14:52 V/Bot.2398493975: [獭獭不会交学费军团@(887156367)] タタ@私が終わらせてあげる(1609323331) -> 地上或者哪里缝里有水
2023-09-19 19:14:57 V/Bot.2398493975: [獭獭不会交学费军团@(887156367)] タタ@私が終わらせてあげる(1609323331) -> 就会长出来
2023-09-19 19:14:59 V/Bot.2398493975: [獭獭不会交学费军团@(887156367)] タタ@私が終わらせてあげる(1609323331) -> [mirai:image:{6DB8D47D-6D88-2BA8-3315-3C91BE0598DE}.png, width=200, height=156, size=81787, type=GIF, isEmoji=true]
2023-09-19 19:15:09 V/Bot.2398493975: [獭獭不会交学费军团@(887156367)] Freeze_Kirin(768173212) -> 厕所太潮了
2023-09-19 19:15:17 V/Bot.2398493975: [獭獭不会交学费军团@(887156367)] タタ@私が終わらせてあげる(1609323331) -> 为什么学校浴室没有窗捏
2023-09-19 19:15:41 V/Bot.2398493975: [獭獭不会交学费军团@(887156367)] Freeze_Kirin(768173212) -> 总之开门开下风扇吧。虫子能杀就杀（
2023-09-19 19:15:49 V/Bot.2398493975: [獭獭不会交学费军团@(887156367)] Freeze_Kirin(768173212) -> [mirai:image:{6DB8D47D-6D88-2BA8-3315-3C91BE0598DE}.gif, width=200, height=156, size=81787, type=GIF, isEmoji=true]
2023-09-19 19:15:50 V/Bot.2398493975: [獭獭不会交学费军团@(887156367)] タタ@私が終わらせてあげる(1609323331) -> 现在小虫子死在獭獭前面
2023-09-19 19:15:55 V/Bot.2398493975: [獭獭不会交学费军团@(887156367)] タタ@私が終わらせてあげる(1609323331) -> 然后不敢收拾了
2023-09-19 19:15:59 V/Bot.2398493975: [獭獭不会交学费军团@(887156367)] タタ@私が終わらせてあげる(1609323331) -> [mirai:image:{63984E25-23B0-CC96-2C45-20FDD0A7A585}.png, width=535, height=513, size=32812, type=JPG, isEmoji=true]
2023-09-19 19:16:06 V/Bot.2398493975: [獭獭不会交学费军团@(887156367)] 獭獭会交学费军团太子(1297471104) -> 现在小虫子死在獭獭前面
2023-09-19 19:16:12 V/Bot.2398493975: [獭獭不会交学费军团@(887156367)] Freeze_Kirin(768173212) -> [mirai:image:{DF7CEC4D-BB8E-0808-81E3-6850E694BFA9}.gif, width=370, height=300, size=47884, type=GIF, isEmoji=false]
2023-09-19 19:16:20 V/Bot.2398493975: [獭獭不会交学费军团@(887156367)] タタ@私が終わらせてあげる(1609323331) -> 草 我前两天去坐地铁
2023-09-19 19:16:42 V/Bot.2398493975: [獭獭不会交学费军团@(887156367)] タタ@私が終わらせてあげる(1609323331) -> 电梯上去前面有只巨大虫子趴在地上
2023-09-19 19:16:56 V/Bot.2398493975: [獭獭不会交学费军团@(887156367)] タタ@私が終わらせてあげる(1609323331) -> 獭獭：小心翼翼
虫子：一动不动
2023-09-19 19:17:03 V/Bot.2398493975: [獭獭不会交学费军团@(887156367)] タタ@私が終わらせてあげる(1609323331) -> 然后和谐的互不打扰
2023-09-19 19:17:07 V/Bot.2398493975: [SHT荔枝麻酱协会(493057481)] Giraffe(472247053) -> [mirai:at:994836613] [mirai:at:530079804]  ID
2023-09-19 19:17:20 V/Bot.2398493975: [SHT荔枝麻酱协会(493057481)] Giraffe(472247053) -> 或者我就用群昵称了
2023-09-19 19:17:31 V/Bot.2398493975: [獭獭不会交学费军团@(887156367)] タタ@私が終わらせてあげる(1609323331) -> 然后后面一个大哥上来  没看见虫子但是一脚把它踩扁了
2023-09-19 19:17:35 V/Bot.2398493975: [獭獭不会交学费军团@(887156367)] Freeze_Kirin(768173212) -> 这怎么能忍住不给他一脚的（
2023-09-19 19:17:41 V/Bot.2398493975: [獭獭不会交学费军团@(887156367)] Freeze_Kirin(768173212) -> 草
2023-09-19 19:17:45 V/Bot.2398493975: [獭獭不会交学费军团@(887156367)] 哭哭Excel@被獭獭军团开除3次(472247053) -> [mirai:image:{FB9C65FB-5685-1B12-1B13-836B38246164}.jpg, width=292, height=205, size=61102, type=GIF, isEmoji=true]
2023-09-19 19:17:47 V/Bot.2398493975: [獭獭不会交学费军团@(887156367)] タタ@私が終わらせてあげる(1609323331) -> 还正好两只脚都踩到了
2023-09-19 19:17:56 V/Bot.2398493975: [獭獭不会交学费军团@(887156367)] 哭哭Excel@被獭獭军团开除3次(472247053) -> 真的没有人当第七人嘛
2023-09-19 19:18:04 V/Bot.2398493975: [獭獭不会交学费军团@(887156367)] Freeze_Kirin(768173212) -> 上高吗
2023-09-19 19:18:13 V/Bot.2398493975: [獭獭不会交学费军团@(887156367)] タタ@私が終わらせてあげる(1609323331) -> ？不是要hlb闪亮登场嘛
2023-09-19 19:18:14 V/Bot.2398493975: [獭獭不会交学费军团@(887156367)] Freeze_Kirin(768173212) -> 上高啥时候打
2023-09-19 19:18:25 V/Bot.2398493975: [獭獭不会交学费军团@(887156367)] タタ@私が終わらせてあげる(1609323331) -> 你可以把我们写替补捏
2023-09-19 19:18:34 V/Bot.2398493975: [獭獭不会交学费军团@(887156367)] Freeze_Kirin(768173212) -> 你可以把我们写替补捏
2023-09-19 19:18:51 V/Bot.2398493975: [獭獭不会交学费军团@(887156367)] 哭哭Excel@被獭獭军团开除3次(472247053) -> 10/5
2023-09-19 19:19:37 V/Bot.2398493975: [獭獭不会交学费军团@(887156367)] Freeze_Kirin(768173212) -> 那你可以写个我
2023-09-19 19:20:12 V/Bot.2398493975: [獭獭不会交学费军团@(887156367)] タタ@私が終わらせてあげる(1609323331) -> [mirai:image:{8BF34B10-19C1-4195-5866-6DDB73A903D8}.png, width=249, height=188, size=54265, type=GIF, isEmoji=true]
2023-09-19 19:20:18 V/Bot.2398493975: [獭獭不会交学费军团@(887156367)] 哭哭Excel@被獭獭军团开除3次(472247053) -> [mirai:image:{C6D98AA9-4CE0-28B7-32EF-B076899EA836}.jpg, width=308, height=300, size=72185, type=GIF, isEmoji=true]
2023-09-19 19:20:18 V/Bot.2398493975: [獭獭不会交学费军团@(887156367)] タタ@私が終わらせてあげる(1609323331) -> 所以叫什么
2023-09-19 19:20:31 V/Bot.2398493975: [獭獭不会交学费军团@(887156367)] 獭獭买锤子大臣@被獭獭军团开除(963423936) -> 赖赖军团
2023-09-19 19:20:35 V/Bot.2398493975: [獭獭不会交学费军团@(887156367)] タタ@私が終わらせてあげる(1609323331) -> 獭诺西军团？
2023-09-19 19:20:36 V/Bot.2398493975: [獭獭不会交学费军团@(887156367)] 獭獭买锤子大臣@被獭獭军团开除(963423936) -> 上科大军团
2023-09-19 19:21:29 V/Bot.2398493975: [獭獭不会交学费军团@(887156367)] Freeze_Kirin(768173212) -> 反獭獭军团
2023-09-19 19:21:51 V/Bot.2398493975: [獭獭不会交学费军团@(887156367)] 哭哭Excel@被獭獭军团开除3次(472247053) -> 好像可以后续再确认
2023-09-19 19:22:01 V/Bot.2398493975: [獭獭不会交学费军团@(887156367)] 哭哭Excel@被獭獭军团开除3次(472247053) -> 先随便填
2023-09-19 19:22:15 V/Bot.2398493975: [獭獭不会交学费军团@(887156367)] タタ@私が終わらせてあげる(1609323331) -> 反獭獭军团
2023-09-19 19:22:18 V/Bot.2398493975: [獭獭不会交学费军团@(887156367)] タタ@私が終わらせてあげる(1609323331) -> [mirai:image:{BE55A3FF-AA67-6378-11FA-1F72BF3ACC70}.png, width=512, height=512, size=504472, type=GIF, isEmoji=true]
2023-09-19 19:22:24 V/Bot.2398493975: [獭獭不会交学费军团@(887156367)] 哭哭Excel@被獭獭军团开除3次(472247053) -> [mirai:image:{3A55FF8E-64B4-6F76-A8C7-C162F57ECB01}.jpg, width=240, height=240, size=110560, type=GIF, isEmoji=true]
2023-09-19 19:24:10 V/Bot.2398493975: [獭獭不会交学费军团@(887156367)] hzc@獭獭軍団二度受(2384102753) -> 荔枝军团
2023-09-19 19:24:19 V/Bot.2398493975: [獭獭不会交学费军团@(887156367)] hzc@獭獭軍団二度受(2384102753) -> 胡萝卜军团
2023-09-19 19:24:44 V/Bot.2398493975: [獭獭不会交学费军团@(887156367)] hzc@獭獭軍団二度受(2384102753) -> 番茄军团
2023-09-19 19:25:40 V/Bot.2398493975: [獭獭不会交学费军团@(887156367)] hzc@獭獭軍団二度受(2384102753) -> 学活去了
2023-09-19 19:26:21 V/Bot.2398493975: [獭獭不会交学费军团@(887156367)] 优雅猛牛(695150175) -> 学活去了
2023-09-19 19:26:29 V/Bot.2398493975: [SHT荔枝麻酱协会(493057481)] Giraffe(472247053) -> 先填上去算了
2023-09-19 19:27:21 V/Bot.2398493975: [獭獭不会交学费军团@(887156367)] タタ@私が終わらせてあげる(1609323331) -> 学活去了
2023-09-19 19:27:40 V/Bot.2398493975: [獭獭不会交学费军团@(887156367)] 萝卜@萝卜軍団(690875992) -> 学活去了
2023-09-19 19:27:43 V/Bot.2398493975: [獭獭不会交学费军团@(887156367)] タタ@私が終わらせてあげる(1609323331) -> [mirai:image:{548FE414-C487-7D7B-ACB3-46355B29114A}.png, width=4096, height=1891, size=2160518, type=JPG, isEmoji=false]
2023-09-19 19:30:31 V/Bot.2398493975: [獭獭不会交学费军团@(887156367)] lax@牛牛道心破碎军团(269418386) -> 麻将确定少了吗
2023-09-19 19:31:36 V/Bot.2398493975: [獭獭不会交学费军团@(887156367)] 优雅猛牛(695150175) -> 麻将确定少了吗
2023-09-19 19:32:19 V/Bot.2398493975: [獭獭不会交学费军团@(887156367)] 獭獭会交学费军团太子(1297471104) -> 獭獭再去check下捏
2023-09-19 19:32:23 V/Bot.2398493975: [獭獭不会交学费军团@(887156367)] 獭獭会交学费军团太子(1297471104) -> 我被拉去加班了（
2023-09-19 19:32:43 V/Bot.2398493975: [獭獭不会交学费军团@(887156367)] タタ@私が終わらせてあげる(1609323331) -> 先霸占206
2023-09-19 19:32:46 V/Bot.2398493975: [獭獭不会交学费军团@(887156367)] 獭獭会交学费军团太子(1297471104) -> 可以找一下还有一个箱子
2023-09-19 19:33:02 V/Bot.2398493975: [獭獭不会交学费军团@(887156367)] 獭獭会交学费军团太子(1297471104) -> 就是在手提箱还没到之前暂存的那个
2023-09-19 19:35:21 V/Bot.2398493975: [獭獭不会交学费军团@(887156367)] タタ@私が終わらせてあげる(1609323331) -> 闲棋益智
2023-09-19 19:35:23 V/Bot.2398493975: [獭獭不会交学费军团@(887156367)] タタ@私が終わらせてあげる(1609323331) -> 是
2023-09-19 19:35:25 V/Bot.2398493975: [獭獭不会交学费军团@(887156367)] タタ@私が終わらせてあげる(1609323331) -> 空的
2023-09-19 19:35:36 V/Bot.2398493975: [獭獭不会交学费军团@(887156367)] タタ@私が終わらせてあげる(1609323331) -> [mirai:image:{55D69903-E3B7-78F7-4C2A-99EBA7ACB47A}.png, width=4096, height=1891, size=2147355, type=JPG, isEmoji=false]
2023-09-19 19:35:37 V/Bot.2398493975: [獭獭不会交学费军团@(887156367)] タタ@私が終わらせてあげる(1609323331) -> 谁干的
2023-09-19 19:35:41 V/Bot.2398493975: [獭獭不会交学费军团@(887156367)] タタ@私が終わらせてあげる(1609323331) -> 这么整齐
2023-09-19 19:36:05 V/Bot.2398493975: [獭獭不会交学费军团@(887156367)] タタ@私が終わらせてあげる(1609323331) -> [mirai:image:{7DEE0404-6E00-6440-FC28-ED6B0A38E1CB}.png, width=1890, height=4096, size=2018985, type=JPG, isEmoji=false]
2023-09-19 19:36:12 V/Bot.2398493975: [獭獭不会交学费军团@(887156367)] タタ@私が終わらせてあげる(1609323331) -> 那只能是新人干的了
2023-09-19 19:36:15 V/Bot.2398493975: [獭獭不会交学费军团@(887156367)] タタ@私が終わらせてあげる(1609323331) -> [mirai:image:{15530C6E-2E2B-8726-AC46-20AE8098381B}.png, width=174, height=172, size=5372, type=JPG, isEmoji=true]
2023-09-19 19:36:59 V/Bot.2398493975: [獭獭不会交学费军团@(887156367)] タタ@私が終わらせてあげる(1609323331) -> 还是春和兰没了
2023-09-19 19:37:19 V/Bot.2398493975: [獭獭不会交学费军团@(887156367)] 獭獭会交学费军团太子(1297471104) -> 那只能是新人干的了
2023-09-19 19:37:21 V/Bot.2398493975: [獭獭不会交学费军团@(887156367)] 优雅猛牛(695150175) -> 少了两张？
2023-09-19 19:37:23 V/Bot.2398493975: [獭獭不会交学费军团@(887156367)] lax@牛牛道心破碎军团(269418386) -> [羊驼][羊驼]
2023-09-19 19:37:32 V/Bot.2398493975: [獭獭不会交学费军团@(887156367)] タタ@私が終わらせてあげる(1609323331) -> 上次就发现少两张了
2023-09-19 19:37:34 V/Bot.2398493975: [獭獭不会交学费军团@(887156367)] lax@牛牛道心破碎军团(269418386) -> 怎么办 要补吗
2023-09-19 19:37:35 V/Bot.2398493975: [獭獭不会交学费军团@(887156367)] タタ@私が終わらせてあげる(1609323331) -> [mirai:image:{7B4FAB6B-0BA8-0F4C-F8DC-B2AF31AB603E}.png, width=512, height=512, size=192357, type=GIF, isEmoji=true]
2023-09-19 19:37:42 V/Bot.2398493975: [獭獭不会交学费军团@(887156367)] 獭獭会交学费军团太子(1297471104) -> 其实无所谓
2023-09-19 19:37:48 V/Bot.2398493975: [獭獭不会交学费军团@(887156367)] 獭獭会交学费军团太子(1297471104) -> 日麻用不上
2023-09-19 19:37:51 V/Bot.2398493975: [SHT荔枝麻酱协会(493057481)] 卡农变奏(530079804) -> 就（卡农变奏）
2023-09-19 19:37:56 V/Bot.2398493975: [獭獭不会交学费军团@(887156367)] lax@牛牛道心破碎军团(269418386) -> 随你们
2023-09-19 19:37:58 V/Bot.2398493975: [獭獭不会交学费军团@(887156367)] 獭獭会交学费军团太子(1297471104) -> 也不会用这套牌打其他的
2023-09-19 19:38:44 V/Bot.2398493975: [獭獭不会交学费军团@(887156367)] タタ@私が終わらせてあげる(1609323331) -> 今天谁第一个来谁就打无赤麻将
2023-09-19 19:38:48 V/Bot.2398493975: [獭獭不会交学费军团@(887156367)] タタ@私が終わらせてあげる(1609323331) -> [mirai:image:{7031CDF6-A8A2-8F05-1A75-3E11FE2AF640}.png, width=200, height=167, size=67839, type=GIF, isEmoji=true]
2023-09-19 19:39:03 I/UnidbgFetchQsign: Bot(2398493975) request_token, submit success
2023-09-19 19:39:30 V/Bot.2398493975: [獭獭不会交学费军团@(887156367)] lax@牛牛道心破碎军团(269418386) -> 稍微留意一下 可能掉在哪个角落里
2023-09-19 19:39:44 V/Bot.2398493975: [獭獭不会交学费军团@(887156367)] タタ@私が終わらせてあげる(1609323331) -> [mirai:image:{A14EC83D-5CD6-FC96-9D4D-4133EDDD115C}.png, width=4096, height=1891, size=2011163, type=JPG, isEmoji=false]
2023-09-19 19:39:46 V/Bot.2398493975: [獭獭不会交学费军团@(887156367)] タタ@私が終わらせてあげる(1609323331) -> 这个箱子
2023-09-19 19:39:51 V/Bot.2398493975: [獭獭不会交学费军团@(887156367)] lax@牛牛道心破碎军团(269418386) -> [mirai:image:{219F0514-4ED2-B2FD-BCE7-82D6D5841460}.jpg, width=1080, height=2340, size=1551060, type=JPG, isEmoji=false]
2023-09-19 19:39:58 V/Bot.2398493975: [獭獭不会交学费军团@(887156367)] タタ@私が終わらせてあげる(1609323331) -> [mirai:image:{ED7FE2CC-C8AC-87D5-33A5-C950A0441D34}.png, width=4096, height=1891, size=2008077, type=JPG, isEmoji=false]
2023-09-19 19:40:10 V/Bot.2398493975: [獭獭不会交学费军团@(887156367)] タタ@私が終わらせてあげる(1609323331) -> 有这截嘛
2023-09-19 19:40:13 V/Bot.2398493975: [獭獭不会交学费军团@(887156367)] タタ@私が終わらせてあげる(1609323331) -> [mirai:image:{AF3F0834-CE1A-C9F1-3942-926C0C79FF9F}.png, width=150, height=150, size=5701, type=JPG, isEmoji=true]
2023-09-19 19:40:14 V/Bot.2398493975: [獭獭不会交学费军团@(887156367)] lax@牛牛道心破碎军团(269418386) -> 就这样 单边的
2023-09-19 19:40:22 V/Bot.2398493975: [獭獭不会交学费军团@(887156367)] タタ@私が終わらせてあげる(1609323331) -> 哦哦哦
2023-09-19 19:40:25 V/Bot.2398493975: [SHT荔枝麻酱协会(493057481)] 娜可露露yyds(994836613) -> [mirai:marketface:202657,[纳尼]]
2023-09-19 19:40:30 V/Bot.2398493975: [SHT荔枝麻酱协会(493057481)] 娜可露露yyds(994836613) -> 还能改吗
2023-09-19 19:45:44 V/Bot.2398493975: [獭獭不会交学费军团@(887156367)] タタ@私が終わらせてあげる(1609323331) -> [mirai:image:{F8761DBE-70E2-6175-3DBD-F64C3543735F}.png, width=1890, height=4096, size=2051117, type=JPG, isEmoji=false]
2023-09-19 19:45:48 V/Bot.2398493975: [獭獭不会交学费军团@(887156367)] タタ@私が終わらせてあげる(1609323331) -> 下面很空捏
2023-09-19 19:47:36 V/Bot.2398493975: [SHT荔枝麻酱协会(493057481)] Giraffe(472247053) -> 叫啥
2023-09-19 19:48:22 V/Bot.2398493975: [SHT荔枝麻酱协会(493057481)] Giraffe(472247053) -> [mirai:quote:[mirai:source:ids=[284617], internalIds=[1652043929], from 994836613 to 493057481 at 1695123630], content=<not yet initialized>][mirai:at:994836613] 
2023-09-19 19:49:14 V/Bot.2398493975: [SHT荔枝麻酱协会(493057481)] 娜可露露yyds(994836613) -> 板栗烤地瓜
2023-09-19 19:49:21 V/Bot.2398493975: [SHT荔枝麻酱协会(493057481)] 娜可露露yyds(994836613) -> [mirai:image:{BF267616-4269-4C8F-4E54-22CE052A3A30}.jpg, width=188, height=192, size=12067, type=JPG, isEmoji=true]
2023-09-19 19:49:56 V/Bot.2398493975: [SHT荔枝麻酱协会(493057481)] Giraffe(472247053) -> ok
2023-09-19 19:50:12 V/Bot.2398493975: [獭獭不会交学费军团@(887156367)] 哭哭Excel@被獭獭军团开除3次(472247053) -> 草 怎么还必需ai
2023-09-19 19:50:26 V/Bot.2398493975: [獭獭不会交学费军团@(887156367)] 哭哭Excel@被獭獭军团开除3次(472247053) -> cest我们有交ai么
2023-09-19 19:50:30 V/Bot.2398493975: [獭獭不会交学费军团@(887156367)] タタ@私が終わらせてあげる(1609323331) -> [mirai:image:{8BF34B10-19C1-4195-5866-6DDB73A903D8}.png, width=249, height=188, size=54265, type=GIF, isEmoji=true]
2023-09-19 19:50:36 V/Bot.2398493975: [獭獭不会交学费军团@(887156367)] タタ@私が終わらせてあげる(1609323331) -> 哦
2023-09-19 19:50:53 V/Bot.2398493975: [獭獭不会交学费军团@(887156367)] タタ@私が終わらせてあげる(1609323331) -> 把psd放进ai导出一下
2023-09-19 19:50:56 V/Bot.2398493975: [獭獭不会交学费军团@(887156367)] タタ@私が終わらせてあげる(1609323331) -> [mirai:image:{05919B55-D12E-11BD-7C76-D06FAD553D12}.png, width=370, height=296, size=100522, type=GIF, isEmoji=true]
2023-09-19 19:51:02 V/Bot.2398493975: [獭獭不会交学费军团@(887156367)] 獭獭会交学费军团太子(1297471104) -> 草
2023-09-19 19:51:12 V/Bot.2398493975: [獭獭不会交学费军团@(887156367)] 獭獭会交学费军团太子(1297471104) -> 我还以为必须要有个人工智能
2023-09-19 19:51:21 V/Bot.2398493975: [獭獭不会交学费军团@(887156367)] 獭獭会交学费军团太子(1297471104) -> 你在问有没有给🐍交钱
2023-09-19 19:51:34 V/Bot.2398493975: [獭獭不会交学费军团@(887156367)] タタ@私が終わらせてあげる(1609323331) -> 我一开始也以为必须要有个人工智能
2023-09-19 19:52:09 V/Bot.2398493975: [獭獭不会交学费军团@(887156367)] lax@牛牛道心破碎军团(269418386) -> ai是啥
2023-09-19 19:52:59 V/Bot.2398493975: [SHT荔枝麻酱协会(493057481)] Giraffe(472247053) -> 果然还是得要
2023-09-19 19:53:26 V/Bot.2398493975: [SHT荔枝麻酱协会(493057481)] Giraffe(472247053) -> 每名选手学生证旁放白纸手写选手昵称的照片（必需）
2023-09-19 19:55:15 V/Bot.2398493975: [SHT荔枝麻酱协会(493057481)] Giraffe(472247053) -> [mirai:at:994836613] [mirai:at:392595084] [mirai:at:530079804] [mirai:at:704937242] 
2023-09-19 19:55:25 V/Bot.2398493975: [獭獭不会交学费军团@(887156367)] 獭獭会交学费军团太子(1297471104) -> 队徽文件格式吧
2023-09-19 19:55:39 V/Bot.2398493975: [獭獭不会交学费军团@(887156367)] 獭獭会交学费军团太子(1297471104) -> [mirai:image:{6F937B72-29C6-36B8-91D4-4676BB7AD447}.jpg, width=864, height=1920, size=195691, type=JPG, isEmoji=false]
2023-09-19 19:55:41 V/Bot.2398493975: [SHT荔枝麻酱协会(493057481)] 卡农变奏(530079804) -> 呃
2023-09-19 19:56:51 V/Bot.2398493975: [SHT荔枝麻酱协会(493057481)] Giraffe(472247053) -> 不对 还有报名表
2023-09-19 19:57:03 V/Bot.2398493975: [test(389193066)] dd小助手(3459246674) -> 赤五教教主亮亮 正在直播 抽刀断水水更流，麻将消愁愁更愁
https://live.bilibili.com/23490978
2023-09-19 19:57:04 V/Bot.2398493975: [test(389193066)] dd小助手(3459246674) -> [mirai:image:{4209C5EF-88AE-8346-2B76-41C6A739D801}.jpg, width=704, height=396, size=95467, type=JPG, isEmoji=false]
2023-09-19 19:57:05 V/Bot.2398493975: [test(389193066)] dd小助手(3459246674) -> 已设置@全体成员但没有管理员权限,将尝试@指定成员,请需要接收单独@消息的群员使用"开播@我"命令进行订阅
2023-09-19 19:57:06 V/Bot.2398493975: [test(389193066)] dd小助手(3459246674) -> [mirai:at:2461942798] 
2023-09-19 19:57:24 V/Bot.2398493975: [SHT荔枝麻酱协会(493057481)] Giraffe(472247053) -> 姓名 性别 身份证 昵称 衣服尺码
2023-09-19 19:57:39 V/Bot.2398493975: [SHT荔枝麻酱协会(493057481)] Giraffe(472247053) -> 你们私我吧 或者我之后再一个个问
2023-09-19 19:57:41 V/Bot.2398493975: [獭獭不会交学费军团@(887156367)] 獭獭会交学费军团太子(1297471104) -> [mirai:image:{C45BE919-3CEC-C46F-615D-76B1F15405AF}.jpg, width=1920, height=864, size=198669, type=JPG, isEmoji=false]
2023-09-19 19:57:41 V/Bot.2398493975: [獭獭不会交学费军团@(887156367)] 獭獭会交学费军团太子(1297471104) -> 这下不得不抽爆了
2023-09-19 19:57:52 V/Bot.2398493975: [SHT荔枝麻酱协会(493057481)] naf2021(3469392519) -> 还能嫖衣服吗（x）
2023-09-19 19:57:54 V/Bot.2398493975: [SHT荔枝麻酱协会(493057481)] naf2021(3469392519) -> [mirai:image:{73F9903F-3B05-0B68-7D71-3E234418CBC0}.jpg, width=56, height=45, size=1040, type=JPG, isEmoji=true]
2023-09-19 19:57:55 V/Bot.2398493975: [SHT荔枝麻酱协会(493057481)] 淡情余描未わ(1297471104) -> ？有衣服
2023-09-19 19:57:59 V/Bot.2398493975: [SHT荔枝麻酱协会(493057481)] 淡情余描未わ(1297471104) -> 突然想报名了
2023-09-19 19:58:00 V/Bot.2398493975: [SHT荔枝麻酱协会(493057481)] Giraffe(472247053) -> 肯定有的捏
2023-09-19 19:58:15 V/Bot.2398493975: [SHT荔枝麻酱协会(493057481)] naf2021(3469392519) -> 突然想报了，不过只能周日去
2023-09-19 19:58:18 V/Bot.2398493975: [SHT荔枝麻酱协会(493057481)] naf2021(3469392519) -> [mirai:image:{18A02FDB-A558-4AF4-E0AB-07FF52015109}.jpg, width=74, height=71, size=2742, type=JPG, isEmoji=true]
2023-09-19 19:58:43 V/Bot.2398493975: [SHT荔枝麻酱协会(493057481)] naf2021(3469392519) -> 3-=1yw
2023-09-19 19:58:48 V/Bot.2398493975: [SHT荔枝麻酱协会(493057481)] Giraffe(472247053) -> [mirai:image:{4905A00F-A350-129E-EFCB-589083076E89}.jpg, width=864, height=1920, size=173447, type=JPG, isEmoji=false]
2023-09-19 19:58:50 V/Bot.2398493975: [SHT荔枝麻酱协会(493057481)] MEOW@獭獭bot(1609323331) -> [mirai:quote:[mirai:source:ids=[284629], internalIds=[1339519399], from 472247053 to 493057481 at 1695124659], content=<not yet initialized>][mirai:at:472247053] 替补来了
2023-09-19 19:59:04 V/Bot.2398493975: [SHT荔枝麻酱协会(493057481)] Giraffe(472247053) -> [mirai:image:{EE7C88BA-DAF0-6A2D-E286-3A059788806D}.jpg, width=370, height=292, size=77327, type=GIF, isEmoji=true]
2023-09-19 19:59:19 V/Bot.2398493975: [SHT荔枝麻酱协会(493057481)] Giraffe(472247053) -> 感觉报7个人亏了 得报满
2023-09-19 19:59:26 V/Bot.2398493975: [SHT荔枝麻酱协会(493057481)] Giraffe(472247053) -> 不然少一件衣服
2023-09-19 19:59:44 V/Bot.2398493975: [SHT荔枝麻酱协会(493057481)] MEOW@獭獭bot(1609323331) -> 放个小獭进去
2023-09-19 19:59:52 V/Bot.2398493975: [SHT荔枝麻酱协会(493057481)] MEOW@獭獭bot(1609323331) -> 獭诺西军团怎么能没有小獭
2023-09-19 19:59:54 V/Bot.2398493975: [SHT荔枝麻酱协会(493057481)] Giraffe(472247053) -> hlb被吃了
2023-09-19 20:00:02 V/Bot.2398493975: [SHT荔枝麻酱协会(493057481)] Giraffe(472247053) -> [mirai:image:{3B881801-08F0-F49A-FE7B-092020C2128B}.jpg, width=320, height=254, size=86347, type=GIF, isEmoji=true]
2023-09-19 20:00:04 V/Bot.2398493975: [SHT荔枝麻酱协会(493057481)] MEOW@獭獭bot(1609323331) -> hlb会闪亮登场
2023-09-19 20:00:08 V/Bot.2398493975: [SHT荔枝麻酱协会(493057481)] MEOW@獭獭bot(1609323331) -> [mirai:image:{7C659D43-DA9A-9B1E-6F64-D0CA83C3AF08}.png, width=308, height=218, size=88602, type=GIF, isEmoji=true]
2023-09-19 20:00:59 V/Bot.2398493975: [SHT荔枝麻酱协会(493057481)] 小红@獭獭军团(963423936) -> [mirai:image:{7C659D43-DA9A-9B1E-6F64-D0CA83C3AF08}.gif, width=308, height=218, size=88602, type=GIF, isEmoji=true]
2023-09-19 20:01:02 V/Bot.2398493975: [獭獭不会交学费军团@(887156367)] タタ@私が終わらせてあげる(1609323331) -> [mirai:at:472247053] 獭要报名
2023-09-19 20:01:14 V/Bot.2398493975: [獭獭不会交学费军团@(887156367)] 獭獭买锤子大臣@被獭獭军团开除(963423936) -> [mirai:image:{EE7C88BA-DAF0-6A2D-E286-3A059788806D}.gif, width=370, height=292, size=77327, type=GIF, isEmoji=true]
2023-09-19 20:02:47 V/Bot.2398493975: [SHT荔枝麻酱协会(493057481)] naf2021(3469392519) -> 3=1yw
2023-09-19 20:03:00 V/Bot.2398493975: [SHT荔枝麻酱协会(493057481)] 淡情余描未わ(1297471104) -> 下班了来
2023-09-19 20:03:26 V/Bot.2398493975: [SHT荔枝麻酱协会(493057481)] yyyouch(2461942798) -> 下班了来
2023-09-19 20:06:16 V/Bot.2398493975: [獭獭不会交学费军团@(887156367)] 哭哭Excel@被獭獭军团开除3次(472247053) -> [mirai:image:{C6D98AA9-4CE0-28B7-32EF-B076899EA836}.jpg, width=308, height=300, size=72185, type=GIF, isEmoji=true]
2023-09-19 20:06:54 V/Bot.2398493975: [獭獭不会交学费军团@(887156367)] 獭獭买锤子大臣@被獭獭军团开除(963423936) -> [mirai:image:{C6D98AA9-4CE0-28B7-32EF-B076899EA836}.gif, width=308, height=300, size=72185, type=GIF, isEmoji=true]
2023-09-19 20:10:13 V/Bot.2398493975: [SHT荔枝麻酱协会(493057481)] 牙牙(1105692313) -> 我来
2023-09-19 20:15:53 V/Bot.2398493975: [test(389193066)] 时雨(1609323331) -> ！查查我的
2023-09-19 20:15:54 V/Bot.2398493975: Group(389193066) <- 昵称：时雨
段位：5级
rate：1389.81
近期顺位：3421334343
更多数据请访问：http://shanghaitech-mahjong.top/userid/1609323331
2023-09-19 20:17:31 V/Bot.2398493975: [SHT荔枝麻酱协会(493057481)] hzc(2384102753) -> ！查查我的
2023-09-19 20:17:32 V/Bot.2398493975: Group(493057481) <- 昵称：hzc
段位：2级
rate：1448.08
近期顺位：1343222234
更多数据请访问：http://shanghaitech-mahjong.top/userid/2384102753
2023-09-19 20:17:54 V/Bot.2398493975: [SHT荔枝麻酱协会(493057481)] 殒落凡尘的星(2510816477) -> !jrrp
2023-09-19 20:17:56 V/Bot.2398493975: Group(493057481) <- 今日人品：吉
今日适宜役种：一杯口
(为防止刷屏，一日内不可多次查询哦！)
2023-09-19 20:18:07 V/Bot.2398493975: [SHT荔枝麻酱协会(493057481)] 宅哥(2832900934) -> !jrrp
2023-09-19 20:18:09 V/Bot.2398493975: Group(493057481) <- 今日人品：中吉
今日适宜役种：清一色
(为防止刷屏，一日内不可多次查询哦！)
2023-09-19 20:19:09 I/UnidbgFetchQsign: Bot(2398493975) request_token, submit success
2023-09-19 20:37:13 V/Bot.2398493975: [獭獭不会交学费军团@(887156367)] 獭獭买锤子大臣@被獭獭军团开除(963423936) -> [mirai:image:{8AC37330-38B4-6EDC-C13C-D26BA5B62FA6}.png, width=1169, height=2532, size=322339, type=JPG, isEmoji=false]
2023-09-19 20:40:59 V/Bot.2398493975: [獭獭不会交学费军团@(887156367)] 哭哭Excel@被獭獭军团开除3次(472247053) -> [mirai:image:{E5692D5C-0767-CC9C-0328-5EDC99788540}.jpg, width=286, height=258, size=97285, type=GIF, isEmoji=true]
2023-09-19 20:42:32 V/Bot.2398493975: [獭獭不会交学费军团@(887156367)] 獭獭买锤子大臣@被獭獭军团开除(963423936) -> [mirai:image:{6E83AEEA-B969-5524-D8FC-14FF5EA2E351}.gif, width=512, height=512, size=25416, type=GIF, isEmoji=true]
2023-09-19 20:42:36 V/Bot.2398493975: [獭獭不会交学费军团@(887156367)] 獭獭买锤子大臣@被獭獭军团开除(963423936) -> 黄瓜
2023-09-19 20:51:15 V/Bot.2398493975: [獭獭不会交学费军团@(887156367)] 獭獭会交学费军团太子(1297471104) -> [mirai:image:{FA3E4CE2-E93D-FB99-A74C-E38D8AF145C5}.jpg, width=1920, height=864, size=171558, type=JPG, isEmoji=false]
2023-09-19 20:51:15 V/Bot.2398493975: [獭獭不会交学费军团@(887156367)] 獭獭会交学费军团太子(1297471104) -> 啊？
2023-09-19 20:51:43 V/Bot.2398493975: [獭獭不会交学费军团@(887156367)] 獭獭买锤子大臣@被獭獭军团开除(963423936) -> [mirai:image:{ED21618C-F332-6ECE-B872-589082D2BE32}.gif, width=342, height=284, size=84688, type=GIF, isEmoji=true]
2023-09-19 20:53:26 V/Bot.2398493975: [獭獭不会交学费军团@(887156367)] Freeze_Kirin(768173212) -> [mirai:image:{ED21618C-F332-6ECE-B872-589082D2BE32}.gif, width=342, height=284, size=84688, type=GIF, isEmoji=true]
2023-09-19 20:59:10 I/UnidbgFetchQsign: Bot(2398493975) request_token, submit success
2023-09-19 21:00:26 V/Bot.2398493975: [獭獭不会交学费军团@(887156367)] 獭獭买锤子大臣@被獭獭军团开除(963423936) -> [mirai:app:{
  "config" : {
    "height" : 0,
    "forward" : 1,
    "ctime" : 1695128422,
    "width" : 0,
    "type" : "normal",
    "token" : "a11198c52cf03b0d451206ae36745df0",
    "autoSize" : 0
  },
  "prompt" : "[QQ小程序]【MyGO!!!!!】只会甩甩锅的乐队众人。",
  "app" : "com.tencent.miniapp_01",
  "ver" : "1.0.1.46",
  "appID" : "100951776",
  "view" : "view_8C8E89B49BE609866298ADDFF2DBABA4",
  "meta" : {
    "detail_1" : {
      "appid" : "1109937557",
      "preview" : "https:\/\/pic.ugcimg.cn\/37169200ce2f278308f80e057fbaa9eb\/jpg1",
      "shareTemplateData" : {

      },
      "gamePointsUrl" : "",
      "gamePoints" : "",
      "url" : "m.q.qq.com\/a\/s\/ae9d1bd1f14fa62d37281c60b7a59a70",
      "appType" : 0,
      "desc" : "【MyGO!!!!!】只会甩甩锅的乐队众人。",
      "title" : "哔哩哔哩",
      "scene" : 1036,
      "host" : {
        "uin" : 963423936,
        "nick" : "小红今天早饭了吗"
      },
      "icon" : "http:\/\/miniapp.gtimg.cn\/public\/appicon\/432b76be3a548fc128acaa6c1ec90131_200.jpg",
      "shareTemplateId" : "8C8E89B49BE609866298ADDFF2DBABA4",
      "qqdocurl" : "https:\/\/b23.tv\/lEqgVna",
      "showLittleTail" : ""
    }
  },
  "bthirdappforward" : true,
  "bthirdappforwardforbackendswitch" : true,
  "desc" : ""
}]
2023-09-19 21:20:20 V/Bot.2398493975: [獭獭不会交学费军团@(887156367)] 哭哭Excel@被獭獭军团开除3次(472247053) -> 所以名单怎么说
2023-09-19 21:20:38 V/Bot.2398493975: [獭獭不会交学费军团@(887156367)] 哭哭Excel@被獭獭军团开除3次(472247053) -> 上wy还是上hlb呢
2023-09-19 21:21:00 V/Bot.2398493975: [獭獭不会交学费军团@(887156367)] Freeze_Kirin(768173212) -> .rd2
2023-09-19 21:39:11 I/UnidbgFetchQsign: Bot(2398493975) request_token, submit success
2023-09-19 21:48:15 V/Bot.2398493975: [test(389193066)] dd小助手(3459246674) -> 赤五教教主亮亮 直播结束了
2023-09-19 21:48:26 V/Bot.2398493975: [test(389193066)] dd小助手(3459246674) -> [mirai:image:{4CFAD1D1-D6F3-B906-D580-00ECA105DE77}.png, width=1000, height=7694, size=932858, type=PNG, isEmoji=false]
2023-09-19 21:48:34 V/Bot.2398493975: [test(389193066)] dd小助手(3459246674) -> 检测到下播后短时间内重新开播,可能是由于主播网络波动引起,本次开播不再重复通知
2023-09-19 21:50:27 V/Bot.2398493975: [SHT荔枝麻酱协会(493057481)] 牙牙(1105692313) -> -1900
2023-09-19 21:50:29 V/Bot.2398493975: [SHT荔枝麻酱协会(493057481)] naf2021(3469392519) -> 33800
2023-09-19 21:51:27 V/Bot.2398493975: [SHT荔枝麻酱协会(493057481)] jt(981941098) -> 63900
2023-09-19 21:51:36 V/Bot.2398493975: [test(389193066)] yyyouch(2461942798) -> 怎么有提督
2023-09-19 22:19:17 I/UnidbgFetchQsign: Bot(2398493975) request_token, submit success
2023-09-19 22:27:35 V/Bot.2398493975: [SHT荔枝麻酱协会(493057481)] hzc(2384102753) -> 4200
2023-09-19 22:27:36 V/Bot.2398493975: Group(493057481) <- 记录成功：
jt: 63900
naf2021: 33800
hzc: 4200
牙牙: -1900
2023-09-19 22:36:29 V/Bot.2398493975: [SHT荔枝麻酱协会(493057481)] 淡情余描未わ(1297471104) -> 蜜每人减1元给我捏
2023-09-19 22:36:45 V/Bot.2398493975: [SHT荔枝麻酱协会(493057481)] 淡情余描未わ(1297471104) -> [mirai:image:{3353950D-B7CD-17B7-C92A-E7FBEABED244}.jpg, width=1080, height=1680, size=127923, type=JPG, isEmoji=false]
2023-09-19 22:46:21 V/Bot.2398493975: [SHT荔枝麻酱协会(493057481)] 冰水 麻将小怨妇(x(308217149) -> [mirai:image:{93D1D9B9-55C2-0DB1-B042-B25C8EE4B524}.jpg, width=2048, height=1067, size=150074, type=JPG, isEmoji=false]
2023-09-19 22:46:30 V/Bot.2398493975: [SHT荔枝麻酱协会(493057481)] 冰水 麻将小怨妇(x(308217149) -> 三倍满.jpg
2023-09-19 22:48:14 V/Bot.2398493975: [SHT荔枝麻酱协会(493057481)] 牙牙(1105692313) -> ！查查我的
2023-09-19 22:48:15 V/Bot.2398493975: Group(493057481) <- 昵称：牙牙
段位：5级
rate：1566.54
近期顺位：1411214
更多数据请访问：http://shanghaitech-mahjong.top/userid/1105692313
2023-09-19 22:50:49 V/Bot.2398493975: [SHT荔枝麻酱协会(493057481)] naf2021(3469392519) -> ！查查我的
2023-09-19 22:50:50 V/Bot.2398493975: Group(493057481) <- 昵称：naf2021
段位：3级
rate：1571.31
近期顺位：1441322222
更多数据请访问：http://shanghaitech-mahjong.top/userid/3469392519
2023-09-19 22:51:02 V/Bot.2398493975: [SHT荔枝麻酱协会(493057481)] naf2021(3469392519) -> 好2啊
2023-09-19 22:51:05 V/Bot.2398493975: [SHT荔枝麻酱协会(493057481)] naf2021(3469392519) -> [mirai:image:{B5CCD855-A8DA-3A4B-D19E-D7596F5EB37C}.jpg, width=198, height=198, size=4817, type=JPG, isEmoji=true]
2023-09-19 22:55:13 V/Bot.2398493975: [SHT荔枝麻酱协会(493057481)] 淡情余描未わ(1297471104) -> 1000
2023-09-19 22:55:23 V/Bot.2398493975: [獭獭不会交学费军团@(887156367)] 獭獭会交学费军团太子(1297471104) -> 我给你个建议
2023-09-19 22:55:28 V/Bot.2398493975: [獭獭不会交学费军团@(887156367)] 獭獭会交学费军团太子(1297471104) -> 来免除你的犹豫
2023-09-19 22:55:29 V/Bot.2398493975: [獭獭不会交学费军团@(887156367)] 獭獭会交学费军团太子(1297471104) -> 上我
2023-09-19 22:55:44 V/Bot.2398493975: [SHT荔枝麻酱协会(493057481)] 冰水 麻将小怨妇(x(308217149) -> 32600
2023-09-19 22:55:44 V/Bot.2398493975: [獭獭不会交学费军团@(887156367)] Freeze_Kirin(768173212) -> kirin要上lrq
2023-09-19 22:56:01 V/Bot.2398493975: [獭獭不会交学费军团@(887156367)] 獭獭会交学费军团太子(1297471104) -> [mirai:image:{50A02CAD-D1AB-30AF-B65F-2FB65E43767B}.jpg, width=1050, height=1364, size=130016, type=JPG, isEmoji=true]
2023-09-19 22:56:28 V/Bot.2398493975: [test(389193066)] 时雨(1609323331) -> 43700
2023-09-19 22:56:33 V/Bot.2398493975: [SHT荔枝麻酱协会(493057481)] 卡农变奏(530079804) -> 22700
2023-09-19 22:56:34 V/Bot.2398493975: Group(493057481) <- 记录成功：
时雨: 43700
冰水 麻将小怨妇(x: 32600
卡农变奏: 22700
淡情余描未わ: 1000
2023-09-19 22:57:28 V/Bot.2398493975: [獭獭不会交学费军团@(887156367)] 哭哭Excel@被獭獭军团开除3次(472247053) -> 正常就上wy捏
2023-09-19 22:58:03 V/Bot.2398493975: [獭獭不会交学费军团@(887156367)] 哭哭Excel@被獭獭军团开除3次(472247053) -> hlb有啥可上的
2023-09-19 22:58:11 V/Bot.2398493975: [獭獭不会交学费军团@(887156367)] 獭獭会交学费军团太子(1297471104) -> hlb有啥可上的
2023-09-19 22:58:19 V/Bot.2398493975: [獭獭不会交学费军团@(887156367)] Freeze_Kirin(768173212) -> hlb有啥课上的
2023-09-19 22:59:17 I/UnidbgFetchQsign: Bot(2398493975) request_token, submit success
2023-09-19 23:03:26 V/Bot.2398493975: [SHT荔枝麻酱协会(493057481)] 冰水 麻将小怨妇(x(308217149) -> ！查查我的
2023-09-19 23:03:28 V/Bot.2398493975: Group(493057481) <- 昵称：冰水 麻将小怨妇(x
段位：新人
rate：1539.39
近期顺位：12
更多数据请访问：http://shanghaitech-mahjong.top/userid/308217149
2023-09-19 23:26:25 V/Bot.2398493975: [獭獭不会交学费军团@(887156367)] タタ@私が終わらせてあげる(1609323331) -> [mirai:image:{1D941FF3-006F-86A6-FD4F-12027B527696}.png, width=112, height=86, size=35949, type=GIF, isEmoji=true]
2023-09-19 23:26:25 V/Bot.2398493975: [獭獭不会交学费军团@(887156367)] タタ@私が終わらせてあげる(1609323331) -> 这个是过关了嘛[mirai:image:{39E6833B-321D-E823-6F8C-3F1CABB7D47E}.png, width=1125, height=2436, size=236594, type=JPG, isEmoji=false]
2023-09-19 23:39:18 I/UnidbgFetchQsign: Bot(2398493975) request_token, submit success
2023-09-19 23:44:44 V/Bot.2398493975: [獭獭不会交学费军团@(887156367)] タタ@私が終わらせてあげる(1609323331) -> [mirai:image:{C5ECE8D9-6EE0-3827-7D32-A011D525A9C3}.png, width=1890, height=4096, size=1939035, type=JPG, isEmoji=false]
2023-09-19 23:53:38 V/Bot.2398493975: [獭獭不会交学费军团@(887156367)] 獭獭买锤子大臣@被獭獭军团开除(963423936) -> [mirai:image:{FB9C65FB-5685-1B12-1B13-836B38246164}.png, width=292, height=205, size=61102, type=GIF, isEmoji=true]
2023-09-19 23:54:45 V/Bot.2398493975: [獭獭不会交学费军团@(887156367)] タタ@私が終わらせてあげる(1609323331) -> [mirai:image:{F57CE224-36A2-B4DD-F5CD-F181BB9E81C0}.png, width=1890, height=4096, size=1862945, type=JPG, isEmoji=false]
2023-09-19 23:55:20 V/Bot.2398493975: [獭獭不会交学费军团@(887156367)] Freeze_Kirin(768173212) -> [mirai:image:{A3C56810-0293-8086-658D-531E0E0B1790}.gif, width=512, height=512, size=129498, type=GIF, isEmoji=false]
2023-09-19 23:55:27 V/Bot.2398493975: [獭獭不会交学费军团@(887156367)] 萝卜@萝卜軍団(690875992) -> 双獭你呀
