2023-09-11 00:05:56 I/UnidbgFetchQsign: Bot(2398493975) request_token, submit success
2023-09-11 00:45:57 I/UnidbgFetchQsign: Bot(2398493975) request_token, submit success
2023-09-11 00:48:12 V/Bot.2398493975: [SHT荔枝麻酱协会(493057481)] 牙牙(1105692313) -> ！jrrp
2023-09-11 00:48:13 V/Bot.2398493975: Group(493057481) <- 今日人品：吉
今日适宜役种：对对和
(为防止刷屏，一日内不可多次查询哦！)
2023-09-11 00:50:20 V/Bot.2398493975: [SHT荔枝麻酱协会(493057481)] naf2021(3469392519) -> ！jrrp
2023-09-11 00:50:21 V/Bot.2398493975: Group(493057481) <- 今日人品：小吉
今日适宜役种：断幺九
(为防止刷屏，一日内不可多次查询哦！)
2023-09-11 01:25:58 I/UnidbgFetchQsign: Bot(2398493975) request_token, submit success
2023-09-11 02:06:04 I/UnidbgFetchQsign: Bot(2398493975) request_token, submit success
2023-09-11 02:46:04 I/UnidbgFetchQsign: Bot(2398493975) request_token, submit success
2023-09-11 03:26:05 I/UnidbgFetchQsign: Bot(2398493975) request_token, submit success
2023-09-11 04:06:11 I/UnidbgFetchQsign: Bot(2398493975) request_token, submit success
2023-09-11 04:46:12 I/UnidbgFetchQsign: Bot(2398493975) request_token, submit success
2023-09-11 05:26:13 I/UnidbgFetchQsign: Bot(2398493975) request_token, submit success
2023-09-11 06:06:19 I/UnidbgFetchQsign: Bot(2398493975) request_token, submit success
2023-09-11 06:46:19 I/UnidbgFetchQsign: Bot(2398493975) request_token, submit success
2023-09-11 07:26:20 I/UnidbgFetchQsign: Bot(2398493975) request_token, submit success
2023-09-11 08:06:26 I/UnidbgFetchQsign: Bot(2398493975) request_token, submit success
2023-09-11 08:46:27 I/UnidbgFetchQsign: Bot(2398493975) request_token, submit success
2023-09-11 09:26:28 I/UnidbgFetchQsign: Bot(2398493975) request_token, submit success
2023-09-11 10:05:45 V/Bot.2398493975: [獭獭不会交学费军团@(887156367)] 獭獭买锤子大臣@被獭獭军团开除(963423936) -> [不支持的消息#1766389308][mirai:image:{FB9C65FB-5685-1B12-1B13-836B38246164}.jpg, width=292, height=205, size=61102, type=GIF, isEmoji=true]
2023-09-11 10:05:55 V/Bot.2398493975: [獭獭不会交学费军团@(887156367)] 獭獭买锤子大臣@被獭獭军团开除(963423936) -> 马上写完周报了 今天想下班了
2023-09-11 10:06:07 V/Bot.2398493975: [獭獭不会交学费军团@(887156367)] 獭獭买锤子大臣@被獭獭军团开除(963423936) -> 但是老板根本不管我 感觉已经被放弃了
2023-09-11 10:06:28 V/Bot.2398493975: [獭獭不会交学费军团@(887156367)] 萝卜@萝卜軍団(690875992) -> 老板不想管你可能是因为你年前
2023-09-11 10:06:30 V/Bot.2398493975: [獭獭不会交学费军团@(887156367)] 萝卜@萝卜軍団(690875992) -> 年轻
2023-09-11 10:06:34 I/UnidbgFetchQsign: Bot(2398493975) request_token, submit success
2023-09-11 10:09:35 V/Bot.2398493975: [獭獭不会交学费军团@(887156367)] 獭獭买锤子大臣@被獭獭军团开除(963423936) -> 别搞
2023-09-11 10:09:38 V/Bot.2398493975: [獭獭不会交学费军团@(887156367)] 獭獭买锤子大臣@被獭獭军团开除(963423936) -> 都研二了
2023-09-11 10:09:45 V/Bot.2398493975: [獭獭不会交学费军团@(887156367)] 獭獭买锤子大臣@被獭獭军团开除(963423936) -> 再摆就寄了
2023-09-11 10:46:34 I/UnidbgFetchQsign: Bot(2398493975) request_token, submit success
2023-09-11 10:48:33 V/Bot.2398493975: [獭獭不会交学费军团@(887156367)] 萝卜@萝卜軍団(690875992) -> 我们组研一下或者研二上人均论文
2023-09-11 10:48:40 V/Bot.2398493975: [獭獭不会交学费军团@(887156367)] 萝卜@萝卜軍団(690875992) -> 一篇
2023-09-11 10:48:55 V/Bot.2398493975: [獭獭不会交学费军团@(887156367)] 萝卜@萝卜軍団(690875992) -> 我博二开学了 第二篇还没投出去 我急了
2023-09-11 10:53:11 V/Bot.2398493975: [獭獭不会交学费军团@(887156367)] 萝卜@萝卜軍団(690875992) -> 虽然这一篇基本就吃师兄吃剩下的
2023-09-11 10:53:14 V/Bot.2398493975: [獭獭不会交学费军团@(887156367)] 萝卜@萝卜軍団(690875992) -> 就还蛮轻松的
2023-09-11 10:53:32 V/Bot.2398493975: [獭獭不会交学费军团@(887156367)] 萝卜@萝卜軍団(690875992) -> 他们新入生不用像我们这种苦逼啃一个新方向
2023-09-11 11:06:18 V/Bot.2398493975: [獭獭不会交学费军团@(887156367)] lax@牛牛道心破碎军团(269418386) -> [mirai:image:{9BE890A1-4CEA-5BF2-6D2E-30D875B28CF0}.jpg, width=1280, height=1282, size=317547, type=JPG, isEmoji=false]
2023-09-11 11:16:27 V/Bot.2398493975: [獭獭不会交学费军团@(887156367)] 獭獭买锤子大臣@被獭獭军团开除(963423936) -> [mirai:quote:[mirai:source:ids=[69284], internalIds=[-905069367], from 690875992 to 887156367 at 1694400812], content=<not yet initialized>][mirai:at:690875992] 我他妈就是一直在苦逼啃新方法
2023-09-11 11:16:50 V/Bot.2398493975: [獭獭不会交学费军团@(887156367)] 獭獭买锤子大臣@被獭獭军团开除(963423936) -> 研一和另一个同学一起搞了一年新方向
2023-09-11 11:16:53 V/Bot.2398493975: [獭獭不会交学费军团@(887156367)] 獭獭买锤子大臣@被獭獭军团开除(963423936) -> 根本做不出来
2023-09-11 11:16:58 V/Bot.2398493975: [獭獭不会交学费军团@(887156367)] lax@牛牛道心破碎军团(269418386) -> 辛苦你一代 幸福下一代
2023-09-11 11:17:22 V/Bot.2398493975: [獭獭不会交学费军团@(887156367)] 獭獭买锤子大臣@被獭獭军团开除(963423936) -> 我也想跟师兄老老实实做课题
2023-09-11 11:17:25 V/Bot.2398493975: [獭獭不会交学费军团@(887156367)] 獭獭买锤子大臣@被獭獭军团开除(963423936) -> 混文章
2023-09-11 11:18:08 V/Bot.2398493975: [獭獭不会交学费军团@(887156367)] lax@牛牛道心破碎军团(269418386) -> 我进去也是新方向 不过这个方向不难 而且只是课题组没人 别的地方也是有人的
2023-09-11 11:18:26 V/Bot.2398493975: [獭獭不会交学费军团@(887156367)] lax@牛牛道心破碎军团(269418386) -> 但是也就意味着没人带
2023-09-11 11:18:37 V/Bot.2398493975: [獭獭不会交学费军团@(887156367)] 獭獭买锤子大臣@被獭獭军团开除(963423936) -> [不支持的消息#-673801307][mirai:image:{FB9C65FB-5685-1B12-1B13-836B38246164}.jpg, width=292, height=205, size=61102, type=GIF, isEmoji=true]
2023-09-11 11:18:43 V/Bot.2398493975: [獭獭不会交学费军团@(887156367)] 獭獭买锤子大臣@被獭獭军团开除(963423936) -> 上午写完周报了
2023-09-11 11:18:46 V/Bot.2398493975: [獭獭不会交学费军团@(887156367)] 獭獭买锤子大臣@被獭獭军团开除(963423936) -> 上周的
2023-09-11 11:18:49 V/Bot.2398493975: [獭獭不会交学费军团@(887156367)] 獭獭买锤子大臣@被獭獭军团开除(963423936) -> 今天可以摆烂了
2023-09-11 11:19:44 V/Bot.2398493975: [獭獭不会交学费军团@(887156367)] lax@牛牛道心破碎军团(269418386) -> 周一摆烂
2023-09-11 11:20:30 V/Bot.2398493975: [獭獭不会交学费军团@(887156367)] 优雅猛牛(695150175) -> 周一摆烂
2023-09-11 11:21:30 V/Bot.2398493975: [獭獭不会交学费军团@(887156367)] 萝卜@萝卜軍団(690875992) -> 主要是连可以参考的文章 可行性有没有都不知道
2023-09-11 11:21:32 V/Bot.2398493975: [獭獭不会交学费军团@(887156367)] lax@牛牛道心破碎军团(269418386) -> 我已经摆烂一个月了 一个月毫无产出
2023-09-11 11:21:32 V/Bot.2398493975: [獭獭不会交学费军团@(887156367)] 萝卜@萝卜軍団(690875992) -> 挺痛苦的
2023-09-11 11:21:49 V/Bot.2398493975: [獭獭不会交学费军团@(887156367)] 萝卜@萝卜軍団(690875992) -> 然后测量的仪器设备也搞了我很久
2023-09-11 11:21:57 V/Bot.2398493975: [獭獭不会交学费军团@(887156367)] 獭獭买锤子大臣@被獭獭军团开除(963423936) -> [mirai:quote:[mirai:source:ids=[69300], internalIds=[1586770144], from 690875992 to 887156367 at 1694402490], content=<not yet initialized>][mirai:at:690875992] 我连能参考的文章都没有
2023-09-11 11:22:11 V/Bot.2398493975: [獭獭不会交学费军团@(887156367)] 獭獭买锤子大臣@被獭獭军团开除(963423936) -> 老板让我把一个经济学研究内容强行套皮机制设计
2023-09-11 11:22:16 V/Bot.2398493975: [獭獭不会交学费军团@(887156367)] 萝卜@萝卜軍団(690875992) -> 我的建议是找
2023-09-11 11:22:19 V/Bot.2398493975: [獭獭不会交学费军团@(887156367)] 獭獭买锤子大臣@被獭獭军团开除(963423936) -> 然后我们几个人整了大半年
2023-09-11 11:22:22 V/Bot.2398493975: [獭獭不会交学费军团@(887156367)] 獭獭买锤子大臣@被獭獭军团开除(963423936) -> 根本没法套
2023-09-11 11:22:25 V/Bot.2398493975: [獭獭不会交学费军团@(887156367)] 萝卜@萝卜軍団(690875992) -> 肯定能找到对你有用的
2023-09-11 11:22:36 V/Bot.2398493975: [獭獭不会交学费军团@(887156367)] 獭獭买锤子大臣@被獭獭军团开除(963423936) -> 有几把用，都看了三十篇了
2023-09-11 11:22:43 V/Bot.2398493975: [獭獭不会交学费军团@(887156367)] 獭獭买锤子大臣@被獭獭军团开除(963423936) -> 都是灌水文章
2023-09-11 11:22:46 V/Bot.2398493975: [獭獭不会交学费军团@(887156367)] 萝卜@萝卜軍団(690875992) -> 什么三十篇
2023-09-11 11:22:58 V/Bot.2398493975: [獭獭不会交学费军团@(887156367)] 萝卜@萝卜軍団(690875992) -> 看三百篇都不一定够
2023-09-11 11:22:59 V/Bot.2398493975: [獭獭不会交学费军团@(887156367)] 獭獭买锤子大臣@被獭獭军团开除(963423936) -> 弄个吊模型模拟一下就水个经济学journal
2023-09-11 11:23:10 V/Bot.2398493975: [獭獭不会交学费军团@(887156367)] 獭獭买锤子大臣@被獭獭军团开除(963423936) -> 没三百篇给你看
2023-09-11 11:23:20 V/Bot.2398493975: [獭獭不会交学费军团@(887156367)] 獭獭买锤子大臣@被獭獭军团开除(963423936) -> 你以为我这个领域像你们一样很大嘛
2023-09-11 11:23:28 V/Bot.2398493975: [獭獭不会交学费军团@(887156367)] 獭獭买锤子大臣@被獭獭军团开除(963423936) -> 我们这领域又小又折磨
2023-09-11 11:23:28 V/Bot.2398493975: [獭獭不会交学费军团@(887156367)] 萝卜@萝卜軍団(690875992) -> 你可以把这个journal
2023-09-11 11:23:34 V/Bot.2398493975: [獭獭不会交学费军团@(887156367)] 萝卜@萝卜軍団(690875992) -> 的文章全看了
2023-09-11 11:23:35 V/Bot.2398493975: [獭獭不会交学费军团@(887156367)] 萝卜@萝卜軍団(690875992) -> 就可以
2023-09-11 11:23:36 V/Bot.2398493975: [獭獭不会交学费军团@(887156367)] 萝卜@萝卜軍団(690875992) -> 了
2023-09-11 11:23:49 V/Bot.2398493975: [獭獭不会交学费军团@(887156367)] 獭獭买锤子大臣@被獭獭军团开除(963423936) -> 大哥 那是微观经济学journal
2023-09-11 11:23:50 V/Bot.2398493975: [獭獭不会交学费军团@(887156367)] lax@牛牛道心破碎军团(269418386) -> 你们能不能发不是你们领域的文章
2023-09-11 11:24:00 V/Bot.2398493975: [獭獭不会交学费军团@(887156367)] 獭獭买锤子大臣@被獭獭军团开除(963423936) -> 又不是全都做那个范围的
2023-09-11 11:24:00 V/Bot.2398493975: [獭獭不会交学费军团@(887156367)] lax@牛牛道心破碎军团(269418386) -> 是不是只要有文章就可以毕业
2023-09-11 11:24:02 V/Bot.2398493975: [獭獭不会交学费军团@(887156367)] 獭獭买锤子大臣@被獭獭军团开除(963423936) -> 你哪看的完
2023-09-11 11:24:06 V/Bot.2398493975: [獭獭不会交学费军团@(887156367)] 獭獭买锤子大臣@被獭獭军团开除(963423936) -> 不是
2023-09-11 11:24:08 V/Bot.2398493975: [獭獭不会交学费军团@(887156367)] 萝卜@萝卜軍団(690875992) -> 有关键词的
2023-09-11 11:24:12 V/Bot.2398493975: [SHT荔枝麻酱协会(493057481)] ライちゃん(392595084) -> ！jrrp
2023-09-11 11:24:13 V/Bot.2398493975: Group(493057481) <- 今日人品：凶
今日适宜役种：断幺九
(为防止刷屏，一日内不可多次查询哦！)
2023-09-11 11:24:21 V/Bot.2398493975: [獭獭不会交学费军团@(887156367)] 萝卜@萝卜軍団(690875992) -> 你不要细分的领域
2023-09-11 11:24:22 V/Bot.2398493975: [獭獭不会交学费军团@(887156367)] 獭獭买锤子大臣@被獭獭军团开除(963423936) -> 我们要发cs的刊或者会议
2023-09-11 11:24:29 V/Bot.2398493975: [獭獭不会交学费军团@(887156367)] 萝卜@萝卜軍団(690875992) -> 往上一个level的关键词
2023-09-11 11:24:33 V/Bot.2398493975: [獭獭不会交学费军团@(887156367)] 獭獭买锤子大臣@被獭獭军团开除(963423936) -> 问题就是关键词和我要做的东西
2023-09-11 11:24:34 V/Bot.2398493975: [獭獭不会交学费军团@(887156367)] 獭獭买锤子大臣@被獭獭军团开除(963423936) -> 他不一样
2023-09-11 11:24:35 V/Bot.2398493975: [獭獭不会交学费军团@(887156367)] 萝卜@萝卜軍団(690875992) -> 这个刊所有有这个关键词的
2023-09-11 11:24:38 V/Bot.2398493975: [獭獭不会交学费军团@(887156367)] 萝卜@萝卜軍団(690875992) -> 都看一遍
2023-09-11 11:24:40 V/Bot.2398493975: [獭獭不会交学费军团@(887156367)] 獭獭买锤子大臣@被獭獭军团开除(963423936) -> 哎算了解释不清楚
2023-09-11 11:24:44 V/Bot.2398493975: [獭獭不会交学费军团@(887156367)] 萝卜@萝卜軍団(690875992) -> 看30篇不一定够
2023-09-11 11:24:50 V/Bot.2398493975: [獭獭不会交学费军团@(887156367)] 萝卜@萝卜軍団(690875992) -> 真的
2023-09-11 11:25:00 V/Bot.2398493975: [獭獭不会交学费军团@(887156367)] 獭獭买锤子大臣@被獭獭军团开除(963423936) -> 又不是只看了30篇。。
2023-09-11 11:25:04 V/Bot.2398493975: [獭獭不会交学费军团@(887156367)] 萝卜@萝卜軍団(690875992) -> 你以为你看完了 实际上远远不止的
2023-09-11 11:25:10 V/Bot.2398493975: [獭獭不会交学费军团@(887156367)] 獭獭买锤子大臣@被獭獭军团开除(963423936) -> 我说的是那个傻逼碳中和看了30篇
2023-09-11 11:25:18 V/Bot.2398493975: [獭獭不会交学费军团@(887156367)] 萝卜@萝卜軍団(690875992) -> 有些人写文章 他很内啥的
2023-09-11 11:25:21 V/Bot.2398493975: [獭獭不会交学费军团@(887156367)] 獭獭买锤子大臣@被獭獭军团开除(963423936) -> 天天看AGT怎么可能才30篇
2023-09-11 11:25:23 V/Bot.2398493975: [獭獭不会交学费军团@(887156367)] 萝卜@萝卜軍団(690875992) -> 就是关键词和文章内容不符
2023-09-11 11:25:59 V/Bot.2398493975: [獭獭不会交学费军团@(887156367)] 萝卜@萝卜軍団(690875992) -> 得看上一级的关键词自己肉眼筛
2023-09-11 11:26:35 I/UnidbgFetchQsign: Bot(2398493975) request_token, submit success
2023-09-11 11:26:42 V/Bot.2398493975: [獭獭不会交学费军团@(887156367)] 萝卜@萝卜軍団(690875992) -> 我差不多筛了5,6个刊 肉眼筛了几百篇 筛到了3篇和我直接相关强的
2023-09-11 11:27:07 V/Bot.2398493975: [獭獭不会交学费军团@(887156367)] 萝卜@萝卜軍団(690875992) -> 能给一点点hint都谢天谢地了的那种
2023-09-11 11:32:27 V/Bot.2398493975: [SHT荔枝麻酱协会(493057481)] 牙牙(1105692313) -> ！jrrp
2023-09-11 11:32:28 V/Bot.2398493975: Group(493057481) <- 今日人品：大吉
今日适宜役种：大三元
(为防止刷屏，一日内不可多次查询哦！)
2023-09-11 11:32:45 V/Bot.2398493975: [SHT荔枝麻酱协会(493057481)] N！T！R！！！(269418386) -> 这个bot不太智能的样子 有时候凶就叫你别打了 大凶反而叫你打
2023-09-11 11:36:24 V/Bot.2398493975: [SHT荔枝麻酱协会(493057481)] 隔壁老王(297234073) -> 这个bot不太智能的样子 有时候凶就叫你别打了 大凶反而叫你打
2023-09-11 11:36:42 V/Bot.2398493975: [SHT荔枝麻酱协会(493057481)] 隔壁老王(297234073) -> [mirai:quote:[mirai:source:ids=[283530], internalIds=[1828935947], from 269418386 to 493057481 at 1694403165], content=<not yet initialized>]爱要越挫越勇[mirai:at:269418386] 
2023-09-11 11:39:51 V/Bot.2398493975: [SHT荔枝麻酱协会(493057481)] N！T！R！！！(269418386) -> [mirai:image:{AA028C43-1F63-7E26-AFC6-165CF7DF4B0B}.jpg, width=300, height=300, size=17410, type=JPG, isEmoji=true]
2023-09-11 11:45:54 V/Bot.2398493975: [獭獭不会交学费军团@(887156367)] 萝卜@萝卜軍団(690875992) -> [mirai:image:{C9F6FC12-7F7D-2612-FD14-EE9D07191D1A}.jpg, width=960, height=1280, size=132158, type=JPG, isEmoji=false]
2023-09-11 11:46:00 V/Bot.2398493975: [獭獭不会交学费军团@(887156367)] 萝卜@萝卜軍団(690875992) -> 这个猪肘人有一点多
2023-09-11 12:06:41 I/UnidbgFetchQsign: Bot(2398493975) request_token, submit success
2023-09-11 12:11:13 V/Bot.2398493975: [獭獭不会交学费军团@(887156367)] 萝卜@萝卜軍団(690875992) -> [mirai:image:{92DDA651-266A-3D8C-0658-7F7A5F692EB3}.jpg, width=960, height=1280, size=106636, type=JPG, isEmoji=false]
2023-09-11 12:20:46 V/Bot.2398493975: [SHT荔枝麻酱协会(493057481)] 殒落凡尘的星(2510816477) -> ！jrrp
2023-09-11 12:20:47 V/Bot.2398493975: Group(493057481) <- 今日人品：吉
今日适宜役种：役牌
(为防止刷屏，一日内不可多次查询哦！)
2023-09-11 12:21:14 V/Bot.2398493975: [獭獭不会交学费军团@(887156367)] lax@牛牛道心破碎军团(269418386) -> [mirai:image:{EA5871B9-5812-E595-2C9E-BB094FF39B4C}.jpg, width=887, height=1920, size=190778, type=JPG, isEmoji=false]
2023-09-11 12:22:50 V/Bot.2398493975: [獭獭不会交学费军团@(887156367)] 萝卜@萝卜軍団(690875992) -> 你这大哥哥是男的吗
2023-09-11 12:23:59 V/Bot.2398493975: [獭獭不会交学费军团@(887156367)] lax@牛牛道心破碎军团(269418386) -> [mirai:image:{145CCA72-27C5-D077-29A6-91776483CA40}.jpg, width=580, height=357, size=7938, type=JPG, isEmoji=true]
2023-09-11 12:25:33 V/Bot.2398493975: [獭獭不会交学费军团@(887156367)] 獭獭买锤子大臣@被獭獭军团开除(963423936) -> [mirai:image:{814543A3-80C4-2F98-8DDD-CBABB5724AB3}.png, width=268, height=208, size=28226, type=GIF, isEmoji=true]
2023-09-11 12:31:13 V/Bot.2398493975: [SHT荔枝麻酱协会(493057481)] 1st(576851388) -> ！jrrp
2023-09-11 12:31:14 V/Bot.2398493975: Group(493057481) <- 今日人品：中吉
今日适宜役种：九莲宝灯
(为防止刷屏，一日内不可多次查询哦！)
2023-09-11 12:38:07 V/Bot.2398493975: [SHT荔枝麻酱协会(493057481)] ライちゃん(392595084) -> 中吉就是九莲宝灯了
2023-09-11 12:38:14 V/Bot.2398493975: [SHT荔枝麻酱协会(493057481)] ライちゃん(392595084) -> 大吉是什么我都不敢想
2023-09-11 12:39:34 V/Bot.2398493975: [SHT荔枝麻酱协会(493057481)] 幼月(2146432637) -> ！jrrp
2023-09-11 12:39:35 V/Bot.2398493975: Group(493057481) <- 今日人品：吉
今日适宜役种：混全带幺九
(为防止刷屏，一日内不可多次查询哦！)
2023-09-11 12:43:14 V/Bot.2398493975: [SHT荔枝麻酱协会(493057481)] 700·400(928632210) -> ！jrrp
2023-09-11 12:43:15 V/Bot.2398493975: Group(493057481) <- 今日人品：吉
今日适宜役种：七对子
(为防止刷屏，一日内不可多次查询哦！)
2023-09-11 12:46:42 I/UnidbgFetchQsign: Bot(2398493975) request_token, submit success
2023-09-11 12:59:27 V/Bot.2398493975: [獭獭不会交学费军团@(887156367)] lax@牛牛道心破碎军团(269418386) -> 麻将社什么时候出雌小鬼海报[mirai:at:308217149]
2023-09-11 12:59:54 V/Bot.2398493975: [SHT荔枝麻酱协会(493057481)] N！T！R！！！(269418386) -> 大吉买彩票 别打麻将了
2023-09-11 12:59:58 V/Bot.2398493975: [獭獭不会交学费军团@(887156367)] 冰水@不会反身跳军团(308217149) -> ？
2023-09-11 13:00:00 V/Bot.2398493975: [獭獭不会交学费军团@(887156367)] 冰水@不会反身跳军团(308217149) -> 你要出门
2023-09-11 13:00:02 V/Bot.2398493975: Event: GroupRecall(bot=Bot(2398493975), authorId=308217149, messageIds=[69357], messageInternalIds=[254742366], messageTime=1694408400, operator=NormalMember(308217149), group=Group(887156367), author=NormalMember(308217149))
2023-09-11 13:00:05 V/Bot.2398493975: [獭獭不会交学费军团@(887156367)] 冰水@不会反身跳军团(308217149) -> 你要出吗
2023-09-11 13:00:08 V/Bot.2398493975: [獭獭不会交学费军团@(887156367)] 冰水@不会反身跳军团(308217149) -> 我可以做一个
2023-09-11 13:00:15 V/Bot.2398493975: [獭獭不会交学费军团@(887156367)] 冰水@不会反身跳军团(308217149) -> 但是做了就得贴）
2023-09-11 13:00:25 V/Bot.2398493975: [獭獭不会交学费军团@(887156367)] lax@牛牛道心破碎军团(269418386) -> 出了让萝卜贴他那里
2023-09-11 13:00:35 V/Bot.2398493975: [獭獭不会交学费军团@(887156367)] lax@牛牛道心破碎军团(269418386) -> 他说他们组好多打雀魂的
2023-09-11 13:01:07 V/Bot.2398493975: [獭獭不会交学费军团@(887156367)] lax@牛牛道心破碎军团(269418386) -> 你们的宣传栏可以随便贴不需要申请码
2023-09-11 13:01:11 V/Bot.2398493975: Event: GroupRecall(bot=Bot(2398493975), authorId=269418386, messageIds=[69363], messageInternalIds=[1405038433], messageTime=1694408467, operator=NormalMember(269418386), group=Group(887156367), author=NormalMember(269418386))
2023-09-11 13:01:14 V/Bot.2398493975: [獭獭不会交学费军团@(887156367)] lax@牛牛道心破碎军团(269418386) -> 你们的宣传栏可以随便贴不需要申请吗
2023-09-11 13:01:34 V/Bot.2398493975: Event: MemberCardChangeEvent(origin=獭獭凉快军团, new=獭獭会交学费军团, member=NormalMember(1297471104))
2023-09-11 13:01:34 V/Bot.2398493975: [獭獭不会交学费军团@(887156367)] 獭獭会交学费军团(1297471104) -> [mirai:quote:[mirai:source:ids=[69361], internalIds=[1176650825], from 269418386 to 887156367 at 1694408425], content=<not yet initialized>][mirai:at:269418386] 出了把萝卜贴上去
2023-09-11 13:02:15 V/Bot.2398493975: [SHT荔枝麻酱协会(493057481)] 1st(576851388) -> 那天忘记买彩票了，极其后悔
2023-09-11 13:02:37 V/Bot.2398493975: [獭獭不会交学费军团@(887156367)] lax@牛牛道心破碎军团(269418386) -> 海报的钱可以找我报销
2023-09-11 13:02:56 V/Bot.2398493975: [獭獭不会交学费军团@(887156367)] lax@牛牛道心破碎军团(269418386) -> 做个两三张应该也就百来块
2023-09-11 13:03:47 V/Bot.2398493975: [獭獭不会交学费军团@(887156367)] 冰水@不会反身跳军团(308217149) -> 草
2023-09-11 13:04:03 V/Bot.2398493975: [獭獭不会交学费军团@(887156367)] 冰水@不会反身跳军团(308217149) -> 要是有这样的甲方 那能赚疯）
2023-09-11 13:04:09 V/Bot.2398493975: [獭獭不会交学费军团@(887156367)] 冰水@不会反身跳军团(308217149) -> 一张也就二三十
2023-09-11 13:05:03 V/Bot.2398493975: [獭獭不会交学费军团@(887156367)] lax@牛牛道心破碎军团(269418386) -> 我那时候做学术海报 收了我40一张
2023-09-11 13:05:40 V/Bot.2398493975: [獭獭不会交学费军团@(887156367)] Freeze_Kirin(768173212) -> [mirai:image:{15530C6E-2E2B-8726-AC46-20AE8098381B}.jpg, width=174, height=172, size=5372, type=JPG, isEmoji=false]
2023-09-11 13:06:26 V/Bot.2398493975: [獭獭不会交学费军团@(887156367)] Freeze_Kirin(768173212) -> 之前dt做海报的时候一张就花了25
2023-09-11 13:06:39 V/Bot.2398493975: [獭獭不会交学费军团@(887156367)] lax@牛牛道心破碎军团(269418386) -> [mirai:image:{D74E54BD-6BB5-9DD9-2DBF-EA21901F709F}.jpg, width=85, height=61, size=891, type=JPG, isEmoji=true]
2023-09-11 13:07:51 V/Bot.2398493975: [獭獭不会交学费军团@(887156367)] Freeze_Kirin(768173212) -> 和学术海报差不多大那种
2023-09-11 13:08:47 V/Bot.2398493975: [獭獭不会交学费军团@(887156367)] lax@牛牛道心破碎军团(269418386) -> 应该是我的纸张质量比较好（觉不承认自己被坑了）
2023-09-11 13:10:36 V/Bot.2398493975: [獭獭不会交学费军团@(887156367)] Freeze_Kirin(768173212) -> 那冰子的雌小鬼海报在哪里
2023-09-11 13:10:41 V/Bot.2398493975: [獭獭不会交学费军团@(887156367)] Freeze_Kirin(768173212) -> [mirai:image:{A3C56810-0293-8086-658D-531E0E0B1790}.gif, width=512, height=512, size=129498, type=GIF, isEmoji=false]
2023-09-11 13:10:57 V/Bot.2398493975: [獭獭不会交学费军团@(887156367)] 萝卜@萝卜軍団(690875992) -> 雌小鬼冰子
2023-09-11 13:12:46 V/Bot.2398493975: [獭獭不会交学费军团@(887156367)] 獭獭买锤子大臣@被獭獭军团开除(963423936) -> [不支持的消息#375123457][mirai:image:{814543A3-80C4-2F98-8DDD-CBABB5724AB3}.jpg, width=268, height=208, size=28226, type=GIF, isEmoji=true]
2023-09-11 13:14:32 V/Bot.2398493975: [獭獭不会交学费军团@(887156367)] lax@牛牛道心破碎军团(269418386) -> [mirai:image:{0E546695-1D43-5971-50E1-A2C0DC32D219}.png, width=299, height=217, size=24581, type=PNG, isEmoji=false][mirai:image:{839D5625-E12F-A7B6-F7AA-CE6C21EDBE1E}.png, width=290, height=135, size=12494, type=PNG, isEmoji=false]
2023-09-11 13:14:41 V/Bot.2398493975: [獭獭不会交学费军团@(887156367)] lax@牛牛道心破碎军团(269418386) -> 不一样大
2023-09-11 13:15:30 V/Bot.2398493975: [獭獭不会交学费军团@(887156367)] 獭獭买锤子大臣@被獭獭军团开除(963423936) -> [不支持的消息#1070945959][mirai:image:{814543A3-80C4-2F98-8DDD-CBABB5724AB3}.jpg, width=268, height=208, size=28226, type=GIF, isEmoji=true]
2023-09-11 13:15:35 V/Bot.2398493975: [獭獭不会交学费军团@(887156367)] 冰水@不会反身跳军团(308217149) -> [mirai:quote:[mirai:source:ids=[69377], internalIds=[-948308364], from 768173212 to 887156367 at 1694409036], content=<not yet initialized>][mirai:at:768173212] [mirai:image:{F9CE536E-1CF4-008F-45EF-02AD256C9A43}.jpg, width=571, height=540, size=61169, type=JPG, isEmoji=false]
2023-09-11 13:15:53 V/Bot.2398493975: [獭獭不会交学费军团@(887156367)] 冰水@不会反身跳军团(308217149) -> 给你一拳.jpg
2023-09-11 13:16:49 V/Bot.2398493975: [獭獭不会交学费军团@(887156367)] 獭獭买锤子大臣@被獭獭军团开除(963423936) -> [不支持的消息#511845525][mirai:image:{FB9C65FB-5685-1B12-1B13-836B38246164}.jpg, width=292, height=205, size=61102, type=GIF, isEmoji=true]
2023-09-11 13:16:55 V/Bot.2398493975: [獭獭不会交学费军团@(887156367)] 獭獭买锤子大臣@被獭獭军团开除(963423936) -> 想找老板爆了
2023-09-11 13:17:03 V/Bot.2398493975: [獭獭不会交学费军团@(887156367)] 獭獭买锤子大臣@被獭獭军团开除(963423936) -> 我要换个课题
2023-09-11 13:17:07 V/Bot.2398493975: [獭獭不会交学费军团@(887156367)] 獭獭买锤子大臣@被獭獭军团开除(963423936) -> 妈的
2023-09-11 13:17:52 V/Bot.2398493975: [獭獭不会交学费军团@(887156367)] 萝卜@萝卜軍団(690875992) -> 正确的
2023-09-11 13:18:22 V/Bot.2398493975: [獭獭不会交学费军团@(887156367)] Freeze_Kirin(768173212) -> [mirai:image:{C8E8094B-CB49-F06F-791E-0B522869926D}.png, width=300, height=300, size=17848, type=JPG, isEmoji=true]
2023-09-11 13:18:31 V/Bot.2398493975: [獭獭不会交学费军团@(887156367)] 獭獭买锤子大臣@被獭獭军团开除(963423936) -> [不支持的消息#166007779][mirai:image:{F0451D10-C6B1-C6EE-086A-832765A52BE5}.jpg, width=525, height=568, size=128518, type=GIF, isEmoji=true]
2023-09-11 13:18:35 V/Bot.2398493975: [獭獭不会交学费军团@(887156367)] lax@牛牛道心破碎军团(269418386) -> [mirai:image:{5042A7D9-D6A6-FBC7-E37F-7C990C1BA56A}.jpg, width=1440, height=1440, size=136794, type=JPG, isEmoji=true]
2023-09-11 13:18:43 V/Bot.2398493975: [獭獭不会交学费军团@(887156367)] 獭獭买锤子大臣@被獭獭军团开除(963423936) -> 上次爆是六月多
2023-09-11 13:18:51 V/Bot.2398493975: [獭獭不会交学费军团@(887156367)] 獭獭买锤子大臣@被獭獭军团开除(963423936) -> 老板：你再坚持一下
2023-09-11 13:18:56 V/Bot.2398493975: [獭獭不会交学费军团@(887156367)] 獭獭买锤子大臣@被獭獭军团开除(963423936) -> 但我队友都不坚持了
2023-09-11 13:18:59 V/Bot.2398493975: [獭獭不会交学费军团@(887156367)] 獭獭买锤子大臣@被獭獭军团开除(963423936) -> 纷纷开润
2023-09-11 13:19:03 V/Bot.2398493975: [獭獭不会交学费军团@(887156367)] 獭獭买锤子大臣@被獭獭军团开除(963423936) -> [不支持的消息#-1380358992][mirai:image:{F0451D10-C6B1-C6EE-086A-832765A52BE5}.jpg, width=525, height=568, size=128518, type=GIF, isEmoji=true]
2023-09-11 13:20:08 V/Bot.2398493975: [獭獭不会交学费军团@(887156367)] Freeze_Kirin(768173212) -> 识时务者为俊杰x
2023-09-11 13:21:00 V/Bot.2398493975: [獭獭不会交学费军团@(887156367)] Freeze_Kirin(768173212) -> 你这是这个课题做了一年吗（
2023-09-11 13:21:28 V/Bot.2398493975: [獭獭不会交学费军团@(887156367)] 萝卜@萝卜軍団(690875992) -> 别像我这样
2023-09-11 13:21:32 V/Bot.2398493975: [獭獭不会交学费军团@(887156367)] 萝卜@萝卜軍団(690875992) -> 一个课题做了3年
2023-09-11 13:21:34 V/Bot.2398493975: [獭獭不会交学费军团@(887156367)] 獭獭买锤子大臣@被獭獭军团开除(963423936) -> 对啊
2023-09-11 13:21:37 V/Bot.2398493975: [獭獭不会交学费军团@(887156367)] 萝卜@萝卜軍団(690875992) -> 还没有投文章
2023-09-11 13:21:43 V/Bot.2398493975: [獭獭不会交学费军团@(887156367)] 獭獭买锤子大臣@被獭獭军团开除(963423936) -> 做了10个月了
2023-09-11 13:21:47 V/Bot.2398493975: [獭獭不会交学费军团@(887156367)] 獭獭买锤子大臣@被獭獭军团开除(963423936) -> 进度约等于没有
2023-09-11 13:21:49 V/Bot.2398493975: [獭獭不会交学费军团@(887156367)] Freeze_Kirin(768173212) -> [mirai:image:{532D8537-4894-F489-EAA3-4C9BD23E97C5}.png, width=370, height=300, size=99875, type=GIF, isEmoji=true]
2023-09-11 13:21:51 V/Bot.2398493975: [獭獭不会交学费军团@(887156367)] 獭獭买锤子大臣@被獭獭军团开除(963423936) -> 因为没有切入点
2023-09-11 13:22:07 V/Bot.2398493975: [獭獭不会交学费军团@(887156367)] Freeze_Kirin(768173212) -> 那你老板没有给你指点指点方向吗
2023-09-11 13:22:16 V/Bot.2398493975: [獭獭不会交学费军团@(887156367)] 萝卜@萝卜軍団(690875992) -> 老板说不定自己也不知道
2023-09-11 13:22:24 V/Bot.2398493975: [獭獭不会交学费军团@(887156367)] 獭獭买锤子大臣@被獭獭军团开除(963423936) -> 然后跟我一起弄的人其实还有别的事干 所以重心都在另外的事情上
2023-09-11 13:22:32 V/Bot.2398493975: [獭獭不会交学费军团@(887156367)] 獭獭买锤子大臣@被獭獭军团开除(963423936) -> [mirai:quote:[mirai:source:ids=[69409], internalIds=[1295201512], from 768173212 to 887156367 at 1694409727], content=<not yet initialized>][mirai:at:768173212] 乐
2023-09-11 13:22:45 V/Bot.2398493975: [獭獭不会交学费军团@(887156367)] 獭獭买锤子大臣@被獭獭军团开除(963423936) -> 每次小组会老板还得听我们介绍下相关问题呢
2023-09-11 13:22:51 V/Bot.2398493975: [獭獭不会交学费军团@(887156367)] Freeze_Kirin(768173212) -> [mirai:image:{7B4FAB6B-0BA8-0F4C-F8DC-B2AF31AB603E}.png, width=512, height=512, size=192357, type=GIF, isEmoji=true]
2023-09-11 13:23:10 V/Bot.2398493975: [獭獭不会交学费军团@(887156367)] Freeze_Kirin(768173212) -> 那你不如快点爆了，不然你怎么毕业（
2023-09-11 13:23:19 V/Bot.2398493975: [獭獭不会交学费军团@(887156367)] 獭獭买锤子大臣@被獭獭军团开除(963423936) -> [不支持的消息#1246269162][mirai:image:{FB9C65FB-5685-1B12-1B13-836B38246164}.jpg, width=292, height=205, size=61102, type=GIF, isEmoji=true]
2023-09-11 13:23:27 V/Bot.2398493975: [獭獭不会交学费军团@(887156367)] 獭獭买锤子大臣@被獭獭军团开除(963423936) -> 开爆
2023-09-11 13:23:31 V/Bot.2398493975: [獭獭不会交学费军团@(887156367)] 獭獭买锤子大臣@被獭獭军团开除(963423936) -> 起爆了
2023-09-11 13:23:40 V/Bot.2398493975: [獭獭不会交学费军团@(887156367)] 獭獭买锤子大臣@被獭獭军团开除(963423936) -> 我整理下思路写个大报告给老板
2023-09-11 13:23:56 V/Bot.2398493975: [獭獭不会交学费军团@(887156367)] 獭獭买锤子大臣@被獭獭军团开除(963423936) -> [不支持的消息#-162543168][mirai:image:{FB9C65FB-5685-1B12-1B13-836B38246164}.jpg, width=292, height=205, size=61102, type=GIF, isEmoji=true]
2023-09-11 13:24:00 V/Bot.2398493975: [獭獭不会交学费军团@(887156367)] 獭獭买锤子大臣@被獭獭军团开除(963423936) -> [不支持的消息#-698755751][mirai:image:{814543A3-80C4-2F98-8DDD-CBABB5724AB3}.jpg, width=268, height=208, size=28226, type=GIF, isEmoji=true]
2023-09-11 13:24:00 V/Bot.2398493975: [獭獭不会交学费军团@(887156367)] Freeze_Kirin(768173212) -> 10个月进度为零你和你老板竟然无动于衷（）
2023-09-11 13:24:07 V/Bot.2398493975: [獭獭不会交学费军团@(887156367)] 獭獭买锤子大臣@被獭獭军团开除(963423936) -> [mirai:quote:[mirai:source:ids=[69421], internalIds=[1841122293], from 963423936 to 887156367 at 1694409839], content=<not yet initialized>]这样怼他脸上
2023-09-11 13:24:12 V/Bot.2398493975: [獭獭不会交学费军团@(887156367)] 獭獭买锤子大臣@被獭獭军团开除(963423936) -> [mirai:quote:[mirai:source:ids=[69422], internalIds=[2000065080], from 768173212 to 887156367 at 1694409840], content=<not yet initialized>][mirai:at:768173212] 因为我很急
2023-09-11 13:24:14 V/Bot.2398493975: [獭獭不会交学费军团@(887156367)] 獭獭买锤子大臣@被獭獭军团开除(963423936) -> 我老板不急
2023-09-11 13:24:23 V/Bot.2398493975: [獭獭不会交学费军团@(887156367)] 獭獭买锤子大臣@被獭獭军团开除(963423936) -> 他又不缺文章，他今年年初tenure就过了
2023-09-11 13:24:30 V/Bot.2398493975: [獭獭不会交学费军团@(887156367)] 萝卜@萝卜軍団(690875992) -> 老老实实说做不出来就行了
2023-09-11 13:24:38 V/Bot.2398493975: [獭獭不会交学费军团@(887156367)] 冰水@不会反身跳军团(308217149) -> 老板：到时候骗你读博）
2023-09-11 13:24:43 V/Bot.2398493975: [獭獭不会交学费军团@(887156367)] 獭獭买锤子大臣@被獭獭军团开除(963423936) -> 组里师兄弄的领域每年印刷论文
2023-09-11 13:24:46 V/Bot.2398493975: [獭獭不会交学费军团@(887156367)] 萝卜@萝卜軍団(690875992) -> 好过我这种仿真做了4,5个月可行 实验做了2年做不出来
2023-09-11 13:24:50 V/Bot.2398493975: [獭獭不会交学费军团@(887156367)] 獭獭买锤子大臣@被獭獭军团开除(963423936) -> 然后我们尝试新东西做不出来
2023-09-11 13:25:10 V/Bot.2398493975: [獭獭不会交学费军团@(887156367)] 獭獭买锤子大臣@被獭獭军团开除(963423936) -> [mirai:quote:[mirai:source:ids=[69429], internalIds=[1221232086], from 963423936 to 887156367 at 1694409883], content=<not yet initialized>]跟师兄混的学弟每周都小组会 半年一篇
2023-09-11 13:25:10 V/Bot.2398493975: [獭獭不会交学费军团@(887156367)] Freeze_Kirin(768173212) -> 赶紧起爆
2023-09-11 13:25:20 V/Bot.2398493975: [獭獭不会交学费军团@(887156367)] 獭獭买锤子大臣@被獭獭军团开除(963423936) -> 我：啊？
2023-09-11 13:25:25 V/Bot.2398493975: [獭獭不会交学费军团@(887156367)] Freeze_Kirin(768173212) -> 不然这可怎么毕业
2023-09-11 13:25:28 V/Bot.2398493975: [獭獭不会交学费军团@(887156367)] Freeze_Kirin(768173212) -> [mirai:image:{6DB8D47D-6D88-2BA8-3315-3C91BE0598DE}.png, width=200, height=156, size=81787, type=GIF, isEmoji=true]
2023-09-11 13:25:33 V/Bot.2398493975: [獭獭不会交学费军团@(887156367)] 獭獭买锤子大臣@被獭獭军团开除(963423936) -> [不支持的消息#52105170][mirai:image:{FB9C65FB-5685-1B12-1B13-836B38246164}.jpg, width=292, height=205, size=61102, type=GIF, isEmoji=true]
2023-09-11 13:25:37 V/Bot.2398493975: [獭獭不会交学费军团@(887156367)] 萝卜@萝卜軍団(690875992) -> 还是能毕业的 可以和老板聊聊
2023-09-11 13:25:41 V/Bot.2398493975: [獭獭不会交学费军团@(887156367)] 萝卜@萝卜軍団(690875992) -> 先做个别的方向
2023-09-11 13:25:43 V/Bot.2398493975: [獭獭不会交学费军团@(887156367)] 獭獭买锤子大臣@被獭獭军团开除(963423936) -> 把ylf和dj中和一下就好了
2023-09-11 13:25:48 V/Bot.2398493975: [獭獭不会交学费军团@(887156367)] 萝卜@萝卜軍団(690875992) -> 写一篇 满足毕业要求
2023-09-11 13:25:49 V/Bot.2398493975: [獭獭不会交学费军团@(887156367)] 獭獭买锤子大臣@被獭獭军团开除(963423936) -> ylf：push怪，烦死了
2023-09-11 13:25:54 V/Bot.2398493975: [獭獭不会交学费军团@(887156367)] 萝卜@萝卜軍団(690875992) -> 再接着搞
2023-09-11 13:25:56 V/Bot.2398493975: [獭獭不会交学费军团@(887156367)] Freeze_Kirin(768173212) -> 你不会想见ylf的
2023-09-11 13:25:57 V/Bot.2398493975: [獭獭不会交学费军团@(887156367)] 獭獭买锤子大臣@被獭獭军团开除(963423936) -> dj：你自己玩呗，不管你
2023-09-11 13:26:03 V/Bot.2398493975: [獭獭不会交学费军团@(887156367)] 獭獭买锤子大臣@被獭獭军团开除(963423936) -> [不支持的消息#-536807167][mirai:image:{F0451D10-C6B1-C6EE-086A-832765A52BE5}.jpg, width=525, height=568, size=128518, type=GIF, isEmoji=true]
2023-09-11 13:26:03 V/Bot.2398493975: [獭獭不会交学费军团@(887156367)] 萝卜@萝卜軍団(690875992) -> 我就是中途半端做了小半年别的
2023-09-11 13:26:07 V/Bot.2398493975: [獭獭不会交学费军团@(887156367)] 萝卜@萝卜軍団(690875992) -> 先发了个期刊
2023-09-11 13:26:10 V/Bot.2398493975: [獭獭不会交学费军团@(887156367)] 萝卜@萝卜軍団(690875992) -> 再接着做的
2023-09-11 13:26:28 V/Bot.2398493975: [獭獭不会交学费军团@(887156367)] 獭獭买锤子大臣@被獭獭军团开除(963423936) -> [mirai:quote:[mirai:source:ids=[69444], internalIds=[1313224191], from 768173212 to 887156367 at 1694409956], content=<not yet initialized>][mirai:at:768173212] 虽然很烦，但有事真上就行
2023-09-11 13:26:32 V/Bot.2398493975: [獭獭不会交学费军团@(887156367)] Freeze_Kirin(768173212) -> 她平均3天一问进度然后拉你开会pre，还会把一些行政杂活也给你（）
2023-09-11 13:26:34 V/Bot.2398493975: [獭獭不会交学费军团@(887156367)] 獭獭买锤子大臣@被獭獭军团开除(963423936) -> 我老板现在纯放养我
2023-09-11 13:26:43 I/UnidbgFetchQsign: Bot(2398493975) request_token, submit success
2023-09-11 13:26:43 V/Bot.2398493975: [獭獭不会交学费军团@(887156367)] 獭獭买锤子大臣@被獭獭军团开除(963423936) -> [不支持的消息#519737336][mirai:image:{F0451D10-C6B1-C6EE-086A-832765A52BE5}.jpg, width=525, height=568, size=128518, type=GIF, isEmoji=true]
2023-09-11 13:26:49 V/Bot.2398493975: [獭獭不会交学费军团@(887156367)] 獭獭买锤子大臣@被獭獭军团开除(963423936) -> 所以我说中和一下
2023-09-11 13:26:52 V/Bot.2398493975: [獭獭不会交学费军团@(887156367)] タタ@獭獭·ω·咖波●ω●军团(1609323331) -> [mirai:quote:[mirai:source:ids=[69422], internalIds=[2000065080], from 768173212 to 887156367 at 1694409840], content=<not yet initialized>][mirai:at:768173212] 被骂了
2023-09-11 13:26:52 V/Bot.2398493975: [獭獭不会交学费军团@(887156367)] Freeze_Kirin(768173212) -> [mirai:image:{6DB8D47D-6D88-2BA8-3315-3C91BE0598DE}.png, width=200, height=156, size=81787, type=GIF, isEmoji=true]
2023-09-11 13:27:11 V/Bot.2398493975: [獭獭不会交学费军团@(887156367)] 獭獭买锤子大臣@被獭獭军团开除(963423936) -> 我老板现在完全不管的，你不找他他就不理你
2023-09-11 13:27:15 V/Bot.2398493975: [獭獭不会交学费军团@(887156367)] 獭獭买锤子大臣@被獭獭军团开除(963423936) -> [不支持的消息#-1642309587][mirai:image:{FB9C65FB-5685-1B12-1B13-836B38246164}.jpg, width=292, height=205, size=61102, type=GIF, isEmoji=true]
2023-09-11 13:28:22 V/Bot.2398493975: [獭獭不会交学费军团@(887156367)] 萝卜@萝卜軍団(690875992) -> push他
2023-09-11 13:28:25 V/Bot.2398493975: [獭獭不会交学费军团@(887156367)] 萝卜@萝卜軍団(690875992) -> 急了就push他
2023-09-11 13:28:31 V/Bot.2398493975: [獭獭不会交学费军团@(887156367)] Freeze_Kirin(768173212) -> [mirai:quote:[mirai:source:ids=[69457], internalIds=[1672220521], from 963423936 to 887156367 at 1694410031], content=<not yet initialized>][mirai:at:963423936] 轮到你push老板了！
2023-09-11 13:28:34 V/Bot.2398493975: [獭獭不会交学费军团@(887156367)] Freeze_Kirin(768173212) -> 翻身做主人
2023-09-11 13:28:41 V/Bot.2398493975: [獭獭不会交学费军团@(887156367)] 獭獭买锤子大臣@被獭獭军团开除(963423936) -> 我现在确实很急
2023-09-11 13:28:50 V/Bot.2398493975: [獭獭不会交学费军团@(887156367)] 獭獭买锤子大臣@被獭獭军团开除(963423936) -> 我说等我写完总结我过去几个月
2023-09-11 13:28:50 V/Bot.2398493975: [獭獭不会交学费军团@(887156367)] タタ@獭獭·ω·咖波●ω●军团(1609323331) -> 急什么
2023-09-11 13:28:51 V/Bot.2398493975: [獭獭不会交学费军团@(887156367)] 獭獭买锤子大臣@被獭獭军团开除(963423936) -> 看了啥
2023-09-11 13:28:53 V/Bot.2398493975: [獭獭不会交学费军团@(887156367)] 萝卜@萝卜軍団(690875992) -> 我现在真的急
2023-09-11 13:28:53 V/Bot.2398493975: [獭獭不会交学费军团@(887156367)] 獭獭买锤子大臣@被獭獭军团开除(963423936) -> 写完就
2023-09-11 13:28:55 V/Bot.2398493975: [獭獭不会交学费军团@(887156367)] 獭獭买锤子大臣@被獭獭军团开除(963423936) -> push他
2023-09-11 13:28:58 V/Bot.2398493975: [獭獭不会交学费军团@(887156367)] 萝卜@萝卜軍団(690875992) -> 我想毕业之前写5篇
2023-09-11 13:29:00 V/Bot.2398493975: [獭獭不会交学费军团@(887156367)] 獭獭买锤子大臣@被獭獭军团开除(963423936) -> 逼他来救我
2023-09-11 13:29:01 V/Bot.2398493975: [獭獭不会交学费军团@(887156367)] タタ@獭獭·ω·咖波●ω●军团(1609323331) -> [mirai:image:{814543A3-80C4-2F98-8DDD-CBABB5724AB3}.png, width=268, height=208, size=28226, type=GIF, isEmoji=true]
2023-09-11 13:29:04 V/Bot.2398493975: [獭獭不会交学费军团@(887156367)] 萝卜@萝卜軍団(690875992) -> 这才是第二篇
2023-09-11 13:29:23 V/Bot.2398493975: [獭獭不会交学费军团@(887156367)] 萝卜@萝卜軍団(690875992) -> 有个和我一届的 和组里其他人说他那篇给我了 也不知道老板会不会同意
2023-09-11 13:29:31 V/Bot.2398493975: [獭獭不会交学费军团@(887156367)] 萝卜@萝卜軍団(690875992) -> 我就剩十几个月了
2023-09-11 13:29:35 V/Bot.2398493975: [獭獭不会交学费军团@(887156367)] 萝卜@萝卜軍団(690875992) -> 也不知道来不来得及
2023-09-11 13:29:55 V/Bot.2398493975: [獭獭不会交学费军团@(887156367)] Freeze_Kirin(768173212) -> [mirai:image:{6DB8D47D-6D88-2BA8-3315-3C91BE0598DE}.gif, width=200, height=156, size=81787, type=GIF, isEmoji=false]
2023-09-11 13:30:15 V/Bot.2398493975: [獭獭不会交学费军团@(887156367)] Freeze_Kirin(768173212) -> ylf怎么就不和dj中和反应呢
2023-09-11 13:30:23 V/Bot.2398493975: [獭獭不会交学费军团@(887156367)] 萝卜@萝卜軍団(690875992) -> 和老板聊 和老板谈 push他 和他说你做不了
2023-09-11 13:30:25 V/Bot.2398493975: [獭獭不会交学费军团@(887156367)] 萝卜@萝卜軍団(690875992) -> 没啥办法
2023-09-11 13:30:29 V/Bot.2398493975: [獭獭不会交学费军团@(887156367)] lax@牛牛道心破碎军团(269418386) -> [mirai:quote:[mirai:source:ids=[69471], internalIds=[923554270], from 963423936 to 887156367 at 1694410140], content=<not yet initialized>][mirai:at:963423936] 过来人告诉你 老板会让你转博
2023-09-11 13:30:39 V/Bot.2398493975: [獭獭不会交学费军团@(887156367)] 獭獭买锤子大臣@被獭獭军团开除(963423936) -> [不支持的消息#-1888510129][mirai:image:{3FCDA208-5B5D-3642-5219-949E4B2512EA}.jpg, width=328, height=300, size=47813, type=GIF, isEmoji=true]
2023-09-11 13:30:41 V/Bot.2398493975: [獭獭不会交学费军团@(887156367)] 獭獭买锤子大臣@被獭獭军团开除(963423936) -> 不要
2023-09-11 13:30:44 V/Bot.2398493975: [獭獭不会交学费军团@(887156367)] Freeze_Kirin(768173212) -> 我现在三开，ylf今天问a做的咋样，明天问b后天催c
2023-09-11 13:30:58 V/Bot.2398493975: [獭獭不会交学费军团@(887156367)] 獭獭买锤子大臣@被獭獭军团开除(963423936) -> 想润
2023-09-11 13:31:01 V/Bot.2398493975: [獭獭不会交学费军团@(887156367)] Freeze_Kirin(768173212) -> 他妈的整个一个想死
2023-09-11 13:31:03 V/Bot.2398493975: [獭獭不会交学费军团@(887156367)] 獭獭买锤子大臣@被獭獭军团开除(963423936) -> 不想读博
2023-09-11 13:31:09 V/Bot.2398493975: [獭獭不会交学费军团@(887156367)] 獭獭买锤子大臣@被獭獭军团开除(963423936) -> [不支持的消息#690265215][mirai:image:{FB9C65FB-5685-1B12-1B13-836B38246164}.jpg, width=292, height=205, size=61102, type=GIF, isEmoji=true]
2023-09-11 13:31:17 V/Bot.2398493975: [獭獭不会交学费军团@(887156367)] 獭獭买锤子大臣@被獭獭军团开除(963423936) -> 外包给我能发论文吗
2023-09-11 13:31:38 V/Bot.2398493975: [獭獭不会交学费军团@(887156367)] 獭獭买锤子大臣@被獭獭军团开除(963423936) -> 想赶紧投一中一滚蛋
2023-09-11 13:31:41 V/Bot.2398493975: [獭獭不会交学费军团@(887156367)] Freeze_Kirin(768173212) -> [mirai:image:{6DB8D47D-6D88-2BA8-3315-3C91BE0598DE}.gif, width=200, height=156, size=81787, type=GIF, isEmoji=false]领域不太一样
2023-09-11 13:31:50 V/Bot.2398493975: [獭獭不会交学费军团@(887156367)] タタ@獭獭·ω·咖波●ω●军团(1609323331) -> [mirai:image:{814543A3-80C4-2F98-8DDD-CBABB5724AB3}.png, width=268, height=208, size=28226, type=GIF, isEmoji=true]
2023-09-11 13:32:01 V/Bot.2398493975: [獭獭不会交学费军团@(887156367)] Freeze_Kirin(768173212) -> 不如把其中一个和xfw一起做，正好是和cy合作的（）
2023-09-11 13:32:04 V/Bot.2398493975: [獭獭不会交学费军团@(887156367)] 獭獭买锤子大臣@被獭獭军团开除(963423936) -> 谁还不是个经济学研究员了
2023-09-11 13:32:05 V/Bot.2398493975: [獭獭不会交学费军团@(887156367)] 獭獭买锤子大臣@被獭獭军团开除(963423936) -> 草？
2023-09-11 13:32:10 V/Bot.2398493975: [獭獭不会交学费军团@(887156367)] タタ@獭獭·ω·咖波●ω●军团(1609323331) -> [mirai:image:{05DB7905-77FE-79A0-B89B-A12F010EECF6}.png, width=398, height=398, size=2862666, type=GIF, isEmoji=true]
2023-09-11 13:32:12 V/Bot.2398493975: [獭獭不会交学费军团@(887156367)] 獭獭买锤子大臣@被獭獭军团开除(963423936) -> 我最近都在看EC……
2023-09-11 13:32:39 V/Bot.2398493975: [獭獭不会交学费军团@(887156367)] 獭獭买锤子大臣@被獭獭军团开除(963423936) -> [不支持的消息#-1750182586][mirai:image:{324BFB53-FA80-53C9-37B9-AD4CD7B3C147}.jpg, width=280, height=260, size=30126, type=GIF, isEmoji=true]
2023-09-11 13:32:43 V/Bot.2398493975: [獭獭不会交学费军团@(887156367)] Freeze_Kirin(768173212) -> [mirai:quote:[mirai:source:ids=[69494], internalIds=[131687979], from 963423936 to 887156367 at 1694410324], content=<not yet initialized>][mirai:at:963423936] 不是经济学，是CB那方向的
2023-09-11 13:32:45 V/Bot.2398493975: [獭獭不会交学费军团@(887156367)] lax@牛牛道心破碎军团(269418386) -> [mirai:image:{AB8D27FE-476F-4B03-5C4A-DBEC9A752CE6}.gif, width=300, height=214, size=1041079, type=GIF, isEmoji=true]
2023-09-11 13:32:58 V/Bot.2398493975: [獭獭不会交学费军团@(887156367)] タタ@獭獭·ω·咖波●ω●军团(1609323331) -> 算了
2023-09-11 13:33:02 V/Bot.2398493975: [獭獭不会交学费军团@(887156367)] タタ@獭獭·ω·咖波●ω●军团(1609323331) -> 再睡一会
2023-09-11 13:33:05 V/Bot.2398493975: [獭獭不会交学费军团@(887156367)] タタ@獭獭·ω·咖波●ω●军团(1609323331) -> [mirai:image:{5713F9AD-FF45-0182-BAD5-AD25520A9359}.png, width=300, height=252, size=80326, type=GIF, isEmoji=true]
2023-09-11 13:33:07 V/Bot.2398493975: [獭獭不会交学费军团@(887156367)] 獭獭买锤子大臣@被獭獭军团开除(963423936) -> [不支持的消息#-1534253252][mirai:image:{324BFB53-FA80-53C9-37B9-AD4CD7B3C147}.jpg, width=280, height=260, size=30126, type=GIF, isEmoji=true]
2023-09-11 13:33:11 V/Bot.2398493975: [獭獭不会交学费军团@(887156367)] 獭獭买锤子大臣@被獭獭军团开除(963423936) -> 不许赖赖
2023-09-11 13:33:21 V/Bot.2398493975: [獭獭不会交学费军团@(887156367)] 獭獭买锤子大臣@被獭獭军团开除(963423936) -> 起床和wy一起被push
2023-09-11 13:33:28 V/Bot.2398493975: [獭獭不会交学费军团@(887156367)] Freeze_Kirin(768173212) -> 獭獭变赖赖了
2023-09-11 13:33:36 V/Bot.2398493975: [獭獭不会交学费军团@(887156367)] lax@牛牛道心破碎军团(269418386) -> 懒懒
2023-09-11 13:35:19 V/Bot.2398493975: [SHT荔枝麻酱协会(493057481)] 大可奇丽(1485280964) -> ！jrrp
2023-09-11 13:35:20 V/Bot.2398493975: Group(493057481) <- 今日人品：小吉
今日适宜役种：平和
(为防止刷屏，一日内不可多次查询哦！)
2023-09-11 13:35:26 V/Bot.2398493975: [獭獭不会交学费军团@(887156367)] Freeze_Kirin(768173212) -> 下午和ylf开会都不知道讲啥。和cy的项目和aigc有关，我上周一直在黑暗炼金[mirai:image:{324BFB53-FA80-53C9-37B9-AD4CD7B3C147}.gif, width=280, height=260, size=30126, type=GIF, isEmoji=false]
2023-09-11 13:36:32 V/Bot.2398493975: [獭獭不会交学费军团@(887156367)] lax@牛牛道心破碎军团(269418386) -> 已经下午了捏
2023-09-11 13:36:46 V/Bot.2398493975: [獭獭不会交学费军团@(887156367)] Freeze_Kirin(768173212) -> 没到开会时间统统算中午
2023-09-11 13:37:16 V/Bot.2398493975: [獭獭不会交学费军团@(887156367)] 獭獭买锤子大臣@被獭獭军团开除(963423936) -> [不支持的消息#692161150][mirai:image:{FB9C65FB-5685-1B12-1B13-836B38246164}.jpg, width=292, height=205, size=61102, type=GIF, isEmoji=true]
2023-09-11 13:37:38 V/Bot.2398493975: [獭獭不会交学费军团@(887156367)] タタ@獭獭·ω·咖波●ω●军团(1609323331) -> [mirai:image:{B0C4908F-7B25-5581-DE55-0999A98D580C}.png, width=868, height=710, size=533105, type=GIF, isEmoji=true]
2023-09-11 14:06:49 I/UnidbgFetchQsign: Bot(2398493975) request_token, submit success
2023-09-11 14:46:49 I/UnidbgFetchQsign: Bot(2398493975) request_token, submit success
2023-09-11 15:26:29 V/Bot.2398493975: [獭獭不会交学费军团@(887156367)] Freeze_Kirin(768173212) -> 开完咯。每周固定会议+1
2023-09-11 15:26:34 V/Bot.2398493975: [獭獭不会交学费军团@(887156367)] Freeze_Kirin(768173212) -> [mirai:image:{47D9BEE7-CA87-C51F-C189-3EA1D9A7C118}.gif, width=200, height=157, size=70949, type=GIF, isEmoji=false]
2023-09-11 15:26:50 I/UnidbgFetchQsign: Bot(2398493975) request_token, submit success
2023-09-11 15:32:47 V/Bot.2398493975: [獭獭不会交学费军团@(887156367)] 獭獭买锤子大臣@被獭獭军团开除(963423936) -> [不支持的消息#-582963213][mirai:image:{47D9BEE7-CA87-C51F-C189-3EA1D9A7C118}.jpg, width=200, height=157, size=70949, type=GIF, isEmoji=false]
2023-09-11 15:34:11 V/Bot.2398493975: [SHT荔枝麻酱协会(493057481)] 宛小鱼（友人场请呼唤我）(1249776943) -> ！jrrp
2023-09-11 15:34:12 V/Bot.2398493975: Group(493057481) <- 今日人品：小吉
今日适宜役种：三色同顺
(为防止刷屏，一日内不可多次查询哦！)
2023-09-11 16:06:56 I/UnidbgFetchQsign: Bot(2398493975) request_token, submit success
2023-09-11 16:25:57 V/Bot.2398493975: Event: BotOfflineEvent.Dropped(bot=Bot(2398493975), cause=net.mamoe.mirai.internal.network.components.PacketCodecException: java.lang.IllegalStateException: Received packet returnCode = -10008, which may mean session expired., reconnect=true)
2023-09-11 16:25:57 W/Bot.2398493975: Connection lost, reconnecting... (net.mamoe.mirai.internal.network.components.PacketCodecException: java.lang.IllegalStateException: Received packet returnCode = -10008, which may mean session expired.)
2023-09-11 16:25:57 I/UnidbgFetchQsign: Bot(2398493975) initialize by http://127.0.0.1:8080
2023-09-11 16:25:57 I/UnidbgFetchQsign: Bot(2398493975) initialize complete
2023-09-11 16:25:59 I/Bot.2398493975: Saved account secrets to local cache for fast login.
2023-09-11 16:25:59 I/Bot.2398493975: Login successful.
2023-09-11 16:25:59 V/Bot.2398493975: Event: BotOnlineEvent(bot=Bot(2398493975))
2023-09-11 16:25:59 V/Bot.2398493975: Event: BotReloginEvent(bot=Bot(2398493975), cause=null)
2023-09-11 16:25:59 I/Bot.2398493975: Reconnected successfully in 1.76s.
2023-09-11 16:34:17 V/Bot.2398493975: [獭獭不会交学费军团@(887156367)] 獭獭买锤子大臣@被獭獭军团开除(963423936) -> 我草
2023-09-11 16:34:19 V/Bot.2398493975: [獭獭不会交学费军团@(887156367)] 獭獭买锤子大臣@被獭獭军团开除(963423936) -> 这个雨
2023-09-11 16:41:32 V/Bot.2398493975: [獭獭不会交学费军团@(887156367)] タタ@獭獭·ω·咖波●ω●军团(1609323331) -> 我n3呢
2023-09-11 16:41:37 V/Bot.2398493975: [獭獭不会交学费军团@(887156367)] タタ@獭獭·ω·咖波●ω●军团(1609323331) -> [mirai:image:{0C97078C-6843-4B98-1085-CAD498D66F58}.png, width=111, height=121, size=17212, type=PNG, isEmoji=false]
2023-09-11 16:46:57 I/UnidbgFetchQsign: Bot(2398493975) request_token, submit success
2023-09-11 16:47:17 V/Bot.2398493975: [獭獭不会交学费军团@(887156367)] zz@獺獺軍団(771507043) -> [不支持的消息#1419686556][mirai:image:{14442354-6DE9-D707-5360-7D4FE873ACFB}.jpg, width=1178, height=1414, size=350774, type=PNG, isEmoji=false]待兼福来的固有称号是笑门来福，那待兼笑门怎么办（
2023-09-11 16:47:38 V/Bot.2398493975: [獭獭不会交学费军团@(887156367)] タタ@獭獭·ω·咖波●ω●军团(1609323331) -> 贴贴
2023-09-11 16:48:09 V/Bot.2398493975: [獭獭不会交学费军团@(887156367)] zz@獺獺軍団(771507043) -> [不支持的消息#-503451744][mirai:image:{25369300-2E19-2CA9-76BD-BF7AABC40C4A}.jpg, width=1930, height=1180, size=720571, type=PNG, isEmoji=false]待兼笑门太菜了不可能马娘化
2023-09-11 16:49:15 V/Bot.2398493975: [獭獭不会交学费军团@(887156367)] タタ@獭獭·ω·咖波●ω●军团(1609323331) -> [mirai:image:{7AAB86C2-2E54-B41B-1127-E416989F377D}.jpg, width=124, height=139, size=6514, type=JPG, isEmoji=true]
2023-09-11 16:53:04 V/Bot.2398493975: [SHT荔枝麻酱协会(493057481)] ライちゃん(392595084) -> 今天打了一天的三麻，全是2
2023-09-11 16:54:31 V/Bot.2398493975: [SHT荔枝麻酱协会(493057481)] 边际的云(3124878603) -> ！jrrp
2023-09-11 16:54:33 V/Bot.2398493975: Group(493057481) <- 今日人品：吉
今日适宜役种：混全带幺九
(为防止刷屏，一日内不可多次查询哦！)
2023-09-11 17:09:33 V/Bot.2398493975: [獭獭不会交学费军团@(887156367)] 哭哭Excel@被獭獭军团开除3次(472247053) -> 吐了
2023-09-11 17:09:53 V/Bot.2398493975: [獭獭不会交学费军团@(887156367)] 哭哭Excel@被獭獭军团开除3次(472247053) -> 微软账号的现密码和老密码全忘了
2023-09-11 17:10:33 V/Bot.2398493975: [獭獭不会交学费军团@(887156367)] 哭哭Excel@被獭獭军团开除3次(472247053) -> 怎么还下雨了
2023-09-11 17:18:46 V/Bot.2398493975: [獭獭不会交学费军团@(887156367)] タタ@獭獭·ω·咖波●ω●军团(1609323331) -> 密码被冲走了
2023-09-11 17:18:57 V/Bot.2398493975: [SHT荔枝麻酱协会(493057481)] MEOW@獭獭bot(1609323331) -> ！jrrp
2023-09-11 17:18:58 V/Bot.2398493975: Group(493057481) <- 今日人品：吉
今日适宜役种：役牌
(为防止刷屏，一日内不可多次查询哦！)
2023-09-11 17:19:55 V/Bot.2398493975: [獭獭不会交学费军团@(887156367)] zz@獺獺軍団(771507043) -> 密码被冲走了
2023-09-11 17:24:29 V/Bot.2398493975: [獭獭不会交学费军团@(887156367)] zz@獺獺軍団(771507043) -> [不支持的消息#261258558][mirai:image:{14190446-21E1-DF04-6DA5-96F9FDEA1EC0}.jpg, width=960, height=1386, size=180263, type=JPG, isEmoji=false]
2023-09-11 17:25:03 V/Bot.2398493975: [獭獭不会交学费军团@(887156367)] タタ@獭獭·ω·咖波●ω●军团(1609323331) -> 可怜崽崽
2023-09-11 17:25:10 V/Bot.2398493975: [獭獭不会交学费军团@(887156367)] タタ@獭獭·ω·咖波●ω●军团(1609323331) -> 我都不记得她叫啥
2023-09-11 17:26:41 V/Bot.2398493975: [獭獭不会交学费军团@(887156367)] タタ@獭獭·ω·咖波●ω●军团(1609323331) -> [mirai:image:{A02BD974-47A5-BA53-DB56-D30014603305}.png, width=800, height=798, size=77221, type=JPG, isEmoji=true]
2023-09-11 17:26:58 I/UnidbgFetchQsign: Bot(2398493975) request_token, submit success
2023-09-11 17:28:15 V/Bot.2398493975: [獭獭不会交学费军团@(887156367)] タタ@獭獭·ω·咖波●ω●军团(1609323331) -> 吃啥
2023-09-11 17:28:17 V/Bot.2398493975: [獭獭不会交学费军团@(887156367)] タタ@獭獭·ω·咖波●ω●军团(1609323331) -> [mirai:image:{4D43AF98-6CA5-33DF-5622-EFC9592C5B74}.png, width=290, height=228, size=6993, type=GIF, isEmoji=true]
2023-09-11 17:28:31 V/Bot.2398493975: [獭獭不会交学费军团@(887156367)] lax@牛牛道心破碎军团(269418386) -> 昨天找到了一家很好吃的酸菜鱼
2023-09-11 17:28:42 V/Bot.2398493975: [獭獭不会交学费军团@(887156367)] lax@牛牛道心破碎军团(269418386) -> 算是这几年吃的比较好吃的了
2023-09-11 17:29:12 V/Bot.2398493975: [獭獭不会交学费军团@(887156367)] hzc@獭獭軍団二度受(2384102753) -> 吃啥
2023-09-11 17:34:02 V/Bot.2398493975: [獭獭不会交学费军团@(887156367)] タタ@獭獭·ω·咖波●ω●军团(1609323331) -> 吃啥
2023-09-11 17:34:53 V/Bot.2398493975: [獭獭不会交学费军团@(887156367)] lax@牛牛道心破碎军团(269418386) -> [mirai:image:{5AD49529-4B0B-5404-5592-2145D9D47286}.gif, width=260, height=225, size=610448, type=GIF, isEmoji=true]
2023-09-11 17:35:00 V/Bot.2398493975: [獭獭不会交学费军团@(887156367)] タタ@獭獭·ω·咖波●ω●军团(1609323331) -> 我的电脑一息屏再打开就会
2023-09-11 17:35:00 V/Bot.2398493975: [獭獭不会交学费军团@(887156367)] 獭獭会交学费军团(1297471104) -> [mirai:image:{0340E10E-611A-20CE-6C0C-9E9F605C8FF6}.jpg, width=864, height=1920, size=60577, type=JPG, isEmoji=false]
2023-09-11 17:35:19 V/Bot.2398493975: [獭獭不会交学费军团@(887156367)] 獭獭会交学费军团(1297471104) -> 怎么我的qq跟我说有人自我复读
2023-09-11 17:35:19 V/Bot.2398493975: [獭獭不会交学费军团@(887156367)] タタ@獭獭·ω·咖波●ω●军团(1609323331) -> 把两个屏幕上的东西挤到一个屏幕上
2023-09-11 17:35:23 V/Bot.2398493975: [獭獭不会交学费军团@(887156367)] タタ@獭獭·ω·咖波●ω●军团(1609323331) -> whywhy
2023-09-11 17:36:09 V/Bot.2398493975: [獭獭不会交学费军团@(887156367)] タタ@獭獭·ω·咖波●ω●军团(1609323331) -> [mirai:quote:[mirai:source:ids=[69542], internalIds=[73861222], from 1297471104 to 887156367 at 1694424900], content=<not yet initialized>][mirai:at:1297471104] 为什么一个有獭獭一个没獭獭、
2023-09-11 17:36:58 V/Bot.2398493975: [獭獭不会交学费军团@(887156367)] タタ@獭獭·ω·咖波●ω●军团(1609323331) -> [mirai:image:{99F73FB0-C778-6948-19D9-92E204A356DB}.png, width=505, height=139, size=6349, type=PNG, isEmoji=false]我古老的ll群没了
2023-09-11 17:37:05 V/Bot.2398493975: [獭獭不会交学费军团@(887156367)] タタ@獭獭·ω·咖波●ω●军团(1609323331) -> [mirai:image:{B597C41C-D678-386E-BF00-96AD08D505BD}.gif, width=320, height=270, size=129239, type=GIF, isEmoji=false]
2023-09-11 17:57:05 V/Bot.2398493975: [獭獭不会交学费军团@(887156367)] 獭獭买锤子大臣@被獭獭军团开除(963423936) -> [mirai:image:{324BFB53-FA80-53C9-37B9-AD4CD7B3C147}.png, width=280, height=260, size=30126, type=GIF, isEmoji=true]
2023-09-11 17:58:51 V/Bot.2398493975: [獭獭不会交学费军团@(887156367)] zz@獺獺軍団(771507043) -> [不支持的消息#-15117641][mirai:image:{CD898C51-B777-65A5-DAF0-1BB047C8EAB6}.jpg, width=1290, height=1068, size=1559314, type=PNG, isEmoji=false]
2023-09-11 18:00:45 V/Bot.2398493975: [獭獭不会交学费军团@(887156367)] zz@獺獺軍団(771507043) -> [不支持的消息#-1686070528][mirai:image:{2F4ED68E-074F-7E4F-0157-D9F866B42EFC}.jpg, width=1316, height=1274, size=1682349, type=PNG, isEmoji=false]怎么都半年了
2023-09-11 18:00:48 V/Bot.2398493975: [獭獭不会交学费军团@(887156367)] zz@獺獺軍団(771507043) -> 我还一个都不认识
2023-09-11 18:01:34 V/Bot.2398493975: [獭獭不会交学费军团@(887156367)] タタ@獭獭·ω·咖波●ω●军团(1609323331) -> 我还一个都不认识
2023-09-11 18:03:56 V/Bot.2398493975: [獭獭不会交学费军团@(887156367)] zz@獺獺軍団(771507043) -> [不支持的消息#1534850087][mirai:image:{18CA7905-E333-FD73-77F8-2EE69F7D989F}.jpg, width=2488, height=1400, size=3398712, type=PNG, isEmoji=false]BURINING是什么
2023-09-11 18:05:38 V/Bot.2398493975: [獭獭不会交学费军团@(887156367)] zz@獺獺軍団(771507043) -> 这是staff手动输入拼错了吗
2023-09-11 18:07:04 I/UnidbgFetchQsign: Bot(2398493975) request_token, submit success
2023-09-11 18:16:54 V/Bot.2398493975: [獭獭不会交学费军团@(887156367)] lax@牛牛道心破碎军团(269418386) -> [mirai:image:{D52B2706-5094-7F98-B34D-179F51328E37}.jpg, width=1080, height=2340, size=1188187, type=JPG, isEmoji=false]
2023-09-11 18:16:59 V/Bot.2398493975: [獭獭不会交学费军团@(887156367)] lax@牛牛道心破碎军团(269418386) -> 晚饭
2023-09-11 18:17:09 V/Bot.2398493975: [獭獭不会交学费军团@(887156367)] Freeze_Kirin(768173212) -> [mirai:image:{15530C6E-2E2B-8726-AC46-20AE8098381B}.jpg, width=174, height=172, size=5372, type=JPG, isEmoji=false]
2023-09-11 18:20:40 V/Bot.2398493975: [獭獭不会交学费军团@(887156367)] lax@牛牛道心破碎军团(269418386) -> 晚上看有没有兴致出去吃个烧烤
2023-09-11 18:21:03 V/Bot.2398493975: [獭獭不会交学费军团@(887156367)] lax@牛牛道心破碎军团(269418386) -> 那么大个面包 5块
2023-09-11 18:21:09 V/Bot.2398493975: [獭獭不会交学费军团@(887156367)] lax@牛牛道心破碎军团(269418386) -> 狂炫
2023-09-11 18:26:00 V/Bot.2398493975: [SHT荔枝麻酱协会(493057481)] Ares(2304847556) -> ！jrrp
2023-09-11 18:26:01 V/Bot.2398493975: Group(493057481) <- 今日人品：吉
今日适宜役种：三色同顺
(为防止刷屏，一日内不可多次查询哦！)
2023-09-11 18:29:09 V/Bot.2398493975: [SHT荔枝麻酱协会(493057481)] Twilight(1014197424) -> ！jrrp
2023-09-11 18:29:10 V/Bot.2398493975: Group(493057481) <- 今日人品：大吉
今日适宜役种：二杯口
(为防止刷屏，一日内不可多次查询哦！)
2023-09-11 18:33:14 V/Bot.2398493975: [獭獭不会交学费军团@(887156367)] タタ@獭獭·ω·咖波●ω●军团(1609323331) -> 炼奶
2023-09-11 18:33:17 V/Bot.2398493975: [獭獭不会交学费军团@(887156367)] タタ@獭獭·ω·咖波●ω●军团(1609323331) -> [mirai:image:{A3C56810-0293-8086-658D-531E0E0B1790}.png, width=512, height=512, size=129498, type=GIF, isEmoji=true]
2023-09-11 18:43:02 V/Bot.2398493975: [SHT荔枝麻酱协会(493057481)] naf2021(3469392519) -> 有雀吗
2023-09-11 18:46:07 V/Bot.2398493975: [SHT荔枝麻酱协会(493057481)] hzc(2384102753) -> ！jrrp
2023-09-11 18:46:08 V/Bot.2398493975: Group(493057481) <- 今日人品：吉
今日适宜役种：役牌
(为防止刷屏，一日内不可多次查询哦！)
2023-09-11 18:47:04 I/UnidbgFetchQsign: Bot(2398493975) request_token, submit success
2023-09-11 18:56:59 V/Bot.2398493975: [SHT荔枝麻酱协会(493057481)] MEOW@獭獭bot(1609323331) -> ！jrrp
2023-09-11 18:57:00 V/Bot.2398493975: Group(493057481) <- 今日人品：小吉
今日适宜役种：役牌
(为防止刷屏，一日内不可多次查询哦！)
2023-09-11 18:57:27 V/Bot.2398493975: [獭獭不会交学费军团@(887156367)] タタ@獭獭·ω·咖波●ω●军团(1609323331) -> ！查查我的
2023-09-11 18:57:29 V/Bot.2398493975: Group(887156367) <- 昵称：时雨
段位：新人
rate：1461.69
近期顺位：43
更多数据请访问：http://shanghaitech-mahjong.top/userid/1609323331
2023-09-11 18:57:36 V/Bot.2398493975: [獭獭不会交学费军团@(887156367)] タタ@獭獭·ω·咖波●ω●军团(1609323331) -> [mirai:image:{E1BD34B2-AECA-D2D7-C79D-B13370EC13FF}.png, width=234, height=210, size=10209, type=JPG, isEmoji=true]
2023-09-11 18:57:45 V/Bot.2398493975: [獭獭不会交学费军团@(887156367)] hzc@獭獭軍団二度受(2384102753) -> ！查查我的
2023-09-11 18:57:46 V/Bot.2398493975: Group(887156367) <- 昵称：hzc
段位：3级
rate：1519.3
近期顺位：2142144331
更多数据请访问：http://shanghaitech-mahjong.top/userid/2384102753
2023-09-11 18:57:54 V/Bot.2398493975: [獭獭不会交学费军团@(887156367)] タタ@獭獭·ω·咖波●ω●军团(1609323331) -> [mirai:image:{814543A3-80C4-2F98-8DDD-CBABB5724AB3}.png, width=268, height=208, size=28226, type=GIF, isEmoji=true]
2023-09-11 19:20:18 V/Bot.2398493975: [獭獭不会交学费军团@(887156367)] 獭獭买锤子大臣@被獭獭军团开除(963423936) -> [mirai:image:{814543A3-80C4-2F98-8DDD-CBABB5724AB3}.gif, width=268, height=208, size=28226, type=GIF, isEmoji=true]
2023-09-11 19:21:55 V/Bot.2398493975: [獭獭不会交学费军团@(887156367)] 獭獭买锤子大臣@被獭獭军团开除(963423936) -> [mirai:image:{8DAF7B58-9A68-621A-0EA4-1F4233C9DECC}.jpg, width=627, height=134, size=18685, type=PNG, isEmoji=false]
2023-09-11 19:27:05 I/UnidbgFetchQsign: Bot(2398493975) request_token, submit success
2023-09-11 19:53:20 V/Bot.2398493975: [獭獭不会交学费军团@(887156367)] タタ@獭獭·ω·咖波●ω●军团(1609323331) -> [mirai:image:{03870A5D-EC33-7799-4A91-108D48AA74B0}.png, width=4096, height=1891, size=4674813, type=JPG, isEmoji=false]
2023-09-11 19:55:48 V/Bot.2398493975: [獭獭不会交学费军团@(887156367)] 獭獭会交学费军团(1297471104) -> ？
2023-09-11 19:55:49 V/Bot.2398493975: [獭獭不会交学费军团@(887156367)] 獭獭买锤子大臣@被獭獭军团开除(963423936) -> 啊？？
2023-09-11 19:55:53 V/Bot.2398493975: [獭獭不会交学费军团@(887156367)] 獭獭买锤子大臣@被獭獭军团开除(963423936) -> 什么年代
2023-09-11 19:55:54 V/Bot.2398493975: [獭獭不会交学费军团@(887156367)] 獭獭会交学费军团(1297471104) -> 在？建个私服
2023-09-11 19:56:12 V/Bot.2398493975: [獭獭不会交学费军团@(887156367)] Freeze_Kirin(768173212) -> [mirai:image:{15530C6E-2E2B-8726-AC46-20AE8098381B}.jpg, width=174, height=172, size=5372, type=JPG, isEmoji=false]
2023-09-11 19:56:19 V/Bot.2398493975: [獭獭不会交学费军团@(887156367)] Freeze_Kirin(768173212) -> 今夕是何年
2023-09-11 19:56:47 V/Bot.2398493975: [獭獭不会交学费军团@(887156367)] タタ@獭獭·ω·咖波●ω●军团(1609323331) -> [mirai:image:{A3C56810-0293-8086-658D-531E0E0B1790}.png, width=512, height=512, size=129498, type=GIF, isEmoji=true]
2023-09-11 19:56:49 V/Bot.2398493975: [獭獭不会交学费军团@(887156367)] タタ@獭獭·ω·咖波●ω●军团(1609323331) -> 一起玩
2023-09-11 19:56:55 V/Bot.2398493975: [獭獭不会交学费军团@(887156367)] タタ@獭獭·ω·咖波●ω●军团(1609323331) -> hlb
2023-09-11 19:56:57 V/Bot.2398493975: [獭獭不会交学费军团@(887156367)] タタ@獭獭·ω·咖波●ω●军团(1609323331) -> 战斗力
2023-09-11 19:56:59 V/Bot.2398493975: [獭獭不会交学费军团@(887156367)] 獭獭会交学费军团(1297471104) -> 2013年（即答
2023-09-11 19:56:59 V/Bot.2398493975: [獭獭不会交学费军团@(887156367)] タタ@獭獭·ω·咖波●ω●军团(1609323331) -> 66w
2023-09-11 19:57:03 V/Bot.2398493975: [獭獭不会交学费军团@(887156367)] タタ@獭獭·ω·咖波●ω●军团(1609323331) -> [mirai:image:{FB9C65FB-5685-1B12-1B13-836B38246164}.png, width=292, height=205, size=61102, type=GIF, isEmoji=true]
2023-09-11 19:57:08 V/Bot.2398493975: [獭獭不会交学费军团@(887156367)] lax@牛牛道心破碎军团(269418386) -> 你们怎么都知道这是什么游戏
2023-09-11 19:57:12 V/Bot.2398493975: [獭獭不会交学费军团@(887156367)] タタ@獭獭·ω·咖波●ω●军团(1609323331) -> [mirai:quote:[mirai:source:ids=[69583], internalIds=[955015621], from 1297471104 to 887156367 at 1694433419], content=<not yet initialized>][mirai:at:1297471104] 我们刚刚看到
2023-09-11 19:57:13 V/Bot.2398493975: [獭獭不会交学费军团@(887156367)] lax@牛牛道心破碎军团(269418386) -> 我怎么并不知道
2023-09-11 19:57:14 V/Bot.2398493975: [獭獭不会交学费军团@(887156367)] タタ@獭獭·ω·咖波●ω●军团(1609323331) -> 下面写
2023-09-11 19:57:20 V/Bot.2398493975: [SHT荔枝麻酱协会(493057481)] 千梦(449603499) -> ！jrrp
2023-09-11 19:57:21 V/Bot.2398493975: Group(493057481) <- 今日人品：小吉
今日适宜役种：一杯口
(为防止刷屏，一日内不可多次查询哦！)
2023-09-11 19:57:23 V/Bot.2398493975: [獭獭不会交学费军团@(887156367)] タタ@獭獭·ω·咖波●ω●军团(1609323331) -> 弹弹堂14周年什么什么
2023-09-11 19:57:31 V/Bot.2398493975: [SHT荔枝麻酱协会(493057481)] naf2021(3469392519) -> 有雀吗
2023-09-11 19:57:37 V/Bot.2398493975: [SHT荔枝麻酱协会(493057481)] naf2021(3469392519) -> [mirai:image:{76209C17-37E7-884A-7024-4AED3FA5DDA0}.jpg, width=90, height=86, size=6134, type=JPG, isEmoji=true]
2023-09-11 19:58:13 V/Bot.2398493975: [獭獭不会交学费军团@(887156367)] タタ@獭獭·ω·咖波●ω●军团(1609323331) -> [mirai:image:{9DC66A07-CD53-441F-90CD-936FE45A47FA}.png, width=1890, height=4096, size=3482974, type=JPG, isEmoji=false]
2023-09-11 19:58:15 V/Bot.2398493975: [獭獭不会交学费军团@(887156367)] タタ@獭獭·ω·咖波●ω●军团(1609323331) -> 来点进阶失败
2023-09-11 19:59:13 V/Bot.2398493975: [SHT荔枝麻酱协会(493057481)] 淡情余描未わ(1297471104) -> 晚点kyy
2023-09-11 19:59:44 V/Bot.2398493975: [SHT荔枝麻酱协会(493057481)] Twilight(1014197424) -> 下周🈶
2023-09-11 20:01:19 V/Bot.2398493975: [獭獭不会交学费军团@(887156367)] タタ@獭獭·ω·咖波●ω●军团(1609323331) -> 居然成功了
2023-09-11 20:01:21 V/Bot.2398493975: [獭獭不会交学费军团@(887156367)] タタ@獭獭·ω·咖波●ω●军团(1609323331) -> [mirai:image:{7B4FAB6B-0BA8-0F4C-F8DC-B2AF31AB603E}.png, width=512, height=512, size=192357, type=GIF, isEmoji=true]
2023-09-11 20:02:07 V/Bot.2398493975: [獭獭不会交学费军团@(887156367)] 獭獭买锤子大臣@被獭獭军团开除(963423936) -> [mirai:image:{7B4FAB6B-0BA8-0F4C-F8DC-B2AF31AB603E}.gif, width=512, height=512, size=192357, type=GIF, isEmoji=true]
2023-09-11 20:04:19 V/Bot.2398493975: [獭獭不会交学费军团@(887156367)] タタ@獭獭·ω·咖波●ω●军团(1609323331) -> [mirai:image:{45E7D7B0-BE7A-C55B-9685-462FB090A64A}.png, width=1890, height=4096, size=3480487, type=JPG, isEmoji=false]
2023-09-11 20:04:20 V/Bot.2398493975: [獭獭不会交学费军团@(887156367)] タタ@獭獭·ω·咖波●ω●军团(1609323331) -> 博士
2023-09-11 20:07:11 I/UnidbgFetchQsign: Bot(2398493975) request_token, submit success
2023-09-11 20:17:17 V/Bot.2398493975: [獭獭不会交学费军团@(887156367)] タタ@獭獭·ω·咖波●ω●军团(1609323331) -> [不支持的消息#1428622623]
2023-09-11 20:27:16 V/Bot.2398493975: [SHT荔枝麻酱协会(493057481)] 云云千千夜夜(1472181321) -> ！jrrp
2023-09-11 20:27:17 V/Bot.2398493975: Group(493057481) <- 今日人品：吉
今日适宜役种：七对子
(为防止刷屏，一日内不可多次查询哦！)
2023-09-11 20:34:17 V/Bot.2398493975: [test(389193066)] yyyouch(2461942798) -> ！test
2023-09-11 20:34:18 V/Bot.2398493975: Group(389193066) <- {}
2023-09-11 20:34:38 V/Bot.2398493975: [test(389193066)] 时雨(1609323331) -> [mirai:image:{C6D98AA9-4CE0-28B7-32EF-B076899EA836}.png, width=308, height=300, size=72185, type=GIF, isEmoji=true]
2023-09-11 20:36:24 V/Bot.2398493975: [獭獭不会交学费军团@(887156367)] zz@獺獺軍団(771507043) -> [mirai:image:{2E44B393-FAFA-A6DF-7F05-E937B989465C}.png, width=1284, height=2778, size=1038936, type=PNG, isEmoji=false]
2023-09-11 20:36:41 V/Bot.2398493975: [獭獭不会交学费军团@(887156367)] zz@獺獺軍団(771507043) -> 终于有3星了
2023-09-11 20:38:37 V/Bot.2398493975: [test(389193066)] yyyouch(2461942798) -> 时常检查一下是不是还活着
2023-09-11 20:38:48 V/Bot.2398493975: [test(389193066)] yyyouch(2461942798) -> 隔壁雀庄的机器人天天似
2023-09-11 20:38:54 V/Bot.2398493975: [獭獭不会交学费军团@(887156367)] タタ@獭獭·ω·咖波●ω●军团(1609323331) -> [mirai:image:{AFC6E4DA-4B8F-DE2C-C933-606D21498AA0}.png, width=324, height=300, size=62607, type=GIF, isEmoji=true]
2023-09-11 20:39:13 V/Bot.2398493975: [test(389193066)] yyyouch(2461942798) -> 原来的服务器要过期了
2023-09-11 20:39:17 V/Bot.2398493975: [test(389193066)] yyyouch(2461942798) -> 打算迁移到新的
2023-09-11 20:47:12 I/UnidbgFetchQsign: Bot(2398493975) request_token, submit success
2023-09-11 21:18:33 V/Bot.2398493975: [SHT荔枝麻酱协会(493057481)] naf2021(3469392519) -> 有雀吗
2023-09-11 21:18:40 V/Bot.2398493975: [SHT荔枝麻酱协会(493057481)] naf2021(3469392519) -> 我这可以有两个
2023-09-11 21:18:42 V/Bot.2398493975: [SHT荔枝麻酱协会(493057481)] naf2021(3469392519) -> [mirai:image:{6E5666A4-6F63-6F39-B8DA-DBA1477AF72E}.jpg, width=64, height=54, size=764, type=JPG, isEmoji=true]
2023-09-11 21:18:48 V/Bot.2398493975: [SHT荔枝麻酱协会(493057481)] 淡情余描未わ(1297471104) -> 到南京西路了
2023-09-11 21:19:14 V/Bot.2398493975: [SHT荔枝麻酱协会(493057481)] naf2021(3469392519) -> 3=1，快进到5=3
2023-09-11 21:27:13 I/UnidbgFetchQsign: Bot(2398493975) request_token, submit success
2023-09-11 21:44:41 V/Bot.2398493975: [SHT荔枝麻酱协会(493057481)] naf2021(3469392519) -> [mirai:image:{F3FD360C-DF21-E761-7C94-89BBF2723614}.jpg, width=66, height=66, size=1566, type=JPG, isEmoji=true]
2023-09-11 21:44:44 V/Bot.2398493975: [SHT荔枝麻酱协会(493057481)] naf2021(3469392519) -> 还有人吗
2023-09-11 21:47:53 V/Bot.2398493975: [SHT荔枝麻酱协会(493057481)] 淡情余描未わ(1297471104) -> 下南路了
2023-09-11 21:51:29 V/Bot.2398493975: [SHT荔枝麻酱协会(493057481)] 隔壁老王(297234073) -> [mirai:image:{95D6099E-D426-ED1E-F1AF-C12C945F88E9}.jpg, width=640, height=680, size=1972168, type=GIF, isEmoji=true]
2023-09-11 22:03:43 V/Bot.2398493975: [SHT荔枝麻酱协会(493057481)] 淡情余描未わ(1297471104) -> 有没有
2023-09-11 22:03:48 V/Bot.2398493975: [SHT荔枝麻酱协会(493057481)] 淡情余描未わ(1297471104) -> 我到门口了
2023-09-11 22:04:01 V/Bot.2398493975: [SHT荔枝麻酱协会(493057481)] 淡情余描未わ(1297471104) -> 这决定了我是回寝室还是来学活x
2023-09-11 22:04:23 V/Bot.2398493975: [SHT荔枝麻酱协会(493057481)] naf2021(3469392519) -> 我可以
2023-09-11 22:05:32 V/Bot.2398493975: [SHT荔枝麻酱协会(493057481)] naf2021(3469392519) -> 我还能拉一个，不晓得有没有第四个
2023-09-11 22:05:34 V/Bot.2398493975: [SHT荔枝麻酱协会(493057481)] naf2021(3469392519) -> [mirai:image:{38F75889-27E2-D6A3-0507-F99FA5CBAE6A}.jpg, width=66, height=55, size=2400, type=JPG, isEmoji=true]
2023-09-11 22:06:10 V/Bot.2398493975: [SHT荔枝麻酱协会(493057481)] naf2021(3469392519) -> ywyw
2023-09-11 22:06:11 V/Bot.2398493975: [SHT荔枝麻酱协会(493057481)] 冰水 麻将小怨妇(x(308217149) -> [mirai:image:{5CB192FD-F33A-2A2C-618A-6C98F51156C5}.png, width=428, height=119, size=10759, type=PNG, isEmoji=false]
2023-09-11 22:06:26 V/Bot.2398493975: [SHT荔枝麻酱协会(493057481)] 淡情余描未わ(1297471104) -> 死因：3＝1
2023-09-11 22:06:38 V/Bot.2398493975: [SHT荔枝麻酱协会(493057481)] naf2021(3469392519) -> [mirai:image:{76209C17-37E7-884A-7024-4AED3FA5DDA0}.jpg, width=90, height=86, size=6134, type=JPG, isEmoji=true]
2023-09-11 22:06:49 V/Bot.2398493975: [SHT荔枝麻酱协会(493057481)] naf2021(3469392519) -> 冰子小姐怎么还不来学校
2023-09-11 22:07:19 I/UnidbgFetchQsign: Bot(2398493975) request_token, submit success
2023-09-11 22:12:19 V/Bot.2398493975: [獭獭不会交学费军团@(887156367)] 哭哭Excel@被獭獭军团开除3次(472247053) -> 术特好爽好爽
2023-09-11 22:12:23 V/Bot.2398493975: [獭獭不会交学费军团@(887156367)] 哭哭Excel@被獭獭军团开除3次(472247053) -> [mirai:image:{AFC6E4DA-4B8F-DE2C-C933-606D21498AA0}.png, width=324, height=300, size=62607, type=GIF, isEmoji=false]
2023-09-11 22:12:34 V/Bot.2398493975: [獭獭不会交学费军团@(887156367)] Freeze_Kirin(768173212) -> 怎么有职业队全是本家券
2023-09-11 22:12:40 V/Bot.2398493975: [獭獭不会交学费军团@(887156367)] Freeze_Kirin(768173212) -> 虚假宣传！
2023-09-11 22:12:45 V/Bot.2398493975: [獭獭不会交学费军团@(887156367)] Freeze_Kirin(768173212) -> [mirai:image:{8BA0A8DA-B2E2-32A2-C27B-6439CF604997}.png, width=189, height=154, size=4424, type=JPG, isEmoji=true]
2023-09-11 22:13:34 V/Bot.2398493975: [SHT荔枝麻酱协会(493057481)] 冰水 麻将小怨妇(x(308217149) -> 我没地方住阿
2023-09-11 22:13:40 V/Bot.2398493975: [獭獭不会交学费军团@(887156367)] 獭獭买锤子大臣@被獭獭军团开除(963423936) -> [mirai:image:{AFC6E4DA-4B8F-DE2C-C933-606D21498AA0}.gif, width=324, height=300, size=62607, type=GIF, isEmoji=true]
2023-09-11 22:13:46 V/Bot.2398493975: [獭獭不会交学费军团@(887156367)] 冰水@不会反身跳军团(308217149) -> 术特有灵根的时候是真爽
2023-09-11 22:14:01 V/Bot.2398493975: [SHT荔枝麻酱协会(493057481)] naf2021(3469392519) -> 不是穿件大衣睡天桥下吗（x）
2023-09-11 22:14:50 V/Bot.2398493975: [SHT荔枝麻酱协会(493057481)] 冰水 麻将小怨妇(x(308217149) -> [mirai:image:{3AAAD71D-C060-4903-42B1-06C856188C67}.jpg, width=240, height=240, size=13278, type=JPG, isEmoji=false]
2023-09-11 22:18:36 V/Bot.2398493975: [獭獭不会交学费军团@(887156367)] Freeze_Kirin(768173212) -> 直播都卡了
2023-09-11 22:18:44 V/Bot.2398493975: [獭獭不会交学费军团@(887156367)] Freeze_Kirin(768173212) -> 开了就是开了！
2023-09-11 22:21:46 V/Bot.2398493975: [test(389193066)] yyyouch(2461942798) -> ！jrrp
2023-09-11 22:21:48 V/Bot.2398493975: Group(389193066) <- 今日人品：吉
今日适宜役种：对对和
(为防止刷屏，一日内不可多次查询哦！)
2023-09-11 22:23:11 V/Bot.2398493975: [test(389193066)] yyyouch(2461942798) -> ！jrrp
2023-09-11 22:23:12 V/Bot.2398493975: Group(389193066) <- 今日人品：大吉
今日适宜役种：纯全带幺九
(为防止刷屏，一日内不可多次查询哦！)
2023-09-11 22:26:23 V/Bot.2398493975: [SHT荔枝麻酱协会(493057481)] 千梦(449603499) -> 为什么不能住学活(
2023-09-11 22:27:40 V/Bot.2398493975: [test(389193066)] yyyouch(2461942798) -> help
2023-09-11 22:27:43 V/Bot.2398493975: [test(389193066)] dd小助手(3459246674) -> [mirai:image:{11B590D8-9B4F-8EA0-F287-B1B5BA2B3683}.png, width=1000, height=4205, size=564079, type=PNG, isEmoji=false]
2023-09-11 22:27:52 V/Bot.2398493975: [test(389193066)] yyyouch(2461942798) -> ！help
2023-09-11 22:27:53 V/Bot.2398493975: Group(389193066) <- 使用指南：http://shanghaitech-mahjong.top/help
2023-09-11 22:29:38 V/Bot.2398493975: [SHT荔枝麻酱协会(493057481)] jt(981941098) -> 为什么不能住学活(
2023-09-11 22:30:53 V/Bot.2398493975: [獭獭不会交学费军团@(887156367)] zz@獺獺軍団(771507043) -> [不支持的消息#586871581][mirai:image:{62A77DDA-F47D-5AA5-A76B-4059CD432338}.jpg, width=2128, height=1920, size=2328323, type=PNG, isEmoji=false]
2023-09-11 22:32:56 V/Bot.2398493975: [獭獭不会交学费军团@(887156367)] zz@獺獺軍団(771507043) -> [不支持的消息#545670250][mirai:image:{1F2F4D14-4EA9-5BCA-BB21-26821AAD6BEC}.jpg, width=2140, height=1924, size=3271220, type=PNG, isEmoji=false]反正都要飞，为什么不铳我
2023-09-11 22:33:07 V/Bot.2398493975: [獭獭不会交学费军团@(887156367)] 獭獭买锤子大臣@被獭獭军团开除(963423936) -> 草
2023-09-11 22:33:40 V/Bot.2398493975: [SHT荔枝麻酱协会(493057481)] ライちゃん(392595084) -> 为什么不能住学活(
2023-09-11 22:33:46 V/Bot.2398493975: [SHT荔枝麻酱协会(493057481)] naf2021(3469392519) -> 为什么不能住学活(
2023-09-11 22:35:03 V/Bot.2398493975: [獭獭不会交学费军团@(887156367)] タタ@獭獭·ω·咖波●ω●军团(1609323331) -> [mirai:image:{4D43AF98-6CA5-33DF-5622-EFC9592C5B74}.png, width=290, height=228, size=6993, type=GIF, isEmoji=true]
2023-09-11 22:46:48 V/Bot.2398493975: [獭獭不会交学费军团@(887156367)] zz@獺獺軍団(771507043) -> [不支持的消息#1279791769][mirai:image:{3F9CCB04-E2B1-8CAB-076B-53835DFB1734}.jpg, width=2382, height=940, size=1238125, type=PNG, isEmoji=false]offical store怎么还卖轻小说的
2023-09-11 22:47:19 I/UnidbgFetchQsign: Bot(2398493975) request_token, submit success
2023-09-11 23:04:11 V/Bot.2398493975: [獭獭不会交学费军团@(887156367)] タタ@獭獭·ω·咖波●ω●军团(1609323331) -> [mirai:image:{466E21E3-C557-3B0E-C442-2065E6982FB4}.png, width=4096, height=1891, size=3018330, type=JPG, isEmoji=false]
2023-09-11 23:04:17 V/Bot.2398493975: [獭獭不会交学费军团@(887156367)] タタ@獭獭·ω·咖波●ω●军团(1609323331) -> 已经炸弹冠军了
2023-09-11 23:04:21 V/Bot.2398493975: [獭獭不会交学费军团@(887156367)] タタ@獭獭·ω·咖波●ω●军团(1609323331) -> 怎么还没有人来玩
2023-09-11 23:04:25 V/Bot.2398493975: [獭獭不会交学费军团@(887156367)] タタ@獭獭·ω·咖波●ω●军团(1609323331) -> [mirai:image:{F4E0DC81-687A-7A42-5199-40CCB5F0AFBF}.png, width=512, height=512, size=633525, type=GIF, isEmoji=true]
2023-09-11 23:04:32 V/Bot.2398493975: [獭獭不会交学费军团@(887156367)] zz@獺獺軍団(771507043) -> ？
2023-09-11 23:04:37 V/Bot.2398493975: [SHT荔枝麻酱协会(493057481)] hzc(2384102753) -> 可以玩啊
2023-09-11 23:05:09 V/Bot.2398493975: [SHT荔枝麻酱协会(493057481)] naf2021(3469392519) -> [mirai:image:{18A02FDB-A558-4AF4-E0AB-07FF52015109}.jpg, width=74, height=71, size=2742, type=JPG, isEmoji=true]
2023-09-11 23:10:03 V/Bot.2398493975: [獭獭不会交学费军团@(887156367)] 獭獭买锤子大臣@被獭獭军团开除(963423936) -> [mirai:image:{F4E0DC81-687A-7A42-5199-40CCB5F0AFBF}.gif, width=512, height=512, size=633525, type=GIF, isEmoji=true]
2023-09-11 23:10:32 V/Bot.2398493975: [SHT荔枝麻酱协会(493057481)] MEOW@獭獭bot(1609323331) -> [mirai:image:{814543A3-80C4-2F98-8DDD-CBABB5724AB3}.png, width=268, height=208, size=28226, type=GIF, isEmoji=true]
2023-09-11 23:10:59 V/Bot.2398493975: [SHT荔枝麻酱协会(493057481)] naf2021(3469392519) -> 有几个人啊，我可以，但我这另外一个估计没了
2023-09-11 23:11:01 V/Bot.2398493975: [SHT荔枝麻酱协会(493057481)] naf2021(3469392519) -> [mirai:image:{73F9903F-3B05-0B68-7D71-3E234418CBC0}.jpg, width=56, height=45, size=1040, type=JPG, isEmoji=true]
2023-09-11 23:11:51 V/Bot.2398493975: [獭獭不会交学费军团@(887156367)] 哭哭Excel@被獭獭军团开除3次(472247053) -> [mirai:image:{B9F7A5CB-934E-832F-7905-C2975958275B}.gif, width=512, height=512, size=466615, type=GIF, isEmoji=false]
2023-09-11 23:12:29 V/Bot.2398493975: [獭獭不会交学费军团@(887156367)] 獭獭买锤子大臣@被獭獭军团开除(963423936) -> [mirai:image:{B9F7A5CB-934E-832F-7905-C2975958275B}.gif, width=512, height=512, size=466615, type=GIF, isEmoji=false]
2023-09-11 23:14:43 V/Bot.2398493975: [獭獭不会交学费军团@(887156367)] zz@獺獺軍団(771507043) -> 怎么办，4点出发去机场，要不要睡觉
2023-09-11 23:15:14 V/Bot.2398493975: [獭獭不会交学费军团@(887156367)] 哭哭Excel@被獭獭军团开除3次(472247053) -> [mirai:image:{ED21618C-F332-6ECE-B872-589082D2BE32}.jpg, width=342, height=284, size=84688, type=GIF, isEmoji=true]
2023-09-11 23:21:31 V/Bot.2398493975: [SHT荔枝麻酱协会(493057481)] Hatsune(467091276) -> 我可以来，不过差不多要半小时后
2023-09-11 23:27:20 I/UnidbgFetchQsign: Bot(2398493975) request_token, submit success
2023-09-11 23:27:33 V/Bot.2398493975: [SHT荔枝麻酱协会(493057481)] hzc(2384102753) -> 2个人
2023-09-11 23:27:44 V/Bot.2398493975: [SHT荔枝麻酱协会(493057481)] naf2021(3469392519) -> +1
2023-09-11 23:27:46 V/Bot.2398493975: [SHT荔枝麻酱协会(493057481)] naf2021(3469392519) -> [mirai:image:{73F9903F-3B05-0B68-7D71-3E234418CBC0}.jpg, width=56, height=45, size=1040, type=JPG, isEmoji=true]
2023-09-11 23:28:09 V/Bot.2398493975: [SHT荔枝麻酱协会(493057481)] Hatsune(467091276) -> [mirai:image:{539F2474-1E9B-AD85-3356-F6CFE7940C19}.gif, width=100, height=100, size=22578, type=GIF, isEmoji=true]
2023-09-11 23:30:57 V/Bot.2398493975: [SHT荔枝麻酱协会(493057481)] naf2021(3469392519) -> [mirai:quote:[mirai:source:ids=[283589], internalIds=[950255950], from 1297471104 to 493057481 at 1694441186], content=<not yet initialized>][mirai:at:1297471104] lrq还来吗
2023-09-11 23:31:01 V/Bot.2398493975: [SHT荔枝麻酱协会(493057481)] naf2021(3469392519) -> [mirai:image:{0EDB3490-D78A-751A-D97E-D508C3D14BBA}.jpg, width=240, height=240, size=132513, type=GIF, isEmoji=true]
2023-09-11 23:34:43 V/Bot.2398493975: [獭獭不会交学费军团@(887156367)] 獭獭买锤子大臣@被獭獭军团开除(963423936) -> 草
2023-09-11 23:34:47 V/Bot.2398493975: [獭獭不会交学费军团@(887156367)] 獭獭买锤子大臣@被獭獭军团开除(963423936) -> 我也是四点出发去的机场
2023-09-11 23:34:48 V/Bot.2398493975: [獭獭不会交学费军团@(887156367)] 獭獭买锤子大臣@被獭獭军团开除(963423936) -> 我没睡
2023-09-11 23:35:06 V/Bot.2398493975: [獭獭不会交学费军团@(887156367)] 獭獭买锤子大臣@被獭獭军团开除(963423936) -> 反正飞机上睡，落地大巴继续睡
2023-09-11 23:36:40 V/Bot.2398493975: [獭獭不会交学费军团@(887156367)] 冰水@不会反身跳军团(308217149) -> 这不直接飞机上睡睡睡
2023-09-11 23:42:11 V/Bot.2398493975: [SHT荔枝麻酱协会(493057481)] N！T！R！！！(269418386) -> [擦汗]
2023-09-11 23:42:22 V/Bot.2398493975: [SHT荔枝麻酱协会(493057481)] N！T！R！！！(269418386) -> 半夜场
2023-09-11 23:42:43 V/Bot.2398493975: [獭獭不会交学费军团@(887156367)] lax@牛牛道心破碎军团(269418386) -> 飞机能睡多久
2023-09-11 23:43:17 V/Bot.2398493975: [獭獭不会交学费军团@(887156367)] zz@獺獺軍団(771507043) -> 我是早上太原飞上海，下午上海飞东京
2023-09-11 23:44:41 V/Bot.2398493975: [獭獭不会交学费军团@(887156367)] lax@牛牛道心破碎军团(269418386) -> 支离破碎
2023-09-11 23:46:15 V/Bot.2398493975: [獭獭不会交学费军团@(887156367)] 萝卜@萝卜軍団(690875992) -> 能睡40分钟
2023-09-11 23:46:16 V/Bot.2398493975: [獭獭不会交学费军团@(887156367)] 萝卜@萝卜軍団(690875992) -> 我只能
2023-09-11 23:46:28 V/Bot.2398493975: [獭獭不会交学费军团@(887156367)] 萝卜@萝卜軍団(690875992) -> 从滑行到上升到发东西吃
2023-09-11 23:46:33 V/Bot.2398493975: [獭獭不会交学费军团@(887156367)] 萝卜@萝卜軍団(690875992) -> 是我能睡着的时候
2023-09-11 23:46:39 V/Bot.2398493975: [獭獭不会交学费军团@(887156367)] 萝卜@萝卜軍団(690875992) -> [mirai:image:{1D2775C8-4F24-14BC-4B89-E7AA3B0ABF31}.gif, width=304, height=264, size=65154, type=GIF, isEmoji=true]
2023-09-11 23:47:48 V/Bot.2398493975: [獭獭不会交学费军团@(887156367)] zz@獺獺軍団(771507043) -> 除了一次16小时商务舱没尝试过在飞机上睡觉
2023-09-11 23:47:50 V/Bot.2398493975: [獭獭不会交学费军团@(887156367)] lax@牛牛道心破碎军团(269418386) -> 我有一次做梦梦见我在坐飞机 醒来了发现 我真的在坐飞机
2023-09-11 23:47:52 V/Bot.2398493975: [獭獭不会交学费军团@(887156367)] 獭獭买锤子大臣@被獭獭军团开除(963423936) -> 啊？
2023-09-11 23:47:55 V/Bot.2398493975: [獭獭不会交学费军团@(887156367)] lax@牛牛道心破碎军团(269418386) -> 笑死我了
2023-09-11 23:47:56 V/Bot.2398493975: [獭獭不会交学费军团@(887156367)] 獭獭买锤子大臣@被獭獭军团开除(963423936) -> 我每次都在飞机上睡觉……
2023-09-11 23:48:10 V/Bot.2398493975: [獭獭不会交学费军团@(887156367)] 獭獭买锤子大臣@被獭獭军团开除(963423936) -> 我的想法很朴素 万一空难了我就直接昏迷过去好了
2023-09-11 23:48:16 V/Bot.2398493975: [獭獭不会交学费军团@(887156367)] Freeze_Kirin(768173212) -> [mirai:image:{EE7C88BA-DAF0-6A2D-E286-3A059788806D}.png, width=370, height=292, size=77327, type=GIF, isEmoji=true]
2023-09-11 23:48:25 V/Bot.2398493975: [獭獭不会交学费军团@(887156367)] zz@獺獺軍団(771507043) -> 一般两三小时的飞机都在玩手机
2023-09-11 23:48:28 V/Bot.2398493975: [獭獭不会交学费军团@(887156367)] Freeze_Kirin(768173212) -> 你的想法也过于朴素了
2023-09-11 23:48:36 V/Bot.2398493975: [獭獭不会交学费军团@(887156367)] 獭獭买锤子大臣@被獭獭军团开除(963423936) -> 那我作为一个很少坐飞机的人
2023-09-11 23:48:40 V/Bot.2398493975: [獭獭不会交学费军团@(887156367)] 獭獭买锤子大臣@被獭獭军团开除(963423936) -> 还是挺害怕的
2023-09-11 23:48:42 V/Bot.2398493975: [獭獭不会交学费军团@(887156367)] lax@牛牛道心破碎军团(269418386) -> 但是我梦里飞机已经着陆了 醒来发现还在飞
2023-09-11 23:49:01 V/Bot.2398493975: [獭獭不会交学费军团@(887156367)] 獭獭买锤子大臣@被獭獭军团开除(963423936) -> 我飞日本的时候 春秋航空猛的像俄航一样
2023-09-11 23:49:07 V/Bot.2398493975: [獭獭不会交学费军团@(887156367)] 獭獭买锤子大臣@被獭獭军团开除(963423936) -> 晚起飞了40分钟
2023-09-11 23:49:11 V/Bot.2398493975: [獭獭不会交学费军团@(887156367)] 獭獭买锤子大臣@被獭獭军团开除(963423936) -> 结果几乎准点到的
2023-09-11 23:49:12 V/Bot.2398493975: [獭獭不会交学费军团@(887156367)] lax@牛牛道心破碎军团(269418386) -> 我也不想坐飞机 感觉不好
2023-09-11 23:49:15 V/Bot.2398493975: [獭獭不会交学费军团@(887156367)] 獭獭买锤子大臣@被獭獭军团开除(963423936) -> 那他妈叫一个猛
2023-09-11 23:49:50 V/Bot.2398493975: [獭獭不会交学费军团@(887156367)] Freeze_Kirin(768173212) -> 飞机对我来说唯一的缺点是睡觉不舒服。起飞降落还要把椅子调直
2023-09-11 23:49:53 V/Bot.2398493975: [獭獭不会交学费军团@(887156367)] 冰水@不会反身跳军团(308217149) -> 我也不怎么坐飞机
2023-09-11 23:49:54 V/Bot.2398493975: [獭獭不会交学费军团@(887156367)] Freeze_Kirin(768173212) -> [mirai:image:{47D9BEE7-CA87-C51F-C189-3EA1D9A7C118}.png, width=200, height=157, size=70949, type=GIF, isEmoji=true]
2023-09-11 23:50:04 V/Bot.2398493975: [獭獭不会交学费军团@(887156367)] 獭獭买锤子大臣@被獭獭军团开除(963423936) -> 还行
2023-09-11 23:50:06 V/Bot.2398493975: [獭獭不会交学费军团@(887156367)] 獭獭买锤子大臣@被獭獭军团开除(963423936) -> 我睡得很爽
2023-09-11 23:50:10 V/Bot.2398493975: [獭獭不会交学费军团@(887156367)] zz@獺獺軍団(771507043) -> 预计起降时间本来就是有余裕的
2023-09-11 23:50:26 V/Bot.2398493975: [獭獭不会交学费军团@(887156367)] 獭獭买锤子大臣@被獭獭军团开除(963423936) -> 落地就很猛（
2023-09-11 23:50:28 V/Bot.2398493975: [獭獭不会交学费军团@(887156367)] 獭獭买锤子大臣@被獭獭军团开除(963423936) -> 直接开撞
2023-09-11 23:50:45 V/Bot.2398493975: [獭獭不会交学费军团@(887156367)] 獭獭买锤子大臣@被獭獭军团开除(963423936) -> 反观我飞回来国航，降落得滑了二十分钟
2023-09-11 23:51:31 V/Bot.2398493975: [獭獭不会交学费军团@(887156367)] zz@獺獺軍団(771507043) -> 这个主要看附近空域忙不忙，空管什么时候给许可
2023-09-11 23:51:37 V/Bot.2398493975: [獭獭不会交学费军团@(887156367)] Freeze_Kirin(768173212) -> 是捏
2023-09-11 23:52:09 V/Bot.2398493975: [獭獭不会交学费军团@(887156367)] Freeze_Kirin(768173212) -> 飞在天上也要听交警指挥x
2023-09-11 23:52:13 V/Bot.2398493975: [獭獭不会交学费军团@(887156367)] zz@獺獺軍団(771507043) -> （以及如果你快没油了可以优先
2023-09-11 23:52:17 V/Bot.2398493975: [獭獭不会交学费军团@(887156367)] lax@牛牛道心破碎军团(269418386) -> [mirai:image:{61FC1F7C-0AD0-6899-3571-A2B7CB980856}.jpg, width=1920, height=886, size=192624, type=JPG, isEmoji=false]
2023-09-11 23:52:17 V/Bot.2398493975: [獭獭不会交学费军团@(887156367)] タタ@獭獭·ω·咖波●ω●军团(1609323331) -> [mirai:image:{814543A3-80C4-2F98-8DDD-CBABB5724AB3}.png, width=268, height=208, size=28226, type=GIF, isEmoji=true]
2023-09-11 23:52:23 V/Bot.2398493975: [獭獭不会交学费军团@(887156367)] lax@牛牛道心破碎军团(269418386) -> 咋回事 咋改名了
2023-09-11 23:52:38 V/Bot.2398493975: [獭獭不会交学费军团@(887156367)] Freeze_Kirin(768173212) -> 啊这谁
2023-09-11 23:52:52 V/Bot.2398493975: [獭獭不会交学费军团@(887156367)] lax@牛牛道心破碎军团(269418386) -> 应该是饼
2023-09-11 23:52:58 V/Bot.2398493975: [獭獭不会交学费军团@(887156367)] zz@獺獺軍団(771507043) -> 是本物
2023-09-11 23:53:11 V/Bot.2398493975: [獭獭不会交学费军团@(887156367)] zz@獺獺軍団(771507043) -> [不支持的消息#-419444666][mirai:image:{4F4DC173-F8C5-5261-EE81-F1782C379C0F}.jpg, width=2524, height=1424, size=3951758, type=PNG, isEmoji=false]
2023-09-11 23:53:23 V/Bot.2398493975: [獭獭不会交学费军团@(887156367)] lax@牛牛道心破碎军团(269418386) -> 所以为什么改名
2023-09-11 23:53:25 V/Bot.2398493975: [獭獭不会交学费军团@(887156367)] zz@獺獺軍団(771507043) -> 伪伪物
2023-09-11 23:53:37 V/Bot.2398493975: [獭獭不会交学费军团@(887156367)] Freeze_Kirin(768173212) -> 草
2023-09-11 23:55:07 V/Bot.2398493975: [獭獭不会交学费军团@(887156367)] 獭獭买锤子大臣@被獭獭军团开除(963423936) -> 偽物（本物）
2023-09-11 23:56:28 V/Bot.2398493975: [獭獭不会交学费军团@(887156367)] 冰水@不会反身跳军团(308217149) -> 等一下
2023-09-11 23:56:35 V/Bot.2398493975: [獭獭不会交学费军团@(887156367)] 冰水@不会反身跳军团(308217149) -> 散老师谈恋爱了
2023-09-11 23:56:39 V/Bot.2398493975: [獭獭不会交学费军团@(887156367)] 冰水@不会反身跳军团(308217149) -> [mirai:image:{81C32EAA-BC9E-0D14-D683-1B74816AD3C5}.jpg, width=240, height=240, size=11882, type=JPG, isEmoji=true]
2023-09-11 23:56:57 V/Bot.2398493975: [獭獭不会交学费军团@(887156367)] タタ@獭獭·ω·咖波●ω●军团(1609323331) -> [mirai:image:{814543A3-80C4-2F98-8DDD-CBABB5724AB3}.png, width=268, height=208, size=28226, type=GIF, isEmoji=true]
2023-09-11 23:57:45 V/Bot.2398493975: [獭獭不会交学费军团@(887156367)] zz@獺獺軍団(771507043) -> [不支持的消息#828465551][mirai:image:{814543A3-80C4-2F98-8DDD-CBABB5724AB3}.jpg, width=268, height=208, size=28226, type=GIF, isEmoji=false]
2023-09-11 23:57:46 V/Bot.2398493975: [獭獭不会交学费军团@(887156367)] zz@獺獺軍団(771507043) -> [不支持的消息#-346472238][mirai:image:{3A5F7BA6-177D-FE86-BE55-6B28B7F47AF1}.jpg, width=1322, height=1428, size=1589472, type=PNG, isEmoji=false]
2023-09-11 23:58:13 V/Bot.2398493975: [獭獭不会交学费军团@(887156367)] zz@獺獺軍団(771507043) -> 那天输太多了改名改运
2023-09-11 23:59:18 V/Bot.2398493975: [獭獭不会交学费军团@(887156367)] zz@獺獺軍団(771507043) -> [不支持的消息#-55251161][mirai:image:{9585A12D-4D0A-3151-1832-9D75DD5FAAA5}.jpg, width=2300, height=852, size=564240, type=PNG, isEmoji=false]
