2023-08-31 00:29:24 I/UnidbgFetchQsign: Bot(2398493975) request_token, submit success
2023-08-31 00:49:02 V/Bot.2398493975: [SHT荔枝麻酱协会(493057481)] 淡情余描未わ(1297471104) -> 22700
2023-08-31 00:49:03 V/Bot.2398493975: [獭獭云旅游军团@🎤啥(887156367)] 獭獭睡觉大臣@被獭獭军团开除(963423936) -> 26800
2023-08-31 00:49:03 V/Bot.2398493975: [SHT荔枝麻酱协会(493057481)] hzc(2384102753) -> -800
2023-08-31 00:49:10 V/Bot.2398493975: [SHT荔枝麻酱协会(493057481)] Giraffe(472247053) -> 50300
2023-08-31 00:49:11 V/Bot.2398493975: Group(493057481) <- 点数有误，总和不为100000！
2023-08-31 00:49:13 V/Bot.2398493975: [獭獭云旅游军团@🎤啥(887156367)] 獭獭凉快军团(1297471104) -> ！查查我的
2023-08-31 00:49:15 V/Bot.2398493975: Group(887156367) <- 昵称：淡情余描未わ
段位：5级
rate：1485.54
近期顺位：3431432243
更多数据请访问：http://123.60.173.207/mahjong/user/淡情余描未わ
2023-08-31 00:49:23 V/Bot.2398493975: [SHT荔枝麻酱协会(493057481)] Giraffe(472247053) -> 51300
2023-08-31 00:49:24 V/Bot.2398493975: Group(493057481) <- 记录成功：
Giraffe: 51300
獭獭睡觉大臣@被獭獭军团开除: 26800
淡情余描未わ: 22700
hzc: -800
2023-08-31 00:49:36 V/Bot.2398493975: [獭獭云旅游军团@🎤啥(887156367)] hzc@獭獭軍団二度受(2384102753) -> ！查查我的
2023-08-31 00:49:38 V/Bot.2398493975: Group(887156367) <- 昵称：hzc
段位：4级
rate：1518.98
近期顺位：3434111214
更多数据请访问：http://123.60.173.207/mahjong/user/hzc
2023-08-31 00:50:11 V/Bot.2398493975: [獭獭云旅游军团@🎤啥(887156367)] 獭獭睡觉大臣@被獭獭军团开除(963423936) -> ！查查我的
2023-08-31 00:50:12 V/Bot.2398493975: Group(887156367) <- 昵称：獭獭睡觉大臣@被獭獭军团开除
段位：新人
rate：1408.23
近期顺位：434342
更多数据请访问：http://123.60.173.207/mahjong/user/獭獭睡觉大臣@被獭獭军团开除
2023-08-31 01:03:06 V/Bot.2398493975: [獭獭云旅游军团@🎤啥(887156367)] 萝卜@萝卜軍団(690875992) -> ！查查我的
2023-08-31 01:03:07 V/Bot.2398493975: Group(887156367) <- 昵称：布莱克提
段位：新人
rate：1530.0
近期顺位：1
更多数据请访问：http://123.60.173.207/mahjong/user/布莱克提
2023-08-31 01:09:25 I/UnidbgFetchQsign: Bot(2398493975) request_token, submit success
2023-08-31 01:14:46 V/Bot.2398493975: [獭獭云旅游军团@🎤啥(887156367)] タタ@獭獭·ω·咖波●ω●军团(1609323331) -> [mirai:quote:[mirai:source:ids=[65178], internalIds=[1868097521], from 1609323331 to 887156367 at 1693406896], content=<not yet initialized>]修好了
2023-08-31 01:14:50 V/Bot.2398493975: [獭獭云旅游军团@🎤啥(887156367)] タタ@獭獭·ω·咖波●ω●军团(1609323331) -> 有bug
2023-08-31 01:14:53 V/Bot.2398493975: [獭獭云旅游军团@🎤啥(887156367)] タタ@獭獭·ω·咖波●ω●军团(1609323331) -> [mirai:image:{35EE10C3-477F-0FC1-47F3-27B1708C4ED7}.png, width=300, height=216, size=13366, type=JPG, isEmoji=true]
2023-08-31 01:43:11 V/Bot.2398493975: [獭獭云旅游军团@🎤啥(887156367)] 萝卜@萝卜軍団(690875992) -> [mirai:image:{00C81D91-6820-D59D-EBC2-F9751BD77CF8}.jpg, width=902, height=1280, size=216226, type=JPG, isEmoji=false]
2023-08-31 01:45:47 V/Bot.2398493975: [SHT荔枝麻酱协会(493057481)] 小红@獭獭军团(963423936) -> 19800
2023-08-31 01:45:54 V/Bot.2398493975: [SHT荔枝麻酱协会(493057481)] 淡情余描未わ(1297471104) -> 20300
2023-08-31 01:45:57 V/Bot.2398493975: [SHT荔枝麻酱协会(493057481)] Giraffe(472247053) -> 34600
2023-08-31 01:47:40 V/Bot.2398493975: [SHT荔枝麻酱协会(493057481)] hzc(2384102753) -> 25300
2023-08-31 01:47:42 V/Bot.2398493975: Group(493057481) <- 记录成功：
Giraffe: 34600
hzc: 25300
淡情余描未わ: 20300
小红@獭獭军团: 19800
2023-08-31 01:49:31 I/UnidbgFetchQsign: Bot(2398493975) request_token, submit success
2023-08-31 01:55:39 V/Bot.2398493975: [SHT荔枝麻酱协会(493057481)] 小红@獭獭军团(963423936) -> ！查查我的
2023-08-31 01:55:40 V/Bot.2398493975: Group(493057481) <- 昵称：小红@獭獭军团
段位：新人
rate：1380.86
近期顺位：4343424
更多数据请访问：http://123.60.173.207/mahjong/user/小红@獭獭军团
2023-08-31 01:56:59 V/Bot.2398493975: [SHT荔枝麻酱协会(493057481)] 布莱克提(690875992) -> 4343424
2023-08-31 01:59:20 V/Bot.2398493975: [SHT荔枝麻酱协会(493057481)] Twilight(1014197424) -> 4343424
2023-08-31 02:00:08 V/Bot.2398493975: [SHT荔枝麻酱协会(493057481)] Twilight(1014197424) -> ！jrrp
2023-08-31 02:00:09 V/Bot.2398493975: Group(493057481) <- 今日人品：吉
今日适宜役种：立直
(为防止刷屏，一日内不可多次查询哦！)
2023-08-31 02:00:32 V/Bot.2398493975: [SHT荔枝麻酱协会(493057481)] Hatsune(467091276) -> ！jrrp
2023-08-31 02:00:33 V/Bot.2398493975: Group(493057481) <- 今日人品：小吉
今日适宜役种：三色同刻
(为防止刷屏，一日内不可多次查询哦！)
2023-08-31 02:29:32 I/UnidbgFetchQsign: Bot(2398493975) request_token, submit success
2023-08-31 02:36:13 V/Bot.2398493975: [獭獭云旅游军团@🎤啥(887156367)] タタ@獭獭·ω·咖波●ω●军团(1609323331) -> [mirai:image:{35EE10C3-477F-0FC1-47F3-27B1708C4ED7}.png, width=300, height=216, size=13366, type=JPG, isEmoji=true]
2023-08-31 02:41:02 V/Bot.2398493975: [獭獭云旅游军团@🎤啥(887156367)] 獭獭睡觉大臣@被獭獭军团开除(963423936) -> [mirai:app:{
  "config" : {
    "height" : 0,
    "forward" : 1,
    "ctime" : 1693420859,
    "width" : 0,
    "type" : "normal",
    "token" : "996772a7a5eab0d6a4024f3adafce5fc",
    "autoSize" : 0
  },
  "prompt" : "[QQ小程序]やめんなよーっ！（别退出哦！）",
  "app" : "com.tencent.miniapp_01",
  "ver" : "0.0.0.1",
  "appID" : "100951776",
  "view" : "view_8C8E89B49BE609866298ADDFF2DBABA4",
  "meta" : {
    "detail_1" : {
      "appid" : "1109937557",
      "preview" : "https:\/\/pic.ugcimg.cn\/674149303785c3d74752c5c9abe20686\/jpg1",
      "shareTemplateData" : {

      },
      "gamePointsUrl" : "",
      "gamePoints" : "",
      "url" : "m.q.qq.com\/a\/s\/0b2f89f61105ab36ff12f51a05eb5190",
      "appType" : 0,
      "desc" : "やめんなよーっ！（别退出哦！）",
      "title" : "哔哩哔哩",
      "scene" : 1036,
      "host" : {
        "uin" : 963423936,
        "nick" : "小红今天早饭了吗"
      },
      "icon" : "https:\/\/open.gtimg.cn\/open\/app_icon\/00\/95\/17\/76\/100951776_100_m.png?t=1693381393",
      "shareTemplateId" : "8C8E89B49BE609866298ADDFF2DBABA4",
      "qqdocurl" : "https:\/\/b23.tv\/TSoBvs1",
      "showLittleTail" : ""
    }
  },
  "bthirdappforward" : true,
  "bthirdappforwardforbackendswitch" : true,
  "desc" : ""
}]
2023-08-31 02:55:39 V/Bot.2398493975: [SHT荔枝麻酱协会(493057481)] yyyouch(2461942798) -> ！jrrp
2023-08-31 02:55:40 V/Bot.2398493975: Group(493057481) <- 今日人品：大吉
今日适宜役种：三杠子
(为防止刷屏，一日内不可多次查询哦！)
2023-08-31 02:56:49 V/Bot.2398493975: [SHT荔枝麻酱协会(493057481)] 700·400(928632210) -> ！jrrp
2023-08-31 02:56:50 V/Bot.2398493975: Group(493057481) <- 今日人品：吉
今日适宜役种：门前淸自摸和
(为防止刷屏，一日内不可多次查询哦！)
2023-08-31 03:09:32 I/UnidbgFetchQsign: Bot(2398493975) request_token, submit success
2023-08-31 03:49:39 I/UnidbgFetchQsign: Bot(2398493975) request_token, submit success
2023-08-31 04:29:39 I/UnidbgFetchQsign: Bot(2398493975) request_token, submit success
2023-08-31 05:09:40 I/UnidbgFetchQsign: Bot(2398493975) request_token, submit success
2023-08-31 05:49:46 I/UnidbgFetchQsign: Bot(2398493975) request_token, submit success
2023-08-31 06:29:47 I/UnidbgFetchQsign: Bot(2398493975) request_token, submit success
2023-08-31 07:09:48 I/UnidbgFetchQsign: Bot(2398493975) request_token, submit success
2023-08-31 07:19:43 V/Bot.2398493975: [SHT荔枝麻酱协会(493057481)] 殒落凡尘的星(2510816477) -> ！jrrp
2023-08-31 07:19:44 V/Bot.2398493975: Group(493057481) <- 今日人品：吉
今日适宜役种：门前淸自摸和
(为防止刷屏，一日内不可多次查询哦！)
2023-08-31 07:49:54 I/UnidbgFetchQsign: Bot(2398493975) request_token, submit success
2023-08-31 08:06:31 V/Bot.2398493975: [獭獭云旅游军团@🎤啥(887156367)] lax@牛牛道心破碎军团(269418386) -> [mirai:quote:[mirai:source:ids=[65216], internalIds=[2097022041], from 690875992 to 887156367 at 1693417391], content=<not yet initialized>][mirai:at:690875992] 意思这是个长篇
2023-08-31 08:06:36 V/Bot.2398493975: [獭獭云旅游军团@🎤啥(887156367)] lax@牛牛道心破碎军团(269418386) -> 怎么还在打
2023-08-31 08:29:54 I/UnidbgFetchQsign: Bot(2398493975) request_token, submit success
2023-08-31 08:48:44 V/Bot.2398493975: [SHT荔枝麻酱协会(493057481)] 米浴说的道理(3169283436) -> ！jrrp
2023-08-31 08:48:46 V/Bot.2398493975: Group(493057481) <- 今日人品：中吉
今日适宜役种：字一色
(为防止刷屏，一日内不可多次查询哦！)
2023-08-31 08:52:44 V/Bot.2398493975: [SHT荔枝麻酱协会(493057481)] 优雅猛牛(695150175) -> ！jrrp
2023-08-31 08:52:45 V/Bot.2398493975: Group(493057481) <- 今日人品：吉
今日适宜役种：混全带幺九
(为防止刷屏，一日内不可多次查询哦！)
2023-08-31 08:58:14 V/Bot.2398493975: [SHT荔枝麻酱协会(493057481)] 隔壁老王(297234073) -> ！jrrp
2023-08-31 08:58:15 V/Bot.2398493975: Group(493057481) <- 今日人品：大凶
今日适宜役种：弃和
(为防止刷屏，一日内不可多次查询哦！)
2023-08-31 09:09:55 I/UnidbgFetchQsign: Bot(2398493975) request_token, submit success
2023-08-31 09:09:56 V/Bot.2398493975: [SHT荔枝麻酱协会(493057481)] ライちゃん(392595084) -> ！jrrp
2023-08-31 09:09:57 V/Bot.2398493975: Group(493057481) <- 今日人品：吉
今日适宜役种：对对和
(为防止刷屏，一日内不可多次查询哦！)
2023-08-31 09:50:01 I/UnidbgFetchQsign: Bot(2398493975) request_token, submit success
2023-08-31 10:01:28 V/Bot.2398493975: [SHT荔枝麻酱协会(493057481)] 1st(576851388) -> ！jrrp
2023-08-31 10:01:29 V/Bot.2398493975: Group(493057481) <- 今日人品：中吉
今日适宜役种：纯正九莲宝灯
(为防止刷屏，一日内不可多次查询哦！)
2023-08-31 10:30:02 I/UnidbgFetchQsign: Bot(2398493975) request_token, submit success
2023-08-31 10:53:45 V/Bot.2398493975: [SHT荔枝麻酱协会(493057481)] ライちゃん(392595084) -> 适宜这个的人品居然只是中吉吗
2023-08-31 11:05:54 V/Bot.2398493975: [SHT荔枝麻酱协会(493057481)] naf2021(3469392519) -> ！jrrp
2023-08-31 11:05:55 V/Bot.2398493975: Group(493057481) <- 今日人品：小吉
今日适宜役种：门前淸自摸和
(为防止刷屏，一日内不可多次查询哦！)
2023-08-31 11:10:03 I/UnidbgFetchQsign: Bot(2398493975) request_token, submit success
2023-08-31 11:43:42 V/Bot.2398493975: [獭獭云旅游军团@🎤啥(887156367)] Freeze_Kirin(768173212) -> [mirai:quote:[mirai:source:ids=[65216], internalIds=[2097022041], from 690875992 to 887156367 at 1693417391], content=<not yet initialized>][mirai:at:690875992] 在哪看，还有吗
2023-08-31 11:48:13 V/Bot.2398493975: [獭獭云旅游军团@🎤啥(887156367)] 萝卜@萝卜軍団(690875992) -> ？
2023-08-31 11:49:10 V/Bot.2398493975: [SHT荔枝麻酱协会(493057481)] 牙牙(1105692313) -> ！jrrp
2023-08-31 11:49:11 V/Bot.2398493975: Group(493057481) <- 今日人品：吉
今日适宜役种：门前淸自摸和
(为防止刷屏，一日内不可多次查询哦！)
2023-08-31 11:49:26 V/Bot.2398493975: [獭獭云旅游军团@🎤啥(887156367)] 萝卜@萝卜軍団(690875992) -> 看不得这种东西
2023-08-31 11:49:50 V/Bot.2398493975: [獭獭云旅游军团@🎤啥(887156367)] 萝卜@萝卜軍団(690875992) -> 右边写了这是什么
2023-08-31 11:50:09 I/UnidbgFetchQsign: Bot(2398493975) request_token, submit success
2023-08-31 11:50:48 V/Bot.2398493975: [獭獭云旅游军团@🎤啥(887156367)] 萝卜@萝卜軍団(690875992) -> 后面应该就不是麻将了
2023-08-31 11:51:00 V/Bot.2398493975: [獭獭云旅游军团@🎤啥(887156367)] Freeze_Kirin(768173212) -> [mirai:image:{47D9BEE7-CA87-C51F-C189-3EA1D9A7C118}.png, width=200, height=157, size=70949, type=GIF, isEmoji=true]
2023-08-31 11:51:05 V/Bot.2398493975: [獭獭云旅游军团@🎤啥(887156367)] Freeze_Kirin(768173212) -> 就要看这个！
2023-08-31 12:09:23 V/Bot.2398493975: [SHT荔枝麻酱协会(493057481)] Ares(2304847556) -> ！jrrp
2023-08-31 12:09:24 V/Bot.2398493975: Group(493057481) <- 今日人品：大凶
今日适宜役种：断幺九
(为防止刷屏，一日内不可多次查询哦！)
2023-08-31 12:22:36 V/Bot.2398493975: [SHT荔枝麻酱协会(493057481)] 啊对对对(1013352006) -> ！jrrp
2023-08-31 12:22:37 V/Bot.2398493975: Group(493057481) <- 今日人品：大凶
今日适宜役种：门前淸自摸和
(为防止刷屏，一日内不可多次查询哦！)
2023-08-31 12:30:09 I/UnidbgFetchQsign: Bot(2398493975) request_token, submit success
2023-08-31 12:42:38 V/Bot.2398493975: [獭獭云旅游军团@🎤啥(887156367)] 獭獭睡觉大臣@被獭獭军团开除(963423936) -> [mirai:image:{3E2020C7-B29F-700A-A87D-1A841A1AA787}.jpg, width=3445, height=3445, size=871656, type=PNG, isEmoji=false]
2023-08-31 12:50:02 V/Bot.2398493975: [獭獭云旅游军团@🎤啥(887156367)] 獭獭睡觉大臣@被獭獭军团开除(963423936) -> [mirai:image:{D31200C6-0D8A-FD2D-3AEA-5527159F26BC}.jpg, width=580, height=521, size=68513, type=PNG, isEmoji=false]
2023-08-31 12:50:06 V/Bot.2398493975: [獭獭云旅游军团@🎤啥(887156367)] 獭獭睡觉大臣@被獭獭军团开除(963423936) -> [mirai:image:{324BFB53-FA80-53C9-37B9-AD4CD7B3C147}.gif, width=280, height=260, size=30126, type=GIF, isEmoji=true]
2023-08-31 13:01:23 V/Bot.2398493975: [獭獭云旅游军团@🎤啥(887156367)] lax@牛牛道心破碎军团(269418386) -> 牛的
2023-08-31 13:01:41 V/Bot.2398493975: [獭獭云旅游军团@🎤啥(887156367)] lax@牛牛道心破碎军团(269418386) -> 反正也不会唱
2023-08-31 13:06:35 V/Bot.2398493975: [SHT荔枝麻酱协会(493057481)] N！T！R！！！(269418386) -> 为什么大凶还要打牌 还有适宜役种
2023-08-31 13:09:22 V/Bot.2398493975: [獭獭云旅游军团@🎤啥(887156367)] 獭獭睡觉大臣@被獭獭军团开除(963423936) -> [mirai:image:{1091F482-BF65-29C3-80C1-4CB0AC37BF40}.jpg, width=1048, height=1557, size=228675, type=PNG, isEmoji=false]
2023-08-31 13:10:10 I/UnidbgFetchQsign: Bot(2398493975) request_token, submit success
2023-08-31 13:23:46 V/Bot.2398493975: [獭獭云旅游军团@🎤啥(887156367)] 獭獭睡觉大臣@被獭獭军团开除(963423936) -> 【几分钟带你看完MYGO前十集♿️】 https://www.bilibili.com/video/BV1444y1F7rA/?share_source=copy_web&vd_source=22c949d8becbc6f7743d28bbc96675a3
2023-08-31 13:30:11 V/Bot.2398493975: [獭獭云旅游军团@🎤啥(887156367)] 哭哭Kirin@被獭獭军团开除两次(472247053) -> [mirai:image:{454FC85F-2A01-FDAC-3614-E70ECA7D05E6}.jpg, width=1080, height=1140, size=104456, type=JPG, isEmoji=false]
2023-08-31 13:50:16 I/UnidbgFetchQsign: Bot(2398493975) request_token, submit success
2023-08-31 13:54:38 V/Bot.2398493975: [SHT荔枝麻酱协会(493057481)] 大可奇丽(1485280964) -> ！jrrp
2023-08-31 13:54:39 V/Bot.2398493975: Group(493057481) <- 今日人品：小吉
今日适宜役种：对对和
(为防止刷屏，一日内不可多次查询哦！)
2023-08-31 14:08:46 V/Bot.2398493975: [獭獭云旅游军团@🎤啥(887156367)] 獭獭睡觉大臣@被獭獭军团开除(963423936) -> 【【泛式】常看常新！泛式看mygo小剧场每次都有新的领悟！！】 https://www.bilibili.com/video/BV1yx4y1f76x/?share_source=copy_web&vd_source=22c949d8becbc6f7743d28bbc96675a3
2023-08-31 14:08:53 V/Bot.2398493975: [獭獭云旅游军团@🎤啥(887156367)] 獭獭睡觉大臣@被獭獭军团开除(963423936) -> [mirai:image:{7031CDF6-A8A2-8F05-1A75-3E11FE2AF640}.gif, width=200, height=167, size=67839, type=GIF, isEmoji=true]
2023-08-31 14:10:32 V/Bot.2398493975: [獭獭云旅游军团@🎤啥(887156367)] lax@牛牛道心破碎军团(269418386) -> [mirai:image:{F9A1EA9B-5E84-1CAD-78FA-30BFE31E6235}.jpg, width=300, height=300, size=9566, type=JPG, isEmoji=true]
2023-08-31 14:12:12 V/Bot.2398493975: [獭獭云旅游军团@🎤啥(887156367)] 獭獭睡觉大臣@被獭獭军团开除(963423936) -> [mirai:image:{7C659D43-DA9A-9B1E-6F64-D0CA83C3AF08}.gif, width=308, height=218, size=88602, type=GIF, isEmoji=true]
2023-08-31 14:30:17 I/UnidbgFetchQsign: Bot(2398493975) request_token, submit success
2023-08-31 14:37:59 V/Bot.2398493975: [獭獭云旅游军团@🎤啥(887156367)] 獭獭睡觉大臣@被獭獭军团开除(963423936) -> 难绷
2023-08-31 14:38:01 V/Bot.2398493975: [獭獭云旅游军团@🎤啥(887156367)] 獭獭睡觉大臣@被獭獭军团开除(963423936) -> [mirai:image:{7E09F355-2E8C-3B2A-01FD-3CC9036AFB93}.png, width=1703, height=1073, size=1964997, type=PNG, isEmoji=false]
2023-08-31 14:43:17 V/Bot.2398493975: [SHT荔枝麻酱协会(493057481)] rokina(1024182759) -> ！jrrp
2023-08-31 14:43:18 V/Bot.2398493975: Group(493057481) <- 今日人品：吉
今日适宜役种：一气通贯
(为防止刷屏，一日内不可多次查询哦！)
2023-08-31 14:43:35 V/Bot.2398493975: [獭獭云旅游军团@🎤啥(887156367)] タタ@獭獭·ω·咖波●ω●军团(1609323331) -> [mirai:image:{D10A9E73-80A8-9CAE-EF2C-74DAAD5DE332}.png, width=2388, height=1668, size=406998, type=JPG, isEmoji=false]
2023-08-31 14:43:36 V/Bot.2398493975: [獭獭云旅游军团@🎤啥(887156367)] タタ@獭獭·ω·咖波●ω●军团(1609323331) -> [mirai:image:{C8E8094B-CB49-F06F-791E-0B522869926D}.png, width=300, height=300, size=17848, type=JPG, isEmoji=true]
2023-08-31 14:46:03 V/Bot.2398493975: [SHT荔枝麻酱协会(493057481)] 小红@獭獭军团(963423936) -> ！jrrp
2023-08-31 14:46:05 V/Bot.2398493975: Group(493057481) <- 今日人品：大凶
今日适宜役种：断幺九
(为防止刷屏，一日内不可多次查询哦！)
2023-08-31 14:49:00 V/Bot.2398493975: [SHT荔枝麻酱协会(493057481)] Asphyxia Amant(1614473174) -> ！jrrp
2023-08-31 14:49:01 V/Bot.2398493975: Group(493057481) <- 今日人品：小吉
今日适宜役种：断幺九
(为防止刷屏，一日内不可多次查询哦！)
2023-08-31 15:10:18 I/UnidbgFetchQsign: Bot(2398493975) request_token, submit success
2023-08-31 15:50:24 I/UnidbgFetchQsign: Bot(2398493975) request_token, submit success
2023-08-31 15:59:23 V/Bot.2398493975: [SHT荔枝麻酱协会(493057481)] 爱自己&爱生活(1140730987) -> ！jrrp
2023-08-31 15:59:24 V/Bot.2398493975: Group(493057481) <- 今日人品：小吉
今日适宜役种：纯全带幺九
(为防止刷屏，一日内不可多次查询哦！)
2023-08-31 16:18:33 V/Bot.2398493975: [test(389193066)] yyyouch(2461942798) -> [mirai:image:{88159EBE-AC34-1E6F-D035-DB13F155A10C}.png, width=1080, height=974, size=57024, type=JPG, isEmoji=false]
2023-08-31 16:18:44 V/Bot.2398493975: Event: GroupRecall(bot=Bot(2398493975), authorId=2461942798, messageIds=[37936], messageInternalIds=[2122618670], messageTime=1693469913, operator=NormalMember(2461942798), group=Group(389193066), author=NormalMember(2461942798))
2023-08-31 16:20:30 V/Bot.2398493975: [test(389193066)] yyyouch(2461942798) -> [mirai:image:{88159EBE-AC34-1E6F-D035-DB13F155A10C}.png, width=1080, height=974, size=57024, type=JPG, isEmoji=false]
2023-08-31 16:20:45 V/Bot.2398493975: Event: GroupRecall(bot=Bot(2398493975), authorId=2461942798, messageIds=[37937], messageInternalIds=[1113513316], messageTime=1693470029, operator=NormalMember(2461942798), group=Group(389193066), author=NormalMember(2461942798))
2023-08-31 16:21:10 V/Bot.2398493975: [test(389193066)] yyyouch(2461942798) -> [mirai:image:{88159EBE-AC34-1E6F-D035-DB13F155A10C}.png, width=1080, height=974, size=57024, type=JPG, isEmoji=false]
2023-08-31 16:21:15 V/Bot.2398493975: Event: GroupRecall(bot=Bot(2398493975), authorId=2461942798, messageIds=[37938], messageInternalIds=[1873956768], messageTime=1693470070, operator=NormalMember(2461942798), group=Group(389193066), author=NormalMember(2461942798))
2023-08-31 16:21:49 V/Bot.2398493975: [test(389193066)] yyyouch(2461942798) -> [mirai:image:{88159EBE-AC34-1E6F-D035-DB13F155A10C}.png, width=1080, height=974, size=57024, type=JPG, isEmoji=false]
2023-08-31 16:24:51 V/Bot.2398493975: [test(389193066)] 时雨(1609323331) -> [mirai:image:{7D702C90-B8CB-DD4A-FB6F-A155A581C02B}.png, width=1080, height=974, size=89988, type=JPG, isEmoji=false]
2023-08-31 16:25:38 V/Bot.2398493975: [SHT荔枝麻酱协会(493057481)] hzc(2384102753) -> ！jrrp
2023-08-31 16:25:39 V/Bot.2398493975: Group(493057481) <- 今日人品：小吉
今日适宜役种：三色同刻
(为防止刷屏，一日内不可多次查询哦！)
2023-08-31 16:26:11 V/Bot.2398493975: [SHT荔枝麻酱协会(493057481)] MEOW@獭獭bot(1609323331) -> ！jrrp
2023-08-31 16:26:12 V/Bot.2398493975: Group(493057481) <- 今日人品：凶
今日适宜役种：断幺九
(为防止刷屏，一日内不可多次查询哦！)
2023-08-31 16:26:20 V/Bot.2398493975: [SHT荔枝麻酱协会(493057481)] MEOW@獭獭bot(1609323331) -> [mirai:image:{6160020E-84FB-F100-8890-CA6EB87DDB50}.png, width=66, height=58, size=2453, type=JPG, isEmoji=true]
2023-08-31 16:30:25 I/UnidbgFetchQsign: Bot(2398493975) request_token, submit success
2023-08-31 16:34:24 V/Bot.2398493975: [獭獭云旅游军团@🎤啥(887156367)] タタ@獭獭·ω·咖波●ω●军团(1609323331) -> 为什么总力战作业一堆没炮台有尼禄的
2023-08-31 16:34:28 V/Bot.2398493975: [獭獭云旅游军团@🎤啥(887156367)] タタ@獭獭·ω·咖波●ω●军团(1609323331) -> 我只有炮台
2023-08-31 16:34:31 V/Bot.2398493975: [獭獭云旅游军团@🎤啥(887156367)] タタ@獭獭·ω·咖波●ω●军团(1609323331) -> [mirai:image:{FB9C65FB-5685-1B12-1B13-836B38246164}.png, width=292, height=205, size=61102, type=GIF, isEmoji=true]
2023-08-31 16:35:21 V/Bot.2398493975: [獭獭云旅游军团@🎤啥(887156367)] Freeze_Kirin(768173212) -> [mirai:image:{BE55A3FF-AA67-6378-11FA-1F72BF3ACC70}.png, width=512, height=512, size=504472, type=GIF, isEmoji=true]
2023-08-31 16:35:31 V/Bot.2398493975: [獭獭云旅游军团@🎤啥(887156367)] Freeze_Kirin(768173212) -> 我已快乐hc摆烂
2023-08-31 16:35:44 V/Bot.2398493975: [獭獭云旅游军团@🎤啥(887156367)] タタ@獭獭·ω·咖波●ω●军团(1609323331) ->  尼禄的困难本
2023-08-31 16:35:47 V/Bot.2398493975: [獭獭云旅游军团@🎤啥(887156367)] lax@牛牛道心破碎军团(269418386) -> [mirai:image:{19E64C26-DEDB-CB93-9180-0CF344AA9E8C}.jpg, width=516, height=250, size=20850, type=JPG, isEmoji=false]
2023-08-31 16:36:01 V/Bot.2398493975: [獭獭云旅游军团@🎤啥(887156367)] タタ@獭獭·ω·咖波●ω●军团(1609323331) -> 我那关还是两星
2023-08-31 16:36:03 V/Bot.2398493975: [獭獭云旅游军团@🎤啥(887156367)] タタ@獭獭·ω·咖波●ω●军团(1609323331) -> [mirai:image:{100C172F-B822-10F7-B7AA-AEB0CDC904DD}.png, width=350, height=300, size=119247, type=GIF, isEmoji=true]
2023-08-31 16:36:07 I/Bot.2398493975: Saved account secrets to local cache for fast login.
2023-08-31 16:37:00 V/Bot.2398493975: [獭獭云旅游军团@🎤啥(887156367)] タタ@獭獭·ω·咖波●ω●军团(1609323331) -> 把打ins的人都鲨了我就赢了[mirai:image:{2CD5B7CC-E011-ECB7-A82B-1808D6ACABCD}.png, width=2388, height=1668, size=376946, type=JPG, isEmoji=false]
2023-08-31 16:37:04 V/Bot.2398493975: [獭獭云旅游军团@🎤啥(887156367)] Freeze_Kirin(768173212) -> 借个尼禄不能打嘛
2023-08-31 16:37:19 V/Bot.2398493975: [獭獭云旅游军团@🎤啥(887156367)] タタ@獭獭·ω·咖波●ω●军团(1609323331) -> 要借mika
2023-08-31 16:37:27 V/Bot.2398493975: [獭獭云旅游军团@🎤啥(887156367)] Freeze_Kirin(768173212) -> [mirai:image:{7A6A1C32-E803-5A63-B146-57CC40CE4C85}.png, width=352, height=254, size=39350, type=GIF, isEmoji=true]
2023-08-31 16:37:30 V/Bot.2398493975: [獭獭云旅游军团@🎤啥(887156367)] タタ@獭獭·ω·咖波●ω●军团(1609323331) -> [mirai:image:{C3F7E631-5BD5-2868-7164-7D45D5597127}.png, width=352, height=296, size=156150, type=GIF, isEmoji=false]
2023-08-31 16:37:33 V/Bot.2398493975: [SHT荔枝麻酱协会(493057481)] 4000all！(1846411487) -> ！jrrp
2023-08-31 16:37:34 V/Bot.2398493975: Group(493057481) <- 今日人品：吉
今日适宜役种：一气通贯
(为防止刷屏，一日内不可多次查询哦！)
2023-08-31 16:37:44 V/Bot.2398493975: [獭獭云旅游军团@🎤啥(887156367)] タタ@獭獭·ω·咖波●ω●军团(1609323331) -> 要用两只mika打
2023-08-31 16:37:46 V/Bot.2398493975: [獭獭云旅游军团@🎤啥(887156367)] タタ@獭獭·ω·咖波●ω●军团(1609323331) -> [mirai:image:{100C172F-B822-10F7-B7AA-AEB0CDC904DD}.png, width=350, height=300, size=119247, type=GIF, isEmoji=true]
2023-08-31 16:38:00 V/Bot.2398493975: [獭獭云旅游军团@🎤啥(887156367)] タタ@獭獭·ω·咖波●ω●军团(1609323331) -> 没尼禄应该也能过
2023-08-31 16:38:14 V/Bot.2398493975: [獭獭云旅游军团@🎤啥(887156367)] タタ@獭獭·ω·咖波●ω●军团(1609323331) -> 但是我没轮椅没优超不了作业
2023-08-31 16:38:20 V/Bot.2398493975: [獭獭云旅游军团@🎤啥(887156367)] タタ@獭獭·ω·咖波●ω●军团(1609323331) -> 要原创了
2023-08-31 16:38:23 V/Bot.2398493975: [獭獭云旅游军团@🎤啥(887156367)] タタ@獭獭·ω·咖波●ω●军团(1609323331) -> [mirai:image:{4A921C18-FF44-2C37-9E7C-971837637B1D}.png, width=300, height=130, size=6492, type=JPG, isEmoji=true]
2023-08-31 16:38:27 V/Bot.2398493975: [獭獭云旅游军团@🎤啥(887156367)] Freeze_Kirin(768173212) -> 要科研了
2023-08-31 16:38:30 V/Bot.2398493975: [獭獭云旅游军团@🎤啥(887156367)] Freeze_Kirin(768173212) -> [mirai:image:{AFC6E4DA-4B8F-DE2C-C933-606D21498AA0}.png, width=324, height=300, size=62607, type=GIF, isEmoji=true]
2023-08-31 16:39:13 V/Bot.2398493975: [獭獭云旅游军团@🎤啥(887156367)] タタ@獭獭·ω·咖波●ω●军团(1609323331) -> [mirai:image:{58A1CA97-D54F-DEFC-B1E5-C515FE6ADEEA}.png, width=934, height=258, size=22507, type=JPG, isEmoji=false]
2023-08-31 16:39:13 V/Bot.2398493975: [獭獭云旅游军团@🎤啥(887156367)] 獭獭睡觉大臣@被獭獭军团开除(963423936) -> [mirai:image:{AFC6E4DA-4B8F-DE2C-C933-606D21498AA0}.png, width=324, height=300, size=62607, type=GIF, isEmoji=true]
2023-08-31 16:40:10 V/Bot.2398493975: [SHT荔枝麻酱协会(493057481)] 宅哥(2832900934) -> [mirai:image:{071E7E7E-936E-21FC-323B-46563B17D937}.jpg, width=1920, height=860, size=163350, type=JPG, isEmoji=false]
2023-08-31 16:40:34 V/Bot.2398493975: [SHT荔枝麻酱协会(493057481)] 宅哥(2832900934) -> 累计役满 爽
2023-08-31 16:40:36 V/Bot.2398493975: [SHT荔枝麻酱协会(493057481)] 宅哥(2832900934) -> [菜狗][菜狗]
2023-08-31 16:41:08 V/Bot.2398493975: [獭獭云旅游军团@🎤啥(887156367)] Freeze_Kirin(768173212) -> 现在刷碎片也来不及了吧
2023-08-31 16:41:15 V/Bot.2398493975: [獭獭云旅游军团@🎤啥(887156367)] Freeze_Kirin(768173212) -> 快科研
2023-08-31 16:41:29 V/Bot.2398493975: [獭獭云旅游军团@🎤啥(887156367)] タタ@獭獭·ω·咖波●ω●军团(1609323331) -> 从来没刷过
2023-08-31 16:42:27 V/Bot.2398493975: [SHT荔枝麻酱协会(493057481)] 隔壁老王(297234073) -> [点赞]
2023-08-31 16:42:45 V/Bot.2398493975: [獭獭云旅游军团@🎤啥(887156367)] タタ@獭獭·ω·咖波●ω●军团(1609323331) -> 妮露碎片在獭獭这里排不进前十
2023-08-31 16:42:50 V/Bot.2398493975: [獭獭云旅游军团@🎤啥(887156367)] タタ@獭獭·ω·咖波●ω●军团(1609323331) -> 没机会刷
2023-08-31 16:42:52 V/Bot.2398493975: [獭獭云旅游军团@🎤啥(887156367)] タタ@獭獭·ω·咖波●ω●军团(1609323331) -> [mirai:image:{A31463D2-BD3C-9584-ED1D-5DC6DABBAC1B}.png, width=150, height=150, size=855112, type=GIF, isEmoji=true]
2023-08-31 16:43:10 V/Bot.2398493975: [獭獭云旅游军团@🎤啥(887156367)] Freeze_Kirin(768173212) -> [mirai:image:{6DB8D47D-6D88-2BA8-3315-3C91BE0598DE}.png, width=200, height=156, size=81787, type=GIF, isEmoji=true]
2023-08-31 16:44:15 V/Bot.2398493975: [獭獭云旅游军团@🎤啥(887156367)] Freeze_Kirin(768173212) -> 不想翻牌了，4k一个彩，不如推hard
2023-08-31 16:44:20 V/Bot.2398493975: [獭獭云旅游军团@🎤啥(887156367)] Freeze_Kirin(768173212) -> [mirai:image:{7C659D43-DA9A-9B1E-6F64-D0CA83C3AF08}.png, width=308, height=218, size=88602, type=GIF, isEmoji=true]
2023-08-31 16:44:40 V/Bot.2398493975: [獭獭云旅游军团@🎤啥(887156367)] タタ@獭獭·ω·咖波●ω●军团(1609323331) -> 能刷的碎片
2023-08-31 16:44:46 V/Bot.2398493975: [獭獭云旅游军团@🎤啥(887156367)] タタ@獭獭·ω·咖波●ω●军团(1609323331) -> 离毕业最近的一个
2023-08-31 16:44:52 V/Bot.2398493975: [獭獭云旅游军团@🎤啥(887156367)] タタ@獭獭·ω·咖波●ω●军团(1609323331) -> [mirai:image:{B103D618-9A48-8054-5571-D588EEA61FF4}.png, width=2388, height=1668, size=263664, type=JPG, isEmoji=false]
2023-08-31 16:44:58 V/Bot.2398493975: [獭獭云旅游军团@🎤啥(887156367)] タタ@獭獭·ω·咖波●ω●军团(1609323331) -> [mirai:image:{35EE10C3-477F-0FC1-47F3-27B1708C4ED7}.png, width=300, height=216, size=13366, type=JPG, isEmoji=true]
2023-08-31 16:46:24 V/Bot.2398493975: [獭獭云旅游军团@🎤啥(887156367)] タタ@獭獭·ω·咖波●ω●军团(1609323331) -> [mirai:image:{BE55A3FF-AA67-6378-11FA-1F72BF3ACC70}.png, width=512, height=512, size=504472, type=GIF, isEmoji=true]
2023-08-31 16:46:31 V/Bot.2398493975: [獭獭云旅游军团@🎤啥(887156367)] タタ@獭獭·ω·咖波●ω●军团(1609323331) -> 金币比昨天少了2kw
2023-08-31 16:46:38 V/Bot.2398493975: [獭獭云旅游军团@🎤啥(887156367)] タタ@獭獭·ω·咖波●ω●军团(1609323331) -> 怎么会是捏
2023-08-31 16:46:39 V/Bot.2398493975: [獭獭云旅游军团@🎤啥(887156367)] Freeze_Kirin(768173212) -> [mirai:image:{1C216893-D774-9211-32D3-B2BDA77D2328}.png, width=125, height=125, size=3893, type=JPG, isEmoji=true]
2023-08-31 16:46:56 V/Bot.2398493975: [獭獭云旅游军团@🎤啥(887156367)] Freeze_Kirin(768173212) -> 蒸发了
2023-08-31 16:47:17 V/Bot.2398493975: [獭獭云旅游军团@🎤啥(887156367)] タタ@獭獭·ω·咖波●ω●军团(1609323331) -> 升了几个技能
2023-08-31 16:47:21 V/Bot.2398493975: [獭獭云旅游军团@🎤啥(887156367)] タタ@獭獭·ω·咖波●ω●军团(1609323331) -> 没啦
2023-08-31 16:48:09 V/Bot.2398493975: [SHT荔枝麻酱协会(493057481)] N！T！R！！！(269418386) -> 但是不立直也有累满捏
2023-08-31 16:48:47 V/Bot.2398493975: [SHT荔枝麻酱协会(493057481)] 宅哥(2832900934) -> 是的
2023-08-31 16:48:50 V/Bot.2398493975: [SHT荔枝麻酱协会(493057481)] 宅哥(2832900934) -> 亏了
2023-08-31 16:50:14 V/Bot.2398493975: [獭獭云旅游军团@🎤啥(887156367)] タタ@獭獭·ω·咖波●ω●军团(1609323331) -> [mirai:image:{324A6CA0-4B63-F5E9-E9A3-05701B36FE92}.png, width=247, height=284, size=11615, type=JPG, isEmoji=false]
2023-08-31 16:50:28 V/Bot.2398493975: [獭獭云旅游军团@🎤啥(887156367)] タタ@獭獭·ω·咖波●ω●军团(1609323331) -> [mirai:image:{3FCDA208-5B5D-3642-5219-949E4B2512EA}.png, width=328, height=300, size=47813, type=GIF, isEmoji=true]
2023-08-31 16:50:51 V/Bot.2398493975: [獭獭云旅游军团@🎤啥(887156367)] Freeze_Kirin(768173212) -> [微笑]
2023-08-31 16:51:23 V/Bot.2398493975: [獭獭云旅游军团@🎤啥(887156367)] タタ@獭獭·ω·咖波●ω●军团(1609323331) -> mika和t一起去世
2023-08-31 16:51:37 V/Bot.2398493975: [獭獭云旅游军团@🎤啥(887156367)] Freeze_Kirin(768173212) -> [mirai:image:{15530C6E-2E2B-8726-AC46-20AE8098381B}.png, width=174, height=172, size=5372, type=JPG, isEmoji=true]
2023-08-31 16:53:20 V/Bot.2398493975: [獭獭云旅游军团@🎤啥(887156367)] Freeze_Kirin(768173212) -> 不是可以累计cc清空那个计数嘛
2023-08-31 16:54:11 V/Bot.2398493975: [獭獭云旅游军团@🎤啥(887156367)] タタ@獭獭·ω·咖波●ω●军团(1609323331) -> [mirai:image:{15530C6E-2E2B-8726-AC46-20AE8098381B}.png, width=174, height=172, size=5372, type=JPG, isEmoji=true]
2023-08-31 16:54:20 V/Bot.2398493975: [獭獭云旅游军团@🎤啥(887156367)] タタ@獭獭·ω·咖波●ω●军团(1609323331) -> 第二次还没清就死了
2023-08-31 16:54:25 V/Bot.2398493975: [獭獭云旅游军团@🎤啥(887156367)] Freeze_Kirin(768173212) -> [mirai:image:{7AAB86C2-2E54-B41B-1127-E416989F377D}.png, width=124, height=139, size=6514, type=JPG, isEmoji=true]
2023-08-31 16:56:51 V/Bot.2398493975: [獭獭云旅游军团@🎤啥(887156367)] タタ@獭獭·ω·咖波●ω●军团(1609323331) -> 那个圈圈好像只能消三次
2023-08-31 16:57:03 V/Bot.2398493975: [獭獭云旅游军团@🎤啥(887156367)] タタ@獭獭·ω·咖波●ω●军团(1609323331) -> 乱消圈圈[mirai:image:{2A27971F-3C47-1ADF-E23F-77B1FDE6C995}.png, width=2388, height=1668, size=669040, type=JPG, isEmoji=false]
2023-08-31 16:57:08 V/Bot.2398493975: [獭獭云旅游军团@🎤啥(887156367)] タタ@獭獭·ω·咖波●ω●军团(1609323331) -> 圈圈没了
2023-08-31 16:57:13 V/Bot.2398493975: [獭獭云旅游军团@🎤啥(887156367)] タタ@獭獭·ω·咖波●ω●军团(1609323331) -> 换了个t
2023-08-31 16:57:16 V/Bot.2398493975: [獭獭云旅游军团@🎤啥(887156367)] タタ@獭獭·ω·咖波●ω●军团(1609323331) -> 好强哦
2023-08-31 16:59:30 V/Bot.2398493975: [獭獭云旅游军团@🎤啥(887156367)] タタ@獭獭·ω·咖波●ω●军团(1609323331) -> 这下若藻打不死我了
2023-08-31 16:59:37 V/Bot.2398493975: [獭獭云旅游军团@🎤啥(887156367)] タタ@獭獭·ω·咖波●ω●军团(1609323331) -> 但是我也打不死若藻
2023-08-31 16:59:44 V/Bot.2398493975: [獭獭云旅游军团@🎤啥(887156367)] タタ@獭獭·ω·咖波●ω●军团(1609323331) -> 没有人受伤的世界
2023-08-31 16:59:47 V/Bot.2398493975: [獭獭云旅游军团@🎤啥(887156367)] Freeze_Kirin(768173212) -> [mirai:image:{962D2AF8-19F2-758A-1A7C-1B71A8F83E50}.png, width=518, height=352, size=22868, type=JPG, isEmoji=true]
2023-08-31 16:59:50 V/Bot.2398493975: [獭獭云旅游军团@🎤啥(887156367)] タタ@獭獭·ω·咖波●ω●军团(1609323331) -> [mirai:image:{15530C6E-2E2B-8726-AC46-20AE8098381B}.png, width=174, height=172, size=5372, type=JPG, isEmoji=true]
2023-08-31 17:09:19 V/Bot.2398493975: [SHT荔枝麻酱协会(493057481)] 隔壁老王(297234073) -> [mirai:image:{BF0594EC-ABDD-7475-B0CE-BEC760A6A2EE}.jpg, width=102, height=98, size=223465, type=GIF, isEmoji=true]
2023-08-31 17:09:58 V/Bot.2398493975: [test(389193066)] yyyouch(2461942798) -> ！jrrp
2023-08-31 17:09:59 V/Bot.2398493975: Group(389193066) <- 今日人品：小吉
今日适宜役种：三色同刻
(为防止刷屏，一日内不可多次查询哦！)
2023-08-31 17:10:25 I/UnidbgFetchQsign: Bot(2398493975) request_token, submit success
2023-08-31 17:17:05 V/Bot.2398493975: [test(389193066)] yyyouch(2461942798) -> ！役满 累计役满
2023-08-31 17:18:42 V/Bot.2398493975: [test(389193066)] yyyouch(2461942798) -> [mirai:image:{595B32DE-D27C-5066-E697-6CFC17E1B295}.png, width=1280, height=573, size=64664, type=JPG, isEmoji=false]
2023-08-31 17:19:28 V/Bot.2398493975: [test(389193066)] yyyouch(2461942798) -> ！jrrp
2023-08-31 17:19:29 V/Bot.2398493975: Group(389193066) <- 今日人品：吉
今日适宜役种：混一色
(为防止刷屏，一日内不可多次查询哦！)
2023-08-31 17:19:46 V/Bot.2398493975: [test(389193066)] 时雨(1609323331) -> ！没满
2023-08-31 17:19:58 V/Bot.2398493975: [test(389193066)] yyyouch(2461942798) -> 你先别打字
2023-08-31 17:20:18 V/Bot.2398493975: [test(389193066)] 时雨(1609323331) -> [mirai:image:{35EE10C3-477F-0FC1-47F3-27B1708C4ED7}.png, width=300, height=216, size=13366, type=JPG, isEmoji=true]
2023-08-31 17:22:45 V/Bot.2398493975: [test(389193066)] yyyouch(2461942798) -> ！役满 累计役满
2023-08-31 17:22:51 V/Bot.2398493975: [test(389193066)] yyyouch(2461942798) -> [mirai:image:{595B32DE-D27C-5066-E697-6CFC17E1B295}.png, width=1280, height=573, size=64664, type=JPG, isEmoji=false]
2023-08-31 17:24:01 V/Bot.2398493975: [test(389193066)] yyyouch(2461942798) -> ！役满 累计役满
2023-08-31 17:24:06 V/Bot.2398493975: [test(389193066)] yyyouch(2461942798) -> [mirai:image:{595B32DE-D27C-5066-E697-6CFC17E1B295}.png, width=1280, height=573, size=64664, type=JPG, isEmoji=false]
2023-08-31 17:25:52 V/Bot.2398493975: [test(389193066)] yyyouch(2461942798) -> ！役满 累计役满
2023-08-31 17:25:57 V/Bot.2398493975: [test(389193066)] yyyouch(2461942798) -> [mirai:image:{595B32DE-D27C-5066-E697-6CFC17E1B295}.png, width=1280, height=573, size=64664, type=JPG, isEmoji=false]
2023-08-31 17:25:58 V/Bot.2398493975: Group(389193066) <- 役满累计役满记录完成！
2023-08-31 17:26:05 V/Bot.2398493975: [test(389193066)] yyyouch(2461942798) -> [mirai:image:{595B32DE-D27C-5066-E697-6CFC17E1B295}.png, width=1280, height=573, size=64664, type=JPG, isEmoji=false]
2023-08-31 17:26:42 V/Bot.2398493975: [test(389193066)] yyyouch(2461942798) -> [mirai:at:1297471104] ！役满 大四喜
2023-08-31 17:26:48 V/Bot.2398493975: [test(389193066)] yyyouch(2461942798) -> [mirai:image:{10ABEC58-4909-3BFE-7703-72FDB181F5B5}.png, width=1920, height=864, size=144010, type=JPG, isEmoji=false]
2023-08-31 17:26:50 V/Bot.2398493975: Group(389193066) <- 役满大四喜记录完成！
2023-08-31 17:27:16 V/Bot.2398493975: [test(389193066)] yyyouch(2461942798) -> [mirai:image:{595B32DE-D27C-5066-E697-6CFC17E1B295}.png, width=1280, height=573, size=64664, type=JPG, isEmoji=false]
2023-08-31 17:28:13 V/Bot.2398493975: [test(389193066)] yyyouch(2461942798) -> 弄好了（应该）
2023-08-31 17:28:31 V/Bot.2398493975: [test(389193066)] yyyouch(2461942798) -> ！查查我的
2023-08-31 17:28:32 V/Bot.2398493975: Group(389193066) <- 昵称：yyyouch
段位：新人
rate：1358.15
近期顺位：44444
更多数据请访问：http://123.60.173.207/mahjong/user/yyyouch
2023-08-31 17:30:24 V/Bot.2398493975: [test(389193066)] yyyouch(2461942798) -> 删一下测试数据
2023-08-31 17:30:34 V/Bot.2398493975: [test(389193066)] yyyouch(2461942798) -> 删好了
2023-08-31 17:30:37 V/Bot.2398493975: [test(389193066)] yyyouch(2461942798) -> [mirai:image:{5AABEA9F-43A1-4098-F4FE-CF6DE9C5D3CA}.png, width=570, height=877, size=168691, type=PNG, isEmoji=false]
2023-08-31 17:33:46 V/Bot.2398493975: [test(389193066)] yyyouch(2461942798) -> help
2023-08-31 17:35:18 V/Bot.2398493975: Event: GroupRecall(bot=Bot(2398493975), authorId=2461942798, messageIds=[37968], messageInternalIds=[44653283], messageTime=1693474426, operator=NormalMember(2461942798), group=Group(389193066), author=NormalMember(2461942798))
2023-08-31 17:40:10 V/Bot.2398493975: [獭獭云旅游军团@🎤啥(887156367)] Freeze_Kirin(768173212) -> 看见一个58级过ex的，点进去一看p1的都有p2没水ui没水白子
2023-08-31 17:40:14 V/Bot.2398493975: [獭獭云旅游军团@🎤啥(887156367)] Freeze_Kirin(768173212) -> [mirai:image:{47D9BEE7-CA87-C51F-C189-3EA1D9A7C118}.png, width=200, height=157, size=70949, type=GIF, isEmoji=true]
2023-08-31 17:41:25 V/Bot.2398493975: [test(389193066)] yyyouch(2461942798) -> help
2023-08-31 17:41:29 V/Bot.2398493975: [test(389193066)] dd小助手(3459246674) -> [mirai:image:{11B590D8-9B4F-8EA0-F287-B1B5BA2B3683}.png, width=1000, height=4205, size=564079, type=PNG, isEmoji=false]
2023-08-31 17:42:10 V/Bot.2398493975: [獭獭云旅游军团@🎤啥(887156367)] Freeze_Kirin(768173212) -> 今天的票挂完了，明天科研
2023-08-31 17:42:14 V/Bot.2398493975: [獭獭云旅游军团@🎤啥(887156367)] Freeze_Kirin(768173212) -> [mirai:image:{4A921C18-FF44-2C37-9E7C-971837637B1D}.png, width=300, height=130, size=6492, type=JPG, isEmoji=true]
2023-08-31 17:42:55 V/Bot.2398493975: [獭獭云旅游军团@🎤啥(887156367)] タタ@獭獭·ω·咖波●ω●军团(1609323331) -> 水白子没啥用吧
2023-08-31 17:42:57 V/Bot.2398493975: [獭獭云旅游军团@🎤啥(887156367)] タタ@獭獭·ω·咖波●ω●军团(1609323331) -> [mirai:image:{7B4FAB6B-0BA8-0F4C-F8DC-B2AF31AB603E}.png, width=512, height=512, size=192357, type=GIF, isEmoji=true]
2023-08-31 17:43:39 V/Bot.2398493975: [獭獭云旅游军团@🎤啥(887156367)] タタ@獭獭·ω·咖波●ω●军团(1609323331) -> 看看能不能换个水大叔进去
2023-08-31 17:43:58 V/Bot.2398493975: [獭獭云旅游军团@🎤啥(887156367)] タタ@獭獭·ω·咖波●ω●军团(1609323331) -> 当半个水ui+水白子
2023-08-31 17:44:20 V/Bot.2398493975: [獭獭云旅游军团@🎤啥(887156367)] Freeze_Kirin(768173212) -> p2他用的mika水ui水大叔切里诺小护士水白子
2023-08-31 17:44:23 V/Bot.2398493975: [獭獭云旅游军团@🎤啥(887156367)] Freeze_Kirin(768173212) -> [mirai:image:{7B4FAB6B-0BA8-0F4C-F8DC-B2AF31AB603E}.png, width=512, height=512, size=192357, type=GIF, isEmoji=true]
2023-08-31 17:44:30 V/Bot.2398493975: [獭獭云旅游军团@🎤啥(887156367)] タタ@獭獭·ω·咖波●ω●军团(1609323331) -> [mirai:image:{7B4FAB6B-0BA8-0F4C-F8DC-B2AF31AB603E}.png, width=512, height=512, size=192357, type=GIF, isEmoji=true]
2023-08-31 17:46:27 V/Bot.2398493975: [獭獭云旅游军团@🎤啥(887156367)] Freeze_Kirin(768173212) -> 不行就只能堆尸体了！
2023-08-31 17:50:11 V/Bot.2398493975: [獭獭云旅游军团@🎤啥(887156367)] タタ@獭獭·ω·咖波●ω●军团(1609323331) -> [mirai:image:{B3BE5EB6-5B06-6A85-E729-FB4B262511FB}.png, width=630, height=180, size=73120, type=PNG, isEmoji=false]
2023-08-31 17:50:20 V/Bot.2398493975: [獭獭云旅游军团@🎤啥(887156367)] タタ@獭獭·ω·咖波●ω●军团(1609323331) -> tql
2023-08-31 17:50:23 V/Bot.2398493975: [獭獭云旅游军团@🎤啥(887156367)] タタ@獭獭·ω·咖波●ω●军团(1609323331) -> [mirai:image:{A31463D2-BD3C-9584-ED1D-5DC6DABBAC1B}.png, width=150, height=150, size=855112, type=GIF, isEmoji=true]
2023-08-31 17:50:25 V/Bot.2398493975: [獭獭云旅游军团@🎤啥(887156367)] Freeze_Kirin(768173212) -> tql
2023-08-31 17:50:31 I/UnidbgFetchQsign: Bot(2398493975) request_token, submit success
2023-08-31 18:17:44 V/Bot.2398493975: [獭獭云旅游军团@🎤啥(887156367)] タタ@獭獭·ω·咖波●ω●军团(1609323331) -> [mirai:image:{5016A956-436A-9BA7-021E-6470E69086F8}.png, width=1668, height=2388, size=147550, type=JPG, isEmoji=false]
2023-08-31 18:17:45 V/Bot.2398493975: [獭獭云旅游军团@🎤啥(887156367)] タタ@獭獭·ω·咖波●ω●军团(1609323331) -> [mirai:image:{B597C41C-D678-386E-BF00-96AD08D505BD}.png, width=320, height=270, size=129239, type=GIF, isEmoji=true]
2023-08-31 18:23:23 V/Bot.2398493975: [獭獭云旅游军团@🎤啥(887156367)] タタ@獭獭·ω·咖波●ω●军团(1609323331) -> 骗我技能点[mirai:image:{E9E00158-DDB1-55D9-8ED3-29DBD87E7FA5}.png, width=1668, height=2388, size=351682, type=JPG, isEmoji=false]
2023-08-31 18:27:15 V/Bot.2398493975: [獭獭云旅游军团@🎤啥(887156367)] Freeze_Kirin(768173212) -> 乐
2023-08-31 18:27:28 V/Bot.2398493975: [獭獭云旅游军团@🎤啥(887156367)] Freeze_Kirin(768173212) -> 你就说你消不消吧
2023-08-31 18:29:47 V/Bot.2398493975: [獭獭云旅游军团@🎤啥(887156367)] タタ@獭獭·ω·咖波●ω●军团(1609323331) -> 我是不是看过这段[mirai:image:{7265D3E2-D69E-0BF9-CBD0-E1158381B70C}.png, width=1668, height=2388, size=253695, type=JPG, isEmoji=false]
2023-08-31 18:30:32 I/UnidbgFetchQsign: Bot(2398493975) request_token, submit success
2023-08-31 18:51:15 V/Bot.2398493975: [獭獭云旅游军团@🎤啥(887156367)] タタ@獭獭·ω·咖波●ω●军团(1609323331) -> 总决赛吃二了
2023-08-31 19:10:33 I/UnidbgFetchQsign: Bot(2398493975) request_token, submit success
2023-08-31 19:45:34 V/Bot.2398493975: [獭獭云旅游军团@🎤啥(887156367)] zz@獺獺軍団(771507043) -> [mirai:image:{3EE17656-3468-B2CE-ACB2-8D21035E5C13}.png, width=1284, height=1661, size=230949, type=JPG, isEmoji=false]
2023-08-31 19:50:39 I/UnidbgFetchQsign: Bot(2398493975) request_token, submit success
2023-08-31 19:58:29 V/Bot.2398493975: [獭獭云旅游军团@🎤啥(887156367)] 獭獭睡觉大臣@被獭獭军团开除(963423936) -> ？
2023-08-31 19:58:31 V/Bot.2398493975: [獭獭云旅游军团@🎤啥(887156367)] 獭獭睡觉大臣@被獭獭军团开除(963423936) -> 啊
2023-08-31 19:58:33 V/Bot.2398493975: [獭獭云旅游军团@🎤啥(887156367)] 獭獭睡觉大臣@被獭獭军团开除(963423936) -> 啊？
2023-08-31 20:00:02 V/Bot.2398493975: [獭獭云旅游军团@🎤啥(887156367)] 哭哭Kirin@被獭獭军团开除两次(472247053) -> [mirai:image:{6DB8D47D-6D88-2BA8-3315-3C91BE0598DE}.jpg, width=200, height=156, size=81787, type=GIF, isEmoji=true]
2023-08-31 20:16:34 V/Bot.2398493975: [獭獭云旅游军团@🎤啥(887156367)] 獭獭睡觉大臣@被獭獭军团开除(963423936) -> [mirai:image:{6DB8D47D-6D88-2BA8-3315-3C91BE0598DE}.gif, width=200, height=156, size=81787, type=GIF, isEmoji=true]
2023-08-31 20:30:40 I/UnidbgFetchQsign: Bot(2398493975) request_token, submit success
2023-08-31 20:45:58 V/Bot.2398493975: [SHT荔枝麻酱协会(493057481)] Hatsune(467091276) -> 今晚有雀吗
2023-08-31 20:53:26 V/Bot.2398493975: [SHT荔枝麻酱协会(493057481)] 优雅猛牛(695150175) -> 今晚有雀吗
2023-08-31 20:54:05 V/Bot.2398493975: [SHT荔枝麻酱协会(493057481)] 1st(576851388) -> 今晚有雀吗
2023-08-31 20:54:38 V/Bot.2398493975: [獭獭云旅游军团@🎤啥(887156367)] zz@獺獺軍団(771507043) -> ba国服打什么啊
2023-08-31 20:56:26 V/Bot.2398493975: [SHT荔枝麻酱协会(493057481)] Still912(1574615723) -> 今晚有雀吗
2023-08-31 20:56:44 V/Bot.2398493975: [SHT荔枝麻酱协会(493057481)] chino(704937242) -> 今晚有雀吗
2023-08-31 20:56:52 V/Bot.2398493975: [SHT荔枝麻酱协会(493057481)] naf2021(3469392519) -> 牛牛回学校了？
2023-08-31 20:58:37 V/Bot.2398493975: [SHT荔枝麻酱协会(493057481)] 优雅猛牛(695150175) -> 没
2023-08-31 21:01:39 V/Bot.2398493975: [獭獭云旅游军团@🎤啥(887156367)] 獭獭睡觉大臣@被獭獭军团开除(963423936) -> https://www.youtube.com/watch?v=zKHq5yrifDs&ab_channel=%E3%82%89%E3%81%84
2023-08-31 21:10:40 I/UnidbgFetchQsign: Bot(2398493975) request_token, submit success
2023-08-31 21:14:02 V/Bot.2398493975: [獭獭云旅游军团@🎤啥(887156367)] タタ@獭獭·ω·咖波●ω●军团(1609323331) -> [mirai:quote:[mirai:source:ids=[65330], internalIds=[1284709158], from 771507043 to 887156367 at 1693482334], content=<not yet initialized>][mirai:at:771507043] 闹
2023-08-31 21:14:04 V/Bot.2398493975: [獭獭云旅游军团@🎤啥(887156367)] タタ@獭獭·ω·咖波●ω●军团(1609323331) -> [mirai:image:{7C659D43-DA9A-9B1E-6F64-D0CA83C3AF08}.png, width=308, height=218, size=88602, type=GIF, isEmoji=true]
2023-08-31 21:14:10 V/Bot.2398493975: [獭獭云旅游军团@🎤啥(887156367)] タタ@獭獭·ω·咖波●ω●军团(1609323331) -> 我也要miku
2023-08-31 21:14:13 V/Bot.2398493975: [獭獭云旅游军团@🎤啥(887156367)] タタ@獭獭·ω·咖波●ω●军团(1609323331) -> 国服
2023-08-31 21:14:27 V/Bot.2398493975: [獭獭云旅游军团@🎤啥(887156367)] タタ@獭獭·ω·咖波●ω●军团(1609323331) -> 要不我现在退坑
2023-08-31 21:14:35 V/Bot.2398493975: [獭獭云旅游军团@🎤啥(887156367)] タタ@獭獭·ω·咖波●ω●军团(1609323331) -> 等回来抽miku
2023-08-31 21:14:38 V/Bot.2398493975: [獭獭云旅游军团@🎤啥(887156367)] 獭獭睡觉大臣@被獭獭军团开除(963423936) -> [mirai:image:{9F96F253-F099-F73E-3AF4-7575160B31C2}.jpg, width=1280, height=1811, size=242063, type=JPG, isEmoji=false]
2023-08-31 21:14:44 V/Bot.2398493975: [獭獭云旅游军团@🎤啥(887156367)] タタ@獭獭·ω·咖波●ω●军团(1609323331) -> 正好还有一井
2023-08-31 21:14:53 V/Bot.2398493975: [獭獭云旅游军团@🎤啥(887156367)] タタ@獭獭·ω·咖波●ω●军团(1609323331) -> [mirai:quote:[mirai:source:ids=[65344], internalIds=[-105397037], from 963423936 to 887156367 at 1693487678], content=<not yet initialized>][mirai:at:963423936] 草
2023-08-31 21:14:58 V/Bot.2398493975: [獭獭云旅游军团@🎤啥(887156367)] タタ@獭獭·ω·咖波●ω●军团(1609323331) -> 太花里胡哨了
2023-08-31 21:15:09 V/Bot.2398493975: [獭獭云旅游军团@🎤啥(887156367)] 獭獭睡觉大臣@被獭獭军团开除(963423936) -> [mirai:image:{C2B9835A-B426-00E2-F859-124D34935BF1}.gif, width=304, height=240, size=29087, type=GIF, isEmoji=true]
2023-08-31 21:15:34 V/Bot.2398493975: [獭獭云旅游军团@🎤啥(887156367)] 哭哭Kirin@被獭獭军团开除两次(472247053) -> 草
2023-08-31 21:15:49 V/Bot.2398493975: [獭獭云旅游军团@🎤啥(887156367)] 哭哭Kirin@被獭獭军团开除两次(472247053) -> 太怪了
2023-08-31 21:17:20 V/Bot.2398493975: [獭獭云旅游军团@🎤啥(887156367)] タタ@獭獭·ω·咖波●ω●军团(1609323331) -> [mirai:image:{6087FBAA-CE30-FDD1-80D5-F531CF4F50EC}.png, width=1125, height=1125, size=167146, type=JPG, isEmoji=false]
2023-08-31 21:17:23 V/Bot.2398493975: [獭獭云旅游军团@🎤啥(887156367)] タタ@獭獭·ω·咖波●ω●军团(1609323331) -> 这个好看
2023-08-31 21:17:28 V/Bot.2398493975: [獭獭云旅游军团@🎤啥(887156367)] タタ@獭獭·ω·咖波●ω●军团(1609323331) -> [mirai:image:{A9D97925-0B27-393F-9CF6-E8C858003978}.png, width=512, height=512, size=283671, type=GIF, isEmoji=true]
2023-08-31 21:17:58 V/Bot.2398493975: [獭獭云旅游军团@🎤啥(887156367)] Freeze_Kirin(768173212) -> 刚想起来明天恢弘试炼结束，赶紧肝完了
2023-08-31 21:17:58 V/Bot.2398493975: [獭獭云旅游军团@🎤啥(887156367)] タタ@獭獭·ω·咖波●ω●军团(1609323331) -> [mirai:quote:[mirai:source:ids=[65344], internalIds=[-105397037], from 963423936 to 887156367 at 1693487678], content=<not yet initialized>][mirai:at:963423936] 这个是要拿纸板糊嘛
2023-08-31 21:18:17 V/Bot.2398493975: [獭獭云旅游军团@🎤啥(887156367)] タタ@獭獭·ω·咖波●ω●军团(1609323331) -> 那这个又是啥[mirai:image:{7AE62AE8-47AC-C0B0-AF1D-C3CF11810048}.png, width=1125, height=1953, size=107403, type=JPG, isEmoji=false]
2023-08-31 21:18:28 V/Bot.2398493975: [獭獭云旅游军团@🎤啥(887156367)] Freeze_Kirin(768173212) -> [mirai:quote:[mirai:source:ids=[65344], internalIds=[-105397037], from 963423936 to 887156367 at 1693487678], content=<not yet initialized>]喜欢立绘里的翅膀
2023-08-31 21:18:47 V/Bot.2398493975: [獭獭云旅游军团@🎤啥(887156367)] タタ@獭獭·ω·咖波●ω●军团(1609323331) -> rella的立绘
2023-08-31 21:18:54 V/Bot.2398493975: [獭獭云旅游军团@🎤啥(887156367)] タタ@獭獭·ω·咖波●ω●军团(1609323331) -> [mirai:image:{4970C70A-34C3-4063-133A-81226FA19DE7}.png, width=358, height=268, size=65295, type=GIF, isEmoji=true]
2023-08-31 21:19:00 V/Bot.2398493975: [獭獭云旅游军团@🎤啥(887156367)] 獭獭睡觉大臣@被獭獭军团开除(963423936) -> 我猜应该是铁板吧
2023-08-31 21:19:09 V/Bot.2398493975: [獭獭云旅游军团@🎤啥(887156367)] 獭獭睡觉大臣@被獭獭军团开除(963423936) -> 不然这个琴也太轻了
2023-08-31 21:19:29 V/Bot.2398493975: [獭獭云旅游军团@🎤啥(887156367)] 獭獭睡觉大臣@被獭獭军团开除(963423936) -> [mirai:image:{3FCDA208-5B5D-3642-5219-949E4B2512EA}.gif, width=328, height=300, size=47813, type=GIF, isEmoji=true]
2023-08-31 21:19:30 V/Bot.2398493975: [獭獭云旅游军团@🎤啥(887156367)] 獭獭睡觉大臣@被獭獭军团开除(963423936) -> 可恶
2023-08-31 21:19:51 V/Bot.2398493975: [獭獭云旅游军团@🎤啥(887156367)] 獭獭睡觉大臣@被獭獭军团开除(963423936) -> 为毛日本的便利店有100円1.5升的水买
2023-08-31 21:21:27 V/Bot.2398493975: [獭獭云旅游军团@🎤啥(887156367)] zz@獺獺軍団(771507043) -> [mirai:image:{214B2E42-D471-5207-440B-AD215B8230C6}.png, width=592, height=1075, size=43854, type=JPG, isEmoji=false]
2023-08-31 21:21:43 V/Bot.2398493975: [獭獭云旅游军团@🎤啥(887156367)] zz@獺獺軍団(771507043) -> [不支持的消息#-420999406][mirai:image:{9BCFC1D1-A23E-82C2-5932-5CF638CBC02B}.jpg, width=578, height=290, size=42595, type=PNG, isEmoji=false]
2023-08-31 21:23:25 V/Bot.2398493975: [獭獭云旅游军团@🎤啥(887156367)] 獭獭睡觉大臣@被獭獭军团开除(963423936) -> 诶不对
2023-08-31 21:23:27 V/Bot.2398493975: [獭獭云旅游军团@🎤啥(887156367)] 獭獭睡觉大臣@被獭獭军团开除(963423936) -> 那就不是1.5
2023-08-31 21:23:29 V/Bot.2398493975: [獭獭云旅游军团@🎤啥(887156367)] 獭獭睡觉大臣@被獭獭军团开除(963423936) -> 2升的
2023-08-31 21:23:36 V/Bot.2398493975: [獭獭云旅游军团@🎤啥(887156367)] 獭獭睡觉大臣@被獭獭军团开除(963423936) -> 那个巨大的 绿茶
2023-08-31 21:23:55 V/Bot.2398493975: [獭獭云旅游军团@🎤啥(887156367)] 獭獭睡觉大臣@被獭獭军团开除(963423936) -> [mirai:image:{85D693F1-A0D2-BC4E-F91C-88B385DDE163}.png, width=196, height=401, size=59176, type=PNG, isEmoji=false]
2023-08-31 21:23:56 V/Bot.2398493975: [獭獭云旅游军团@🎤啥(887156367)] 獭獭睡觉大臣@被獭獭军团开除(963423936) -> 就这玩意
2023-08-31 21:26:08 V/Bot.2398493975: [獭獭云旅游军团@🎤啥(887156367)] タタ@獭獭·ω·咖波●ω●军团(1609323331) -> [mirai:quote:[mirai:source:ids=[65366], internalIds=[1056187912], from 771507043 to 887156367 at 1693488103], content=<not yet initialized>][mirai:at:771507043] 现在这么低了？
2023-08-31 21:26:14 V/Bot.2398493975: [獭獭云旅游军团@🎤啥(887156367)] タタ@獭獭·ω·咖波●ω●军团(1609323331) -> [mirai:image:{BE55A3FF-AA67-6378-11FA-1F72BF3ACC70}.png, width=512, height=512, size=504472, type=GIF, isEmoji=true]
2023-08-31 21:26:55 V/Bot.2398493975: [獭獭云旅游军团@🎤啥(887156367)] 獭獭睡觉大臣@被獭獭军团开除(963423936) -> 8月10号那一周差不多4.93
2023-08-31 21:27:05 V/Bot.2398493975: [獭獭云旅游军团@🎤啥(887156367)] 獭獭睡觉大臣@被獭獭军团开除(963423936) -> 妈的 就在我去的时候波回了5.多
2023-08-31 21:27:08 V/Bot.2398493975: [獭獭云旅游军团@🎤啥(887156367)] 獭獭睡觉大臣@被獭獭军团开除(963423936) -> 血亏
2023-08-31 21:27:22 V/Bot.2398493975: [獭獭云旅游军团@🎤啥(887156367)] 獭獭睡觉大臣@被獭獭军团开除(963423936) -> zz最好趁着现在汇率还行换点现今
2023-08-31 21:27:23 V/Bot.2398493975: [獭獭云旅游军团@🎤啥(887156367)] 獭獭睡觉大臣@被獭獭军团开除(963423936) -> 现金*
2023-08-31 21:27:35 V/Bot.2398493975: [獭獭云旅游军团@🎤啥(887156367)] zz@獺獺軍団(771507043) -> 反正不是我换（
2023-08-31 21:27:41 V/Bot.2398493975: [獭獭云旅游军团@🎤啥(887156367)] 獭獭睡觉大臣@被獭獭军团开除(963423936) -> ？
2023-08-31 21:27:41 V/Bot.2398493975: [獭獭云旅游军团@🎤啥(887156367)] 哭哭Kirin@被獭獭军团开除两次(472247053) -> 为什么会是实时
2023-08-31 21:27:44 V/Bot.2398493975: [獭獭云旅游军团@🎤啥(887156367)] 獭獭睡觉大臣@被獭獭军团开除(963423936) -> 你只负责花是吧
2023-08-31 21:31:23 V/Bot.2398493975: [獭獭云旅游军团@🎤啥(887156367)] タタ@獭獭·ω·咖波●ω●军团(1609323331) -> [mirai:image:{7E50C51B-E0D1-0FBD-ECF9-18D7EAF404F1}.png, width=514, height=673, size=55313, type=JPG, isEmoji=false]
2023-08-31 21:31:30 V/Bot.2398493975: [獭獭云旅游军团@🎤啥(887156367)] タタ@獭獭·ω·咖波●ω●军团(1609323331) -> 你是企鹅
2023-08-31 21:39:13 V/Bot.2398493975: [獭獭云旅游军团@🎤啥(887156367)] 獭獭睡觉大臣@被獭獭军团开除(963423936) -> [mirai:image:{FB9C65FB-5685-1B12-1B13-836B38246164}.gif, width=292, height=205, size=61102, type=GIF, isEmoji=true]
2023-08-31 21:39:35 V/Bot.2398493975: [獭獭云旅游军团@🎤啥(887156367)] タタ@獭獭·ω·咖波●ω●军团(1609323331) -> 来看翻车
2023-08-31 21:39:57 V/Bot.2398493975: [獭獭云旅游军团@🎤啥(887156367)] タタ@獭獭·ω·咖波●ω●军团(1609323331) -> [mirai:image:{F8AE8ADE-E843-3DD9-9B92-F3859F46A68C}.png, width=1125, height=2436, size=3936898, type=PNG, isEmoji=false]
2023-08-31 21:40:12 V/Bot.2398493975: [獭獭云旅游军团@🎤啥(887156367)] 哭哭Kirin@被獭獭军团开除两次(472247053) -> [mirai:image:{300AFE0F-F739-3091-9840-E0507BF1E986}.jpg, width=258, height=255, size=643697, type=GIF, isEmoji=true]
2023-08-31 21:40:44 V/Bot.2398493975: [獭獭云旅游军团@🎤啥(887156367)] タタ@獭獭·ω·咖波●ω●军团(1609323331) -> anon说英语了！
2023-08-31 21:41:00 V/Bot.2398493975: [獭獭云旅游军团@🎤啥(887156367)] タタ@獭獭·ω·咖波●ω●军团(1609323331) -> 佐仓可爱
2023-08-31 21:41:02 V/Bot.2398493975: [獭獭云旅游军团@🎤啥(887156367)] タタ@獭獭·ω·咖波●ω●军团(1609323331) -> [mirai:image:{A3C56810-0293-8086-658D-531E0E0B1790}.png, width=512, height=512, size=129498, type=GIF, isEmoji=true]
2023-08-31 21:41:03 V/Bot.2398493975: [獭獭云旅游军团@🎤啥(887156367)] Freeze_Kirin(768173212) -> 什么
2023-08-31 21:41:09 V/Bot.2398493975: [獭獭云旅游军团@🎤啥(887156367)] Freeze_Kirin(768173212) -> 原来今天有mygo看
2023-08-31 21:41:29 V/Bot.2398493975: [獭獭云旅游军团@🎤啥(887156367)] 哭哭Kirin@被獭獭军团开除两次(472247053) -> 好急
2023-08-31 21:41:33 V/Bot.2398493975: [獭獭云旅游军团@🎤啥(887156367)] タタ@獭獭·ω·咖波●ω●军团(1609323331) -> 此时taki发出了[mirai:image:{C5DF22FC-62B2-BFBB-8330-1C4774B5BF5F}.png, width=2436, height=1125, size=125011, type=JPG, isEmoji=false]
2023-08-31 21:41:36 V/Bot.2398493975: [獭獭云旅游军团@🎤啥(887156367)] タタ@獭獭·ω·咖波●ω●军团(1609323331) -> 呃的一下
2023-08-31 21:41:55 V/Bot.2398493975: [獭獭云旅游军团@🎤啥(887156367)] タタ@獭獭·ω·咖波●ω●军团(1609323331) -> soyo麻麻
2023-08-31 21:42:02 V/Bot.2398493975: [獭獭云旅游军团@🎤啥(887156367)] タタ@獭獭·ω·咖波●ω●军团(1609323331) -> [mirai:marketface:235125,[期待]]
2023-08-31 21:42:21 V/Bot.2398493975: [獭獭云旅游军团@🎤啥(887156367)] タタ@獭獭·ω·咖波●ω●军团(1609323331) -> 这集好多前辈开会
2023-08-31 21:42:31 V/Bot.2398493975: [獭獭云旅游军团@🎤啥(887156367)] タタ@獭獭·ω·咖波●ω●军团(1609323331) -> 奶奶也来了
2023-08-31 21:43:01 V/Bot.2398493975: [獭獭云旅游军团@🎤啥(887156367)] タタ@獭獭·ω·咖波●ω●军团(1609323331) -> 笑死
2023-08-31 21:43:08 V/Bot.2398493975: [獭獭云旅游军团@🎤啥(887156367)] タタ@獭獭·ω·咖波●ω●军团(1609323331) -> 疯狂版权规避
2023-08-31 21:44:30 V/Bot.2398493975: [獭獭云旅游军团@🎤啥(887156367)] 哭哭Kirin@被獭獭军团开除两次(472247053) -> 睦[mirai:image:{75FECC80-7F7F-55B2-3D77-7CEAE0E7F676}.jpg, width=302, height=138, size=67232, type=GIF, isEmoji=true]
2023-08-31 21:44:47 V/Bot.2398493975: [獭獭云旅游军团@🎤啥(887156367)] タタ@獭獭·ω·咖波●ω●军团(1609323331) -> 她们只穿半件衣服为什么不会掉
2023-08-31 21:45:11 V/Bot.2398493975: [獭獭云旅游军团@🎤啥(887156367)] Freeze_Kirin(768173212) -> 二次元的事你少管.jpg
2023-08-31 21:45:24 V/Bot.2398493975: [獭獭云旅游军团@🎤啥(887156367)] タタ@獭獭·ω·咖波●ω●军团(1609323331) -> 好像有腰带
2023-08-31 21:45:35 V/Bot.2398493975: [獭獭云旅游军团@🎤啥(887156367)] タタ@獭獭·ω·咖波●ω●军团(1609323331) -> 肩膀那里为什么不会掉
2023-08-31 21:45:43 V/Bot.2398493975: [獭獭云旅游军团@🎤啥(887156367)] タタ@獭獭·ω·咖波●ω●军团(1609323331) -> [mirai:image:{75FECC80-7F7F-55B2-3D77-7CEAE0E7F676}.png, width=302, height=138, size=67232, type=GIF, isEmoji=true]
2023-08-31 21:45:53 V/Bot.2398493975: [獭獭云旅游军团@🎤啥(887156367)] 獭獭睡觉大臣@被獭獭军团开除(963423936) -> 我的会议呢
2023-08-31 21:45:55 V/Bot.2398493975: [獭獭云旅游军团@🎤啥(887156367)] 獭獭睡觉大臣@被獭獭军团开除(963423936) -> 怎么没人一起看
2023-08-31 21:45:57 V/Bot.2398493975: [獭獭云旅游军团@🎤啥(887156367)] 獭獭睡觉大臣@被獭獭军团开除(963423936) -> 我伤心了
2023-08-31 21:46:03 V/Bot.2398493975: [獭獭云旅游军团@🎤啥(887156367)] タタ@獭獭·ω·咖波●ω●军团(1609323331) -> 等一下
2023-08-31 21:46:04 V/Bot.2398493975: [獭獭云旅游军团@🎤啥(887156367)] Freeze_Kirin(768173212) -> 会议呢
2023-08-31 21:46:07 V/Bot.2398493975: [獭獭云旅游军团@🎤啥(887156367)] Freeze_Kirin(768173212) -> 没人看
2023-08-31 21:46:09 V/Bot.2398493975: [獭獭云旅游军团@🎤啥(887156367)] Freeze_Kirin(768173212) -> 伤心了
2023-08-31 21:46:16 V/Bot.2398493975: [獭獭云旅游军团@🎤啥(887156367)] タタ@獭獭·ω·咖波●ω●军团(1609323331) -> 再过十分钟就可以看第二遍了
2023-08-31 21:46:33 V/Bot.2398493975: [獭獭云旅游军团@🎤啥(887156367)] Freeze_Kirin(768173212) -> [mirai:image:{A3C56810-0293-8086-658D-531E0E0B1790}.gif, width=512, height=512, size=129498, type=GIF, isEmoji=false]
2023-08-31 21:46:36 V/Bot.2398493975: [獭獭云旅游军团@🎤啥(887156367)] Freeze_Kirin(768173212) -> 第二遍叫我
2023-08-31 21:46:59 V/Bot.2398493975: [獭獭云旅游军团@🎤啥(887156367)] 獭獭睡觉大臣@被獭獭军团开除(963423936) -> 第二遍叫我
2023-08-31 21:47:04 V/Bot.2398493975: [獭獭云旅游军团@🎤啥(887156367)] 獭獭睡觉大臣@被獭獭军团开除(963423936) -> 我要喝 很烈的酒
2023-08-31 21:47:09 V/Bot.2398493975: [獭獭云旅游军团@🎤啥(887156367)] 獭獭睡觉大臣@被獭獭军团开除(963423936) -> [mirai:image:{FB9C65FB-5685-1B12-1B13-836B38246164}.gif, width=292, height=205, size=61102, type=GIF, isEmoji=true]
2023-08-31 21:47:22 V/Bot.2398493975: [獭獭云旅游军团@🎤啥(887156367)] 獭獭睡觉大臣@被獭獭军团开除(963423936) -> [mirai:image:{3FCDA208-5B5D-3642-5219-949E4B2512EA}.gif, width=328, height=300, size=47813, type=GIF, isEmoji=true]算了来不及弄了
2023-08-31 21:47:24 V/Bot.2398493975: [獭獭云旅游军团@🎤啥(887156367)] タタ@獭獭·ω·咖波●ω●军团(1609323331) -> 观众：小灯酱[表情]
2023-08-31 21:47:36 V/Bot.2398493975: [獭獭云旅游军团@🎤啥(887156367)] 獭獭睡觉大臣@被獭獭军团开除(963423936) -> 圣爱音
2023-08-31 21:47:37 V/Bot.2398493975: [獭獭云旅游军团@🎤啥(887156367)] 獭獭睡觉大臣@被獭獭军团开除(963423936) -> 爱门
2023-08-31 21:47:37 V/Bot.2398493975: [獭獭云旅游军团@🎤啥(887156367)] タタ@獭獭·ω·咖波●ω●军团(1609323331) -> 好
2023-08-31 21:47:39 V/Bot.2398493975: [獭獭云旅游军团@🎤啥(887156367)] 哭哭Kirin@被獭獭军团开除两次(472247053) -> 你为什么是🍌
2023-08-31 21:47:42 V/Bot.2398493975: [獭獭云旅游军团@🎤啥(887156367)] タタ@獭獭·ω·咖波●ω●军团(1609323331) -> 直接第二遍吧
2023-08-31 21:47:47 V/Bot.2398493975: [獭獭云旅游军团@🎤啥(887156367)] タタ@獭獭·ω·咖波●ω●军团(1609323331) -> 超管干活了
2023-08-31 21:47:57 V/Bot.2398493975: [獭獭云旅游军团@🎤啥(887156367)] タタ@獭獭·ω·咖波●ω●军团(1609323331) -> 啊b有版权的就是不一样
2023-08-31 21:47:59 V/Bot.2398493975: [獭獭云旅游军团@🎤啥(887156367)] タタ@獭獭·ω·咖波●ω●军团(1609323331) -> [mirai:image:{A31463D2-BD3C-9584-ED1D-5DC6DABBAC1B}.png, width=150, height=150, size=855112, type=GIF, isEmoji=true]
2023-08-31 21:48:03 V/Bot.2398493975: [獭獭云旅游军团@🎤啥(887156367)] 哭哭Kirin@被獭獭军团开除两次(472247053) -> [mirai:image:{A31463D2-BD3C-9584-ED1D-5DC6DABBAC1B}.png, width=150, height=150, size=855112, type=GIF, isEmoji=false]
2023-08-31 21:48:04 V/Bot.2398493975: [獭獭云旅游军团@🎤啥(887156367)] 獭獭睡觉大臣@被獭獭军团开除(963423936) -> [mirai:image:{A31463D2-BD3C-9584-ED1D-5DC6DABBAC1B}.gif, width=150, height=150, size=855112, type=GIF, isEmoji=true]
2023-08-31 21:48:05 V/Bot.2398493975: [獭獭云旅游军团@🎤啥(887156367)] 獭獭睡觉大臣@被獭獭军团开除(963423936) -> 超管
2023-08-31 21:48:09 V/Bot.2398493975: [獭獭云旅游军团@🎤啥(887156367)] 獭獭睡觉大臣@被獭獭军团开除(963423936) -> 坏
2023-08-31 21:48:15 V/Bot.2398493975: [獭獭云旅游军团@🎤啥(887156367)] 獭獭睡觉大臣@被獭獭军团开除(963423936) -> 想看有弹幕的mygo
2023-08-31 21:48:19 V/Bot.2398493975: [獭獭云旅游军团@🎤啥(887156367)] 獭獭睡觉大臣@被獭獭军团开除(963423936) -> [mirai:image:{A31463D2-BD3C-9584-ED1D-5DC6DABBAC1B}.gif, width=150, height=150, size=855112, type=GIF, isEmoji=false]
2023-08-31 21:48:31 V/Bot.2398493975: [獭獭云旅游军团@🎤啥(887156367)] タタ@獭獭·ω·咖波●ω●军团(1609323331) -> 你等一两个小时
2023-08-31 21:48:36 V/Bot.2398493975: [獭獭云旅游军团@🎤啥(887156367)] タタ@獭獭·ω·咖波●ω●军团(1609323331) -> 直接搜mygo12
2023-08-31 21:48:45 V/Bot.2398493975: [獭獭云旅游军团@🎤啥(887156367)] タタ@獭獭·ω·咖波●ω●军团(1609323331) -> 会有人传b站的
2023-08-31 21:48:46 V/Bot.2398493975: [獭獭云旅游军团@🎤啥(887156367)] Freeze_Kirin(768173212) -> 所以会议有吗
2023-08-31 21:48:49 V/Bot.2398493975: [獭獭云旅游军团@🎤啥(887156367)] 獭獭睡觉大臣@被獭獭军团开除(963423936) -> 闹
2023-08-31 21:48:50 V/Bot.2398493975: [獭獭云旅游军团@🎤啥(887156367)] 獭獭睡觉大臣@被獭獭军团开除(963423936) -> 有会议
2023-08-31 21:48:53 V/Bot.2398493975: [獭獭云旅游军团@🎤啥(887156367)] 獭獭睡觉大臣@被獭獭军团开除(963423936) -> [mirai:image:{7C659D43-DA9A-9B1E-6F64-D0CA83C3AF08}.gif, width=308, height=218, size=88602, type=GIF, isEmoji=false]
2023-08-31 21:48:58 V/Bot.2398493975: [獭獭云旅游军团@🎤啥(887156367)] タタ@獭獭·ω·咖波●ω●军团(1609323331) -> 就是混在一个很长视频里面
2023-08-31 21:49:00 V/Bot.2398493975: [獭獭云旅游军团@🎤啥(887156367)] 獭獭睡觉大臣@被獭獭军团开除(963423936) -> 我们都在牛牛会议
2023-08-31 21:49:03 V/Bot.2398493975: [獭獭云旅游军团@🎤啥(887156367)] タタ@獭獭·ω·咖波●ω●军团(1609323331) -> 然后标两个时间点
2023-08-31 21:49:08 V/Bot.2398493975: [獭獭云旅游军团@🎤啥(887156367)] タタ@獭獭·ω·咖波●ω●军团(1609323331) -> 会有很多弹幕的
2023-08-31 21:49:54 V/Bot.2398493975: [獭獭云旅游军团@🎤啥(887156367)] 哭哭Kirin@被獭獭军团开除两次(472247053) -> 可是巴哈也有弹幕欸
2023-08-31 21:50:16 V/Bot.2398493975: [獭獭云旅游军团@🎤啥(887156367)] 獭獭睡觉大臣@被獭獭军团开除(963423936) -> 巴哈弹幕不行
2023-08-31 21:50:46 I/UnidbgFetchQsign: Bot(2398493975) request_token, submit success
2023-08-31 21:53:24 V/Bot.2398493975: [獭獭云旅游军团@🎤啥(887156367)] タタ@獭獭·ω·咖波●ω●军团(1609323331) -> [mirai:image:{E1181234-A30E-D7CB-5DE8-2AA00384BBCD}.png, width=408, height=258, size=223858, type=PNG, isEmoji=false]
2023-08-31 21:53:30 V/Bot.2398493975: [獭獭云旅游军团@🎤啥(887156367)] タタ@獭獭·ω·咖波●ω●军团(1609323331) -> [不支持的消息#-1444436771]/舔屏
2023-08-31 21:55:58 V/Bot.2398493975: [獭獭云旅游军团@🎤啥(887156367)] 哭哭Kirin@被獭獭军团开除两次(472247053) -> [mirai:image:{94BA1642-87DC-55B4-4742-03D5A03B9E7B}.jpg, width=191, height=161, size=172228, type=GIF, isEmoji=true]
2023-08-31 21:56:08 V/Bot.2398493975: [獭獭云旅游军团@🎤啥(887156367)] 哭哭Kirin@被獭獭军团开除两次(472247053) -> 我第一遍都没看完
2023-08-31 21:58:44 V/Bot.2398493975: [獭獭云旅游军团@🎤啥(887156367)] 哭哭Kirin@被獭獭军团开除两次(472247053) -> [mirai:image:{EE7C88BA-DAF0-6A2D-E286-3A059788806D}.jpg, width=370, height=292, size=77327, type=GIF, isEmoji=true]
2023-08-31 22:06:38 V/Bot.2398493975: [獭獭云旅游军团@🎤啥(887156367)] 哭哭Kirin@被獭獭军团开除两次(472247053) -> 社恐犯了
2023-08-31 22:06:45 V/Bot.2398493975: [獭獭云旅游军团@🎤啥(887156367)] 哭哭Kirin@被獭獭军团开除两次(472247053) -> [mirai:image:{258DD19C-0B31-1D55-3C11-985C7E23094D}.jpg, width=126, height=154, size=6145, type=JPG, isEmoji=true]
2023-08-31 22:06:53 V/Bot.2398493975: [獭獭云旅游军团@🎤啥(887156367)] Freeze_Kirin(768173212) -> 看到了自己
2023-08-31 22:09:58 V/Bot.2398493975: [獭獭云旅游军团@🎤啥(887156367)] タタ@獭獭·ω·咖波●ω●军团(1609323331) -> 电音kirin
2023-08-31 22:13:31 V/Bot.2398493975: [SHT荔枝麻酱协会(493057481)] chino(704937242) -> 学活1=3
2023-08-31 22:13:47 V/Bot.2398493975: [獭獭云旅游军团@🎤啥(887156367)] 哭哭Kirin@被獭獭军团开除两次(472247053) -> [mirai:image:{FB9C65FB-5685-1B12-1B13-836B38246164}.jpg, width=292, height=205, size=61102, type=GIF, isEmoji=true]
2023-08-31 22:14:13 V/Bot.2398493975: [獭獭云旅游军团@🎤啥(887156367)] 獭獭凉快军团(1297471104) -> 电音kirin
2023-08-31 22:14:22 V/Bot.2398493975: [獭獭云旅游军团@🎤啥(887156367)] 哭哭Kirin@被獭獭军团开除两次(472247053) -> [mirai:image:{4EDDAE51-2EA5-50F1-9CCF-6CD49C679B3A}.jpg, width=236, height=226, size=161862, type=GIF, isEmoji=true]
2023-08-31 22:17:40 V/Bot.2398493975: [SHT荔枝麻酱协会(493057481)] Hatsune(467091276) -> 有吗，那我现在来学校
2023-08-31 22:18:00 V/Bot.2398493975: [獭獭云旅游军团@🎤啥(887156367)] 獭獭睡觉大臣@被獭獭军团开除(963423936) -> [mirai:image:{4EDDAE51-2EA5-50F1-9CCF-6CD49C679B3A}.gif, width=236, height=226, size=161862, type=GIF, isEmoji=true]
2023-08-31 22:18:12 V/Bot.2398493975: [獭獭云旅游军团@🎤啥(887156367)] 哭哭Kirin@被獭獭军团开除两次(472247053) -> [mirai:image:{7C659D43-DA9A-9B1E-6F64-D0CA83C3AF08}.jpg, width=308, height=218, size=88602, type=GIF, isEmoji=true]
2023-08-31 22:18:14 V/Bot.2398493975: [獭獭云旅游军团@🎤啥(887156367)] 哭哭Kirin@被獭獭军团开除两次(472247053) -> 素睦没了
2023-08-31 22:18:17 V/Bot.2398493975: [獭獭云旅游军团@🎤啥(887156367)] 獭獭睡觉大臣@被獭獭军团开除(963423936) -> [mirai:image:{7C659D43-DA9A-9B1E-6F64-D0CA83C3AF08}.gif, width=308, height=218, size=88602, type=GIF, isEmoji=true]
2023-08-31 22:18:20 V/Bot.2398493975: [獭獭云旅游军团@🎤啥(887156367)] 獭獭睡觉大臣@被獭獭军团开除(963423936) -> 我的13集呢
2023-08-31 22:18:43 V/Bot.2398493975: [獭獭云旅游军团@🎤啥(887156367)] 哭哭Kirin@被獭獭军团开除两次(472247053) -> [mirai:image:{B0C18721-AFC0-1F5C-AE2A-3181444D1C3D}.jpg, width=500, height=282, size=478856, type=GIF, isEmoji=true]
2023-08-31 22:19:00 V/Bot.2398493975: [獭獭云旅游军团@🎤啥(887156367)] 哭哭Kirin@被獭獭军团开除两次(472247053) -> 谁看一设啊
2023-08-31 22:19:06 V/Bot.2398493975: [獭獭云旅游军团@🎤啥(887156367)] 獭獭睡觉大臣@被獭獭军团开除(963423936) -> [mirai:image:{B0C18721-AFC0-1F5C-AE2A-3181444D1C3D}.gif, width=500, height=282, size=478856, type=GIF, isEmoji=true]
2023-08-31 22:30:47 I/UnidbgFetchQsign: Bot(2398493975) request_token, submit success
2023-08-31 22:31:23 V/Bot.2398493975: [獭獭云旅游军团@🎤啥(887156367)] zz@獺獺軍団(771507043) -> [不支持的消息#-1078375329][mirai:image:{53BD24AE-1B0E-6ACD-F6FF-5603FBB9CF3E}.jpg, width=420, height=122, size=35031, type=PNG, isEmoji=false]
2023-08-31 22:33:27 V/Bot.2398493975: [SHT荔枝麻酱协会(493057481)] chino(704937242) -> 看看能不能摇到人
2023-08-31 22:36:35 V/Bot.2398493975: [SHT荔枝麻酱协会(493057481)] Hatsune(467091276) -> 我快到了
2023-08-31 22:36:38 V/Bot.2398493975: [SHT荔枝麻酱协会(493057481)] Hatsune(467091276) -> 现在几个
2023-08-31 22:36:49 V/Bot.2398493975: [獭獭云旅游军团@🎤啥(887156367)] 獭獭睡觉大臣@被獭獭军团开除(963423936) -> [mirai:image:{9C918B5A-0EA8-BBED-C6A7-0D0BC6C8C214}.jpg, width=2400, height=1080, size=207517, type=PNG, isEmoji=false]
2023-08-31 22:36:54 V/Bot.2398493975: [獭獭云旅游军团@🎤啥(887156367)] 獭獭睡觉大臣@被獭獭军团开除(963423936) -> [mirai:image:{4EDDAE51-2EA5-50F1-9CCF-6CD49C679B3A}.gif, width=236, height=226, size=161862, type=GIF, isEmoji=true]
2023-08-31 22:36:57 V/Bot.2398493975: [獭獭云旅游军团@🎤啥(887156367)] 獭獭睡觉大臣@被獭獭军团开除(963423936) -> [mirai:image:{FB9C65FB-5685-1B12-1B13-836B38246164}.gif, width=292, height=205, size=61102, type=GIF, isEmoji=true]
2023-08-31 22:46:33 V/Bot.2398493975: [SHT荔枝麻酱协会(493057481)] chino(704937242) -> 就我和你
2023-08-31 22:46:39 V/Bot.2398493975: [SHT荔枝麻酱协会(493057481)] chino(704937242) -> 我在隔壁打德
2023-08-31 22:46:43 V/Bot.2398493975: [SHT荔枝麻酱协会(493057481)] Hatsune(467091276) -> 哦
2023-08-31 22:46:52 V/Bot.2398493975: [SHT荔枝麻酱协会(493057481)] chino(704937242) -> 随时来
2023-08-31 22:46:56 V/Bot.2398493975: [SHT荔枝麻酱协会(493057481)] Hatsune(467091276) -> 那我等会儿过来
2023-08-31 22:47:05 V/Bot.2398493975: [SHT荔枝麻酱协会(493057481)] Hatsune(467091276) -> 去放个东西
2023-08-31 22:55:09 V/Bot.2398493975: [獭獭云旅游军团@🎤啥(887156367)] 哭哭Kirin@被獭獭军团开除两次(472247053) -> 啊？
2023-08-31 22:55:14 V/Bot.2398493975: [獭獭云旅游军团@🎤啥(887156367)] 哭哭Kirin@被獭獭军团开除两次(472247053) -> 十月怎么有ml
2023-08-31 23:01:23 V/Bot.2398493975: [獭獭云旅游军团@🎤啥(887156367)] タタ@獭獭·ω·咖波●ω●军团(1609323331) -> [mirai:app:{
  "config" : {
    "height" : 0,
    "forward" : 1,
    "ctime" : 1693494078,
    "width" : 0,
    "type" : "normal",
    "token" : "0b4db3ba9849e644bba37f2441f342e3",
    "autoSize" : 0
  },
  "prompt" : "[QQ小程序]BanG Dream! It's MyGO!!!!！12",
  "app" : "com.tencent.miniapp_01",
  "ver" : "1.0.1.45",
  "appID" : "100951776",
  "view" : "view_8C8E89B49BE609866298ADDFF2DBABA4",
  "meta" : {
    "detail_1" : {
      "appid" : "1109937557",
      "preview" : "https:\/\/pic.ugcimg.cn\/381f2c5ddbc0c621df5beabb71ca4fb7\/jpg1",
      "shareTemplateData" : {

      },
      "gamePointsUrl" : "",
      "gamePoints" : "",
      "url" : "m.q.qq.com\/a\/s\/5b5148984f0a1d724c6ad62e5589102e",
      "appType" : 0,
      "desc" : "BanG Dream! It's MyGO!!!!！12",
      "title" : "哔哩哔哩",
      "scene" : 1036,
      "host" : {
        "uin" : 1609323331,
        "nick" : "时雨"
      },
      "icon" : "https:\/\/open.gtimg.cn\/open\/app_icon\/00\/95\/17\/76\/100951776_100_m.png?t=1693381393",
      "shareTemplateId" : "8C8E89B49BE609866298ADDFF2DBABA4",
      "qqdocurl" : "https:\/\/b23.tv\/X4hGDY1",
      "showLittleTail" : ""
    }
  },
  "bthirdappforward" : true,
  "bthirdappforwardforbackendswitch" : true,
  "desc" : ""
}]
2023-08-31 23:10:48 I/UnidbgFetchQsign: Bot(2398493975) request_token, submit success
2023-08-31 23:26:26 V/Bot.2398493975: [SHT荔枝麻酱协会(493057481)] 隔壁老王(297234073) -> [mirai:image:{4AADD3B6-1FE0-6293-7AA1-CEC0B8C38616}.jpg, width=506, height=677, size=459342, type=PNG, isEmoji=true]
2023-08-31 23:50:26 V/Bot.2398493975: [獭獭云旅游军团@🎤啥(887156367)] タタ@獭獭·ω·咖波●ω●军团(1609323331) -> 怎么有睦祥党
2023-08-31 23:50:28 V/Bot.2398493975: [獭獭云旅游军团@🎤啥(887156367)] タタ@獭獭·ω·咖波●ω●军团(1609323331) -> [mirai:image:{B597C41C-D678-386E-BF00-96AD08D505BD}.png, width=320, height=270, size=129239, type=GIF, isEmoji=true]
2023-08-31 23:50:37 V/Bot.2398493975: [獭獭云旅游军团@🎤啥(887156367)] 哭哭Kirin@被獭獭军团开除两次(472247053) -> [mirai:image:{794D2B9C-AD63-CF02-030E-FD97EEEB18C5}.png, width=320, height=270, size=121838, type=GIF, isEmoji=false]
2023-08-31 23:50:47 V/Bot.2398493975: [獭獭云旅游军团@🎤啥(887156367)] 獭獭睡觉大臣@被獭獭军团开除(963423936) -> [mirai:image:{794D2B9C-AD63-CF02-030E-FD97EEEB18C5}.gif, width=320, height=270, size=121838, type=GIF, isEmoji=false]
2023-08-31 23:50:54 I/UnidbgFetchQsign: Bot(2398493975) request_token, submit success
2023-08-31 23:53:59 V/Bot.2398493975: [獭獭云旅游军团@🎤啥(887156367)] Freeze_Kirin(768173212) -> 妈的气死我了，一拳打爆地球
2023-08-31 23:54:07 V/Bot.2398493975: [獭獭云旅游军团@🎤啥(887156367)] Freeze_Kirin(768173212) -> [mirai:image:{C8E8094B-CB49-F06F-791E-0B522869926D}.png, width=300, height=300, size=17848, type=JPG, isEmoji=true]
2023-08-31 23:54:22 V/Bot.2398493975: [獭獭云旅游军团@🎤啥(887156367)] 哭哭Kirin@被獭獭军团开除两次(472247053) -> 球球了 让soyo再恶堕一次吧
2023-08-31 23:54:27 V/Bot.2398493975: [獭獭云旅游军团@🎤啥(887156367)] 獭獭睡觉大臣@被獭獭军团开除(963423936) -> 啊？
2023-08-31 23:54:33 V/Bot.2398493975: [獭獭云旅游军团@🎤啥(887156367)] 哭哭Kirin@被獭獭军团开除两次(472247053) -> [mirai:image:{C8E8094B-CB49-F06F-791E-0B522869926D}.png, width=300, height=300, size=17848, type=JPG, isEmoji=false]
2023-08-31 23:54:33 V/Bot.2398493975: [獭獭云旅游军团@🎤啥(887156367)] 獭獭睡觉大臣@被獭獭军团开除(963423936) -> 你们全是素睦党吗
2023-08-31 23:54:35 V/Bot.2398493975: [獭獭云旅游军团@🎤啥(887156367)] 獭獭睡觉大臣@被獭獭军团开除(963423936) -> 坏了……
2023-08-31 23:54:37 V/Bot.2398493975: [獭獭云旅游军团@🎤啥(887156367)] 獭獭睡觉大臣@被獭獭军团开除(963423936) -> 我要被爆了
2023-08-31 23:55:05 V/Bot.2398493975: [獭獭云旅游军团@🎤啥(887156367)] Freeze_Kirin(768173212) -> 哦我说的是傻逼ylf，我是啥都能吃一口党
2023-08-31 23:55:13 V/Bot.2398493975: [獭獭云旅游军团@🎤啥(887156367)] Freeze_Kirin(768173212) -> [mirai:image:{1FBDBB1A-70AF-1063-EC75-0E0A32AE1379}.png, width=180, height=180, size=45466, type=GIF, isEmoji=true]
2023-08-31 23:55:22 V/Bot.2398493975: [獭獭云旅游军团@🎤啥(887156367)] 獭獭睡觉大臣@被獭獭军团开除(963423936) -> [mirai:image:{FB9C65FB-5685-1B12-1B13-836B38246164}.gif, width=292, height=205, size=61102, type=GIF, isEmoji=true]
