2023-09-02 00:02:59 V/Bot.2398493975: [獭獭云旅游军团@🎤啥(887156367)] タタ@獭獭·ω·咖波●ω●军团(1609323331) -> 想抽miku
2023-09-02 00:21:03 V/Bot.2398493975: [獭獭云旅游军团@🎤啥(887156367)] Freeze_Kirin(768173212) -> [mirai:image:{E6C8B775-F2E0-3080-B353-904EC255D64E}.png, width=2796, height=1290, size=235453, type=JPG, isEmoji=false]
2023-09-02 00:21:25 V/Bot.2398493975: [獭獭云旅游军团@🎤啥(887156367)] Freeze_Kirin(768173212) -> 这个部分是什么意思。怎么用特定队伍打不过还能接着打（
2023-09-02 00:21:54 V/Bot.2398493975: [獭獭云旅游军团@🎤啥(887156367)] タタ@獭獭·ω·咖波●ω●军团(1609323331) -> 这个原来现在还可以打
2023-09-02 00:21:56 V/Bot.2398493975: [獭獭云旅游军团@🎤啥(887156367)] タタ@獭獭·ω·咖波●ω●军团(1609323331) -> [mirai:image:{15530C6E-2E2B-8726-AC46-20AE8098381B}.png, width=174, height=172, size=5372, type=JPG, isEmoji=true]
2023-09-02 00:22:09 V/Bot.2398493975: [獭獭云旅游军团@🎤啥(887156367)] タタ@獭獭·ω·咖波●ω●军团(1609323331) -> 他没有给固定队伍吗
2023-09-02 00:22:23 V/Bot.2398493975: [獭獭云旅游军团@🎤啥(887156367)] Freeze_Kirin(768173212) -> 给了固定队伍
2023-09-02 00:22:39 V/Bot.2398493975: [獭獭云旅游军团@🎤啥(887156367)] Freeze_Kirin(768173212) -> 但是超时了还能继续打，和总力战一样
2023-09-02 00:22:43 V/Bot.2398493975: [獭獭云旅游军团@🎤啥(887156367)] 哭哭Kirin@被獭獭军团开除两次(472247053) -> 怎么还能不过的
2023-09-02 00:22:48 V/Bot.2398493975: [獭獭云旅游军团@🎤啥(887156367)] タタ@獭獭·ω·咖波●ω●军团(1609323331) -> 怎么还能不过的
2023-09-02 00:22:50 V/Bot.2398493975: [獭獭云旅游军团@🎤啥(887156367)] タタ@獭獭·ω·咖波●ω●军团(1609323331) -> [mirai:image:{15530C6E-2E2B-8726-AC46-20AE8098381B}.png, width=174, height=172, size=5372, type=JPG, isEmoji=true]
2023-09-02 00:22:53 V/Bot.2398493975: [獭獭云旅游军团@🎤啥(887156367)] 哭哭Kirin@被獭獭军团开除两次(472247053) -> 他就没考虑你不过的情况
2023-09-02 00:22:55 V/Bot.2398493975: [獭獭云旅游军团@🎤啥(887156367)] Freeze_Kirin(768173212) -> [mirai:image:{B184AFC2-9E94-FE51-B009-BA701B496A3A}.jpg, width=174, height=172, size=4057, type=JPG, isEmoji=true]
2023-09-02 00:23:10 V/Bot.2398493975: [獭獭云旅游军团@🎤啥(887156367)] タタ@獭獭·ω·咖波●ω●军团(1609323331) -> 他不是给的满级人嘛
2023-09-02 00:23:22 V/Bot.2398493975: [獭獭云旅游军团@🎤啥(887156367)] Freeze_Kirin(768173212) -> 因为有个怪机制完全看不懂
2023-09-02 00:23:26 V/Bot.2398493975: [獭獭云旅游军团@🎤啥(887156367)] タタ@獭獭·ω·咖波●ω●军团(1609323331) -> 哪个
2023-09-02 00:23:27 V/Bot.2398493975: [獭獭云旅游军团@🎤啥(887156367)] Freeze_Kirin(768173212) -> 打了两遍
2023-09-02 00:23:31 V/Bot.2398493975: [獭獭云旅游军团@🎤啥(887156367)] タタ@獭獭·ω·咖波●ω●军团(1609323331) -> 主教？
2023-09-02 00:24:13 V/Bot.2398493975: [獭獭云旅游军团@🎤啥(887156367)] タタ@獭獭·ω·咖波●ω●军团(1609323331) -> 他给的队可能不太适合机制（）但是伤害都是溢出的
2023-09-02 00:24:28 V/Bot.2398493975: [獭獭云旅游军团@🎤啥(887156367)] タタ@獭獭·ω·咖波●ω●军团(1609323331) -> 这个活动我当时就是
2023-09-02 00:24:32 V/Bot.2398493975: [獭獭云旅游军团@🎤啥(887156367)] Freeze_Kirin(768173212) -> [mirai:image:{CC02D55A-D58E-3401-03B9-A192203C9DD0}.png, width=1732, height=878, size=1421927, type=PNG, isEmoji=false]这俩看不懂（）
2023-09-02 00:24:33 V/Bot.2398493975: [獭獭云旅游军团@🎤啥(887156367)] タタ@獭獭·ω·咖波●ω●军团(1609323331) -> 因为怪机制不懂
2023-09-02 00:24:36 V/Bot.2398493975: [獭獭云旅游军团@🎤啥(887156367)] タタ@獭獭·ω·咖波●ω●军团(1609323331) -> 就没打
2023-09-02 00:24:37 V/Bot.2398493975: [獭獭云旅游军团@🎤啥(887156367)] Freeze_Kirin(768173212) -> 没打明白，打了两次
2023-09-02 00:24:42 V/Bot.2398493975: [獭獭云旅游军团@🎤啥(887156367)] タタ@獭獭·ω·咖波●ω●军团(1609323331) -> 天天打黑白
2023-09-02 00:24:51 V/Bot.2398493975: [獭獭云旅游军团@🎤啥(887156367)] タタ@獭獭·ω·咖波●ω●军团(1609323331) -> 自从黑白死了之后我就没打过来
2023-09-02 00:24:54 V/Bot.2398493975: Event: GroupRecall(bot=Bot(2398493975), authorId=1609323331, messageIds=[65963], messageInternalIds=[1668005080], messageTime=1693585491, operator=NormalMember(1609323331), group=Group(887156367), author=NormalMember(1609323331))
2023-09-02 00:24:57 V/Bot.2398493975: [獭獭云旅游军团@🎤啥(887156367)] タタ@獭獭·ω·咖波●ω●军团(1609323331) -> 自从黑白死了之后我就没打过
2023-09-02 00:25:14 V/Bot.2398493975: [獭獭云旅游军团@🎤啥(887156367)] タタ@獭獭·ω·咖波●ω●军团(1609323331) -> 上面那个主教
2023-09-02 00:25:26 V/Bot.2398493975: [獭獭云旅游军团@🎤啥(887156367)] タタ@獭獭·ω·咖波●ω●军团(1609323331) -> 把旁边一个灯奶满
2023-09-02 00:25:40 V/Bot.2398493975: [獭獭云旅游军团@🎤啥(887156367)] タタ@獭獭·ω·咖波●ω●军团(1609323331) -> 奶满一次加一层增伤最高五层
2023-09-02 00:25:50 V/Bot.2398493975: [獭獭云旅游军团@🎤啥(887156367)] タタ@獭獭·ω·咖波●ω●军团(1609323331) -> hod是
2023-09-02 00:25:54 V/Bot.2398493975: [獭獭云旅游军团@🎤啥(887156367)] タタ@獭獭·ω·咖波●ω●军团(1609323331) -> 叠cc
2023-09-02 00:26:06 V/Bot.2398493975: [獭獭云旅游军团@🎤啥(887156367)] タタ@獭獭·ω·咖波●ω●军团(1609323331) -> cc圈满了就增伤
2023-09-02 00:26:07 V/Bot.2398493975: [獭獭云旅游军团@🎤啥(887156367)] タタ@獭獭·ω·咖波●ω●军团(1609323331) -> [mirai:image:{ECB1281E-E17C-F20E-0060-DA328002022A}.png, width=216, height=138, size=4514, type=JPG, isEmoji=true]
2023-09-02 00:26:22 V/Bot.2398493975: [獭獭云旅游军团@🎤啥(887156367)] Freeze_Kirin(768173212) -> 那为什么一开始只能打柱子
2023-09-02 00:26:26 V/Bot.2398493975: [獭獭云旅游军团@🎤啥(887156367)] タタ@獭獭·ω·咖波●ω●军团(1609323331) -> 若藻船tmd就是把这两个机制缝起来
2023-09-02 00:26:28 V/Bot.2398493975: [獭獭云旅游军团@🎤啥(887156367)] タタ@獭獭·ω·咖波●ω●军团(1609323331) -> 所以不好玩
2023-09-02 00:26:31 V/Bot.2398493975: [獭獭云旅游军团@🎤啥(887156367)] Freeze_Kirin(768173212) -> [mirai:image:{7B4FAB6B-0BA8-0F4C-F8DC-B2AF31AB603E}.gif, width=512, height=512, size=192357, type=GIF, isEmoji=false]
2023-09-02 00:26:46 V/Bot.2398493975: [獭獭云旅游军团@🎤啥(887156367)] タタ@獭獭·ω·咖波●ω●军团(1609323331) -> [mirai:quote:[mirai:source:ids=[65972], internalIds=[-1888037243], from 768173212 to 887156367 at 1693585582], content=<not yet initialized>][mirai:at:768173212] 柱子也吃cc条
2023-09-02 00:26:53 V/Bot.2398493975: [獭獭云旅游军团@🎤啥(887156367)] Freeze_Kirin(768173212) -> 打到第三面还有个柱子在前面，不知道先打柱子还是怪
2023-09-02 00:26:54 V/Bot.2398493975: [獭獭云旅游军团@🎤啥(887156367)] タタ@獭獭·ω·咖波●ω●军团(1609323331) -> hod本体很脆的
2023-09-02 00:27:01 V/Bot.2398493975: Event: GroupRecall(bot=Bot(2398493975), authorId=1609323331, messageIds=[65978], messageInternalIds=[715850711], messageTime=1693585613, operator=NormalMember(1609323331), group=Group(887156367), author=NormalMember(1609323331))
2023-09-02 00:27:40 V/Bot.2398493975: [獭獭云旅游军团@🎤啥(887156367)] タタ@獭獭·ω·咖波●ω●军团(1609323331) -> 我忘了
2023-09-02 00:27:43 V/Bot.2398493975: [獭獭云旅游军团@🎤啥(887156367)] タタ@獭獭·ω·咖波●ω●军团(1609323331) -> [mirai:image:{DCC827E3-C001-8382-2FEB-DD5705F15745}.png, width=336, height=254, size=80956, type=GIF, isEmoji=true]
2023-09-02 00:28:11 V/Bot.2398493975: [獭獭云旅游军团@🎤啥(887156367)] タタ@獭獭·ω·咖波●ω●军团(1609323331) -> 这个决战好像随便打打就过了（）
2023-09-02 00:28:33 V/Bot.2398493975: [獭獭云旅游军团@🎤啥(887156367)] タタ@獭獭·ω·咖波●ω●军团(1609323331) -> 总力战的时候好像是因为mika力大飞砖
2023-09-02 00:28:54 V/Bot.2398493975: [獭獭云旅游军团@🎤啥(887156367)] タタ@獭獭·ω·咖波●ω●军团(1609323331) -> 所以拆一个柱子不挡学生位置就能把它打死了
2023-09-02 00:28:55 V/Bot.2398493975: [獭獭云旅游军团@🎤啥(887156367)] タタ@獭獭·ω·咖波●ω●军团(1609323331) -> 哦
2023-09-02 00:28:57 V/Bot.2398493975: [獭獭云旅游军团@🎤啥(887156367)] タタ@獭獭·ω·咖波●ω●军团(1609323331) -> 想起来了！
2023-09-02 00:28:59 V/Bot.2398493975: [獭獭云旅游军团@🎤啥(887156367)] タタ@獭獭·ω·咖波●ω●军团(1609323331) -> [mirai:image:{15530C6E-2E2B-8726-AC46-20AE8098381B}.png, width=174, height=172, size=5372, type=JPG, isEmoji=true]
2023-09-02 00:29:11 V/Bot.2398493975: [獭獭云旅游军团@🎤啥(887156367)] タタ@獭獭·ω·咖波●ω●军团(1609323331) -> 凹总力战的记忆回来了
2023-09-02 00:29:39 V/Bot.2398493975: [獭獭云旅游军团@🎤啥(887156367)] タタ@獭獭·ω·咖波●ω●军团(1609323331) -> 那个柱子当原点地上不是有个圈嘛
2023-09-02 00:29:40 V/Bot.2398493975: [獭獭云旅游军团@🎤啥(887156367)] Freeze_Kirin(768173212) -> 记忆，回来了！
2023-09-02 00:29:50 V/Bot.2398493975: [獭獭云旅游军团@🎤啥(887156367)] Freeze_Kirin(768173212) -> 昂
2023-09-02 00:29:59 V/Bot.2398493975: [獭獭云旅游军团@🎤啥(887156367)] タタ@獭獭·ω·咖波●ω●军团(1609323331) -> 在圈里的学生回费会变慢
2023-09-02 00:30:03 V/Bot.2398493975: [獭獭云旅游军团@🎤啥(887156367)] タタ@獭獭·ω·咖波●ω●军团(1609323331) -> 所以要拆柱子
2023-09-02 00:30:20 V/Bot.2398493975: [獭獭云旅游军团@🎤啥(887156367)] タタ@獭獭·ω·咖波●ω●军团(1609323331) -> 拆柱子靠叠cc给它上易伤
2023-09-02 00:30:55 V/Bot.2398493975: [獭獭云旅游军团@🎤啥(887156367)] タタ@獭獭·ω·咖波●ω●军团(1609323331) -> 所以柱子影响回费或者当你路让你不好打本体
2023-09-02 00:31:06 V/Bot.2398493975: [獭獭云旅游军团@🎤啥(887156367)] タタ@獭獭·ω·咖波●ω●军团(1609323331) -> 最后那两个拆不拆都行x
2023-09-02 00:31:14 V/Bot.2398493975: [獭獭云旅游军团@🎤啥(887156367)] タタ@獭獭·ω·咖波●ω●军团(1609323331) -> 其实那两个柱子能卡掉
2023-09-02 00:31:17 V/Bot.2398493975: [獭獭云旅游军团@🎤啥(887156367)] タタ@獭獭·ω·咖波●ω●军团(1609323331) -> [mirai:image:{ECB1281E-E17C-F20E-0060-DA328002022A}.png, width=216, height=138, size=4514, type=JPG, isEmoji=true]
2023-09-02 00:31:27 V/Bot.2398493975: [獭獭云旅游军团@🎤啥(887156367)] Freeze_Kirin(768173212) -> 原来是这样
2023-09-02 00:31:49 V/Bot.2398493975: [獭獭云旅游军团@🎤啥(887156367)] タタ@獭獭·ω·咖波●ω●军团(1609323331) -> 最近一次hod就是那个一帧几百人的史上最卷总力战
2023-09-02 00:31:57 V/Bot.2398493975: [獭獭云旅游军团@🎤啥(887156367)] タタ@獭獭·ω·咖波●ω●军团(1609323331) -> [mirai:image:{93EAD3B3-EF38-0148-5669-9A1DC9E0568A}.png, width=74, height=62, size=4345, type=GIF, isEmoji=true]
2023-09-02 00:32:03 V/Bot.2398493975: [獭獭云旅游军团@🎤啥(887156367)] Freeze_Kirin(768173212) -> [mirai:image:{7B4FAB6B-0BA8-0F4C-F8DC-B2AF31AB603E}.gif, width=512, height=512, size=192357, type=GIF, isEmoji=false]
2023-09-02 00:32:12 V/Bot.2398493975: [獭獭云旅游军团@🎤啥(887156367)] タタ@獭獭·ω·咖波●ω●军团(1609323331) -> 因为hod简单
2023-09-02 00:32:25 I/UnidbgFetchQsign: Bot(2398493975) request_token, submit success
2023-09-02 00:32:56 V/Bot.2398493975: [獭獭云旅游军团@🎤啥(887156367)] Freeze_Kirin(768173212) -> 那谁的技能叠cc啊，喷火龙和浮游炮吗
2023-09-02 00:33:06 V/Bot.2398493975: [獭獭云旅游军团@🎤啥(887156367)] タタ@獭獭·ω·咖波●ω●军团(1609323331) -> cc人
2023-09-02 00:33:11 V/Bot.2398493975: [獭獭云旅游军团@🎤啥(887156367)] タタ@獭獭·ω·咖波●ω●军团(1609323331) -> 最常用的有
2023-09-02 00:33:48 V/Bot.2398493975: [獭獭云旅游军团@🎤啥(887156367)] Freeze_Kirin(768173212) -> 哦好像给的编队里除了邮箱都有cc
2023-09-02 00:34:14 V/Bot.2398493975: [獭獭云旅游军团@🎤啥(887156367)] タタ@獭獭·ω·咖波●ω●军团(1609323331) -> 打hod有狗盾+星野
2023-09-02 00:34:23 V/Bot.2398493975: [獭獭云旅游军团@🎤啥(887156367)] タタ@獭獭·ω·咖波●ω●军团(1609323331) -> 或者狗盾+千寻就差不多了
2023-09-02 00:34:42 V/Bot.2398493975: [獭獭云旅游军团@🎤啥(887156367)] タタ@獭獭·ω·咖波●ω●军团(1609323331) -> 凹高分的用专二佳代子
2023-09-02 00:36:07 V/Bot.2398493975: [獭獭云旅游军团@🎤啥(887156367)] タタ@獭獭·ω·咖波●ω●军团(1609323331) -> 水藻也可以但是作业比上面几种少一点
2023-09-02 00:36:07 V/Bot.2398493975: [獭獭云旅游军团@🎤啥(887156367)] Freeze_Kirin(768173212) -> 呃啊，差最后4w血
2023-09-02 00:36:12 V/Bot.2398493975: [獭獭云旅游军团@🎤啥(887156367)] Freeze_Kirin(768173212) -> 第二遍，启动！
2023-09-02 00:36:25 V/Bot.2398493975: [獭獭云旅游军团@🎤啥(887156367)] タタ@獭獭·ω·咖波●ω●军团(1609323331) -> 胡萝卜打过了hc
2023-09-02 00:36:35 V/Bot.2398493975: [獭獭云旅游军团@🎤啥(887156367)] タタ@獭獭·ω·咖波●ω●军团(1609323331) -> 胡萝卜才是这里打总力最卷的
2023-09-02 00:36:37 V/Bot.2398493975: [獭獭云旅游军团@🎤啥(887156367)] タタ@獭獭·ω·咖波●ω●军团(1609323331) -> [mirai:image:{7C659D43-DA9A-9B1E-6F64-D0CA83C3AF08}.png, width=308, height=218, size=88602, type=GIF, isEmoji=true]
2023-09-02 00:36:39 V/Bot.2398493975: [獭獭云旅游军团@🎤啥(887156367)] タタ@獭獭·ω·咖波●ω●军团(1609323331) -> 我打不过
2023-09-02 00:36:45 V/Bot.2398493975: [獭獭云旅游军团@🎤啥(887156367)] Freeze_Kirin(768173212) -> 有卷狗
2023-09-02 00:36:50 V/Bot.2398493975: [獭獭云旅游军团@🎤啥(887156367)] Freeze_Kirin(768173212) -> 终止交易！
2023-09-02 00:36:57 V/Bot.2398493975: [獭獭云旅游军团@🎤啥(887156367)] Freeze_Kirin(768173212) -> [mirai:image:{4A921C18-FF44-2C37-9E7C-971837637B1D}.jpg, width=300, height=130, size=6492, type=JPG, isEmoji=false]
2023-09-02 00:37:02 V/Bot.2398493975: [獭獭云旅游军团@🎤啥(887156367)] Freeze_Kirin(768173212) -> 是时候把群主踢了
2023-09-02 00:38:23 V/Bot.2398493975: [獭獭云旅游军团@🎤啥(887156367)] タタ@獭獭·ω·咖波●ω●军团(1609323331) -> 感觉最离谱的还是
2023-09-02 00:38:25 V/Bot.2398493975: [獭獭云旅游军团@🎤啥(887156367)] タタ@獭獭·ω·咖波●ω●军团(1609323331) -> 狗子
2023-09-02 00:38:36 V/Bot.2398493975: [獭獭云旅游军团@🎤啥(887156367)] タタ@獭獭·ω·咖波●ω●军团(1609323331) -> 第一次打p2
2023-09-02 00:38:46 V/Bot.2398493975: [獭獭云旅游军团@🎤啥(887156367)] タタ@獭獭·ω·咖波●ω●军团(1609323331) -> 打了半天发现血条没动
2023-09-02 00:39:16 V/Bot.2398493975: [獭獭云旅游军团@🎤啥(887156367)] タタ@獭獭·ω·咖波●ω●军团(1609323331) -> 去b站冲浪回来才知道打的是分身
2023-09-02 00:39:18 V/Bot.2398493975: [獭獭云旅游军团@🎤啥(887156367)] タタ@獭獭·ω·咖波●ω●军团(1609323331) -> [mirai:image:{15530C6E-2E2B-8726-AC46-20AE8098381B}.png, width=174, height=172, size=5372, type=JPG, isEmoji=true]
2023-09-02 00:39:29 V/Bot.2398493975: [獭獭云旅游军团@🎤啥(887156367)] タタ@獭獭·ω·咖波●ω●军团(1609323331) -> 从来不看boss技能描述
2023-09-02 00:40:03 V/Bot.2398493975: [獭獭云旅游军团@🎤啥(887156367)] タタ@獭獭·ω·咖波●ω●军团(1609323331) -> kirin：我还是不会找本体
2023-09-02 00:40:50 V/Bot.2398493975: [獭獭云旅游军团@🎤啥(887156367)] Freeze_Kirin(768173212) -> 草
2023-09-02 00:40:57 V/Bot.2398493975: [獭獭云旅游军团@🎤啥(887156367)] 哭哭Kirin@被獭獭军团开除两次(472247053) -> [mirai:image:{3B881801-08F0-F49A-FE7B-092020C2128B}.jpg, width=320, height=254, size=86347, type=GIF, isEmoji=true]
2023-09-02 00:41:05 V/Bot.2398493975: [獭獭云旅游军团@🎤啥(887156367)] 哭哭Kirin@被獭獭军团开除两次(472247053) -> 会了！
2023-09-02 00:41:06 V/Bot.2398493975: [獭獭云旅游军团@🎤啥(887156367)] Freeze_Kirin(768173212) -> 我看好像是撒牌的时候有红色的是本体
2023-09-02 00:41:07 V/Bot.2398493975: [獭獭云旅游军团@🎤啥(887156367)] タタ@獭獭·ω·咖波●ω●军团(1609323331) -> 真不会啊
2023-09-02 00:41:09 V/Bot.2398493975: [獭獭云旅游军团@🎤啥(887156367)] タタ@獭獭·ω·咖波●ω●军团(1609323331) -> 哦
2023-09-02 00:41:24 V/Bot.2398493975: [獭獭云旅游军团@🎤啥(887156367)] タタ@獭獭·ω·咖波●ω●军团(1609323331) -> 你看wy都会了
2023-09-02 00:41:26 V/Bot.2398493975: [獭獭云旅游军团@🎤啥(887156367)] タタ@獭獭·ω·咖波●ω●军团(1609323331) -> 诶不对
2023-09-02 00:41:29 V/Bot.2398493975: [獭獭云旅游军团@🎤啥(887156367)] タタ@獭獭·ω·咖波●ω●军团(1609323331) -> 你记反了
2023-09-02 00:41:38 V/Bot.2398493975: [獭獭云旅游军团@🎤啥(887156367)] タタ@獭獭·ω·咖波●ω●军团(1609323331) -> 本来想孤立kirin的
2023-09-02 00:41:40 V/Bot.2398493975: [獭獭云旅游军团@🎤啥(887156367)] Freeze_Kirin(768173212) -> [mirai:image:{7B4FAB6B-0BA8-0F4C-F8DC-B2AF31AB603E}.gif, width=512, height=512, size=192357, type=GIF, isEmoji=false]
2023-09-02 00:41:41 V/Bot.2398493975: [獭獭云旅游军团@🎤啥(887156367)] タタ@獭獭·ω·咖波●ω●军团(1609323331) -> [mirai:image:{6DB8D47D-6D88-2BA8-3315-3C91BE0598DE}.png, width=200, height=156, size=81787, type=GIF, isEmoji=true]
2023-09-02 00:41:52 V/Bot.2398493975: [獭獭云旅游军团@🎤啥(887156367)] 哭哭Kirin@被獭獭军团开除两次(472247053) -> [mirai:image:{C6D98AA9-4CE0-28B7-32EF-B076899EA836}.jpg, width=308, height=300, size=72185, type=GIF, isEmoji=true]
2023-09-02 00:41:56 V/Bot.2398493975: [獭獭云旅游军团@🎤啥(887156367)] Freeze_Kirin(768173212) -> 因为当时我刚入坑打了个normal摆烂了（）
2023-09-02 00:42:13 V/Bot.2398493975: [獭獭云旅游军团@🎤啥(887156367)] タタ@獭獭·ω·咖波●ω●军团(1609323331) -> 我第一次打goz
2023-09-02 00:42:17 V/Bot.2398493975: [獭獭云旅游军团@🎤啥(887156367)] タタ@獭獭·ω·咖波●ω●军团(1609323331) -> 刷到一个视频
2023-09-02 00:42:24 V/Bot.2398493975: [獭獭云旅游军团@🎤啥(887156367)] Freeze_Kirin(768173212) -> [mirai:image:{6D52D61A-8181-5486-9351-C3A366A7E3DA}.png, width=2796, height=1290, size=200953, type=JPG, isEmoji=false]
2023-09-02 00:42:28 V/Bot.2398493975: [獭獭云旅游军团@🎤啥(887156367)] Freeze_Kirin(768173212) -> 这个怎么打
2023-09-02 00:42:33 V/Bot.2398493975: [獭獭云旅游军团@🎤啥(887156367)] タタ@獭獭·ω·咖波●ω●军团(1609323331) -> 教你使用声音辨别分身
2023-09-02 00:42:40 V/Bot.2398493975: [獭獭云旅游军团@🎤啥(887156367)] Freeze_Kirin(768173212) -> 这下只能上自己的了
2023-09-02 00:42:45 V/Bot.2398493975: [獭獭云旅游军团@🎤啥(887156367)] タタ@獭獭·ω·咖波●ω●军团(1609323331) -> 备注：请使用立体声耳机
2023-09-02 00:42:47 V/Bot.2398493975: [獭獭云旅游军团@🎤啥(887156367)] Freeze_Kirin(768173212) -> [mirai:image:{7A6A1C32-E803-5A63-B146-57CC40CE4C85}.gif, width=352, height=254, size=39350, type=GIF, isEmoji=false]
2023-09-02 00:42:49 V/Bot.2398493975: [獭獭云旅游军团@🎤啥(887156367)] Freeze_Kirin(768173212) -> 草
2023-09-02 00:42:55 V/Bot.2398493975: [獭獭云旅游军团@🎤啥(887156367)] Freeze_Kirin(768173212) -> 听声辩位
2023-09-02 00:42:57 V/Bot.2398493975: [獭獭云旅游军团@🎤啥(887156367)] タタ@獭獭·ω·咖波●ω●军团(1609323331) -> 当时只用手机玩游戏没有耳机
2023-09-02 00:43:02 V/Bot.2398493975: [獭獭云旅游军团@🎤啥(887156367)] タタ@獭獭·ω·咖波●ω●军团(1609323331) -> 所以没看那个视频
2023-09-02 00:43:06 V/Bot.2398493975: [獭獭云旅游军团@🎤啥(887156367)] タタ@獭獭·ω·咖波●ω●军团(1609323331) -> [mirai:image:{7A6A1C32-E803-5A63-B146-57CC40CE4C85}.png, width=352, height=254, size=39350, type=GIF, isEmoji=true]
2023-09-02 00:43:29 V/Bot.2398493975: [獭獭云旅游军团@🎤啥(887156367)] タタ@獭獭·ω·咖波●ω●军团(1609323331) -> [mirai:quote:[mirai:source:ids=[66045], internalIds=[888868629], from 768173212 to 887156367 at 1693586544], content=<not yet initialized>][mirai:at:768173212] 打小鸡
2023-09-02 00:43:42 V/Bot.2398493975: [獭獭云旅游军团@🎤啥(887156367)] タタ@獭獭·ω·咖波●ω●军团(1609323331) -> 小鸡摔倒了也继续打小鸡
2023-09-02 00:44:02 V/Bot.2398493975: [獭獭云旅游军团@🎤啥(887156367)] タタ@獭獭·ω·咖波●ω●军团(1609323331) -> 小鸡会把伤害传回本体的
2023-09-02 00:44:31 V/Bot.2398493975: [獭獭云旅游军团@🎤啥(887156367)] Freeze_Kirin(768173212) -> [mirai:image:{E99AC65C-8640-6001-EF12-1CD30B9D871E}.gif, width=348, height=300, size=74943, type=GIF, isEmoji=false]
2023-09-02 00:44:47 V/Bot.2398493975: [獭獭云旅游军团@🎤啥(887156367)] タタ@獭獭·ω·咖波●ω●军团(1609323331) -> 或者上个日富美让你的小鸡和boss的小鸡一起跳舞
2023-09-02 00:44:54 V/Bot.2398493975: [獭獭云旅游军团@🎤啥(887156367)] タタ@獭獭·ω·咖波●ω●军团(1609323331) -> [mirai:image:{A3C56810-0293-8086-658D-531E0E0B1790}.png, width=512, height=512, size=129498, type=GIF, isEmoji=true]
2023-09-02 00:44:56 V/Bot.2398493975: [獭獭云旅游军团@🎤啥(887156367)] Freeze_Kirin(768173212) -> 草寿司人怎么henshin了
2023-09-02 00:45:19 V/Bot.2398493975: [獭獭云旅游军团@🎤啥(887156367)] Freeze_Kirin(768173212) -> 我仿佛误入特摄拍摄场地
2023-09-02 00:45:21 V/Bot.2398493975: [獭獭云旅游军团@🎤啥(887156367)] タタ@獭獭·ω·咖波●ω●军团(1609323331) -> 寿司人开盾要用10hit以上的ex技能破盾
2023-09-02 00:45:29 V/Bot.2398493975: [獭獭云旅游军团@🎤啥(887156367)] タタ@獭獭·ω·咖波●ω●军团(1609323331) -> 或者硬打
2023-09-02 00:45:38 V/Bot.2398493975: [獭獭云旅游军团@🎤啥(887156367)] タタ@獭獭·ω·咖波●ω●军团(1609323331) -> 哦
2023-09-02 00:45:41 V/Bot.2398493975: [獭獭云旅游军团@🎤啥(887156367)] Freeze_Kirin(768173212) -> [mirai:image:{48A31975-9C7C-6E2F-AD00-FBBA3C09AC78}.png, width=2796, height=1290, size=425155, type=JPG, isEmoji=false]
2023-09-02 00:45:46 V/Bot.2398493975: [獭獭云旅游军团@🎤啥(887156367)] Freeze_Kirin(768173212) -> [mirai:image:{7B4FAB6B-0BA8-0F4C-F8DC-B2AF31AB603E}.gif, width=512, height=512, size=192357, type=GIF, isEmoji=false]
2023-09-02 00:45:49 V/Bot.2398493975: [獭獭云旅游军团@🎤啥(887156367)] Freeze_Kirin(768173212) -> 神仙大战
2023-09-02 00:45:53 V/Bot.2398493975: [獭獭云旅游军团@🎤啥(887156367)] タタ@獭獭·ω·咖波●ω●军团(1609323331) -> 这个是寿司人大战鸡斯拉环节
2023-09-02 00:46:09 V/Bot.2398493975: [獭獭云旅游军团@🎤啥(887156367)] 哭哭Kirin@被獭獭军团开除两次(472247053) -> 原来是这个
2023-09-02 00:46:11 V/Bot.2398493975: [獭獭云旅游军团@🎤啥(887156367)] タタ@獭獭·ω·咖波●ω●军团(1609323331) -> 你的学生摆烂看3d电影就行了
2023-09-02 00:46:28 V/Bot.2398493975: [獭獭云旅游军团@🎤啥(887156367)] タタ@獭獭·ω·咖波●ω●军团(1609323331) -> 早知道就上个配洛洛跳舞了
2023-09-02 00:46:30 V/Bot.2398493975: [獭獭云旅游军团@🎤啥(887156367)] Freeze_Kirin(768173212) -> auto开了，开始欣赏ba特摄
2023-09-02 00:46:42 V/Bot.2398493975: [獭獭云旅游军团@🎤啥(887156367)] タタ@獭獭·ω·咖波●ω●军团(1609323331) -> 开始欣赏ba特摄
2023-09-02 00:46:49 V/Bot.2398493975: [獭獭云旅游军团@🎤啥(887156367)] タタ@獭獭·ω·咖波●ω●军团(1609323331) -> 寿司人，我们滴朋友
2023-09-02 00:47:44 V/Bot.2398493975: [獭獭云旅游军团@🎤啥(887156367)] タタ@獭獭·ω·咖波●ω●军团(1609323331) -> 我记得有张关于这个的沙雕图
2023-09-02 00:47:51 V/Bot.2398493975: [獭獭云旅游军团@🎤啥(887156367)] Freeze_Kirin(768173212) -> 区区寿司人，怎么这么帅
2023-09-02 00:47:59 V/Bot.2398493975: [獭獭云旅游军团@🎤啥(887156367)] Freeze_Kirin(768173212) -> 配乐燃起来了
2023-09-02 00:49:17 V/Bot.2398493975: [獭獭云旅游军团@🎤啥(887156367)] Freeze_Kirin(768173212) -> 好家伙，看了两章剧情多了快1w钻
2023-09-02 00:49:32 V/Bot.2398493975: [獭獭云旅游军团@🎤啥(887156367)] Freeze_Kirin(768173212) -> 这就是ba的矿山吗.jpg
2023-09-02 00:49:42 V/Bot.2398493975: [獭獭云旅游军团@🎤啥(887156367)] タタ@獭獭·ω·咖波●ω●军团(1609323331) -> mmtk
2023-09-02 00:49:57 V/Bot.2398493975: [獭獭云旅游军团@🎤啥(887156367)] タタ@獭獭·ω·咖波●ω●军团(1609323331) -> 没读过的话能挖一井多
2023-09-02 00:50:18 V/Bot.2398493975: [獭獭云旅游军团@🎤啥(887156367)] Freeze_Kirin(768173212) -> 这个轮流打怪的一个boss送700+2抽，好大方
2023-09-02 00:50:23 V/Bot.2398493975: [獭獭云旅游军团@🎤啥(887156367)] Freeze_Kirin(768173212) -> [mirai:image:{7B4FAB6B-0BA8-0F4C-F8DC-B2AF31AB603E}.gif, width=512, height=512, size=192357, type=GIF, isEmoji=false]
2023-09-02 00:50:30 V/Bot.2398493975: [獭獭云旅游军团@🎤啥(887156367)] タタ@獭獭·ω·咖波●ω●军团(1609323331) -> 这个是二周年活动
2023-09-02 00:50:35 V/Bot.2398493975: [獭獭云旅游军团@🎤啥(887156367)] タタ@獭獭·ω·咖波●ω●军团(1609323331) -> 送了好多好多
2023-09-02 00:50:37 V/Bot.2398493975: [獭獭云旅游军团@🎤啥(887156367)] タタ@獭獭·ω·咖波●ω●军团(1609323331) -> [mirai:image:{FA5753EB-4165-A539-4DD1-D8B4EDA61C5A}.png, width=284, height=208, size=63373, type=GIF, isEmoji=true]
2023-09-02 00:50:44 V/Bot.2398493975: [獭獭云旅游军团@🎤啥(887156367)] Freeze_Kirin(768173212) -> 送了好多，突然不想抽卡了，我是钻性恋
2023-09-02 00:50:53 V/Bot.2398493975: [獭獭云旅游军团@🎤啥(887156367)] タタ@獭獭·ω·咖波●ω●军团(1609323331) -> [mirai:image:{04AA33CB-931E-C1F2-EC30-4A2718268594}.png, width=370, height=292, size=89543, type=GIF, isEmoji=true]
2023-09-02 00:52:05 V/Bot.2398493975: [獭獭云旅游军团@🎤啥(887156367)] Freeze_Kirin(768173212) -> 钻石保卫战堂堂连载！
2023-09-02 00:52:10 V/Bot.2398493975: [獭獭云旅游军团@🎤啥(887156367)] Freeze_Kirin(768173212) -> [mirai:image:{4A921C18-FF44-2C37-9E7C-971837637B1D}.png, width=300, height=130, size=6492, type=JPG, isEmoji=true]
2023-09-02 01:12:26 I/UnidbgFetchQsign: Bot(2398493975) request_token, submit success
2023-09-02 01:19:08 V/Bot.2398493975: [獭獭云旅游军团@🎤啥(887156367)] hzc@獭獭軍団二度受(2384102753) -> 怎么又要踢我
2023-09-02 01:19:30 V/Bot.2398493975: [獭獭云旅游军团@🎤啥(887156367)] hzc@獭獭軍団二度受(2384102753) -> 我hc还没过呢，昨天忘了打总力战了
2023-09-02 01:20:03 V/Bot.2398493975: [獭獭云旅游军团@🎤啥(887156367)] hzc@獭獭軍団二度受(2384102753) -> 等我拿了真纪在爆杀大蛇
2023-09-02 01:24:20 V/Bot.2398493975: [獭獭云旅游军团@🎤啥(887156367)] タタ@獭獭·ω·咖波●ω●军团(1609323331) -> 真寄不是可以拼了嘛
2023-09-02 01:24:25 V/Bot.2398493975: [獭獭云旅游军团@🎤啥(887156367)] タタ@獭獭·ω·咖波●ω●军团(1609323331) -> 我已经拼了一个了
2023-09-02 01:24:37 V/Bot.2398493975: [獭獭云旅游军团@🎤啥(887156367)] タタ@獭獭·ω·咖波●ω●军团(1609323331) -> 人体炼成术
2023-09-02 01:24:40 V/Bot.2398493975: [獭獭云旅游军团@🎤啥(887156367)] タタ@獭獭·ω·咖波●ω●军团(1609323331) -> [mirai:image:{35EE10C3-477F-0FC1-47F3-27B1708C4ED7}.png, width=300, height=216, size=13366, type=JPG, isEmoji=true]
2023-09-02 01:33:18 V/Bot.2398493975: [獭獭云旅游军团@🎤啥(887156367)] hzc@獭獭軍団二度受(2384102753) -> 我还差20个币，要再打一次
2023-09-02 01:48:58 V/Bot.2398493975: [獭獭云旅游军团@🎤啥(887156367)] タタ@獭獭·ω·咖波●ω●军团(1609323331) -> [mirai:image:{CB42A045-0F56-0BCD-8805-566D65527211}.png, width=1002, height=644, size=183910, type=PNG, isEmoji=false]
2023-09-02 01:48:59 V/Bot.2398493975: [獭獭云旅游军团@🎤啥(887156367)] タタ@獭獭·ω·咖波●ω●军团(1609323331) -> [mirai:image:{C710109D-C4B0-1309-BAAB-6890319990C8}.png, width=998, height=189, size=100155, type=PNG, isEmoji=false]
2023-09-02 01:49:01 V/Bot.2398493975: [獭獭云旅游军团@🎤啥(887156367)] タタ@獭獭·ω·咖波●ω●军团(1609323331) -> [mirai:image:{15530C6E-2E2B-8726-AC46-20AE8098381B}.png, width=174, height=172, size=5372, type=JPG, isEmoji=true]
2023-09-02 01:52:32 I/UnidbgFetchQsign: Bot(2398493975) request_token, submit success
2023-09-02 02:32:33 I/UnidbgFetchQsign: Bot(2398493975) request_token, submit success
2023-09-02 02:39:42 V/Bot.2398493975: [獭獭云旅游军团@🎤啥(887156367)] タタ@獭獭·ω·咖波●ω●军团(1609323331) -> [mirai:at:472247053] 
2023-09-02 02:39:45 V/Bot.2398493975: [獭獭云旅游军团@🎤啥(887156367)] タタ@獭獭·ω·咖波●ω●军团(1609323331) -> [mirai:image:{BBA363BD-A479-C894-074F-1A4E80908AB7}.png, width=600, height=338, size=1915382, type=GIF, isEmoji=false]
2023-09-02 02:41:58 V/Bot.2398493975: [獭獭云旅游军团@🎤啥(887156367)] タタ@獭獭·ω·咖波●ω●军团(1609323331) -> [mirai:image:{18399239-9EC8-A0CB-5E40-DA1A9668D672}.png, width=160, height=160, size=4785, type=JPG, isEmoji=true]
2023-09-02 02:42:01 V/Bot.2398493975: [獭獭云旅游军团@🎤啥(887156367)] タタ@獭獭·ω·咖波●ω●军团(1609323331) -> [mirai:image:{930410CA-03A0-4469-7E24-3CAC70A2301A}.png, width=1125, height=376, size=73207, type=PNG, isEmoji=false]
2023-09-02 02:42:09 V/Bot.2398493975: [獭獭云旅游军团@🎤啥(887156367)] タタ@獭獭·ω·咖波●ω●军团(1609323331) -> 我们要孤立一个人
2023-09-02 02:42:50 V/Bot.2398493975: [獭獭云旅游军团@🎤啥(887156367)] タタ@獭獭·ω·咖波●ω●军团(1609323331) -> whywhy[mirai:image:{5B8A5807-24D6-35A4-C941-D6B6B7DF0AEC}.png, width=1125, height=2436, size=186433, type=JPG, isEmoji=false]
2023-09-02 03:05:29 V/Bot.2398493975: [獭獭云旅游军团@🎤啥(887156367)] 哭哭Kirin@被獭獭军团开除两次(472247053) -> [mirai:image:{C6D98AA9-4CE0-28B7-32EF-B076899EA836}.jpg, width=308, height=300, size=72185, type=GIF, isEmoji=true]
2023-09-02 03:12:34 I/UnidbgFetchQsign: Bot(2398493975) request_token, submit success
2023-09-02 03:46:18 V/Bot.2398493975: [獭獭云旅游军团@🎤啥(887156367)] タタ@獭獭·ω·咖波●ω●军团(1609323331) -> ins底分好抽象啊[mirai:image:{D09DC8BD-7791-AF83-AF96-C9B0073280E1}.png, width=2388, height=1668, size=427600, type=JPG, isEmoji=false]
2023-09-02 03:48:13 V/Bot.2398493975: [獭獭云旅游军团@🎤啥(887156367)] タタ@獭獭·ω·咖波●ω●军团(1609323331) -> 用自己打自己[mirai:image:{887FBED6-1BEC-998E-D64F-4383DFABBC6D}.png, width=2388, height=1668, size=391898, type=JPG, isEmoji=false]
2023-09-02 03:52:40 I/UnidbgFetchQsign: Bot(2398493975) request_token, submit success
2023-09-02 04:02:02 V/Bot.2398493975: Event: NudgeEvent(from=NormalMember(2461942798), target=NormalMember(1609323331), subject=Group(887156367), action=捏了捏, suffix=的小獭獭)
2023-09-02 04:32:40 I/UnidbgFetchQsign: Bot(2398493975) request_token, submit success
2023-09-02 04:45:26 V/Bot.2398493975: [獭獭云旅游军团@🎤啥(887156367)] zz@獺獺軍団(771507043) -> [不支持的消息#-2147006614][mirai:image:{1FDD94ED-F2CF-DDCB-E37E-AD3B1341839F}.jpg, width=744, height=594, size=425065, type=PNG, isEmoji=false]蛇怎么没打过饼
2023-09-02 04:55:49 V/Bot.2398493975: [獭獭云旅游军团@🎤啥(887156367)] hzc@獭獭軍団二度受(2384102753) -> 好拉 只有632w
2023-09-02 04:55:53 V/Bot.2398493975: [獭獭云旅游军团@🎤啥(887156367)] hzc@獭獭軍団二度受(2384102753) -> 上错人了
2023-09-02 04:56:57 V/Bot.2398493975: [獭獭云旅游军团@🎤啥(887156367)] タタ@獭獭·ω·咖波●ω●军团(1609323331) -> [mirai:image:{18399239-9EC8-A0CB-5E40-DA1A9668D672}.png, width=160, height=160, size=4785, type=JPG, isEmoji=true]
2023-09-02 05:12:41 I/UnidbgFetchQsign: Bot(2398493975) request_token, submit success
2023-09-02 05:39:17 V/Bot.2398493975: [test(389193066)] yyyouch(2461942798) -> ！jrrp
2023-09-02 05:39:18 V/Bot.2398493975: Group(389193066) <- 今日人品：中吉
今日适宜役种：一杯口
(为防止刷屏，一日内不可多次查询哦！)
2023-09-02 05:50:52 V/Bot.2398493975: [test(389193066)] 时雨(1609323331) -> ！jrrp
2023-09-02 05:50:53 V/Bot.2398493975: Group(389193066) <- 今日人品：小吉
今日适宜役种：三色同顺
(为防止刷屏，一日内不可多次查询哦！)
2023-09-02 05:52:47 I/UnidbgFetchQsign: Bot(2398493975) request_token, submit success
2023-09-02 06:32:48 I/UnidbgFetchQsign: Bot(2398493975) request_token, submit success
2023-09-02 07:12:48 I/UnidbgFetchQsign: Bot(2398493975) request_token, submit success
2023-09-02 07:52:55 I/UnidbgFetchQsign: Bot(2398493975) request_token, submit success
2023-09-02 08:32:55 I/UnidbgFetchQsign: Bot(2398493975) request_token, submit success
2023-09-02 09:12:56 I/UnidbgFetchQsign: Bot(2398493975) request_token, submit success
2023-09-02 09:53:02 I/UnidbgFetchQsign: Bot(2398493975) request_token, submit success
2023-09-02 10:18:46 V/Bot.2398493975: [獭獭云旅游军团@🎤啥(887156367)] Freeze_Kirin(768173212) -> [mirai:image:{0B6CA260-609F-3CBE-AE97-36512F12321C}.png, width=2796, height=1290, size=446044, type=JPG, isEmoji=false]
2023-09-02 10:18:57 V/Bot.2398493975: [獭獭云旅游军团@🎤啥(887156367)] Freeze_Kirin(768173212) -> 果然ui的ex拉满就两刀了
2023-09-02 10:19:00 V/Bot.2398493975: [獭獭云旅游军团@🎤啥(887156367)] Freeze_Kirin(768173212) -> [mirai:image:{548202B7-7AF1-89E1-7518-3C35367DB601}.png, width=148, height=140, size=16788, type=JPG, isEmoji=true]
2023-09-02 10:33:03 I/UnidbgFetchQsign: Bot(2398493975) request_token, submit success
2023-09-02 11:13:04 I/UnidbgFetchQsign: Bot(2398493975) request_token, submit success
2023-09-02 11:53:10 I/UnidbgFetchQsign: Bot(2398493975) request_token, submit success
2023-09-02 11:53:27 V/Bot.2398493975: [獭獭云旅游军团@🎤啥(887156367)] lax@牛牛道心破碎军团(269418386) -> 下午牛牛操刀hanamarusuki
2023-09-02 11:53:42 V/Bot.2398493975: [獭獭云旅游军团@🎤啥(887156367)] Freeze_Kirin(768173212) -> [mirai:image:{A3C56810-0293-8086-658D-531E0E0B1790}.gif, width=512, height=512, size=129498, type=GIF, isEmoji=false]
2023-09-02 11:54:13 V/Bot.2398493975: [獭獭云旅游军团@🎤啥(887156367)] Freeze_Kirin(768173212) -> 有会议指指点点环节吗
2023-09-02 11:54:23 V/Bot.2398493975: [獭獭云旅游军团@🎤啥(887156367)] lax@牛牛道心破碎军团(269418386) -> 有的
2023-09-02 11:54:27 V/Bot.2398493975: [獭獭云旅游军团@🎤啥(887156367)] lax@牛牛道心破碎军团(269418386) -> 不然有什么意思
2023-09-02 11:55:31 V/Bot.2398493975: [獭獭云旅游军团@🎤啥(887156367)] Freeze_Kirin(768173212) -> 好好好
2023-09-02 12:33:11 I/UnidbgFetchQsign: Bot(2398493975) request_token, submit success
2023-09-02 13:12:20 V/Bot.2398493975: [獭獭云旅游军团@🎤啥(887156367)] 獭獭睡觉大臣@被獭獭军团开除(963423936) -> [mirai:app:{
  "config" : {
    "height" : 0,
    "forward" : 1,
    "ctime" : 1693631536,
    "width" : 0,
    "type" : "normal",
    "token" : "d83a55268f1b0ee23de1bcd1ff51f384",
    "autoSize" : 0
  },
  "prompt" : "[QQ小程序]关于MYGO就是G2的论证【Bang Dream!It's MyGo!!!!!】",
  "app" : "com.tencent.miniapp_01",
  "ver" : "0.0.0.1",
  "appID" : "100951776",
  "view" : "view_8C8E89B49BE609866298ADDFF2DBABA4",
  "meta" : {
    "detail_1" : {
      "appid" : "1109937557",
      "preview" : "https:\/\/pic.ugcimg.cn\/dc462ed4d7beab0c52fa41a4bde821d4\/jpg1",
      "shareTemplateData" : {

      },
      "gamePointsUrl" : "",
      "gamePoints" : "",
      "url" : "m.q.qq.com\/a\/s\/b36d15083b95cd7586ba0a056a0d8b3b",
      "appType" : 0,
      "desc" : "关于MYGO就是G2的论证【Bang Dream!It's MyGo!!!!!】",
      "title" : "哔哩哔哩",
      "scene" : 1036,
      "host" : {
        "uin" : 963423936,
        "nick" : "小红今天早饭了吗"
      },
      "icon" : "https:\/\/open.gtimg.cn\/open\/app_icon\/00\/95\/17\/76\/100951776_100_m.png?t=1693381393",
      "shareTemplateId" : "8C8E89B49BE609866298ADDFF2DBABA4",
      "qqdocurl" : "https:\/\/b23.tv\/VEIiNHM",
      "showLittleTail" : ""
    }
  },
  "bthirdappforward" : true,
  "bthirdappforwardforbackendswitch" : true,
  "desc" : ""
}]
2023-09-02 13:13:11 I/UnidbgFetchQsign: Bot(2398493975) request_token, submit success
2023-09-02 13:16:32 V/Bot.2398493975: [獭獭云旅游军团@🎤啥(887156367)] zz@獺獺軍団(771507043) -> thpt hzc
2023-09-02 13:16:47 V/Bot.2398493975: [獭獭云旅游军团@🎤啥(887156367)] 懒懒（本物）(947603216) -> hzc [九段 1800/3600][３級 45/100]
最高段位 [九段 2715/3600][３級 45/100]
最近战绩 [1123342422][]
四麻首次升凤时间: 3/27/2021
最高段位达成时间: 4/11/2022
2023-09-02 13:17:34 V/Bot.2398493975: [獭獭云旅游军团@🎤啥(887156367)] zz@獺獺軍団(771507043) -> hzc怎么升段不打了（
2023-09-02 13:18:56 V/Bot.2398493975: [獭獭云旅游军团@🎤啥(887156367)] Freeze_Kirin(768173212) -> hzc怎么升段不打了（
2023-09-02 13:19:06 V/Bot.2398493975: [獭獭云旅游军团@🎤啥(887156367)] 獭獭睡觉大臣@被獭獭军团开除(963423936) -> hzc怎么升段不打了（
2023-09-02 13:23:39 V/Bot.2398493975: [獭獭云旅游军团@🎤啥(887156367)] 优雅猛牛(695150175) -> hzc怎么升段不打了（
2023-09-02 13:53:17 I/UnidbgFetchQsign: Bot(2398493975) request_token, submit success
2023-09-02 14:00:21 V/Bot.2398493975: [獭獭云旅游军团@🎤啥(887156367)] hzc@獭獭軍団二度受(2384102753) -> 那我呢（
2023-09-02 14:33:18 I/UnidbgFetchQsign: Bot(2398493975) request_token, submit success
2023-09-02 15:13:19 I/UnidbgFetchQsign: Bot(2398493975) request_token, submit success
2023-09-02 15:25:55 V/Bot.2398493975: Event: GroupTalkativeChangeEvent(group=Group(493057481), now=NormalMember(269418386), previous=NormalMember(2398493975))
2023-09-02 15:25:55 V/Bot.2398493975: Event: MemberHonorChangeEvent.Lose(member=NormalMember(2398493975), honorType=GroupHonorType(id=1))
2023-09-02 15:25:55 V/Bot.2398493975: Event: MemberHonorChangeEvent.Achieve(member=NormalMember(269418386), honorType=GroupHonorType(id=1))
2023-09-02 15:40:05 V/Bot.2398493975: [獭獭云旅游军团@🎤啥(887156367)] lax@牛牛道心破碎军团(269418386) -> [mirai:at:768173212] 如果群里面有消息了我没看见你就叫一下牛
2023-09-02 15:40:10 V/Bot.2398493975: [獭獭云旅游军团@🎤啥(887156367)] lax@牛牛道心破碎军团(269418386) -> 我在打dota
2023-09-02 15:40:49 V/Bot.2398493975: [獭獭云旅游军团@🎤啥(887156367)] タタ@獭獭·ω·咖波●ω●军团(1609323331) -> [mirai:image:{2FAA43C6-A686-8564-22A4-32FD0B9F3D13}.png, width=500, height=500, size=87435, type=GIF, isEmoji=true]
2023-09-02 15:49:20 V/Bot.2398493975: [獭獭云旅游军团@🎤啥(887156367)] タタ@獭獭·ω·咖波●ω●军团(1609323331) -> [mirai:image:{63A98684-93F7-3BF1-BC4A-11C73F7B0F88}.png, width=640, height=295, size=56618, type=JPG, isEmoji=false]
2023-09-02 15:49:24 V/Bot.2398493975: [獭獭云旅游军团@🎤啥(887156367)] タタ@獭獭·ω·咖波●ω●军团(1609323331) -> [mirai:image:{217DA165-D46A-8E3E-25F3-56A3137987A6}.png, width=512, height=512, size=198717, type=GIF, isEmoji=true]
2023-09-02 15:49:33 V/Bot.2398493975: [獭獭云旅游军团@🎤啥(887156367)] タタ@獭獭·ω·咖波●ω●军团(1609323331) -> 大大大失败
2023-09-02 15:51:16 V/Bot.2398493975: [獭獭云旅游军团@🎤啥(887156367)] hzc@獭獭軍団二度受(2384102753) -> 啊 我全大成功
2023-09-02 15:51:34 V/Bot.2398493975: [獭獭云旅游军团@🎤啥(887156367)] タタ@獭獭·ω·咖波●ω●军团(1609323331) -> 我大失败大成功大成功
2023-09-02 15:53:25 I/UnidbgFetchQsign: Bot(2398493975) request_token, submit success
2023-09-02 16:10:18 V/Bot.2398493975: [獭獭云旅游军团@🎤啥(887156367)] タタ@獭獭·ω·咖波●ω●军团(1609323331) -> 现在只要有一只尼禄就能混过ins了
2023-09-02 16:10:24 V/Bot.2398493975: [獭獭云旅游军团@🎤啥(887156367)] タタ@獭獭·ω·咖波●ω●军团(1609323331) -> [mirai:image:{6160020E-84FB-F100-8890-CA6EB87DDB50}.png, width=66, height=58, size=2453, type=JPG, isEmoji=true]
2023-09-02 16:10:35 V/Bot.2398493975: [獭獭云旅游军团@🎤啥(887156367)] タタ@獭獭·ω·咖波●ω●军团(1609323331) -> 用自己的人混过p1了
2023-09-02 16:26:10 I/Bot.2398493975: Saved account secrets to local cache for fast login.
2023-09-02 16:31:25 V/Bot.2398493975: [獭獭云旅游军团@🎤啥(887156367)] 獭獭睡觉大臣@被獭獭军团开除(963423936) -> [mirai:image:{5323D8EA-54CC-2F17-4628-17764F83CCCB}.jpg, width=66, height=58, size=1726, type=JPG, isEmoji=true]
2023-09-02 16:33:26 I/UnidbgFetchQsign: Bot(2398493975) request_token, submit success
2023-09-02 17:13:26 I/UnidbgFetchQsign: Bot(2398493975) request_token, submit success
2023-09-02 17:28:10 V/Bot.2398493975: [獭獭云旅游军团@🎤啥(887156367)] タタ@獭獭·ω·咖波●ω●军团(1609323331) -> [mirai:image:{B493BFB5-8BB0-938E-0E5D-7F9AEF7EE92C}.png, width=1668, height=2388, size=250638, type=JPG, isEmoji=false]
2023-09-02 17:40:17 V/Bot.2398493975: [獭獭云旅游军团@🎤啥(887156367)] 萝卜@萝卜軍団(690875992) -> [mirai:image:{154FFF7A-C7BD-432E-34C5-2B2DB4CCC33C}.jpg, width=1280, height=960, size=134808, type=JPG, isEmoji=false]
2023-09-02 17:42:08 V/Bot.2398493975: [獭獭云旅游军团@🎤啥(887156367)] タタ@獭獭·ω·咖波●ω●军团(1609323331) -> 萝卜
2023-09-02 17:46:47 V/Bot.2398493975: [SHT荔枝麻酱协会(493057481)] Ares(2304847556) -> 1=3
2023-09-02 17:49:30 V/Bot.2398493975: [獭獭云旅游军团@🎤啥(887156367)] 獭獭睡觉大臣@被獭獭军团开除(963423936) -> 卜
2023-09-02 17:53:32 I/UnidbgFetchQsign: Bot(2398493975) request_token, submit success
2023-09-02 18:18:42 V/Bot.2398493975: [SHT荔枝麻酱协会(493057481)] 淡情余描未わ(1297471104) -> 7点后有我
2023-09-02 18:18:50 V/Bot.2398493975: [SHT荔枝麻酱协会(493057481)] naf2021(3469392519) -> 7点后有我
2023-09-02 18:30:52 V/Bot.2398493975: [獭獭云旅游军团@🎤啥(887156367)] Freeze_Kirin(768173212) -> 可恶睡过头了没能看到牛牛乱杀
2023-09-02 18:30:57 V/Bot.2398493975: [獭獭云旅游军团@🎤啥(887156367)] Freeze_Kirin(768173212) -> [mirai:image:{DA596873-0A34-70F7-37AA-22F66AE315DF}.png, width=370, height=300, size=59798, type=GIF, isEmoji=true]
2023-09-02 18:31:34 V/Bot.2398493975: [獭獭云旅游军团@🎤啥(887156367)] 獭獭睡觉大臣@被獭獭军团开除(963423936) -> [mirai:app:{
  "config" : {
    "height" : 0,
    "forward" : 1,
    "ctime" : 1693650691,
    "width" : 0,
    "type" : "normal",
    "token" : "111209b3b6d6fff1b099b200575b86cd",
    "autoSize" : 0
  },
  "prompt" : "[QQ小程序]【摸王TV】MyGO篇 世上只有素世好",
  "app" : "com.tencent.miniapp_01",
  "ver" : "1.0.1.45",
  "appID" : "100951776",
  "view" : "view_8C8E89B49BE609866298ADDFF2DBABA4",
  "meta" : {
    "detail_1" : {
      "appid" : "1109937557",
      "preview" : "https:\/\/pic.ugcimg.cn\/c94c76e6bdbecbfede69ae3c4e02d80e\/jpg1",
      "shareTemplateData" : {

      },
      "gamePointsUrl" : "",
      "gamePoints" : "",
      "url" : "m.q.qq.com\/a\/s\/d3ea33650cafe8d5b3fc7f0d5321e2ec",
      "appType" : 0,
      "desc" : "【摸王TV】MyGO篇 世上只有素世好",
      "title" : "哔哩哔哩",
      "scene" : 1036,
      "host" : {
        "uin" : 963423936,
        "nick" : "小红今天早饭了吗"
      },
      "icon" : "http:\/\/miniapp.gtimg.cn\/public\/appicon\/432b76be3a548fc128acaa6c1ec90131_200.jpg",
      "shareTemplateId" : "8C8E89B49BE609866298ADDFF2DBABA4",
      "qqdocurl" : "https:\/\/b23.tv\/zLI3dXe",
      "showLittleTail" : ""
    }
  },
  "bthirdappforward" : true,
  "bthirdappforwardforbackendswitch" : true,
  "desc" : ""
}]
2023-09-02 18:31:39 V/Bot.2398493975: [獭獭云旅游军团@🎤啥(887156367)] 獭獭睡觉大臣@被獭獭军团开除(963423936) -> 我不行了
2023-09-02 18:31:41 V/Bot.2398493975: [獭獭云旅游军团@🎤啥(887156367)] 獭獭睡觉大臣@被獭獭军团开除(963423936) -> 笑死我了
2023-09-02 18:31:45 V/Bot.2398493975: [獭獭云旅游军团@🎤啥(887156367)] 獭獭睡觉大臣@被獭獭军团开除(963423936) -> 都给我看
2023-09-02 18:31:55 V/Bot.2398493975: [獭獭云旅游军团@🎤啥(887156367)] 獭獭睡觉大臣@被獭獭军团开除(963423936) -> [mirai:image:{217DA165-D46A-8E3E-25F3-56A3137987A6}.png, width=512, height=512, size=198717, type=GIF, isEmoji=true]
2023-09-02 18:33:28 V/Bot.2398493975: [獭獭云旅游军团@🎤啥(887156367)] 优雅猛牛(695150175) -> [mirai:at:768173212] 还好你睡过了  要不然血压高
2023-09-02 18:33:33 I/UnidbgFetchQsign: Bot(2398493975) request_token, submit success
2023-09-02 18:33:38 V/Bot.2398493975: [獭獭云旅游军团@🎤啥(887156367)] Freeze_Kirin(768173212) -> ？
2023-09-02 18:35:33 V/Bot.2398493975: [獭獭云旅游军团@🎤啥(887156367)] hzc@獭獭軍団二度受(2384102753) -> 有电脑-22000
2023-09-02 18:35:40 V/Bot.2398493975: [獭獭云旅游军团@🎤啥(887156367)] タタ@獭獭·ω·咖波●ω●军团(1609323331) -> [mirai:image:{18399239-9EC8-A0CB-5E40-DA1A9668D672}.jpg, width=160, height=160, size=4785, type=JPG, isEmoji=false]
2023-09-02 18:35:43 V/Bot.2398493975: [獭獭云旅游军团@🎤啥(887156367)] 哭哭Kirin@被獭獭军团开除两次(472247053) -> [mirai:image:{FA12DC30-C864-0A44-2529-E331C3162C9B}.png, width=796, height=475, size=39887, type=PNG, isEmoji=false]
2023-09-02 18:35:43 V/Bot.2398493975: [獭獭云旅游军团@🎤啥(887156367)] 哭哭Kirin@被獭獭军团开除两次(472247053) -> [mirai:image:{4EDDAE51-2EA5-50F1-9CCF-6CD49C679B3A}.jpg, width=236, height=226, size=161862, type=GIF, isEmoji=true]
2023-09-02 18:36:00 V/Bot.2398493975: [獭獭云旅游军团@🎤啥(887156367)] 獭獭睡觉大臣@被獭獭军团开除(963423936) -> [mirai:image:{DCC827E3-C001-8382-2FEB-DD5705F15745}.png, width=336, height=254, size=80956, type=GIF, isEmoji=true]
2023-09-02 18:36:10 V/Bot.2398493975: [獭獭云旅游军团@🎤啥(887156367)] 獭獭睡觉大臣@被獭獭军团开除(963423936) -> 素睦也不错的
2023-09-02 18:37:01 V/Bot.2398493975: [獭獭云旅游军团@🎤啥(887156367)] タタ@獭獭·ω·咖波●ω●军团(1609323331) -> 梭哈睦素
2023-09-02 18:37:26 V/Bot.2398493975: [獭獭云旅游军团@🎤啥(887156367)] タタ@獭獭·ω·咖波●ω●军团(1609323331) -> 有初华和海铃在一切都会好起来的
2023-09-02 18:37:29 V/Bot.2398493975: [獭獭云旅游军团@🎤啥(887156367)] 哭哭Kirin@被獭獭军团开除两次(472247053) -> 抄底了
2023-09-02 18:39:59 V/Bot.2398493975: [獭獭云旅游军团@🎤啥(887156367)] タタ@獭獭·ω·咖波●ω●军团(1609323331) -> https://bbs.nga.cn/read.php?tid=37574773
2023-09-02 18:40:43 V/Bot.2398493975: [獭獭云旅游军团@🎤啥(887156367)] タタ@獭獭·ω·咖波●ω●军团(1609323331) -> [mirai:image:{635DA585-6F3F-D778-6AA9-81AA74DCE83A}.png, width=1125, height=2436, size=2643638, type=PNG, isEmoji=false]
2023-09-02 18:40:44 V/Bot.2398493975: [獭獭云旅游军团@🎤啥(887156367)] タタ@獭獭·ω·咖波●ω●军团(1609323331) -> 这是谁啊
2023-09-02 18:50:08 V/Bot.2398493975: [獭獭云旅游军团@🎤啥(887156367)] タタ@獭獭·ω·咖波●ω●军团(1609323331) -> [mirai:image:{5DD6F9D6-A7BA-46BF-9FFA-8C9765484660}.png, width=797, height=870, size=176413, type=PNG, isEmoji=false]
2023-09-02 18:51:43 V/Bot.2398493975: [獭獭云旅游军团@🎤啥(887156367)] タタ@獭獭·ω·咖波●ω●军团(1609323331) -> [mirai:image:{42E518AD-F817-0669-6E38-DA9A8FCAA96F}.png, width=410, height=180, size=28872, type=PNG, isEmoji=false]
2023-09-02 18:51:58 V/Bot.2398493975: [獭獭云旅游军团@🎤啥(887156367)] Freeze_Kirin(768173212) -> [mirai:image:{217DA165-D46A-8E3E-25F3-56A3137987A6}.png, width=512, height=512, size=198717, type=GIF, isEmoji=true]
2023-09-02 18:53:25 V/Bot.2398493975: [獭獭云旅游军团@🎤啥(887156367)] hzc@獭獭軍団二度受(2384102753) -> [mirai:image:{C9A4148B-5BA4-685B-853A-92DDF5BF08E4}.png, width=512, height=512, size=198717, type=GIF, isEmoji=true]
2023-09-02 18:54:12 V/Bot.2398493975: [SHT荔枝麻酱协会(493057481)] hzc(2384102753) -> 可以有
2023-09-02 18:58:07 V/Bot.2398493975: [獭獭云旅游军团@🎤啥(887156367)] タタ@獭獭·ω·咖波●ω●军团(1609323331) -> 看不懂[mirai:image:{99548F42-3FBB-C848-3B42-3C0075114FB4}.png, width=1125, height=2436, size=356860, type=JPG, isEmoji=false]
2023-09-02 18:58:09 V/Bot.2398493975: [獭獭云旅游军团@🎤啥(887156367)] タタ@獭獭·ω·咖波●ω●军团(1609323331) -> [mirai:image:{90C2E64E-7F22-6AF7-C152-1C8501D01D3F}.png, width=64, height=66, size=1644, type=JPG, isEmoji=true]
2023-09-02 18:58:56 V/Bot.2398493975: [獭獭云旅游军团@🎤啥(887156367)] タタ@獭獭·ω·咖波●ω●军团(1609323331) -> [mirai:image:{9C3EEC1E-1588-947F-32F0-314BA91B8519}.png, width=640, height=873, size=88311, type=JPG, isEmoji=false]
2023-09-02 18:58:59 V/Bot.2398493975: [獭獭云旅游军团@🎤啥(887156367)] タタ@獭獭·ω·咖波●ω●军团(1609323331) -> [mirai:image:{A9C10996-E880-3074-0B6E-7C29FB3E432F}.png, width=304, height=199, size=117662, type=GIF, isEmoji=true]
2023-09-02 18:59:00 V/Bot.2398493975: [獭獭云旅游军团@🎤啥(887156367)] 哭哭Kirin@被獭獭军团开除两次(472247053) -> [mirai:image:{9C3EEC1E-1588-947F-32F0-314BA91B8519}.png, width=640, height=873, size=88311, type=JPG, isEmoji=false]
2023-09-02 18:59:03 V/Bot.2398493975: Event: GroupRecall(bot=Bot(2398493975), authorId=472247053, messageIds=[66179], messageInternalIds=[1030113446], messageTime=1693652340, operator=NormalMember(472247053), group=Group(887156367), author=NormalMember(472247053))
2023-09-02 18:59:10 V/Bot.2398493975: [獭獭云旅游军团@🎤啥(887156367)] 哭哭Kirin@被獭獭军团开除两次(472247053) -> [mirai:image:{90C2E64E-7F22-6AF7-C152-1C8501D01D3F}.png, width=64, height=66, size=1644, type=JPG, isEmoji=true]
2023-09-02 18:59:31 V/Bot.2398493975: [獭獭云旅游军团@🎤啥(887156367)] 哭哭Kirin@被獭獭军团开除两次(472247053) -> [mirai:image:{B9F7A5CB-934E-832F-7905-C2975958275B}.jpg, width=512, height=512, size=466615, type=GIF, isEmoji=true]
2023-09-02 19:02:11 V/Bot.2398493975: [獭獭云旅游军团@🎤啥(887156367)] タタ@獭獭·ω·咖波●ω●军团(1609323331) -> [mirai:image:{66DFD6B4-B936-418A-3394-5D044D4EC8F2}.png, width=1124, height=180, size=107565, type=PNG, isEmoji=false]
2023-09-02 19:02:18 V/Bot.2398493975: [獭獭云旅游军团@🎤啥(887156367)] タタ@獭獭·ω·咖波●ω●军团(1609323331) -> [mirai:image:{3FCDA208-5B5D-3642-5219-949E4B2512EA}.png, width=328, height=300, size=47813, type=GIF, isEmoji=true]
2023-09-02 19:02:47 V/Bot.2398493975: [獭獭云旅游军团@🎤啥(887156367)] 哭哭Kirin@被獭獭军团开除两次(472247053) -> [mirai:image:{F5B37AEF-85A4-B98E-F7A6-31A42DB159D4}.jpg, width=300, height=300, size=11036, type=JPG, isEmoji=true]
2023-09-02 19:04:20 V/Bot.2398493975: [獭獭云旅游军团@🎤啥(887156367)] タタ@獭獭·ω·咖波●ω●军团(1609323331) -> [mirai:image:{F5B37AEF-85A4-B98E-F7A6-31A42DB159D4}.png, width=300, height=300, size=11036, type=JPG, isEmoji=true]
2023-09-02 19:12:20 V/Bot.2398493975: [SHT荔枝麻酱协会(493057481)] 淡情余描未わ(1297471104) -> ymy
2023-09-02 19:13:01 V/Bot.2398493975: [SHT荔枝麻酱协会(493057481)] naf2021(3469392519) -> 可以有
2023-09-02 19:13:03 V/Bot.2398493975: [SHT荔枝麻酱协会(493057481)] hzc(2384102753) -> y
2023-09-02 19:13:05 V/Bot.2398493975: [SHT荔枝麻酱协会(493057481)] naf2021(3469392519) -> [mirai:image:{C8530B2A-82F4-675A-6C7E-BB556A0ECEFC}.jpg, width=64, height=54, size=1080, type=JPG, isEmoji=true]
2023-09-02 19:13:34 I/UnidbgFetchQsign: Bot(2398493975) request_token, submit success
2023-09-02 19:13:49 V/Bot.2398493975: [SHT荔枝麻酱协会(493057481)] 淡情余描未わ(1297471104) -> 我回寝室拿棒子就来
2023-09-02 19:29:37 V/Bot.2398493975: [SHT荔枝麻酱协会(493057481)] naf2021(3469392519) -> 学活2=2
2023-09-02 19:29:46 V/Bot.2398493975: [SHT荔枝麻酱协会(493057481)] 淡情余描未わ(1297471104) -> 路上了
2023-09-02 19:35:21 V/Bot.2398493975: [SHT荔枝麻酱协会(493057481)] hzc(2384102753) -> [mirai:at:2304847556] 人捏
2023-09-02 19:35:29 V/Bot.2398493975: [SHT荔枝麻酱协会(493057481)] hzc(2384102753) -> 3=1了
2023-09-02 19:40:30 V/Bot.2398493975: [SHT荔枝麻酱协会(493057481)] 淡情余描未わ(1297471104) -> 有没有hxd，3q1捏
2023-09-02 19:47:04 V/Bot.2398493975: [獭獭云旅游军团@🎤啥(887156367)] Freeze_Kirin(768173212) -> 最终篇剧情还挺好看
2023-09-02 19:47:26 V/Bot.2398493975: [獭獭云旅游军团@🎤啥(887156367)] Freeze_Kirin(768173212) -> 局长战损的立绘好香
2023-09-02 19:47:30 V/Bot.2398493975: [獭獭云旅游军团@🎤啥(887156367)] Freeze_Kirin(768173212) -> [mirai:image:{4230D6E0-FAA9-C254-1B6B-BF459FC4CD93}.png, width=350, height=300, size=91008, type=GIF, isEmoji=true]
2023-09-02 19:47:47 V/Bot.2398493975: [獭獭云旅游军团@🎤啥(887156367)] タタ@獭獭·ω·咖波●ω●军团(1609323331) -> 那hina呢
2023-09-02 19:47:51 V/Bot.2398493975: [獭獭云旅游军团@🎤啥(887156367)] タタ@獭獭·ω·咖波●ω●军团(1609323331) -> [mirai:image:{DCC827E3-C001-8382-2FEB-DD5705F15745}.png, width=336, height=254, size=80956, type=GIF, isEmoji=true]
2023-09-02 19:47:57 V/Bot.2398493975: [獭獭云旅游军团@🎤啥(887156367)] タタ@獭獭·ω·咖波●ω●军团(1609323331) -> [mirai:image:{C5D2698E-F21C-0A0D-37AE-70A2479B807D}.png, width=900, height=1200, size=183563, type=JPG, isEmoji=false]
2023-09-02 19:48:09 V/Bot.2398493975: [SHT荔枝麻酱协会(493057481)] Ares(2304847556) -> 我在外面
2023-09-02 19:48:26 V/Bot.2398493975: [獭獭云旅游军团@🎤啥(887156367)] Freeze_Kirin(768173212) -> 还没看到hina战损那里
2023-09-02 19:48:37 V/Bot.2398493975: [獭獭云旅游军团@🎤啥(887156367)] Freeze_Kirin(768173212) -> 只看到了第二章开头一点
2023-09-02 19:49:16 V/Bot.2398493975: [獭獭云旅游军团@🎤啥(887156367)] タタ@獭獭·ω·咖波●ω●军团(1609323331) -> 我vol3呢
2023-09-02 19:49:18 V/Bot.2398493975: [獭獭云旅游军团@🎤啥(887156367)] タタ@獭獭·ω·咖波●ω●军团(1609323331) -> [mirai:image:{DCC827E3-C001-8382-2FEB-DD5705F15745}.png, width=336, height=254, size=80956, type=GIF, isEmoji=true]
2023-09-02 19:49:41 V/Bot.2398493975: [獭獭云旅游军团@🎤啥(887156367)] Freeze_Kirin(768173212) -> 不过以目前看到的剧情，hina也可爱，如果本体不是7c就可以当我老婆了
2023-09-02 19:49:54 V/Bot.2398493975: [獭獭云旅游军团@🎤啥(887156367)] Freeze_Kirin(768173212) -> vol3还没看！等最终篇看完去看
2023-09-02 19:50:27 V/Bot.2398493975: [SHT荔枝麻酱协会(493057481)] 淡情余描未わ(1297471104) -> 还来不w
2023-09-02 19:50:37 V/Bot.2398493975: [獭獭云旅游军团@🎤啥(887156367)] タタ@獭獭·ω·咖波●ω●军团(1609323331) -> [mirai:image:{18399239-9EC8-A0CB-5E40-DA1A9668D672}.png, width=160, height=160, size=4785, type=JPG, isEmoji=true]
2023-09-02 19:50:47 V/Bot.2398493975: [獭獭云旅游军团@🎤啥(887156367)] タタ@獭獭·ω·咖波●ω●军团(1609323331) -> hina
2023-09-02 19:51:04 V/Bot.2398493975: [獭獭云旅游军团@🎤啥(887156367)] タタ@獭獭·ω·咖波●ω●军团(1609323331) -> 第一个帮sensei挡枪的人
2023-09-02 19:51:23 V/Bot.2398493975: [獭獭云旅游军团@🎤啥(887156367)] タタ@獭獭·ω·咖波●ω●军团(1609323331) -> mika出来前一直人气第一的
2023-09-02 19:51:25 V/Bot.2398493975: [獭獭云旅游军团@🎤啥(887156367)] タタ@獭獭·ω·咖波●ω●军团(1609323331) -> [mirai:image:{A31463D2-BD3C-9584-ED1D-5DC6DABBAC1B}.png, width=150, height=150, size=855112, type=GIF, isEmoji=true]
2023-09-02 19:51:28 V/Bot.2398493975: [獭獭云旅游军团@🎤啥(887156367)] Freeze_Kirin(768173212) -> [mirai:image:{7B4FAB6B-0BA8-0F4C-F8DC-B2AF31AB603E}.png, width=512, height=512, size=192357, type=GIF, isEmoji=true]
2023-09-02 19:51:57 V/Bot.2398493975: [獭獭云旅游军团@🎤啥(887156367)] Freeze_Kirin(768173212) -> 因为我跳了vol34直奔最终篇了）
2023-09-02 19:52:12 V/Bot.2398493975: [獭獭云旅游军团@🎤啥(887156367)] タタ@獭獭·ω·咖波●ω●军团(1609323331) -> 不用按顺序吗
2023-09-02 19:52:14 V/Bot.2398493975: [獭獭云旅游军团@🎤啥(887156367)] タタ@獭獭·ω·咖波●ω●军团(1609323331) -> [mirai:image:{7B4FAB6B-0BA8-0F4C-F8DC-B2AF31AB603E}.png, width=512, height=512, size=192357, type=GIF, isEmoji=true]
2023-09-02 19:52:38 V/Bot.2398493975: [獭獭云旅游军团@🎤啥(887156367)] Freeze_Kirin(768173212) -> 倒也奇妙地看得懂。
2023-09-02 19:53:07 V/Bot.2398493975: [獭獭云旅游军团@🎤啥(887156367)] Freeze_Kirin(768173212) -> 就是有关mika的不清楚，但是提到的不多所以没啥影响
2023-09-02 19:53:13 V/Bot.2398493975: [獭獭云旅游军团@🎤啥(887156367)] タタ@獭獭·ω·咖波●ω●军团(1609323331) -> 第一次见到有不看vol3线最终章的
2023-09-02 19:53:15 V/Bot.2398493975: [獭獭云旅游军团@🎤啥(887156367)] タタ@獭獭·ω·咖波●ω●军团(1609323331) -> [mirai:image:{35EE10C3-477F-0FC1-47F3-27B1708C4ED7}.png, width=300, height=216, size=13366, type=JPG, isEmoji=true]
2023-09-02 19:53:15 V/Bot.2398493975: [獭獭云旅游军团@🎤啥(887156367)] タタ@獭獭·ω·咖波●ω●军团(1609323331) -> [mirai:image:{35EE10C3-477F-0FC1-47F3-27B1708C4ED7}.png, width=300, height=216, size=13366, type=JPG, isEmoji=true]
2023-09-02 19:53:15 V/Bot.2398493975: [獭獭云旅游军团@🎤啥(887156367)] Freeze_Kirin(768173212) -> [mirai:image:{7B4FAB6B-0BA8-0F4C-F8DC-B2AF31AB603E}.png, width=512, height=512, size=192357, type=GIF, isEmoji=true]
2023-09-02 19:53:22 V/Bot.2398493975: [獭獭云旅游军团@🎤啥(887156367)] タタ@獭獭·ω·咖波●ω●军团(1609323331) -> 开炮！
2023-09-02 19:53:27 V/Bot.2398493975: [SHT荔枝麻酱协会(493057481)] naf2021(3469392519) -> 有没有人救救
2023-09-02 19:53:30 V/Bot.2398493975: [SHT荔枝麻酱协会(493057481)] naf2021(3469392519) -> [mirai:image:{ABE4C1AD-F83F-190F-6220-D4F17CB4DB75}.jpg, width=553, height=465, size=19695, type=JPG, isEmoji=true]
2023-09-02 19:53:33 V/Bot.2398493975: [獭獭云旅游军团@🎤啥(887156367)] Freeze_Kirin(768173212) -> [mirai:image:{1C216893-D774-9211-32D3-B2BDA77D2328}.png, width=125, height=125, size=3893, type=JPG, isEmoji=true]
2023-09-02 19:53:40 I/UnidbgFetchQsign: Bot(2398493975) request_token, submit success
2023-09-02 19:54:19 V/Bot.2398493975: [獭獭云旅游军团@🎤啥(887156367)] Freeze_Kirin(768173212) -> 我就是剧情跳跳人！
2023-09-02 19:54:26 V/Bot.2398493975: [獭獭云旅游军团@🎤啥(887156367)] Freeze_Kirin(768173212) -> [mirai:image:{900E8999-C6C2-3EA7-579D-39EB59226D87}.png, width=150, height=150, size=76592, type=GIF, isEmoji=true]
2023-09-02 19:55:51 V/Bot.2398493975: [獭獭云旅游军团@🎤啥(887156367)] Freeze_Kirin(768173212) -> 而且弹幕有热心人科普
2023-09-02 19:56:00 V/Bot.2398493975: [獭獭云旅游军团@🎤啥(887156367)] タタ@獭獭·ω·咖波●ω●军团(1609323331) -> 影响不大
2023-09-02 19:56:03 V/Bot.2398493975: [獭獭云旅游军团@🎤啥(887156367)] タタ@獭獭·ω·咖波●ω●军团(1609323331) -> [mirai:image:{6DB8D47D-6D88-2BA8-3315-3C91BE0598DE}.png, width=200, height=156, size=81787, type=GIF, isEmoji=true]
2023-09-02 19:56:14 V/Bot.2398493975: [獭獭云旅游军团@🎤啥(887156367)] Freeze_Kirin(768173212) -> 大致能猜一下vol3发生了啥（
2023-09-02 19:56:22 V/Bot.2398493975: [獭獭云旅游军团@🎤啥(887156367)] タタ@獭獭·ω·咖波●ω●军团(1609323331) -> [mirai:image:{B597C41C-D678-386E-BF00-96AD08D505BD}.png, width=320, height=270, size=129239, type=GIF, isEmoji=true]
2023-09-02 19:56:32 V/Bot.2398493975: [獭獭云旅游军团@🎤啥(887156367)] タタ@獭獭·ω·咖波●ω●军团(1609323331) -> vol3不剧透好看
2023-09-02 19:56:35 V/Bot.2398493975: [獭獭云旅游军团@🎤啥(887156367)] タタ@獭獭·ω·咖波●ω●军团(1609323331) -> [mirai:image:{DCC827E3-C001-8382-2FEB-DD5705F15745}.png, width=336, height=254, size=80956, type=GIF, isEmoji=true]
2023-09-02 19:57:38 V/Bot.2398493975: [獭獭云旅游军团@🎤啥(887156367)] タタ@獭獭·ω·咖波●ω●军团(1609323331) -> [mirai:image:{9B18F3A8-DEF4-C62A-F70D-24EA23F072DF}.png, width=250, height=250, size=124320, type=GIF, isEmoji=true]
2023-09-02 19:57:55 V/Bot.2398493975: [獭獭云旅游军团@🎤啥(887156367)] Freeze_Kirin(768173212) -> 我目前感觉是mika因为什么原因和阿里乌斯对上，然后不清楚发生了什么，总之去到了地下/教堂的地方被数秘算计召了个大怪，最后齐心协力解决了（）
2023-09-02 19:58:01 V/Bot.2398493975: [獭獭云旅游军团@🎤啥(887156367)] Freeze_Kirin(768173212) -> [mirai:image:{7B4FAB6B-0BA8-0F4C-F8DC-B2AF31AB603E}.gif, width=512, height=512, size=192357, type=GIF, isEmoji=false]
2023-09-02 19:58:31 V/Bot.2398493975: [獭獭云旅游军团@🎤啥(887156367)] タタ@獭獭·ω·咖波●ω●军团(1609323331) -> [mirai:image:{1BCCDCC4-7A2D-7720-2BD1-13F45C6EF3CE}.png, width=250, height=250, size=40525, type=GIF, isEmoji=true]
2023-09-02 19:58:41 V/Bot.2398493975: [獭獭云旅游军团@🎤啥(887156367)] タタ@獭獭·ω·咖波●ω●军团(1609323331) -> 全透完了
2023-09-02 19:59:08 V/Bot.2398493975: [獭獭云旅游军团@🎤啥(887156367)] Freeze_Kirin(768173212) -> 其实大部分是通过剧情战斗猜出来的（）
2023-09-02 19:59:12 V/Bot.2398493975: [獭獭云旅游军团@🎤啥(887156367)] タタ@獭獭·ω·咖波●ω●军团(1609323331) -> 那看完最终章看vol3吧
2023-09-02 19:59:14 V/Bot.2398493975: [獭獭云旅游军团@🎤啥(887156367)] タタ@獭獭·ω·咖波●ω●军团(1609323331) -> 哦对
2023-09-02 19:59:27 V/Bot.2398493975: [獭獭云旅游军团@🎤啥(887156367)] タタ@獭獭·ω·咖波●ω●军团(1609323331) -> vol3的剧情战斗别跳过捏
2023-09-02 19:59:39 V/Bot.2398493975: [獭獭云旅游军团@🎤啥(887156367)] Freeze_Kirin(768173212) -> 毕竟剧情战斗会有mika打阿里乌斯，阿里乌斯打大怪
2023-09-02 19:59:42 V/Bot.2398493975: [獭獭云旅游军团@🎤啥(887156367)] タタ@獭獭·ω·咖波●ω●军团(1609323331) -> 里面有很多有意思的
2023-09-02 20:00:36 V/Bot.2398493975: [獭獭云旅游军团@🎤啥(887156367)] Freeze_Kirin(768173212) -> ok，到时候看视频等热心的弹幕老哥
2023-09-02 20:00:53 V/Bot.2398493975: [獭獭云旅游军团@🎤啥(887156367)] タタ@獭獭·ω·咖波●ω●军团(1609323331) -> 有段mika突然跑出来
2023-09-02 20:01:04 V/Bot.2398493975: [獭獭云旅游军团@🎤啥(887156367)] タタ@獭獭·ω·咖波●ω●军团(1609323331) -> 我回退好几次才看见
2023-09-02 20:01:13 V/Bot.2398493975: [獭獭云旅游军团@🎤啥(887156367)] タタ@獭獭·ω·咖波●ω●军团(1609323331) -> 小龙虾獭
2023-09-02 20:01:16 V/Bot.2398493975: [獭獭云旅游军团@🎤啥(887156367)] タタ@獭獭·ω·咖波●ω●军团(1609323331) -> [mirai:image:{7AAB86C2-2E54-B41B-1127-E416989F377D}.png, width=124, height=139, size=6514, type=JPG, isEmoji=true]
2023-09-02 20:01:23 V/Bot.2398493975: [獭獭云旅游军团@🎤啥(887156367)] Freeze_Kirin(768173212) -> 哦这个我有印象。阿里乌斯打着打着从旁边小路窜出来一只mika
2023-09-02 20:01:38 V/Bot.2398493975: [獭獭云旅游军团@🎤啥(887156367)] タタ@獭獭·ω·咖波●ω●军团(1609323331) -> 然后一拳几百万伤害
2023-09-02 20:01:55 V/Bot.2398493975: [獭獭云旅游军团@🎤啥(887156367)] Freeze_Kirin(768173212) -> 一拳给我把怪打死了
2023-09-02 20:01:58 V/Bot.2398493975: [獭獭云旅游军团@🎤啥(887156367)] タタ@獭獭·ω·咖波●ω●军团(1609323331) -> 你前三章打mika的时候
2023-09-02 20:02:14 V/Bot.2398493975: [獭獭云旅游军团@🎤啥(887156367)] タタ@獭獭·ω·咖波●ω●军团(1609323331) -> mika：啊哈哈，笑着秒被打死倒在地上
2023-09-02 20:02:22 V/Bot.2398493975: [獭獭云旅游军团@🎤啥(887156367)] タタ@獭獭·ω·咖波●ω●军团(1609323331) -> [mirai:image:{15530C6E-2E2B-8726-AC46-20AE8098381B}.png, width=174, height=172, size=5372, type=JPG, isEmoji=true]
2023-09-02 20:02:45 V/Bot.2398493975: [獭獭云旅游军团@🎤啥(887156367)] Freeze_Kirin(768173212) -> 草
2023-09-02 20:03:16 V/Bot.2398493975: [獭獭云旅游军团@🎤啥(887156367)] Freeze_Kirin(768173212) -> 这个还真没注意
2023-09-02 20:03:24 V/Bot.2398493975: [SHT荔枝麻酱协会(493057481)] 那就随便取个吧(1043721755) -> 模拟掉线，一家自动模切
2023-09-02 20:04:33 V/Bot.2398493975: [獭獭云旅游军团@🎤啥(887156367)] タタ@獭獭·ω·咖波●ω●军团(1609323331) -> [mirai:app:{
  "config" : {
    "height" : 0,
    "forward" : 1,
    "ctime" : 1693656228,
    "width" : 0,
    "type" : "normal",
    "token" : "67971826b10a6867cab41898b40ebbdf",
    "autoSize" : 0
  },
  "prompt" : "[QQ小程序]【同人漫画】渚和日富美的一天",
  "app" : "com.tencent.miniapp_01",
  "ver" : "0.0.0.1",
  "appID" : "100951776",
  "view" : "view_8C8E89B49BE609866298ADDFF2DBABA4",
  "meta" : {
    "detail_1" : {
      "appid" : "1109937557",
      "preview" : "https:\/\/pic.ugcimg.cn\/a477120f594be405f49e7bafdd912328\/jpg1",
      "shareTemplateData" : {

      },
      "gamePointsUrl" : "",
      "gamePoints" : "",
      "url" : "m.q.qq.com\/a\/s\/e9b6b8bfcb005eecafc8602eb6df0ce2",
      "appType" : 0,
      "desc" : "【同人漫画】渚和日富美的一天",
      "title" : "哔哩哔哩",
      "scene" : 1036,
      "host" : {
        "uin" : 1609323331,
        "nick" : "时雨"
      },
      "icon" : "http:\/\/miniapp.gtimg.cn\/public\/appicon\/432b76be3a548fc128acaa6c1ec90131_200.jpg",
      "shareTemplateId" : "8C8E89B49BE609866298ADDFF2DBABA4",
      "qqdocurl" : "https:\/\/b23.tv\/0FUZX98",
      "showLittleTail" : ""
    }
  },
  "bthirdappforward" : true,
  "bthirdappforwardforbackendswitch" : true,
  "desc" : ""
}]
2023-09-02 20:04:34 V/Bot.2398493975: [獭獭云旅游军团@🎤啥(887156367)] タタ@獭獭·ω·咖波●ω●军团(1609323331) -> 看完vol3看这个捏
2023-09-02 20:04:43 V/Bot.2398493975: [獭獭云旅游军团@🎤啥(887156367)] Freeze_Kirin(768173212) -> [mirai:image:{E99AC65C-8640-6001-EF12-1CD30B9D871E}.gif, width=348, height=300, size=74943, type=GIF, isEmoji=false]
2023-09-02 20:05:19 V/Bot.2398493975: [獭獭云旅游军团@🎤啥(887156367)] Freeze_Kirin(768173212) -> 这个画风，是不是那个画小春死刑那个画师
2023-09-02 20:05:30 V/Bot.2398493975: [獭獭云旅游军团@🎤啥(887156367)] Freeze_Kirin(768173212) -> 那个表情包我印象深刻
2023-09-02 20:07:56 V/Bot.2398493975: [SHT荔枝麻酱协会(493057481)] hzc(2384102753) -> 有没有人救救
2023-09-02 20:09:21 V/Bot.2398493975: [SHT荔枝麻酱协会(493057481)] jt(981941098) -> 1
2023-09-02 20:12:56 V/Bot.2398493975: [獭獭云旅游军团@🎤啥(887156367)] タタ@獭獭·ω·咖波●ω●军团(1609323331) -> 应该叭
2023-09-02 20:12:58 V/Bot.2398493975: [獭獭云旅游军团@🎤啥(887156367)] タタ@獭獭·ω·咖波●ω●军团(1609323331) -> [mirai:image:{7B4FAB6B-0BA8-0F4C-F8DC-B2AF31AB603E}.png, width=512, height=512, size=192357, type=GIF, isEmoji=true]
2023-09-02 20:33:41 I/UnidbgFetchQsign: Bot(2398493975) request_token, submit success
2023-09-02 21:03:04 V/Bot.2398493975: [SHT荔枝麻酱协会(493057481)] hzc(2384102753) -> [mirai:image:{7AA5AC8E-9348-E524-FFEF-63ED0BCCDBAC}.png, width=1792, height=827, size=244924, type=JPG, isEmoji=false]
2023-09-02 21:03:39 V/Bot.2398493975: [SHT荔枝麻酱协会(493057481)] hzc(2384102753) -> 69200
2023-09-02 21:03:39 V/Bot.2398493975: [SHT荔枝麻酱协会(493057481)] 冰水 麻将小怨妇(x(308217149) -> ？
2023-09-02 21:03:45 V/Bot.2398493975: [SHT荔枝麻酱协会(493057481)] 冰水 麻将小怨妇(x(308217149) -> 吃点好的
2023-09-02 21:03:57 V/Bot.2398493975: [SHT荔枝麻酱协会(493057481)] 淡情余描未わ(1297471104) -> 30000
2023-09-02 21:04:02 V/Bot.2398493975: [SHT荔枝麻酱协会(493057481)] naf2021(3469392519) -> 30600
2023-09-02 21:04:15 V/Bot.2398493975: [SHT荔枝麻酱协会(493057481)] 淡情余描未わ(1297471104) -> 我刚好±0了
2023-09-02 21:04:15 V/Bot.2398493975: [SHT荔枝麻酱协会(493057481)] 冰水 麻将小怨妇(x(308217149) -> 是谁呢.jpg
2023-09-02 21:04:27 V/Bot.2398493975: [SHT荔枝麻酱协会(493057481)] jt(981941098) -> -30300
2023-09-02 21:04:28 V/Bot.2398493975: Group(493057481) <- 点数有误，总和不为100000！
2023-09-02 21:04:45 V/Bot.2398493975: Event: GroupRecall(bot=Bot(2398493975), authorId=981941098, messageIds=[282833], messageInternalIds=[320733924], messageTime=1693659867, operator=NormalMember(981941098), group=Group(493057481), author=NormalMember(981941098))
2023-09-02 21:04:59 V/Bot.2398493975: [SHT荔枝麻酱协会(493057481)] jt(981941098) -> -29800
2023-09-02 21:05:00 V/Bot.2398493975: Group(493057481) <- 记录成功：
hzc: 69200
naf2021: 30600
淡情余描未わ: 30000
jt: -29800
2023-09-02 21:05:12 V/Bot.2398493975: [SHT荔枝麻酱协会(493057481)] 冰水 麻将小怨妇(x(308217149) -> [mirai:image:{9D7CE52A-75E7-D099-D83A-9278CFFA6059}.jpg, width=845, height=1920, size=82149, type=JPG, isEmoji=false]
2023-09-02 21:05:12 V/Bot.2398493975: [SHT荔枝麻酱协会(493057481)] jt(981941098) -> [委屈]
2023-09-02 21:05:16 V/Bot.2398493975: [SHT荔枝麻酱协会(493057481)] 冰水 麻将小怨妇(x(308217149) -> 合订本
2023-09-02 21:05:27 V/Bot.2398493975: [SHT荔枝麻酱协会(493057481)] yyyouch(2461942798) -> ??我刚走
2023-09-02 21:05:35 V/Bot.2398493975: [SHT荔枝麻酱协会(493057481)] 淡情余描未わ(1297471104) -> 反思一下
2023-09-02 21:05:37 V/Bot.2398493975: [SHT荔枝麻酱协会(493057481)] 淡情余描未わ(1297471104) -> 谁的问题
2023-09-02 21:06:29 V/Bot.2398493975: [SHT荔枝麻酱协会(493057481)] yyyouch(2461942798) -> [mirai:at:2384102753] ！役满 九莲宝灯
2023-09-02 21:06:34 V/Bot.2398493975: [SHT荔枝麻酱协会(493057481)] yyyouch(2461942798) -> [mirai:image:{7AA5AC8E-9348-E524-FFEF-63ED0BCCDBAC}.png, width=1792, height=827, size=244924, type=JPG, isEmoji=false]
2023-09-02 21:06:35 V/Bot.2398493975: Group(493057481) <- 役满九莲宝灯记录完成！
2023-09-02 21:06:45 V/Bot.2398493975: [SHT荔枝麻酱协会(493057481)] 冰水 麻将小怨妇(x(308217149) -> 这个配合前文
2023-09-02 21:06:51 V/Bot.2398493975: [SHT荔枝麻酱协会(493057481)] 冰水 麻将小怨妇(x(308217149) -> 真的太乐了
2023-09-02 21:07:06 V/Bot.2398493975: [SHT荔枝麻酱协会(493057481)] 铳上开花(965102638) -> 啊？
2023-09-02 21:08:11 V/Bot.2398493975: [SHT荔枝麻酱协会(493057481)] 冰水 麻将小怨妇(x(308217149) -> 哦 少截了一句
2023-09-02 21:08:38 V/Bot.2398493975: [SHT荔枝麻酱协会(493057481)] 冰水 麻将小怨妇(x(308217149) -> [mirai:image:{44A5E33C-5ED3-5855-B864-6497CE547D45}.jpg, width=773, height=1920, size=77934, type=JPG, isEmoji=false]
2023-09-02 21:10:13 V/Bot.2398493975: [SHT荔枝麻酱协会(493057481)] Twilight(1014197424) -> jt老师狠狠被骗
2023-09-02 21:13:41 I/UnidbgFetchQsign: Bot(2398493975) request_token, submit success
2023-09-02 21:19:04 V/Bot.2398493975: [SHT荔枝麻酱协会(493057481)] ライちゃん(392595084) -> 问题不大
2023-09-02 21:19:07 V/Bot.2398493975: [SHT荔枝麻酱协会(493057481)] ライちゃん(392595084) -> 不是纯的
2023-09-02 21:22:36 V/Bot.2398493975: [獭獭云旅游军团@🎤啥(887156367)] タタ@獭獭·ω·咖波●ω●军团(1609323331) -> [mirai:image:{FB9C65FB-5685-1B12-1B13-836B38246164}.png, width=292, height=205, size=61102, type=GIF, isEmoji=true]
2023-09-02 21:22:39 V/Bot.2398493975: [獭獭云旅游军团@🎤啥(887156367)] タタ@獭獭·ω·咖波●ω●军团(1609323331) -> 笨笨偷偷去唱歌
2023-09-02 21:22:46 V/Bot.2398493975: [獭獭云旅游军团@🎤啥(887156367)] 哭哭Kirin@被獭獭军团开除两次(472247053) -> [mirai:image:{FB9C65FB-5685-1B12-1B13-836B38246164}.png, width=292, height=205, size=61102, type=GIF, isEmoji=false]
2023-09-02 21:22:48 V/Bot.2398493975: [獭獭云旅游军团@🎤啥(887156367)] 獭獭睡觉大臣@被獭獭军团开除(963423936) -> [mirai:image:{3FCDA208-5B5D-3642-5219-949E4B2512EA}.png, width=328, height=300, size=47813, type=GIF, isEmoji=true]
2023-09-02 21:22:52 V/Bot.2398493975: [獭獭云旅游军团@🎤啥(887156367)] タタ@獭獭·ω·咖波●ω●军团(1609323331) -> 和kirin一起开除
2023-09-02 21:22:54 V/Bot.2398493975: [獭獭云旅游军团@🎤啥(887156367)] タタ@獭獭·ω·咖波●ω●军团(1609323331) -> [mirai:image:{FB9C65FB-5685-1B12-1B13-836B38246164}.png, width=292, height=205, size=61102, type=GIF, isEmoji=true]
2023-09-02 21:22:55 V/Bot.2398493975: [獭獭云旅游军团@🎤啥(887156367)] 獭獭睡觉大臣@被獭獭军团开除(963423936) -> 那现在来个kirin
2023-09-02 21:23:02 V/Bot.2398493975: [獭獭云旅游军团@🎤啥(887156367)] 哭哭Kirin@被獭獭军团开除两次(472247053) -> [mirai:image:{7C659D43-DA9A-9B1E-6F64-D0CA83C3AF08}.jpg, width=308, height=218, size=88602, type=GIF, isEmoji=true]
2023-09-02 21:23:04 V/Bot.2398493975: [獭獭云旅游军团@🎤啥(887156367)] 獭獭睡觉大臣@被獭獭军团开除(963423936) -> 我续到三点
2023-09-02 21:23:08 V/Bot.2398493975: [獭獭云旅游军团@🎤啥(887156367)] 哭哭Kirin@被獭獭军团开除两次(472247053) -> 你在哪
2023-09-02 21:23:20 V/Bot.2398493975: [獭獭云旅游军团@🎤啥(887156367)] タタ@獭獭·ω·咖波●ω●军团(1609323331) -> 你没有+15%嘛
2023-09-02 21:23:29 V/Bot.2398493975: [獭獭云旅游军团@🎤啥(887156367)] タタ@獭獭·ω·咖波●ω●军团(1609323331) -> [mirai:image:{EEF8F83C-A099-631E-056A-0988AEB5EDF0}.png, width=500, height=500, size=92038, type=GIF, isEmoji=true]
2023-09-02 21:23:33 V/Bot.2398493975: [獭獭云旅游军团@🎤啥(887156367)] タタ@獭獭·ω·咖波●ω●军团(1609323331) -> [mirai:image:{FB9C65FB-5685-1B12-1B13-836B38246164}.png, width=292, height=205, size=61102, type=GIF, isEmoji=true]
2023-09-02 21:23:34 V/Bot.2398493975: [獭獭云旅游军团@🎤啥(887156367)] 獭獭睡觉大臣@被獭獭军团开除(963423936) -> [mirai:app:{"app":"com.tencent.map","config":{"autosize":false,"ctime":1693661014,"forward":true,"token":"790f9c7bd9ede03df8230d45e0e6f5e2","type":"normal"},"desc":"","from":1,"meta":{"Location.Search":{"address":"上海市长宁区延安西路2077号","enum_relation_type":1,"from":"plusPanel","from_account":963423936,"id":"","lat":"31.203514","lng":"121.407380","name":"长宁区仙霞金桥大厦(延安西路北)","uint64_peer_account":887156367}},"prompt":"[位置]长宁区仙霞金桥大厦(延安西路北)","ver":"1.1.2.21","view":"LocationShare"}
]
2023-09-02 21:23:38 V/Bot.2398493975: [獭獭云旅游军团@🎤啥(887156367)] 獭獭睡觉大臣@被獭獭军团开除(963423936) -> 我加了
2023-09-02 21:23:41 V/Bot.2398493975: [獭獭云旅游军团@🎤啥(887156367)] 獭獭睡觉大臣@被獭獭军团开除(963423936) -> 没事
2023-09-02 21:23:44 V/Bot.2398493975: [獭獭云旅游军团@🎤啥(887156367)] 獭獭睡觉大臣@被獭獭军团开除(963423936) -> 我先唱
2023-09-02 21:24:07 V/Bot.2398493975: [獭獭云旅游军团@🎤啥(887156367)] 哭哭Kirin@被獭獭军团开除两次(472247053) -> [mirai:image:{FB9C65FB-5685-1B12-1B13-836B38246164}.png, width=292, height=205, size=61102, type=GIF, isEmoji=false]
2023-09-02 21:24:16 V/Bot.2398493975: [獭獭云旅游军团@🎤啥(887156367)] 哭哭Kirin@被獭獭军团开除两次(472247053) -> 怎么办
2023-09-02 21:24:22 V/Bot.2398493975: [獭獭云旅游军团@🎤啥(887156367)] タタ@獭獭·ω·咖波●ω●军团(1609323331) -> [mirai:image:{B145C58E-BC74-233F-1E0A-77D0023895E1}.png, width=720, height=682, size=61851, type=JPG, isEmoji=true]
2023-09-02 21:24:38 V/Bot.2398493975: [獭獭云旅游军团@🎤啥(887156367)] タタ@獭獭·ω·咖波●ω●军团(1609323331) -> [mirai:image:{8BF34B10-19C1-4195-5866-6DDB73A903D8}.png, width=249, height=188, size=54265, type=GIF, isEmoji=true]
2023-09-02 21:25:55 V/Bot.2398493975: [獭獭云旅游军团@🎤啥(887156367)] 哭哭Kirin@被獭獭军团开除两次(472247053) -> 好蠢啊 还得打车去
2023-09-02 21:26:25 V/Bot.2398493975: [獭獭云旅游军团@🎤啥(887156367)] 獭獭睡觉大臣@被獭獭军团开除(963423936) -> 也可以的
2023-09-02 21:26:25 V/Bot.2398493975: [獭獭云旅游军团@🎤啥(887156367)] 獭獭睡觉大臣@被獭獭军团开除(963423936) -> 地铁
2023-09-02 21:26:32 V/Bot.2398493975: [獭獭云旅游军团@🎤啥(887156367)] 冰水@不会反身跳军团(308217149) -> 草 我买了汉堡王十块钱五个甜筒的券 然后买的时候看见有9.9两个阿华田的活动 搜了一下百度说阿华田是饮料 然后我现在就有三份冰淇淋
2023-09-02 21:26:42 V/Bot.2398493975: [獭獭云旅游军团@🎤啥(887156367)] タタ@獭獭·ω·咖波●ω●军团(1609323331) -> [mirai:image:{8BF34B10-19C1-4195-5866-6DDB73A903D8}.png, width=249, height=188, size=54265, type=GIF, isEmoji=true]
2023-09-02 21:26:50 V/Bot.2398493975: [獭獭云旅游军团@🎤啥(887156367)] 哭哭Kirin@被獭獭军团开除两次(472247053) -> [mirai:image:{8BF34B10-19C1-4195-5866-6DDB73A903D8}.png, width=249, height=188, size=54265, type=GIF, isEmoji=false]
2023-09-02 21:27:00 V/Bot.2398493975: [獭獭云旅游军团@🎤啥(887156367)] Freeze_Kirin(768173212) -> [mirai:image:{8BF34B10-19C1-4195-5866-6DDB73A903D8}.gif, width=249, height=188, size=54265, type=GIF, isEmoji=false]
2023-09-02 21:27:08 V/Bot.2398493975: [獭獭云旅游军团@🎤啥(887156367)] タタ@獭獭·ω·咖波●ω●军团(1609323331) -> 我有个朋友
2023-09-02 21:27:16 V/Bot.2398493975: [獭獭云旅游军团@🎤啥(887156367)] タタ@獭獭·ω·咖波●ω●军团(1609323331) -> 喜欢直接吃阿华田的粉
2023-09-02 21:27:27 V/Bot.2398493975: [獭獭云旅游军团@🎤啥(887156367)] 哭哭Kirin@被獭獭军团开除两次(472247053) -> 感觉 不如睡觉
2023-09-02 21:27:34 V/Bot.2398493975: [獭獭云旅游军团@🎤啥(887156367)] タタ@獭獭·ω·咖波●ω●军团(1609323331) -> [mirai:image:{217DA165-D46A-8E3E-25F3-56A3137987A6}.png, width=512, height=512, size=198717, type=GIF, isEmoji=true]
2023-09-02 21:27:42 V/Bot.2398493975: [獭獭云旅游军团@🎤啥(887156367)] 獭獭睡觉大臣@被獭獭军团开除(963423936) -> 那明天继续
2023-09-02 21:28:00 V/Bot.2398493975: [獭獭云旅游军团@🎤啥(887156367)] タタ@獭獭·ω·咖波●ω●军团(1609323331) -> 所以买了1个甜筒两个阿华田冰激凌
2023-09-02 21:28:02 V/Bot.2398493975: [獭獭云旅游军团@🎤啥(887156367)] 哭哭Kirin@被獭獭军团开除两次(472247053) -> 该练琴了
2023-09-02 21:28:05 V/Bot.2398493975: [獭獭云旅游军团@🎤啥(887156367)] 哭哭Kirin@被獭獭军团开除两次(472247053) -> [mirai:image:{D665E637-6E6D-528B-B32D-4D3973FC0147}.jpg, width=370, height=296, size=143727, type=GIF, isEmoji=true]
2023-09-02 21:28:07 V/Bot.2398493975: [獭獭云旅游军团@🎤啥(887156367)] 冰水@不会反身跳军团(308217149) -> 是的
2023-09-02 21:28:10 V/Bot.2398493975: [獭獭云旅游军团@🎤啥(887156367)] タタ@獭獭·ω·咖波●ω●军团(1609323331) -> [mirai:image:{717DB49B-8408-DA02-363B-BEE76B32679A}.png, width=480, height=360, size=145759, type=GIF, isEmoji=true]
2023-09-02 21:28:11 V/Bot.2398493975: [獭獭云旅游军团@🎤啥(887156367)] 冰水@不会反身跳军团(308217149) -> [mirai:image:{1924D6E2-1F8E-6138-C2CA-61D9F185B77E}.jpg, width=240, height=240, size=11050, type=JPG, isEmoji=true]
2023-09-02 21:28:42 V/Bot.2398493975: [獭獭云旅游军团@🎤啥(887156367)] 獭獭睡觉大臣@被獭獭军团开除(963423936) -> ？
2023-09-02 21:28:45 V/Bot.2398493975: [獭獭云旅游军团@🎤啥(887156367)] 獭獭睡觉大臣@被獭獭军团开除(963423936) -> 该练琴了
2023-09-02 21:29:13 V/Bot.2398493975: [獭獭云旅游军团@🎤啥(887156367)] タタ@獭獭·ω·咖波●ω●军团(1609323331) -> [mirai:image:{DF599679-F654-4C7C-898F-0CB3533AEA16}.png, width=580, height=501, size=72423, type=JPG, isEmoji=false]
2023-09-02 21:41:00 V/Bot.2398493975: [獭獭云旅游军团@🎤啥(887156367)] 哭哭Kirin@被獭獭军团开除两次(472247053) -> 该点午饭了
2023-09-02 21:53:48 I/UnidbgFetchQsign: Bot(2398493975) request_token, submit success
2023-09-02 21:55:33 V/Bot.2398493975: [獭獭云旅游军团@🎤啥(887156367)] タタ@獭獭·ω·咖波●ω●军团(1609323331) -> [mirai:image:{58459043-5D64-A77A-223A-964B68844FDF}.png, width=1125, height=1287, size=385661, type=PNG, isEmoji=false]
2023-09-02 21:56:50 V/Bot.2398493975: [獭獭云旅游军团@🎤啥(887156367)] タタ@獭獭·ω·咖波●ω●军团(1609323331) -> 草[mirai:image:{DC0D1072-0F06-2F29-C69B-9BF227A8E19A}.png, width=1125, height=940, size=191347, type=JPG, isEmoji=false]
2023-09-02 21:56:57 V/Bot.2398493975: [獭獭云旅游军团@🎤啥(887156367)] タタ@獭獭·ω·咖波●ω●军团(1609323331) -> 还真没对策卡
2023-09-02 21:57:11 V/Bot.2398493975: [獭獭云旅游军团@🎤啥(887156367)] タタ@獭獭·ω·咖波●ω●军团(1609323331) -> [mirai:image:{A31463D2-BD3C-9584-ED1D-5DC6DABBAC1B}.png, width=150, height=150, size=855112, type=GIF, isEmoji=true]
2023-09-02 21:59:49 V/Bot.2398493975: [獭獭云旅游军团@🎤啥(887156367)] 冰水@不会反身跳军团(308217149) -> 草 这个肌肉记忆
2023-09-02 21:59:51 V/Bot.2398493975: [獭獭云旅游军团@🎤啥(887156367)] 冰水@不会反身跳军团(308217149) -> 好痛
2023-09-02 22:00:03 V/Bot.2398493975: [獭獭云旅游军团@🎤啥(887156367)] タタ@獭獭·ω·咖波●ω●军团(1609323331) -> 我刷着刷个
2023-09-02 22:00:17 V/Bot.2398493975: [獭獭云旅游军团@🎤啥(887156367)] タタ@獭獭·ω·咖波●ω●军团(1609323331) -> 刚进一个新的
2023-09-02 22:00:32 V/Bot.2398493975: [獭獭云旅游军团@🎤啥(887156367)] タタ@獭獭·ω·咖波●ω●军团(1609323331) -> 就点最上面设置准备删账号了
2023-09-02 22:00:36 V/Bot.2398493975: [獭獭云旅游军团@🎤啥(887156367)] タタ@獭獭·ω·咖波●ω●军团(1609323331) -> 然后感觉哪里不对
2023-09-02 22:00:38 V/Bot.2398493975: [獭獭云旅游军团@🎤啥(887156367)] タタ@獭獭·ω·咖波●ω●军团(1609323331) -> [mirai:image:{15530C6E-2E2B-8726-AC46-20AE8098381B}.png, width=174, height=172, size=5372, type=JPG, isEmoji=true]
2023-09-02 22:00:53 V/Bot.2398493975: [獭獭云旅游军团@🎤啥(887156367)] タタ@獭獭·ω·咖波●ω●军团(1609323331) -> 好像还没抽卡
2023-09-02 22:22:38 V/Bot.2398493975: [SHT荔枝麻酱协会(493057481)] naf2021(3469392519) -> 24600
2023-09-02 22:23:05 V/Bot.2398493975: [SHT荔枝麻酱协会(493057481)] hzc(2384102753) -> 13800
2023-09-02 22:23:17 V/Bot.2398493975: [SHT荔枝麻酱协会(493057481)] 淡情余描未わ(1297471104) -> 2240
2023-09-02 22:23:18 V/Bot.2398493975: Event: GroupRecall(bot=Bot(2398493975), authorId=1297471104, messageIds=[282856], messageInternalIds=[439377339], messageTime=1693664597, operator=NormalMember(1297471104), group=Group(493057481), author=NormalMember(1297471104))
2023-09-02 22:23:21 V/Bot.2398493975: [SHT荔枝麻酱协会(493057481)] 淡情余描未わ(1297471104) -> 22400
2023-09-02 22:23:27 V/Bot.2398493975: [SHT荔枝麻酱协会(493057481)] jt(981941098) -> 39200
2023-09-02 22:23:29 V/Bot.2398493975: Group(493057481) <- 记录成功：
jt: 39200
naf2021: 24600
淡情余描未わ: 22400
hzc: 13800
2023-09-02 22:23:59 V/Bot.2398493975: [SHT荔枝麻酱协会(493057481)] Hatsune(467091276) -> jt复仇成功了
2023-09-02 22:24:23 V/Bot.2398493975: [SHT荔枝麻酱协会(493057481)] Hatsune(467091276) -> [mirai:image:{FA104B0F-9C74-4E9A-2636-A3ECA04083C1}.gif, width=300, height=356, size=3793061, type=GIF, isEmoji=true]
2023-09-02 22:30:01 V/Bot.2398493975: [SHT荔枝麻酱协会(493057481)] 殒落凡尘的星(2510816477) -> 你们赛事都是在电脑上比赛吗？
2023-09-02 22:30:51 V/Bot.2398493975: [SHT荔枝麻酱协会(493057481)] 淡情余描未わ(1297471104) -> 都有
2023-09-02 22:33:48 I/UnidbgFetchQsign: Bot(2398493975) request_token, submit success
2023-09-02 22:45:15 V/Bot.2398493975: [SHT荔枝麻酱协会(493057481)] naf2021(3469392519) -> 48700
2023-09-02 22:45:15 V/Bot.2398493975: [SHT荔枝麻酱协会(493057481)] 淡情余描未わ(1297471104) -> 23000
2023-09-02 22:45:31 V/Bot.2398493975: [SHT荔枝麻酱协会(493057481)] Hatsune(467091276) -> 这么快？
2023-09-02 22:45:32 V/Bot.2398493975: [SHT荔枝麻酱协会(493057481)] hzc(2384102753) -> 29000
2023-09-02 22:45:45 V/Bot.2398493975: [SHT荔枝麻酱协会(493057481)] jt(981941098) -> -1700
2023-09-02 22:45:46 V/Bot.2398493975: Group(493057481) <- 点数有误，总和不为100000！
2023-09-02 22:46:34 V/Bot.2398493975: [SHT荔枝麻酱协会(493057481)] naf2021(3469392519) -> 49700
2023-09-02 22:46:35 V/Bot.2398493975: Group(493057481) <- 记录成功：
naf2021: 49700
hzc: 29000
淡情余描未わ: 23000
jt: -1700
2023-09-02 22:46:46 V/Bot.2398493975: [SHT荔枝麻酱协会(493057481)] Hatsune(467091276) -> jt苦
2023-09-02 23:00:08 V/Bot.2398493975: [獭獭云旅游军团@🎤啥(887156367)] タタ@獭獭·ω·咖波●ω●军团(1609323331) -> 小桃的配音笑死了
2023-09-02 23:02:33 V/Bot.2398493975: [獭獭云旅游军团@🎤啥(887156367)] Freeze_Kirin(768173212) ->  可爱的捏
2023-09-02 23:07:20 V/Bot.2398493975: [獭獭云旅游军团@🎤啥(887156367)] タタ@獭獭·ω·咖波●ω●军团(1609323331) -> yygq第一名[mirai:image:{4CF67049-D6B4-AD32-DC7E-36DE3B8E8CF8}.png, width=2388, height=1668, size=467482, type=JPG, isEmoji=false]
2023-09-02 23:13:49 I/UnidbgFetchQsign: Bot(2398493975) request_token, submit success
2023-09-02 23:19:08 V/Bot.2398493975: [獭獭云旅游军团@🎤啥(887156367)] タタ@獭獭·ω·咖波●ω●军团(1609323331) -> 为啥爱丽丝会眨眼睛[mirai:image:{55CA5F59-D3EA-0EE8-C888-84D9007A8FB4}.png, width=2388, height=1668, size=335630, type=JPG, isEmoji=false]
2023-09-02 23:19:13 V/Bot.2398493975: [獭獭云旅游军团@🎤啥(887156367)] タタ@獭獭·ω·咖波●ω●军团(1609323331) -> 红绿猫不会
2023-09-02 23:19:18 V/Bot.2398493975: [獭獭云旅游军团@🎤啥(887156367)] タタ@獭獭·ω·咖波●ω●军团(1609323331) -> [mirai:image:{1E8676F9-338E-00CA-81E3-674B950F95C1}.png, width=251, height=207, size=103886, type=GIF, isEmoji=true]
2023-09-02 23:19:33 V/Bot.2398493975: [獭獭云旅游军团@🎤啥(887156367)] Freeze_Kirin(768173212) -> [mirai:image:{1E8676F9-338E-00CA-81E3-674B950F95C1}.gif, width=251, height=207, size=103886, type=GIF, isEmoji=true]
2023-09-02 23:23:21 V/Bot.2398493975: [獭獭云旅游军团@🎤啥(887156367)] Freeze_Kirin(768173212) -> [mirai:image:{6D25B69B-E581-1991-2C4F-1B23744E6481}.png, width=1011, height=226, size=326976, type=PNG, isEmoji=false]绷不住了
2023-09-02 23:28:37 V/Bot.2398493975: [獭獭云旅游军团@🎤啥(887156367)] Freeze_Kirin(768173212) -> [mirai:image:{71B3F61B-41A3-3856-75D9-BD773C54F4A7}.png, width=1074, height=607, size=716419, type=PNG, isEmoji=false]可爱！
2023-09-02 23:28:38 V/Bot.2398493975: [獭獭云旅游军团@🎤啥(887156367)] Freeze_Kirin(768173212) -> 满分！
2023-09-02 23:30:09 V/Bot.2398493975: [獭獭云旅游军团@🎤啥(887156367)] Freeze_Kirin(768173212) -> [mirai:image:{65DB6BE9-D356-DB45-1245-588D21A96D57}.png, width=986, height=223, size=288201, type=PNG, isEmoji=false]
2023-09-02 23:31:14 V/Bot.2398493975: [獭獭云旅游军团@🎤啥(887156367)] タタ@獭獭·ω·咖波●ω●军团(1609323331) -> [mirai:image:{1E8676F9-338E-00CA-81E3-674B950F95C1}.png, width=251, height=207, size=103886, type=GIF, isEmoji=true]
2023-09-02 23:33:52 V/Bot.2398493975: [獭獭云旅游军团@🎤啥(887156367)] タタ@獭獭·ω·咖波●ω●军团(1609323331) -> [mirai:image:{B6EFCDEF-D21C-B5A1-344A-781B78221F6A}.png, width=2388, height=1668, size=209501, type=JPG, isEmoji=false]
2023-09-02 23:34:00 V/Bot.2398493975: [獭獭云旅游军团@🎤啥(887156367)] タタ@獭獭·ω·咖波●ω●军团(1609323331) -> 加上配音笑死了
2023-09-02 23:35:13 V/Bot.2398493975: [獭獭云旅游军团@🎤啥(887156367)] Freeze_Kirin(768173212) -> [mirai:image:{93EAD3B3-EF38-0148-5669-9A1DC9E0568A}.gif, width=74, height=62, size=4345, type=GIF, isEmoji=false]
2023-09-02 23:35:28 V/Bot.2398493975: [獭獭云旅游军团@🎤啥(887156367)] Freeze_Kirin(768173212) -> 最终篇补完了！明天再看vol34
2023-09-02 23:35:52 V/Bot.2398493975: [獭獭云旅游军团@🎤啥(887156367)] Freeze_Kirin(768173212) -> 最后老师裸奔真是难绷
2023-09-02 23:35:56 V/Bot.2398493975: [獭獭云旅游军团@🎤啥(887156367)] Freeze_Kirin(768173212) -> [mirai:image:{1E8676F9-338E-00CA-81E3-674B950F95C1}.gif, width=251, height=207, size=103886, type=GIF, isEmoji=true]
2023-09-02 23:36:44 V/Bot.2398493975: [獭獭云旅游军团@🎤啥(887156367)] タタ@獭獭·ω·咖波●ω●军团(1609323331) -> 老师在天上飞嘛
2023-09-02 23:37:02 V/Bot.2398493975: [獭獭云旅游军团@🎤啥(887156367)] タタ@獭獭·ω·咖波●ω●军团(1609323331) -> 所以之前那个登录画面上面的流星就是sensei
2023-09-02 23:37:05 V/Bot.2398493975: [獭獭云旅游军团@🎤啥(887156367)] タタ@獭獭·ω·咖波●ω●军团(1609323331) -> [mirai:image:{1E8676F9-338E-00CA-81E3-674B950F95C1}.png, width=251, height=207, size=103886, type=GIF, isEmoji=true]
2023-09-02 23:39:25 V/Bot.2398493975: [獭獭云旅游军团@🎤啥(887156367)] Freeze_Kirin(768173212) -> [mirai:image:{217DA165-D46A-8E3E-25F3-56A3137987A6}.png, width=512, height=512, size=198717, type=GIF, isEmoji=true]
2023-09-02 23:40:17 V/Bot.2398493975: [獭獭云旅游军团@🎤啥(887156367)] Freeze_Kirin(768173212) -> 天空一声巨响，sensei闪亮登场x
2023-09-02 23:46:15 V/Bot.2398493975: [SHT荔枝麻酱协会(493057481)] jt(981941098) -> 16800
2023-09-02 23:46:18 V/Bot.2398493975: [SHT荔枝麻酱协会(493057481)] naf2021(3469392519) -> 16800
2023-09-02 23:46:18 V/Bot.2398493975: [SHT荔枝麻酱协会(493057481)] 淡情余描未わ(1297471104) -> 18000
2023-09-02 23:46:28 V/Bot.2398493975: [SHT荔枝麻酱协会(493057481)] hzc(2384102753) -> 48400
2023-09-02 23:46:29 V/Bot.2398493975: Group(493057481) <- 记录成功：
hzc: 48400
淡情余描未わ: 18000
jt: 16800
naf2021: 16800
2023-09-02 23:46:47 V/Bot.2398493975: [SHT荔枝麻酱协会(493057481)] naf2021(3469392519) -> ！查查我的
2023-09-02 23:46:48 V/Bot.2398493975: Group(493057481) <- 昵称：naf2021
段位：4级
rate：1536.78
近期顺位：4123142214
更多数据请访问：http://123.60.173.207/user/naf2021
2023-09-02 23:47:05 V/Bot.2398493975: [獭獭云旅游军团@🎤啥(887156367)] 獭獭睡觉大臣@被獭獭军团开除(963423936) -> [mirai:image:{E7A08B8C-3812-A4B6-095D-7B21C0F4574A}.png, width=1170, height=2532, size=506447, type=PNG, isEmoji=false]
2023-09-02 23:47:07 V/Bot.2398493975: [獭獭云旅游军团@🎤啥(887156367)] 獭獭睡觉大臣@被獭獭军团开除(963423936) -> 原来
2023-09-02 23:47:08 V/Bot.2398493975: [獭獭云旅游军团@🎤啥(887156367)] 獭獭睡觉大臣@被獭獭军团开除(963423936) -> 现在
2023-09-02 23:47:11 V/Bot.2398493975: [獭獭云旅游军团@🎤啥(887156367)] 獭獭睡觉大臣@被獭獭军团开除(963423936) -> 华鹏路
2023-09-02 23:47:13 V/Bot.2398493975: [獭獭云旅游军团@🎤啥(887156367)] 獭獭睡觉大臣@被獭獭军团开除(963423936) -> 的车
2023-09-02 23:47:15 V/Bot.2398493975: [獭獭云旅游军团@🎤啥(887156367)] 獭獭睡觉大臣@被獭獭军团开除(963423936) -> 这么晚
2023-09-02 23:47:19 V/Bot.2398493975: [獭獭云旅游军团@🎤啥(887156367)] 獭獭睡觉大臣@被獭獭军团开除(963423936) -> 这下赶上了
2023-09-02 23:49:31 V/Bot.2398493975: [SHT荔枝麻酱协会(493057481)] hzc(2384102753) -> ！查查我的
2023-09-02 23:49:32 V/Bot.2398493975: Group(493057481) <- 昵称：hzc
段位：4级
rate：1565.92
近期顺位：1121421421
更多数据请访问：http://123.60.173.207/user/hzc
2023-09-02 23:49:44 V/Bot.2398493975: [SHT荔枝麻酱协会(493057481)] 淡情余描未わ(1297471104) -> ！查查我的
2023-09-02 23:49:45 V/Bot.2398493975: Group(493057481) <- 昵称：淡情余描未わ
段位：4级
rate：1484.63
近期顺位：3333213332
更多数据请访问：http://123.60.173.207/user/淡情余描未わ
2023-09-02 23:50:04 V/Bot.2398493975: [SHT荔枝麻酱协会(493057481)] 淡情余描未わ(1297471104) -> 高情商，我不吃四
2023-09-02 23:50:08 V/Bot.2398493975: [SHT荔枝麻酱协会(493057481)] 淡情余描未わ(1297471104) -> 低情商，我玩个p
2023-09-02 23:50:22 V/Bot.2398493975: [獭獭云旅游军团@🎤啥(887156367)] hzc@獭獭軍団二度受(2384102753) -> 不过你下来还得打车
2023-09-02 23:50:34 V/Bot.2398493975: [SHT荔枝麻酱协会(493057481)] naf2021(3469392519) -> 稳定上分（x）
2023-09-02 23:51:09 V/Bot.2398493975: [獭獭云旅游军团@🎤啥(887156367)] 獭獭睡觉大臣@被獭獭军团开除(963423936) -> 不
2023-09-02 23:51:11 V/Bot.2398493975: [獭獭云旅游军团@🎤啥(887156367)] 獭獭睡觉大臣@被獭獭军团开除(963423936) -> 华鹏路
2023-09-02 23:51:14 V/Bot.2398493975: [獭獭云旅游军团@🎤啥(887156367)] 獭獭睡觉大臣@被獭獭军团开除(963423936) -> 也就几公里
2023-09-02 23:51:20 V/Bot.2398493975: [獭獭云旅游军团@🎤啥(887156367)] 獭獭睡觉大臣@被獭獭军团开除(963423936) -> 开🚴
2023-09-02 23:51:25 V/Bot.2398493975: [獭獭云旅游军团@🎤啥(887156367)] 獭獭睡觉大臣@被獭獭军团开除(963423936) -> 就当锻炼了
2023-09-02 23:51:28 V/Bot.2398493975: [獭獭云旅游军团@🎤啥(887156367)] 獭獭睡觉大臣@被獭獭军团开除(963423936) -> 今天还没锻炼
2023-09-02 23:53:55 I/UnidbgFetchQsign: Bot(2398493975) request_token, submit success
2023-09-02 23:55:09 V/Bot.2398493975: [獭獭云旅游军团@🎤啥(887156367)] hzc@獭獭軍団二度受(2384102753) -> 好！
2023-09-02 23:56:15 V/Bot.2398493975: [獭獭云旅游军团@🎤啥(887156367)] タタ@獭獭·ω·咖波●ω●军团(1609323331) -> 为什么我造家具一直造出来一样的[mirai:image:{B3FE1846-1142-08D0-26EC-8DA28E9FDC7B}.png, width=2388, height=1668, size=533449, type=JPG, isEmoji=false]
2023-09-02 23:56:43 V/Bot.2398493975: [獭獭云旅游军团@🎤啥(887156367)] hzc@獭獭軍団二度受(2384102753) -> 因为他很容易出一样的家具
2023-09-02 23:56:56 V/Bot.2398493975: [獭獭云旅游军团@🎤啥(887156367)] hzc@獭獭軍団二度受(2384102753) -> 我礼物也摇了好多一样的
2023-09-02 23:57:08 V/Bot.2398493975: [SHT荔枝麻酱协会(493057481)] 1st(576851388) -> ！查查我的
2023-09-02 23:57:09 V/Bot.2398493975: Group(493057481) <- 昵称：1st
段位：新人
rate：1462.54
近期顺位：4242
更多数据请访问：http://123.60.173.207/user/1st
2023-09-02 23:57:41 V/Bot.2398493975: [獭獭云旅游军团@🎤啥(887156367)] タタ@獭獭·ω·咖波●ω●军团(1609323331) -> 礼物先别花捏
2023-09-02 23:57:55 V/Bot.2398493975: [獭獭云旅游军团@🎤啥(887156367)] タタ@獭獭·ω·咖波●ω●军团(1609323331) -> 好感度很容易到上限的
2023-09-02 23:59:41 V/Bot.2398493975: [SHT荔枝麻酱协会(493057481)] 1st(576851388) -> 稳定每次第一局吃四
2023-09-02 23:59:50 V/Bot.2398493975: [獭獭云旅游军团@🎤啥(887156367)] hzc@獭獭軍団二度受(2384102753) -> 确实 我小护士已经10级好感了
