2023-08-27 00:20:40 V/Bot.2398493975: [獭獭云旅游军团@🎤啥(887156367)] zz@獺獺軍団(771507043) -> [mirai:file:录屏2023-08-27 00.18.25.mov, id=/bf7dade1-2fd4-4a99-91f5-e27b26368c7b, internalId=102, size=55532156]
2023-08-27 00:20:42 V/Bot.2398493975: [獭獭云旅游军团@🎤啥(887156367)] zz@獺獺軍団(771507043) -> tb有病吧
2023-08-27 00:23:23 I/UnidbgFetchQsign: Bot(2398493975) request_token, submit success
2023-08-27 00:23:59 V/Bot.2398493975: [獭獭云旅游军团@🎤啥(887156367)] タタ@獭獭被水淹军团(1609323331) -> 竞选弱智吧第一名
2023-08-27 00:24:25 V/Bot.2398493975: [獭獭云旅游军团@🎤啥(887156367)] タタ@獭獭被水淹军团(1609323331) -> [不支持的消息#-1906637478]
2023-08-27 00:25:04 V/Bot.2398493975: [獭獭云旅游军团@🎤啥(887156367)] 哭哭Kirin@也被獭獭军团开除(472247053) -> 合理
2023-08-27 00:25:12 V/Bot.2398493975: [獭獭云旅游军团@🎤啥(887156367)] タタ@獭獭被水淹军团(1609323331) -> 电脑不配上网
2023-08-27 00:25:15 V/Bot.2398493975: [獭獭云旅游军团@🎤啥(887156367)] タタ@獭獭被水淹军团(1609323331) -> [mirai:image:{A31463D2-BD3C-9584-ED1D-5DC6DABBAC1B}.png, width=150, height=150, size=855112, type=GIF, isEmoji=true]
2023-08-27 00:43:25 V/Bot.2398493975: [獭獭云旅游军团@🎤啥(887156367)] zz@獺獺軍団(771507043) -> [不支持的消息#-931150579][mirai:image:{F3C512CB-E6A4-67EE-85C7-2782BBBD6D59}.jpg, width=2328, height=1650, size=444512, type=PNG, isEmoji=false]好贵
2023-08-27 00:55:29 V/Bot.2398493975: [獭獭云旅游军团@🎤啥(887156367)] zz@獺獺軍団(771507043) -> 可恶，这个台湾公司官网有不限流量的日本sim，但淘宝一车转卖他们卡的没有
2023-08-27 01:00:48 V/Bot.2398493975: [獭獭云旅游军团@🎤啥(887156367)] タタ@獭獭被水淹军团(1609323331) -> cmlink呢
2023-08-27 01:00:54 V/Bot.2398493975: [獭獭云旅游军团@🎤啥(887156367)] タタ@獭獭被水淹军团(1609323331) -> 这个快
2023-08-27 01:01:56 V/Bot.2398493975: [獭獭云旅游军团@🎤啥(887156367)] タタ@獭獭被水淹军团(1609323331) -> 好像没有无限流量
2023-08-27 01:01:58 V/Bot.2398493975: [獭獭云旅游军团@🎤啥(887156367)] タタ@獭獭被水淹军团(1609323331) -> [mirai:image:{7B4FAB6B-0BA8-0F4C-F8DC-B2AF31AB603E}.png, width=512, height=512, size=192357, type=GIF, isEmoji=true]
2023-08-27 01:03:24 I/UnidbgFetchQsign: Bot(2398493975) request_token, submit success
2023-08-27 01:19:29 V/Bot.2398493975: [獭獭云旅游军团@🎤啥(887156367)] zz@獺獺軍団(771507043) -> [mirai:image:{2C58A7DE-BA9F-7218-E5E5-D2B8F04EF93D}.png, width=2778, height=1284, size=128631, type=JPG, isEmoji=false]
2023-08-27 01:19:38 V/Bot.2398493975: [獭獭云旅游军团@🎤啥(887156367)] zz@獺獺軍団(771507043) -> 第一次见
2023-08-27 01:22:33 V/Bot.2398493975: [獭獭云旅游军团@🎤啥(887156367)] 哭哭Kirin@也被獭獭军团开除(472247053) -> 挺常见的？
2023-08-27 01:33:52 V/Bot.2398493975: [獭獭云旅游军团@🎤啥(887156367)] タタ@獭獭被水淹军团(1609323331) -> [mirai:image:{B885EDAE-C3EB-75C1-4A78-C89F1AD923B4}.png, width=2436, height=1125, size=3939387, type=PNG, isEmoji=false]
2023-08-27 01:33:54 V/Bot.2398493975: [獭獭云旅游军团@🎤啥(887156367)] タタ@獭獭被水淹军团(1609323331) -> 怎么最后两个不是兑换码
2023-08-27 01:34:06 V/Bot.2398493975: [獭獭云旅游军团@🎤啥(887156367)] タタ@獭獭被水淹军团(1609323331) -> [mirai:image:{7641C6EE-3F9A-3F26-0E52-2E19F65206A0}.png, width=1890, height=4096, size=2524114, type=JPG, isEmoji=false]
2023-08-27 01:35:19 V/Bot.2398493975: [獭獭云旅游军团@🎤啥(887156367)] タタ@獭獭被水淹军团(1609323331) -> 抽完了
2023-08-27 01:35:22 V/Bot.2398493975: [獭獭云旅游军团@🎤啥(887156367)] タタ@獭獭被水淹军团(1609323331) -> 啥都没出
2023-08-27 01:35:25 V/Bot.2398493975: [獭獭云旅游军团@🎤啥(887156367)] タタ@獭獭被水淹军团(1609323331) -> [mirai:image:{4EDDAE51-2EA5-50F1-9CCF-6CD49C679B3A}.png, width=236, height=226, size=161862, type=GIF, isEmoji=true]
2023-08-27 01:36:32 V/Bot.2398493975: [獭獭云旅游军团@🎤啥(887156367)] タタ@獭獭被水淹军团(1609323331) -> [mirai:image:{CA7530F6-C67F-BC3E-EF9F-42C34AF066EF}.png, width=1890, height=4096, size=2634327, type=JPG, isEmoji=false]
2023-08-27 01:36:39 V/Bot.2398493975: [獭獭云旅游军团@🎤啥(887156367)] タタ@獭獭被水淹军团(1609323331) -> 怎么还有绊爱
2023-08-27 01:38:49 V/Bot.2398493975: [獭獭云旅游军团@🎤啥(887156367)] 哭哭Kirin@也被獭獭军团开除(472247053) -> 怎么还有这个游戏
2023-08-27 01:43:30 I/UnidbgFetchQsign: Bot(2398493975) request_token, submit success
2023-08-27 01:52:13 V/Bot.2398493975: [獭獭云旅游军团@🎤啥(887156367)] zz@獺獺軍団(771507043) -> [mirai:image:{7737F3FE-8C56-38FA-CF0E-3716D9F5D729}.png, width=2778, height=1284, size=244630, type=JPG, isEmoji=false]
2023-08-27 01:52:43 V/Bot.2398493975: [獭獭云旅游军团@🎤啥(887156367)] タタ@獭獭被水淹军团(1609323331) -> [mirai:image:{8BF34B10-19C1-4195-5866-6DDB73A903D8}.png, width=249, height=188, size=54265, type=GIF, isEmoji=true]
2023-08-27 01:53:10 V/Bot.2398493975: [獭獭云旅游军团@🎤啥(887156367)] zz@獺獺軍団(771507043) -> [不支持的消息#1730746823][mirai:image:{8BF34B10-19C1-4195-5866-6DDB73A903D8}.jpg, width=249, height=188, size=54265, type=GIF, isEmoji=false]
2023-08-27 02:00:22 V/Bot.2398493975: [獭獭云旅游军团@🎤啥(887156367)] zz@獺獺軍団(771507043) -> ？这游戏有web版吗[mirai:image:{7C1BA221-E552-5F22-EF20-0BD74458F8FC}.png, width=2778, height=1284, size=359181, type=JPG, isEmoji=false]
2023-08-27 02:00:36 V/Bot.2398493975: [獭獭云旅游军团@🎤啥(887156367)] zz@獺獺軍団(771507043) -> 刚才没看见有才下载的
2023-08-27 02:00:49 V/Bot.2398493975: [獭獭云旅游军团@🎤啥(887156367)] タタ@獭獭被水淹军团(1609323331) -> [mirai:image:{FB9C65FB-5685-1B12-1B13-836B38246164}.png, width=292, height=205, size=61102, type=GIF, isEmoji=true]
2023-08-27 02:15:08 V/Bot.2398493975: [獭獭云旅游军团@🎤啥(887156367)] hzc@獭獭軍団二度受(2384102753) -> [mirai:image:{AC34A300-0D17-42DD-4361-DD8EE0A48B81}.png, width=1123, height=690, size=467262, type=PNG, isEmoji=false]我怎么第一天训练就吃一了
2023-08-27 02:15:32 V/Bot.2398493975: [獭獭云旅游军团@🎤啥(887156367)] hzc@獭獭軍団二度受(2384102753) -> [mirai:image:{41B1F456-B9E2-9E60-B707-367A0B896CF7}.png, width=214, height=428, size=112727, type=PNG, isEmoji=false]
2023-08-27 02:23:30 I/UnidbgFetchQsign: Bot(2398493975) request_token, submit success
2023-08-27 02:29:21 V/Bot.2398493975: [獭獭云旅游军团@🎤啥(887156367)] zz@獺獺軍団(771507043) -> 狗
2023-08-27 02:48:02 V/Bot.2398493975: [獭獭云旅游军团@🎤啥(887156367)] zz@獺獺軍団(771507043) -> [不支持的消息#1747992566][mirai:image:{8E27ECA8-7662-88A5-0096-91C0D63B9916}.jpg, width=3456, height=1926, size=4577390, type=PNG, isEmoji=false][不支持的消息#-1232467528][mirai:image:{F030C46D-FF41-5612-CFD7-4C4827F61808}.jpg, width=3456, height=1928, size=5072347, type=PNG, isEmoji=false]可恶
2023-08-27 02:48:49 V/Bot.2398493975: [獭獭云旅游军团@🎤啥(887156367)] zz@獺獺軍団(771507043) -> [不支持的消息#-474120027][mirai:image:{A71BB090-E99A-67EC-CC80-90A84594A5AF}.jpg, width=1228, height=262, size=132661, type=PNG, isEmoji=false]
2023-08-27 03:03:31 I/UnidbgFetchQsign: Bot(2398493975) request_token, submit success
2023-08-27 03:06:19 V/Bot.2398493975: [獭獭云旅游军团@🎤啥(887156367)] zz@獺獺軍団(771507043) -> [不支持的消息#-59875746][mirai:image:{A5C65B3C-BEC6-8394-EEBE-836FF4703642}.jpg, width=1500, height=390, size=257112, type=PNG, isEmoji=false]不立直的下场
2023-08-27 03:39:16 V/Bot.2398493975: [獭獭云旅游军团@🎤啥(887156367)] zz@獺獺軍団(771507043) -> [不支持的消息#-1856438748][mirai:image:{3A50D4DB-BC0A-4D71-CCBC-9FC554BC21A7}.jpg, width=3372, height=566, size=192679, type=PNG, isEmoji=false]mac app store怎么还是蓝的
2023-08-27 03:40:43 V/Bot.2398493975: [獭獭云旅游军团@🎤啥(887156367)] タタ@獭獭被水淹军团(1609323331) -> 怎么rank1
2023-08-27 03:40:49 V/Bot.2398493975: [獭獭云旅游军团@🎤啥(887156367)] タタ@獭獭被水淹军团(1609323331) -> 还有人下这个
2023-08-27 03:40:51 V/Bot.2398493975: [獭獭云旅游军团@🎤啥(887156367)] タタ@獭獭被水淹军团(1609323331) -> [mirai:image:{7B4FAB6B-0BA8-0F4C-F8DC-B2AF31AB603E}.png, width=512, height=512, size=192357, type=GIF, isEmoji=true]
2023-08-27 03:42:32 V/Bot.2398493975: [獭獭云旅游军团@🎤啥(887156367)] zz@獺獺軍団(771507043) -> 因为没人用mac app store捏
2023-08-27 03:43:10 V/Bot.2398493975: [獭獭云旅游军团@🎤啥(887156367)] zz@獺獺軍団(771507043) -> 我看见它是蓝鸟我也下了
2023-08-27 03:43:37 I/UnidbgFetchQsign: Bot(2398493975) request_token, submit success
2023-08-27 03:43:54 V/Bot.2398493975: [獭獭云旅游军团@🎤啥(887156367)] zz@獺獺軍団(771507043) -> [不支持的消息#-1648862821][mirai:image:{34AB4E9F-E311-2635-C19A-28B840108CBF}.jpg, width=156, height=104, size=8536, type=PNG, isEmoji=false][不支持的消息#1137086899][mirai:image:{6BCC46B6-3989-38F9-93C7-2E4A6A88D431}.jpg, width=214, height=126, size=7185, type=PNG, isEmoji=false]还是tweet不是post
2023-08-27 03:44:04 V/Bot.2398493975: [獭獭云旅游军团@🎤啥(887156367)] タタ@獭獭被水淹军团(1609323331) -> [mirai:image:{66B0BB46-95C1-EABD-2AFD-8229F13EB7B3}.png, width=1125, height=2436, size=7004364, type=PNG, isEmoji=false]
2023-08-27 03:44:04 V/Bot.2398493975: [獭獭云旅游军团@🎤啥(887156367)] タタ@獭獭被水淹军团(1609323331) -> [mirai:image:{05919B55-D12E-11BD-7C76-D06FAD553D12}.png, width=370, height=296, size=100522, type=GIF, isEmoji=true]
2023-08-27 03:45:20 V/Bot.2398493975: [獭獭云旅游军团@🎤啥(887156367)] zz@獺獺軍団(771507043) -> [不支持的消息#-994687586][mirai:image:{E27DAB3B-4FBC-A192-7820-FC80577B3FE5}.jpg, width=1920, height=1080, size=1027943, type=PNG, isEmoji=false]？
2023-08-27 03:46:37 V/Bot.2398493975: [獭獭云旅游军团@🎤啥(887156367)] タタ@獭獭被水淹军团(1609323331) -> 渔网
2023-08-27 03:46:56 V/Bot.2398493975: [獭獭云旅游军团@🎤啥(887156367)] タタ@獭獭被水淹军团(1609323331) -> 咬破了套头上
2023-08-27 03:46:59 V/Bot.2398493975: [獭獭云旅游军团@🎤啥(887156367)] タタ@獭獭被水淹军团(1609323331) -> [mirai:image:{B52FE724-9A03-6960-4362-1AAA7E46362D}.png, width=200, height=200, size=660853, type=GIF, isEmoji=true]
2023-08-27 03:48:22 V/Bot.2398493975: [獭獭云旅游军团@🎤啥(887156367)] zz@獺獺軍団(771507043) -> 不是，这人元皮长这样[不支持的消息#523972916][mirai:image:{261E267D-AEDA-56CE-B68A-05FBE35EA466}.jpg, width=1000, height=2835, size=1864456, type=PNG, isEmoji=false]
2023-08-27 03:48:49 V/Bot.2398493975: [獭獭云旅游军团@🎤啥(887156367)] タタ@獭獭被水淹军团(1609323331) -> 变异了
2023-08-27 03:48:55 V/Bot.2398493975: [獭獭云旅游军团@🎤啥(887156367)] タタ@獭獭被水淹军团(1609323331) -> [mirai:image:{BE55A3FF-AA67-6378-11FA-1F72BF3ACC70}.png, width=512, height=512, size=504472, type=GIF, isEmoji=true]
2023-08-27 03:49:03 V/Bot.2398493975: [獭獭云旅游军团@🎤啥(887156367)] zz@獺獺軍団(771507043) -> [不支持的消息#-1362016437][mirai:image:{9A77C373-A01B-2A61-E8C9-4AEB88FD73B2}.jpg, width=946, height=2048, size=1078667, type=PNG, isEmoji=false]虽然她第二个皮变成这样了1
2023-08-27 03:49:30 V/Bot.2398493975: [獭獭云旅游军团@🎤啥(887156367)] タタ@獭獭被水淹军团(1609323331) -> 还有这么渐变的
2023-08-27 03:50:30 V/Bot.2398493975: [獭獭云旅游军团@🎤啥(887156367)] zz@獺獺軍団(771507043) -> 本来中学生设定非要喝酒第二个皮就变成大人了
2023-08-27 03:51:47 V/Bot.2398493975: [獭獭云旅游军团@🎤啥(887156367)] zz@獺獺軍団(771507043) -> [mirai:quote:[mirai:source:ids=[63361], internalIds=[1969264276], from 771507043 to 887156367 at 1693079302], content=<not yet initialized>]还在只有这个皮的时候说自己胸大，拖的肩膀疼
2023-08-27 04:23:38 I/UnidbgFetchQsign: Bot(2398493975) request_token, submit success
2023-08-27 05:03:39 I/UnidbgFetchQsign: Bot(2398493975) request_token, submit success
2023-08-27 05:32:11 V/Bot.2398493975: [獭獭云旅游军团@🎤啥(887156367)] 獭獭睡觉大臣@被獭獭军团开除(963423936) -> [mirai:image:{E0DAE969-1230-0E83-8488-5A69005DFCC2}.png, width=480, height=360, size=187447, type=GIF, isEmoji=true]
2023-08-27 05:34:12 V/Bot.2398493975: [獭獭云旅游军团@🎤啥(887156367)] 獭獭睡觉大臣@被獭獭军团开除(963423936) -> [mirai:image:{FB9C65FB-5685-1B12-1B13-836B38246164}.png, width=292, height=205, size=61102, type=GIF, isEmoji=true]
2023-08-27 05:34:14 V/Bot.2398493975: [獭獭云旅游军团@🎤啥(887156367)] 獭獭睡觉大臣@被獭獭军团开除(963423936) -> [mirai:image:{E0DAE969-1230-0E83-8488-5A69005DFCC2}.png, width=480, height=360, size=187447, type=GIF, isEmoji=true]
2023-08-27 05:43:45 I/UnidbgFetchQsign: Bot(2398493975) request_token, submit success
2023-08-27 06:23:45 I/UnidbgFetchQsign: Bot(2398493975) request_token, submit success
2023-08-27 07:03:46 I/UnidbgFetchQsign: Bot(2398493975) request_token, submit success
2023-08-27 07:43:52 I/UnidbgFetchQsign: Bot(2398493975) request_token, submit success
2023-08-27 08:23:53 I/UnidbgFetchQsign: Bot(2398493975) request_token, submit success
2023-08-27 08:26:49 V/Bot.2398493975: [SHT荔枝麻酱协会(493057481)] 瞬变光脑(1762264979) -> ！查查我的
2023-08-27 08:26:50 V/Bot.2398493975: Group(493057481) <- 没有找到该用户的信息！
2023-08-27 09:03:54 I/UnidbgFetchQsign: Bot(2398493975) request_token, submit success
2023-08-27 09:29:33 V/Bot.2398493975: [獭獭云旅游军团@🎤啥(887156367)] 獭獭哪凉快呆哪军团(1297471104) -> [mirai:image:{D55F02ED-E412-EC1C-C60E-119797FB4B30}.jpg, width=864, height=1920, size=232754, type=JPG, isEmoji=false]
2023-08-27 09:29:33 V/Bot.2398493975: [獭獭云旅游军团@🎤啥(887156367)] 獭獭哪凉快呆哪军团(1297471104) -> 啊？
2023-08-27 09:33:30 V/Bot.2398493975: [獭獭云旅游军团@🎤啥(887156367)] zz@獺獺軍団(771507043) -> 好冷[mirai:image:{6DA6D792-2383-1F6E-5518-0CEA4F1030FB}.png, width=643, height=415, size=24897, type=JPG, isEmoji=false]
2023-08-27 09:40:53 V/Bot.2398493975: [獭獭云旅游军团@🎤啥(887156367)] 獭獭睡觉大臣@被獭獭军团开除(963423936) -> [mirai:app:{
  "config" : {
    "height" : 0,
    "forward" : 1,
    "ctime" : 1693100448,
    "width" : 0,
    "type" : "normal",
    "token" : "8914f0c3fe4f617935c69cf5fd5a2cdd",
    "autoSize" : 0
  },
  "prompt" : "[QQ小程序]【MyGO】睦头人把素世抓走进行终极侮辱呀",
  "app" : "com.tencent.miniapp_01",
  "ver" : "0.0.0.1",
  "appID" : "100951776",
  "view" : "view_8C8E89B49BE609866298ADDFF2DBABA4",
  "meta" : {
    "detail_1" : {
      "appid" : "1109937557",
      "preview" : "https:\/\/pic.ugcimg.cn\/bccc7ec93321a12c6424c1e1d9000ee3\/jpg1",
      "shareTemplateData" : {

      },
      "gamePointsUrl" : "",
      "gamePoints" : "",
      "url" : "m.q.qq.com\/a\/s\/dfdb496816e6edc2a7a9ce057a6d4dd0",
      "appType" : 0,
      "desc" : "【MyGO】睦头人把素世抓走进行终极侮辱呀",
      "title" : "哔哩哔哩",
      "scene" : 1036,
      "host" : {
        "uin" : 963423936,
        "nick" : "小红今天早饭了吗"
      },
      "icon" : "http:\/\/miniapp.gtimg.cn\/public\/appicon\/432b76be3a548fc128acaa6c1ec90131_200.jpg",
      "shareTemplateId" : "8C8E89B49BE609866298ADDFF2DBABA4",
      "qqdocurl" : "https:\/\/b23.tv\/VpiRjs1",
      "showLittleTail" : ""
    }
  },
  "bthirdappforward" : true,
  "bthirdappforwardforbackendswitch" : true,
  "desc" : ""
}]
2023-08-27 09:44:00 I/UnidbgFetchQsign: Bot(2398493975) request_token, submit success
2023-08-27 10:24:01 I/UnidbgFetchQsign: Bot(2398493975) request_token, submit success
2023-08-27 10:31:54 V/Bot.2398493975: [獭獭云旅游军团@🎤啥(887156367)] 獭獭睡觉大臣@被獭獭军团开除(963423936) -> [mirai:image:{E0DAE969-1230-0E83-8488-5A69005DFCC2}.png, width=480, height=360, size=187447, type=GIF, isEmoji=true]
2023-08-27 10:31:55 V/Bot.2398493975: [獭獭云旅游军团@🎤啥(887156367)] 獭獭睡觉大臣@被獭獭军团开除(963423936) -> [mirai:image:{F44D42A7-AE80-D1F7-4172-F18085F3E04C}.png, width=2536, height=1902, size=593083, type=JPG, isEmoji=false]
2023-08-27 10:45:09 V/Bot.2398493975: [獭獭云旅游军团@🎤啥(887156367)] zz@獺獺軍団(771507043) -> [不支持的消息#132391305]
2023-08-27 10:55:10 V/Bot.2398493975: [獭獭云旅游军团@🎤啥(887156367)] 獭獭睡觉大臣@被獭獭军团开除(963423936) -> [mirai:image:{824AA930-6E2B-8575-7C1F-D036258296C9}.png, width=2532, height=1900, size=1269440, type=JPG, isEmoji=false]
2023-08-27 11:04:01 I/UnidbgFetchQsign: Bot(2398493975) request_token, submit success
2023-08-27 11:09:21 V/Bot.2398493975: [獭獭云旅游军团@🎤啥(887156367)] 獭獭睡觉大臣@被獭獭军团开除(963423936) -> [mirai:image:{19FDB011-B46F-CFEF-C3F4-B3F962621BA0}.png, width=2536, height=1902, size=640994, type=JPG, isEmoji=false]
2023-08-27 11:09:23 V/Bot.2398493975: [獭獭云旅游军团@🎤啥(887156367)] 獭獭睡觉大臣@被獭獭军团开除(963423936) -> 无锡人出战失败
2023-08-27 11:09:26 V/Bot.2398493975: [獭獭云旅游军团@🎤啥(887156367)] 獭獭睡觉大臣@被獭獭军团开除(963423936) -> 甜死了
2023-08-27 11:09:33 V/Bot.2398493975: [獭獭云旅游军团@🎤啥(887156367)] 哭哭Kirin@也被獭獭军团开除(472247053) -> ?
2023-08-27 11:09:45 V/Bot.2398493975: [獭獭云旅游军团@🎤啥(887156367)] 哭哭Kirin@也被獭獭军团开除(472247053) -> 怎么还有这种吃法
2023-08-27 11:22:04 V/Bot.2398493975: [獭獭云旅游军团@🎤啥(887156367)] 獭獭睡觉大臣@被獭獭军团开除(963423936) -> [mirai:image:{E483DA25-70FD-A463-B0C4-9B637365ABAE}.png, width=1900, height=2532, size=471845, type=JPG, isEmoji=false]
2023-08-27 11:44:08 I/UnidbgFetchQsign: Bot(2398493975) request_token, submit success
2023-08-27 11:52:18 V/Bot.2398493975: [獭獭云旅游军团@🎤啥(887156367)] zz@獺獺軍団(771507043) -> [不支持的消息#-495292975]
2023-08-27 12:02:43 V/Bot.2398493975: [SHT荔枝麻酱协会(493057481)] 铳上开花(965102638) -> ！查查我的
2023-08-27 12:02:44 V/Bot.2398493975: Group(493057481) <- 没有找到该用户的信息！
2023-08-27 12:24:08 I/UnidbgFetchQsign: Bot(2398493975) request_token, submit success
2023-08-27 12:39:19 V/Bot.2398493975: [獭獭云旅游军团@🎤啥(887156367)] zz@獺獺軍団(771507043) -> 扩档喽[mirai:image:{076B3B5A-B89B-7787-2FBD-5F7C91133B1D}.png, width=1920, height=1080, size=251634, type=JPG, isEmoji=false][mirai:image:{6B6281F1-1E93-CD40-0247-C50AEDF40062}.png, width=1920, height=1080, size=248086, type=JPG, isEmoji=false]
2023-08-27 13:04:09 I/UnidbgFetchQsign: Bot(2398493975) request_token, submit success
2023-08-27 13:05:22 I/Bot.2398493975: Saved account secrets to local cache for fast login.
2023-08-27 13:07:37 V/Bot.2398493975: [獭獭云旅游军团@🎤啥(887156367)] 哭哭Kirin@也被獭獭军团开除(472247053) -> [mirai:image:{A3C56810-0293-8086-658D-531E0E0B1790}.jpg, width=512, height=512, size=129498, type=GIF, isEmoji=true]
2023-08-27 13:08:49 V/Bot.2398493975: [獭獭云旅游军团@🎤啥(887156367)] zz@獺獺軍団(771507043) -> [mirai:image:{13C1D350-EFB2-D654-DC76-B2F1365E22FF}.png, width=1042, height=318, size=181372, type=PNG, isEmoji=false]
2023-08-27 13:08:53 V/Bot.2398493975: [獭獭云旅游军团@🎤啥(887156367)] zz@獺獺軍団(771507043) -> [不支持的消息#-907264843][mirai:image:{BCD5F991-1CE8-6BFE-F0C8-EE8CE8019097}.jpg, width=1316, height=148, size=30127, type=PNG, isEmoji=false]
2023-08-27 13:08:56 V/Bot.2398493975: [獭獭云旅游军团@🎤啥(887156367)] zz@獺獺軍団(771507043) -> g
2023-08-27 13:10:39 V/Bot.2398493975: [獭獭云旅游军团@🎤啥(887156367)] 獭獭睡觉大臣@被獭獭军团开除(963423936) -> [mirai:quote:[mirai:source:ids=[63389], internalIds=[295387183], from 771507043 to 887156367 at 1693112933], content=<not yet initialized>][mirai:at:771507043] 你在订机票吗
2023-08-27 13:10:53 V/Bot.2398493975: [獭獭云旅游军团@🎤啥(887156367)] zz@獺獺軍団(771507043) -> 没有，之前买的东西
2023-08-27 13:11:03 V/Bot.2398493975: [獭獭云旅游军团@🎤啥(887156367)] zz@獺獺軍団(771507043) -> 发货前收款捏
2023-08-27 13:11:23 V/Bot.2398493975: [獭獭云旅游军团@🎤啥(887156367)] zz@獺獺軍団(771507043) -> 机票走的国内平台
2023-08-27 13:12:51 V/Bot.2398493975: [獭獭云旅游军团@🎤啥(887156367)] zz@獺獺軍団(771507043) -> （又可以找在学校的人代取包裹了
2023-08-27 13:22:16 V/Bot.2398493975: [獭獭云旅游军团@🎤啥(887156367)] zz@獺獺軍団(771507043) ->  [mirai:image:{AB15EB3F-D269-F0B7-60A1-E674A3DDAD0E}.png, width=2778, height=1284, size=427554, type=JPG, isEmoji=false][mirai:image:{AAB619AE-3C9F-EB20-7C56-B191106BD3C6}.png, width=2778, height=1284, size=437567, type=JPG, isEmoji=false]
2023-08-27 13:25:20 V/Bot.2398493975: [獭獭云旅游军团@🎤啥(887156367)] タタ@獭獭被水淹军团(1609323331) -> [mirai:quote:[mirai:source:ids=[63386], internalIds=[1133965700], from 771507043 to 887156367 at 1693111159], content=<not yet initialized>][mirai:at:771507043] z老师进二档靠扩挡
2023-08-27 13:25:21 V/Bot.2398493975: [獭獭云旅游军团@🎤啥(887156367)] タタ@獭獭被水淹军团(1609323331) -> [mirai:image:{4A921C18-FF44-2C37-9E7C-971837637B1D}.png, width=300, height=130, size=6492, type=JPG, isEmoji=true]
2023-08-27 13:27:32 V/Bot.2398493975: [獭獭云旅游军团@🎤啥(887156367)] タタ@獭獭被水淹军团(1609323331) -> [mirai:image:{7C659D43-DA9A-9B1E-6F64-D0CA83C3AF08}.png, width=308, height=218, size=88602, type=GIF, isEmoji=true]
2023-08-27 13:27:36 V/Bot.2398493975: [獭獭云旅游军团@🎤啥(887156367)] タタ@獭獭被水淹军团(1609323331) -> 都怪水大叔
2023-08-27 13:28:20 V/Bot.2398493975: [獭獭云旅游军团@🎤啥(887156367)] タタ@獭獭被水淹军团(1609323331) -> 大决战挤不了一档
2023-08-27 13:35:16 V/Bot.2398493975: [獭獭云旅游军团@🎤啥(887156367)] タタ@獭獭被水淹军团(1609323331) -> [mirai:image:{53EB2E31-0D1C-26B3-8D86-78E390EE6875}.png, width=570, height=728, size=122751, type=PNG, isEmoji=false]
2023-08-27 13:35:18 V/Bot.2398493975: [獭獭云旅游军团@🎤啥(887156367)] タタ@獭獭被水淹军团(1609323331) -> [mirai:image:{B597C41C-D678-386E-BF00-96AD08D505BD}.png, width=320, height=270, size=129239, type=GIF, isEmoji=true]
2023-08-27 13:36:12 V/Bot.2398493975: [獭獭云旅游军团@🎤啥(887156367)] タタ@獭獭被水淹军团(1609323331) -> [mirai:image:{A18E6DC3-4B7E-F251-48F1-F713F9A7D278}.png, width=417, height=590, size=130109, type=JPG, isEmoji=false]
2023-08-27 13:44:15 I/UnidbgFetchQsign: Bot(2398493975) request_token, submit success
2023-08-27 13:54:31 V/Bot.2398493975: [獭獭云旅游军团@🎤啥(887156367)] zz@獺獺軍団(771507043) -> 所以你为什么两次fes3井都没出[mirai:image:{F2761D38-3D32-1F0D-A08A-0ACBD1F55314}.png, width=1284, height=427, size=38237, type=JPG, isEmoji=false]
2023-08-27 13:55:29 V/Bot.2398493975: [獭獭云旅游军团@🎤啥(887156367)] タタ@獭獭被水淹军团(1609323331) -> [mirai:image:{9E5EB1DE-6A7F-90D7-108E-122E4B291101}.png, width=370, height=320, size=19976, type=JPG, isEmoji=true]
2023-08-27 14:24:16 I/UnidbgFetchQsign: Bot(2398493975) request_token, submit success
2023-08-27 14:58:04 V/Bot.2398493975: Event: MemberCardChangeEvent(origin=タタ@獭獭被水淹军团, new=タタ@獭獭·ω·军团, member=NormalMember(1609323331))
2023-08-27 14:58:04 V/Bot.2398493975: [獭獭云旅游军团@🎤啥(887156367)] タタ@獭獭·ω·军团(1609323331) -> 让麻麻帮我翻牌
2023-08-27 14:58:12 V/Bot.2398493975: [獭獭云旅游军团@🎤啥(887156367)] タタ@獭獭·ω·军团(1609323331) -> 翻了一堆才出了一张紫的
2023-08-27 14:58:15 V/Bot.2398493975: [獭獭云旅游军团@🎤啥(887156367)] タタ@獭獭·ω·军团(1609323331) -> [mirai:image:{6160020E-84FB-F100-8890-CA6EB87DDB50}.png, width=66, height=58, size=2453, type=JPG, isEmoji=true]
2023-08-27 14:58:47 V/Bot.2398493975: [獭獭云旅游军团@🎤啥(887156367)] タタ@獭獭·ω·军团(1609323331) -> 麻麻：momiji
獭獭：你居然会念
2023-08-27 14:59:02 V/Bot.2398493975: [獭獭云旅游军团@🎤啥(887156367)] タタ@獭獭·ω·军团(1609323331) -> 麻麻：这不罗马音吗（问号
2023-08-27 14:59:04 V/Bot.2398493975: [獭獭云旅游军团@🎤啥(887156367)] タタ@獭獭·ω·军团(1609323331) -> [mirai:image:{8BF34B10-19C1-4195-5866-6DDB73A903D8}.png, width=249, height=188, size=54265, type=GIF, isEmoji=true]
2023-08-27 15:00:16 V/Bot.2398493975: [獭獭云旅游军团@🎤啥(887156367)] Freeze_Kirin(768173212) -> [mirai:image:{8BF34B10-19C1-4195-5866-6DDB73A903D8}.png, width=249, height=188, size=54265, type=GIF, isEmoji=true]
2023-08-27 15:03:03 V/Bot.2398493975: [獭獭云旅游军团@🎤啥(887156367)] 獭獭睡觉大臣@被獭獭军团开除(963423936) -> [mirai:image:{FB9C65FB-5685-1B12-1B13-836B38246164}.png, width=292, height=205, size=61102, type=GIF, isEmoji=true]
2023-08-27 15:03:04 V/Bot.2398493975: [獭獭云旅游军团@🎤啥(887156367)] 獭獭睡觉大臣@被獭獭军团开除(963423936) -> [mirai:image:{EE7C88BA-DAF0-6A2D-E286-3A059788806D}.png, width=370, height=292, size=77327, type=GIF, isEmoji=true]
2023-08-27 15:03:12 V/Bot.2398493975: [獭獭云旅游军团@🎤啥(887156367)] タタ@獭獭·ω·军团(1609323331) -> [mirai:image:{C664C023-AEDD-3569-7C7B-3CC8A450547C}.png, width=1280, height=2769, size=217357, type=JPG, isEmoji=false]
2023-08-27 15:03:53 V/Bot.2398493975: [獭獭云旅游军团@🎤啥(887156367)] Freeze_Kirin(768173212) -> [mirai:image:{7B4FAB6B-0BA8-0F4C-F8DC-B2AF31AB603E}.gif, width=512, height=512, size=192357, type=GIF, isEmoji=false]
2023-08-27 15:04:16 I/UnidbgFetchQsign: Bot(2398493975) request_token, submit success
2023-08-27 15:05:23 V/Bot.2398493975: [獭獭云旅游军团@🎤啥(887156367)] zz@獺獺軍団(771507043) -> [mirai:quote:[mirai:source:ids=[63411], internalIds=[1909141056], from 1609323331 to 887156367 at 1693119542], content=<not yet initialized>][mirai:at:1609323331] 不是罗马音，是英文，因为n卡是the citizen什么的
2023-08-27 15:06:01 V/Bot.2398493975: [獭獭云旅游军团@🎤啥(887156367)] タタ@獭獭·ω·军团(1609323331) -> 哦哦
2023-08-27 15:06:10 V/Bot.2398493975: [獭獭云旅游军团@🎤啥(887156367)] タタ@獭獭·ω·军团(1609323331) -> 差不多捏
2023-08-27 15:06:12 V/Bot.2398493975: [獭獭云旅游军团@🎤啥(887156367)] タタ@獭獭·ω·军团(1609323331) -> [mirai:image:{FA5753EB-4165-A539-4DD1-D8B4EDA61C5A}.png, width=284, height=208, size=63373, type=GIF, isEmoji=true]
2023-08-27 15:13:08 V/Bot.2398493975: [SHT荔枝麻酱协会(493057481)] MEOW@獭獭bot(1609323331) -> [mirai:at:2398493975] ！查查你的
2023-08-27 15:13:09 V/Bot.2398493975: Group(493057481) <- 没有找到该用户的信息！
2023-08-27 15:14:20 V/Bot.2398493975: [SHT荔枝麻酱协会(493057481)] hzc(2384102753) -> ！查查我的
2023-08-27 15:14:22 V/Bot.2398493975: Group(493057481) <- 昵称：hzc
段位：5级
rate：1419.93
近期顺位：1342433434
更多数据请访问：http://123.60.173.207/mahjong/user/hzc
2023-08-27 15:14:47 V/Bot.2398493975: [SHT荔枝麻酱协会(493057481)] hzc(2384102753) -> 342433434
2023-08-27 15:14:50 V/Bot.2398493975: [SHT荔枝麻酱协会(493057481)] MEOW@獭獭bot(1609323331) -> thpt hzc
2023-08-27 15:14:51 V/Bot.2398493975: [SHT荔枝麻酱协会(493057481)] Freeze_Kirin(947603216) -> hzc [九段 1680/3600][３級 45/100]
最高段位 [九段 2715/3600][３級 45/100]
最近战绩 [2132113211][]
四麻首次升凤时间: 3/27/2021
最高段位达成时间: 4/11/2022
2023-08-27 15:15:24 V/Bot.2398493975: [SHT荔枝麻酱协会(493057481)] MEOW@獭獭bot(1609323331) -> ！jrrp
2023-08-27 15:15:25 V/Bot.2398493975: Group(493057481) <- 今日人品：大凶
今日适宜役种：对对和
(一日内不可多次查询哦！)
2023-08-27 15:15:26 V/Bot.2398493975: [SHT荔枝麻酱协会(493057481)] jt(981941098) -> 2132113211
2023-08-27 15:15:36 V/Bot.2398493975: [SHT荔枝麻酱协会(493057481)] MEOW@獭獭bot(1609323331) -> [mirai:image:{BE55A3FF-AA67-6378-11FA-1F72BF3ACC70}.png, width=512, height=512, size=504472, type=GIF, isEmoji=true]
2023-08-27 15:16:37 V/Bot.2398493975: [SHT荔枝麻酱协会(493057481)] jt(981941098) -> ！jrrp
2023-08-27 15:16:40 V/Bot.2398493975: Group(493057481) <- 今日人品：吉
今日适宜役种：役牌
(一日内不可多次查询哦！)
2023-08-27 15:22:42 V/Bot.2398493975: [SHT荔枝麻酱协会(493057481)] 优雅猛牛(695150175) -> ！jrrp
2023-08-27 15:22:43 V/Bot.2398493975: Group(493057481) <- 今日人品：吉
今日适宜役种：门前淸自摸和
(一日内不可多次查询哦！)
2023-08-27 15:27:20 V/Bot.2398493975: [SHT荔枝麻酱协会(493057481)] N！T！R！！！(269418386) -> 别的群还有那种具体数值的
2023-08-27 15:27:27 V/Bot.2398493975: [SHT荔枝麻酱协会(493057481)] N！T！R！！！(269418386) -> 99 打机
2023-08-27 15:27:30 V/Bot.2398493975: [SHT荔枝麻酱协会(493057481)] N！T！R！！！(269418386) -> 大吉
2023-08-27 15:28:21 V/Bot.2398493975: [SHT荔枝麻酱协会(493057481)] 冰水 麻将小怨妇(x(308217149) -> ！jrrp
2023-08-27 15:28:22 V/Bot.2398493975: Group(493057481) <- 今日人品：吉
今日适宜役种：混全带幺九
(一日内不可多次查询哦！)
2023-08-27 15:28:31 V/Bot.2398493975: [SHT荔枝麻酱协会(493057481)] 冰水 麻将小怨妇(x(308217149) -> 那个是骰子那种吧）
2023-08-27 15:28:50 V/Bot.2398493975: [SHT荔枝麻酱协会(493057481)] 冰水 麻将小怨妇(x(308217149) -> 还有的群有jrcp功能 可以随机看匹配到了哪个群友当cp（）
2023-08-27 15:30:27 V/Bot.2398493975: [SHT荔枝麻酱协会(493057481)] ライちゃん(392595084) -> ！jrrp
2023-08-27 15:30:28 V/Bot.2398493975: Group(493057481) <- 今日人品：小吉
今日适宜役种：小三元
(一日内不可多次查询哦！)
2023-08-27 15:30:49 V/Bot.2398493975: [SHT荔枝麻酱协会(493057481)] rokina(1024182759) -> ！jrrp
2023-08-27 15:30:50 V/Bot.2398493975: Group(493057481) <- 今日人品：大吉
今日适宜役种：二杯口
(一日内不可多次查询哦！)
2023-08-27 15:37:14 V/Bot.2398493975: Event: GroupTalkativeChangeEvent(group=Group(493057481), now=NormalMember(2398493975), previous=NormalMember(3469392519))
2023-08-27 15:37:14 V/Bot.2398493975: Event: MemberHonorChangeEvent.Lose(member=NormalMember(3469392519), honorType=GroupHonorType(id=1))
2023-08-27 15:37:14 V/Bot.2398493975: Event: MemberHonorChangeEvent.Achieve(member=NormalMember(2398493975), honorType=GroupHonorType(id=1))
2023-08-27 15:38:52 V/Bot.2398493975: [SHT荔枝麻酱协会(493057481)] hzc(2384102753) -> ！jrrp
2023-08-27 15:38:53 V/Bot.2398493975: Group(493057481) <- 今日人品：小吉
今日适宜役种：门前淸自摸和
(一日内不可多次查询哦！)
2023-08-27 15:39:11 V/Bot.2398493975: [SHT荔枝麻酱协会(493057481)] 冰水 麻将小怨妇(x(308217149) -> 卡池里有凶和大凶吗）
2023-08-27 15:40:29 V/Bot.2398493975: [SHT荔枝麻酱协会(493057481)] 1st(576851388) -> ！jrrp
2023-08-27 15:40:30 V/Bot.2398493975: Group(493057481) <- 今日人品：中吉
今日适宜役种：混老头
(一日内不可多次查询哦！)
2023-08-27 15:41:37 V/Bot.2398493975: [SHT荔枝麻酱协会(493057481)] MEOW@獭獭bot(1609323331) -> [mirai:quote:[mirai:source:ids=[282231], internalIds=[1959323951], from 2398493975 to 493057481 at 1693120525], content=<not yet initialized>][mirai:at:2398493975]  [mirai:image:{F65BC103-6F20-B2D2-FC4C-C184AE09E40E}.png, width=2388, height=1668, size=381131, type=JPG, isEmoji=false]
2023-08-27 15:41:40 V/Bot.2398493975: [SHT荔枝麻酱协会(493057481)] MEOW@獭獭bot(1609323331) -> [mirai:image:{ECB1281E-E17C-F20E-0060-DA328002022A}.png, width=216, height=138, size=4514, type=JPG, isEmoji=true]
2023-08-27 15:41:50 V/Bot.2398493975: [SHT荔枝麻酱协会(493057481)] 冰水 麻将小怨妇(x(308217149) -> 草
2023-08-27 15:42:23 V/Bot.2398493975: [獭獭云旅游军团@🎤啥(887156367)] 獭獭睡觉大臣@被獭獭军团开除(963423936) -> [mirai:image:{C115ADFF-CA4A-858D-C3E4-EBB7179B7A68}.png, width=2536, height=1902, size=779414, type=JPG, isEmoji=false]
2023-08-27 15:43:04 V/Bot.2398493975: [SHT荔枝麻酱协会(493057481)] Giraffe(472247053) -> 大 凶
2023-08-27 15:43:30 V/Bot.2398493975: [SHT荔枝麻酱协会(493057481)] Twilight(1014197424) -> ！jrrp
2023-08-27 15:43:31 V/Bot.2398493975: Group(493057481) <- 今日人品：小吉
今日适宜役种：流局满贯
(一日内不可多次查询哦！)
2023-08-27 15:44:06 V/Bot.2398493975: [SHT荔枝麻酱协会(493057481)] MEOW@獭獭bot(1609323331) -> [mirai:quote:[mirai:source:ids=[282257], internalIds=[1710146978], from 472247053 to 493057481 at 1693122184], content=<not yet initialized>][mirai:at:472247053]  [mirai:image:{62EC47E5-63B4-9942-CB4F-E7FC8C96EB9A}.png, width=2388, height=1668, size=485486, type=JPG, isEmoji=false]
2023-08-27 15:44:11 V/Bot.2398493975: [SHT荔枝麻酱协会(493057481)] MEOW@獭獭bot(1609323331) -> [mirai:image:{4EDDAE51-2EA5-50F1-9CCF-6CD49C679B3A}.png, width=236, height=226, size=161862, type=GIF, isEmoji=true]
2023-08-27 15:44:23 I/UnidbgFetchQsign: Bot(2398493975) request_token, submit success
2023-08-27 15:44:43 V/Bot.2398493975: [SHT荔枝麻酱协会(493057481)] MEOW@獭獭bot(1609323331) -> 我的777
2023-08-27 15:45:02 V/Bot.2398493975: [SHT荔枝麻酱协会(493057481)] MEOW@獭獭bot(1609323331) -> 坏bot
2023-08-27 15:49:08 V/Bot.2398493975: [SHT荔枝麻酱协会(493057481)] hzc(2384102753) -> 大凶指摸好牌和不到
2023-08-27 15:49:19 V/Bot.2398493975: [SHT荔枝麻酱协会(493057481)] hzc(2384102753) -> 那摸不到好牌算啥
2023-08-27 15:50:04 V/Bot.2398493975: [SHT荔枝麻酱协会(493057481)] MEOW@獭獭bot(1609323331) -> [mirai:image:{7AAB86C2-2E54-B41B-1127-E416989F377D}.png, width=124, height=139, size=6514, type=JPG, isEmoji=true]
2023-08-27 15:50:53 V/Bot.2398493975: [SHT荔枝麻酱协会(493057481)] N！T！R！！！(269418386) -> 摆烂
2023-08-27 15:52:04 V/Bot.2398493975: [SHT荔枝麻酱协会(493057481)] 米浴说的道理(3169283436) -> ！jrrp
2023-08-27 15:52:06 V/Bot.2398493975: Group(493057481) <- 今日人品：凶
今日适宜役种：门前淸自摸和
(一日内不可多次查询哦！)
2023-08-27 15:52:15 V/Bot.2398493975: [SHT荔枝麻酱协会(493057481)] 米浴说的道理(3169283436) -> [mirai:image:{EE7F71F1-7A7B-F933-0166-A12665B2C82C}.gif, width=142, height=135, size=22936, type=GIF, isEmoji=true]
2023-08-27 16:03:06 V/Bot.2398493975: [SHT荔枝麻酱协会(493057481)] Twilight(1014197424) -> [mirai:quote:[mirai:source:ids=[282265], internalIds=[-1505497947], from 2384102753 to 493057481 at 1693122559], content=<not yet initialized>][mirai:at:2384102753] 算大霉
2023-08-27 16:04:53 V/Bot.2398493975: [SHT荔枝麻酱协会(493057481)] 牙牙(1105692313) -> ！jrrp
2023-08-27 16:04:54 V/Bot.2398493975: Group(493057481) <- 今日人品：吉
今日适宜役种：三色同顺
(一日内不可多次查询哦！)
2023-08-27 16:05:05 V/Bot.2398493975: [SHT荔枝麻酱协会(493057481)] 牙牙(1105692313) -> 该上分了
2023-08-27 16:10:04 V/Bot.2398493975: [SHT荔枝麻酱协会(493057481)] 隔壁老王(297234073) -> [mirai:image:{8B491F2A-6F7B-3519-0F81-D89BF9C00CDE}.jpg, width=1080, height=604, size=109669, type=JPG, isEmoji=true]
2023-08-27 16:13:31 V/Bot.2398493975: [獭獭云旅游军团@🎤啥(887156367)] 獭獭睡觉大臣@被獭獭军团开除(963423936) -> 京阿尼第一工作室已经拆了
2023-08-27 16:13:34 V/Bot.2398493975: [獭獭云旅游军团@🎤啥(887156367)] 獭獭睡觉大臣@被獭獭军团开除(963423936) -> [mirai:image:{FB9C65FB-5685-1B12-1B13-836B38246164}.png, width=292, height=205, size=61102, type=GIF, isEmoji=true]
2023-08-27 16:24:23 I/UnidbgFetchQsign: Bot(2398493975) request_token, submit success
2023-08-27 16:24:29 V/Bot.2398493975: [SHT荔枝麻酱协会(493057481)] rokina(1024182759) -> ！jrrp
2023-08-27 16:24:30 V/Bot.2398493975: Group(493057481) <- 今日人品：大吉
今日适宜役种：四暗刻单骑
(一日内不可多次查询哦！)
2023-08-27 16:24:38 V/Bot.2398493975: [SHT荔枝麻酱协会(493057481)] rokina(1024182759) -> [mirai:image:{9D3B7382-B32C-0062-54B8-9C10D80E2B66}.jpg, width=300, height=300, size=28128, type=GIF, isEmoji=false]
2023-08-27 16:35:42 V/Bot.2398493975: [SHT荔枝麻酱协会(493057481)] Hatsune(467091276) -> ！jrrp
2023-08-27 16:35:43 V/Bot.2398493975: Group(493057481) <- 今日人品：小吉
今日适宜役种：一气通贯
(一日内不可多次查询哦！)
2023-08-27 16:37:51 V/Bot.2398493975: [獭獭云旅游军团@🎤啥(887156367)] タタ@獭獭·ω·军团(1609323331) -> [mirai:app:{"app":"com.tencent.structmsg","config":{"ctime":1693125471,"forward":true,"token":"52be36dc579baa758c396cabb41c856c","type":"normal"},"desc":"新闻","extra":{"app_type":1,"appid":1105517988,"uin":1609323331},"meta":{"news":{"action":"","android_pkg_name":"","app_type":1,"appid":1105517988,"ctime":1693125471,"desc":"已观看145.9万次","jumpUrl":"https://b23.tv/LCYUPoH","preview":"https://pic.ugcimg.cn/d56b2ccc392a9b5c180ec09dc0f7e7ea/jpg1","source_icon":"http://i.gtimg.cn/open/app_icon/05/51/79/88//1105517988_100_ios.png","source_url":"","tag":"哔哩哔哩HD","title":"防沉迷的程序员赶紧加班一下","uin":1609323331}},"prompt":"[分享]防沉迷的程序员赶紧加班一下","ver":"0.0.0.1","view":"news"}]
2023-08-27 16:37:58 V/Bot.2398493975: [獭獭云旅游军团@🎤啥(887156367)] タタ@獭獭·ω·军团(1609323331) -> [mirai:image:{217DA165-D46A-8E3E-25F3-56A3137987A6}.png, width=512, height=512, size=198717, type=GIF, isEmoji=true]
2023-08-27 16:49:30 V/Bot.2398493975: [獭獭云旅游军团@🎤啥(887156367)] タタ@獭獭·ω·军团(1609323331) -> [mirai:app:{"app":"com.tencent.structmsg","config":{"ctime":1693126164,"forward":true,"token":"3a95d44d557a69521637160e97e6ecc9","type":"normal"},"desc":"新闻","extra":{"app_type":1,"appid":1105517988,"uin":1609323331},"meta":{"news":{"action":"","android_pkg_name":"","app_type":1,"appid":1105517988,"ctime":1693126164,"desc":"来自哔哩哔哩","jumpUrl":"https://b23.tv/5x0LWFz","preview":"https://pic.ugcimg.cn/a2308e7c98306e466ea8759d9d7afe1c/jpg1","source_icon":"http://i.gtimg.cn/open/app_icon/05/51/79/88//1105517988_100_ios.png","source_url":"","tag":"哔哩哔哩HD","title":"当未花失手把老师打死了","uin":1609323331}},"prompt":"[分享]当未花失手把老师打死了","ver":"0.0.0.1","view":"news"}]
2023-08-27 17:01:54 V/Bot.2398493975: [獭獭云旅游军团@🎤啥(887156367)] 獭獭睡觉大臣@被獭獭军团开除(963423936) -> [不支持的消息#-1436132804]
2023-08-27 17:04:24 I/UnidbgFetchQsign: Bot(2398493975) request_token, submit success
2023-08-27 17:05:29 V/Bot.2398493975: [獭獭云旅游军团@🎤啥(887156367)] 獭獭睡觉大臣@被獭獭军团开除(963423936) -> 我草
2023-08-27 17:05:30 V/Bot.2398493975: [獭獭云旅游军团@🎤啥(887156367)] 獭獭睡觉大臣@被獭獭军团开除(963423936) -> [mirai:image:{8DE9A932-0229-E2D2-B706-3FA25A7D96CE}.png, width=2536, height=1426, size=762281, type=JPG, isEmoji=false]
2023-08-27 17:05:31 V/Bot.2398493975: [獭獭云旅游军团@🎤啥(887156367)] 獭獭睡觉大臣@被獭獭军团开除(963423936) -> [mirai:image:{1026253D-7FB5-366B-C9C1-2F000DF74A90}.png, width=2536, height=1426, size=565217, type=JPG, isEmoji=false]
2023-08-27 17:05:31 V/Bot.2398493975: [獭獭云旅游军团@🎤啥(887156367)] 獭獭睡觉大臣@被獭獭军团开除(963423936) -> 这琵琶湖
2023-08-27 17:05:36 V/Bot.2398493975: [獭獭云旅游军团@🎤啥(887156367)] 獭獭睡觉大臣@被獭獭军团开除(963423936) -> 也太大了
2023-08-27 17:06:51 V/Bot.2398493975: [獭獭云旅游军团@🎤啥(887156367)] 萝卜@萝卜軍団(690875992) -> 原来这就是琵琶湖
2023-08-27 17:07:12 V/Bot.2398493975: [獭獭云旅游军团@🎤啥(887156367)] 萝卜@萝卜軍団(690875992) -> 比挖沟
2023-08-27 17:11:26 V/Bot.2398493975: [獭獭云旅游军团@🎤啥(887156367)] タタ@獭獭·ω·军团(1609323331) -> [mirai:image:{360AD8AF-5EEC-19F1-22CE-F610238D6C48}.png, width=354, height=298, size=139140, type=GIF, isEmoji=true]
2023-08-27 17:12:18 V/Bot.2398493975: [獭獭云旅游军团@🎤啥(887156367)] 獭獭睡觉大臣@被獭獭军团开除(963423936) -> [mirai:image:{E0DAE969-1230-0E83-8488-5A69005DFCC2}.png, width=480, height=360, size=187447, type=GIF, isEmoji=true]
2023-08-27 17:19:27 V/Bot.2398493975: [SHT荔枝麻酱协会(493057481)] yyyouch(2461942798) -> ！jrrp
2023-08-27 17:19:28 V/Bot.2398493975: Group(493057481) <- 今日人品：小吉
今日适宜役种：平和
(一日内不可多次查询哦！)
2023-08-27 17:23:29 V/Bot.2398493975: [獭獭云旅游军团@🎤啥(887156367)] 哭哭Kirin@也被獭獭军团开除(472247053) -> [mirai:image:{75FECC80-7F7F-55B2-3D77-7CEAE0E7F676}.jpg, width=302, height=138, size=67232, type=GIF, isEmoji=true]
2023-08-27 17:31:36 V/Bot.2398493975: [獭獭云旅游军团@🎤啥(887156367)] 獭獭哪凉快呆哪军团(1297471104) -> 比巴卜
2023-08-27 17:36:25 V/Bot.2398493975: [獭獭云旅游军团@🎤啥(887156367)] タタ@獭獭·ω·军团(1609323331) -> 歪比
2023-08-27 17:36:44 V/Bot.2398493975: [獭獭云旅游军团@🎤啥(887156367)] Freeze_Kirin(768173212) -> 歪比巴卜
2023-08-27 17:43:36 V/Bot.2398493975: [獭獭云旅游军团@🎤啥(887156367)] 獭獭（本物）(947603216) -> [mirai:image:{7D9669DA-6BEC-1A6B-2101-EA9820C07A66}.jpg, width=200, height=185, size=98982, type=GIF, isEmoji=true]
2023-08-27 17:44:30 I/UnidbgFetchQsign: Bot(2398493975) request_token, submit success
2023-08-27 17:56:21 V/Bot.2398493975: [獭獭云旅游军团@🎤啥(887156367)] 獭獭睡觉大臣@被獭獭军团开除(963423936) -> [mirai:image:{03ABF0FE-6111-23B2-68DD-38E025B4945D}.png, width=2536, height=1902, size=877168, type=JPG, isEmoji=false]
2023-08-27 17:56:25 V/Bot.2398493975: [獭獭云旅游军团@🎤啥(887156367)] 獭獭睡觉大臣@被獭獭军团开除(963423936) -> 烤🥩
2023-08-27 17:56:27 V/Bot.2398493975: [獭獭云旅游军团@🎤啥(887156367)] 獭獭睡觉大臣@被獭獭军团开除(963423936) -> [mirai:image:{05919B55-D12E-11BD-7C76-D06FAD553D12}.png, width=370, height=296, size=100522, type=GIF, isEmoji=true]
2023-08-27 17:58:00 V/Bot.2398493975: [獭獭云旅游军团@🎤啥(887156367)] 獭獭睡觉大臣@被獭獭军团开除(963423936) -> [mirai:image:{0F46C573-5628-47DF-B9C8-AFCA28AA4F2D}.png, width=2536, height=1426, size=608128, type=JPG, isEmoji=false]
2023-08-27 18:02:10 V/Bot.2398493975: [獭獭云旅游军团@🎤啥(887156367)] 獭獭睡觉大臣@被獭獭军团开除(963423936) -> [mirai:image:{E94903F2-1632-765C-DE45-2DC0DFDD8826}.png, width=2536, height=1902, size=810604, type=JPG, isEmoji=false]
2023-08-27 18:17:56 V/Bot.2398493975: [獭獭云旅游军团@🎤啥(887156367)] タタ@獭獭·ω·军团(1609323331) -> [mirai:image:{1D29E438-D7A1-6684-E1E3-194F5DE20323}.png, width=1209, height=951, size=121685, type=JPG, isEmoji=false]
2023-08-27 18:24:31 I/UnidbgFetchQsign: Bot(2398493975) request_token, submit success
2023-08-27 18:35:07 V/Bot.2398493975: [獭獭云旅游军团@🎤啥(887156367)] タタ@獭獭·ω·军团(1609323331) -> [mirai:image:{3B16894E-B860-F3A7-E451-83E4594D9CCD}.png, width=3324, height=3022, size=2346922, type=JPG, isEmoji=false]
2023-08-27 18:36:33 V/Bot.2398493975: [獭獭云旅游军团@🎤啥(887156367)] タタ@獭獭·ω·军团(1609323331) -> [mirai:image:{1D941FF3-006F-86A6-FD4F-12027B527696}.png, width=112, height=86, size=35949, type=GIF, isEmoji=true]
2023-08-27 18:57:02 V/Bot.2398493975: [SHT荔枝麻酱协会(493057481)] 千梦(449603499) -> [mirai:image:{368966C3-4E39-93EF-D1BE-609CA359E31A}.jpg, width=554, height=566, size=58139, type=JPG, isEmoji=false]
2023-08-27 19:04:31 I/UnidbgFetchQsign: Bot(2398493975) request_token, submit success
2023-08-27 19:13:56 V/Bot.2398493975: [SHT荔枝麻酱协会(493057481)] 那就随便取个吧(1043721755) -> ！jjrp
2023-08-27 19:14:07 V/Bot.2398493975: Event: GroupRecall(bot=Bot(2398493975), authorId=1043721755, messageIds=[282284], messageInternalIds=[1827843774], messageTime=1693134836, operator=NormalMember(1043721755), group=Group(493057481), author=NormalMember(1043721755))
2023-08-27 19:14:12 V/Bot.2398493975: [SHT荔枝麻酱协会(493057481)] 那就随便取个吧(1043721755) -> ！jrrp
2023-08-27 19:14:13 V/Bot.2398493975: Group(493057481) <- 今日人品：小吉
今日适宜役种：三暗刻
(一日内不可多次查询哦！)
2023-08-27 19:18:28 V/Bot.2398493975: [SHT荔枝麻酱协会(493057481)] 殒落凡尘的星(2510816477) -> ！jrrp
2023-08-27 19:18:29 V/Bot.2398493975: Group(493057481) <- 今日人品：小吉
今日适宜役种：对对和
(一日内不可多次查询哦！)
2023-08-27 19:26:55 V/Bot.2398493975: [獭獭云旅游军团@🎤啥(887156367)] lax@牛牛道心破碎军团(269418386) -> 去皮
2023-08-27 19:31:47 V/Bot.2398493975: [SHT荔枝麻酱协会(493057481)] 700·400(928632210) -> ！jrrp
2023-08-27 19:31:48 V/Bot.2398493975: Group(493057481) <- 今日人品：小吉
今日适宜役种：役牌
(一日内不可多次查询哦！)
2023-08-27 19:32:51 V/Bot.2398493975: [獭獭云旅游军团@🎤啥(887156367)] タタ@獭獭·ω·军团(1609323331) -> [mirai:image:{F4E0DC81-687A-7A42-5199-40CCB5F0AFBF}.png, width=512, height=512, size=633525, type=GIF, isEmoji=true]
2023-08-27 19:44:38 I/UnidbgFetchQsign: Bot(2398493975) request_token, submit success
2023-08-27 19:58:57 V/Bot.2398493975: [獭獭云旅游军团@🎤啥(887156367)] lax@牛牛道心破碎军团(269418386) -> [mirai:image:{7B71B573-5B66-EE56-8D28-AF801E91D4D7}.png, width=250, height=250, size=22822, type=PNG, isEmoji=false]
2023-08-27 19:59:04 V/Bot.2398493975: [獭獭云旅游军团@🎤啥(887156367)] lax@牛牛道心破碎军团(269418386) -> 桌宠真好玩
2023-08-27 19:59:21 V/Bot.2398493975: [獭獭云旅游军团@🎤啥(887156367)] タタ@獭獭·ω·军团(1609323331) -> [mirai:image:{1D941FF3-006F-86A6-FD4F-12027B527696}.png, width=112, height=86, size=35949, type=GIF, isEmoji=true]
2023-08-27 19:59:37 V/Bot.2398493975: [獭獭云旅游军团@🎤啥(887156367)] hzc@獭獭軍団二度受(2384102753) -> 0.76两獭獭
2023-08-27 19:59:48 V/Bot.2398493975: [獭獭云旅游军团@🎤啥(887156367)] タタ@獭獭·ω·军团(1609323331) -> 0.76两獭獭
2023-08-27 20:00:53 V/Bot.2398493975: [獭獭云旅游军团@🎤啥(887156367)] 獭獭哪凉快呆哪军团(1297471104) -> 7.6成熟獭獭
2023-08-27 20:01:12 V/Bot.2398493975: [獭獭云旅游军团@🎤啥(887156367)] タタ@獭獭·ω·军团(1609323331) -> [mirai:image:{577F6A2C-2798-D24B-0B0D-92A9ED8D15C2}.png, width=370, height=300, size=124641, type=GIF, isEmoji=true]
2023-08-27 20:08:38 V/Bot.2398493975: [SHT荔枝麻酱协会(493057481)] 4000all！(1846411487) -> ！jrrp
2023-08-27 20:08:39 V/Bot.2398493975: Group(493057481) <- 今日人品：吉
今日适宜役种：七对子
(一日内不可多次查询哦！)
2023-08-27 20:15:56 V/Bot.2398493975: [SHT荔枝麻酱协会(493057481)] chino(704937242) -> ！jrrp
2023-08-27 20:15:57 V/Bot.2398493975: Group(493057481) <- 今日人品：小吉
今日适宜役种：混全带幺九
(一日内不可多次查询哦！)
2023-08-27 20:22:32 V/Bot.2398493975: [SHT荔枝麻酱协会(493057481)] 大笔谷(2306096281) -> ！jrrp
2023-08-27 20:22:33 V/Bot.2398493975: Group(493057481) <- 今日人品：吉
今日适宜役种：平和
(一日内不可多次查询哦！)
2023-08-27 20:24:38 I/UnidbgFetchQsign: Bot(2398493975) request_token, submit success
2023-08-27 20:25:50 V/Bot.2398493975: [獭獭云旅游军团@🎤啥(887156367)] 獭獭睡觉大臣@被獭獭军团开除(963423936) -> [不支持的消息#169043495][mirai:image:{35EE10C3-477F-0FC1-47F3-27B1708C4ED7}.jpg, width=300, height=216, size=13366, type=JPG, isEmoji=true]
2023-08-27 20:27:29 V/Bot.2398493975: [SHT荔枝麻酱协会(493057481)] 小红@獭獭军团(963423936) -> ！jrrp
2023-08-27 20:27:30 V/Bot.2398493975: Group(493057481) <- 今日人品：小吉
今日适宜役种：对对和
(一日内不可多次查询哦！)
2023-08-27 21:04:39 I/UnidbgFetchQsign: Bot(2398493975) request_token, submit success
2023-08-27 21:20:07 V/Bot.2398493975: [獭獭云旅游军团@🎤啥(887156367)] zz@獺獺軍団(771507043) -> [mirai:image:{B0E4D732-30DF-B8EE-5DAB-31ABDF2C3BC9}.png, width=1006, height=709, size=59946, type=JPG, isEmoji=false]
2023-08-27 21:37:24 V/Bot.2398493975: [獭獭云旅游军团@🎤啥(887156367)] タタ@獭獭·ω·军团(1609323331) -> [mirai:image:{35EE10C3-477F-0FC1-47F3-27B1708C4ED7}.png, width=300, height=216, size=13366, type=JPG, isEmoji=true]
2023-08-27 21:44:45 I/UnidbgFetchQsign: Bot(2398493975) request_token, submit success
2023-08-27 21:55:05 V/Bot.2398493975: [SHT荔枝麻酱协会(493057481)] naf2021(3469392519) -> 今晚有雀吗
2023-08-27 21:55:08 V/Bot.2398493975: [SHT荔枝麻酱协会(493057481)] naf2021(3469392519) -> [mirai:image:{3474BEF9-C2F5-6111-3FA8-F30567684E21}.jpg, width=64, height=52, size=2328, type=JPG, isEmoji=true]
2023-08-27 21:58:30 V/Bot.2398493975: [獭獭云旅游军团@🎤啥(887156367)] タタ@獭獭·ω·军团(1609323331) -> [mirai:image:{59AA0233-5484-01E4-0653-E44993CF3266}.png, width=1017, height=828, size=524764, type=PNG, isEmoji=false]
2023-08-27 22:24:46 I/UnidbgFetchQsign: Bot(2398493975) request_token, submit success
2023-08-27 22:42:44 V/Bot.2398493975: [獭獭云旅游军团@🎤啥(887156367)] 哭哭Kirin@也被獭獭军团开除(472247053) -> 斑马怎么10了
2023-08-27 22:42:47 V/Bot.2398493975: [獭獭云旅游军团@🎤啥(887156367)] 哭哭Kirin@也被獭獭军团开除(472247053) -> hlb呢
2023-08-27 22:43:13 V/Bot.2398493975: [獭獭云旅游军团@🎤啥(887156367)] Freeze_Kirin(768173212) -> ？
2023-08-27 22:43:28 V/Bot.2398493975: [獭獭云旅游军团@🎤啥(887156367)] Freeze_Kirin(768173212) -> thpt 萧萧斑马鸣
2023-08-27 22:43:30 V/Bot.2398493975: [獭獭云旅游军团@🎤啥(887156367)] 獭獭（本物）(947603216) -> 查询失败
2023-08-27 22:43:46 V/Bot.2398493975: [獭獭云旅游军团@🎤啥(887156367)] 哭哭Kirin@也被獭獭军团开除(472247053) -> thpt xxbmm
2023-08-27 22:43:47 V/Bot.2398493975: [獭獭云旅游军团@🎤啥(887156367)] 獭獭（本物）(947603216) -> xxbmm [十段 2000/4000][９級 0/20]
最高段位 [十段 2000/4000][９級 0/20]
最近战绩 [1241123311][]
四麻首次升凤时间: 7/21/2020
最高段位达成时间: 8/27/2023
2023-08-27 22:44:14 V/Bot.2398493975: [獭獭云旅游军团@🎤啥(887156367)] Freeze_Kirin(768173212) -> [mirai:image:{BE55A3FF-AA67-6378-11FA-1F72BF3ACC70}.gif, width=512, height=512, size=504472, type=GIF, isEmoji=false]
2023-08-27 22:44:30 V/Bot.2398493975: [獭獭云旅游军团@🎤啥(887156367)] タタ@獭獭·ω·军团(1609323331) -> [mirai:marketface:232557,[惊讶]]
2023-08-27 22:45:07 V/Bot.2398493975: [獭獭云旅游军团@🎤啥(887156367)] Freeze_Kirin(768173212) -> thpt hlb
2023-08-27 22:45:08 V/Bot.2398493975: Event: MemberCardChangeEvent(origin=獭獭（本物）, new=懒懒（本物）, member=NormalMember(947603216))
2023-08-27 22:45:08 V/Bot.2398493975: [獭獭云旅游军团@🎤啥(887156367)] 懒懒（本物）(947603216) -> hlb [新人 0/20][新人 0/20]
2023-08-27 22:45:11 V/Bot.2398493975: Event: GroupRecall(bot=Bot(2398493975), authorId=768173212, messageIds=[63473], messageInternalIds=[2111795854], messageTime=1693147507, operator=NormalMember(768173212), group=Group(887156367), author=NormalMember(768173212))
2023-08-27 22:45:14 V/Bot.2398493975: [獭獭云旅游军团@🎤啥(887156367)] Freeze_Kirin(768173212) -> thpt hzc
2023-08-27 22:45:18 V/Bot.2398493975: [獭獭云旅游军团@🎤啥(887156367)] 懒懒（本物）(947603216) -> hzc [九段 1860/3600][３級 45/100]
最高段位 [九段 2715/3600][３級 45/100]
最近战绩 [2113211131][]
四麻首次升凤时间: 3/27/2021
最高段位达成时间: 4/11/2022
2023-08-27 22:46:33 V/Bot.2398493975: [獭獭云旅游军团@🎤啥(887156367)] 獭獭睡觉大臣@被獭獭军团开除(963423936) -> ?
2023-08-27 22:54:02 V/Bot.2398493975: [獭獭云旅游军团@🎤啥(887156367)] タタ@獭獭·ω·军团(1609323331) -> thpt 獭獭
2023-08-27 22:54:03 V/Bot.2398493975: [獭獭云旅游军团@🎤啥(887156367)] 懒懒（本物）(947603216) -> 查询失败
2023-08-27 22:54:21 V/Bot.2398493975: [獭獭云旅游军团@🎤啥(887156367)] タタ@獭獭·ω·军团(1609323331) -> [mirai:image:{A31463D2-BD3C-9584-ED1D-5DC6DABBAC1B}.png, width=150, height=150, size=855112, type=GIF, isEmoji=true]
2023-08-27 22:56:30 V/Bot.2398493975: [獭獭云旅游军团@🎤啥(887156367)] 獭獭睡觉大臣@被獭獭军团开除(963423936) -> [不支持的消息#-1016872640][mirai:image:{A31463D2-BD3C-9584-ED1D-5DC6DABBAC1B}.jpg, width=150, height=150, size=855112, type=GIF, isEmoji=false]
2023-08-27 23:01:31 V/Bot.2398493975: [獭獭云旅游军团@🎤啥(887156367)] 獭獭睡觉大臣@被獭獭军团开除(963423936) -> [不支持的消息#-948479050][mirai:image:{A31463D2-BD3C-9584-ED1D-5DC6DABBAC1B}.jpg, width=150, height=150, size=855112, type=GIF, isEmoji=false]
2023-08-27 23:02:17 V/Bot.2398493975: [獭獭云旅游军团@🎤啥(887156367)] hzc@獭獭軍団二度受(2384102753) -> thpt cfw
2023-08-27 23:02:20 V/Bot.2398493975: Event: GroupRecall(bot=Bot(2398493975), authorId=2384102753, messageIds=[63483], messageInternalIds=[852437697], messageTime=1693148537, operator=NormalMember(2384102753), group=Group(887156367), author=NormalMember(2384102753))
2023-08-27 23:02:24 V/Bot.2398493975: [獭獭云旅游军团@🎤啥(887156367)] hzc@獭獭軍団二度受(2384102753) -> thpt xfw
2023-08-27 23:02:47 V/Bot.2398493975: [獭獭云旅游军团@🎤啥(887156367)] hzc@獭獭軍団二度受(2384102753) -> ?
2023-08-27 23:03:00 V/Bot.2398493975: [獭獭云旅游军团@🎤啥(887156367)] タタ@獭獭·ω·军团(1609323331) -> [mirai:image:{B145C58E-BC74-233F-1E0A-77D0023895E1}.png, width=720, height=682, size=61851, type=JPG, isEmoji=true]
2023-08-27 23:04:14 V/Bot.2398493975: [獭獭云旅游军团@🎤啥(887156367)] 獭獭睡觉大臣@被獭獭军团开除(963423936) -> thpt すし食べたい
2023-08-27 23:04:15 V/Bot.2398493975: [獭獭云旅游军团@🎤啥(887156367)] 懒懒（本物）(947603216) -> すし食べたい [二段 475/800][新人 0/20]
最近战绩 [3232313132][]
2023-08-27 23:04:46 I/UnidbgFetchQsign: Bot(2398493975) request_token, submit success
2023-08-27 23:05:21 V/Bot.2398493975: [獭獭云旅游军团@🎤啥(887156367)] タタ@獭獭·ω·军团(1609323331) -> [mirai:image:{3C163B52-9F04-6AA9-B2A4-69894C803C9D}.png, width=556, height=663, size=376606, type=PNG, isEmoji=false]
2023-08-27 23:07:13 V/Bot.2398493975: [獭獭云旅游军团@🎤啥(887156367)] 哭哭Kirin@也被獭獭军团开除(472247053) -> 睡醒了
2023-08-27 23:07:21 V/Bot.2398493975: [獭獭云旅游军团@🎤啥(887156367)] 哭哭Kirin@也被獭獭军团开除(472247053) -> [mirai:image:{D665E637-6E6D-528B-B32D-4D3973FC0147}.jpg, width=370, height=296, size=143727, type=GIF, isEmoji=true]
2023-08-27 23:08:34 V/Bot.2398493975: [獭獭云旅游军团@🎤啥(887156367)] 獭獭睡觉大臣@被獭獭军团开除(963423936) -> [不支持的消息#977293084][mirai:image:{D665E637-6E6D-528B-B32D-4D3973FC0147}.jpg, width=370, height=296, size=143727, type=GIF, isEmoji=false]
2023-08-27 23:44:53 I/UnidbgFetchQsign: Bot(2398493975) request_token, submit success
