2023-10-04 00:00:16 I/UnidbgFetchQsign: Bot(2398493975) request_token, submit success
2023-10-04 00:00:33 V/Bot.2398493975: [SHT荔枝麻酱协会(493057481)] 豌豆射手(1520829968) -> -7400
2023-10-04 00:00:50 V/Bot.2398493975: [SHT荔枝麻酱协会(493057481)] Achtung thee(964893961) -> 22300
2023-10-04 00:00:51 V/Bot.2398493975: Group(493057481) <- 点数有误，总和不为100000！
2023-10-04 00:01:05 V/Bot.2398493975: [SHT荔枝麻酱协会(493057481)] Achtung thee(964893961) -> 22200
2023-10-04 00:01:06 V/Bot.2398493975: Group(493057481) <- 点数有误，总和不为100000！
2023-10-04 00:01:31 V/Bot.2398493975: [SHT荔枝麻酱协会(493057481)] 豌豆射手(1520829968) -> -7700
2023-10-04 00:01:32 V/Bot.2398493975: Group(493057481) <- 点数有误，总和不为100000！
2023-10-04 00:01:55 V/Bot.2398493975: [SHT荔枝麻酱协会(493057481)] Achtung thee(964893961) -> 24200
2023-10-04 00:01:57 V/Bot.2398493975: Group(493057481) <- 记录成功：
回声细碎: 47200
4000all！: 36300
Achtung thee: 24200
豌豆射手: -7700
2023-10-04 00:31:18 V/Bot.2398493975: [獭獭没钱吃饭军团@🎤(887156367)] zz@獺獺軍団(771507043) -> 31100
2023-10-04 00:31:21 V/Bot.2398493975: [test(389193066)] yyyouch(2461942798) -> 20400
2023-10-04 00:32:09 V/Bot.2398493975: [test(389193066)] 淡情余描未わ(1297471104) -> 35100
2023-10-04 00:32:17 V/Bot.2398493975: [獭獭没钱吃饭军团@🎤(887156367)] 獭獭ʕ❍ᴥ❍ʔ36200(1609323331) -> 13400
2023-10-04 00:32:19 V/Bot.2398493975: Group(887156367) <- 记录成功：
淡情余描未わ: 35100
zz@獺獺軍団: 31100
yyyouch: 20400
獭獭ʕ❍ᴥ❍ʔ36200: 13400
2023-10-04 00:40:22 I/UnidbgFetchQsign: Bot(2398493975) request_token, submit success
2023-10-04 01:13:17 V/Bot.2398493975: Event: MemberCardChangeEvent(origin=獭獭ʕ❍ᴥ❍ʔ36200, new=獭獭ʕ❍ᴥ❍ʔ道心碎碎军团, member=NormalMember(1609323331))
2023-10-04 01:13:17 V/Bot.2398493975: [獭獭没钱吃饭军团@🎤(887156367)] 獭獭ʕ❍ᴥ❍ʔ道心碎碎军团(1609323331) -> ！注册
2023-10-04 01:13:18 V/Bot.2398493975: Group(887156367) <- 玩家獭獭ʕ❍ᴥ❍ʔ道心碎碎军团注册成功！
2023-10-04 01:14:13 V/Bot.2398493975: [獭獭没钱吃饭军团@🎤(887156367)] Freeze_Kirin@给獭獭打工军团(768173212) -> 獭獭挖井师傅
2023-10-04 01:14:29 V/Bot.2398493975: [獭獭没钱吃饭军团@🎤(887156367)] 獭獭ʕ❍ᴥ❍ʔ道心碎碎军团(1609323331) -> [mirai:image:{F3FD360C-DF21-E761-7C94-89BBF2723614}.png, width=66, height=66, size=1566, type=JPG, isEmoji=true]
2023-10-04 01:14:50 V/Bot.2398493975: [獭獭没钱吃饭军团@🎤(887156367)] Freeze_Kirin@给獭獭打工军团(768173212) -> [mirai:image:{8CC339D6-3792-D820-5975-BF130459D57A}.gif, width=370, height=300, size=145315, type=GIF, isEmoji=false]
2023-10-04 01:15:03 V/Bot.2398493975: [test(389193066)] dd小助手(3459246674) -> 赤五教教主亮亮 投稿了新视频
https://www.bilibili.com/video/BV1Km4y13792
2023-10-04 01:15:04 V/Bot.2398493975: [test(389193066)] dd小助手(3459246674) -> [mirai:image:{1BC35670-8FB1-D626-D2B7-6B972CF05FB7}.png, width=740, height=827, size=140459, type=PNG, isEmoji=false]
2023-10-04 01:20:08 V/Bot.2398493975: [獭獭没钱吃饭军团@🎤(887156367)] 獭獭ʕ❍ᴥ❍ʔ道心碎碎军团(1609323331) -> 有个比獭獭惨的[mirai:image:{5CB0B477-F20E-CAD5-68BE-5C0FC82AFF16}.png, width=570, height=626, size=100476, type=JPG, isEmoji=false]
2023-10-04 01:20:10 V/Bot.2398493975: [獭獭没钱吃饭军团@🎤(887156367)] 獭獭ʕ❍ᴥ❍ʔ道心碎碎军团(1609323331) -> 睡得着了
2023-10-04 01:20:16 V/Bot.2398493975: [獭獭没钱吃饭军团@🎤(887156367)] 獭獭ʕ❍ᴥ❍ʔ道心碎碎军团(1609323331) -> [mirai:image:{8AFCF605-FDCE-9015-3438-526A21D02EF5}.png, width=300, height=192, size=8379, type=JPG, isEmoji=true]
2023-10-04 01:20:22 V/Bot.2398493975: [獭獭没钱吃饭军团@🎤(887156367)] Freeze_Kirin@给獭獭打工军团(768173212) -> [mirai:image:{15530C6E-2E2B-8726-AC46-20AE8098381B}.jpg, width=174, height=172, size=5372, type=JPG, isEmoji=false]
2023-10-04 01:20:23 I/UnidbgFetchQsign: Bot(2398493975) request_token, submit success
2023-10-04 01:21:00 V/Bot.2398493975: [獭獭没钱吃饭军团@🎤(887156367)] 哭哭Excel@被獭獭军团开除5次(472247053) -> [mirai:image:{15530C6E-2E2B-8726-AC46-20AE8098381B}.jpg, width=174, height=172, size=5372, type=JPG, isEmoji=false]
2023-10-04 01:21:38 V/Bot.2398493975: [獭獭没钱吃饭军团@🎤(887156367)] Freeze_Kirin@给獭獭打工军团(768173212) -> 一井更比一井深
2023-10-04 01:21:53 V/Bot.2398493975: [獭獭没钱吃饭军团@🎤(887156367)] 獭獭ʕ❍ᴥ❍ʔ道心碎碎军团(1609323331) -> [mirai:image:{069A1F5C-14BA-0826-B338-1A6034F01F8D}.png, width=368, height=286, size=88620, type=GIF, isEmoji=true]
2023-10-04 01:50:59 V/Bot.2398493975: [SHT荔枝麻酱协会(493057481)] 回声细碎(1974705370) -> 30600
2023-10-04 01:51:03 V/Bot.2398493975: [SHT荔枝麻酱协会(493057481)] 豌豆射手(1520829968) -> 42000
2023-10-04 01:51:09 V/Bot.2398493975: [SHT荔枝麻酱协会(493057481)] 4000all！(1846411487) -> -700
2023-10-04 01:53:21 V/Bot.2398493975: [SHT荔枝麻酱协会(493057481)] Achtung thee(964893961) -> 28100
2023-10-04 01:53:22 V/Bot.2398493975: Group(493057481) <- 记录成功：
豌豆射手: 42000
回声细碎: 30600
Achtung thee: 28100
4000all！: -700
2023-10-04 02:00:23 I/UnidbgFetchQsign: Bot(2398493975) request_token, submit success
2023-10-04 02:40:29 I/UnidbgFetchQsign: Bot(2398493975) request_token, submit success
2023-10-04 03:20:30 I/UnidbgFetchQsign: Bot(2398493975) request_token, submit success
2023-10-04 04:00:31 I/UnidbgFetchQsign: Bot(2398493975) request_token, submit success
2023-10-04 04:40:37 I/UnidbgFetchQsign: Bot(2398493975) request_token, submit success
2023-10-04 05:20:37 I/UnidbgFetchQsign: Bot(2398493975) request_token, submit success
2023-10-04 06:00:38 I/UnidbgFetchQsign: Bot(2398493975) request_token, submit success
2023-10-04 06:40:44 I/UnidbgFetchQsign: Bot(2398493975) request_token, submit success
2023-10-04 07:20:45 I/UnidbgFetchQsign: Bot(2398493975) request_token, submit success
2023-10-04 08:00:46 I/UnidbgFetchQsign: Bot(2398493975) request_token, submit success
2023-10-04 08:40:52 I/UnidbgFetchQsign: Bot(2398493975) request_token, submit success
2023-10-04 09:20:52 I/UnidbgFetchQsign: Bot(2398493975) request_token, submit success
2023-10-04 09:24:33 E/mirai-login-solver-sakura: [id: 0x246b0fac, L:/192.168.0.89:22333 - R:/179.60.147.13:65385] [exceptionCaught]
java.net.SocketException: Connection reset
	at java.base/sun.nio.ch.SocketChannelImpl.throwConnectionReset(SocketChannelImpl.java:394)
	at java.base/sun.nio.ch.SocketChannelImpl.read(SocketChannelImpl.java:426)
	at mirai-login-solver-sakura-0.0.11.mirai2.jar[private]//io.netty.buffer.PooledByteBuf.setBytes(PooledByteBuf.java:259)
	at mirai-login-solver-sakura-0.0.11.mirai2.jar[private]//io.netty.buffer.AbstractByteBuf.writeBytes(AbstractByteBuf.java:1132)
	at mirai-login-solver-sakura-0.0.11.mirai2.jar[private]//io.netty.channel.socket.nio.NioSocketChannel.doReadBytes(NioSocketChannel.java:357)
	at mirai-login-solver-sakura-0.0.11.mirai2.jar[private]//io.netty.channel.nio.AbstractNioByteChannel$NioByteUnsafe.read(AbstractNioByteChannel.java:151)
	at mirai-login-solver-sakura-0.0.11.mirai2.jar[private]//io.netty.channel.nio.NioEventLoop.processSelectedKey(NioEventLoop.java:788)
	at mirai-login-solver-sakura-0.0.11.mirai2.jar[private]//io.netty.channel.nio.NioEventLoop.processSelectedKeysOptimized(NioEventLoop.java:724)
	at mirai-login-solver-sakura-0.0.11.mirai2.jar[private]//io.netty.channel.nio.NioEventLoop.processSelectedKeys(NioEventLoop.java:650)
	at mirai-login-solver-sakura-0.0.11.mirai2.jar[private]//io.netty.channel.nio.NioEventLoop.run(NioEventLoop.java:562)
	at mirai-login-solver-sakura-0.0.11.mirai2.jar[private]//io.netty.util.concurrent.SingleThreadEventExecutor$4.run(SingleThreadEventExecutor.java:997)
	at mirai-login-solver-sakura-0.0.11.mirai2.jar[private]//io.netty.util.internal.ThreadExecutorMap$2.run(ThreadExecutorMap.java:74)
	at java.base/java.lang.Thread.run(Thread.java:833)

2023-10-04 09:24:33 W/io.netty.channel.DefaultChannelPipeline: An exceptionCaught() event was fired, and it reached at the tail of the pipeline. It usually means the last handler in the pipeline did not handle the exception.
java.net.SocketException: Connection reset
	at java.base/sun.nio.ch.SocketChannelImpl.throwConnectionReset(SocketChannelImpl.java:394)
	at java.base/sun.nio.ch.SocketChannelImpl.read(SocketChannelImpl.java:426)
	at mirai-login-solver-sakura-0.0.11.mirai2.jar[private]//io.netty.buffer.PooledByteBuf.setBytes(PooledByteBuf.java:259)
	at mirai-login-solver-sakura-0.0.11.mirai2.jar[private]//io.netty.buffer.AbstractByteBuf.writeBytes(AbstractByteBuf.java:1132)
	at mirai-login-solver-sakura-0.0.11.mirai2.jar[private]//io.netty.channel.socket.nio.NioSocketChannel.doReadBytes(NioSocketChannel.java:357)
	at mirai-login-solver-sakura-0.0.11.mirai2.jar[private]//io.netty.channel.nio.AbstractNioByteChannel$NioByteUnsafe.read(AbstractNioByteChannel.java:151)
	at mirai-login-solver-sakura-0.0.11.mirai2.jar[private]//io.netty.channel.nio.NioEventLoop.processSelectedKey(NioEventLoop.java:788)
	at mirai-login-solver-sakura-0.0.11.mirai2.jar[private]//io.netty.channel.nio.NioEventLoop.processSelectedKeysOptimized(NioEventLoop.java:724)
	at mirai-login-solver-sakura-0.0.11.mirai2.jar[private]//io.netty.channel.nio.NioEventLoop.processSelectedKeys(NioEventLoop.java:650)
	at mirai-login-solver-sakura-0.0.11.mirai2.jar[private]//io.netty.channel.nio.NioEventLoop.run(NioEventLoop.java:562)
	at mirai-login-solver-sakura-0.0.11.mirai2.jar[private]//io.netty.util.concurrent.SingleThreadEventExecutor$4.run(SingleThreadEventExecutor.java:997)
	at mirai-login-solver-sakura-0.0.11.mirai2.jar[private]//io.netty.util.internal.ThreadExecutorMap$2.run(ThreadExecutorMap.java:74)
	at java.base/java.lang.Thread.run(Thread.java:833)

2023-10-04 10:00:53 I/UnidbgFetchQsign: Bot(2398493975) request_token, submit success
2023-10-04 10:20:24 I/Bot.2398493975: Saved account secrets to local cache for fast login.
2023-10-04 10:40:59 I/UnidbgFetchQsign: Bot(2398493975) request_token, submit success
2023-10-04 10:54:27 V/Bot.2398493975: [獭獭没钱吃饭军团@🎤(887156367)] 獭獭锤子大鸽@被獭獭军团开除(963423936) -> [mirai:image:{069A1F5C-14BA-0826-B338-1A6034F01F8D}.gif, width=368, height=286, size=88620, type=GIF, isEmoji=true]
2023-10-04 11:21:00 I/UnidbgFetchQsign: Bot(2398493975) request_token, submit success
2023-10-04 11:22:45 V/Bot.2398493975: [獭獭没钱吃饭军团@🎤(887156367)] 优雅猛牛(695150175) -> 武器池没垫想抽个船坞
2023-10-04 11:22:47 V/Bot.2398493975: [獭獭没钱吃饭军团@🎤(887156367)] 优雅猛牛(695150175) -> [mirai:image:{B2374F72-7D83-BC1A-98FD-EE77F2B9B230}.jpg, width=1920, height=864, size=180531, type=JPG, isEmoji=false]
2023-10-04 11:22:51 V/Bot.2398493975: [獭獭没钱吃饭军团@🎤(887156367)] 优雅猛牛(695150175) -> 感觉亏了
2023-10-04 11:23:11 V/Bot.2398493975: [獭獭没钱吃饭军团@🎤(887156367)] 优雅猛牛(695150175) -> 他想让我抽那维莱特
2023-10-04 11:23:38 V/Bot.2398493975: [獭獭没钱吃饭军团@🎤(887156367)] Freeze_Kirin@给獭獭打工军团(768173212) -> [mirai:image:{EE26CDF7-BFD4-C133-AA11-F86288E8CCC8}.png, width=484, height=336, size=45801, type=JPG, isEmoji=true]
2023-10-04 11:23:50 V/Bot.2398493975: [獭獭没钱吃饭军团@🎤(887156367)] Freeze_Kirin@给獭獭打工军团(768173212) -> 不抽！
2023-10-04 11:23:56 V/Bot.2398493975: [獭獭没钱吃饭军团@🎤(887156367)] 獭獭锤子大鸽@被獭獭军团开除(963423936) -> 不抽！
2023-10-04 11:24:52 V/Bot.2398493975: [獭獭没钱吃饭军团@🎤(887156367)] 优雅猛牛(695150175) -> 就120抽啊
2023-10-04 11:25:03 V/Bot.2398493975: [獭獭没钱吃饭军团@🎤(887156367)] 优雅猛牛(695150175) -> 人物池子我也没垫
2023-10-04 11:25:07 V/Bot.2398493975: [獭獭没钱吃饭军团@🎤(887156367)] 优雅猛牛(695150175) -> [撇嘴][撇嘴]
2023-10-04 11:31:03 V/Bot.2398493975: [獭獭没钱吃饭军团@🎤(887156367)] 优雅猛牛(695150175) -> 搭进去一个198
2023-10-04 11:31:07 V/Bot.2398493975: [獭獭没钱吃饭军团@🎤(887156367)] 优雅猛牛(695150175) -> 硬抽了一个
2023-10-04 11:31:15 V/Bot.2398493975: [獭獭没钱吃饭军团@🎤(887156367)] 优雅猛牛(695150175) -> 去他么的
2023-10-04 11:31:28 V/Bot.2398493975: [獭獭没钱吃饭军团@🎤(887156367)] 优雅猛牛(695150175) -> 硬抽了个大保底
2023-10-04 11:31:36 V/Bot.2398493975: [獭獭没钱吃饭军团@🎤(887156367)] 优雅猛牛(695150175) -> 歪了个没用的卢姥爷
2023-10-04 11:31:48 V/Bot.2398493975: [獭獭没钱吃饭军团@🎤(887156367)] 优雅猛牛(695150175) -> 白攒了120抽
2023-10-04 11:32:30 V/Bot.2398493975: [獭獭没钱吃饭军团@🎤(887156367)] 哭哭Excel@被獭獭军团开除5次(472247053) -> [mirai:image:{C6D98AA9-4CE0-28B7-32EF-B076899EA836}.jpg, width=308, height=300, size=72185, type=GIF, isEmoji=true]
2023-10-04 11:34:08 V/Bot.2398493975: [獭獭没钱吃饭军团@🎤(887156367)] 獭獭有钱吃饭军团太子(1297471104) -> [mirai:image:{6ADF6A5B-B2E4-32AA-FA94-386404B93AF3}.jpg, width=1080, height=1117, size=157437, type=JPG, isEmoji=true]
2023-10-04 11:34:15 V/Bot.2398493975: [獭獭没钱吃饭军团@🎤(887156367)] 獭獭ʕ❍ᴥ❍ʔ道心碎碎军团(1609323331) -> [mirai:image:{069A1F5C-14BA-0826-B338-1A6034F01F8D}.png, width=368, height=286, size=88620, type=GIF, isEmoji=true]
2023-10-04 11:49:48 V/Bot.2398493975: [獭獭没钱吃饭军团@🎤(887156367)] 獭獭锤子大鸽@被獭獭军团开除(963423936) -> [mirai:image:{0B54C05D-9F38-B24B-00BE-3915C62234E7}.gif, width=213, height=213, size=638736, type=GIF, isEmoji=true]
2023-10-04 11:50:14 V/Bot.2398493975: [獭獭没钱吃饭军团@🎤(887156367)] 獭獭ʕ❍ᴥ❍ʔ道心碎碎军团(1609323331) -> [mirai:image:{04AA33CB-931E-C1F2-EC30-4A2718268594}.png, width=370, height=292, size=89543, type=GIF, isEmoji=true]
2023-10-04 11:50:26 V/Bot.2398493975: [獭獭没钱吃饭军团@🎤(887156367)] 獭獭锤子大鸽@被獭獭军团开除(963423936) -> [mirai:image:{4970C70A-34C3-4063-133A-81226FA19DE7}.gif, width=358, height=268, size=65295, type=GIF, isEmoji=true]
2023-10-04 11:51:46 V/Bot.2398493975: [獭獭没钱吃饭军团@🎤(887156367)] 獭獭ʕ❍ᴥ❍ʔ道心碎碎军团(1609323331) -> 玩啥
2023-10-04 11:51:49 V/Bot.2398493975: [獭獭没钱吃饭军团@🎤(887156367)] 獭獭ʕ❍ᴥ❍ʔ道心碎碎军团(1609323331) -> [mirai:image:{A3C56810-0293-8086-658D-531E0E0B1790}.png, width=512, height=512, size=129498, type=GIF, isEmoji=true]
2023-10-04 11:52:54 V/Bot.2398493975: [獭獭没钱吃饭军团@🎤(887156367)] Freeze_Kirin@给獭獭打工军团(768173212) -> 下午开会（
2023-10-04 11:53:03 V/Bot.2398493975: [獭獭没钱吃饭军团@🎤(887156367)] Freeze_Kirin@给獭獭打工军团(768173212) -> 晚上玩啥
2023-10-04 11:53:15 V/Bot.2398493975: [獭獭没钱吃饭军团@🎤(887156367)] 獭獭锤子大鸽@被獭獭军团开除(963423936) -> [mirai:image:{4970C70A-34C3-4063-133A-81226FA19DE7}.gif, width=358, height=268, size=65295, type=GIF, isEmoji=true]
2023-10-04 11:53:24 V/Bot.2398493975: [獭獭没钱吃饭军团@🎤(887156367)] 獭獭锤子大鸽@被獭獭军团开除(963423936) -> 超级机麻
2023-10-04 11:53:30 V/Bot.2398493975: [獭獭没钱吃饭军团@🎤(887156367)] Freeze_Kirin@给獭獭打工军团(768173212) -> mc养蜜蜂养的火大
2023-10-04 11:53:34 V/Bot.2398493975: [獭獭没钱吃饭军团@🎤(887156367)] Freeze_Kirin@给獭獭打工军团(768173212) -> 改麻麻了
2023-10-04 11:53:40 V/Bot.2398493975: [獭獭没钱吃饭军团@🎤(887156367)] 獭獭锤子大鸽@被獭獭军团开除(963423936) -> 好诶
2023-10-04 11:53:47 V/Bot.2398493975: [獭獭没钱吃饭军团@🎤(887156367)] 獭獭ʕ❍ᴥ❍ʔ道心碎碎军团(1609323331) -> [mirai:image:{AF3F0834-CE1A-C9F1-3942-926C0C79FF9F}.png, width=150, height=150, size=5701, type=JPG, isEmoji=true]
2023-10-04 11:54:11 V/Bot.2398493975: [獭獭没钱吃饭军团@🎤(887156367)] Freeze_Kirin@给獭獭打工军团(768173212) -> 蜜蜂明天再养！
2023-10-04 11:54:32 V/Bot.2398493975: [獭獭没钱吃饭军团@🎤(887156367)] 獭獭ʕ❍ᴥ❍ʔ道心碎碎军团(1609323331) -> [mirai:image:{069A1F5C-14BA-0826-B338-1A6034F01F8D}.png, width=368, height=286, size=88620, type=GIF, isEmoji=true]
2023-10-04 11:55:04 V/Bot.2398493975: [獭獭没钱吃饭军团@🎤(887156367)] 獭獭锤子大鸽@被獭獭军团开除(963423936) -> [mirai:image:{3EC7FBEC-E81B-27A1-903C-75AE71B0A4C0}.jpg, width=690, height=658, size=59691, type=JPG, isEmoji=false]
2023-10-04 11:55:16 V/Bot.2398493975: [獭獭没钱吃饭军团@🎤(887156367)] 獭獭ʕ❍ᴥ❍ʔ道心碎碎军团(1609323331) -> [mirai:image:{E99AC65C-8640-6001-EF12-1CD30B9D871E}.png, width=348, height=300, size=74943, type=GIF, isEmoji=true]
2023-10-04 11:55:17 V/Bot.2398493975: [獭獭没钱吃饭军团@🎤(887156367)] 獭獭锤子大鸽@被獭獭军团开除(963423936) -> overcooked
2023-10-04 11:55:27 V/Bot.2398493975: [獭獭没钱吃饭军团@🎤(887156367)] 獭獭ʕ❍ᴥ❍ʔ道心碎碎军团(1609323331) -> [mirai:image:{AFC6E4DA-4B8F-DE2C-C933-606D21498AA0}.png, width=324, height=300, size=62607, type=GIF, isEmoji=true]
2023-10-04 11:57:04 V/Bot.2398493975: [獭獭没钱吃饭军团@🎤(887156367)] Freeze_Kirin@给獭獭打工军团(768173212) -> [mirai:image:{D8E3976E-E364-85CD-39D3-971D6A0932D4}.png, width=480, height=360, size=269095, type=GIF, isEmoji=true]
2023-10-04 11:57:49 V/Bot.2398493975: [獭獭没钱吃饭军团@🎤(887156367)] 獭獭ʕ❍ᴥ❍ʔ道心碎碎军团(1609323331) -> [mirai:image:{FB9C65FB-5685-1B12-1B13-836B38246164}.png, width=292, height=205, size=61102, type=GIF, isEmoji=true]
2023-10-04 11:58:09 V/Bot.2398493975: [獭獭没钱吃饭军团@🎤(887156367)] 獭獭锤子大鸽@被獭獭军团开除(963423936) -> [mirai:image:{FB9C65FB-5685-1B12-1B13-836B38246164}.gif, width=292, height=205, size=61102, type=GIF, isEmoji=true]
2023-10-04 11:58:29 V/Bot.2398493975: [獭獭没钱吃饭军团@🎤(887156367)] zz@獺獺軍団(771507043) -> [mirai:image:{FB9C65FB-5685-1B12-1B13-836B38246164}.gif, width=292, height=205, size=61102, type=GIF, isEmoji=true]
2023-10-04 11:58:40 V/Bot.2398493975: [獭獭没钱吃饭军团@🎤(887156367)] 獭獭ʕ❍ᴥ❍ʔ道心碎碎军团(1609323331) -> wansha
2023-10-04 11:58:48 V/Bot.2398493975: [獭獭没钱吃饭军团@🎤(887156367)] zz@獺獺軍団(771507043) -> wansha
2023-10-04 11:58:52 V/Bot.2398493975: [獭獭没钱吃饭军团@🎤(887156367)] 獭獭有钱吃饭军团太子(1297471104) -> [mirai:image:{E028DCF2-E20D-7637-67BE-B24859EDA20D}.jpg, width=1127, height=1080, size=687682, type=PNG, isEmoji=true]
2023-10-04 11:59:12 V/Bot.2398493975: [獭獭没钱吃饭军团@🎤(887156367)] zz@獺獺軍団(771507043) -> 350k[mirai:image:{C88ACB1A-E88C-9083-8F5D-A9FEBAF8BA3D}.png, width=1284, height=2778, size=433871, type=JPG, isEmoji=false]
2023-10-04 11:59:15 V/Bot.2398493975: [獭獭没钱吃饭军团@🎤(887156367)] Freeze_Kirin@给獭獭打工军团(768173212) -> 事已至此
2023-10-04 11:59:17 V/Bot.2398493975: [獭獭没钱吃饭军团@🎤(887156367)] zz@獺獺軍団(771507043) -> [mirai:image:{FB9C65FB-5685-1B12-1B13-836B38246164}.gif, width=292, height=205, size=61102, type=GIF, isEmoji=true]
2023-10-04 11:59:28 V/Bot.2398493975: [獭獭没钱吃饭军团@🎤(887156367)] Freeze_Kirin@给獭獭打工军团(768173212) -> 先去办公室摸了（
2023-10-04 12:00:07 V/Bot.2398493975: [獭獭没钱吃饭军团@🎤(887156367)] 獭獭ʕ❍ᴥ❍ʔ道心碎碎军团(1609323331) -> [mirai:image:{9EA30DD0-02A4-534E-A616-BF0D3F1401FD}.png, width=1167, height=396, size=29736, type=JPG, isEmoji=false]
2023-10-04 12:00:08 V/Bot.2398493975: [獭獭没钱吃饭军团@🎤(887156367)] 獭獭ʕ❍ᴥ❍ʔ道心碎碎军团(1609323331) -> 那这个是干啥的
2023-10-04 12:00:30 V/Bot.2398493975: [獭獭没钱吃饭军团@🎤(887156367)] 獭獭ʕ❍ᴥ❍ʔ道心碎碎军团(1609323331) -> 原来不是觉醒用的嘛
2023-10-04 12:00:34 V/Bot.2398493975: [獭獭没钱吃饭军团@🎤(887156367)] 獭獭ʕ❍ᴥ❍ʔ道心碎碎军团(1609323331) -> [mirai:image:{04AA33CB-931E-C1F2-EC30-4A2718268594}.png, width=370, height=292, size=89543, type=GIF, isEmoji=true]
2023-10-04 12:00:38 V/Bot.2398493975: [獭獭没钱吃饭军团@🎤(887156367)] zz@獺獺軍団(771507043) -> [mirai:image:{46328668-AB5B-92E4-9584-D9A234283EA6}.png, width=1284, height=2778, size=345043, type=JPG, isEmoji=false]
2023-10-04 12:00:51 V/Bot.2398493975: [獭獭没钱吃饭军团@🎤(887156367)] zz@獺獺軍団(771507043) -> 觉醒材料有两页捏
2023-10-04 12:00:58 V/Bot.2398493975: [獭獭没钱吃饭军团@🎤(887156367)] 獭獭ʕ❍ᴥ❍ʔ道心碎碎军团(1609323331) -> 要这么多
2023-10-04 12:01:00 V/Bot.2398493975: [獭獭没钱吃饭军团@🎤(887156367)] 獭獭ʕ❍ᴥ❍ʔ道心碎碎军团(1609323331) -> [mirai:image:{F0451D10-C6B1-C6EE-086A-832765A52BE5}.png, width=525, height=568, size=128518, type=GIF, isEmoji=true]
2023-10-04 12:01:01 I/UnidbgFetchQsign: Bot(2398493975) request_token, submit success
2023-10-04 12:01:08 V/Bot.2398493975: [獭獭没钱吃饭军团@🎤(887156367)] 獭獭ʕ❍ᴥ❍ʔ道心碎碎军团(1609323331) -> 你去抢吧
2023-10-04 12:01:28 V/Bot.2398493975: [獭獭没钱吃饭军团@🎤(887156367)] 獭獭ʕ❍ᴥ❍ʔ道心碎碎军团(1609323331) -> 我的金币全在基沃拖斯
2023-10-04 12:02:36 V/Bot.2398493975: [獭獭没钱吃饭军团@🎤(887156367)] zz@獺獺軍団(771507043) -> “去拿吧，我把一切都放在那里了”
2023-10-04 12:02:53 V/Bot.2398493975: [獭獭没钱吃饭军团@🎤(887156367)] 獭獭ʕ❍ᴥ❍ʔ道心碎碎军团(1609323331) -> [mirai:image:{069A1F5C-14BA-0826-B338-1A6034F01F8D}.png, width=368, height=286, size=88620, type=GIF, isEmoji=true]
2023-10-04 12:03:45 V/Bot.2398493975: [獭獭没钱吃饭军团@🎤(887156367)] 獭獭锤子大鸽@被獭獭军团开除(963423936) -> 草
2023-10-04 12:04:04 V/Bot.2398493975: [獭獭没钱吃饭军团@🎤(887156367)] zz@獺獺軍団(771507043) -> golden 獭獭
2023-10-04 12:07:04 V/Bot.2398493975: [獭獭没钱吃饭军团@🎤(887156367)] zz@獺獺軍団(771507043) -> 为什么是奇石[mirai:image:{BFA2CAC3-2934-A763-2DD1-820BD746DE81}.png, width=1284, height=2778, size=216241, type=JPG, isEmoji=false]
2023-10-04 12:41:07 I/UnidbgFetchQsign: Bot(2398493975) request_token, submit success
2023-10-04 12:42:34 V/Bot.2398493975: [獭獭没钱吃饭军团@🎤(887156367)] 獭獭ʕ❍ᴥ❍ʔ道心碎碎军团(1609323331) -> [mirai:image:{9747944A-2F0B-BE36-3689-E98A6F93AF15}.png, width=2012, height=1184, size=1554914, type=PNG, isEmoji=false]怎么回事涅
2023-10-04 13:15:45 V/Bot.2398493975: [獭獭没钱吃饭军团@🎤(887156367)] zz@獺獺軍団(771507043) -> heros的主题曲为什么是通风口和ren zotto唱[mirai:image:{450225BA-4F4A-A721-3BE4-27F8B077A352}.png, width=1284, height=1360, size=321522, type=JPG, isEmoji=false]
2023-10-04 13:16:22 V/Bot.2398493975: [獭獭没钱吃饭军团@🎤(887156367)] 獭獭ʕ❍ᴥ❍ʔ道心碎碎军团(1609323331) -> [mirai:image:{90F0DD65-1CC3-5A97-5093-BA522638B808}.png, width=2009, height=1130, size=1996284, type=PNG, isEmoji=false]过咯
2023-10-04 13:16:53 V/Bot.2398493975: [獭獭没钱吃饭军团@🎤(887156367)] 獭獭ʕ❍ᴥ❍ʔ道心碎碎军团(1609323331) -> [mirai:image:{069A1F5C-14BA-0826-B338-1A6034F01F8D}.gif, width=368, height=286, size=88620, type=GIF, isEmoji=true]最高难度连本紫的都不肯给
2023-10-04 13:21:07 I/UnidbgFetchQsign: Bot(2398493975) request_token, submit success
2023-10-04 13:21:48 V/Bot.2398493975: [獭獭没钱吃饭军团@🎤(887156367)] 獭獭锤子大鸽@被獭獭军团开除(963423936) -> [mirai:image:{069A1F5C-14BA-0826-B338-1A6034F01F8D}.gif, width=368, height=286, size=88620, type=GIF, isEmoji=true]
2023-10-04 13:29:11 V/Bot.2398493975: [獭獭没钱吃饭军团@🎤(887156367)] zz@獺獺軍団(771507043) -> mika一枪一个大蛇，3枪今天总力下班了
2023-10-04 13:31:40 V/Bot.2398493975: [獭獭没钱吃饭军团@🎤(887156367)] Freeze_Kirin@给獭獭打工军团(768173212) -> mika一枪一个大蛇，3枪今天总力下班了
2023-10-04 13:31:50 V/Bot.2398493975: [獭獭没钱吃饭军团@🎤(887156367)] 獭獭ʕ❍ᴥ❍ʔ道心碎碎军团(1609323331) -> mika一枪一个大蛇，3枪今天总力还没打
2023-10-04 13:32:19 V/Bot.2398493975: [獭獭没钱吃饭军团@🎤(887156367)] 獭獭ʕ❍ᴥ❍ʔ道心碎碎军团(1609323331) -> [mirai:image:{F9293B42-F74B-96D7-2128-CFFA8FA21209}.png, width=1069, height=408, size=259786, type=PNG, isEmoji=false]打Q1234去了
2023-10-04 13:44:11 V/Bot.2398493975: [獭獭没钱吃饭军团@🎤(887156367)] 獭獭ʕ❍ᴥ❍ʔ道心碎碎军团(1609323331) -> [mirai:image:{FCA68869-3D4D-7B1F-CEF5-61172ADB07A7}.png, width=695, height=151, size=82315, type=PNG, isEmoji=false]我紫书捏
2023-10-04 13:44:33 V/Bot.2398493975: [獭獭没钱吃饭军团@🎤(887156367)] Freeze_Kirin@给獭獭打工军团(768173212) -> 被吃了
2023-10-04 13:46:19 V/Bot.2398493975: [獭獭没钱吃饭军团@🎤(887156367)] 獭獭ʕ❍ᴥ❍ʔ道心碎碎军团(1609323331) -> mika平a把大蛇打死了
2023-10-04 13:46:29 V/Bot.2398493975: [獭獭没钱吃饭军团@🎤(887156367)] 獭獭ʕ❍ᴥ❍ʔ道心碎碎军团(1609323331) -> 没有三枪大蛇了
2023-10-04 13:46:32 V/Bot.2398493975: [獭獭没钱吃饭军团@🎤(887156367)] 獭獭ʕ❍ᴥ❍ʔ道心碎碎军团(1609323331) -> [mirai:image:{FB9C65FB-5685-1B12-1B13-836B38246164}.gif, width=292, height=205, size=61102, type=GIF, isEmoji=false]
2023-10-04 13:46:44 V/Bot.2398493975: [獭獭没钱吃饭军团@🎤(887156367)] 獭獭ʕ❍ᴥ❍ʔ道心碎碎军团(1609323331) -> [mirai:image:{5F793F52-354D-D460-0606-7FAE3B238A53}.png, width=1059, height=883, size=323629, type=PNG, isEmoji=false]
2023-10-04 13:48:49 V/Bot.2398493975: [獭獭没钱吃饭军团@🎤(887156367)] 獭獭ʕ❍ᴥ❍ʔ道心碎碎军团(1609323331) -> [mirai:image:{9E4BF1EE-534F-0FE7-DDDE-22B0D0F435DC}.png, width=436, height=359, size=150708, type=PNG, isEmoji=false]我就知道有人卷这个（
2023-10-04 14:01:08 I/UnidbgFetchQsign: Bot(2398493975) request_token, submit success
2023-10-04 14:05:27 V/Bot.2398493975: [test(389193066)] dd小助手(3459246674) -> 赤五教教主亮亮 正在直播 健身环运动一下
https://live.bilibili.com/23490978
2023-10-04 14:05:28 V/Bot.2398493975: [test(389193066)] dd小助手(3459246674) -> [mirai:image:{4209C5EF-88AE-8346-2B76-41C6A739D801}.jpg, width=704, height=396, size=95467, type=JPG, isEmoji=false]
2023-10-04 14:05:29 V/Bot.2398493975: [test(389193066)] dd小助手(3459246674) -> 已设置@全体成员但没有管理员权限,将尝试@指定成员,请需要接收单独@消息的群员使用"开播@我"命令进行订阅
2023-10-04 14:06:08 V/Bot.2398493975: [獭獭没钱吃饭军团@🎤(887156367)] Freeze_Kirin@给獭獭打工军团(768173212) -> ？这也卷
2023-10-04 14:08:23 V/Bot.2398493975: [獭獭没钱吃饭军团@🎤(887156367)] 獭獭ʕ❍ᴥ❍ʔ道心碎碎军团(1609323331) -> [mirai:image:{EBFDB928-DB85-D1EC-E695-52206B6493E4}.png, width=438, height=245, size=33350, type=PNG, isEmoji=false]
2023-10-04 14:08:57 V/Bot.2398493975: [獭獭没钱吃饭军团@🎤(887156367)] 獭獭ʕ❍ᴥ❍ʔ道心碎碎军团(1609323331) -> [mirai:image:{2CE62DB5-9B9F-4F1F-D2F7-68BAB3FD176A}.png, width=552, height=499, size=226554, type=PNG, isEmoji=false]啊？
2023-10-04 14:09:28 V/Bot.2398493975: [獭獭没钱吃饭军团@🎤(887156367)] Freeze_Kirin@给獭獭打工军团(768173212) -> 蓝绿修改器！
2023-10-04 14:11:40 V/Bot.2398493975: [獭獭没钱吃饭军团@🎤(887156367)] 獭獭锤子大鸽@被獭獭军团开除(963423936) -> 啊？
2023-10-04 14:16:03 V/Bot.2398493975: [獭獭没钱吃饭军团@🎤(887156367)] 獭獭ʕ❍ᴥ❍ʔ道心碎碎军团(1609323331) -> [mirai:image:{F73FF36A-53CA-F525-F37D-A6B1B21D242B}.png, width=411, height=254, size=48615, type=PNG, isEmoji=false]吃啥
2023-10-04 14:16:35 V/Bot.2398493975: [獭獭没钱吃饭军团@🎤(887156367)] zz@獺獺軍団(771507043) -> 吃啥
2023-10-04 14:30:03 V/Bot.2398493975: [test(389193066)] dd小助手(3459246674) -> 赤五教教主亮亮 直播结束了
2023-10-04 14:30:12 V/Bot.2398493975: [test(389193066)] dd小助手(3459246674) -> [mirai:image:{55C67DAF-1485-7690-6D99-B8A2A2FF6F5B}.png, width=1000, height=5277, size=722947, type=PNG, isEmoji=false]
2023-10-04 14:39:03 V/Bot.2398493975: [獭獭没钱吃饭军团@🎤(887156367)] 冰水@不会反身跳军团(308217149) -> [mirai:image:{1E001534-071A-7615-59F4-83200250F0DF}.png, width=1115, height=1052, size=706132, type=PNG, isEmoji=false]
2023-10-04 14:39:05 V/Bot.2398493975: [獭獭没钱吃饭军团@🎤(887156367)] 冰水@不会反身跳军团(308217149) -> [mirai:at:768173212]
2023-10-04 14:41:14 I/UnidbgFetchQsign: Bot(2398493975) request_token, submit success
2023-10-04 14:41:49 V/Bot.2398493975: [獭獭没钱吃饭军团@🎤(887156367)] 獭獭ʕ❍ᴥ❍ʔ道心碎碎军团(1609323331) -> [mirai:image:{276307F4-A430-E6FE-A528-37979C388AEA}.jpg, width=911, height=1619, size=182000, type=PNG, isEmoji=false][mirai:image:{3F29593D-F9F3-7664-AAA7-9751D836D1CF}.jpg, width=911, height=1619, size=177916, type=PNG, isEmoji=false]
2023-10-04 14:47:15 V/Bot.2398493975: [獭獭没钱吃饭军团@🎤(887156367)] 獭獭ʕ❍ᴥ❍ʔ道心碎碎军团(1609323331) -> [mirai:image:{AD5B3C89-35E3-A22B-4AD8-28567819EAD3}.png, width=938, height=1667, size=361501, type=PNG, isEmoji=false]批发三星因子
2023-10-04 14:53:51 V/Bot.2398493975: [獭獭没钱吃饭军团@🎤(887156367)] zz@獺獺軍団(771507043) -> ？
2023-10-04 14:57:44 V/Bot.2398493975: [test(389193066)] dd小助手(3459246674) -> 赤五教教主亮亮 正在直播 讲谱~
https://live.bilibili.com/23490978
2023-10-04 14:57:45 V/Bot.2398493975: [test(389193066)] dd小助手(3459246674) -> [mirai:image:{4209C5EF-88AE-8346-2B76-41C6A739D801}.jpg, width=704, height=396, size=95467, type=JPG, isEmoji=false]
2023-10-04 14:57:46 V/Bot.2398493975: [test(389193066)] dd小助手(3459246674) -> 已设置@全体成员但没有管理员权限,将尝试@指定成员,请需要接收单独@消息的群员使用"开播@我"命令进行订阅
2023-10-04 14:59:52 V/Bot.2398493975: [獭獭没钱吃饭军团@🎤(887156367)] 萝卜@萝卜軍団(690875992) -> [mirai:image:{C83B94B6-98C7-30A1-D8A9-625B057960C1}.jpg, width=1280, height=960, size=217603, type=JPG, isEmoji=false]
2023-10-04 15:20:22 V/Bot.2398493975: Event: MemberHonorChangeEvent.Achieve(member=NormalMember(2398493975), honorType=GroupHonorType(id=1))
2023-10-04 15:21:15 I/UnidbgFetchQsign: Bot(2398493975) request_token, submit success
2023-10-04 15:23:49 V/Bot.2398493975: [獭獭没钱吃饭军团@🎤(887156367)] Freeze_Kirin@给獭獭打工军团(768173212) -> 我
2023-10-04 15:23:51 V/Bot.2398493975: [獭獭没钱吃饭军团@🎤(887156367)] Freeze_Kirin@给獭獭打工军团(768173212) -> 掉了吗
2023-10-04 15:24:12 V/Bot.2398493975: [獭獭没钱吃饭军团@🎤(887156367)] 冰水@不会反身跳军团(308217149) -> 掉了
2023-10-04 15:24:22 V/Bot.2398493975: [獭獭没钱吃饭军团@🎤(887156367)] 獭獭ʕ❍ᴥ❍ʔ道心碎碎军团(1609323331) -> 吗
2023-10-04 15:24:47 V/Bot.2398493975: [獭獭没钱吃饭军团@🎤(887156367)] Freeze_Kirin@给獭獭打工军团(768173212) -> 行
2023-10-04 15:36:16 V/Bot.2398493975: Event: GroupTalkativeChangeEvent(group=Group(493057481), now=NormalMember(2398493975), previous=NormalMember(1297471104))
2023-10-04 15:36:16 V/Bot.2398493975: Event: MemberHonorChangeEvent.Lose(member=NormalMember(1297471104), honorType=GroupHonorType(id=1))
2023-10-04 15:36:16 V/Bot.2398493975: Event: MemberHonorChangeEvent.Achieve(member=NormalMember(2398493975), honorType=GroupHonorType(id=1))
2023-10-04 15:43:01 V/Bot.2398493975: Event: MemberJoinEvent.Active(member=3052801875)
2023-10-04 15:43:49 V/Bot.2398493975: [獭獭没钱吃饭军团@🎤(887156367)] lax@牛牛道心破碎军团(269418386) -> [mirai:image:{37D997FC-A419-2BB3-1C6E-8EF3D35A6EEC}.jpg, width=1080, height=348, size=26680, type=JPG, isEmoji=false]
2023-10-04 15:43:57 V/Bot.2398493975: [獭獭没钱吃饭军团@🎤(887156367)] lax@牛牛道心破碎军团(269418386) -> 物资学院
2023-10-04 15:44:17 V/Bot.2398493975: [獭獭没钱吃饭军团@🎤(887156367)] lax@牛牛道心破碎军团(269418386) -> 怎么不打成uzi学院
2023-10-04 15:52:54 V/Bot.2398493975: [獭獭没钱吃饭军团@🎤(887156367)] 獭獭ʕ❍ᴥ❍ʔ道心碎碎军团(1609323331) -> [mirai:image:{D98F4480-0AF2-C041-3C6E-FB27BD8A8992}.png, width=200, height=56, size=4470, type=PNG, isEmoji=false][mirai:image:{B8D7E9E1-9F72-26C2-45C8-31F628E123A2}.png, width=150, height=109, size=11577, type=PNG, isEmoji=false]
2023-10-04 15:57:17 V/Bot.2398493975: [獭獭没钱吃饭军团@🎤(887156367)] Freeze_Kirin@给獭獭打工军团(768173212) -> ？为什么一看迷宫地图就寄了
2023-10-04 15:57:43 V/Bot.2398493975: [獭獭没钱吃饭军团@🎤(887156367)] 冰水@不会反身跳军团(308217149) -> ？
2023-10-04 15:57:50 V/Bot.2398493975: [獭獭没钱吃饭军团@🎤(887156367)] 冰水@不会反身跳军团(308217149) -> 是崩溃了？
2023-10-04 15:57:52 V/Bot.2398493975: [獭獭没钱吃饭军团@🎤(887156367)] 冰水@不会反身跳军团(308217149) -> 还是死了
2023-10-04 15:57:59 V/Bot.2398493975: [獭獭没钱吃饭军团@🎤(887156367)] Freeze_Kirin@给獭獭打工军团(768173212) -> 卡出来了
2023-10-04 15:59:13 V/Bot.2398493975: [獭獭没钱吃饭军团@🎤(887156367)] 冰水@不会反身跳军团(308217149) -> 估计是包的bug）
2023-10-04 15:59:18 V/Bot.2398493975: [獭獭没钱吃饭军团@🎤(887156367)] 冰水@不会反身跳军团(308217149) -> 奇怪的地方冲突了
2023-10-04 15:59:24 V/Bot.2398493975: [獭獭没钱吃饭军团@🎤(887156367)] 獭獭ʕ❍ᴥ❍ʔ道心碎碎军团(1609323331) -> [mirai:image:{28465D2A-17E3-E4BB-A59E-4F5B806757B7}.gif, width=200, height=156, size=46389, type=GIF, isEmoji=true]
2023-10-04 15:59:24 V/Bot.2398493975: [獭獭没钱吃饭军团@🎤(887156367)] 冰水@不会反身跳军团(308217149) -> 不死档就是胜利.jpg
2023-10-04 16:00:06 V/Bot.2398493975: [獭獭没钱吃饭军团@🎤(887156367)] 獭獭锤子大鸽@被獭獭军团开除(963423936) -> [mirai:image:{28465D2A-17E3-E4BB-A59E-4F5B806757B7}.gif, width=200, height=156, size=46389, type=GIF, isEmoji=true]
2023-10-04 16:00:25 V/Bot.2398493975: [獭獭没钱吃饭军团@🎤(887156367)] Freeze_Kirin@给獭獭打工军团(768173212) -> [mirai:image:{350EE856-8980-9B9A-B38B-705E2FF1432A}.png, width=565, height=273, size=14413, type=PNG, isEmoji=false]
2023-10-04 16:00:31 V/Bot.2398493975: [獭獭没钱吃饭军团@🎤(887156367)] Freeze_Kirin@给獭獭打工军团(768173212) -> 为啥啊
2023-10-04 16:00:55 V/Bot.2398493975: [獭獭没钱吃饭军团@🎤(887156367)] 獭獭ʕ❍ᴥ❍ʔ道心碎碎军团(1609323331) -> [mirai:image:{28465D2A-17E3-E4BB-A59E-4F5B806757B7}.gif, width=200, height=156, size=46389, type=GIF, isEmoji=true]
2023-10-04 16:01:06 V/Bot.2398493975: [獭獭没钱吃饭军团@🎤(887156367)] Freeze_Kirin@给獭獭打工军团(768173212) -> [mirai:at:472247053] 救
2023-10-04 16:01:16 I/UnidbgFetchQsign: Bot(2398493975) request_token, submit success
2023-10-04 16:02:01 V/Bot.2398493975: [獭獭没钱吃饭军团@🎤(887156367)] 獭獭有钱吃饭军团太子(1297471104) -> 该出门摸草了
2023-10-04 16:02:21 V/Bot.2398493975: [獭獭没钱吃饭军团@🎤(887156367)] 獭獭ʕ❍ᴥ❍ʔ道心碎碎军团(1609323331) -> [mirai:image:{8CBCE6B4-2955-8C4D-906A-18FE76C594F3}.png, width=938, height=1667, size=1563861, type=PNG, isEmoji=false][mirai:image:{009AF707-DA97-A834-A1AC-26AF63D57A77}.png, width=938, height=1667, size=1820345, type=PNG, isEmoji=false]
2023-10-04 16:02:48 V/Bot.2398493975: [獭獭没钱吃饭军团@🎤(887156367)] 冰水@不会反身跳军团(308217149) -> 进都进不去了？
2023-10-04 16:02:56 V/Bot.2398493975: [獭獭没钱吃饭军团@🎤(887156367)] Freeze_Kirin@给獭獭打工军团(768173212) -> 昂
2023-10-04 16:03:01 V/Bot.2398493975: [獭獭没钱吃饭军团@🎤(887156367)] 冰水@不会反身跳军团(308217149) -> 真死档了啊（）
2023-10-04 16:03:08 V/Bot.2398493975: [獭獭没钱吃饭军团@🎤(887156367)] Freeze_Kirin@给獭獭打工军团(768173212) -> [mirai:image:{E4991951-E98F-244F-A6BE-93A21113BFE4}.jpg, width=1080, height=1080, size=74654, type=JPG, isEmoji=false]
2023-10-04 16:03:28 V/Bot.2398493975: [獭獭没钱吃饭军团@🎤(887156367)] 冰水@不会反身跳军团(308217149) -> 我一会去看一下评论区有没有相似问题的）
2023-10-04 16:04:03 V/Bot.2398493975: [獭獭没钱吃饭军团@🎤(887156367)] 冰水@不会反身跳军团(308217149) -> 看kirin有没有什么妙招 不行的话就是动存档文件把你背包的地图给清掉（）
2023-10-04 16:04:31 V/Bot.2398493975: [獭獭没钱吃饭军团@🎤(887156367)] Freeze_Kirin@给獭獭打工军团(768173212) -> 清掉吧。反正都是拿迷宫里的东西合的（）
2023-10-04 16:05:23 V/Bot.2398493975: [獭獭没钱吃饭军团@🎤(887156367)] 哭哭Excel@被獭獭军团开除5次(472247053) -> 怎么回事捏
2023-10-04 16:05:50 V/Bot.2398493975: [獭獭没钱吃饭军团@🎤(887156367)] Freeze_Kirin@给獭獭打工军团(768173212) -> 合了个迷宫地图，右键使用，崩了
2023-10-04 16:06:13 V/Bot.2398493975: [獭獭没钱吃饭军团@🎤(887156367)] 獭獭锤子大鸽@被獭獭军团开除(963423936) -> [mirai:image:{783D0AEC-617A-F690-5104-985E9FFC26A9}.jpg, width=1080, height=1080, size=54457, type=JPG, isEmoji=false]
2023-10-04 16:08:31 V/Bot.2398493975: [獭獭没钱吃饭军团@🎤(887156367)] 萝卜@萝卜軍団(690875992) -> [mirai:image:{5F833CE1-6DE3-7597-EE8D-EBAB8678FF16}.mirai, width=1074, height=1518, size=284364, type=UNKNOWN, isEmoji=false]
2023-10-04 16:08:37 V/Bot.2398493975: [SHT荔枝麻酱协会(493057481)] 布莱克提(690875992) -> [mirai:at:3052801875] 欢迎新同学
2023-10-04 16:14:27 V/Bot.2398493975: [SHT荔枝麻酱协会(493057481)] ライちゃん(392595084) -> [mirai:at:3052801875] 进群就别想走了哦
2023-10-04 16:15:52 V/Bot.2398493975: [獭獭没钱吃饭军团@🎤(887156367)] Freeze_Kirin@给獭獭打工军团(768173212) -> 所以kirin救救我（）
2023-10-04 16:16:10 V/Bot.2398493975: [獭獭没钱吃饭军团@🎤(887156367)] Freeze_Kirin@给獭獭打工军团(768173212) -> 死档什么的不要啊（）
2023-10-04 16:16:37 V/Bot.2398493975: [獭獭没钱吃饭军团@🎤(887156367)] 獭獭锤子大鸽@被獭獭军团开除(963423936) -> [mirai:image:{B1416912-C911-EEB2-5EE4-EE03AC0B54CF}.gif, width=128, height=103, size=48314, type=GIF, isEmoji=true]
2023-10-04 16:18:07 V/Bot.2398493975: [獭獭没钱吃饭军团@🎤(887156367)] 獭獭ʕ❍ᴥ❍ʔ道心碎碎军团(1609323331) -> [mirai:image:{069A1F5C-14BA-0826-B338-1A6034F01F8D}.gif, width=368, height=286, size=88620, type=GIF, isEmoji=true]
2023-10-04 16:18:20 V/Bot.2398493975: [獭獭没钱吃饭军团@🎤(887156367)] 獭獭锤子大鸽@被獭獭军团开除(963423936) -> [mirai:image:{069A1F5C-14BA-0826-B338-1A6034F01F8D}.gif, width=368, height=286, size=88620, type=GIF, isEmoji=true]
2023-10-04 16:18:27 V/Bot.2398493975: [獭獭没钱吃饭军团@🎤(887156367)] 冰水@不会反身跳军团(308217149) -> 找不到问题.jpg
2023-10-04 16:18:39 V/Bot.2398493975: [獭獭没钱吃饭军团@🎤(887156367)] 獭獭锤子大鸽@被獭獭军团开除(963423936) -> [mirai:image:{3FCDA208-5B5D-3642-5219-949E4B2512EA}.gif, width=328, height=300, size=47813, type=GIF, isEmoji=true]
2023-10-04 16:18:43 V/Bot.2398493975: [獭獭没钱吃饭军团@🎤(887156367)] 獭獭ʕ❍ᴥ❍ʔ道心碎碎军团(1609323331) -> [mirai:image:{FB9C65FB-5685-1B12-1B13-836B38246164}.gif, width=292, height=205, size=61102, type=GIF, isEmoji=true]chaojijima
2023-10-04 16:18:49 V/Bot.2398493975: [獭獭没钱吃饭军团@🎤(887156367)] 獭獭锤子大鸽@被獭獭军团开除(963423936) -> [mirai:image:{FB9C65FB-5685-1B12-1B13-836B38246164}.gif, width=292, height=205, size=61102, type=GIF, isEmoji=true]
2023-10-04 16:18:51 V/Bot.2398493975: [獭獭没钱吃饭军团@🎤(887156367)] 獭獭锤子大鸽@被獭獭军团开除(963423936) -> 超级mc要没了
2023-10-04 16:24:26 V/Bot.2398493975: [獭獭没钱吃饭军团@🎤(887156367)] Freeze_Kirin@给獭獭打工军团(768173212) -> 我寄了应该不影响你们（）
2023-10-04 16:25:16 V/Bot.2398493975: [獭獭没钱吃饭军团@🎤(887156367)] 獭獭锤子大鸽@被獭獭军团开除(963423936) -> 没事
2023-10-04 16:25:18 V/Bot.2398493975: [獭獭没钱吃饭军团@🎤(887156367)] 獭獭锤子大鸽@被獭獭军团开除(963423936) -> wy开个新号
2023-10-04 16:25:20 V/Bot.2398493975: [獭獭没钱吃饭军团@🎤(887156367)] 獭獭锤子大鸽@被獭獭军团开除(963423936) -> 就行了（）
2023-10-04 16:25:26 V/Bot.2398493975: [獭獭没钱吃饭军团@🎤(887156367)] 獭獭锤子大鸽@被獭獭军团开除(963423936) -> 只是坏掉了现在手上的东西
2023-10-04 16:25:28 V/Bot.2398493975: [獭獭没钱吃饭军团@🎤(887156367)] Freeze_Kirin@给獭獭打工军团(768173212) -> 不要（）
2023-10-04 16:26:01 V/Bot.2398493975: [獭獭没钱吃饭军团@🎤(887156367)] Freeze_Kirin@给獭獭打工军团(768173212) -> 我身上东西还挺多的（）
2023-10-04 16:26:01 V/Bot.2398493975: [獭獭没钱吃饭军团@🎤(887156367)] 哭哭Excel@被獭獭军团开除5次(472247053) -> 我来看看怎么修
2023-10-04 16:26:27 V/Bot.2398493975: [獭獭没钱吃饭军团@🎤(887156367)] 哭哭Excel@被獭獭军团开除5次(472247053) -> mc好难玩
2023-10-04 16:26:50 V/Bot.2398493975: [獭獭没钱吃饭军团@🎤(887156367)] 獭獭锤子大鸽@被獭獭军团开除(963423936) -> [mirai:image:{324BFB53-FA80-53C9-37B9-AD4CD7B3C147}.gif, width=280, height=260, size=30126, type=GIF, isEmoji=true]
2023-10-04 16:28:17 V/Bot.2398493975: [獭獭没钱吃饭军团@🎤(887156367)] 冰水@不会反身跳军团(308217149) -> 你可以把level.dat发给我 我把地图删了之后传给你.jpg
2023-10-04 16:28:47 V/Bot.2398493975: [獭獭没钱吃饭军团@🎤(887156367)] 冰水@不会反身跳军团(308217149) -> 我电脑上有NBTExplorer
2023-10-04 16:28:48 V/Bot.2398493975: [獭獭没钱吃饭军团@🎤(887156367)] 哭哭Excel@被獭獭军团开除5次(472247053) -> 不是玩家的dat嘛
2023-10-04 16:29:14 V/Bot.2398493975: [獭獭没钱吃饭军团@🎤(887156367)] 冰水@不会反身跳军团(308217149) -> 服务器里面玩家的dat就在level.dat里面吧
2023-10-04 16:29:31 V/Bot.2398493975: [獭獭没钱吃饭军团@🎤(887156367)] 哭哭Excel@被獭獭军团开除5次(472247053) -> [mirai:file:884defa0-b386-3d3c-82de-e42e806fbaf8.dat, id=/c0520653-6353-4474-8d2d-cff6dedd0eee, internalId=102, size=61848]
2023-10-04 16:29:37 V/Bot.2398493975: [獭獭没钱吃饭军团@🎤(887156367)] hzc@獭獭軍団二度受(2384102753) -> [mirai:image:{069A1F5C-14BA-0826-B338-1A6034F01F8D}.gif, width=368, height=286, size=88620, type=GIF, isEmoji=true]
2023-10-04 16:29:43 V/Bot.2398493975: [獭獭没钱吃饭军团@🎤(887156367)] 哭哭Excel@被獭獭军团开除5次(472247053) -> [mirai:image:{6EE1376A-E45E-BBCB-4536-B4AFD0DD0542}.png, width=741, height=519, size=59599, type=PNG, isEmoji=false]
2023-10-04 16:29:52 V/Bot.2398493975: [獭獭没钱吃饭军团@🎤(887156367)] 獭獭ʕ❍ᴥ❍ʔ道心碎碎军团(1609323331) -> [mirai:image:{069A1F5C-14BA-0826-B338-1A6034F01F8D}.gif, width=368, height=286, size=88620, type=GIF, isEmoji=true]
2023-10-04 16:30:25 V/Bot.2398493975: [獭獭没钱吃饭军团@🎤(887156367)] 冰水@不会反身跳军团(308217149) -> 哦对 level.dat的好像是单人的
2023-10-04 16:31:47 V/Bot.2398493975: [獭獭没钱吃饭军团@🎤(887156367)] 冰水@不会反身跳军团(308217149) -> [mirai:file:884defa0-b386-3d3c-82de-e42e806fbaf8.dat, id=/73d1fdca-6290-11ee-95ac-5254005bfddf, internalId=102, size=61827]
2023-10-04 16:31:49 V/Bot.2398493975: [獭獭没钱吃饭军团@🎤(887156367)] 冰水@不会反身跳军团(308217149) -> 直接把迷宫地图删了
2023-10-04 16:31:57 V/Bot.2398493975: [獭獭没钱吃饭军团@🎤(887156367)] 冰水@不会反身跳军团(308217149) -> 不知道行不行
2023-10-04 16:36:01 V/Bot.2398493975: [獭獭没钱吃饭军团@🎤(887156367)] Freeze_Kirin@给獭獭打工军团(768173212) -> [mirai:image:{FB9C65FB-5685-1B12-1B13-836B38246164}.gif, width=292, height=205, size=61102, type=GIF, isEmoji=true]
2023-10-04 16:36:06 V/Bot.2398493975: [獭獭没钱吃饭军团@🎤(887156367)] 獭獭ʕ❍ᴥ❍ʔ道心碎碎军团(1609323331) -> [mirai:image:{FB9C65FB-5685-1B12-1B13-836B38246164}.gif, width=292, height=205, size=61102, type=GIF, isEmoji=true]
2023-10-04 16:36:13 V/Bot.2398493975: [獭獭没钱吃饭军团@🎤(887156367)] 哭哭Excel@被獭獭军团开除5次(472247053) -> wy快试试
2023-10-04 16:37:20 V/Bot.2398493975: [獭獭没钱吃饭军团@🎤(887156367)] Freeze_Kirin@给獭獭打工军团(768173212) -> 活了
2023-10-04 16:37:25 V/Bot.2398493975: [獭獭没钱吃饭军团@🎤(887156367)] Freeze_Kirin@给獭獭打工军团(768173212) -> [mirai:image:{DF342941-9506-24CB-D89E-2731E7D4D0BE}.gif, width=306, height=265, size=125965, type=GIF, isEmoji=false]
2023-10-04 16:40:59 V/Bot.2398493975: [獭獭没钱吃饭军团@🎤(887156367)] 獭獭锤子大鸽@被獭獭军团开除(963423936) -> [mirai:image:{DF342941-9506-24CB-D89E-2731E7D4D0BE}.gif, width=306, height=265, size=125965, type=GIF, isEmoji=false]
2023-10-04 16:41:11 V/Bot.2398493975: [獭獭没钱吃饭军团@🎤(887156367)] 獭獭ʕ❍ᴥ❍ʔ道心碎碎军团(1609323331) -> [mirai:image:{DF342941-9506-24CB-D89E-2731E7D4D0BE}.gif, width=306, height=265, size=125965, type=GIF, isEmoji=false]
2023-10-04 16:41:22 I/UnidbgFetchQsign: Bot(2398493975) request_token, submit success
2023-10-04 16:41:32 V/Bot.2398493975: [獭獭没钱吃饭军团@🎤(887156367)] 獭獭ʕ❍ᴥ❍ʔ道心碎碎军团(1609323331) -> [mirai:image:{5BAE4634-FED4-6999-FB18-C7451BDCACC6}.jpg, width=1000, height=784, size=42772, type=PNG, isEmoji=false]
2023-10-04 16:41:41 V/Bot.2398493975: [獭獭没钱吃饭军团@🎤(887156367)] 獭獭ʕ❍ᴥ❍ʔ道心碎碎军团(1609323331) -> [mirai:image:{EA679A45-E6DC-6F8E-B671-2F015762B794}.jpg, width=1048, height=679, size=47481, type=PNG, isEmoji=false]
2023-10-04 16:41:55 V/Bot.2398493975: [獭獭没钱吃饭军团@🎤(887156367)] 冰水@不会反身跳军团(308217149) -> 为什么我卡在了加载界面里了.jpg
2023-10-04 16:42:42 V/Bot.2398493975: [獭獭没钱吃饭军团@🎤(887156367)] hm@獭獭不走人行道军团(2461942798) -> dora
2023-10-04 17:02:55 V/Bot.2398493975: [獭獭没钱吃饭军团@🎤(887156367)] Freeze_Kirin@给獭獭打工军团(768173212) -> dora
2023-10-04 17:03:24 V/Bot.2398493975: [獭獭没钱吃饭军团@🎤(887156367)] 獭獭锤子大鸽@被獭獭军团开除(963423936) -> dora
2023-10-04 17:05:07 V/Bot.2398493975: [獭獭没钱吃饭军团@🎤(887156367)] 冰水@不会反身跳军团(308217149) -> ftb的地图可以设置强加载的 好像还有随机刻）
2023-10-04 17:05:32 V/Bot.2398493975: [獭獭没钱吃饭军团@🎤(887156367)] Freeze_Kirin@给獭獭打工军团(768173212) -> 太难绷了。ylf：cy我们什么时候一起出去逛街吧，感觉你很有品味的样子
2023-10-04 17:05:44 V/Bot.2398493975: [獭獭没钱吃饭军团@🎤(887156367)] 獭獭ʕ❍ᴥ❍ʔ道心碎碎军团(1609323331) -> [mirai:image:{8BF34B10-19C1-4195-5866-6DDB73A903D8}.gif, width=249, height=188, size=54265, type=GIF, isEmoji=true]
2023-10-04 17:06:27 V/Bot.2398493975: [獭獭没钱吃饭军团@🎤(887156367)] 冰水@不会反身跳军团(308217149) -> [mirai:image:{8BF34B10-19C1-4195-5866-6DDB73A903D8}.gif, width=249, height=188, size=54265, type=GIF, isEmoji=true]
2023-10-04 17:09:44 V/Bot.2398493975: [獭獭没钱吃饭军团@🎤(887156367)] 哭哭Excel@被獭獭军团开除5次(472247053) -> [mirai:image:{8BF34B10-19C1-4195-5866-6DDB73A903D8}.gif, width=249, height=188, size=54265, type=GIF, isEmoji=true]
2023-10-04 17:10:36 V/Bot.2398493975: [獭獭没钱吃饭军团@🎤(887156367)] 獭獭锤子大鸽@被獭獭军团开除(963423936) -> [mirai:image:{8BF34B10-19C1-4195-5866-6DDB73A903D8}.gif, width=249, height=188, size=54265, type=GIF, isEmoji=true]
2023-10-04 17:10:45 V/Bot.2398493975: [獭獭没钱吃饭军团@🎤(887156367)] 獭獭锤子大鸽@被獭獭军团开除(963423936) -> [mirai:image:{8BF34B10-19C1-4195-5866-6DDB73A903D8}.gif, width=249, height=188, size=54265, type=GIF, isEmoji=true]
2023-10-04 17:11:09 V/Bot.2398493975: [獭獭没钱吃饭军团@🎤(887156367)] Freeze_Kirin@给獭獭打工军团(768173212) -> [mirai:image:{8BF34B10-19C1-4195-5866-6DDB73A903D8}.gif, width=249, height=188, size=54265, type=GIF, isEmoji=true]
2023-10-04 17:11:22 V/Bot.2398493975: [獭獭没钱吃饭军团@🎤(887156367)] 獭獭ʕ❍ᴥ❍ʔ道心碎碎军团(1609323331) -> [mirai:image:{8BF34B10-19C1-4195-5866-6DDB73A903D8}.gif, width=249, height=188, size=54265, type=GIF, isEmoji=true]
2023-10-04 17:12:42 V/Bot.2398493975: [test(389193066)] dd小助手(3459246674) -> 赤五教教主亮亮 直播结束了
2023-10-04 17:12:50 V/Bot.2398493975: [test(389193066)] dd小助手(3459246674) -> [mirai:image:{2ACF966E-FC86-B268-E9AE-CB820B046860}.png, width=1000, height=5277, size=698899, type=PNG, isEmoji=false]
2023-10-04 17:17:32 V/Bot.2398493975: [獭獭没钱吃饭军团@🎤(887156367)] Freeze_Kirin@给獭獭打工军团(768173212) -> cy：指望你们画图不一定什么时候能画出来，之前有个学生一年了都没画出来
2023-10-04 17:17:37 V/Bot.2398493975: [獭獭没钱吃饭军团@🎤(887156367)] Freeze_Kirin@给獭獭打工军团(768173212) -> [mirai:image:{E4991951-E98F-244F-A6BE-93A21113BFE4}.jpg, width=1080, height=1080, size=74654, type=JPG, isEmoji=false]
2023-10-04 17:17:48 V/Bot.2398493975: [獭獭没钱吃饭军团@🎤(887156367)] 獭獭ʕ❍ᴥ❍ʔ道心碎碎军团(1609323331) -> [mirai:image:{7B4FAB6B-0BA8-0F4C-F8DC-B2AF31AB603E}.gif, width=512, height=512, size=192357, type=GIF, isEmoji=true]
2023-10-04 17:17:51 V/Bot.2398493975: [獭獭没钱吃饭军团@🎤(887156367)] 獭獭锤子大鸽@被獭獭军团开除(963423936) -> [mirai:image:{783D0AEC-617A-F690-5104-985E9FFC26A9}.jpg, width=1080, height=1080, size=54457, type=JPG, isEmoji=false]
2023-10-04 17:18:59 V/Bot.2398493975: [獭獭没钱吃饭军团@🎤(887156367)] 獭獭ʕ❍ᴥ❍ʔ道心碎碎军团(1609323331) -> [mirai:image:{1B4B916B-8CF4-1699-29CB-A8862F196A5F}.png, width=497, height=71, size=34131, type=PNG, isEmoji=false]不会点了
2023-10-04 17:20:48 V/Bot.2398493975: [獭獭没钱吃饭军团@🎤(887156367)] 獭獭ʕ❍ᴥ❍ʔ道心碎碎军团(1609323331) -> [mirai:image:{43B774D3-A08F-2EAA-E91B-F85CB282495F}.png, width=915, height=726, size=268439, type=PNG, isEmoji=false]
2023-10-04 17:21:22 I/UnidbgFetchQsign: Bot(2398493975) request_token, submit success
2023-10-04 17:25:04 V/Bot.2398493975: [獭獭没钱吃饭军团@🎤(887156367)] zz@獺獺軍団(771507043) -> [mirai:quote:[mirai:source:ids=[78663], internalIds=[-1968246298], from 1609323331 to 887156367 at 1696411248], content=<not yet initialized>][mirai:at:1609323331] 你金弯回呢
2023-10-04 17:25:35 V/Bot.2398493975: [獭獭没钱吃饭军团@🎤(887156367)] 獭獭ʕ❍ᴥ❍ʔ道心碎碎军团(1609323331) -> 樱花进王也要的嘛
2023-10-04 17:25:39 V/Bot.2398493975: [獭獭没钱吃饭军团@🎤(887156367)] 獭獭ʕ❍ᴥ❍ʔ道心碎碎军团(1609323331) -> [mirai:image:{7B4FAB6B-0BA8-0F4C-F8DC-B2AF31AB603E}.gif, width=512, height=512, size=192357, type=GIF, isEmoji=false]
2023-10-04 17:26:28 V/Bot.2398493975: [獭獭没钱吃饭军团@🎤(887156367)] 獭獭ʕ❍ᴥ❍ʔ道心碎碎军团(1609323331) -> [mirai:image:{FC474F42-536C-8B99-BCDB-567951E27140}.png, width=925, height=895, size=279253, type=PNG, isEmoji=false]升不起级
2023-10-04 17:35:33 V/Bot.2398493975: [獭獭没钱吃饭军团@🎤(887156367)] Freeze_Kirin@给獭獭打工军团(768173212) -> 吃啥
2023-10-04 17:35:42 V/Bot.2398493975: [獭獭没钱吃饭军团@🎤(887156367)] 獭獭ʕ❍ᴥ❍ʔ道心碎碎军团(1609323331) -> 吃啥
2023-10-04 17:36:31 V/Bot.2398493975: [獭獭没钱吃饭军团@🎤(887156367)] 獭獭ʕ❍ᴥ❍ʔ道心碎碎军团(1609323331) -> [mirai:image:{0FC8FE3C-BBAD-1C8C-8D00-648D20EF61B0}.png, width=425, height=216, size=176751, type=PNG, isEmoji=false]
2023-10-04 17:40:08 V/Bot.2398493975: [獭獭没钱吃饭军团@🎤(887156367)] 獭獭ʕ❍ᴥ❍ʔ道心碎碎军团(1609323331) -> https://www.bilibili.com/video/BV1oG41127aM/?spm_id_from=333.337.search-card.all.click&vd_source=91d404670924d807012d31a3dd9b9caa [mirai:at:963423936] [mirai:at:963423936] [mirai:at:963423936] [mirai:at:963423936] [mirai:at:963423936]
2023-10-04 17:42:08 V/Bot.2398493975: [獭獭没钱吃饭军团@🎤(887156367)] 獭獭锤子大鸽@被獭獭军团开除(963423936) -> [mirai:image:{28465D2A-17E3-E4BB-A59E-4F5B806757B7}.gif, width=200, height=156, size=46389, type=GIF, isEmoji=true]
2023-10-04 17:43:45 V/Bot.2398493975: [獭獭没钱吃饭军团@🎤(887156367)] Freeze_Kirin@给獭獭打工军团(768173212) -> [mirai:image:{BB66F74F-EE3E-1D65-C17E-47AC68171CB1}.png, width=1371, height=669, size=552793, type=PNG, isEmoji=false]
2023-10-04 17:45:36 V/Bot.2398493975: [獭獭没钱吃饭军团@🎤(887156367)] 獭獭ʕ❍ᴥ❍ʔ道心碎碎军团(1609323331) -> [mirai:image:{07481ABA-BEAC-84E0-1F16-FF76A8348738}.png, width=256, height=256, size=824394, type=GIF, isEmoji=false]
2023-10-04 17:47:37 V/Bot.2398493975: [獭獭没钱吃饭军团@🎤(887156367)] 哭哭Excel@被獭獭军团开除5次(472247053) -> [mirai:image:{28465D2A-17E3-E4BB-A59E-4F5B806757B7}.gif, width=200, height=156, size=46389, type=GIF, isEmoji=false]
2023-10-04 17:50:04 V/Bot.2398493975: [獭獭没钱吃饭军团@🎤(887156367)] 獭獭ʕ❍ᴥ❍ʔ道心碎碎军团(1609323331) -> [mirai:image:{1FBDBB1A-70AF-1063-EC75-0E0A32AE1379}.gif, width=180, height=180, size=45466, type=GIF, isEmoji=true]
2023-10-04 17:50:25 V/Bot.2398493975: [獭獭没钱吃饭军团@🎤(887156367)] zz@獺獺軍団(771507043) -> 刚吃完食堂
2023-10-04 17:50:35 V/Bot.2398493975: [獭獭没钱吃饭军团@🎤(887156367)] 獭獭ʕ❍ᴥ❍ʔ道心碎碎军团(1609323331) -> [mirai:image:{069A1F5C-14BA-0826-B338-1A6034F01F8D}.gif, width=368, height=286, size=88620, type=GIF, isEmoji=true]
2023-10-04 17:50:37 V/Bot.2398493975: [獭獭没钱吃饭军团@🎤(887156367)] 獭獭ʕ❍ᴥ❍ʔ道心碎碎军团(1609323331) -> 那玩啥
2023-10-04 17:50:40 V/Bot.2398493975: [獭獭没钱吃饭军团@🎤(887156367)] 獭獭有钱吃饭军团太子(1297471104) -> 玩啥
2023-10-04 17:50:44 V/Bot.2398493975: [獭獭没钱吃饭军团@🎤(887156367)] zz@獺獺軍団(771507043) -> 玩啥
2023-10-04 17:50:50 V/Bot.2398493975: [獭獭没钱吃饭军团@🎤(887156367)] Freeze_Kirin@给獭獭打工军团(768173212) -> [mirai:image:{069A1F5C-14BA-0826-B338-1A6034F01F8D}.gif, width=368, height=286, size=88620, type=GIF, isEmoji=true]
2023-10-04 17:50:53 V/Bot.2398493975: [獭獭没钱吃饭军团@🎤(887156367)] Freeze_Kirin@给獭獭打工军团(768173212) -> 我要吃早饭
2023-10-04 17:56:18 V/Bot.2398493975: [獭獭没钱吃饭军团@🎤(887156367)] 獭獭ʕ❍ᴥ❍ʔ道心碎碎军团(1609323331) -> [mirai:at:1297471104] ！记仇
2023-10-04 17:56:20 V/Bot.2398493975: Group(887156367) <- 您与淡情余描未わ共进行过17场对局，你对TA的仇恨值为0。
你的胜率：52.94%
你的均顺：2.59
对方均顺：2.59
2023-10-04 17:56:25 V/Bot.2398493975: [獭獭没钱吃饭军团@🎤(887156367)] 獭獭ʕ❍ᴥ❍ʔ道心碎碎军团(1609323331) -> [mirai:image:{AFC6E4DA-4B8F-DE2C-C933-606D21498AA0}.png, width=324, height=300, size=62607, type=GIF, isEmoji=true]
2023-10-04 17:58:23 V/Bot.2398493975: [test(389193066)] 时雨(1609323331) -> [mirai:at:2461942798] ！记仇
2023-10-04 17:58:24 V/Bot.2398493975: Group(389193066) <- 您与yyyouch共进行过7场对局，你对TA的仇恨值为0。
你的胜率：42.86%
你的均顺：2.57
对方均顺：2.57
2023-10-04 17:58:43 V/Bot.2398493975: [獭獭没钱吃饭军团@🎤(887156367)] 獭獭ʕ❍ᴥ❍ʔ道心碎碎军团(1609323331) -> ！吃鱼
2023-10-04 17:58:44 V/Bot.2398493975: Group(887156367) <- 昵称：獭獭ʕ❍ᴥ❍ʔ道心碎碎军团
段位：3级
rate：1391.66
近期顺位：2232233314
更多数据请访问：http://shanghaitech-mahjong.top/userid/1609323331
2023-10-04 18:01:23 I/UnidbgFetchQsign: Bot(2398493975) request_token, submit success
2023-10-04 18:15:53 V/Bot.2398493975: [獭獭没钱吃饭军团@🎤(887156367)] Freeze_Kirin@给獭獭打工军团(768173212) -> 吃啥
2023-10-04 18:27:54 V/Bot.2398493975: [獭獭没钱吃饭军团@🎤(887156367)] zz@獺獺軍団(771507043) -> ！吃鱼
2023-10-04 18:27:56 V/Bot.2398493975: Group(887156367) <- 昵称：zz@獺獺軍団
段位：2级
rate：1645.99
近期顺位：3421311222
更多数据请访问：http://shanghaitech-mahjong.top/userid/771507043
2023-10-04 18:30:39 V/Bot.2398493975: [獭獭没钱吃饭军团@🎤(887156367)] Freeze_Kirin@给獭獭打工军团(768173212) -> ！被吃
2023-10-04 18:30:40 V/Bot.2398493975: Group(887156367) <- 昵称：只困君
段位：新人
rate：1577.08
近期顺位：122123
更多数据请访问：http://shanghaitech-mahjong.top/userid/768173212
2023-10-04 18:30:54 V/Bot.2398493975: [獭獭没钱吃饭军团@🎤(887156367)] 獭獭ʕ❍ᴥ❍ʔ道心碎碎军团(1609323331) -> ！吃饭
2023-10-04 18:31:10 V/Bot.2398493975: [獭獭没钱吃饭军团@🎤(887156367)] Freeze_Kirin@给獭獭打工军团(768173212) -> 祥子不吃饭
2023-10-04 18:31:13 V/Bot.2398493975: [獭獭没钱吃饭军团@🎤(887156367)] Freeze_Kirin@给獭獭打工军团(768173212) -> 只吃鱼
2023-10-04 18:31:15 V/Bot.2398493975: [獭獭没钱吃饭军团@🎤(887156367)] 獭獭ʕ❍ᴥ❍ʔ道心碎碎军团(1609323331) -> [mirai:image:{F0451D10-C6B1-C6EE-086A-832765A52BE5}.png, width=525, height=568, size=128518, type=GIF, isEmoji=true]
2023-10-04 18:32:35 V/Bot.2398493975: [獭獭没钱吃饭军团@🎤(887156367)] Freeze_Kirin@给獭獭打工军团(768173212) -> 玩啥
2023-10-04 18:33:25 V/Bot.2398493975: [SHT荔枝麻酱协会(493057481)] 大可奇丽(1485280964) -> [mirai:image:{D6D013BD-D5B8-06FB-8144-874F1E210F83}.jpg, width=224, height=224, size=16934, type=JPG, isEmoji=true]
2023-10-04 18:37:48 V/Bot.2398493975: [獭獭没钱吃饭军团@🎤(887156367)] 獭獭ʕ❍ᴥ❍ʔ道心碎碎军团(1609323331) -> 玩啥
2023-10-04 18:41:29 I/UnidbgFetchQsign: Bot(2398493975) request_token, submit success
2023-10-04 18:49:40 V/Bot.2398493975: [獭獭没钱吃饭军团@🎤(887156367)] Freeze_Kirin@给獭獭打工军团(768173212) -> [mirai:at:1297471104] [mirai:at:771507043] 玩
2023-10-04 18:50:27 V/Bot.2398493975: [獭獭没钱吃饭军团@🎤(887156367)] Freeze_Kirin@给獭獭打工军团(768173212) -> [mirai:image:{069A1F5C-14BA-0826-B338-1A6034F01F8D}.png, width=368, height=286, size=88620, type=GIF, isEmoji=true]
2023-10-04 18:50:43 V/Bot.2398493975: [獭獭没钱吃饭军团@🎤(887156367)] Freeze_Kirin@给獭獭打工军团(768173212) -> 哇，看到一个人抱着宜家大鲨鱼走过
2023-10-04 19:09:32 V/Bot.2398493975: [獭獭没钱吃饭军团@🎤(887156367)] 獭獭有钱吃饭军团太子(1297471104) -> 玩啥~
2023-10-04 19:14:21 V/Bot.2398493975: [SHT荔枝麻酱协会(493057481)] ライちゃん(392595084) -> 今晚有无
2023-10-04 19:14:40 V/Bot.2398493975: [獭獭没钱吃饭军团@🎤(887156367)] 獭獭锤子大鸽@被獭獭军团开除(963423936) -> [mirai:image:{069A1F5C-14BA-0826-B338-1A6034F01F8D}.gif, width=368, height=286, size=88620, type=GIF, isEmoji=true]
2023-10-04 19:14:44 V/Bot.2398493975: [獭獭没钱吃饭军团@🎤(887156367)] 獭獭锤子大鸽@被獭獭军团开除(963423936) -> 玩啥~
2023-10-04 19:15:25 V/Bot.2398493975: Event: MemberCardChangeEvent(origin=🍙❤️我剪刀妹巨c🐑, new=, member=NormalMember(3052801875))
2023-10-04 19:15:25 V/Bot.2398493975: [SHT荔枝麻酱协会(493057481)] 🍙❤️我剪刀妹巨c🐑(3052801875) -> 正在学
2023-10-04 19:15:30 V/Bot.2398493975: [SHT荔枝麻酱协会(493057481)] 🍙❤️我剪刀妹巨c🐑(3052801875) -> [mirai:image:{C3F5714C-A28E-91B5-F288-ED879CF82FF5}.png, width=300, height=300, size=5820, type=JPG, isEmoji=true]
2023-10-04 19:15:47 V/Bot.2398493975: [獭獭没钱吃饭军团@🎤(887156367)] 冰水@不会反身跳军团(308217149) -> 玩啥
2023-10-04 19:15:55 V/Bot.2398493975: [獭獭没钱吃饭军团@🎤(887156367)] 冰水@不会反身跳军团(308217149) -> 直接都背叛mc了是吧（）
2023-10-04 19:16:00 V/Bot.2398493975: [獭獭没钱吃饭军团@🎤(887156367)] 獭獭有钱吃饭军团太子(1297471104) -> [mirai:image:{F9AF4EC7-82E9-14DF-F653-D49935B68E36}.jpg, width=1080, height=1080, size=863690, type=PNG, isEmoji=true]
2023-10-04 19:16:18 V/Bot.2398493975: [獭獭没钱吃饭军团@🎤(887156367)] 獭獭锤子大鸽@被獭獭军团开除(963423936) -> [mirai:image:{B1416912-C911-EEB2-5EE4-EE03AC0B54CF}.gif, width=128, height=103, size=48314, type=GIF, isEmoji=true]
2023-10-04 19:16:20 V/Bot.2398493975: [獭獭没钱吃饭军团@🎤(887156367)] 獭獭锤子大鸽@被獭獭军团开除(963423936) -> 那我来MC
2023-10-04 19:16:21 V/Bot.2398493975: [獭獭没钱吃饭军团@🎤(887156367)] 獭獭锤子大鸽@被獭獭军团开除(963423936) -> 冰子教我
2023-10-04 19:16:24 V/Bot.2398493975: [獭獭没钱吃饭军团@🎤(887156367)] 獭獭锤子大鸽@被獭獭军团开除(963423936) -> 怎么造
2023-10-04 19:16:44 V/Bot.2398493975: [獭獭没钱吃饭军团@🎤(887156367)] 獭獭有钱吃饭军团太子(1297471104) -> 传下去，笨笨要造冰子
2023-10-04 19:17:26 V/Bot.2398493975: [獭獭没钱吃饭军团@🎤(887156367)] 冰水@不会反身跳军团(308217149) -> 都有教程啊（）
2023-10-04 19:17:52 V/Bot.2398493975: [獭獭没钱吃饭军团@🎤(887156367)] 冰水@不会反身跳军团(308217149) -> 或者我造一套装备给你 你去bossrush（）
2023-10-04 19:18:06 V/Bot.2398493975: [獭獭没钱吃饭军团@🎤(887156367)] 獭獭锤子大鸽@被獭獭军团开除(963423936) -> [mirai:image:{6E83AEEA-B969-5524-D8FC-14FF5EA2E351}.gif, width=512, height=512, size=25416, type=GIF, isEmoji=true]
2023-10-04 19:18:08 V/Bot.2398493975: [獭獭没钱吃饭军团@🎤(887156367)] 獭獭锤子大鸽@被獭獭军团开除(963423936) -> 我是笨笨
2023-10-04 19:18:15 V/Bot.2398493975: [test(389193066)] 淡情余描未わ(1297471104) -> [mirai:at:2398493975] ！记仇
2023-10-04 19:18:17 V/Bot.2398493975: Group(389193066) <- 未找到该用户的信息！
2023-10-04 19:20:48 V/Bot.2398493975: [SHT荔枝麻酱协会(493057481)] MEOW@獭獭bot(1609323331) -> https://game.bilibili.com/tool/pd/
2023-10-04 19:21:07 V/Bot.2398493975: Event: GroupRecall(bot=Bot(2398493975), authorId=1609323331, messageIds=[288020], messageInternalIds=[871001754], messageTime=1696418447, operator=NormalMember(1609323331), group=Group(493057481), author=NormalMember(1609323331))
2023-10-04 19:21:30 I/UnidbgFetchQsign: Bot(2398493975) request_token, submit success
2023-10-04 19:27:49 V/Bot.2398493975: [SHT荔枝麻酱协会(493057481)] 布莱克提(690875992) -> [mirai:app:{"ver":"1.0.0.19","desc":"王座之间.exe","prompt":"[QQ小程序]王座之间.exe","config":{"type":"normal","width":0,"height":0,"forward":1,"autoSize":0,"ctime":1696418855,"token":"e7bd6964d44b947b011caedb457253ab"},"needShareCallBack":false,"app":"com.tencent.miniapp_01","view":"view_8C8E89B49BE609866298ADDFF2DBABA4","meta":{"detail_1":{"appid":"1109937557","appType":0,"title":"哔哩哔哩","desc":"王座之间.exe","icon":"https:\/\/open.gtimg.cn\/open\/app_icon\/00\/95\/17\/76\/100951776_100_m.png?t=1695779018","url":"m.q.qq.com\/a\/s\/9539c782c12a472dca3aeeef8779f13c","scene":1036,"host":{"uin":690875992,"nick":"布莱克提"},"shareTemplateId":"8C8E89B49BE609866298ADDFF2DBABA4","shareTemplateData":{},"qqdocurl":"https:\/\/b23.tv\/oeLlJL8?share_medium=android&share_source=qq&bbid=XUB7CADB1E9EC92F27759FE9675C4A79249BC&ts=1696418853522","showLittleTail":"","gamePoints":"","gamePointsUrl":"","preview":"pubminishare-30161.picsz.qpic.cn\/2baae181-ad3b-4dda-9c3c-14dc40b49d99"}}}]
2023-10-04 19:28:54 V/Bot.2398493975: [獭獭没钱吃饭军团@🎤(887156367)] 獭獭ʕ❍ᴥ❍ʔ道心碎碎军团(1609323331) -> [mirai:image:{70B0ABB0-7047-9680-12C1-D1C983E704C6}.png, width=4096, height=1891, size=2077940, type=JPG, isEmoji=false]
2023-10-04 19:29:43 V/Bot.2398493975: [獭獭没钱吃饭军团@🎤(887156367)] 獭獭ʕ❍ᴥ❍ʔ道心碎碎军团(1609323331) -> [mirai:image:{6E83AEEA-B969-5524-D8FC-14FF5EA2E351}.png, width=512, height=512, size=25416, type=GIF, isEmoji=true]
2023-10-04 19:31:47 V/Bot.2398493975: [獭獭没钱吃饭军团@🎤(887156367)] 獭獭锤子大鸽@被獭獭军团开除(963423936) -> [mirai:image:{6E83AEEA-B969-5524-D8FC-14FF5EA2E351}.gif, width=512, height=512, size=25416, type=GIF, isEmoji=true]
2023-10-04 19:32:18 V/Bot.2398493975: [獭獭没钱吃饭军团@🎤(887156367)] Freeze_Kirin@给獭獭打工军团(768173212) -> mc被蜜蜂搞伤心了
2023-10-04 19:32:33 V/Bot.2398493975: [獭獭没钱吃饭军团@🎤(887156367)] 獭獭有钱吃饭军团太子(1297471104) -> 那去饥荒里搞杀人蜂
2023-10-04 19:32:37 V/Bot.2398493975: [獭獭没钱吃饭军团@🎤(887156367)] Freeze_Kirin@给獭獭打工军团(768173212) -> 打会牌回去继续养
2023-10-04 19:32:46 V/Bot.2398493975: [獭獭没钱吃饭军团@🎤(887156367)] 獭獭有钱吃饭军团太子(1297471104) -> 那我呢？
2023-10-04 19:33:01 V/Bot.2398493975: [獭獭没钱吃饭军团@🎤(887156367)] 冰水@不会反身跳军团(308217149) -> 封住还会瞬移走吗）
2023-10-04 19:33:13 V/Bot.2398493975: [獭獭没钱吃饭军团@🎤(887156367)] 冰水@不会反身跳军团(308217149) -> 蜜蜂是真没玩过
2023-10-04 19:33:14 V/Bot.2398493975: [獭獭没钱吃饭军团@🎤(887156367)] 獭獭有钱吃饭军团太子(1297471104) -> [mirai:image:{11D3695C-BC0D-E3E4-390C-1D8D5FE272AE}.jpg, width=220, height=220, size=39540, type=GIF, isEmoji=true]
2023-10-04 19:33:48 V/Bot.2398493975: [獭獭没钱吃饭军团@🎤(887156367)] Freeze_Kirin@给獭獭打工军团(768173212) -> [mirai:quote:[mirai:source:ids=[78725], internalIds=[679578238], from 308217149 to 887156367 at 1696419181], content=<not yet initialized>][mirai:at:308217149] 末影蜜蜂会瞬移
2023-10-04 19:34:06 V/Bot.2398493975: [獭獭没钱吃饭军团@🎤(887156367)] 獭獭有钱吃饭军团太子(1297471104) -> ？
2023-10-04 19:34:06 V/Bot.2398493975: [獭獭没钱吃饭军团@🎤(887156367)] Freeze_Kirin@给獭獭打工军团(768173212) -> 而且我明明做了护符不让他瞬移
2023-10-04 19:34:10 V/Bot.2398493975: [獭獭没钱吃饭军团@🎤(887156367)] Freeze_Kirin@给獭獭打工军团(768173212) -> 她还是跑了
2023-10-04 19:34:15 V/Bot.2398493975: [獭獭没钱吃饭军团@🎤(887156367)] 獭獭有钱吃饭军团太子(1297471104) -> mc已经进化到这种程度了吗
2023-10-04 19:34:23 V/Bot.2398493975: [獭獭没钱吃饭军团@🎤(887156367)] 冰水@不会反身跳军团(308217149) -> 怪
2023-10-04 19:34:37 V/Bot.2398493975: [獭獭没钱吃饭军团@🎤(887156367)] 冰水@不会反身跳军团(308217149) -> 不过末影蜜蜂 能搞啥
2023-10-04 19:35:27 V/Bot.2398493975: [獭獭没钱吃饭军团@🎤(887156367)] Freeze_Kirin@给獭獭打工军团(768173212) -> 自己可以生产末影珍珠
2023-10-04 19:35:38 V/Bot.2398493975: [獭獭没钱吃饭军团@🎤(887156367)] Freeze_Kirin@给獭獭打工军团(768173212) -> 还能配种合成其他蜜蜂
2023-10-04 19:36:05 V/Bot.2398493975: [獭獭没钱吃饭军团@🎤(887156367)] Freeze_Kirin@给獭獭打工军团(768173212) -> 钻石蜜蜂就是它和其他蜜蜂生的
2023-10-04 19:36:16 V/Bot.2398493975: [獭獭没钱吃饭军团@🎤(887156367)] 冰水@不会反身跳军团(308217149) -> 那让它呆在精灵球里 配种的时候再放出来得了）
2023-10-04 19:36:41 V/Bot.2398493975: [獭獭没钱吃饭军团@🎤(887156367)] Freeze_Kirin@给獭獭打工军团(768173212) -> 不要！
2023-10-04 19:36:59 V/Bot.2398493975: [獭獭没钱吃饭军团@🎤(887156367)] Freeze_Kirin@给獭獭打工军团(768173212) -> 蜜蜂可以产蜂蜜
2023-10-04 19:37:12 V/Bot.2398493975: [獭獭没钱吃饭军团@🎤(887156367)] Freeze_Kirin@给獭獭打工军团(768173212) -> 可以做快乐的蜂蜜曲奇
2023-10-04 19:50:31 V/Bot.2398493975: [SHT荔枝麻酱协会(493057481)] 淡情余描未わ(1297471104) -> 3q1
2023-10-04 19:50:36 V/Bot.2398493975: [SHT荔枝麻酱协会(493057481)] 淡情余描未わ(1297471104) -> 不对
2023-10-04 19:50:37 V/Bot.2398493975: [SHT荔枝麻酱协会(493057481)] 淡情余描未わ(1297471104) -> 7q1
2023-10-04 19:57:26 V/Bot.2398493975: [獭獭没钱吃饭军团@🎤(887156367)] 獭獭有钱吃饭军团太子(1297471104) -> 冰子是笨蛋
2023-10-04 19:57:27 V/Bot.2398493975: [獭獭没钱吃饭军团@🎤(887156367)] 獭獭有钱吃饭军团太子(1297471104) -> 人来了
2023-10-04 19:57:29 V/Bot.2398493975: [獭獭没钱吃饭军团@🎤(887156367)] 獭獭有钱吃饭军团太子(1297471104) -> 你人呢
2023-10-04 19:58:19 V/Bot.2398493975: [獭獭没钱吃饭军团@🎤(887156367)] 冰水@不会反身跳军团(308217149) -> 刚回宿舍.jpg
2023-10-04 19:59:48 V/Bot.2398493975: [獭獭没钱吃饭军团@🎤(887156367)] 冰水@不会反身跳军团(308217149) -> 不跟你掰扯就已经回去了x
2023-10-04 20:01:31 I/UnidbgFetchQsign: Bot(2398493975) request_token, submit success
2023-10-04 20:02:32 V/Bot.2398493975: [獭獭没钱吃饭军团@🎤(887156367)] 獭獭有钱吃饭军团太子(1297471104) -> [mirai:image:{6ADF6A5B-B2E4-32AA-FA94-386404B93AF3}.jpg, width=1080, height=1117, size=157437, type=JPG, isEmoji=true]
2023-10-04 20:02:34 V/Bot.2398493975: [test(389193066)] dd小助手(3459246674) -> 赤五教教主亮亮 正在直播 下午吃1了，晚上打友人
https://live.bilibili.com/23490978
2023-10-04 20:02:35 V/Bot.2398493975: [test(389193066)] dd小助手(3459246674) -> [mirai:image:{4209C5EF-88AE-8346-2B76-41C6A739D801}.jpg, width=704, height=396, size=95467, type=JPG, isEmoji=false]
2023-10-04 20:02:36 V/Bot.2398493975: [test(389193066)] dd小助手(3459246674) -> 已设置@全体成员但没有管理员权限,将尝试@指定成员,请需要接收单独@消息的群员使用"开播@我"命令进行订阅
2023-10-04 20:29:43 V/Bot.2398493975: [獭獭没钱吃饭军团@🎤(887156367)] 獭獭ʕ❍ᴥ❍ʔ道心碎碎军团(1609323331) -> 3000
2023-10-04 20:29:53 V/Bot.2398493975: [SHT荔枝麻酱协会(493057481)] zz(771507043) -> 20900
2023-10-04 20:29:53 V/Bot.2398493975: [SHT荔枝麻酱协会(493057481)] 只困君(768173212) -> 15900
2023-10-04 20:30:01 V/Bot.2398493975: Event: MemberCardChangeEvent(origin=獭獭ʕ❍ᴥ❍ʔ道心碎碎军团, new=獭獭ʕ❍ᴥ❍ʔ獭獭军团, member=NormalMember(1609323331))
2023-10-04 20:30:01 V/Bot.2398493975: [獭獭没钱吃饭军团@🎤(887156367)] 獭獭ʕ❍ᴥ❍ʔ獭獭军团(1609323331) -> ！注册
2023-10-04 20:30:02 V/Bot.2398493975: Group(887156367) <- 玩家獭獭ʕ❍ᴥ❍ʔ獭獭军团注册成功！
2023-10-04 20:30:04 V/Bot.2398493975: [SHT荔枝麻酱协会(493057481)] 太空军校生(2727776885) -> 60200
2023-10-04 20:30:05 V/Bot.2398493975: Group(493057481) <- 记录成功：
太空军校生: 60200
zz: 20900
只困君: 15900
獭獭ʕ❍ᴥ❍ʔ道心碎碎军团: 3000
2023-10-04 20:31:46 V/Bot.2398493975: [獭獭没钱吃饭军团@🎤(887156367)] 獭獭锤子大鸽@被獭獭军团开除(963423936) -> 獭獭ʕ❍ᴥ❍ʔ獭獭军团
2023-10-04 20:33:38 V/Bot.2398493975: [獭獭没钱吃饭军团@🎤(887156367)] hm@獭獭不走人行道军团(2461942798) -> [mirai:at:1609323331] ！吃鱼
2023-10-04 20:33:39 V/Bot.2398493975: Group(887156367) <- 昵称：獭獭ʕ❍ᴥ❍ʔ道心碎碎军团
段位：3级
rate：1366.43
近期顺位：2322333144
更多数据请访问：http://shanghaitech-mahjong.top/userid/1609323331
2023-10-04 20:34:17 V/Bot.2398493975: [獭獭没钱吃饭军团@🎤(887156367)] 獭獭ʕ❍ᴥ❍ʔ獭獭军团(1609323331) -> [mirai:image:{AFC6E4DA-4B8F-DE2C-C933-606D21498AA0}.png, width=324, height=300, size=62607, type=GIF, isEmoji=true]
2023-10-04 20:41:37 I/UnidbgFetchQsign: Bot(2398493975) request_token, submit success
2023-10-04 20:41:56 V/Bot.2398493975: [獭獭没钱吃饭军团@🎤(887156367)] Freeze_Kirin@给獭獭打工军团(768173212) -> 狂暴养蜜蜂仙人，上线
2023-10-04 20:55:35 V/Bot.2398493975: [獭獭没钱吃饭军团@🎤(887156367)] 獭獭ʕ❍ᴥ❍ʔ獭獭军团(1609323331) -> 草
2023-10-04 20:55:50 V/Bot.2398493975: [獭獭没钱吃饭军团@🎤(887156367)] 獭獭ʕ❍ᴥ❍ʔ獭獭军团(1609323331) -> [mirai:image:{725BC7DE-C478-2613-4FD6-A8A9B72D3777}.png, width=1121, height=1223, size=117147, type=JPG, isEmoji=false]
2023-10-04 20:56:00 V/Bot.2398493975: [獭獭没钱吃饭军团@🎤(887156367)] 獭獭ʕ❍ᴥ❍ʔ獭獭军团(1609323331) -> [mirai:image:{94880049-5AFF-E131-E88E-58600FB5F500}.png, width=1023, height=460, size=50231, type=JPG, isEmoji=false]
2023-10-04 20:57:28 V/Bot.2398493975: [獭獭没钱吃饭军团@🎤(887156367)] hzc@獭獭軍団二度受(2384102753) -> 然后最高还只有725w
2023-10-04 20:57:30 V/Bot.2398493975: [獭獭没钱吃饭军团@🎤(887156367)] hzc@獭獭軍団二度受(2384102753) -> 摆了
2023-10-04 21:00:47 V/Bot.2398493975: [獭獭没钱吃饭军团@🎤(887156367)] 獭獭ʕ❍ᴥ❍ʔ獭獭军团(1609323331) -> [mirai:image:{E54F03E0-39B2-27A5-6641-1A8B011E7068}.png, width=300, height=262, size=16987, type=JPG, isEmoji=false]
2023-10-04 21:00:54 V/Bot.2398493975: [獭獭没钱吃饭军团@🎤(887156367)] 獭獭ʕ❍ᴥ❍ʔ獭獭军团(1609323331) -> [mirai:image:{FCD07CB2-D2AD-30AD-2619-E7F4398ABE4A}.png, width=512, height=420, size=441219, type=GIF, isEmoji=true]
2023-10-04 21:01:30 V/Bot.2398493975: [獭獭没钱吃饭军团@🎤(887156367)] 獭獭锤子大鸽@被獭獭军团开除(963423936) -> [mirai:image:{56FDCC0A-AC8D-6CD9-A637-CE7B962F9636}.jpg, width=300, height=262, size=11032, type=JPG, isEmoji=false]
2023-10-04 21:01:31 V/Bot.2398493975: [SHT荔枝麻酱协会(493057481)] 隔壁老王(297234073) -> thpt hzc
2023-10-04 21:01:32 V/Bot.2398493975: [SHT荔枝麻酱协会(493057481)] Freeze_Kirin(947603216) -> hzc [九段 1425/3600][３級 45/100]
最高段位 [九段 2715/3600][３級 45/100]
最近战绩 [4223142423][]
四麻首次升凤时间: 3/27/2021
最高段位达成时间: 4/11/2022
2023-10-04 21:01:42 V/Bot.2398493975: [SHT荔枝麻酱协会(493057481)] naf2021(3469392519) -> [mirai:image:{F3FD360C-DF21-E761-7C94-89BBF2723614}.jpg, width=66, height=66, size=1566, type=JPG, isEmoji=true]
2023-10-04 21:17:57 V/Bot.2398493975: [SHT荔枝麻酱协会(493057481)] 4000all！(1846411487) -> 25000
2023-10-04 21:18:01 V/Bot.2398493975: [SHT荔枝麻酱协会(493057481)] 淡情余描未わ(1297471104) -> 13700
2023-10-04 21:18:06 V/Bot.2398493975: [SHT荔枝麻酱协会(493057481)] 牙牙(1105692313) -> 36100
2023-10-04 21:18:06 V/Bot.2398493975: [SHT荔枝麻酱协会(493057481)] 风行(1685448924) -> 25000
2023-10-04 21:18:07 V/Bot.2398493975: Group(493057481) <- 点数有误，总和不为100000！
2023-10-04 21:18:08 V/Bot.2398493975: [SHT荔枝麻酱协会(493057481)] 风行(1685448924) -> ？
2023-10-04 21:18:13 V/Bot.2398493975: [SHT荔枝麻酱协会(493057481)] 小红@獭獭军团(963423936) -> ？
2023-10-04 21:18:14 V/Bot.2398493975: [SHT荔枝麻酱协会(493057481)] 风行(1685448924) -> 我复读了一下
2023-10-04 21:18:17 V/Bot.2398493975: [SHT荔枝麻酱协会(493057481)] 风行(1685448924) -> [mirai:image:{916E801A-2D48-4A10-6A61-8DCFB7932525}.jpg, width=586, height=660, size=86809, type=JPG, isEmoji=true]
2023-10-04 21:18:23 V/Bot.2398493975: [SHT荔枝麻酱协会(493057481)] 淡情余描未わ(1297471104) -> ？
2023-10-04 21:18:25 V/Bot.2398493975: [SHT荔枝麻酱协会(493057481)] 淡情余描未わ(1297471104) -> 取消
2023-10-04 21:18:26 V/Bot.2398493975: Group(493057481) <- 取消成功，请重新输入点数
2023-10-04 21:18:27 V/Bot.2398493975: [SHT荔枝麻酱协会(493057481)] 小红@獭獭军团(963423936) -> 复读分数
2023-10-04 21:18:29 V/Bot.2398493975: [SHT荔枝麻酱协会(493057481)] 小红@獭獭军团(963423936) -> 按照群规
2023-10-04 21:18:31 V/Bot.2398493975: [SHT荔枝麻酱协会(493057481)] 淡情余描未わ(1297471104) -> 13700
2023-10-04 21:18:31 V/Bot.2398493975: [SHT荔枝麻酱协会(493057481)] 小红@獭獭军团(963423936) -> 是要口球一天的
2023-10-04 21:18:31 V/Bot.2398493975: [SHT荔枝麻酱协会(493057481)] 4000all！(1846411487) -> 2500
2023-10-04 21:18:37 V/Bot.2398493975: [SHT荔枝麻酱协会(493057481)] 风行(1685448924) -> 口我
2023-10-04 21:18:39 V/Bot.2398493975: [SHT荔枝麻酱协会(493057481)] 风行(1685448924) -> [mirai:image:{97F83853-43C6-001E-93D9-C2B45FBB2278}.gif, width=250, height=304, size=1392331, type=GIF, isEmoji=true]
2023-10-04 21:18:39 V/Bot.2398493975: [SHT荔枝麻酱协会(493057481)] 晨 飔(859073042) -> 25200
2023-10-04 21:18:39 V/Bot.2398493975: Event: GroupRecall(bot=Bot(2398493975), authorId=1846411487, messageIds=[288048], messageInternalIds=[1831236245], messageTime=1696425511, operator=NormalMember(1846411487), group=Group(493057481), author=NormalMember(1846411487))
2023-10-04 21:18:41 V/Bot.2398493975: [SHT荔枝麻酱协会(493057481)] naf2021(3469392519) -> 建议@lax
2023-10-04 21:18:43 V/Bot.2398493975: [SHT荔枝麻酱协会(493057481)] 4000all！(1846411487) -> 2500
2023-10-04 21:18:44 V/Bot.2398493975: [SHT荔枝麻酱协会(493057481)] naf2021(3469392519) -> [mirai:image:{43CF5E2E-9277-1C9B-79EB-FA86E5665C9D}.jpg, width=160, height=149, size=2742, type=JPG, isEmoji=true]
2023-10-04 21:18:49 V/Bot.2398493975: Event: GroupRecall(bot=Bot(2398493975), authorId=1846411487, messageIds=[288053], messageInternalIds=[2082035080], messageTime=1696425523, operator=NormalMember(1846411487), group=Group(493057481), author=NormalMember(1846411487))
2023-10-04 21:18:51 V/Bot.2398493975: [SHT荔枝麻酱协会(493057481)] 风行(1685448924) -> ？
2023-10-04 21:18:52 V/Bot.2398493975: [SHT荔枝麻酱协会(493057481)] 4000all！(1846411487) -> 25000
2023-10-04 21:19:19 V/Bot.2398493975: [SHT荔枝麻酱协会(493057481)] 淡情余描未わ(1297471104) -> 36100[mirai:at:1105692313] 
2023-10-04 21:19:20 V/Bot.2398493975: Group(493057481) <- 记录成功：
牙牙: 36100
晨 飔: 25200
4000all！: 25000
淡情余描未わ: 13700
2023-10-04 21:21:19 V/Bot.2398493975: [SHT荔枝麻酱协会(493057481)] yyyouch(2461942798) -> 还有桌吗
2023-10-04 21:21:38 I/UnidbgFetchQsign: Bot(2398493975) request_token, submit success
2023-10-04 21:21:38 V/Bot.2398493975: [SHT荔枝麻酱协会(493057481)] 淡情余描未わ(1297471104) -> 8＝0捏
2023-10-04 21:21:56 V/Bot.2398493975: [SHT荔枝麻酱协会(493057481)] yyyouch(2461942798) -> [mirai:image:{94BA1642-87DC-55B4-4742-03D5A03B9E7B}.gif, width=191, height=161, size=172228, type=GIF, isEmoji=true]
2023-10-04 21:24:22 V/Bot.2398493975: [test(389193066)] 时雨(1609323331) -> ！test
2023-10-04 21:24:23 V/Bot.2398493975: Group(389193066) <- {}
2023-10-04 21:24:30 V/Bot.2398493975: [test(389193066)] 时雨(1609323331) -> ！匿名25000
2023-10-04 21:24:35 V/Bot.2398493975: [test(389193066)] 时雨(1609323331) -> ！匿名25000
2023-10-04 21:24:38 V/Bot.2398493975: [test(389193066)] 时雨(1609323331) -> ！匿名25000
2023-10-04 21:24:43 V/Bot.2398493975: [test(389193066)] 时雨(1609323331) -> ２５０００
2023-10-04 21:24:51 V/Bot.2398493975: [test(389193066)] 时雨(1609323331) -> 25000
2023-10-04 21:25:12 V/Bot.2398493975: Event: GroupRecall(bot=Bot(2398493975), authorId=1609323331, messageIds=[38903], messageInternalIds=[227773708], messageTime=1696425891, operator=NormalMember(1609323331), group=Group(389193066), author=NormalMember(1609323331))
2023-10-04 21:25:17 V/Bot.2398493975: [test(389193066)] 时雨(1609323331) -> ！test
2023-10-04 21:25:18 V/Bot.2398493975: Group(389193066) <- {'1609323331': 25000}
2023-10-04 21:25:19 V/Bot.2398493975: [SHT荔枝麻酱协会(493057481)] ✨(295021149) -> 可以来德
2023-10-04 21:25:24 V/Bot.2398493975: [test(389193066)] 时雨(1609323331) -> ！取消
2023-10-04 21:25:30 V/Bot.2398493975: [test(389193066)] 时雨(1609323331) -> 取消
2023-10-04 21:25:31 V/Bot.2398493975: Group(389193066) <- 取消成功，请重新输入点数
2023-10-04 21:25:32 V/Bot.2398493975: [test(389193066)] 时雨(1609323331) -> ！test
2023-10-04 21:25:33 V/Bot.2398493975: Group(389193066) <- {}
2023-10-04 21:25:41 V/Bot.2398493975: [test(389193066)] 时雨(1609323331) -> ２５０００
2023-10-04 21:25:45 V/Bot.2398493975: [test(389193066)] 时雨(1609323331) -> ！test
2023-10-04 21:25:46 V/Bot.2398493975: Group(389193066) <- {'1609323331': 25000}
2023-10-04 21:26:04 V/Bot.2398493975: [test(389193066)] 时雨(1609323331) -> 取消
2023-10-04 21:26:05 V/Bot.2398493975: Group(389193066) <- 取消成功，请重新输入点数
2023-10-04 21:46:20 V/Bot.2398493975: [SHT荔枝麻酱协会(493057481)] N！T！R！！！(269418386) -> 怎么了
2023-10-04 21:47:01 V/Bot.2398493975: [SHT荔枝麻酱协会(493057481)] N！T！R！！！(269418386) -> 现在屏蔽了bot都不知道发生了什么
2023-10-04 21:47:22 V/Bot.2398493975: [SHT荔枝麻酱协会(493057481)] 风行(1685448924) -> [mirai:image:{76624558-A5CD-EAEA-38C8-ACC0AF7EDFCB}.gif, width=237, height=237, size=1264092, type=GIF, isEmoji=true]
2023-10-04 21:58:02 V/Bot.2398493975: [SHT荔枝麻酱协会(493057481)] ライちゃん(392595084) -> 34300
2023-10-04 21:58:15 V/Bot.2398493975: [SHT荔枝麻酱协会(493057481)] 冰水 麻将小怨妇(x(308217149) -> 29400
2023-10-04 21:59:16 V/Bot.2398493975: [SHT荔枝麻酱协会(493057481)] zz(771507043) -> 21700
2023-10-04 22:00:32 V/Bot.2398493975: [SHT荔枝麻酱协会(493057481)] 回声细碎(1974705370) -> 14600
2023-10-04 22:00:33 V/Bot.2398493975: Group(493057481) <- 记录成功：
ライちゃん: 34300
冰水 麻将小怨妇(x: 29400
zz: 21700
回声细碎: 14600
2023-10-04 22:00:51 V/Bot.2398493975: [SHT荔枝麻酱协会(493057481)] 冰水 麻将小怨妇(x(308217149) -> ！被吃
2023-10-04 22:00:53 V/Bot.2398493975: Group(493057481) <- 昵称：冰水 麻将小怨妇(x
段位：新人
rate：1521.57
近期顺位：124322
更多数据请访问：http://shanghaitech-mahjong.top/userid/308217149
2023-10-04 22:01:38 I/UnidbgFetchQsign: Bot(2398493975) request_token, submit success
2023-10-04 22:35:59 V/Bot.2398493975: [SHT荔枝麻酱协会(493057481)] 淡情余描未わ(1297471104) -> 17500
2023-10-04 22:36:15 V/Bot.2398493975: [SHT荔枝麻酱协会(493057481)] 4000all！(1846411487) -> 18300
2023-10-04 22:36:18 V/Bot.2398493975: [SHT荔枝麻酱协会(493057481)] 豌豆射手(1520829968) -> 16200
2023-10-04 22:37:12 V/Bot.2398493975: [SHT荔枝麻酱协会(493057481)] 晨 飔(859073042) -> 38000
2023-10-04 22:37:13 V/Bot.2398493975: Group(493057481) <- 点数有误，总和不为100000！
2023-10-04 22:37:36 V/Bot.2398493975: [SHT荔枝麻酱协会(493057481)] 晨 飔(859073042) -> 48000
2023-10-04 22:37:37 V/Bot.2398493975: Group(493057481) <- 记录成功：
晨 飔: 48000
4000all！: 18300
淡情余描未わ: 17500
豌豆射手: 16200
2023-10-04 22:40:23 V/Bot.2398493975: [SHT荔枝麻酱协会(493057481)] yyyouch(2461942798) -> 怎么少了一万点
2023-10-04 22:40:28 V/Bot.2398493975: [SHT荔枝麻酱协会(493057481)] yyyouch(2461942798) -> [mirai:image:{94BA1642-87DC-55B4-4742-03D5A03B9E7B}.gif, width=191, height=161, size=172228, type=GIF, isEmoji=true]
2023-10-04 22:40:34 V/Bot.2398493975: [SHT荔枝麻酱协会(493057481)] 淡情余描未わ(1297471104) -> 有笨蛋
2023-10-04 22:40:49 V/Bot.2398493975: [SHT荔枝麻酱协会(493057481)] yyyouch(2461942798) -> [mirai:at:1297471104] ！查查你的
2023-10-04 22:40:51 V/Bot.2398493975: Group(493057481) <- 昵称：淡情余描未わ
段位：初段
rate：1549.17
近期顺位：1242443143
更多数据请访问：http://shanghaitech-mahjong.top/userid/1297471104
2023-10-04 22:41:36 V/Bot.2398493975: [SHT荔枝麻酱协会(493057481)] naf2021(3469392519) -> [mirai:image:{73F9903F-3B05-0B68-7D71-3E234418CBC0}.jpg, width=56, height=45, size=1040, type=JPG, isEmoji=true]
2023-10-04 22:41:44 I/UnidbgFetchQsign: Bot(2398493975) request_token, submit success
2023-10-04 22:43:26 V/Bot.2398493975: [SHT荔枝麻酱协会(493057481)] zz(771507043) -> -100
2023-10-04 22:43:40 V/Bot.2398493975: [SHT荔枝麻酱协会(493057481)] ライちゃん(392595084) -> 49000
2023-10-04 22:43:42 V/Bot.2398493975: [SHT荔枝麻酱协会(493057481)] histone purifier(1037687212) -> 16100
2023-10-04 22:43:45 V/Bot.2398493975: [SHT荔枝麻酱协会(493057481)] jt(981941098) -> 35000
2023-10-04 22:43:47 V/Bot.2398493975: Group(493057481) <- 记录成功：
ライちゃん: 49000
jt: 35000
histone purifier: 16100
zz: -100
2023-10-04 22:44:25 V/Bot.2398493975: [SHT荔枝麻酱协会(493057481)] ライちゃん(392595084) -> ！被吃
2023-10-04 22:44:26 V/Bot.2398493975: Group(493057481) <- 昵称：ライちゃん
段位：4级
rate：1566.14
近期顺位：3333232111
更多数据请访问：http://shanghaitech-mahjong.top/userid/392595084
2023-10-04 23:14:22 V/Bot.2398493975: [獭獭没钱吃饭军团@🎤(887156367)] zz@獺獺軍団(771507043) -> [mirai:image:{2FB1D601-7B15-93E7-6BAE-04412CB2FAC6}.png, width=750, height=1952, size=116039, type=JPG, isEmoji=false]
2023-10-04 23:14:52 V/Bot.2398493975: [獭獭没钱吃饭军团@🎤(887156367)] zz@獺獺軍団(771507043) -> uu和梯子在同一个数据中心？
2023-10-04 23:15:00 V/Bot.2398493975: [獭獭没钱吃饭军团@🎤(887156367)] 獭獭ʕ❍ᴥ❍ʔ獭獭军团(1609323331) -> 啊？
2023-10-04 23:15:16 V/Bot.2398493975: [獭獭没钱吃饭军团@🎤(887156367)] 獭獭ʕ❍ᴥ❍ʔ獭獭军团(1609323331) -> 你这个测速规则不对捏
2023-10-04 23:15:40 V/Bot.2398493975: [獭獭没钱吃饭军团@🎤(887156367)] 獭獭ʕ❍ᴥ❍ʔ獭獭军团(1609323331) -> [mirai:image:{F3181491-DF93-7208-79FB-C7135252FABD}.png, width=1125, height=2436, size=188288, type=JPG, isEmoji=false]
2023-10-04 23:18:30 V/Bot.2398493975: [test(389193066)] dd小助手(3459246674) -> 赤五教教主亮亮 直播结束了
2023-10-04 23:18:37 V/Bot.2398493975: [test(389193066)] dd小助手(3459246674) -> [mirai:image:{7C44EE64-77D4-1295-7A09-F342CD542B6B}.png, width=1000, height=3970, size=542658, type=PNG, isEmoji=false]
2023-10-04 23:19:34 V/Bot.2398493975: [test(389193066)] yyyouch(2461942798) -> [mirai:quote:[mirai:source:ids=[38912], internalIds=[1761992954], from 1609323331 to 389193066 at 1696425945], content=<not yet initialized>]我艹你怎么知道这个指令
2023-10-04 23:19:44 V/Bot.2398493975: [test(389193066)] yyyouch(2461942798) -> 不是这个里面塞得一般都是测试内容
2023-10-04 23:19:46 V/Bot.2398493975: [test(389193066)] yyyouch(2461942798) -> 你刚好
2023-10-04 23:19:54 V/Bot.2398493975: [test(389193066)] yyyouch(2461942798) -> 打的时候是显示点数
2023-10-04 23:21:45 I/UnidbgFetchQsign: Bot(2398493975) request_token, submit success
2023-10-04 23:40:41 V/Bot.2398493975: [獭獭没钱吃饭军团@🎤(887156367)] 獭獭ʕ❍ᴥ❍ʔ獭獭军团(1609323331) -> [mirai:image:{1A744FCF-1691-1766-E864-2D2FE2205571}.png, width=1408, height=1856, size=874895, type=JPG, isEmoji=false]
2023-10-04 23:41:20 V/Bot.2398493975: [test(389193066)] 时雨(1609323331) -> 那这个怎么用啊
2023-10-04 23:41:22 V/Bot.2398493975: [test(389193066)] 时雨(1609323331) -> [mirai:image:{7B4FAB6B-0BA8-0F4C-F8DC-B2AF31AB603E}.png, width=512, height=512, size=192357, type=GIF, isEmoji=true]
2023-10-04 23:51:27 V/Bot.2398493975: [獭獭没钱吃饭军团@🎤(887156367)] 獭獭ʕ❍ᴥ❍ʔ獭獭军团(1609323331) -> [mirai:image:{976C7264-3F0D-131F-5357-14A9574E95C3}.png, width=640, height=2336, size=200004, type=JPG, isEmoji=false]
2023-10-04 23:51:53 V/Bot.2398493975: [獭獭没钱吃饭军团@🎤(887156367)] 獭獭ʕ❍ᴥ❍ʔ獭獭军团(1609323331) -> 摇滚老爸
2023-10-04 23:52:03 V/Bot.2398493975: [獭獭没钱吃饭军团@🎤(887156367)] 獭獭ʕ❍ᴥ❍ʔ獭獭军团(1609323331) -> [mirai:image:{C604D5ED-B608-7B5E-CBA5-99890118F464}.png, width=354, height=300, size=99816, type=GIF, isEmoji=true]
2023-10-04 23:52:40 V/Bot.2398493975: [SHT荔枝麻酱协会(493057481)] ライちゃん(392595084) -> 12800
2023-10-04 23:53:07 V/Bot.2398493975: [SHT荔枝麻酱协会(493057481)] 牙牙(1105692313) -> 22000
2023-10-04 23:53:23 V/Bot.2398493975: [SHT荔枝麻酱协会(493057481)] hzc(2384102753) -> 31800
2023-10-04 23:53:38 V/Bot.2398493975: [SHT荔枝麻酱协会(493057481)] jt(981941098) -> 32700
2023-10-04 23:53:39 V/Bot.2398493975: Group(493057481) <- 点数有误，总和不为100000！
2023-10-04 23:53:47 V/Bot.2398493975: [SHT荔枝麻酱协会(493057481)] jt(981941098) -> 32600
2023-10-04 23:53:48 V/Bot.2398493975: Group(493057481) <- 点数有误，总和不为100000！
2023-10-04 23:54:07 V/Bot.2398493975: [SHT荔枝麻酱协会(493057481)] jt(981941098) -> 33600
2023-10-04 23:54:08 V/Bot.2398493975: Group(493057481) <- 点数有误，总和不为100000！
2023-10-04 23:54:33 V/Bot.2398493975: [獭獭没钱吃饭军团@🎤(887156367)] hzc@獭獭軍団二度受(2384102753) -> 藤椒牛肉月饼也太草了
2023-10-04 23:55:07 V/Bot.2398493975: [SHT荔枝麻酱协会(493057481)] jt(981941098) -> 33700
2023-10-04 23:55:08 V/Bot.2398493975: Group(493057481) <- 点数有误，总和不为100000！
2023-10-04 23:55:15 V/Bot.2398493975: [SHT荔枝麻酱协会(493057481)] hzc(2384102753) -> 31500
2023-10-04 23:55:17 V/Bot.2398493975: Group(493057481) <- 记录成功：
jt: 33700
hzc: 31500
牙牙: 22000
ライちゃん: 12800
2023-10-04 23:55:25 V/Bot.2398493975: [SHT荔枝麻酱协会(493057481)] ライちゃん(392595084) -> ！被吃
2023-10-04 23:55:26 V/Bot.2398493975: Group(493057481) <- 昵称：ライちゃん
段位：4级
rate：1536.6
近期顺位：3332321114
更多数据请访问：http://shanghaitech-mahjong.top/userid/392595084
