2023-09-21 00:09:37 V/Bot.2398493975: [SHT荔枝麻酱协会(493057481)] zz(771507043) -> 13700
2023-09-21 00:09:49 V/Bot.2398493975: [SHT荔枝麻酱协会(493057481)] 宅哥(2832900934) -> 15700
2023-09-21 00:09:53 V/Bot.2398493975: [SHT荔枝麻酱协会(493057481)] 淡情余描未わ(1297471104) -> 15600
2023-09-21 00:09:59 V/Bot.2398493975: [SHT荔枝麻酱协会(493057481)] 布莱克提(690875992) -> ？
2023-09-21 00:10:02 V/Bot.2398493975: [SHT荔枝麻酱协会(493057481)] 风行(1685448924) -> 55000
2023-09-21 00:10:03 V/Bot.2398493975: Group(493057481) <- 记录成功：
风行: 55000
宅哥: 15700
淡情余描未わ: 15600
zz: 13700
2023-09-21 00:10:05 V/Bot.2398493975: [SHT荔枝麻酱协会(493057481)] 布莱克提(690875992) -> ？
2023-09-21 00:15:47 V/Bot.2398493975: [獭獭不会交学费军团@(887156367)] 獭獭会交学费军团太子(1297471104) -> [mirai:at:2384102753] [mirai:at:1609323331][mirai:at:771507043]  我把伞落那边了
2023-09-21 00:16:01 V/Bot.2398493975: [獭獭不会交学费军团@(887156367)] 獭獭会交学费军团太子(1297471104) -> 求帮忙让hlb带走
2023-09-21 00:16:11 V/Bot.2398493975: [獭獭不会交学费军团@(887156367)] 獭獭会交学费军团太子(1297471104) -> 我明天找他拿
2023-09-21 00:16:14 V/Bot.2398493975: [獭獭不会交学费军团@(887156367)] 獭獭会交学费军团太子(1297471104) -> 阿里嘎多
2023-09-21 00:19:21 V/Bot.2398493975: [獭獭不会交学费军团@(887156367)] タタ@私が終わらせてあげる(1609323331) -> [mirai:image:{E99AC65C-8640-6001-EF12-1CD30B9D871E}.png, width=348, height=300, size=74943, type=GIF, isEmoji=true]
2023-09-21 00:19:40 V/Bot.2398493975: [獭獭不会交学费军团@(887156367)] タタ@私が終わらせてあげる(1609323331) -> [mirai:image:{E63531F8-6ECA-DE97-30DB-E8C6C81BD01A}.png, width=720, height=960, size=79050, type=JPG, isEmoji=false]
2023-09-21 00:19:43 V/Bot.2398493975: [獭獭不会交学费军团@(887156367)] タタ@私が終わらせてあげる(1609323331) -> 这个吗
2023-09-21 00:20:45 V/Bot.2398493975: [獭獭不会交学费军团@(887156367)] 獭獭买锤子大臣@被獭獭军团开除(963423936) -> [mirai:image:{E99AC65C-8640-6001-EF12-1CD30B9D871E}.gif, width=348, height=300, size=74943, type=GIF, isEmoji=true]
2023-09-21 00:20:54 I/UnidbgFetchQsign: Bot(2398493975) request_token, submit success
2023-09-21 00:21:26 V/Bot.2398493975: [獭獭不会交学费军团@(887156367)] 獭獭买锤子大臣@被獭獭军团开除(963423936) -> [mirai:image:{7ED14CF9-D739-3C3A-860C-60ED7D5B94C3}.png, width=798, height=628, size=231374, type=PNG, isEmoji=false]
2023-09-21 00:21:27 V/Bot.2398493975: [獭獭不会交学费军团@(887156367)] 獭獭买锤子大臣@被獭獭军团开除(963423936) -> 这个好像很好玩
2023-09-21 00:21:37 V/Bot.2398493975: [獭獭不会交学费军团@(887156367)] 獭獭买锤子大臣@被獭獭军团开除(963423936) -> [mirai:image:{6E83AEEA-B969-5524-D8FC-14FF5EA2E351}.gif, width=512, height=512, size=25416, type=GIF, isEmoji=true]
2023-09-21 00:21:40 V/Bot.2398493975: [獭獭不会交学费军团@(887156367)] 獭獭买锤子大臣@被獭獭军团开除(963423936) -> 有没有人玩
2023-09-21 00:22:24 V/Bot.2398493975: [獭獭不会交学费军团@(887156367)] 獭獭会交学费军团太子(1297471104) -> 对捏
2023-09-21 00:24:45 V/Bot.2398493975: [獭獭不会交学费军团@(887156367)] 獭獭买锤子大臣@被獭獭军团开除(963423936) -> [mirai:image:{FB9C65FB-5685-1B12-1B13-836B38246164}.gif, width=292, height=205, size=61102, type=GIF, isEmoji=true]
2023-09-21 00:25:11 V/Bot.2398493975: [獭獭不会交学费军团@(887156367)] Freeze_Kirin(768173212) -> 这个确实好玩
2023-09-21 00:25:21 V/Bot.2398493975: [獭獭不会交学费军团@(887156367)] 獭獭买锤子大臣@被獭獭军团开除(963423936) -> 玩
2023-09-21 00:25:25 V/Bot.2398493975: [獭獭不会交学费军团@(887156367)] Freeze_Kirin(768173212) -> 但是目前排队要好久
2023-09-21 00:25:29 V/Bot.2398493975: [獭獭不会交学费军团@(887156367)] 獭獭买锤子大臣@被獭獭军团开除(963423936) -> [mirai:image:{FB9C65FB-5685-1B12-1B13-836B38246164}.gif, width=292, height=205, size=61102, type=GIF, isEmoji=true]
2023-09-21 00:25:34 V/Bot.2398493975: [獭獭不会交学费军团@(887156367)] Freeze_Kirin(768173212) -> 1w5的人要排4h
2023-09-21 00:26:08 V/Bot.2398493975: [獭獭不会交学费军团@(887156367)] Freeze_Kirin(768173212) -> [mirai:app:{"app":"com.tencent.structmsg","config":{"ctime":1695227168,"forward":true,"token":"23e88ce0bab688a0839c47777cfacadc","type":"normal"},"desc":"新闻","extra":{"app_type":1,"appid":100951776,"uin":768173212},"meta":{"news":{"action":"","android_pkg_name":"","app_type":1,"appid":100951776,"ctime":1695227168,"desc":"柞木不朽","jumpUrl":"https://b23.tv/YFymVxE","preview":"https://pic.ugcimg.cn/962fa24a5f98020562115b0b0f360419/jpg1","source_icon":"https://open.gtimg.cn/open/app_icon/00/95/17/76/100951776_100_m.png?t=1695193969","source_url":"","tag":"哔哩哔哩","title":"如果不想好好做，建议不要做1.5W的人就要排四个小时？","uin":768173212}},"prompt":"[分享]如果不想好好做，建议不要做1.5W的人就要排四个小时？","ver":"0.0.0.1","view":"news"}]
2023-09-21 00:30:53 V/Bot.2398493975: [獭獭不会交学费军团@(887156367)] 獭獭买锤子大臣@被獭獭军团开除(963423936) -> 那算了
2023-09-21 00:55:29 V/Bot.2398493975: [SHT荔枝麻酱协会(493057481)] zz(771507043) -> -2500
2023-09-21 00:55:44 V/Bot.2398493975: [SHT荔枝麻酱协会(493057481)] 风行(1685448924) -> 9700
2023-09-21 00:55:56 V/Bot.2398493975: [SHT荔枝麻酱协会(493057481)] hzc(2384102753) -> 57500
2023-09-21 00:56:16 V/Bot.2398493975: [SHT荔枝麻酱协会(493057481)] chino(704937242) -> 34300
2023-09-21 00:56:17 V/Bot.2398493975: Group(493057481) <- 点数有误，总和不为100000！
2023-09-21 00:56:33 V/Bot.2398493975: [SHT荔枝麻酱协会(493057481)] chino(704937242) -> 35300
2023-09-21 00:56:34 V/Bot.2398493975: Group(493057481) <- 记录成功：
hzc: 57500
chino: 35300
风行: 9700
zz: -2500
2023-09-21 00:56:39 V/Bot.2398493975: [SHT荔枝麻酱协会(493057481)] 风行(1685448924) -> ！查查我的
2023-09-21 00:56:40 V/Bot.2398493975: Group(493057481) <- 昵称：风行
段位：新人
rate：1529.16
近期顺位：24113
更多数据请访问：http://shanghaitech-mahjong.top/userid/1685448924
2023-09-21 00:56:54 V/Bot.2398493975: [SHT荔枝麻酱协会(493057481)] chino(704937242) -> ！查查我的
2023-09-21 00:56:55 V/Bot.2398493975: Group(493057481) <- 昵称：chino
段位：5级
rate：1372.36
近期顺位：4444434422
更多数据请访问：http://shanghaitech-mahjong.top/userid/704937242
2023-09-21 00:57:30 V/Bot.2398493975: [SHT荔枝麻酱协会(493057481)] hzc(2384102753) -> ！查查我的
2023-09-21 00:57:31 V/Bot.2398493975: Group(493057481) <- 昵称：hzc
段位：1级
rate：1441.81
近期顺位：2234343321
更多数据请访问：http://shanghaitech-mahjong.top/userid/2384102753
2023-09-21 01:00:55 I/UnidbgFetchQsign: Bot(2398493975) request_token, submit success
2023-09-21 01:12:13 V/Bot.2398493975: [獭獭不会交学费军团@(887156367)] タタ@私が終わらせてあげる(1609323331) -> 1.5瓦的人
2023-09-21 01:13:18 V/Bot.2398493975: [SHT荔枝麻酱协会(493057481)] MEOW@獭獭bot(1609323331) -> ！查查我的
2023-09-21 01:13:20 V/Bot.2398493975: Group(493057481) <- 昵称：时雨
段位：4级
rate：1418.78
近期顺位：3343431413
更多数据请访问：http://shanghaitech-mahjong.top/userid/1609323331
2023-09-21 01:19:57 V/Bot.2398493975: [test(389193066)] dd小助手(3459246674) -> 赤五教教主亮亮 直播结束了
2023-09-21 01:20:15 V/Bot.2398493975: [test(389193066)] dd小助手(3459246674) -> [mirai:image:{A21C0C4A-8842-D413-B201-CE1AAFFABE26}.png, width=1000, height=9726, size=1452125, type=PNG, isEmoji=false]
2023-09-21 01:34:52 V/Bot.2398493975: [SHT荔枝麻酱协会(493057481)] 小红@獭獭军团(963423936) -> ！查查我的
2023-09-21 01:34:53 V/Bot.2398493975: Group(493057481) <- 昵称：獭獭买锤子大臣@被獭獭军团开除
段位：5级
rate：1399.48
近期顺位：4343424241
更多数据请访问：http://shanghaitech-mahjong.top/userid/963423936
2023-09-21 01:35:00 V/Bot.2398493975: [SHT荔枝麻酱协会(493057481)] 小红@獭獭军团(963423936) -> [mirai:image:{6E83AEEA-B969-5524-D8FC-14FF5EA2E351}.gif, width=512, height=512, size=25416, type=GIF, isEmoji=true]
2023-09-21 01:40:56 I/UnidbgFetchQsign: Bot(2398493975) request_token, submit success
2023-09-21 01:53:18 V/Bot.2398493975: [SHT荔枝麻酱协会(493057481)] 大可奇丽(1485280964) -> ！查查我的
2023-09-21 01:53:19 V/Bot.2398493975: Group(493057481) <- 昵称：大可奇丽
段位：新人
rate：1521.53
近期顺位：4131
更多数据请访问：http://shanghaitech-mahjong.top/userid/1485280964
2023-09-21 02:16:54 V/Bot.2398493975: [獭獭不会交学费军团@(887156367)] タタ@私が終わらせてあげる(1609323331) -> [mirai:image:{83614B88-F949-5D34-E8F8-229D055E94EF}.png, width=846, height=832, size=278082, type=JPG, isEmoji=false]
2023-09-21 02:16:56 V/Bot.2398493975: [獭獭不会交学费军团@(887156367)] タタ@私が終わらせてあげる(1609323331) -> [mirai:image:{3FCDA208-5B5D-3642-5219-949E4B2512EA}.png, width=328, height=300, size=47813, type=GIF, isEmoji=true]
2023-09-21 02:17:53 V/Bot.2398493975: [獭獭不会交学费军团@(887156367)] 獭獭买锤子大臣@被獭獭军团开除(963423936) -> [mirai:image:{C6019596-32FA-6838-49C5-6B5806668E26}.gif, width=328, height=300, size=41763, type=GIF, isEmoji=true]
2023-09-21 02:21:02 I/UnidbgFetchQsign: Bot(2398493975) request_token, submit success
2023-09-21 02:34:07 V/Bot.2398493975: [SHT荔枝麻酱协会(493057481)] Twilight(1014197424) -> ！jrrp
2023-09-21 02:34:08 V/Bot.2398493975: Group(493057481) <- 今日人品：凶
今日适宜役种：断幺九
(为防止刷屏，一日内不可多次查询哦！)
2023-09-21 02:42:06 V/Bot.2398493975: [獭獭不会交学费军团@(887156367)] タタ@私が終わらせてあげる(1609323331) -> ！jrrp
2023-09-21 02:42:07 V/Bot.2398493975: Group(887156367) <- 今日人品：大吉
今日适宜役种：买彩票去吧！
(为防止刷屏，一日内不可多次查询哦！)
2023-09-21 02:42:12 V/Bot.2398493975: [獭獭不会交学费军团@(887156367)] タタ@私が終わらせてあげる(1609323331) -> [mirai:image:{AFC6E4DA-4B8F-DE2C-C933-606D21498AA0}.png, width=324, height=300, size=62607, type=GIF, isEmoji=true]
2023-09-21 03:01:03 I/UnidbgFetchQsign: Bot(2398493975) request_token, submit success
2023-09-21 03:41:03 I/UnidbgFetchQsign: Bot(2398493975) request_token, submit success
2023-09-21 04:21:09 I/UnidbgFetchQsign: Bot(2398493975) request_token, submit success
2023-09-21 05:01:10 I/UnidbgFetchQsign: Bot(2398493975) request_token, submit success
2023-09-21 05:41:11 I/UnidbgFetchQsign: Bot(2398493975) request_token, submit success
2023-09-21 06:21:17 I/UnidbgFetchQsign: Bot(2398493975) request_token, submit success
2023-09-21 06:39:52 V/Bot.2398493975: [SHT荔枝麻酱协会(493057481)] 优雅猛牛(695150175) -> hlb都一级了 真肝啊
2023-09-21 06:40:01 V/Bot.2398493975: [獭獭不会交学费军团@(887156367)] 优雅猛牛(695150175) -> ！jrrp
2023-09-21 06:40:02 V/Bot.2398493975: Group(887156367) <- 今日人品：中吉
今日适宜役种：大四喜
(为防止刷屏，一日内不可多次查询哦！)
2023-09-21 06:53:54 E/mirai-login-solver-sakura: [id: 0x9d83ddf5, L:/192.168.0.89:22333 - R:/143.42.193.120:60000] [exceptionCaught]
java.net.SocketException: Connection reset
	at java.base/sun.nio.ch.SocketChannelImpl.throwConnectionReset(SocketChannelImpl.java:394)
	at java.base/sun.nio.ch.SocketChannelImpl.read(SocketChannelImpl.java:426)
	at mirai-login-solver-sakura-0.0.11.mirai2.jar[private]//io.netty.buffer.PooledByteBuf.setBytes(PooledByteBuf.java:259)
	at mirai-login-solver-sakura-0.0.11.mirai2.jar[private]//io.netty.buffer.AbstractByteBuf.writeBytes(AbstractByteBuf.java:1132)
	at mirai-login-solver-sakura-0.0.11.mirai2.jar[private]//io.netty.channel.socket.nio.NioSocketChannel.doReadBytes(NioSocketChannel.java:357)
	at mirai-login-solver-sakura-0.0.11.mirai2.jar[private]//io.netty.channel.nio.AbstractNioByteChannel$NioByteUnsafe.read(AbstractNioByteChannel.java:151)
	at mirai-login-solver-sakura-0.0.11.mirai2.jar[private]//io.netty.channel.nio.NioEventLoop.processSelectedKey(NioEventLoop.java:788)
	at mirai-login-solver-sakura-0.0.11.mirai2.jar[private]//io.netty.channel.nio.NioEventLoop.processSelectedKeysOptimized(NioEventLoop.java:724)
	at mirai-login-solver-sakura-0.0.11.mirai2.jar[private]//io.netty.channel.nio.NioEventLoop.processSelectedKeys(NioEventLoop.java:650)
	at mirai-login-solver-sakura-0.0.11.mirai2.jar[private]//io.netty.channel.nio.NioEventLoop.run(NioEventLoop.java:562)
	at mirai-login-solver-sakura-0.0.11.mirai2.jar[private]//io.netty.util.concurrent.SingleThreadEventExecutor$4.run(SingleThreadEventExecutor.java:997)
	at mirai-login-solver-sakura-0.0.11.mirai2.jar[private]//io.netty.util.internal.ThreadExecutorMap$2.run(ThreadExecutorMap.java:74)
	at java.base/java.lang.Thread.run(Thread.java:833)

2023-09-21 06:53:54 W/io.netty.channel.DefaultChannelPipeline: An exceptionCaught() event was fired, and it reached at the tail of the pipeline. It usually means the last handler in the pipeline did not handle the exception.
java.net.SocketException: Connection reset
	at java.base/sun.nio.ch.SocketChannelImpl.throwConnectionReset(SocketChannelImpl.java:394)
	at java.base/sun.nio.ch.SocketChannelImpl.read(SocketChannelImpl.java:426)
	at mirai-login-solver-sakura-0.0.11.mirai2.jar[private]//io.netty.buffer.PooledByteBuf.setBytes(PooledByteBuf.java:259)
	at mirai-login-solver-sakura-0.0.11.mirai2.jar[private]//io.netty.buffer.AbstractByteBuf.writeBytes(AbstractByteBuf.java:1132)
	at mirai-login-solver-sakura-0.0.11.mirai2.jar[private]//io.netty.channel.socket.nio.NioSocketChannel.doReadBytes(NioSocketChannel.java:357)
	at mirai-login-solver-sakura-0.0.11.mirai2.jar[private]//io.netty.channel.nio.AbstractNioByteChannel$NioByteUnsafe.read(AbstractNioByteChannel.java:151)
	at mirai-login-solver-sakura-0.0.11.mirai2.jar[private]//io.netty.channel.nio.NioEventLoop.processSelectedKey(NioEventLoop.java:788)
	at mirai-login-solver-sakura-0.0.11.mirai2.jar[private]//io.netty.channel.nio.NioEventLoop.processSelectedKeysOptimized(NioEventLoop.java:724)
	at mirai-login-solver-sakura-0.0.11.mirai2.jar[private]//io.netty.channel.nio.NioEventLoop.processSelectedKeys(NioEventLoop.java:650)
	at mirai-login-solver-sakura-0.0.11.mirai2.jar[private]//io.netty.channel.nio.NioEventLoop.run(NioEventLoop.java:562)
	at mirai-login-solver-sakura-0.0.11.mirai2.jar[private]//io.netty.util.concurrent.SingleThreadEventExecutor$4.run(SingleThreadEventExecutor.java:997)
	at mirai-login-solver-sakura-0.0.11.mirai2.jar[private]//io.netty.util.internal.ThreadExecutorMap$2.run(ThreadExecutorMap.java:74)
	at java.base/java.lang.Thread.run(Thread.java:833)

2023-09-21 06:56:51 V/Bot.2398493975: [SHT荔枝麻酱协会(493057481)] 宅哥(2832900934) -> ！查查我的
2023-09-21 06:56:53 V/Bot.2398493975: Group(493057481) <- 昵称：宅哥
段位：新人
rate：1483.34
近期顺位：4322
更多数据请访问：http://shanghaitech-mahjong.top/userid/2832900934
2023-09-21 07:01:18 I/UnidbgFetchQsign: Bot(2398493975) request_token, submit success
2023-09-21 07:11:52 V/Bot.2398493975: Event: MemberCardChangeEvent(origin=タタ@私が終わらせてあげる, new=獭獭@买彩票去了, member=NormalMember(1609323331))
2023-09-21 07:11:52 V/Bot.2398493975: [獭獭不会交学费军团@(887156367)] 獭獭@买彩票去了(1609323331) -> 獭獭>时钟[mirai:image:{A59CA0D0-7396-099E-0834-FD5329D5E3DE}.png, width=1125, height=2436, size=308482, type=JPG, isEmoji=false]
2023-09-21 07:11:53 V/Bot.2398493975: [獭獭不会交学费军团@(887156367)] 獭獭@买彩票去了(1609323331) -> [mirai:image:{05919B55-D12E-11BD-7C76-D06FAD553D12}.png, width=370, height=296, size=100522, type=GIF, isEmoji=true]
2023-09-21 07:14:13 V/Bot.2398493975: [獭獭不会交学费军团@(887156367)] 獭獭买锤子大臣@被獭獭军团开除(963423936) -> [mirai:image:{814543A3-80C4-2F98-8DDD-CBABB5724AB3}.png, width=268, height=208, size=28226, type=GIF, isEmoji=true]
2023-09-21 07:15:15 V/Bot.2398493975: [獭獭不会交学费军团@(887156367)] Freeze_Kirin(768173212) -> xfw醒得好早
2023-09-21 07:15:34 V/Bot.2398493975: [獭獭不会交学费军团@(887156367)] 獭獭@买彩票去了(1609323331) -> xfw要去
2023-09-21 07:15:35 V/Bot.2398493975: [獭獭不会交学费军团@(887156367)] 獭獭@买彩票去了(1609323331) -> 买彩票
2023-09-21 07:15:38 V/Bot.2398493975: [獭獭不会交学费军团@(887156367)] 獭獭@买彩票去了(1609323331) -> [mirai:image:{05919B55-D12E-11BD-7C76-D06FAD553D12}.png, width=370, height=296, size=100522, type=GIF, isEmoji=true]
2023-09-21 07:15:43 V/Bot.2398493975: [獭獭不会交学费军团@(887156367)] Freeze_Kirin(768173212) -> [mirai:image:{15530C6E-2E2B-8726-AC46-20AE8098381B}.png, width=174, height=172, size=5372, type=JPG, isEmoji=true]
2023-09-21 07:17:32 V/Bot.2398493975: [獭獭不会交学费军团@(887156367)] 獭獭买锤子大臣@被獭獭军团开除(963423936) -> [mirai:image:{05919B55-D12E-11BD-7C76-D06FAD553D12}.png, width=370, height=296, size=100522, type=GIF, isEmoji=true]
2023-09-21 07:33:11 V/Bot.2398493975: [獭獭不会交学费军团@(887156367)] 优雅猛牛(695150175) -> 都醒的很早啊大家
2023-09-21 07:33:12 V/Bot.2398493975: [獭獭不会交学费军团@(887156367)] 优雅猛牛(695150175) -> [哦]
2023-09-21 07:37:37 V/Bot.2398493975: [獭獭不会交学费军团@(887156367)] 哭哭Excel@被獭獭军团开除3次(472247053) -> [mirai:image:{05919B55-D12E-11BD-7C76-D06FAD553D12}.png, width=370, height=296, size=100522, type=GIF, isEmoji=true]
2023-09-21 07:41:14 V/Bot.2398493975: [獭獭不会交学费军团@(887156367)] 獭獭@买彩票去了(1609323331) -> 被大神卡套牢了
2023-09-21 07:41:16 V/Bot.2398493975: [獭獭不会交学费军团@(887156367)] 獭獭@买彩票去了(1609323331) -> [mirai:image:{8F6E49D5-BF23-3812-E8F3-5484475B94EA}.png, width=480, height=360, size=257943, type=GIF, isEmoji=true]
2023-09-21 07:41:18 I/UnidbgFetchQsign: Bot(2398493975) request_token, submit success
2023-09-21 07:41:26 V/Bot.2398493975: [獭獭不会交学费军团@(887156367)] 獭獭@买彩票去了(1609323331) -> kfc早饭比食堂好次
2023-09-21 07:41:33 V/Bot.2398493975: [獭獭不会交学费军团@(887156367)] Freeze_Kirin(768173212) -> 草
2023-09-21 07:42:31 V/Bot.2398493975: [獭獭不会交学费军团@(887156367)] Freeze_Kirin(768173212) -> 这下kfc爆杀食堂了
2023-09-21 07:43:07 V/Bot.2398493975: [獭獭不会交学费军团@(887156367)] 哭哭Excel@被獭獭军团开除3次(472247053) -> 刚从kfc回来
2023-09-21 07:43:12 V/Bot.2398493975: [獭獭不会交学费军团@(887156367)] 哭哭Excel@被獭獭军团开除3次(472247053) -> [mirai:image:{C6D98AA9-4CE0-28B7-32EF-B076899EA836}.jpg, width=308, height=300, size=72185, type=GIF, isEmoji=true]
2023-09-21 07:43:26 V/Bot.2398493975: [獭獭不会交学费军团@(887156367)] Freeze_Kirin(768173212) -> 怎么kirin也醒这么早
2023-09-21 07:43:30 V/Bot.2398493975: [獭獭不会交学费军团@(887156367)] Freeze_Kirin(768173212) -> 被夺舍了？
2023-09-21 07:43:42 V/Bot.2398493975: [獭獭不会交学费军团@(887156367)] 獭獭@买彩票去了(1609323331) -> kirin
2023-09-21 07:43:44 V/Bot.2398493975: [獭獭不会交学费军团@(887156367)] 獭獭@买彩票去了(1609323331) -> 不睡觉
2023-09-21 07:43:45 V/Bot.2398493975: [獭獭不会交学费军团@(887156367)] 哭哭Excel@被獭獭军团开除3次(472247053) -> 我想调作息的
2023-09-21 07:43:46 V/Bot.2398493975: [獭獭不会交学费军团@(887156367)] 獭獭@买彩票去了(1609323331) -> 还
2023-09-21 07:43:48 V/Bot.2398493975: [獭獭不会交学费军团@(887156367)] 獭獭@买彩票去了(1609323331) -> 晒卡
2023-09-21 07:43:58 V/Bot.2398493975: [獭獭不会交学费军团@(887156367)] 獭獭@买彩票去了(1609323331) -> [mirai:image:{1F6B2DDB-B06C-FA0D-5E20-FD1FCE7E8A52}.png, width=1023, height=958, size=433879, type=PNG, isEmoji=false]
2023-09-21 07:43:59 V/Bot.2398493975: [獭獭不会交学费军团@(887156367)] 獭獭@买彩票去了(1609323331) -> [mirai:image:{08F5E35E-6DAB-8690-AE4C-17D066BC132F}.png, width=296, height=180, size=17572, type=PNG, isEmoji=false]
2023-09-21 07:44:09 V/Bot.2398493975: [獭獭不会交学费军团@(887156367)] Freeze_Kirin(768173212) -> ？
2023-09-21 07:44:12 V/Bot.2398493975: [SHT荔枝麻酱协会(493057481)] 隔壁老王(297234073) -> thpt hzc
2023-09-21 07:44:14 V/Bot.2398493975: [SHT荔枝麻酱协会(493057481)] Freeze_Kirin(947603216) -> hzc [九段 2235/3600][３級 45/100]
最高段位 [九段 2715/3600][３級 45/100]
最近战绩 [1141141241][]
四麻首次升凤时间: 3/27/2021
最高段位达成时间: 4/11/2022
2023-09-21 07:44:17 V/Bot.2398493975: [獭獭不会交学费军团@(887156367)] 哭哭Excel@被獭獭军团开除3次(472247053) -> [mirai:image:{4C55FEA2-85C5-2B48-AD89-3DB35FE05573}.jpg, width=370, height=250, size=238759, type=GIF, isEmoji=true]
2023-09-21 07:45:12 V/Bot.2398493975: [獭獭不会交学费军团@(887156367)] Freeze_Kirin(768173212) -> [mirai:image:{11D5622A-7ED0-52F8-CC3D-F5ACE37572AC}.png, width=1290, height=2796, size=296813, type=PNG, isEmoji=false]
2023-09-21 07:47:18 V/Bot.2398493975: [獭獭不会交学费军团@(887156367)] 獭獭@买彩票去了(1609323331) -> [mirai:image:{C40FA3F9-EB7A-14A4-3B2A-B15F6573D6B5}.png, width=640, height=799, size=124329, type=JPG, isEmoji=false]
2023-09-21 07:47:23 V/Bot.2398493975: [獭獭不会交学费军团@(887156367)] 獭獭@买彩票去了(1609323331) -> [mirai:image:{B409061D-EA26-5DB1-01AE-585AA8BD3421}.png, width=1125, height=376, size=68268, type=JPG, isEmoji=false]
2023-09-21 07:47:58 V/Bot.2398493975: [獭獭不会交学费军团@(887156367)] Freeze_Kirin(768173212) -> [mirai:image:{7031CDF6-A8A2-8F05-1A75-3E11FE2AF640}.png, width=200, height=167, size=67839, type=GIF, isEmoji=true]
2023-09-21 07:48:08 V/Bot.2398493975: [獭獭不会交学费军团@(887156367)] 獭獭@买彩票去了(1609323331) -> 麻将盒子
2023-09-21 07:48:10 V/Bot.2398493975: [獭獭不会交学费军团@(887156367)] 獭獭@买彩票去了(1609323331) -> [mirai:image:{A3C56810-0293-8086-658D-531E0E0B1790}.png, width=512, height=512, size=129498, type=GIF, isEmoji=true]
2023-09-21 08:09:12 V/Bot.2398493975: [獭獭不会交学费军团@(887156367)] Freeze_Kirin(768173212) -> 立牌只能立着看，流麻可以玩里面的流沙（
2023-09-21 08:10:10 V/Bot.2398493975: [獭獭不会交学费军团@(887156367)] Freeze_Kirin(768173212) -> 不过流麻确实厚，之前买同人周边到手真是实打实的安心感。
2023-09-21 08:21:24 I/UnidbgFetchQsign: Bot(2398493975) request_token, submit success
2023-09-21 08:26:21 V/Bot.2398493975: [獭獭不会交学费军团@(887156367)] lax@牛牛道心破碎军团(269418386) -> 反正周边里最不值钱的就是成本
2023-09-21 08:27:13 V/Bot.2398493975: [獭獭不会交学费军团@(887156367)] 獭獭@买彩票去了(1609323331) -> [mirai:image:{446C7256-F9CD-4B74-62A7-D612A945C51C}.png, width=1125, height=1395, size=1309164, type=PNG, isEmoji=false]
2023-09-21 08:30:19 V/Bot.2398493975: [SHT荔枝麻酱协会(493057481)] naf2021(3469392519) -> ！查查我的
2023-09-21 08:30:20 V/Bot.2398493975: Group(493057481) <- 昵称：naf2021
段位：3级
rate：1598.24
近期顺位：4413222221
更多数据请访问：http://shanghaitech-mahjong.top/userid/3469392519
2023-09-21 08:30:23 V/Bot.2398493975: [獭獭不会交学费军团@(887156367)] 獭獭@买彩票去了(1609323331) -> [mirai:image:{4E4A5E94-0231-83D9-4093-01AB740F8CBA}.png, width=800, height=4000, size=471777, type=JPG, isEmoji=false]
2023-09-21 08:31:20 V/Bot.2398493975: [獭獭不会交学费军团@(887156367)] Freeze_Kirin(768173212) -> 草
2023-09-21 08:31:23 V/Bot.2398493975: [獭獭不会交学费军团@(887156367)] Freeze_Kirin(768173212) -> 看着好疼
2023-09-21 08:31:53 V/Bot.2398493975: [獭獭不会交学费军团@(887156367)] Freeze_Kirin(768173212) -> 想起之前躺床上玩手机手一抖砸脸上
2023-09-21 08:44:35 V/Bot.2398493975: [獭獭不会交学费军团@(887156367)] 獭獭买锤子大臣@被獭獭军团开除(963423936) -> [mirai:app:{
  "config" : {
    "height" : 0,
    "forward" : 1,
    "ctime" : 1695257072,
    "width" : 0,
    "type" : "normal",
    "token" : "3adc70fd3a74fb310ed814f0bda1b7e7",
    "autoSize" : 0
  },
  "prompt" : "[QQ小程序]我去9-13",
  "app" : "com.tencent.miniapp_01",
  "ver" : "1.0.1.46",
  "appID" : "100951776",
  "view" : "view_8C8E89B49BE609866298ADDFF2DBABA4",
  "meta" : {
    "detail_1" : {
      "appid" : "1109937557",
      "preview" : "https:\/\/pic.ugcimg.cn\/f866c3b0056d47d55398d83a57f7ed47\/jpg1",
      "shareTemplateData" : {

      },
      "gamePointsUrl" : "",
      "gamePoints" : "",
      "url" : "m.q.qq.com\/a\/s\/5f34faac02b52d5518d72d1fa6a00ac9",
      "appType" : 0,
      "desc" : "我去9-13",
      "title" : "哔哩哔哩",
      "scene" : 1036,
      "host" : {
        "uin" : 963423936,
        "nick" : "小红今天早饭了吗"
      },
      "icon" : "http:\/\/miniapp.gtimg.cn\/public\/appicon\/432b76be3a548fc128acaa6c1ec90131_200.jpg",
      "shareTemplateId" : "8C8E89B49BE609866298ADDFF2DBABA4",
      "qqdocurl" : "https:\/\/b23.tv\/n7GUWUp",
      "showLittleTail" : ""
    }
  },
  "bthirdappforward" : true,
  "bthirdappforwardforbackendswitch" : true,
  "desc" : ""
}]
2023-09-21 08:55:32 V/Bot.2398493975: [獭獭不会交学费军团@(887156367)] lax@牛牛道心破碎军团(269418386) -> 谁没有被手机砸过呢
2023-09-21 08:55:51 V/Bot.2398493975: [獭獭不会交学费军团@(887156367)] 獭獭@买彩票去了(1609323331) -> 我被ipad砸过
2023-09-21 08:55:53 V/Bot.2398493975: [獭獭不会交学费军团@(887156367)] 獭獭@买彩票去了(1609323331) -> [mirai:image:{8AFCF605-FDCE-9015-3438-526A21D02EF5}.png, width=300, height=192, size=8379, type=JPG, isEmoji=true]
2023-09-21 08:56:17 V/Bot.2398493975: [獭獭不会交学费军团@(887156367)] Freeze_Kirin(768173212) -> 我被ipad砸过
2023-09-21 08:56:20 V/Bot.2398493975: [獭獭不会交学费军团@(887156367)] Freeze_Kirin(768173212) -> [mirai:image:{8BA0A8DA-B2E2-32A2-C27B-6439CF604997}.png, width=189, height=154, size=4424, type=JPG, isEmoji=true]
2023-09-21 08:56:26 V/Bot.2398493975: [獭獭不会交学费军团@(887156367)] lax@牛牛道心破碎军团(269418386) -> 之前还看过搞笑视频 有人床上躺着抱着狗看手机 结果手机砸到狗了 狗一脸不可思议地看着他
2023-09-21 08:59:34 V/Bot.2398493975: [SHT荔枝麻酱协会(493057481)] 牙牙(1105692313) -> ！查查我的
2023-09-21 08:59:35 V/Bot.2398493975: Group(493057481) <- 昵称：牙牙
段位：5级
rate：1594.48
近期顺位：14112141
更多数据请访问：http://shanghaitech-mahjong.top/userid/1105692313
2023-09-21 09:01:07 V/Bot.2398493975: [SHT荔枝麻酱协会(493057481)] 牙牙(1105692313) -> ！jrrp
2023-09-21 09:01:08 V/Bot.2398493975: Group(493057481) <- 今日人品：小吉
今日适宜役种：门前淸自摸和
(为防止刷屏，一日内不可多次查询哦！)
2023-09-21 09:01:25 I/UnidbgFetchQsign: Bot(2398493975) request_token, submit success
2023-09-21 09:13:06 V/Bot.2398493975: [SHT荔枝麻酱协会(493057481)] 由于四麻点数太小故转三麻和青天井的菜狗(1287996307) -> ！jrrp
2023-09-21 09:13:07 V/Bot.2398493975: Group(493057481) <- 今日人品：吉
今日适宜役种：立直
(为防止刷屏，一日内不可多次查询哦！)
2023-09-21 09:13:11 V/Bot.2398493975: [SHT荔枝麻酱协会(493057481)] 由于四麻点数太小故转三麻和青天井的菜狗(1287996307) -> ？
2023-09-21 09:20:44 V/Bot.2398493975: [獭獭不会交学费军团@(887156367)] 獭獭@买彩票去了(1609323331) -> [mirai:image:{93EAD3B3-EF38-0148-5669-9A1DC9E0568A}.png, width=74, height=62, size=4345, type=GIF, isEmoji=true]
2023-09-21 09:32:30 V/Bot.2398493975: [獭獭不会交学费军团@(887156367)] 獭獭买锤子大臣@被獭獭军团开除(963423936) -> 服了
2023-09-21 09:32:47 V/Bot.2398493975: [獭獭不会交学费军团@(887156367)] 獭獭买锤子大臣@被獭獭军团开除(963423936) -> 我是38号 结果37号看完变26了
2023-09-21 09:32:47 V/Bot.2398493975: [獭獭不会交学费军团@(887156367)] 獭獭@买彩票去了(1609323331) -> [mirai:image:{8BF34B10-19C1-4195-5866-6DDB73A903D8}.png, width=249, height=188, size=54265, type=GIF, isEmoji=true]
2023-09-21 09:32:49 V/Bot.2398493975: [獭獭不会交学费军团@(887156367)] 獭獭买锤子大臣@被獭獭军团开除(963423936) -> [mirai:image:{324BFB53-FA80-53C9-37B9-AD4CD7B3C147}.png, width=280, height=260, size=30126, type=GIF, isEmoji=true]
2023-09-21 09:32:58 V/Bot.2398493975: [獭獭不会交学费军团@(887156367)] 獭獭买锤子大臣@被獭獭军团开除(963423936) -> 让我候诊三次了
2023-09-21 09:33:02 V/Bot.2398493975: [獭獭不会交学费军团@(887156367)] 獭獭@买彩票去了(1609323331) -> [mirai:image:{8BF34B10-19C1-4195-5866-6DDB73A903D8}.png, width=249, height=188, size=54265, type=GIF, isEmoji=true]
2023-09-21 09:33:06 V/Bot.2398493975: [獭獭不会交学费军团@(887156367)] 獭獭买锤子大臣@被獭獭军团开除(963423936) -> 每次都被前面晚到的人插队
2023-09-21 09:33:12 V/Bot.2398493975: [獭獭不会交学费军团@(887156367)] 獭獭@买彩票去了(1609323331) -> [mirai:image:{6DB8D47D-6D88-2BA8-3315-3C91BE0598DE}.png, width=200, height=156, size=81787, type=GIF, isEmoji=true]
2023-09-21 09:34:04 V/Bot.2398493975: [獭獭不会交学费军团@(887156367)] 獭獭买锤子大臣@被獭獭军团开除(963423936) -> 26完了31又来了
2023-09-21 09:34:10 V/Bot.2398493975: [獭獭不会交学费军团@(887156367)] 獭獭买锤子大臣@被獭獭军团开除(963423936) -> 册那
2023-09-21 09:37:35 V/Bot.2398493975: [SHT荔枝麻酱协会(493057481)] ライちゃん(392595084) -> ！jrrp
2023-09-21 09:37:36 V/Bot.2398493975: Group(493057481) <- 今日人品：大凶
今日适宜役种：对对和
(为防止刷屏，一日内不可多次查询哦！)
2023-09-21 09:37:45 V/Bot.2398493975: [SHT荔枝麻酱协会(493057481)] ライちゃん(392595084) -> 噫
2023-09-21 09:38:19 V/Bot.2398493975: [SHT荔枝麻酱协会(493057481)] Asphyxia Amant(1614473174) -> ！jrrp
2023-09-21 09:38:20 V/Bot.2398493975: Group(493057481) <- 今日人品：中吉
今日适宜役种：混老头
(为防止刷屏，一日内不可多次查询哦！)
2023-09-21 09:38:44 V/Bot.2398493975: [SHT荔枝麻酱协会(493057481)] 冰水 麻将小怨妇(x(308217149) -> ！jrrp
2023-09-21 09:38:45 V/Bot.2398493975: Group(493057481) <- 今日人品：大吉
今日适宜役种：三暗刻
(为防止刷屏，一日内不可多次查询哦！)
2023-09-21 09:38:53 V/Bot.2398493975: [SHT荔枝麻酱协会(493057481)] naf2021(3469392519) -> ！jrrp
2023-09-21 09:38:54 V/Bot.2398493975: Group(493057481) <- 今日人品：吉
今日适宜役种：断幺九
(为防止刷屏，一日内不可多次查询哦！)
2023-09-21 09:39:12 V/Bot.2398493975: [SHT荔枝麻酱协会(493057481)] 冰水 麻将小怨妇(x(308217149) -> 你怎么知道我前几天混一色三暗刻三倍满了（）
2023-09-21 09:41:26 I/UnidbgFetchQsign: Bot(2398493975) request_token, submit success
2023-09-21 09:41:30 V/Bot.2398493975: [獭獭不会交学费军团@(887156367)] 獭獭@买彩票去了(1609323331) -> [mirai:image:{0C1067ED-B01B-C4DF-C863-2F1F87D1AA3F}.png, width=950, height=2004, size=669568, type=JPG, isEmoji=false]
2023-09-21 09:41:41 V/Bot.2398493975: [獭獭不会交学费军团@(887156367)] 獭獭@买彩票去了(1609323331) -> [mirai:image:{3FCDA208-5B5D-3642-5219-949E4B2512EA}.png, width=328, height=300, size=47813, type=GIF, isEmoji=true]
2023-09-21 09:41:48 V/Bot.2398493975: [獭獭不会交学费军团@(887156367)] 獭獭@买彩票去了(1609323331) -> 开始编？
2023-09-21 09:42:43 V/Bot.2398493975: [獭獭不会交学费军团@(887156367)] 獭獭买锤子大臣@被獭獭军团开除(963423936) -> 十点前应该轮不到我了
2023-09-21 09:42:45 V/Bot.2398493975: [獭獭不会交学费军团@(887156367)] 獭獭买锤子大臣@被獭獭军团开除(963423936) -> [mirai:image:{FB9C65FB-5685-1B12-1B13-836B38246164}.png, width=292, height=205, size=61102, type=GIF, isEmoji=true]
2023-09-21 09:47:18 V/Bot.2398493975: [獭獭不会交学费军团@(887156367)] 獭獭买锤子大臣@被獭獭军团开除(963423936) -> 不是
2023-09-21 09:47:25 V/Bot.2398493975: [獭獭不会交学费军团@(887156367)] 獭獭买锤子大臣@被獭獭军团开除(963423936) -> 怎么越排人越多？
2023-09-21 09:47:28 V/Bot.2398493975: [獭獭不会交学费军团@(887156367)] 獭獭买锤子大臣@被獭獭军团开除(963423936) -> 还都在我前面
2023-09-21 09:47:33 V/Bot.2398493975: [獭獭不会交学费军团@(887156367)] 獭獭买锤子大臣@被獭獭军团开除(963423936) -> 那我签到有什么意义啊
2023-09-21 09:47:35 V/Bot.2398493975: [獭獭不会交学费军团@(887156367)] 獭獭买锤子大臣@被獭獭军团开除(963423936) -> 傻逼吧
2023-09-21 09:47:58 V/Bot.2398493975: [獭獭不会交学费军团@(887156367)] 冰水@不会反身跳军团(308217149) -> 去跟他爆了
2023-09-21 09:47:59 V/Bot.2398493975: [獭獭不会交学费军团@(887156367)] 獭獭买锤子大臣@被獭獭军团开除(963423936) -> 是个人晚到之后补签都在我号前面吗
2023-09-21 09:48:01 V/Bot.2398493975: [獭獭不会交学费军团@(887156367)] 獭獭买锤子大臣@被獭獭军团开除(963423936) -> 我服了
2023-09-21 09:48:02 V/Bot.2398493975: [獭獭不会交学费军团@(887156367)] 獭獭买锤子大臣@被獭獭军团开除(963423936) -> 傻逼吧
2023-09-21 09:52:19 V/Bot.2398493975: [獭獭不会交学费军团@(887156367)] 獭獭@买彩票去了(1609323331) -> [mirai:image:{1C216893-D774-9211-32D3-B2BDA77D2328}.png, width=125, height=125, size=3893, type=JPG, isEmoji=true]
2023-09-21 09:54:48 V/Bot.2398493975: [SHT荔枝麻酱协会(493057481)] MEOW@獭獭bot(1609323331) -> 谁问你了
2023-09-21 09:54:50 V/Bot.2398493975: [SHT荔枝麻酱协会(493057481)] MEOW@獭獭bot(1609323331) -> [mirai:image:{35EE10C3-477F-0FC1-47F3-27B1708C4ED7}.png, width=300, height=216, size=13366, type=JPG, isEmoji=true]
2023-09-21 09:56:19 V/Bot.2398493975: [獭獭不会交学费军团@(887156367)] 獭獭买锤子大臣@被獭獭军团开除(963423936) -> [mirai:image:{6E83AEEA-B969-5524-D8FC-14FF5EA2E351}.png, width=512, height=512, size=25416, type=GIF, isEmoji=true]
2023-09-21 09:56:21 V/Bot.2398493975: [獭獭不会交学费军团@(887156367)] 獭獭买锤子大臣@被獭獭军团开除(963423936) -> 看完了
2023-09-21 09:56:23 V/Bot.2398493975: [獭獭不会交学费军团@(887156367)] 獭獭买锤子大臣@被獭獭军团开除(963423936) -> 排队一小时
2023-09-21 09:56:27 V/Bot.2398493975: [獭獭不会交学费军团@(887156367)] 獭獭买锤子大臣@被獭獭军团开除(963423936) -> 看病两分钟
2023-09-21 09:58:36 V/Bot.2398493975: [獭獭不会交学费军团@(887156367)] 獭獭@买彩票去了(1609323331) -> [mirai:image:{8BF34B10-19C1-4195-5866-6DDB73A903D8}.png, width=249, height=188, size=54265, type=GIF, isEmoji=true]
2023-09-21 09:58:40 V/Bot.2398493975: [獭獭不会交学费军团@(887156367)] 獭獭@买彩票去了(1609323331) -> 我还在排队诶
2023-09-21 09:59:00 V/Bot.2398493975: [獭獭不会交学费军团@(887156367)] 獭獭@买彩票去了(1609323331) -> 第一个队秒排到
2023-09-21 09:59:09 V/Bot.2398493975: [獭獭不会交学费军团@(887156367)] 獭獭@买彩票去了(1609323331) -> 里面要排半天
2023-09-21 09:59:27 V/Bot.2398493975: [獭獭不会交学费军团@(887156367)] 獭獭买锤子大臣@被獭獭军团开除(963423936) -> [mirai:image:{6E83AEEA-B969-5524-D8FC-14FF5EA2E351}.png, width=512, height=512, size=25416, type=GIF, isEmoji=true]
2023-09-21 09:59:35 V/Bot.2398493975: [獭獭不会交学费军团@(887156367)] 獭獭买锤子大臣@被獭獭军团开除(963423936) -> 皮脂腺囊肿
2023-09-21 09:59:36 V/Bot.2398493975: [獭獭不会交学费军团@(887156367)] 獭獭@买彩票去了(1609323331) -> 大早上的
2023-09-21 09:59:37 V/Bot.2398493975: [獭獭不会交学费军团@(887156367)] 獭獭买锤子大臣@被獭獭军团开除(963423936) -> 消炎之后
2023-09-21 09:59:41 V/Bot.2398493975: [獭獭不会交学费军团@(887156367)] 獭獭买锤子大臣@被獭獭军团开除(963423936) -> 要过来挖掉
2023-09-21 09:59:42 V/Bot.2398493975: [獭獭不会交学费军团@(887156367)] 獭獭@买彩票去了(1609323331) -> 该去纯k了
2023-09-21 09:59:45 V/Bot.2398493975: [獭獭不会交学费军团@(887156367)] 獭獭买锤子大臣@被獭獭军团开除(963423936) -> [mirai:image:{6E83AEEA-B969-5524-D8FC-14FF5EA2E351}.png, width=512, height=512, size=25416, type=GIF, isEmoji=true]
2023-09-21 09:59:47 V/Bot.2398493975: [獭獭不会交学费军团@(887156367)] 獭獭@买彩票去了(1609323331) -> [mirai:image:{97C9BDD5-1106-0F70-AD9D-4E4A460484ED}.png, width=241, height=174, size=130538, type=GIF, isEmoji=true]
2023-09-21 09:59:50 V/Bot.2398493975: [獭獭不会交学费军团@(887156367)] 獭獭买锤子大臣@被獭獭军团开除(963423936) -> 还有就是
2023-09-21 09:59:52 V/Bot.2398493975: [獭獭不会交学费军团@(887156367)] 獭獭买锤子大臣@被獭獭军团开除(963423936) -> 我的痤疮
2023-09-21 09:59:54 V/Bot.2398493975: [獭獭不会交学费军团@(887156367)] 獭獭买锤子大臣@被獭獭军团开除(963423936) -> 大概是
2023-09-21 09:59:56 V/Bot.2398493975: [獭獭不会交学费军团@(887156367)] 獭獭买锤子大臣@被獭獭军团开除(963423936) -> 好不了了
2023-09-21 09:59:59 V/Bot.2398493975: [獭獭不会交学费军团@(887156367)] 獭獭买锤子大臣@被獭獭军团开除(963423936) -> [mirai:image:{6E83AEEA-B969-5524-D8FC-14FF5EA2E351}.png, width=512, height=512, size=25416, type=GIF, isEmoji=true]
2023-09-21 10:19:17 V/Bot.2398493975: [獭獭不会交学费军团@(887156367)] 獭獭@买彩票去了(1609323331) -> [mirai:image:{717C86B6-44AB-3ABB-F211-0657219D8575}.png, width=4096, height=1891, size=3477172, type=JPG, isEmoji=false]
2023-09-21 10:19:34 V/Bot.2398493975: [獭獭不会交学费军团@(887156367)] 獭獭@买彩票去了(1609323331) -> 这下盒子扔不掉了
2023-09-21 10:21:32 I/UnidbgFetchQsign: Bot(2398493975) request_token, submit success
2023-09-21 10:39:03 V/Bot.2398493975: [SHT荔枝麻酱协会(493057481)] N！T！R！！！(269418386) -> 我问的 我问的
2023-09-21 10:39:12 V/Bot.2398493975: [SHT荔枝麻酱协会(493057481)] naf2021(3469392519) -> [mirai:image:{73F9903F-3B05-0B68-7D71-3E234418CBC0}.jpg, width=56, height=45, size=1040, type=JPG, isEmoji=true]
2023-09-21 11:01:33 I/UnidbgFetchQsign: Bot(2398493975) request_token, submit success
2023-09-21 11:05:49 V/Bot.2398493975: [獭獭不会交学费军团@(887156367)] 獭獭@买彩票去了(1609323331) -> [mirai:image:{22A3F000-ABDA-0FA1-9FCE-C989FE8F5E7D}.png, width=1124, height=271, size=127605, type=PNG, isEmoji=false]
2023-09-21 11:05:57 V/Bot.2398493975: [獭獭不会交学费军团@(887156367)] 獭獭@买彩票去了(1609323331) -> 涅麻麻滴[mirai:image:{DFE1F8CE-2040-7EC4-1836-A5B4FD1E3E1D}.png, width=1125, height=2436, size=161418, type=JPG, isEmoji=false]
2023-09-21 11:05:58 V/Bot.2398493975: [獭獭不会交学费军团@(887156367)] 獭獭@买彩票去了(1609323331) -> 该跑路了
2023-09-21 11:06:26 V/Bot.2398493975: [獭獭不会交学费军团@(887156367)] lax@牛牛道心破碎军团(269418386) -> 怎么了 包严实了？
2023-09-21 11:06:47 V/Bot.2398493975: [獭獭不会交学费军团@(887156367)] 獭獭@买彩票去了(1609323331) -> 不好看了
2023-09-21 11:07:10 V/Bot.2398493975: [獭獭不会交学费军团@(887156367)] 獭獭@买彩票去了(1609323331) -> [mirai:image:{C18E703E-196A-BF72-6F3D-72C9E39EA7EE}.png, width=387, height=435, size=223045, type=GIF, isEmoji=false]
2023-09-21 11:08:24 V/Bot.2398493975: [獭獭不会交学费军团@(887156367)] 獭獭@买彩票去了(1609323331) -> [mirai:image:{02DF29D4-12F1-458E-729B-8CE23369EECC}.png, width=1125, height=2436, size=1469341, type=PNG, isEmoji=false]
2023-09-21 11:08:25 V/Bot.2398493975: [獭獭不会交学费军团@(887156367)] 獭獭@买彩票去了(1609323331) -> [mirai:image:{B597C41C-D678-386E-BF00-96AD08D505BD}.png, width=320, height=270, size=129239, type=GIF, isEmoji=true]
2023-09-21 11:24:54 V/Bot.2398493975: [獭獭不会交学费军团@(887156367)] lax@牛牛道心破碎军团(269418386) -> 确实是包严实了
2023-09-21 11:25:07 V/Bot.2398493975: [獭獭不会交学费军团@(887156367)] 哭哭Excel@被獭獭军团开除3次(472247053) -> [mirai:image:{B597C41C-D678-386E-BF00-96AD08D505BD}.png, width=320, height=270, size=129239, type=GIF, isEmoji=false]
2023-09-21 11:34:54 V/Bot.2398493975: [獭獭不会交学费军团@(887156367)] 獭獭@买彩票去了(1609323331) -> [mirai:image:{0D729679-4D80-2B2E-8E62-B75E0107E7AE}.png, width=2056, height=985, size=664069, type=JPG, isEmoji=false]
2023-09-21 11:39:09 V/Bot.2398493975: [獭獭不会交学费军团@(887156367)] 哭哭Excel@被獭獭军团开除3次(472247053) -> [mirai:image:{FB9C65FB-5685-1B12-1B13-836B38246164}.jpg, width=292, height=205, size=61102, type=GIF, isEmoji=true]
2023-09-21 11:39:45 V/Bot.2398493975: [獭獭不会交学费军团@(887156367)] 獭獭@买彩票去了(1609323331) -> [mirai:image:{29BB762E-DD5F-8839-7761-3088C5F877FF}.png, width=4096, height=1891, size=2505909, type=JPG, isEmoji=false]
2023-09-21 11:39:49 V/Bot.2398493975: [獭獭不会交学费军团@(887156367)] 獭獭@买彩票去了(1609323331) -> 这他喵啥东西
2023-09-21 11:39:56 V/Bot.2398493975: [獭獭不会交学费军团@(887156367)] 懒懒（笨物）(947603216) -> [mirai:image:{26E3A0A6-1D06-9152-E98B-B7694D424251}.jpg, width=1056, height=1024, size=779579, type=GIF, isEmoji=true]
2023-09-21 11:40:16 V/Bot.2398493975: [獭獭不会交学费军团@(887156367)] 獭獭买锤子大臣@被獭獭军团开除(963423936) -> 啊？
2023-09-21 11:41:33 I/UnidbgFetchQsign: Bot(2398493975) request_token, submit success
2023-09-21 12:00:39 E/mirai-login-solver-sakura: [id: 0x24944560, L:/192.168.0.89:22333 - R:/179.60.147.13:65070] [exceptionCaught]
java.net.SocketException: Connection reset
	at java.base/sun.nio.ch.SocketChannelImpl.throwConnectionReset(SocketChannelImpl.java:394)
	at java.base/sun.nio.ch.SocketChannelImpl.read(SocketChannelImpl.java:426)
	at mirai-login-solver-sakura-0.0.11.mirai2.jar[private]//io.netty.buffer.PooledByteBuf.setBytes(PooledByteBuf.java:259)
	at mirai-login-solver-sakura-0.0.11.mirai2.jar[private]//io.netty.buffer.AbstractByteBuf.writeBytes(AbstractByteBuf.java:1132)
	at mirai-login-solver-sakura-0.0.11.mirai2.jar[private]//io.netty.channel.socket.nio.NioSocketChannel.doReadBytes(NioSocketChannel.java:357)
	at mirai-login-solver-sakura-0.0.11.mirai2.jar[private]//io.netty.channel.nio.AbstractNioByteChannel$NioByteUnsafe.read(AbstractNioByteChannel.java:151)
	at mirai-login-solver-sakura-0.0.11.mirai2.jar[private]//io.netty.channel.nio.NioEventLoop.processSelectedKey(NioEventLoop.java:788)
	at mirai-login-solver-sakura-0.0.11.mirai2.jar[private]//io.netty.channel.nio.NioEventLoop.processSelectedKeysOptimized(NioEventLoop.java:724)
	at mirai-login-solver-sakura-0.0.11.mirai2.jar[private]//io.netty.channel.nio.NioEventLoop.processSelectedKeys(NioEventLoop.java:650)
	at mirai-login-solver-sakura-0.0.11.mirai2.jar[private]//io.netty.channel.nio.NioEventLoop.run(NioEventLoop.java:562)
	at mirai-login-solver-sakura-0.0.11.mirai2.jar[private]//io.netty.util.concurrent.SingleThreadEventExecutor$4.run(SingleThreadEventExecutor.java:997)
	at mirai-login-solver-sakura-0.0.11.mirai2.jar[private]//io.netty.util.internal.ThreadExecutorMap$2.run(ThreadExecutorMap.java:74)
	at java.base/java.lang.Thread.run(Thread.java:833)

2023-09-21 12:00:39 W/io.netty.channel.DefaultChannelPipeline: An exceptionCaught() event was fired, and it reached at the tail of the pipeline. It usually means the last handler in the pipeline did not handle the exception.
java.net.SocketException: Connection reset
	at java.base/sun.nio.ch.SocketChannelImpl.throwConnectionReset(SocketChannelImpl.java:394)
	at java.base/sun.nio.ch.SocketChannelImpl.read(SocketChannelImpl.java:426)
	at mirai-login-solver-sakura-0.0.11.mirai2.jar[private]//io.netty.buffer.PooledByteBuf.setBytes(PooledByteBuf.java:259)
	at mirai-login-solver-sakura-0.0.11.mirai2.jar[private]//io.netty.buffer.AbstractByteBuf.writeBytes(AbstractByteBuf.java:1132)
	at mirai-login-solver-sakura-0.0.11.mirai2.jar[private]//io.netty.channel.socket.nio.NioSocketChannel.doReadBytes(NioSocketChannel.java:357)
	at mirai-login-solver-sakura-0.0.11.mirai2.jar[private]//io.netty.channel.nio.AbstractNioByteChannel$NioByteUnsafe.read(AbstractNioByteChannel.java:151)
	at mirai-login-solver-sakura-0.0.11.mirai2.jar[private]//io.netty.channel.nio.NioEventLoop.processSelectedKey(NioEventLoop.java:788)
	at mirai-login-solver-sakura-0.0.11.mirai2.jar[private]//io.netty.channel.nio.NioEventLoop.processSelectedKeysOptimized(NioEventLoop.java:724)
	at mirai-login-solver-sakura-0.0.11.mirai2.jar[private]//io.netty.channel.nio.NioEventLoop.processSelectedKeys(NioEventLoop.java:650)
	at mirai-login-solver-sakura-0.0.11.mirai2.jar[private]//io.netty.channel.nio.NioEventLoop.run(NioEventLoop.java:562)
	at mirai-login-solver-sakura-0.0.11.mirai2.jar[private]//io.netty.util.concurrent.SingleThreadEventExecutor$4.run(SingleThreadEventExecutor.java:997)
	at mirai-login-solver-sakura-0.0.11.mirai2.jar[private]//io.netty.util.internal.ThreadExecutorMap$2.run(ThreadExecutorMap.java:74)
	at java.base/java.lang.Thread.run(Thread.java:833)

2023-09-21 12:21:39 I/UnidbgFetchQsign: Bot(2398493975) request_token, submit success
2023-09-21 13:01:40 I/UnidbgFetchQsign: Bot(2398493975) request_token, submit success
2023-09-21 13:07:31 V/Bot.2398493975: [獭獭不会交学费军团@(887156367)] 獭獭会交学费军团太子(1297471104) -> 我伞在哪捏w
2023-09-21 13:08:08 V/Bot.2398493975: [獭獭不会交学费军团@(887156367)] 獭獭买锤子大臣@被獭獭军团开除(963423936) -> [mirai:image:{324BFB53-FA80-53C9-37B9-AD4CD7B3C147}.png, width=280, height=260, size=30126, type=GIF, isEmoji=true]
2023-09-21 13:16:27 V/Bot.2398493975: [獭獭不会交学费军团@(887156367)] 獭獭会交学费军团太子(1297471104) -> hlb有拿到你们这里不w
2023-09-21 13:16:31 V/Bot.2398493975: [獭獭不会交学费军团@(887156367)] 獭獭会交学费军团太子(1297471104) -> @笨笨
2023-09-21 13:20:05 V/Bot.2398493975: [獭獭不会交学费军团@(887156367)] 优雅猛牛(695150175) -> 没有
2023-09-21 13:21:23 V/Bot.2398493975: [獭獭不会交学费军团@(887156367)] 獭獭@买彩票去了(1609323331) -> [mirai:image:{8F6E49D5-BF23-3812-E8F3-5484475B94EA}.png, width=480, height=360, size=257943, type=GIF, isEmoji=true]
2023-09-21 13:36:33 V/Bot.2398493975: [獭獭不会交学费军团@(887156367)] 獭獭@买彩票去了(1609323331) -> [mirai:image:{C58E8C88-4D6A-314E-A2F6-F110FF66EF22}.png, width=1888, height=2552, size=596312, type=JPG, isEmoji=false]
2023-09-21 13:36:43 V/Bot.2398493975: [獭獭不会交学费军团@(887156367)] 獭獭@买彩票去了(1609323331) -> 像柯南一样 好吓人
2023-09-21 13:41:41 I/UnidbgFetchQsign: Bot(2398493975) request_token, submit success
2023-09-21 14:01:50 V/Bot.2398493975: [test(389193066)] dd小助手(3459246674) -> 赤五教教主亮亮 正在直播 天下麻友，唯君与亮耳~
https://live.bilibili.com/23490978
2023-09-21 14:01:51 V/Bot.2398493975: [test(389193066)] dd小助手(3459246674) -> [mirai:image:{4209C5EF-88AE-8346-2B76-41C6A739D801}.jpg, width=704, height=396, size=95467, type=JPG, isEmoji=false]
2023-09-21 14:01:52 V/Bot.2398493975: [test(389193066)] dd小助手(3459246674) -> 已设置@全体成员但没有管理员权限,将尝试@指定成员,请需要接收单独@消息的群员使用"开播@我"命令进行订阅
2023-09-21 14:01:53 V/Bot.2398493975: [test(389193066)] dd小助手(3459246674) -> [mirai:at:2461942798] 
2023-09-21 14:21:47 I/UnidbgFetchQsign: Bot(2398493975) request_token, submit success
2023-09-21 14:44:15 V/Bot.2398493975: [獭獭不会交学费军团@(887156367)] 獭獭@买彩票去了(1609323331) -> 草
2023-09-21 14:44:23 V/Bot.2398493975: [獭獭不会交学费军团@(887156367)] 獭獭@买彩票去了(1609323331) -> 白嫖的两首
2023-09-21 14:44:32 V/Bot.2398493975: [獭獭不会交学费军团@(887156367)] 獭獭@买彩票去了(1609323331) -> 唱一半没了
2023-09-21 14:44:44 V/Bot.2398493975: [獭獭不会交学费军团@(887156367)] 哭哭Excel@被獭獭军团开除3次(472247053) -> [mirai:image:{0855DA7E-90F7-DC29-11AB-E28B34252545}.jpg, width=240, height=240, size=188208, type=GIF, isEmoji=true]
2023-09-21 14:45:01 V/Bot.2398493975: [獭獭不会交学费军团@(887156367)] 獭獭@买彩票去了(1609323331) -> 能嫖十分钟
2023-09-21 14:53:08 V/Bot.2398493975: Event: BotOfflineEvent.Dropped(bot=Bot(2398493975), cause=net.mamoe.mirai.internal.network.components.PacketCodecException: java.lang.IllegalStateException: Received packet returnCode = -10008, which may mean session expired., reconnect=true)
2023-09-21 14:53:08 W/Bot.2398493975: Connection lost, reconnecting... (net.mamoe.mirai.internal.network.components.PacketCodecException: java.lang.IllegalStateException: Received packet returnCode = -10008, which may mean session expired.)
2023-09-21 14:53:08 I/UnidbgFetchQsign: Bot(2398493975) initialize by http://127.0.0.1:8080
2023-09-21 14:53:08 I/UnidbgFetchQsign: Bot(2398493975) initialize complete
2023-09-21 14:53:09 I/Bot.2398493975: Saved account secrets to local cache for fast login.
2023-09-21 14:53:09 I/Bot.2398493975: Login successful.
2023-09-21 14:53:09 V/Bot.2398493975: Event: BotOnlineEvent(bot=Bot(2398493975))
2023-09-21 14:53:09 V/Bot.2398493975: Event: BotReloginEvent(bot=Bot(2398493975), cause=null)
2023-09-21 14:53:09 I/Bot.2398493975: Reconnected successfully in 1.795s.
2023-09-21 15:01:48 I/UnidbgFetchQsign: Bot(2398493975) request_token, submit success
2023-09-21 15:02:55 V/Bot.2398493975: [獭獭不会交学费军团@(887156367)] 獭獭@买彩票去了(1609323331) -> [mirai:image:{425D8BB3-6A3E-BEB3-FD8B-686971DDD2FC}.png, width=600, height=180, size=38677, type=PNG, isEmoji=false]
2023-09-21 15:03:14 V/Bot.2398493975: [獭獭不会交学费军团@(887156367)] 獭獭@买彩票去了(1609323331) -> 乖离性MA：坏
2023-09-21 15:31:27 V/Bot.2398493975: [獭獭不会交学费军团@(887156367)] 哭哭Excel@被獭獭军团开除3次(472247053) -> 坏
2023-09-21 15:41:48 I/UnidbgFetchQsign: Bot(2398493975) request_token, submit success
2023-09-21 15:47:04 V/Bot.2398493975: [獭獭不会交学费军团@(887156367)] 獭獭买锤子大臣@被獭獭军团开除(963423936) -> [mirai:app:{
  "config" : {
    "height" : 0,
    "forward" : 1,
    "ctime" : 1695282420,
    "width" : 0,
    "type" : "normal",
    "token" : "49bbd6a2104687443c7cb099e6a87b79",
    "autoSize" : 0
  },
  "prompt" : "[QQ小程序]『It's MyGO!!!!!』栞\/现实场景中的MyGO",
  "app" : "com.tencent.miniapp_01",
  "ver" : "1.0.1.46",
  "appID" : "100951776",
  "view" : "view_8C8E89B49BE609866298ADDFF2DBABA4",
  "meta" : {
    "detail_1" : {
      "appid" : "1109937557",
      "preview" : "https:\/\/pic.ugcimg.cn\/49bc2a68641976179a9281481d2e2f51\/jpg1",
      "shareTemplateData" : {

      },
      "gamePointsUrl" : "",
      "gamePoints" : "",
      "url" : "m.q.qq.com\/a\/s\/17953e6f77b3f86bd561b80e28070d25",
      "appType" : 0,
      "desc" : "『It's MyGO!!!!!』栞\/现实场景中的MyGO",
      "title" : "哔哩哔哩",
      "scene" : 1036,
      "host" : {
        "uin" : 963423936,
        "nick" : "小红今天早饭了吗"
      },
      "icon" : "https:\/\/open.gtimg.cn\/open\/app_icon\/00\/95\/17\/76\/100951776_100_m.png?t=1695193969",
      "shareTemplateId" : "8C8E89B49BE609866298ADDFF2DBABA4",
      "qqdocurl" : "https:\/\/b23.tv\/enu69oI",
      "showLittleTail" : ""
    }
  },
  "bthirdappforward" : true,
  "bthirdappforwardforbackendswitch" : true,
  "desc" : ""
}]
2023-09-21 16:05:04 V/Bot.2398493975: [test(389193066)] dd小助手(3459246674) -> 赤五教教主亮亮 直播结束了
2023-09-21 16:05:13 V/Bot.2398493975: [test(389193066)] dd小助手(3459246674) -> [mirai:image:{9EC6189C-396B-7C99-CA50-51E86D0AD126}.png, width=1000, height=5277, size=695505, type=PNG, isEmoji=false]
2023-09-21 16:05:48 V/Bot.2398493975: [test(389193066)] dd小助手(3459246674) -> 检测到下播后短时间内重新开播,可能是由于主播网络波动引起,本次开播不再重复通知
2023-09-21 16:12:48 V/Bot.2398493975: [獭獭不会交学费军团@(887156367)] hzc@獭獭軍団二度受(2384102753) -> [mirai:at:1297471104] 有啊 在我寝室里
2023-09-21 16:13:27 V/Bot.2398493975: [獭獭不会交学费军团@(887156367)] 獭獭@买彩票去了(1609323331) ->   @獭獭会交学费军团太子 有啊 在我寝室里
2023-09-21 16:21:54 I/UnidbgFetchQsign: Bot(2398493975) request_token, submit success
2023-09-21 16:23:51 V/Bot.2398493975: [獭獭不会交学费军团@(887156367)] hzc@獭獭軍団二度受(2384102753) -> [mirai:image:{FB9C65FB-5685-1B12-1B13-836B38246164}.gif, width=292, height=205, size=61102, type=GIF, isEmoji=true]
2023-09-21 16:46:42 V/Bot.2398493975: [獭獭不会交学费军团@(887156367)] hm@獭獭不走人行道军团(2461942798) -> thpt hzc
2023-09-21 16:46:44 V/Bot.2398493975: [獭獭不会交学费军团@(887156367)] 懒懒（笨物）(947603216) -> hzc [九段 2235/3600][３級 45/100]
最高段位 [九段 2715/3600][３級 45/100]
最近战绩 [1141141241][]
四麻首次升凤时间: 3/27/2021
最高段位达成时间: 4/11/2022
2023-09-21 16:46:58 V/Bot.2398493975: [獭獭不会交学费军团@(887156367)] Freeze_Kirin(768173212) -> 114114
2023-09-21 16:49:19 V/Bot.2398493975: [獭獭不会交学费军团@(887156367)] 獭獭@买彩票去了(1609323331) -> [mirai:image:{9D422089-F96E-A7C2-E026-D92EFB9B9F22}.png, width=1890, height=4096, size=2009944, type=JPG, isEmoji=false]
2023-09-21 16:49:24 V/Bot.2398493975: [獭獭不会交学费军团@(887156367)] 獭獭@买彩票去了(1609323331) -> 欧皇开盲盒
2023-09-21 16:49:26 V/Bot.2398493975: [獭獭不会交学费军团@(887156367)] 獭獭@买彩票去了(1609323331) -> 不需要第五个
2023-09-21 16:49:31 V/Bot.2398493975: [獭獭不会交学费军团@(887156367)] Freeze_Kirin(768173212) -> [mirai:image:{7AAB86C2-2E54-B41B-1127-E416989F377D}.png, width=124, height=139, size=6514, type=JPG, isEmoji=true]
2023-09-21 16:49:34 V/Bot.2398493975: [獭獭不会交学费军团@(887156367)] 獭獭@买彩票去了(1609323331) -> [mirai:image:{8AFCF605-FDCE-9015-3438-526A21D02EF5}.png, width=300, height=192, size=8379, type=JPG, isEmoji=true]
2023-09-21 16:52:47 V/Bot.2398493975: [獭獭不会交学费军团@(887156367)] lax@牛牛道心破碎军团(269418386) -> [mirai:image:{F2699F43-0E8C-0B1C-F9A7-E2707B46BA46}.jpg, width=482, height=438, size=28781, type=JPG, isEmoji=true]
2023-09-21 17:01:55 I/UnidbgFetchQsign: Bot(2398493975) request_token, submit success
2023-09-21 17:25:02 V/Bot.2398493975: [SHT荔枝麻酱协会(493057481)] 大可奇丽(1485280964) -> ！jrrp
2023-09-21 17:25:03 V/Bot.2398493975: Group(493057481) <- 今日人品：吉
今日适宜役种：混一色
(为防止刷屏，一日内不可多次查询哦！)
2023-09-21 17:28:51 V/Bot.2398493975: [獭獭不会交学费军团@(887156367)] zz@獺獺軍団(771507043) -> 这附录比书厚好几倍[mirai:image:{2C77E10C-52A6-6FEF-A41D-9C776ED5E986}.png, width=2084, height=2778, size=599540, type=JPG, isEmoji=false]
2023-09-21 17:29:22 V/Bot.2398493975: [SHT荔枝麻酱协会(493057481)] 殒落凡尘的星(2510816477) -> ！jrrp
2023-09-21 17:29:23 V/Bot.2398493975: Group(493057481) <- 今日人品：吉
今日适宜役种：立直
(为防止刷屏，一日内不可多次查询哦！)
2023-09-21 17:35:16 V/Bot.2398493975: [SHT荔枝麻酱协会(493057481)] N！T！R！！！(269418386) -> [mirai:app:{"ver":"1.0.0.19","prompt":"[QQ小程序]樱花&海盗：嘲笑难波2.0","config":{"type":"normal","width":0,"height":0,"forward":1,"autoSize":0,"ctime":1695288911,"token":"1e0bb4e0d55ff7864064668b6da88bc1"},"needShareCallBack":false,"app":"com.tencent.miniapp_01","view":"view_8C8E89B49BE609866298ADDFF2DBABA4","meta":{"detail_1":{"appid":"1109937557","appType":0,"title":"哔哩哔哩","desc":"樱花&海盗：嘲笑难波2.0","icon":"https:\/\/open.gtimg.cn\/open\/app_icon\/00\/95\/17\/76\/100951776_100_m.png?t=1695193969","preview":"pubminishare-30161.picsz.qpic.cn\/0bd9fcba-61cd-40c2-9e9f-92b71b18b6db","url":"m.q.qq.com\/a\/s\/8b05d7de2a6158248e71aa7895d33a90","scene":1036,"host":{"uin":269418386,"nick":"流羽箭"},"shareTemplateId":"8C8E89B49BE609866298ADDFF2DBABA4","shareTemplateData":{},"qqdocurl":"https:\/\/b23.tv\/OST1pZ8?share_medium=android&share_source=qq&bbid=XY19E8611837B831A97D64EAAB6E1ACF24CED&ts=1695288911173","showLittleTail":"","gamePoints":"","gamePointsUrl":""}}}]
2023-09-21 17:41:56 I/UnidbgFetchQsign: Bot(2398493975) request_token, submit success
2023-09-21 17:43:12 V/Bot.2398493975: [SHT荔枝麻酱协会(493057481)] 4000all！(1846411487) -> 今天格斗揭幕战上date ab上蓝子
2023-09-21 18:05:21 V/Bot.2398493975: [SHT荔枝麻酱协会(493057481)] 咕咕咕(2953825263) -> ！jrrp
2023-09-21 18:05:22 V/Bot.2398493975: Group(493057481) <- 今日人品：吉
今日适宜役种：一气通贯
(为防止刷屏，一日内不可多次查询哦！)
2023-09-21 18:10:18 V/Bot.2398493975: [test(389193066)] dd小助手(3459246674) -> 赤五教教主亮亮 直播结束了
2023-09-21 18:10:28 V/Bot.2398493975: [test(389193066)] dd小助手(3459246674) -> [mirai:image:{72C30993-3877-4149-DC04-1FC7F7EA5580}.png, width=1000, height=5277, size=779806, type=PNG, isEmoji=false]
2023-09-21 18:11:12 V/Bot.2398493975: [獭獭不会交学费军团@(887156367)] 獭獭@买彩票去了(1609323331) -> [mirai:image:{0B879DAC-A099-2919-CF3C-234610A7E06F}.png, width=358, height=300, size=51824, type=GIF, isEmoji=false]
2023-09-21 18:11:13 V/Bot.2398493975: [獭獭不会交学费军团@(887156367)] 獭獭@买彩票去了(1609323331) -> [mirai:image:{FB2A51A3-E4DF-2664-7A7E-598B4363251D}.png, width=358, height=300, size=93200, type=GIF, isEmoji=false]
2023-09-21 18:22:02 I/UnidbgFetchQsign: Bot(2398493975) request_token, submit success
2023-09-21 18:26:39 V/Bot.2398493975: [SHT荔枝麻酱协会(493057481)] 4000all！(1846411487) -> 今晚有局吗
2023-09-21 18:26:55 V/Bot.2398493975: [SHT荔枝麻酱协会(493057481)] 风行(1685448924) -> 有我
2023-09-21 18:27:04 V/Bot.2398493975: [SHT荔枝麻酱协会(493057481)] 风行(1685448924) -> 正在从长泰回学校
2023-09-21 18:27:07 V/Bot.2398493975: [SHT荔枝麻酱协会(493057481)] 风行(1685448924) -> [mirai:image:{916E801A-2D48-4A10-6A61-8DCFB7932525}.jpg, width=586, height=660, size=86809, type=JPG, isEmoji=true]
2023-09-21 18:30:20 V/Bot.2398493975: [SHT荔枝麻酱协会(493057481)] 61(1262330839) -> 新人能来不
2023-09-21 18:30:25 V/Bot.2398493975: [SHT荔枝麻酱协会(493057481)] 61(1262330839) -> [mirai:image:{C76C861D-B512-4F1E-002C-36C33C62E618}.gif, width=297, height=297, size=601828, type=GIF, isEmoji=true]
2023-09-21 18:33:14 V/Bot.2398493975: [SHT荔枝麻酱协会(493057481)] 殒落凡尘的星(2510816477) -> 现在有多少人了[汪汪]
2023-09-21 18:38:48 V/Bot.2398493975: [SHT荔枝麻酱协会(493057481)] 安邦定国(443127105) -> [mirai:quote:[mirai:source:ids=[284787], internalIds=[2088277371], from 704937242 to 493057481 at 1695224843], content=<not yet initialized>][mirai:at:704937242] 子昭这东西都传到这了？[偷看]
2023-09-21 18:39:39 V/Bot.2398493975: [SHT荔枝麻酱协会(493057481)] 淡情余描未わ(1297471104) -> [mirai:quote:[mirai:source:ids=[284857], internalIds=[400396328], from 1262330839 to 493057481 at 1695292220], content=<not yet initialized>][mirai:at:1262330839] 欢迎欢迎，只要组的起来人多多益善xd
2023-09-21 18:40:19 V/Bot.2398493975: [SHT荔枝麻酱协会(493057481)] 61(1262330839) -> 那我去学活了[mirai:image:{1AB19F9D-DF59-1FF0-6C33-71F6D25C5DD1}.jpg, width=50, height=50, size=776, type=JPG, isEmoji=true]
2023-09-21 18:46:37 V/Bot.2398493975: [SHT荔枝麻酱协会(493057481)] yyyouch(2461942798) -> 我也来我也来
2023-09-21 18:48:03 V/Bot.2398493975: [SHT荔枝麻酱协会(493057481)] chino(704937242) -> [mirai:quote:[mirai:source:ids=[284860], internalIds=[105410032], from 443127105 to 493057481 at 1695292728], content=<not yet initialized>][mirai:at:443127105] 有意思的 顺手搬了
2023-09-21 19:02:03 I/UnidbgFetchQsign: Bot(2398493975) request_token, submit success
2023-09-21 19:18:48 V/Bot.2398493975: [獭獭不会交学费军团@(887156367)] 哭哭Excel@被獭獭军团开除3次(472247053) -> 太sb了
2023-09-21 19:18:53 V/Bot.2398493975: [獭獭不会交学费军团@(887156367)] 哭哭Excel@被獭獭军团开除3次(472247053) -> 我想退赛
2023-09-21 19:21:08 V/Bot.2398493975: [獭獭不会交学费军团@(887156367)] 哭哭Excel@被獭獭军团开除3次(472247053) -> 以前怎么没发现猫哥这么sb
2023-09-21 19:22:52 V/Bot.2398493975: [獭獭不会交学费军团@(887156367)] 优雅猛牛(695150175) -> 啊？
2023-09-21 19:23:04 V/Bot.2398493975: [獭獭不会交学费军团@(887156367)] 优雅猛牛(695150175) -> 退什么赛？
2023-09-21 19:23:17 V/Bot.2398493975: [獭獭不会交学费军团@(887156367)] 优雅猛牛(695150175) -> 猫怎么sb？
2023-09-21 19:24:58 V/Bot.2398493975: [獭獭不会交学费军团@(887156367)] hzc@獭獭軍団二度受(2384102753) -> ？
2023-09-21 19:27:01 V/Bot.2398493975: [獭獭不会交学费军团@(887156367)] hzc@獭獭軍団二度受(2384102753) -> 发生什么事了
2023-09-21 19:28:13 V/Bot.2398493975: [獭獭不会交学费军团@(887156367)] 哭哭Excel@被獭獭军团开除3次(472247053) -> 算了 懒得生气了
2023-09-21 19:28:27 V/Bot.2398493975: [獭獭不会交学费军团@(887156367)] 哭哭Excel@被獭獭军团开除3次(472247053) -> 没报上就是安然的锅
2023-09-21 19:41:31 V/Bot.2398493975: [test(389193066)] dd小助手(3459246674) -> 赤五教教主亮亮 投稿了新视频
https://www.bilibili.com/video/BV1Yy4y1F7pu
2023-09-21 19:41:35 V/Bot.2398493975: [test(389193066)] dd小助手(3459246674) -> [mirai:image:{54023E64-D53C-8937-F82C-E0F553631B51}.png, width=740, height=827, size=406634, type=PNG, isEmoji=false]
2023-09-21 19:42:03 I/UnidbgFetchQsign: Bot(2398493975) request_token, submit success
2023-09-21 19:54:25 V/Bot.2398493975: [獭獭不会交学费军团@(887156367)] Freeze_Kirin(768173212) -> 啊？咋了
2023-09-21 19:54:39 V/Bot.2398493975: [獭獭不会交学费军团@(887156367)] Freeze_Kirin(768173212) -> 说说大伙替你生气
2023-09-21 20:00:50 V/Bot.2398493975: [獭獭不会交学费军团@(887156367)] 哭哭Excel@被獭獭军团开除3次(472247053) -> [mirai:image:{A78CAEA9-036A-4CCA-A6A8-31834F932611}.jpg, width=368, height=290, size=141798, type=GIF, isEmoji=true]
2023-09-21 20:01:59 V/Bot.2398493975: [獭獭不会交学费军团@(887156367)] 哭哭Excel@被獭獭军团开除3次(472247053) -> 怎么办 报上了 不能名正言顺跟他爆了
2023-09-21 20:02:06 V/Bot.2398493975: [獭獭不会交学费军团@(887156367)] 哭哭Excel@被獭獭军团开除3次(472247053) -> [mirai:image:{DBCCF3C4-A5AD-468B-4497-54043270817F}.jpg, width=300, height=300, size=12191, type=JPG, isEmoji=true]
2023-09-21 20:02:52 V/Bot.2398493975: [test(389193066)] dd小助手(3459246674) -> 赤五教教主亮亮 正在直播 我来玩王国之泪啦~
https://live.bilibili.com/23490978
2023-09-21 20:02:53 V/Bot.2398493975: [test(389193066)] dd小助手(3459246674) -> [mirai:image:{4209C5EF-88AE-8346-2B76-41C6A739D801}.jpg, width=704, height=396, size=95467, type=JPG, isEmoji=false]
2023-09-21 20:02:54 V/Bot.2398493975: [test(389193066)] dd小助手(3459246674) -> 已设置@全体成员但没有管理员权限,将尝试@指定成员,请需要接收单独@消息的群员使用"开播@我"命令进行订阅
2023-09-21 20:02:55 V/Bot.2398493975: [test(389193066)] dd小助手(3459246674) -> [mirai:at:2461942798] 
2023-09-21 20:03:11 V/Bot.2398493975: [獭獭不会交学费军团@(887156367)] Freeze_Kirin(768173212) -> ？
2023-09-21 20:03:14 V/Bot.2398493975: [獭獭不会交学费军团@(887156367)] Freeze_Kirin(768173212) -> 所以到底咋了
2023-09-21 20:03:19 V/Bot.2398493975: [獭獭不会交学费军团@(887156367)] Freeze_Kirin(768173212) -> 给大伙讲讲
2023-09-21 20:04:03 V/Bot.2398493975: [獭獭不会交学费军团@(887156367)] 獭獭会交学费军团太子(1297471104) -> 给大伙讲讲
2023-09-21 20:04:21 V/Bot.2398493975: [獭獭不会交学费军团@(887156367)] 哭哭Excel@被獭獭军团开除3次(472247053) -> 懒得讲了
2023-09-21 20:04:28 V/Bot.2398493975: [獭獭不会交学费军团@(887156367)] 獭獭会交学费军团太子(1297471104) -> 跟我们讲，假装爆过了
2023-09-21 20:04:37 V/Bot.2398493975: [獭獭不会交学费军团@(887156367)] Freeze_Kirin(768173212) -> 跟我们讲，假装爆过了
2023-09-21 20:04:45 V/Bot.2398493975: [獭獭不会交学费军团@(887156367)] 哭哭Excel@被獭獭军团开除3次(472247053) -> 我卡着最后两天交的表跟我说前八先到先得
2023-09-21 20:05:19 V/Bot.2398493975: [獭獭不会交学费军团@(887156367)] 哭哭Excel@被獭獭军团开除3次(472247053) -> 怎么办 下周前半有空去嘛
2023-09-21 20:05:42 V/Bot.2398493975: [獭獭不会交学费军团@(887156367)] 哭哭Excel@被獭獭军团开除3次(472247053) -> 感觉没时间过去拍照
2023-09-21 20:06:12 V/Bot.2398493975: [獭獭不会交学费军团@(887156367)] Freeze_Kirin(768173212) -> 下周前半具体是啥时间段
2023-09-21 20:07:19 V/Bot.2398493975: [獭獭不会交学费军团@(887156367)] 哭哭Excel@被獭獭军团开除3次(472247053) -> 各领队联系下队员，协商一下拍照时间。原则上可以25-28解决的，就25-28号，晚上会有工作人员加班等待。实在不行的，可以5号去拍照，但先确保4支5号比赛队伍完成拍照。
2023-09-21 20:09:01 V/Bot.2398493975: [獭獭不会交学费军团@(887156367)] Freeze_Kirin(768173212) -> 为啥会没空拍照
2023-09-21 20:17:22 V/Bot.2398493975: [獭獭不会交学费军团@(887156367)] 獭獭会交学费军团太子(1297471104) -> 至少28肯定有空吧
2023-09-21 20:17:25 V/Bot.2398493975: [獭獭不会交学费军团@(887156367)] 獭獭会交学费军团太子(1297471104) -> 28校庆放假
2023-09-21 20:22:09 I/UnidbgFetchQsign: Bot(2398493975) request_token, submit success
2023-09-21 20:28:22 V/Bot.2398493975: [SHT荔枝麻酱协会(493057481)] 风行(1685448924) -> 19400
2023-09-21 20:28:24 V/Bot.2398493975: [獭獭不会交学费军团@(887156367)] Freeze_Kirin(768173212) -> 原来28校庆
2023-09-21 20:28:31 V/Bot.2398493975: [獭獭不会交学费军团@(887156367)] Freeze_Kirin(768173212) -> 那28去呗
2023-09-21 20:28:46 V/Bot.2398493975: [SHT荔枝麻酱协会(493057481)] 61(1262330839) -> 11900
2023-09-21 20:29:44 V/Bot.2398493975: [SHT荔枝麻酱协会(493057481)] 4000all！(1846411487) -> 16400
2023-09-21 20:30:19 V/Bot.2398493975: [SHT荔枝麻酱协会(493057481)] 宅哥(2832900934) -> 52300
2023-09-21 20:30:20 V/Bot.2398493975: Group(493057481) <- 记录成功：
宅哥: 52300
风行: 19400
4000all！: 16400
61: 11900
2023-09-21 20:32:06 V/Bot.2398493975: [SHT荔枝麻酱协会(493057481)] 风行(1685448924) -> ！查查我的
2023-09-21 20:32:07 V/Bot.2398493975: Group(493057481) <- 昵称：风行
段位：新人
rate：1538.42
近期顺位：241132
更多数据请访问：http://shanghaitech-mahjong.top/userid/1685448924
2023-09-21 20:33:29 V/Bot.2398493975: [SHT荔枝麻酱协会(493057481)] 宅哥(2832900934) -> ！查查我的
2023-09-21 20:33:30 V/Bot.2398493975: Group(493057481) <- 昵称：宅哥
段位：新人
rate：1513.59
近期顺位：43221
更多数据请访问：http://shanghaitech-mahjong.top/userid/2832900934
2023-09-21 20:34:06 V/Bot.2398493975: [SHT荔枝麻酱协会(493057481)] 优雅猛牛(695150175) -> 这个 新人 这个段位  怎么打那么多把都升不了了
2023-09-21 20:34:27 V/Bot.2398493975: [SHT荔枝麻酱协会(493057481)] 优雅猛牛(695150175) -> 这个升段条还挺长
2023-09-21 20:35:33 V/Bot.2398493975: [SHT荔枝麻酱协会(493057481)] yyyouch(2461942798) -> 有第二桌吗
2023-09-21 20:35:47 V/Bot.2398493975: [SHT荔枝麻酱协会(493057481)] Giraffe(472247053) -> [mirai:at:704937242] [mirai:at:392595084] [mirai:at:994836613] [mirai:at:530079804] 25-28什么时候有空一起去那边拍照嘛
2023-09-21 20:36:29 V/Bot.2398493975: [SHT荔枝麻酱协会(493057481)] ライちゃん(392595084) -> 28我不行，前三天可以
2023-09-21 20:37:43 V/Bot.2398493975: [SHT荔枝麻酱协会(493057481)] 风行(1685448924) -> 现在两桌
2023-09-21 20:40:32 V/Bot.2398493975: [SHT荔枝麻酱协会(493057481)] 淡情余描未わ(1297471104) -> 15000
2023-09-21 20:40:37 V/Bot.2398493975: [SHT荔枝麻酱协会(493057481)] chino(704937242) -> 12700
2023-09-21 20:40:39 V/Bot.2398493975: [SHT荔枝麻酱协会(493057481)] zz(771507043) -> 23200
2023-09-21 20:40:39 V/Bot.2398493975: [SHT荔枝麻酱协会(493057481)] 淡情余描未わ(1297471104) -> [mirai:quote:[mirai:source:ids=[284876], internalIds=[-2049362975], from 2461942798 to 493057481 at 1695299732], content=<not yet initialized>][mirai:at:2461942798] 来玩捏
2023-09-21 20:40:47 V/Bot.2398493975: [SHT荔枝麻酱协会(493057481)] yyyouch(2461942798) -> 路上了
2023-09-21 20:40:52 V/Bot.2398493975: [SHT荔枝麻酱协会(493057481)] yyyouch(2461942798) -> 1min
2023-09-21 20:40:56 V/Bot.2398493975: [SHT荔枝麻酱协会(493057481)] yyyouch(2461942798) -> 就到
2023-09-21 20:41:26 V/Bot.2398493975: [SHT荔枝麻酱协会(493057481)] 牙牙(1105692313) -> 49000
2023-09-21 20:41:27 V/Bot.2398493975: Group(493057481) <- 点数有误，总和不为100000！
2023-09-21 20:41:33 V/Bot.2398493975: [SHT荔枝麻酱协会(493057481)] 淡情余描未わ(1297471104) -> 15100
2023-09-21 20:41:35 V/Bot.2398493975: Group(493057481) <- 记录成功：
牙牙: 49000
zz: 23200
淡情余描未わ: 15100
chino: 12700
2023-09-21 20:42:36 V/Bot.2398493975: [SHT荔枝麻酱协会(493057481)] 淡情余描未わ(1297471104) -> [mirai:image:{2F187A4F-3E5D-4DDA-B18B-4D60C9430513}.jpg, width=1080, height=2400, size=1193506, type=JPG, isEmoji=false]
2023-09-21 20:42:42 V/Bot.2398493975: [SHT荔枝麻酱协会(493057481)] 淡情余描未わ(1297471104) -> [mirai:at:2461942798] 选一个
2023-09-21 20:42:55 V/Bot.2398493975: [SHT荔枝麻酱协会(493057481)] yyyouch(2461942798) -> 上
2023-09-21 20:43:27 V/Bot.2398493975: [SHT荔枝麻酱协会(493057481)] naf2021(3469392519) -> 9点下班，呜呜呜
2023-09-21 20:43:32 V/Bot.2398493975: [SHT荔枝麻酱协会(493057481)] naf2021(3469392519) -> 下班了可以来
2023-09-21 20:43:55 V/Bot.2398493975: [SHT荔枝麻酱协会(493057481)] 牙牙(1105692313) -> 快来
2023-09-21 20:44:03 V/Bot.2398493975: [SHT荔枝麻酱协会(493057481)] 卡农变奏(530079804) -> 我好像也可以来
2023-09-21 20:45:11 V/Bot.2398493975: [SHT荔枝麻酱协会(493057481)] 淡情余描未わ(1297471104) -> 来来来
2023-09-21 20:58:11 V/Bot.2398493975: [SHT荔枝麻酱协会(493057481)] naf2021(3469392519) -> 学活有电吗
2023-09-21 20:58:14 V/Bot.2398493975: [SHT荔枝麻酱协会(493057481)] naf2021(3469392519) -> [mirai:image:{73F9903F-3B05-0B68-7D71-3E234418CBC0}.jpg, width=56, height=45, size=1040, type=JPG, isEmoji=true]
2023-09-21 20:58:34 V/Bot.2398493975: [SHT荔枝麻酱协会(493057481)] 淡情余描未わ(1297471104) -> 有
2023-09-21 20:58:42 V/Bot.2398493975: [SHT荔枝麻酱协会(493057481)] 淡情余描未わ(1297471104) -> 11＝1
2023-09-21 20:58:53 V/Bot.2398493975: [SHT荔枝麻酱协会(493057481)] naf2021(3469392519) -> 2min下班
2023-09-21 21:02:10 I/UnidbgFetchQsign: Bot(2398493975) request_token, submit success
2023-09-21 21:42:11 I/UnidbgFetchQsign: Bot(2398493975) request_token, submit success
2023-09-21 21:42:25 V/Bot.2398493975: [獭獭不会交学费军团@(887156367)] zz@獺獺軍団(771507043) -> 怎么办，技能不会点了[mirai:image:{E1F4A527-CA96-40A8-CEE7-97BDB51E8F6D}.png, width=1284, height=2778, size=332133, type=JPG, isEmoji=false]
2023-09-21 22:08:43 V/Bot.2398493975: [SHT荔枝麻酱协会(493057481)] zz(771507043) -> 24200
2023-09-21 22:08:58 V/Bot.2398493975: [SHT荔枝麻酱协会(493057481)] yyyouch(2461942798) -> 21900
2023-09-21 22:09:06 V/Bot.2398493975: [SHT荔枝麻酱协会(493057481)] chino(704937242) -> 11300
2023-09-21 22:09:12 V/Bot.2398493975: [SHT荔枝麻酱协会(493057481)] 4000all！(1846411487) -> 42600
2023-09-21 22:09:14 V/Bot.2398493975: Group(493057481) <- 记录成功：
4000all！: 42600
zz: 24200
yyyouch: 21900
chino: 11300
2023-09-21 22:12:14 V/Bot.2398493975: [SHT荔枝麻酱协会(493057481)] chino(704937242) -> ！查查我的
2023-09-21 22:12:16 V/Bot.2398493975: Group(493057481) <- 昵称：chino
段位：5级
rate：1321.77
近期顺位：4443442244
更多数据请访问：http://shanghaitech-mahjong.top/userid/704937242
2023-09-21 22:22:17 I/UnidbgFetchQsign: Bot(2398493975) request_token, submit success
2023-09-21 22:24:48 V/Bot.2398493975: [SHT荔枝麻酱协会(493057481)] 淡情余描未わ(1297471104) -> 50900
2023-09-21 22:24:58 V/Bot.2398493975: [SHT荔枝麻酱协会(493057481)] 牙牙(1105692313) -> -1400
2023-09-21 22:26:14 V/Bot.2398493975: [SHT荔枝麻酱协会(493057481)] naf2021(3469392519) -> 26700
2023-09-21 22:26:54 V/Bot.2398493975: [SHT荔枝麻酱协会(493057481)] 卡农变奏(530079804) -> 23800
2023-09-21 22:26:55 V/Bot.2398493975: Group(493057481) <- 记录成功：
淡情余描未わ: 50900
naf2021: 26700
卡农变奏: 23800
牙牙: -1400
2023-09-21 22:26:57 V/Bot.2398493975: [SHT荔枝麻酱协会(493057481)] 风行(1685448924) -> 27600
2023-09-21 22:27:00 V/Bot.2398493975: [SHT荔枝麻酱协会(493057481)] 宅哥(2832900934) -> 18600
2023-09-21 22:27:04 V/Bot.2398493975: [SHT荔枝麻酱协会(493057481)] 殒落凡尘的星(2510816477) -> 22800
2023-09-21 22:27:07 V/Bot.2398493975: [SHT荔枝麻酱协会(493057481)] 牙牙(1105692313) -> ！jrrp
2023-09-21 22:27:08 V/Bot.2398493975: Group(493057481) <- 今日人品：吉
今日适宜役种：断幺九
(为防止刷屏，一日内不可多次查询哦！)
2023-09-21 22:27:13 V/Bot.2398493975: [SHT荔枝麻酱协会(493057481)] 61(1262330839) -> 31000
2023-09-21 22:27:14 V/Bot.2398493975: Group(493057481) <- 记录成功：
61: 31000
风行: 27600
殒落凡尘的星: 22800
宅哥: 18600
2023-09-21 22:27:27 V/Bot.2398493975: [SHT荔枝麻酱协会(493057481)] 风行(1685448924) -> ！查查我的
2023-09-21 22:27:28 V/Bot.2398493975: Group(493057481) <- 昵称：风行
段位：5级
rate：1547.35
近期顺位：2411322
更多数据请访问：http://shanghaitech-mahjong.top/userid/1685448924
2023-09-21 22:42:21 V/Bot.2398493975: [SHT荔枝麻酱协会(493057481)] 淡情余描未わ(1297471104) -> [mirai:image:{3353950D-B7CD-17B7-C92A-E7FBEABED244}.jpg, width=1080, height=1680, size=127923, type=JPG, isEmoji=false]
2023-09-21 22:42:25 V/Bot.2398493975: [SHT荔枝麻酱协会(493057481)] 淡情余描未わ(1297471104) -> 今日蜜±0
2023-09-21 22:42:32 V/Bot.2398493975: [SHT荔枝麻酱协会(493057481)] naf2021(3469392519) -> ！查查我的
2023-09-21 22:42:33 V/Bot.2398493975: Group(493057481) <- 昵称：naf2021
段位：3级
rate：1606.83
近期顺位：4132222212
更多数据请访问：http://shanghaitech-mahjong.top/userid/3469392519
2023-09-21 22:42:47 V/Bot.2398493975: [SHT荔枝麻酱协会(493057481)] 淡情余描未わ(1297471104) -> 2222212
2023-09-21 22:44:55 V/Bot.2398493975: [test(389193066)] dd小助手(3459246674) -> 赤五教教主亮亮 直播结束了
2023-09-21 22:45:06 V/Bot.2398493975: [test(389193066)] dd小助手(3459246674) -> [mirai:image:{1F709F14-FC6F-FCE5-2425-A65FDF61048A}.png, width=1000, height=7350, size=812708, type=PNG, isEmoji=false]
2023-09-21 23:02:18 I/UnidbgFetchQsign: Bot(2398493975) request_token, submit success
2023-09-21 23:02:40 V/Bot.2398493975: [SHT荔枝麻酱协会(493057481)] zz(771507043) -> 55100
2023-09-21 23:02:49 V/Bot.2398493975: [SHT荔枝麻酱协会(493057481)] Giraffe(472247053) -> -100
2023-09-21 23:02:53 V/Bot.2398493975: [SHT荔枝麻酱协会(493057481)] yyyouch(2461942798) -> 30600
2023-09-21 23:03:00 V/Bot.2398493975: [SHT荔枝麻酱协会(493057481)] 4000all！(1846411487) -> 14400
2023-09-21 23:03:01 V/Bot.2398493975: Group(493057481) <- 记录成功：
zz: 55100
yyyouch: 30600
4000all！: 14400
Giraffe: -100
2023-09-21 23:42:18 I/UnidbgFetchQsign: Bot(2398493975) request_token, submit success
