2023-09-16 00:04:11 V/Bot.2398493975: [獭獭不会交学费军团@(887156367)] hzc@獭獭軍団二度受(2384102753) -> 19300
2023-09-16 00:04:23 V/Bot.2398493975: [獭獭不会交学费军团@(887156367)] 獭獭会交学费军团(1297471104) -> 41900
2023-09-16 00:04:37 V/Bot.2398493975: [test(389193066)] 时雨(1609323331) -> 12800
2023-09-16 00:04:55 V/Bot.2398493975: Event: GroupRecall(bot=Bot(2398493975), authorId=1609323331, messageIds=[38302], messageInternalIds=[1348921299], messageTime=1694793877, operator=NormalMember(1609323331), group=Group(389193066), author=NormalMember(1609323331))
2023-09-16 00:05:13 V/Bot.2398493975: [test(389193066)] 时雨(1609323331) -> 13800
2023-09-16 00:05:40 V/Bot.2398493975: [獭獭不会交学费军团@(887156367)] 哭哭Excel@被獭獭军团开除3次(472247053) -> 25000
2023-09-16 00:05:41 V/Bot.2398493975: Group(887156367) <- 记录成功：
獭獭会交学费军团: 41900
哭哭Excel@被獭獭军团开除3次: 25000
hzc@獭獭軍団二度受: 19300
时雨: 13800
2023-09-16 00:13:28 I/UnidbgFetchQsign: Bot(2398493975) request_token, submit success
2023-09-16 00:45:22 V/Bot.2398493975: [SHT荔枝麻酱协会(493057481)] ライちゃん(392595084) -> 看来今晚没聚起来啊
2023-09-16 00:48:06 V/Bot.2398493975: [SHT荔枝麻酱协会(493057481)] 淡情余描未わ(1297471104) -> 今天我们这边有几个人出去吃饭哩x
2023-09-16 00:48:14 V/Bot.2398493975: [SHT荔枝麻酱协会(493057481)] 淡情余描未わ(1297471104) -> 后续肯定能约起来的
2023-09-16 00:53:17 V/Bot.2398493975: [SHT荔枝麻酱协会(493057481)] 布莱克提(690875992) -> 你和Tip Top有2个共同好友，点击添加好友。
2023-09-16 00:53:29 I/UnidbgFetchQsign: Bot(2398493975) request_token, submit success
2023-09-16 01:15:23 V/Bot.2398493975: [SHT荔枝麻酱协会(493057481)] ライちゃん(392595084) -> [mirai:image:{6493D38A-991E-0216-C31A-C23D18E55A8E}.jpg, width=1920, height=886, size=204159, type=JPG, isEmoji=false]
2023-09-16 01:15:34 V/Bot.2398493975: [SHT荔枝麻酱协会(493057481)] ライちゃん(392595084) -> 今天遇到的逆天对手
2023-09-16 01:33:30 I/UnidbgFetchQsign: Bot(2398493975) request_token, submit success
2023-09-16 01:59:11 V/Bot.2398493975: [test(389193066)] yyyouch(2461942798) -> [mirai:at:1609323331] ！吃鱼
2023-09-16 01:59:12 V/Bot.2398493975: Group(389193066) <- 昵称：时雨
段位：5级
rate：1397.09
近期顺位：4342133434
更多数据请访问：http://shanghaitech-mahjong.top/userid/1609323331
2023-09-16 02:11:43 V/Bot.2398493975: [test(389193066)] yyyouch(2461942798) -> ！jrrp
2023-09-16 02:11:44 V/Bot.2398493975: Group(389193066) <- 今日人品：凶
今日适宜役种：门前淸自摸和
(为防止刷屏，一日内不可多次查询哦！)
2023-09-16 02:13:36 I/UnidbgFetchQsign: Bot(2398493975) request_token, submit success
2023-09-16 02:18:42 V/Bot.2398493975: [SHT荔枝麻酱协会(493057481)] 安邦定国(443127105) -> [mirai:quote:[mirai:source:ids=[284004], internalIds=[1301717754], from 1685448924 to 493057481 at 1694791102], content=<not yet initialized>][mirai:at:1685448924] [暗中观察]【北梦立直麻将馆】
地址：浦东新区长清路1200弄36号710室
(地铁灵岩南路站2号口出过长清路对面，两座高楼中靠里的那一栋)
24小时营业，通宵场请提前预约
机型：REXX-3 两台；雀友两台；另可预约桌游
店内禁烟禁赌，提供免费饮料零食

本店QQ群：180588614
WX号：Nord_Dream
老板QQ：3502412558
联系电话：15240569650
2023-09-16 02:29:39 V/Bot.2398493975: [獭獭不会交学费军团@(887156367)] タタ@uiko你带我走吧军团(1609323331) -> [mirai:image:{275397FD-25BB-D837-10AB-186D051B15BA}.png, width=486, height=260, size=48256, type=PNG, isEmoji=false]
2023-09-16 02:53:36 I/UnidbgFetchQsign: Bot(2398493975) request_token, submit success
2023-09-16 03:33:37 I/UnidbgFetchQsign: Bot(2398493975) request_token, submit success
2023-09-16 04:13:43 I/UnidbgFetchQsign: Bot(2398493975) request_token, submit success
2023-09-16 04:53:44 I/UnidbgFetchQsign: Bot(2398493975) request_token, submit success
2023-09-16 05:33:45 I/UnidbgFetchQsign: Bot(2398493975) request_token, submit success
2023-09-16 06:13:51 I/UnidbgFetchQsign: Bot(2398493975) request_token, submit success
2023-09-16 06:53:51 I/UnidbgFetchQsign: Bot(2398493975) request_token, submit success
2023-09-16 06:59:41 V/Bot.2398493975: [獭獭不会交学费军团@(887156367)] zz@獺獺軍団(771507043) -> 这怎么打[mirai:image:{3161D525-C02A-585F-8E44-8BFDF8E41551}.png, width=2778, height=1284, size=404609, type=JPG, isEmoji=false]
2023-09-16 07:33:52 I/UnidbgFetchQsign: Bot(2398493975) request_token, submit success
2023-09-16 08:13:58 I/UnidbgFetchQsign: Bot(2398493975) request_token, submit success
2023-09-16 08:53:59 I/UnidbgFetchQsign: Bot(2398493975) request_token, submit success
2023-09-16 08:59:14 V/Bot.2398493975: [獭獭不会交学费军团@(887156367)] zz@獺獺軍団(771507043) -> aniplex队好长
2023-09-16 09:17:07 V/Bot.2398493975: [獭獭不会交学费军团@(887156367)] zz@獺獺軍団(771507043) -> [mirai:image:{28ED75CF-1BA9-7658-89F7-5E9972059786}.png, width=1584, height=732, size=730113, type=PNG, isEmoji=false]
2023-09-16 09:17:44 V/Bot.2398493975: [獭獭不会交学费军团@(887156367)] zz@獺獺軍団(771507043) -> 这都什么波天
2023-09-16 09:24:49 V/Bot.2398493975: [獭獭不会交学费军团@(887156367)] 优雅猛牛(695150175) -> [mirai:image:{4CED3795-509A-A669-B791-446100F01333}.jpg, width=302, height=346, size=20252, type=JPG, isEmoji=false]
2023-09-16 09:25:00 V/Bot.2398493975: [獭獭不会交学费军团@(887156367)] 优雅猛牛(695150175) -> 怎么才200+把
2023-09-16 09:25:42 V/Bot.2398493975: [獭獭不会交学费军团@(887156367)] zz@獺獺軍団(771507043) -> 圣三原点开始的
2023-09-16 09:25:47 V/Bot.2398493975: [獭獭不会交学费军团@(887156367)] 优雅猛牛(695150175) -> 哦哦
2023-09-16 09:25:53 V/Bot.2398493975: [獭獭不会交学费军团@(887156367)] 优雅猛牛(695150175) -> 那也挺不错了
2023-09-16 09:26:08 V/Bot.2398493975: [獭獭不会交学费军团@(887156367)] zz@獺獺軍団(771507043) -> 这人从魂一掉下来两百把回去了
2023-09-16 09:26:18 V/Bot.2398493975: [獭獭不会交学费军团@(887156367)] 优雅猛牛(695150175) -> [mirai:marketface:231706,[哈哈哈]]
2023-09-16 09:34:00 I/UnidbgFetchQsign: Bot(2398493975) request_token, submit success
2023-09-16 09:55:56 V/Bot.2398493975: [獭獭不会交学费军团@(887156367)] zz@獺獺軍団(771507043) -> 这玩意怎么卖完了，感觉等排到我波奇的随机拨片可能g了[mirai:image:{5C2F9A97-DA51-181B-AB3D-CE79206733E5}.png, width=1284, height=2778, size=209246, type=JPG, isEmoji=false]
2023-09-16 09:56:10 V/Bot.2398493975: [獭獭不会交学费军团@(887156367)] タタ@uiko你带我走吧军团(1609323331) -> 啊？
2023-09-16 09:56:33 V/Bot.2398493975: [獭獭不会交学费军团@(887156367)] zz@獺獺軍団(771507043) -> ？
2023-09-16 09:56:44 V/Bot.2398493975: [獭獭不会交学费军团@(887156367)] タタ@uiko你带我走吧军团(1609323331) -> 啥？
2023-09-16 09:57:27 V/Bot.2398493975: [獭獭不会交学费军团@(887156367)] zz@獺獺軍団(771507043) -> 我在京まふ排aniplex场贩
2023-09-16 09:58:18 V/Bot.2398493975: [獭獭不会交学费军团@(887156367)] zz@獺獺軍団(771507043) -> [mirai:quote:[mirai:source:ids=[71467], internalIds=[1919744389], from 771507043 to 887156367 at 1694825954], content=<not yet initialized>]从这时候花了十分钟才找到最后尾，然后排到现在
2023-09-16 09:59:10 V/Bot.2398493975: [獭獭不会交学费军团@(887156367)] タタ@uiko你带我走吧军团(1609323331) -> 场贩
2023-09-16 09:59:12 V/Bot.2398493975: [獭獭不会交学费军团@(887156367)] タタ@uiko你带我走吧军团(1609323331) -> [mirai:image:{A3C56810-0293-8086-658D-531E0E0B1790}.png, width=512, height=512, size=129498, type=GIF, isEmoji=true]
2023-09-16 09:59:15 V/Bot.2398493975: [獭獭不会交学费军团@(887156367)] タタ@uiko你带我走吧军团(1609323331) -> 有啥
2023-09-16 10:00:27 V/Bot.2398493975: [獭獭不会交学费军团@(887156367)] zz@獺獺軍団(771507043) -> https://www.aniplexplus.com/ybKsCZxS#goods
2023-09-16 10:00:33 V/Bot.2398493975: [獭獭不会交学费军团@(887156367)] タタ@uiko你带我走吧军团(1609323331) -> 我好像也有个随机拨片
2023-09-16 10:00:36 V/Bot.2398493975: [獭獭不会交学费军团@(887156367)] タタ@uiko你带我走吧军团(1609323331) -> [mirai:image:{3789369E-3DE9-541E-272D-452CB67CD526}.png, width=1125, height=2436, size=432579, type=PNG, isEmoji=false]
2023-09-16 10:00:37 V/Bot.2398493975: [獭獭不会交学费军团@(887156367)] タタ@uiko你带我走吧军团(1609323331) -> [mirai:image:{3FCDA208-5B5D-3642-5219-949E4B2512EA}.png, width=328, height=300, size=47813, type=GIF, isEmoji=true]
2023-09-16 10:00:54 V/Bot.2398493975: [獭獭不会交学费军团@(887156367)] zz@獺獺軍団(771507043) -> 29番也g了，刚才那个是21番
2023-09-16 10:01:14 V/Bot.2398493975: [獭獭不会交学费军团@(887156367)] zz@獺獺軍団(771507043) -> 但我是看twitter才知道是什么的
2023-09-16 10:01:24 V/Bot.2398493975: [獭獭不会交学费军团@(887156367)] zz@獺獺軍団(771507043) -> 不知道在哪能看号
2023-09-16 10:02:03 V/Bot.2398493975: [獭獭不会交学费军团@(887156367)] タタ@uiko你带我走吧军团(1609323331) -> 哦哦
2023-09-16 10:02:06 V/Bot.2398493975: [獭獭不会交学费军团@(887156367)] zz@獺獺軍団(771507043) -> https://www.aniplex.co.jp/kyomaf/goods/
2023-09-16 10:02:13 V/Bot.2398493975: [獭獭不会交学费军团@(887156367)] タタ@uiko你带我走吧军团(1609323331) -> 点进去第一个猫猫t好好看
2023-09-16 10:02:14 V/Bot.2398493975: [獭獭不会交学费军团@(887156367)] タタ@uiko你带我走吧军团(1609323331) -> [mirai:image:{1D941FF3-006F-86A6-FD4F-12027B527696}.png, width=112, height=86, size=35949, type=GIF, isEmoji=true]
2023-09-16 10:02:36 V/Bot.2398493975: [獭獭不会交学费军团@(887156367)] タタ@uiko你带我走吧军团(1609323331) -> 拨片能排到的话帮我带一个ﾍ(;´Д｀ﾍ) 
2023-09-16 10:03:48 V/Bot.2398493975: [獭獭不会交学费军团@(887156367)] zz@獺獺軍団(771507043) -> 限购十个，我还不知道我自己买几个
2023-09-16 10:04:41 V/Bot.2398493975: [獭獭不会交学费军团@(887156367)] タタ@uiko你带我走吧军团(1609323331) -> 10个也太贵了总不会买十个吧
2023-09-16 10:04:45 V/Bot.2398493975: [獭獭不会交学费军团@(887156367)] タタ@uiko你带我走吧军团(1609323331) -> [mirai:image:{63984E25-23B0-CC96-2C45-20FDD0A7A585}.png, width=535, height=513, size=32812, type=JPG, isEmoji=true]
2023-09-16 10:06:00 V/Bot.2398493975: [獭獭不会交学费军团@(887156367)] タタ@uiko你带我走吧军团(1609323331) -> 能排到就不错了
2023-09-16 10:06:05 V/Bot.2398493975: [獭獭不会交学费军团@(887156367)] タタ@uiko你带我走吧军团(1609323331) -> [mirai:image:{6DB8D47D-6D88-2BA8-3315-3C91BE0598DE}.png, width=200, height=156, size=81787, type=GIF, isEmoji=true]
2023-09-16 10:06:12 V/Bot.2398493975: [獭獭不会交学费军团@(887156367)] タタ@uiko你带我走吧军团(1609323331) -> 加油捏
2023-09-16 10:07:34 V/Bot.2398493975: [獭獭不会交学费军团@(887156367)] タタ@uiko你带我走吧军团(1609323331) -> 被这个柄可爱死了
2023-09-16 10:07:37 V/Bot.2398493975: [獭獭不会交学费军团@(887156367)] タタ@uiko你带我走吧军团(1609323331) -> [mirai:image:{B2327B36-5EBE-4B90-7541-D0ADAC0FA02E}.png, width=300, height=192, size=8902, type=JPG, isEmoji=true]
2023-09-16 10:08:02 V/Bot.2398493975: [獭獭不会交学费军团@(887156367)] タタ@uiko你带我走吧军团(1609323331) -> （指立牌明信片吧唧那个
2023-09-16 10:14:06 I/UnidbgFetchQsign: Bot(2398493975) request_token, submit success
2023-09-16 10:25:54 V/Bot.2398493975: [獭獭不会交学费军团@(887156367)] zz@獺獺軍団(771507043) -> [mirai:image:{096EF673-18B6-4EC7-91A0-C15EECD34C3E}.png, width=2084, height=2778, size=694447, type=JPG, isEmoji=false]
2023-09-16 10:26:08 V/Bot.2398493975: [獭獭不会交学费军团@(887156367)] zz@獺獺軍団(771507043) -> 29好像是nijika的明信片吧唧
2023-09-16 10:28:55 V/Bot.2398493975: [獭獭不会交学费军团@(887156367)] タタ@uiko你带我走吧军团(1609323331) -> 要忍不住惹
2023-09-16 10:28:57 V/Bot.2398493975: [獭獭不会交学费军团@(887156367)] タタ@uiko你带我走吧军团(1609323331) -> [mirai:image:{5C7A54E9-8640-F26B-851D-C9A1902DB739}.png, width=384, height=384, size=18341, type=JPG, isEmoji=true]
2023-09-16 10:35:42 V/Bot.2398493975: [獭獭不会交学费军团@(887156367)] タタ@uiko你带我走吧军团(1609323331) -> 该被2831骗钱了
2023-09-16 10:35:43 V/Bot.2398493975: [獭獭不会交学费军团@(887156367)] タタ@uiko你带我走吧军团(1609323331) -> 不行
2023-09-16 10:35:52 V/Bot.2398493975: [獭獭不会交学费军团@(887156367)] タタ@uiko你带我走吧军团(1609323331) -> 买了也没有全身图
2023-09-16 10:36:03 V/Bot.2398493975: [獭獭不会交学费军团@(887156367)] タタ@uiko你带我走吧军团(1609323331) -> 该立省100%了
2023-09-16 10:36:09 V/Bot.2398493975: [獭獭不会交学费军团@(887156367)] タタ@uiko你带我走吧军团(1609323331) -> [mirai:image:{3FCDA208-5B5D-3642-5219-949E4B2512EA}.png, width=328, height=300, size=47813, type=GIF, isEmoji=true]
2023-09-16 10:36:11 V/Bot.2398493975: [獭獭不会交学费军团@(887156367)] zz@獺獺軍団(771507043) -> 30g了
2023-09-16 10:36:30 V/Bot.2398493975: [獭獭不会交学费军团@(887156367)] タタ@uiko你带我走吧军团(1609323331) -> [mirai:image:{ED21618C-F332-6ECE-B872-589082D2BE32}.png, width=342, height=284, size=84688, type=GIF, isEmoji=true]
2023-09-16 10:37:20 V/Bot.2398493975: [獭獭不会交学费军团@(887156367)] zz@獺獺軍団(771507043) -> 我马上到了，你还要什么吗
2023-09-16 10:37:27 V/Bot.2398493975: [獭獭不会交学费军团@(887156367)] タタ@uiko你带我走吧军团(1609323331) -> 那如果见到活的283133帮我带一下吧（
2023-09-16 10:37:34 V/Bot.2398493975: [獭獭不会交学费军团@(887156367)] タタ@uiko你带我走吧军团(1609323331) -> 33是拨片吧
2023-09-16 10:37:39 V/Bot.2398493975: [獭獭不会交学费军团@(887156367)] タタ@uiko你带我走吧军团(1609323331) -> [mirai:image:{8AFCF605-FDCE-9015-3438-526A21D02EF5}.png, width=300, height=192, size=8379, type=JPG, isEmoji=true]
2023-09-16 10:38:47 V/Bot.2398493975: [獭獭不会交学费军团@(887156367)] タタ@uiko你带我走吧军团(1609323331) -> 场贩好可怕(╯‵□′)╯︵┻━┻
2023-09-16 10:45:47 V/Bot.2398493975: [獭獭不会交学费军团@(887156367)] zz@獺獺軍団(771507043) -> 我到窗口前把单子给她去找，她去后面找的时候有个人过来往28上贴了个sold out
2023-09-16 10:46:16 V/Bot.2398493975: [獭獭不会交学费军团@(887156367)] タタ@uiko你带我走吧军团(1609323331) -> 你把波奇买完咯
2023-09-16 10:46:26 V/Bot.2398493975: [獭獭不会交学费军团@(887156367)] zz@獺獺軍団(771507043) -> 我没买到捏
2023-09-16 10:46:31 V/Bot.2398493975: [獭獭不会交学费军团@(887156367)] タタ@uiko你带我走吧军团(1609323331) -> [mirai:image:{B597C41C-D678-386E-BF00-96AD08D505BD}.png, width=320, height=270, size=129239, type=GIF, isEmoji=true]
2023-09-16 10:46:46 V/Bot.2398493975: [獭獭不会交学费军团@(887156367)] タタ@uiko你带我走吧军团(1609323331) -> 波奇逃走了
2023-09-16 10:47:39 V/Bot.2398493975: [獭獭不会交学费军团@(887156367)] タタ@uiko你带我走吧军团(1609323331) -> [mirai:image:{7645C10A-7475-5581-7685-F51FDB8E0F65}.png, width=380, height=367, size=128723, type=GIF, isEmoji=false]
2023-09-16 10:54:06 I/UnidbgFetchQsign: Bot(2398493975) request_token, submit success
2023-09-16 11:01:07 V/Bot.2398493975: [SHT荔枝麻酱协会(493057481)] 布莱克提(690875992) -> [mirai:app:{"ver":"1.0.0.19","desc":"【2024年1月】JK欢乐麻将日常！TV动画《碰之道》第一弹PV","prompt":"[QQ小程序]【2024年1月】JK欢乐麻将日常！TV动画《碰之道》第一弹PV","config":{"type":"normal","width":0,"height":0,"forward":1,"autoSize":0,"ctime":1694833258,"token":"af82df8b739ad986ca92485af34cb718"},"needShareCallBack":false,"app":"com.tencent.miniapp_01","view":"view_8C8E89B49BE609866298ADDFF2DBABA4","meta":{"detail_1":{"appid":"1109937557","appType":0,"title":"哔哩哔哩","desc":"【2024年1月】JK欢乐麻将日常！TV动画《碰之道》第一弹PV","icon":"https:\/\/open.gtimg.cn\/open\/app_icon\/00\/95\/17\/76\/100951776_100_m.png?t=1694660530","url":"m.q.qq.com\/a\/s\/13747163f3e9594cee11b6ec443618d0","scene":1036,"host":{"uin":690875992,"nick":"布莱克提"},"shareTemplateId":"8C8E89B49BE609866298ADDFF2DBABA4","shareTemplateData":{},"qqdocurl":"https:\/\/b23.tv\/ytY1sWX?share_medium=android&share_source=qq&bbid=XUB7CADB1E9EC92F27759FE9675C4A79249BC&ts=1694833256006","showLittleTail":"","gamePoints":"","gamePointsUrl":"","preview":"pubminishare-30161.picsz.qpic.cn\/16b6cf18-3e03-4936-957a-296bf7a48f9e"}}}]
2023-09-16 11:02:31 V/Bot.2398493975: [SHT荔枝麻酱协会(493057481)] 布莱克提(690875992) -> 铳之道
2023-09-16 11:03:41 V/Bot.2398493975: [SHT荔枝麻酱协会(493057481)] zz(771507043) -> 育鹿梨子ちゃん
2023-09-16 11:04:24 V/Bot.2398493975: [SHT荔枝麻酱协会(493057481)] Hatsune(467091276) -> [mirai:image:{FC36F6B6-6E05-D8C0-DFD4-F4FEB57668F9}.png, width=944, height=689, size=479229, type=PNG, isEmoji=false]雀魂是什么鬼
2023-09-16 11:19:44 V/Bot.2398493975: [獭獭不会交学费军团@(887156367)] zz@獺獺軍団(771507043) -> 这是声优亲自掰的吗[mirai:image:{3EDF41A5-25ED-1C65-F32F-E0B93B29E875}.png, width=2772, height=2080, size=760025, type=JPG, isEmoji=false]
2023-09-16 11:20:38 V/Bot.2398493975: [獭獭不会交学费军团@(887156367)] zz@獺獺軍団(771507043) -> [mirai:image:{4C4427C6-9EDC-1F9E-8313-8A4606C40324}.png, width=2772, height=2080, size=525050, type=JPG, isEmoji=false]
2023-09-16 11:22:42 V/Bot.2398493975: [獭獭不会交学费军团@(887156367)] zz@獺獺軍団(771507043) -> 怎么办[mirai:image:{AC76C888-90AE-9726-B58E-F6B4C57826F1}.png, width=2084, height=2778, size=847831, type=JPG, isEmoji=false]
2023-09-16 11:34:07 I/UnidbgFetchQsign: Bot(2398493975) request_token, submit success
2023-09-16 12:14:13 I/UnidbgFetchQsign: Bot(2398493975) request_token, submit success
2023-09-16 12:54:14 I/UnidbgFetchQsign: Bot(2398493975) request_token, submit success
2023-09-16 13:34:15 I/UnidbgFetchQsign: Bot(2398493975) request_token, submit success
2023-09-16 13:51:42 V/Bot.2398493975: [獭獭不会交学费军团@(887156367)] Freeze_Kirin(768173212) -> [mirai:image:{E20E1F70-EED5-D860-9FC2-43465D597825}.png, width=1144, height=462, size=543626, type=PNG, isEmoji=false]被羞辱了
2023-09-16 13:59:26 V/Bot.2398493975: [獭獭不会交学费军团@(887156367)] hzc@獭獭軍団二度受(2384102753) -> 那单吊2m确实不如单吊1p
2023-09-16 14:00:02 V/Bot.2398493975: [獭獭不会交学费军团@(887156367)] Freeze_Kirin(768173212) -> 这俩数量一样的
2023-09-16 14:00:52 V/Bot.2398493975: [獭獭不会交学费军团@(887156367)] Freeze_Kirin(768173212) -> 然后选了个顺眼的
2023-09-16 14:00:57 V/Bot.2398493975: [獭獭不会交学费军团@(887156367)] Freeze_Kirin(768173212) -> [mirai:image:{47D9BEE7-CA87-C51F-C189-3EA1D9A7C118}.gif, width=200, height=157, size=70949, type=GIF, isEmoji=false]
2023-09-16 14:13:49 V/Bot.2398493975: [獭獭不会交学费军团@(887156367)] hzc@獭獭軍団二度受(2384102753) -> [mirai:image:{DCC827E3-C001-8382-2FEB-DD5705F15745}.gif, width=336, height=254, size=80956, type=GIF, isEmoji=false]
2023-09-16 14:14:21 I/UnidbgFetchQsign: Bot(2398493975) request_token, submit success
2023-09-16 14:14:49 V/Bot.2398493975: [獭獭不会交学费军团@(887156367)] Freeze_Kirin(768173212) -> 复建一把两个庄上的w2都被断了
2023-09-16 14:14:55 V/Bot.2398493975: [獭獭不会交学费军团@(887156367)] Freeze_Kirin(768173212) -> 可恶，雀魂关闭
2023-09-16 14:18:33 V/Bot.2398493975: [獭獭不会交学费军团@(887156367)] hzc@獭獭軍団二度受(2384102753) -> 好困 打完雀魂睡了
2023-09-16 14:18:56 V/Bot.2398493975: [獭獭不会交学费军团@(887156367)] Freeze_Kirin(768173212) -> hlb今天哪个位置
2023-09-16 14:19:22 V/Bot.2398493975: [獭獭不会交学费军团@(887156367)] hzc@獭獭軍団二度受(2384102753) -> 先锋
2023-09-16 14:19:28 V/Bot.2398493975: [獭獭不会交学费军团@(887156367)] hzc@獭獭軍団二度受(2384102753) -> 现在在打
2023-09-16 14:19:48 V/Bot.2398493975: [獭獭不会交学费军团@(887156367)] Freeze_Kirin(768173212) -> 那正好。开打前没事干，速速会议
2023-09-16 14:50:30 V/Bot.2398493975: [獭獭不会交学费军团@(887156367)] Freeze_Kirin(768173212) -> [mirai:at:269418386] lax人呢，来一起锐评hlb
2023-09-16 14:50:53 V/Bot.2398493975: [獭獭不会交学费军团@(887156367)] lax@牛牛道心破碎军团(269418386) -> 来了来了
2023-09-16 14:54:21 I/UnidbgFetchQsign: Bot(2398493975) request_token, submit success
2023-09-16 15:14:17 V/Bot.2398493975: [test(389193066)] 时雨(1609323331) -> ！jrrp
2023-09-16 15:14:18 V/Bot.2398493975: Group(389193066) <- 今日人品：小吉
今日适宜役种：混一色
(为防止刷屏，一日内不可多次查询哦！)
2023-09-16 15:27:24 V/Bot.2398493975: [獭獭不会交学费军团@(887156367)] タタ@uiko你带我走吧军团(1609323331) -> 这也太可爱了[mirai:image:{DA63F36A-73F4-79FC-9EBA-4CBA2CD949A0}.png, width=1125, height=2436, size=379446, type=JPG, isEmoji=false]
2023-09-16 15:27:30 V/Bot.2398493975: [獭獭不会交学费军团@(887156367)] タタ@uiko你带我走吧军团(1609323331) -> 这个图好好看[mirai:image:{3CF9A1C7-7F22-8CDC-A06D-B63D47F22278}.png, width=1000, height=1000, size=174437, type=JPG, isEmoji=false]
2023-09-16 15:27:39 V/Bot.2398493975: [獭獭不会交学费军团@(887156367)] Freeze_Kirin(768173212) -> 好可爱
2023-09-16 15:27:46 V/Bot.2398493975: [獭獭不会交学费军团@(887156367)] Freeze_Kirin(768173212) -> [mirai:image:{A3C56810-0293-8086-658D-531E0E0B1790}.gif, width=512, height=512, size=129498, type=GIF, isEmoji=false]
2023-09-16 15:29:52 V/Bot.2398493975: [獭獭不会交学费军团@(887156367)] 獭獭买锤子大臣@被獭獭军团开除(963423936) -> [mirai:image:{47D9BEE7-CA87-C51F-C189-3EA1D9A7C118}.gif, width=200, height=157, size=70949, type=GIF, isEmoji=false]
2023-09-16 15:30:33 V/Bot.2398493975: [獭獭不会交学费军团@(887156367)] タタ@uiko你带我走吧军团(1609323331) -> 这个碟是干嘛…把十四首再刻一遍[mirai:image:{8930C001-544C-0942-2597-CA042E1A3726}.png, width=1125, height=2436, size=430840, type=JPG, isEmoji=false]
2023-09-16 15:30:40 V/Bot.2398493975: [獭獭不会交学费军团@(887156367)] タタ@uiko你带我走吧军团(1609323331) -> 新的两个也没有
2023-09-16 15:30:42 V/Bot.2398493975: [獭獭不会交学费军团@(887156367)] タタ@uiko你带我走吧军团(1609323331) -> [mirai:image:{3FCDA208-5B5D-3642-5219-949E4B2512EA}.png, width=328, height=300, size=47813, type=GIF, isEmoji=true]
2023-09-16 15:30:53 V/Bot.2398493975: [獭獭不会交学费军团@(887156367)] タタ@uiko你带我走吧军团(1609323331) -> LP是什么
2023-09-16 15:31:32 V/Bot.2398493975: [獭獭不会交学费军团@(887156367)] タタ@uiko你带我走吧军团(1609323331) -> 坏了  第一反应LesPaul
2023-09-16 15:34:22 I/UnidbgFetchQsign: Bot(2398493975) request_token, submit success
2023-09-16 15:57:48 I/Bot.2398493975: Saved account secrets to local cache for fast login.
2023-09-16 15:59:31 V/Bot.2398493975: [獭獭不会交学费军团@(887156367)] 哭哭Excel@被獭獭军团开除3次(472247053) -> 好急
2023-09-16 15:59:38 V/Bot.2398493975: [獭獭不会交学费军团@(887156367)] 哭哭Excel@被獭獭军团开除3次(472247053) -> 上高现在就得填表
2023-09-16 15:59:41 V/Bot.2398493975: [獭獭不会交学费军团@(887156367)] 哭哭Excel@被獭獭军团开除3次(472247053) -> 来点id
2023-09-16 15:59:59 V/Bot.2398493975: [獭獭不会交学费军团@(887156367)] Freeze_Kirin(768173212) -> ？
2023-09-16 16:00:06 V/Bot.2398493975: [獭獭不会交学费军团@(887156367)] Freeze_Kirin(768173212) -> 你抄cest的咯
2023-09-16 16:00:17 V/Bot.2398493975: [獭獭不会交学费军团@(887156367)] 哭哭Excel@被獭獭军团开除3次(472247053) -> ？
2023-09-16 16:00:21 V/Bot.2398493975: [獭獭不会交学费军团@(887156367)] 獭獭买锤子大臣@被獭獭军团开除(963423936) -> 不是说上高给隔壁群打
2023-09-16 16:00:23 V/Bot.2398493975: [獭獭不会交学费军团@(887156367)] 獭獭买锤子大臣@被獭獭军团开除(963423936) -> cest我们打吗
2023-09-16 16:00:32 V/Bot.2398493975: [獭獭不会交学费军团@(887156367)] 哭哭Excel@被獭獭军团开除3次(472247053) -> 所以给点人
2023-09-16 16:00:42 V/Bot.2398493975: [獭獭不会交学费军团@(887156367)] Freeze_Kirin(768173212) -> ？你问我们有啥用
2023-09-16 16:00:47 V/Bot.2398493975: [獭獭不会交学费军团@(887156367)] 哭哭Excel@被獭獭军团开除3次(472247053) -> 去抓
2023-09-16 16:00:52 V/Bot.2398493975: [獭獭不会交学费军团@(887156367)] 哭哭Excel@被獭獭军团开除3次(472247053) -> [mirai:image:{4C55FEA2-85C5-2B48-AD89-3DB35FE05573}.jpg, width=370, height=250, size=238759, type=GIF, isEmoji=true]
2023-09-16 16:01:02 V/Bot.2398493975: [獭獭不会交学费军团@(887156367)] タタ@uiko你带我走吧军团(1609323331) -> [mirai:image:{C2B9835A-B426-00E2-F859-124D34935BF1}.gif, width=304, height=240, size=29087, type=GIF, isEmoji=true]反正一轮游
2023-09-16 16:01:02 V/Bot.2398493975: [獭獭不会交学费军团@(887156367)] Freeze_Kirin(768173212) -> 你不如直接去大群发个招募广告
2023-09-16 16:01:08 V/Bot.2398493975: [獭獭不会交学费军团@(887156367)] タタ@uiko你带我走吧军团(1609323331) -> 先帮我想新id
2023-09-16 16:01:21 V/Bot.2398493975: [獭獭不会交学费军团@(887156367)] タタ@uiko你带我走吧军团(1609323331) -> 不给叫獭獭不给叫时雨不给叫xfw
2023-09-16 16:01:24 V/Bot.2398493975: [獭獭不会交学费军团@(887156367)] タタ@uiko你带我走吧军团(1609323331) -> 急了
2023-09-16 16:01:44 V/Bot.2398493975: [獭獭不会交学费军团@(887156367)] hm@獭獭不走人行道军团(2461942798) -> 我去
2023-09-16 16:01:48 V/Bot.2398493975: [獭獭不会交学费军团@(887156367)] hm@獭獭不走人行道军团(2461942798) -> [mirai:image:{A3C56810-0293-8086-658D-531E0E0B1790}.png, width=512, height=512, size=129498, type=GIF, isEmoji=true]
2023-09-16 16:01:54 V/Bot.2398493975: [獭獭不会交学费军团@(887156367)] タタ@uiko你带我走吧军团(1609323331) -> 好
2023-09-16 16:02:00 V/Bot.2398493975: [獭獭不会交学费军团@(887156367)] 哭哭Excel@被獭獭军团开除3次(472247053) -> 快去在抓几个
2023-09-16 16:02:02 V/Bot.2398493975: [獭獭不会交学费军团@(887156367)] タタ@uiko你带我走吧军团(1609323331) -> 你变五个出来
2023-09-16 16:02:03 V/Bot.2398493975: [獭獭不会交学费军团@(887156367)] hm@獭獭不走人行道军团(2461942798) -> 我叫xfw
2023-09-16 16:02:10 V/Bot.2398493975: [獭獭不会交学费军团@(887156367)] hm@獭獭不走人行道军团(2461942798) -> 我叫獭獭
2023-09-16 16:02:12 V/Bot.2398493975: [獭獭不会交学费军团@(887156367)] 哭哭Excel@被獭獭军团开除3次(472247053) -> 你叫xfw
2023-09-16 16:02:14 V/Bot.2398493975: [獭獭不会交学费军团@(887156367)] タタ@uiko你带我走吧军团(1609323331) -> youch yyouch yyyouch yyoouucchh
2023-09-16 16:02:20 V/Bot.2398493975: [獭獭不会交学费军团@(887156367)] タタ@uiko你带我走吧军团(1609323331) -> 你不许叫xfw
2023-09-16 16:02:23 V/Bot.2398493975: [獭獭不会交学费军团@(887156367)] 哭哭Excel@被獭獭军团开除3次(472247053) -> 那我呢
2023-09-16 16:02:29 V/Bot.2398493975: [獭獭不会交学费军团@(887156367)] タタ@uiko你带我走吧军团(1609323331) -> 你叫excel
2023-09-16 16:02:31 V/Bot.2398493975: [獭獭不会交学费军团@(887156367)] Freeze_Kirin(768173212) -> 你是excel
2023-09-16 16:05:53 V/Bot.2398493975: [獭獭不会交学费军团@(887156367)] 冰水@不会反身跳军团(308217149) -> 草 大群已经成隔壁群了（悲
2023-09-16 16:06:51 V/Bot.2398493975: [獭獭不会交学费军团@(887156367)] タタ@uiko你带我走吧军团(1609323331) -> [mirai:image:{04AA33CB-931E-C1F2-EC30-4A2718268594}.gif, width=370, height=292, size=89543, type=GIF, isEmoji=true]
2023-09-16 16:14:28 I/UnidbgFetchQsign: Bot(2398493975) request_token, submit success
2023-09-16 16:14:56 V/Bot.2398493975: [獭獭不会交学费军团@(887156367)] 獭獭买锤子大臣@被獭獭军团开除(963423936) -> [mirai:image:{3587E772-ACCF-D593-0BBE-CCDF6D594785}.gif, width=498, height=418, size=645581, type=GIF, isEmoji=true]
2023-09-16 16:22:19 V/Bot.2398493975: [SHT荔枝麻酱协会(493057481)] Giraffe(472247053) -> 有没有人想来打的[mirai:image:{37710909-D2FB-FF31-09A2-BF6D6D7949D4}.jpg, width=1559, height=2657, size=502954, type=JPG, isEmoji=false]
2023-09-16 16:22:20 V/Bot.2398493975: [SHT荔枝麻酱协会(493057481)] Giraffe(472247053) -> 好急好急
2023-09-16 16:22:24 V/Bot.2398493975: [SHT荔枝麻酱协会(493057481)] Giraffe(472247053) -> 来点id
2023-09-16 16:22:26 V/Bot.2398493975: [SHT荔枝麻酱协会(493057481)] Giraffe(472247053) -> [mirai:atall] 
2023-09-16 16:22:58 V/Bot.2398493975: [SHT荔枝麻酱协会(493057481)] ライちゃん(392595084) -> 举手
2023-09-16 16:24:35 V/Bot.2398493975: [SHT荔枝麻酱协会(493057481)] Giraffe(472247053) -> 多来点【
2023-09-16 16:25:36 V/Bot.2398493975: [獭獭不会交学费军团@(887156367)] 哭哭Excel@被獭獭军团开除3次(472247053) -> 那么你们哪些人来
2023-09-16 16:25:48 V/Bot.2398493975: [獭獭不会交学费军团@(887156367)] Freeze_Kirin(768173212) -> 那么我们哪些人来
2023-09-16 16:25:50 V/Bot.2398493975: [獭獭不会交学费军团@(887156367)] 哭哭Excel@被獭獭军团开除3次(472247053) -> 反正8人名单肯定得填满的
2023-09-16 16:25:58 V/Bot.2398493975: [獭獭不会交学费军团@(887156367)] 哭哭Excel@被獭獭军团开除3次(472247053) -> 大不了随便写点id
2023-09-16 16:26:23 V/Bot.2398493975: [獭獭不会交学费军团@(887156367)] Freeze_Kirin(768173212) -> 那你随便写点id吧
2023-09-16 16:26:26 V/Bot.2398493975: [獭獭不会交学费军团@(887156367)] タタ@uiko你带我走吧军团(1609323331) -> dakjsfhlkjhfle
2023-09-16 16:26:27 V/Bot.2398493975: [獭獭不会交学费军团@(887156367)] 獭獭会交学费军团(1297471104) -> 你不在群里发个收集表吗
2023-09-16 16:26:47 V/Bot.2398493975: [獭獭不会交学费军团@(887156367)] 哭哭Excel@被獭獭军团开除3次(472247053) -> 收集表有用吗【
2023-09-16 16:26:47 V/Bot.2398493975: [獭獭不会交学费军团@(887156367)] 獭獭会交学费军团(1297471104) -> 看看能不能搞到些人
2023-09-16 16:26:51 V/Bot.2398493975: [獭獭不会交学费军团@(887156367)] 獭獭会交学费军团(1297471104) -> 大概？
2023-09-16 16:26:52 V/Bot.2398493975: [獭獭不会交学费军团@(887156367)] 哭哭Excel@被獭獭军团开除3次(472247053) -> 看起来就没有
2023-09-16 16:27:00 V/Bot.2398493975: [獭獭不会交学费军团@(887156367)] タタ@uiko你带我走吧军团(1609323331) -> 【随便写的id①】
2023-09-16 16:27:06 V/Bot.2398493975: [獭獭不会交学费军团@(887156367)] タタ@uiko你带我走吧军团(1609323331) -> 【随便写的id②】
2023-09-16 16:27:09 V/Bot.2398493975: [SHT荔枝麻酱协会(493057481)] Giraffe(472247053) -> [mirai:image:{4C55FEA2-85C5-2B48-AD89-3DB35FE05573}.jpg, width=370, height=250, size=238759, type=GIF, isEmoji=true]
2023-09-16 16:27:13 V/Bot.2398493975: [獭獭不会交学费军团@(887156367)] タタ@uiko你带我走吧军团(1609323331) -> 占 位 符
2023-09-16 16:27:41 V/Bot.2398493975: [獭獭不会交学费军团@(887156367)] 獭獭会交学费军团(1297471104) -> 总归得让想报名的知道自己报上了
2023-09-16 16:27:50 V/Bot.2398493975: [獭獭不会交学费军团@(887156367)] タタ@uiko你带我走吧军团(1609323331) -> 那确实
2023-09-16 16:28:03 V/Bot.2398493975: [獭獭不会交学费军团@(887156367)] タタ@uiko你带我走吧军团(1609323331) -> 黄毛：我呢我呢我呢 我来我来
2023-09-16 16:28:21 V/Bot.2398493975: [獭獭不会交学费军团@(887156367)] タタ@uiko你带我走吧军团(1609323331) -> 那其他人呢[mirai:image:{63984E25-23B0-CC96-2C45-20FDD0A7A585}.jpg, width=535, height=513, size=32812, type=JPG, isEmoji=true]
2023-09-16 16:29:20 V/Bot.2398493975: [SHT荔枝麻酱协会(493057481)] chino(704937242) -> 11
2023-09-16 16:29:27 V/Bot.2398493975: [獭獭不会交学费军团@(887156367)] タタ@uiko你带我走吧军团(1609323331) -> excel快去发个群excel
2023-09-16 16:29:33 V/Bot.2398493975: [SHT荔枝麻酱协会(493057481)] Giraffe(472247053) -> 1
2023-09-16 16:31:36 V/Bot.2398493975: [SHT荔枝麻酱协会(493057481)] Giraffe(472247053) -> 等到晚上看看有多少 估计明天就来不及了
2023-09-16 16:44:23 V/Bot.2398493975: [SHT荔枝麻酱协会(493057481)] 淡情余描未わ(1297471104) -> 多来点多来点x
2023-09-16 16:47:46 V/Bot.2398493975: [SHT荔枝麻酱协会(493057481)] hzc(2384102753) -> 多来点多来点x
2023-09-16 16:49:48 V/Bot.2398493975: [SHT荔枝麻酱协会(493057481)] yyyouch(2461942798) -> 多来点多来点x
2023-09-16 16:51:18 V/Bot.2398493975: [SHT荔枝麻酱协会(493057481)] 卡农变奏(530079804) -> 举手
2023-09-16 16:51:31 V/Bot.2398493975: [SHT荔枝麻酱协会(493057481)] 淡情余描未わ(1297471104) -> 好耶
2023-09-16 16:51:37 V/Bot.2398493975: [SHT荔枝麻酱协会(493057481)] 卡农变奏(530079804) -> [mirai:image:{64023589-FC79-6776-205A-13A099E4BE2F}.gif, width=79, height=69, size=7793, type=GIF, isEmoji=true]害怕
2023-09-16 16:51:38 V/Bot.2398493975: [獭獭不会交学费军团@(887156367)] 獭獭会交学费军团(1297471104) -> 这不就四个了
2023-09-16 16:51:56 V/Bot.2398493975: [獭獭不会交学费军团@(887156367)] 獭獭会交学费军团(1297471104) -> 所以hm打不打上高赛
2023-09-16 16:54:29 I/UnidbgFetchQsign: Bot(2398493975) request_token, submit success
2023-09-16 16:55:00 V/Bot.2398493975: [SHT荔枝麻酱协会(493057481)] Giraffe(472247053) -> [mirai:image:{AFC6E4DA-4B8F-DE2C-C933-606D21498AA0}.jpg, width=324, height=300, size=62607, type=GIF, isEmoji=true]
2023-09-16 16:55:50 V/Bot.2398493975: [獭獭不会交学费军团@(887156367)] 哭哭Excel@被獭獭军团开除3次(472247053) -> 打捏
2023-09-16 16:56:35 V/Bot.2398493975: [獭獭不会交学费军团@(887156367)] 獭獭会交学费军团(1297471104) -> 那是不是最少报名名单已经够了x
2023-09-16 16:56:43 V/Bot.2398493975: Event: MemberCardChangeEvent(origin=娜可露露, new=娜可露露yyds, member=NormalMember(994836613))
2023-09-16 16:56:43 V/Bot.2398493975: [SHT荔枝麻酱协会(493057481)] 娜可露露yyds(994836613) -> 举手
2023-09-16 16:57:43 V/Bot.2398493975: [獭獭不会交学费军团@(887156367)] 哭哭Excel@被獭獭军团开除3次(472247053) -> 最少其实是4 因为砍了一个位置
2023-09-16 16:57:47 V/Bot.2398493975: [SHT荔枝麻酱协会(493057481)] Giraffe(472247053) -> 1
2023-09-16 16:58:01 V/Bot.2398493975: [SHT荔枝麻酱协会(493057481)] 娜可露露yyds(994836613) -> [mirai:image:{98BB1C62-6F54-BFE4-DDCB-3ECFFCD1459D}.jpg, width=330, height=186, size=229753, type=GIF, isEmoji=true]
2023-09-16 16:58:24 V/Bot.2398493975: [獭獭不会交学费军团@(887156367)] 獭獭会交学费军团(1297471104) -> 啊？
2023-09-16 16:58:35 V/Bot.2398493975: [獭獭不会交学费军团@(887156367)] 獭獭会交学费军团(1297471104) -> 海报上说的不就是4~8吗
2023-09-16 16:58:54 V/Bot.2398493975: [獭獭不会交学费军团@(887156367)] 哭哭Excel@被獭獭军团开除3次(472247053) -> 哦
2023-09-16 16:59:04 V/Bot.2398493975: [獭獭不会交学费军团@(887156367)] 哭哭Excel@被獭獭军团开除3次(472247053) -> 显然我不得不占一个位置
2023-09-16 16:59:32 V/Bot.2398493975: [獭獭不会交学费军团@(887156367)] タタ@uiko你带我走吧军团(1609323331) -> [mirai:image:{8BF34B10-19C1-4195-5866-6DDB73A903D8}.png, width=249, height=188, size=54265, type=GIF, isEmoji=true]
2023-09-16 17:00:05 V/Bot.2398493975: [獭獭不会交学费军团@(887156367)] 獭獭会交学费军团(1297471104) -> 没关系，人多了可以让他们打海选赛（做梦中
2023-09-16 17:01:03 V/Bot.2398493975: [獭獭不会交学费军团@(887156367)] タタ@uiko你带我走吧军团(1609323331) -> [mirai:app:{
  "config" : {
    "height" : 0,
    "forward" : 1,
    "ctime" : 1694854859,
    "width" : 0,
    "type" : "normal",
    "token" : "eb34479b60c3a19f9571c9c981377b79",
    "autoSize" : 0
  },
  "prompt" : "[QQ小程序]【9月19日\/赛马娘新作】《赛马娘 樱花绽放》第1卷&《赛马娘 卢毛灰姑娘》第12卷 发售纪念PV【MCE汉化组】",
  "app" : "com.tencent.miniapp_01",
  "ver" : "0.0.0.1",
  "appID" : "100951776",
  "view" : "view_8C8E89B49BE609866298ADDFF2DBABA4",
  "meta" : {
    "detail_1" : {
      "appid" : "1109937557",
      "preview" : "https:\/\/pic.ugcimg.cn\/2fb5a727ff7b89d1f7847bab23cbd7a8\/jpg1",
      "shareTemplateData" : {

      },
      "gamePointsUrl" : "",
      "gamePoints" : "",
      "url" : "m.q.qq.com\/a\/s\/fd8db59f0692163f38c86a7d66a70526",
      "appType" : 0,
      "desc" : "【9月19日\/赛马娘新作】《赛马娘 樱花绽放》第1卷&《赛马娘 卢毛灰姑娘》第12卷 发售纪念PV【MCE汉化组】",
      "title" : "哔哩哔哩",
      "scene" : 1036,
      "host" : {
        "uin" : 1609323331,
        "nick" : "时雨"
      },
      "icon" : "http:\/\/miniapp.gtimg.cn\/public\/appicon\/432b76be3a548fc128acaa6c1ec90131_200.jpg",
      "shareTemplateId" : "8C8E89B49BE609866298ADDFF2DBABA4",
      "qqdocurl" : "https:\/\/b23.tv\/9CNWeAL",
      "showLittleTail" : ""
    }
  },
  "bthirdappforward" : true,
  "bthirdappforwardforbackendswitch" : true,
  "desc" : ""
}]
2023-09-16 17:02:33 V/Bot.2398493975: [獭獭不会交学费军团@(887156367)] hzc@獭獭軍団二度受(2384102753) -> 没关系，人多了可以让他们打海选赛（做梦中
2023-09-16 17:03:27 V/Bot.2398493975: [獭獭不会交学费军团@(887156367)] 獭獭会交学费军团(1297471104) -> [mirai:at:472247053] 所以cest报了吗（探头
2023-09-16 17:04:10 V/Bot.2398493975: [獭獭不会交学费军团@(887156367)] タタ@uiko你带我走吧军团(1609323331) -> [mirai:app:{"app":"com.tencent.structmsg","config":{"ctime":1694855049,"forward":true,"token":"403e3e624967687ebb04dba451bbaa4f","type":"normal"},"desc":"新闻","extra":{"app_type":1,"appid":100951776,"uin":1609323331},"meta":{"news":{"action":"","android_pkg_name":"","app_type":1,"appid":100951776,"ctime":1694855049,"desc":"来自小樱花and小年糕的哔哩哔哩动态：喜欢我们记得一键三连呀~ /8418840…","jumpUrl":"https://b23.tv/BPsdJSb?share_source=qq&share_medium=iphone&bbid=e2d67cc2c90ed30037b8116cff03d00c&ts=1694855039","preview":"https://pic.ugcimg.cn/80c9bb69378e3571eb13537a14d52744/jpg1","source_icon":"https://open.gtimg.cn/open/app_icon/00/95/17/76/100951776_100_m.png?t=1694660530","source_url":"","tag":"哔哩哔哩","title":"水獭寻亲记，海獭算亲戚吗？","uin":1609323331}},"prompt":"[分享]水獭寻亲记，海獭算亲戚吗？","ver":"0.0.0.1","view":"news"}]
2023-09-16 17:07:00 V/Bot.2398493975: [獭獭不会交学费军团@(887156367)] タタ@uiko你带我走吧军团(1609323331) -> [mirai:image:{C5B8557E-3B34-5A20-3BC7-38D01528C8C3}.png, width=1125, height=2436, size=3323537, type=PNG, isEmoji=false]
2023-09-16 17:16:14 V/Bot.2398493975: [獭獭不会交学费军团@(887156367)] zz@獺獺軍団(771507043) -> [mirai:quote:[mirai:source:ids=[71555], internalIds=[2075126300], from 1609323331 to 887156367 at 1694849453], content=<not yet initialized>][mirai:at:1609323331] long play
2023-09-16 17:17:06 V/Bot.2398493975: [獭獭不会交学费军团@(887156367)] 哭哭Excel@被獭獭军团开除3次(472247053) -> 报了 还早
2023-09-16 17:17:11 V/Bot.2398493975: [獭獭不会交学费军团@(887156367)] zz@獺獺軍団(771507043) -> 比EP（extended play）长
2023-09-16 17:17:13 V/Bot.2398493975: [獭獭不会交学费军团@(887156367)] 哭哭Excel@被獭獭军团开除3次(472247053) -> 他们要先海选
2023-09-16 17:20:32 V/Bot.2398493975: [獭獭不会交学费军团@(887156367)] 獭獭会交学费军团(1297471104) -> 快进到咱们死在海选x
2023-09-16 17:22:07 V/Bot.2398493975: [獭獭不会交学费军团@(887156367)] 哭哭Excel@被獭獭军团开除3次(472247053) -> 我们没有
2023-09-16 17:22:21 V/Bot.2398493975: [獭獭不会交学费军团@(887156367)] 獭獭会交学费军团(1297471104) -> 喔，那挺好的
2023-09-16 17:28:29 V/Bot.2398493975: [獭獭不会交学费军团@(887156367)] zz@獺獺軍団(771507043) -> [mirai:image:{722B16CC-FA4D-E6B2-D434-1C5248432C26}.png, width=1284, height=950, size=795633, type=PNG, isEmoji=false]
2023-09-16 17:28:46 V/Bot.2398493975: [獭獭不会交学费军团@(887156367)] Freeze_Kirin(768173212) -> [mirai:image:{15530C6E-2E2B-8726-AC46-20AE8098381B}.jpg, width=174, height=172, size=5372, type=JPG, isEmoji=false]
2023-09-16 17:32:07 V/Bot.2398493975: [獭獭不会交学费军团@(887156367)] zz@獺獺軍団(771507043) -> [mirai:image:{96026AC7-CAD5-47AF-CAF1-87E79711CCEB}.png, width=1041, height=1800, size=1128377, type=PNG, isEmoji=false]
2023-09-16 17:34:30 I/UnidbgFetchQsign: Bot(2398493975) request_token, submit success
2023-09-16 17:40:20 V/Bot.2398493975: [獭獭不会交学费军团@(887156367)] 獭獭买锤子大臣@被獭獭军团开除(963423936) -> 草
2023-09-16 17:41:43 V/Bot.2398493975: [獭獭不会交学费军团@(887156367)] タタ@uiko你带我走吧军团(1609323331) -> 这么矮
2023-09-16 17:43:40 V/Bot.2398493975: [獭獭不会交学费军团@(887156367)] zz@獺獺軍団(771507043) -> 原来160，给自己加了23cm
2023-09-16 17:44:24 V/Bot.2398493975: [獭獭不会交学费军团@(887156367)] zz@獺獺軍団(771507043) -> [mirai:at:1609323331] 快买lp
2023-09-16 17:47:57 V/Bot.2398493975: [獭獭不会交学费军团@(887156367)] タタ@uiko你带我走吧军团(1609323331) -> 没懂有啥区别（
2023-09-16 17:48:31 V/Bot.2398493975: [獭獭不会交学费军团@(887156367)] 獭獭会交学费军团(1297471104) -> [mirai:at:1609323331]快mlp 
2023-09-16 17:48:46 V/Bot.2398493975: [獭獭不会交学费军团@(887156367)] タタ@uiko你带我走吧军团(1609323331) -> 没老婆
2023-09-16 17:49:31 V/Bot.2398493975: [獭獭不会交学费军团@(887156367)] タタ@uiko你带我走吧军团(1609323331) -> md
2023-09-16 17:49:39 V/Bot.2398493975: [獭獭不会交学费军团@(887156367)] タタ@uiko你带我走吧军团(1609323331) -> 打印机没纸也扣我钱啊
2023-09-16 17:49:49 V/Bot.2398493975: [獭獭不会交学费军团@(887156367)] Freeze_Kirin(768173212) -> 是捏
2023-09-16 17:49:57 V/Bot.2398493975: [獭獭不会交学费军团@(887156367)] zz@獺獺軍団(771507043) -> album一般是lp捏
2023-09-16 17:50:30 V/Bot.2398493975: [獭獭不会交学费军团@(887156367)] タタ@uiko你带我走吧军团(1609323331) -> 把左边纸盒的挪过来几张
2023-09-16 17:50:43 V/Bot.2398493975: [獭獭不会交学费军团@(887156367)] タタ@uiko你带我走吧军团(1609323331) -> 草
2023-09-16 17:50:55 V/Bot.2398493975: [獭獭不会交学费军团@(887156367)] タタ@uiko你带我走吧军团(1609323331) -> 前面那个小姐姐把纸用完了
2023-09-16 17:50:57 V/Bot.2398493975: [獭獭不会交学费军团@(887156367)] zz@獺獺軍団(771507043) -> lp是黑胶格式捏
2023-09-16 17:51:06 V/Bot.2398493975: [獭獭不会交学费军团@(887156367)] タタ@uiko你带我走吧军团(1609323331) -> 她的东西最后一张没打上 走了
2023-09-16 17:51:06 V/Bot.2398493975: Event: GroupRecall(bot=Bot(2398493975), authorId=771507043, messageIds=[71649], messageInternalIds=[1092140460], messageTime=1694857857, operator=NormalMember(771507043), group=Group(887156367), author=NormalMember(771507043))
2023-09-16 17:51:30 V/Bot.2398493975: [獭獭不会交学费军团@(887156367)] zz@獺獺軍団(771507043) -> 图书馆的话应该可以找管理员吧
2023-09-16 17:51:44 V/Bot.2398493975: [獭獭不会交学费军团@(887156367)] タタ@uiko你带我走吧军团(1609323331) -> 没事  我会加纸
2023-09-16 17:52:05 V/Bot.2398493975: [獭獭不会交学费军团@(887156367)] zz@獺獺軍団(771507043) -> 买个lp再买个唱片机就可以放了
2023-09-16 17:52:13 V/Bot.2398493975: [獭獭不会交学费军团@(887156367)] タタ@uiko你带我走吧军团(1609323331) -> [mirai:image:{C402173F-0822-6F73-48DD-5E47A38A5CD0}.png, width=1890, height=4096, size=2510240, type=JPG, isEmoji=false]
2023-09-16 17:52:15 V/Bot.2398493975: [獭獭不会交学费军团@(887156367)] タタ@uiko你带我走吧军团(1609323331) -> 为啥我也有这个
2023-09-16 17:52:17 V/Bot.2398493975: [獭獭不会交学费军团@(887156367)] タタ@uiko你带我走吧军团(1609323331) -> [mirai:image:{7B4FAB6B-0BA8-0F4C-F8DC-B2AF31AB603E}.png, width=512, height=512, size=192357, type=GIF, isEmoji=true]
2023-09-16 17:54:00 V/Bot.2398493975: [獭獭不会交学费军团@(887156367)] zz@獺獺軍団(771507043) -> 可以从上海坐到上海吗
2023-09-16 17:54:41 V/Bot.2398493975: [獭獭不会交学费军团@(887156367)] 獭獭买锤子大臣@被獭獭军团开除(963423936) -> 可以的
2023-09-16 17:54:53 V/Bot.2398493975: [獭獭不会交学费军团@(887156367)] 獭獭买锤子大臣@被獭獭军团开除(963423936) -> 从金山坐到上海南
2023-09-16 17:59:54 V/Bot.2398493975: [獭獭不会交学费军团@(887156367)] タタ@uiko你带我走吧军团(1609323331) -> [mirai:at:2384102753] 被你和lrq骗了  图书馆近的那个门不开啊
2023-09-16 18:00:17 V/Bot.2398493975: [獭獭不会交学费军团@(887156367)] タタ@uiko你带我走吧军团(1609323331) -> [mirai:quote:[mirai:source:ids=[71657], internalIds=[824727774], from 771507043 to 887156367 at 1694858040], content=<not yet initialized>][mirai:at:771507043] 有人在松江大学城的
2023-09-16 18:00:30 V/Bot.2398493975: [獭獭不会交学费军团@(887156367)] タタ@uiko你带我走吧军团(1609323331) -> 不想坐九号线就
2023-09-16 18:00:33 V/Bot.2398493975: [獭獭不会交学费军团@(887156367)] 獭獭会交学费军团(1297471104) -> ？又关了吗？
2023-09-16 18:00:41 V/Bot.2398493975: [獭獭不会交学费军团@(887156367)] タタ@uiko你带我走吧军团(1609323331) -> 坐小火车去上海站
2023-09-16 18:00:51 V/Bot.2398493975: [獭獭不会交学费军团@(887156367)] タタ@uiko你带我走吧军团(1609323331) -> 换十号线变快了（
2023-09-16 18:00:54 V/Bot.2398493975: [獭獭不会交学费军团@(887156367)] 獭獭会交学费军团(1297471104) -> 之前打印cheatsheet的时候两边都能走捏
2023-09-16 18:01:11 V/Bot.2398493975: [獭獭不会交学费军团@(887156367)] タタ@uiko你带我走吧军团(1609323331) -> 缺点是一天只有两班
2023-09-16 18:02:59 V/Bot.2398493975: [SHT荔枝麻酱协会(493057481)] MEOW@獭獭bot(1609323331) -> [mirai:image:{AFC6E4DA-4B8F-DE2C-C933-606D21498AA0}.png, width=324, height=300, size=62607, type=GIF, isEmoji=true]
2023-09-16 18:12:59 V/Bot.2398493975: [獭獭不会交学费军团@(887156367)] 獭獭买锤子大臣@被獭獭军团开除(963423936) -> [mirai:app:{
  "config" : {
    "height" : 0,
    "forward" : 1,
    "ctime" : 1694859176,
    "width" : 0,
    "type" : "normal",
    "token" : "84e0220b49ce3942316216afa976e5bb",
    "autoSize" : 0
  },
  "prompt" : "[QQ小程序]【MyGO!!!!! 圣地巡礼】小祥 这是你的新家吗",
  "app" : "com.tencent.miniapp_01",
  "ver" : "1.0.1.46",
  "appID" : "100951776",
  "view" : "view_8C8E89B49BE609866298ADDFF2DBABA4",
  "meta" : {
    "detail_1" : {
      "appid" : "1109937557",
      "preview" : "https:\/\/pic.ugcimg.cn\/c666c6e763824aa2dc47b8b62ccfea21\/jpg1",
      "shareTemplateData" : {

      },
      "gamePointsUrl" : "",
      "gamePoints" : "",
      "url" : "m.q.qq.com\/a\/s\/8ecba01cd2e0a6234bb0a5f876b70509",
      "appType" : 0,
      "desc" : "【MyGO!!!!! 圣地巡礼】小祥 这是你的新家吗",
      "title" : "哔哩哔哩",
      "scene" : 1036,
      "host" : {
        "uin" : 963423936,
        "nick" : "小红今天早饭了吗"
      },
      "icon" : "https:\/\/open.gtimg.cn\/open\/app_icon\/00\/95\/17\/76\/100951776_100_m.png?t=1694660530",
      "shareTemplateId" : "8C8E89B49BE609866298ADDFF2DBABA4",
      "qqdocurl" : "https:\/\/b23.tv\/QuaovS0",
      "showLittleTail" : ""
    }
  },
  "bthirdappforward" : true,
  "bthirdappforwardforbackendswitch" : true,
  "desc" : ""
}]
2023-09-16 18:14:36 I/UnidbgFetchQsign: Bot(2398493975) request_token, submit success
2023-09-16 18:21:51 V/Bot.2398493975: [獭獭不会交学费军团@(887156367)] タタ@uiko你带我走吧军团(1609323331) -> 獭獭逃走了
2023-09-16 18:21:55 V/Bot.2398493975: [獭獭不会交学费军团@(887156367)] タタ@uiko你带我走吧军团(1609323331) -> 下次一定
2023-09-16 18:22:06 V/Bot.2398493975: [獭獭不会交学费军团@(887156367)] タタ@uiko你带我走吧军团(1609323331) -> （带着阿鲁来牌牌
2023-09-16 18:22:54 V/Bot.2398493975: [獭獭不会交学费军团@(887156367)] タタ@uiko你带我走吧军团(1609323331) -> [mirai:quote:[mirai:source:ids=[71666], internalIds=[1884588198], from 1297471104 to 887156367 at 1694858454], content=<not yet initialized>][mirai:at:1297471104] 可能还没开学保安放假去了
2023-09-16 18:22:58 V/Bot.2398493975: [獭獭不会交学费军团@(887156367)] タタ@uiko你带我走吧军团(1609323331) -> 只开一半
2023-09-16 18:23:25 V/Bot.2398493975: [獭獭不会交学费军团@(887156367)] hzc@獭獭軍団二度受(2384102753) -> [mirai:image:{5399FB80-E35E-5EE8-0F74-14DE719E716F}.png, width=1274, height=41, size=10024, type=PNG, isEmoji=false]？
2023-09-16 18:23:46 V/Bot.2398493975: [獭獭不会交学费军团@(887156367)] Freeze_Kirin(768173212) -> ？
2023-09-16 18:24:03 V/Bot.2398493975: [獭獭不会交学费军团@(887156367)] タタ@uiko你带我走吧军团(1609323331) -> ？
2023-09-16 18:24:05 V/Bot.2398493975: [獭獭不会交学费军团@(887156367)] hzc@獭獭軍団二度受(2384102753) -> 怎么已经20w了 我9w5结的
2023-09-16 18:24:27 V/Bot.2398493975: [獭獭不会交学费军团@(887156367)] hzc@獭獭軍団二度受(2384102753) -> 吃饭去咯
2023-09-16 18:24:38 V/Bot.2398493975: [獭獭不会交学费军团@(887156367)] Freeze_Kirin(768173212) -> 说明hlb屁用没有
2023-09-16 18:24:39 V/Bot.2398493975: Event: MemberCardChangeEvent(origin=タタ@uiko你带我走吧军团, new=タタ@獭獭mujica军团, member=NormalMember(1609323331))
2023-09-16 18:24:39 V/Bot.2398493975: [獭獭不会交学费军团@(887156367)] タタ@獭獭mujica军团(1609323331) -> 吃完了
2023-09-16 18:24:41 V/Bot.2398493975: [獭獭不会交学费军团@(887156367)] タタ@獭獭mujica军团(1609323331) -> [mirai:image:{100C172F-B822-10F7-B7AA-AEB0CDC904DD}.png, width=350, height=300, size=119247, type=GIF, isEmoji=true]
2023-09-16 18:24:44 V/Bot.2398493975: [獭獭不会交学费军团@(887156367)] タタ@獭獭mujica军团(1609323331) -> hlb屁用没有
2023-09-16 18:25:44 V/Bot.2398493975: [SHT荔枝麻酱协会(493057481)] hzc(2384102753) -> 今晚有吗
2023-09-16 18:26:28 V/Bot.2398493975: [SHT荔枝麻酱协会(493057481)] 淡情余描未わ(1297471104) -> 今晚有吗
2023-09-16 18:27:18 V/Bot.2398493975: [SHT荔枝麻酱协会(493057481)] ライちゃん(392595084) -> 今晚有吗
2023-09-16 18:27:39 V/Bot.2398493975: [SHT荔枝麻酱协会(493057481)] jt(981941098) -> 今晚有吗
2023-09-16 18:27:41 V/Bot.2398493975: [SHT荔枝麻酱协会(493057481)] MEOW@獭獭bot(1609323331) -> 今晚有吗
2023-09-16 18:34:46 V/Bot.2398493975: [獭獭不会交学费军团@(887156367)] タタ@獭獭mujica军团(1609323331) -> [mirai:image:{795DE3DE-7454-F989-5C69-E1EA2AD93461}.png, width=4096, height=1891, size=1763571, type=JPG, isEmoji=false]
2023-09-16 18:34:46 V/Bot.2398493975: [獭獭不会交学费军团@(887156367)] タタ@獭獭mujica军团(1609323331) -> 完美的侧面袋袋
2023-09-16 18:35:07 V/Bot.2398493975: [獭獭不会交学费军团@(887156367)] Freeze_Kirin(768173212) -> [mirai:image:{814543A3-80C4-2F98-8DDD-CBABB5724AB3}.png, width=268, height=208, size=28226, type=GIF, isEmoji=true]
2023-09-16 18:35:08 V/Bot.2398493975: [獭獭不会交学费军团@(887156367)] 獭獭会交学费军团(1297471104) -> #给獭一个家
2023-09-16 18:35:36 V/Bot.2398493975: [獭獭不会交学费军团@(887156367)] タタ@獭獭mujica军团(1609323331) -> [mirai:image:{B4953DBF-4DF4-4DE7-CBB1-E5C0886D52A4}.png, width=1890, height=4096, size=2170873, type=JPG, isEmoji=false]
2023-09-16 18:35:43 V/Bot.2398493975: [獭獭不会交学费军团@(887156367)] タタ@獭獭mujica军团(1609323331) -> 袋獭🦘
2023-09-16 18:36:28 V/Bot.2398493975: [SHT荔枝麻酱协会(493057481)] 大可奇丽(1485280964) -> 今晚有吗
2023-09-16 18:37:20 V/Bot.2398493975: [獭獭不会交学费军团@(887156367)] 獭獭买锤子大臣@被獭獭军团开除(963423936) -> [mirai:image:{814543A3-80C4-2F98-8DDD-CBABB5724AB3}.gif, width=268, height=208, size=28226, type=GIF, isEmoji=true]
2023-09-16 18:39:36 V/Bot.2398493975: [SHT荔枝麻酱协会(493057481)] 优雅猛牛(695150175) -> 今晚有吗
2023-09-16 18:47:04 V/Bot.2398493975: [獭獭不会交学费军团@(887156367)] タタ@獭獭mujica军团(1609323331) -> [mirai:image:{EA738EAA-65ED-AF2F-BE76-154C2A2A9FAD}.png, width=329, height=92, size=10189, type=PNG, isEmoji=false]有没有獭獭日
2023-09-16 18:47:36 V/Bot.2398493975: [獭獭不会交学费军团@(887156367)] 獭獭买锤子大臣@被獭獭军团开除(963423936) -> [mirai:image:{7C659D43-DA9A-9B1E-6F64-D0CA83C3AF08}.gif, width=308, height=218, size=88602, type=GIF, isEmoji=true]
2023-09-16 18:48:00 V/Bot.2398493975: [獭獭不会交学费军团@(887156367)] タタ@獭獭mujica军团(1609323331) -> [mirai:image:{6CF03CD4-E784-4374-8C03-EF69466E760A}.png, width=1177, height=90, size=41590, type=PNG, isEmoji=false]
2023-09-16 18:48:10 V/Bot.2398493975: [獭獭不会交学费军团@(887156367)] タタ@獭獭mujica军团(1609323331) -> [mirai:image:{AFC6E4DA-4B8F-DE2C-C933-606D21498AA0}.gif, width=324, height=300, size=62607, type=GIF, isEmoji=true]
2023-09-16 18:48:31 V/Bot.2398493975: [獭獭不会交学费军团@(887156367)] タタ@獭獭mujica军团(1609323331) -> [mirai:image:{95E8EC00-8300-BC27-DB8D-1BAA48089383}.png, width=295, height=314, size=44573, type=PNG, isEmoji=false]
2023-09-16 18:48:56 V/Bot.2398493975: [SHT荔枝麻酱协会(493057481)] Twilight(1014197424) -> 今晚有吗
2023-09-16 18:49:10 V/Bot.2398493975: [獭獭不会交学费军团@(887156367)] 獭獭买锤子大臣@被獭獭军团开除(963423936) -> 【误入冰室的anon酱】 https://www.bilibili.com/video/BV1mN4y1R7WF/?share_source=copy_web&vd_source=22c949d8becbc6f7743d28bbc96675a3
2023-09-16 18:49:54 V/Bot.2398493975: [獭獭不会交学费军团@(887156367)] 獭獭会交学费军团(1297471104) -> 误入冰水房间的冰子酱
2023-09-16 18:53:17 V/Bot.2398493975: [獭獭不会交学费军团@(887156367)] 獭獭买锤子大臣@被獭獭军团开除(963423936) -> [mirai:image:{AAE3F185-4541-8DEE-FB06-AB0B88CDD117}.png, width=1903, height=1144, size=1553751, type=PNG, isEmoji=false]
2023-09-16 18:53:18 V/Bot.2398493975: [獭獭不会交学费军团@(887156367)] 獭獭买锤子大臣@被獭獭军团开除(963423936) -> 太难绷了
2023-09-16 18:53:26 V/Bot.2398493975: [獭獭不会交学费军团@(887156367)] 獭獭买锤子大臣@被獭獭军团开除(963423936) -> 这不就是最后一集嘛
2023-09-16 18:54:36 I/UnidbgFetchQsign: Bot(2398493975) request_token, submit success
2023-09-16 18:57:37 V/Bot.2398493975: [SHT荔枝麻酱协会(493057481)] Achtung thee(964893961) -> 今晚有吗
2023-09-16 18:57:57 V/Bot.2398493975: [SHT荔枝麻酱协会(493057481)] 淡情余描未わ(1297471104) -> 看起来是肯定够了
2023-09-16 18:58:03 V/Bot.2398493975: [SHT荔枝麻酱协会(493057481)] 淡情余描未わ(1297471104) -> 我收拾一下先过去瞅瞅
2023-09-16 19:01:57 V/Bot.2398493975: [SHT荔枝麻酱协会(493057481)] hzc(2384102753) -> 那我先去瞅瞅
2023-09-16 19:07:58 V/Bot.2398493975: [SHT荔枝麻酱协会(493057481)] MEOW@獭獭bot(1609323331) -> 瞅完了
2023-09-16 19:08:03 V/Bot.2398493975: [SHT荔枝麻酱协会(493057481)] MEOW@獭獭bot(1609323331) -> [mirai:image:{B0C4908F-7B25-5581-DE55-0999A98D580C}.png, width=868, height=710, size=533105, type=GIF, isEmoji=true]
2023-09-16 19:08:56 V/Bot.2398493975: [SHT荔枝麻酱协会(493057481)] Giraffe(472247053) -> 去帮我抓人
2023-09-16 19:09:02 V/Bot.2398493975: [SHT荔枝麻酱协会(493057481)] Giraffe(472247053) -> [mirai:image:{75FECC80-7F7F-55B2-3D77-7CEAE0E7F676}.jpg, width=302, height=138, size=67232, type=GIF, isEmoji=true]
2023-09-16 19:09:05 V/Bot.2398493975: [SHT荔枝麻酱协会(493057481)] 淡情余描未わ(1297471104) -> [mirai:image:{FCD07CB2-D2AD-30AD-2619-E7F4398ABE4A}.jpg, width=512, height=420, size=441219, type=GIF, isEmoji=true]
2023-09-16 19:09:56 V/Bot.2398493975: [SHT荔枝麻酱协会(493057481)] Twilight(1014197424) -> ？
2023-09-16 19:10:01 V/Bot.2398493975: [SHT荔枝麻酱协会(493057481)] Twilight(1014197424) -> 学活现在多少人
2023-09-16 19:10:04 V/Bot.2398493975: [SHT荔枝麻酱协会(493057481)] Twilight(1014197424) -> 我刚到学校
2023-09-16 19:10:28 V/Bot.2398493975: [SHT荔枝麻酱协会(493057481)] 淡情余描未わ(1297471104) -> 学会已经3＝1了
2023-09-16 19:10:36 V/Bot.2398493975: [SHT荔枝麻酱协会(493057481)] 淡情余描未わ(1297471104) -> 快进到5＝3
2023-09-16 19:11:19 V/Bot.2398493975: [SHT荔枝麻酱协会(493057481)] Twilight(1014197424) -> ？我就到
2023-09-16 19:11:31 V/Bot.2398493975: [SHT荔枝麻酱协会(493057481)] MEOW@獭獭bot(1609323331) -> [mirai:image:{1A0BA1EF-2CBE-9471-1CBD-0F5654911CEB}.png, width=4096, height=1891, size=1251273, type=JPG, isEmoji=false]
2023-09-16 19:11:40 V/Bot.2398493975: [SHT荔枝麻酱协会(493057481)] MEOW@獭獭bot(1609323331) -> [mirai:marketface:232599,[拜拜]]
2023-09-16 19:30:26 V/Bot.2398493975: [SHT荔枝麻酱协会(493057481)] 布莱克提(690875992) -> 那我6=2
2023-09-16 19:34:37 I/UnidbgFetchQsign: Bot(2398493975) request_token, submit success
2023-09-16 19:35:19 V/Bot.2398493975: [獭獭不会交学费军团@(887156367)] タタ@獭獭mujica军团(1609323331) -> 画男硬说[mirai:image:{46B349B8-9175-62C5-F179-EE6B95EEB278}.png, width=2436, height=1125, size=220614, type=JPG, isEmoji=false]
2023-09-16 19:38:31 V/Bot.2398493975: [獭獭不会交学费军团@(887156367)] Freeze_Kirin(768173212) -> 画男硬说
2023-09-16 19:40:23 V/Bot.2398493975: [SHT荔枝麻酱协会(493057481)] 布莱克提(690875992) -> 那我6=2
2023-09-16 19:41:47 V/Bot.2398493975: [SHT荔枝麻酱协会(493057481)] MEOW@獭獭bot(1609323331) -> 那我6=2
2023-09-16 19:44:11 V/Bot.2398493975: [SHT荔枝麻酱协会(493057481)] 宅哥(2832900934) -> 那我6=2
2023-09-16 19:49:51 V/Bot.2398493975: [獭獭不会交学费军团@(887156367)] 獭獭买锤子大臣@被獭獭军团开除(963423936) -> [mirai:image:{E7729774-1A8E-8909-2EE8-D8A7156D2B9F}.png, width=559, height=1182, size=90758, type=PNG, isEmoji=false]
2023-09-16 19:49:52 V/Bot.2398493975: [獭獭不会交学费军团@(887156367)] 獭獭买锤子大臣@被獭獭军团开除(963423936) -> 难绷
2023-09-16 19:56:57 V/Bot.2398493975: [SHT荔枝麻酱协会(493057481)] 大可奇丽(1485280964) -> 那我6=2
2023-09-16 19:57:29 V/Bot.2398493975: [SHT荔枝麻酱协会(493057481)] Twilight(1014197424) -> 那我6=2
2023-09-16 19:58:35 V/Bot.2398493975: [test(389193066)] dd小助手(3459246674) -> 赤五教教主亮亮 正在直播 好牌本天成，妙手偶得之
https://live.bilibili.com/23490978
2023-09-16 19:58:37 V/Bot.2398493975: [test(389193066)] dd小助手(3459246674) -> [mirai:image:{4209C5EF-88AE-8346-2B76-41C6A739D801}.jpg, width=704, height=396, size=95467, type=JPG, isEmoji=false]
2023-09-16 19:58:38 V/Bot.2398493975: [test(389193066)] dd小助手(3459246674) -> 已设置@全体成员但没有管理员权限,将尝试@指定成员,请需要接收单独@消息的群员使用"开播@我"命令进行订阅
2023-09-16 19:58:39 V/Bot.2398493975: [test(389193066)] dd小助手(3459246674) -> [mirai:at:2461942798] 
2023-09-16 19:58:53 V/Bot.2398493975: [SHT荔枝麻酱协会(493057481)] ライちゃん(392595084) -> 那我7=1
2023-09-16 19:59:58 V/Bot.2398493975: [SHT荔枝麻酱协会(493057481)] 淡情余描未わ(1297471104) -> [mirai:quote:[mirai:source:ids=[284067], internalIds=[504327509], from 1014197424 to 493057481 at 1694865449], content=<not yet initialized>][mirai:at:1014197424] 算上你7＝1了
2023-09-16 20:00:02 V/Bot.2398493975: [SHT荔枝麻酱协会(493057481)] 淡情余描未わ(1297471104) -> 再来一个第二桌了
2023-09-16 20:00:19 V/Bot.2398493975: [SHT荔枝麻酱协会(493057481)] Twilight(1014197424) -> 无我
2023-09-16 20:00:22 V/Bot.2398493975: [SHT荔枝麻酱协会(493057481)] Twilight(1014197424) -> （暂时
2023-09-16 20:00:28 V/Bot.2398493975: [SHT荔枝麻酱协会(493057481)] Twilight(1014197424) -> 所以还是7=1
2023-09-16 20:00:49 V/Bot.2398493975: [獭獭不会交学费军团@(887156367)] zz@獺獺軍団(771507043) -> 什么完全中立
2023-09-16 20:03:26 V/Bot.2398493975: [SHT荔枝麻酱协会(493057481)] 淡情余描未わ(1297471104) -> [mirai:at:964893961] [mirai:at:981941098] 
2023-09-16 20:03:34 V/Bot.2398493975: [test(389193066)] 时雨(1609323331) -> [mirai:image:{E99AC65C-8640-6001-EF12-1CD30B9D871E}.png, width=348, height=300, size=74943, type=GIF, isEmoji=true]
2023-09-16 20:04:20 V/Bot.2398493975: [獭獭不会交学费军团@(887156367)] タタ@獭獭mujica军团(1609323331) -> 这个也太草了[mirai:image:{00162E09-4E5A-70A0-7273-E18BBF4ED859}.png, width=1124, height=287, size=23592, type=JPG, isEmoji=false]
2023-09-16 20:06:22 V/Bot.2398493975: [SHT荔枝麻酱协会(493057481)] jt(981941098) -> 来哩
2023-09-16 20:08:21 V/Bot.2398493975: [SHT荔枝麻酱协会(493057481)] 淡情余描未わ(1297471104) -> [mirai:quote:[mirai:source:ids=[284073], internalIds=[136826748], from 1014197424 to 493057481 at 1694865628], content=<not yet initialized>][mirai:at:1014197424] 你来第二桌就够哩
2023-09-16 20:08:44 V/Bot.2398493975: [SHT荔枝麻酱协会(493057481)] Twilight(1014197424) -> 悲 暂时无我
2023-09-16 20:11:05 V/Bot.2398493975: [SHT荔枝麻酱协会(493057481)] 淡情余描未わ(1297471104) -> 那就[mirai:at:964893961] 
2023-09-16 20:11:36 V/Bot.2398493975: [獭獭不会交学费军团@(887156367)] 哭哭Excel@被獭獭军团开除3次(472247053) -> 草 我都没注意小字
2023-09-16 20:11:58 V/Bot.2398493975: [獭獭不会交学费军团@(887156367)] 哭哭Excel@被獭獭军团开除3次(472247053) -> 这图画的没看懂
2023-09-16 20:12:12 V/Bot.2398493975: [SHT荔枝麻酱协会(493057481)] Achtung thee(964893961) -> 我来了
2023-09-16 20:12:12 V/Bot.2398493975: [SHT荔枝麻酱协会(493057481)] Achtung thee(964893961) -> 稍等
2023-09-16 20:12:51 V/Bot.2398493975: [獭獭不会交学费军团@(887156367)] 哭哭Excel@被獭獭军团开除3次(472247053) ->  我以为他设计就是只绿那半边【
2023-09-16 20:13:23 V/Bot.2398493975: [SHT荔枝麻酱协会(493057481)] 淡情余描未わ(1297471104) -> 11，不急
2023-09-16 20:14:32 V/Bot.2398493975: [獭獭不会交学费军团@(887156367)] zz@獺獺軍団(771507043) -> [不支持的消息#2086894788][mirai:image:{C83B7BA1-D5C8-8F68-4D37-9E798080D790}.jpg, width=800, height=156, size=22667, type=PNG, isEmoji=false][不支持的消息#-1366977879][mirai:image:{81741B6B-408F-5D44-8CA7-AD50CCE2B568}.jpg, width=788, height=194, size=27964, type=PNG, isEmoji=false]
2023-09-16 20:14:43 I/UnidbgFetchQsign: Bot(2398493975) request_token, submit success
2023-09-16 20:15:42 V/Bot.2398493975: [獭獭不会交学费军团@(887156367)] タタ@獭獭mujica军团(1609323331) -> [mirai:image:{F5B37AEF-85A4-B98E-F7A6-31A42DB159D4}.png, width=300, height=300, size=11036, type=JPG, isEmoji=true]
2023-09-16 20:15:43 V/Bot.2398493975: [獭獭不会交学费军团@(887156367)] タタ@獭獭mujica军团(1609323331) -> 受不了一点[mirai:image:{1416F927-6998-A444-C481-BAF4E653750D}.png, width=1125, height=569, size=69238, type=JPG, isEmoji=false]
2023-09-16 20:15:56 V/Bot.2398493975: [獭獭不会交学费军团@(887156367)] zz@獺獺軍団(771507043) -> ？给个网址
2023-09-16 20:16:41 V/Bot.2398493975: [獭獭不会交学费军团@(887156367)] zz@獺獺軍団(771507043) -> 这个如果当全部微妙人会全50%吗
2023-09-16 20:17:01 V/Bot.2398493975: [獭獭不会交学费军团@(887156367)] タタ@獭獭mujica军团(1609323331) -> [mirai:origin:FORWARD,BJMxugR3Pte42edhkucaZht9zvyQIb0CJHgAVS08qQ2NLBUyTcHPlGqwig63WnC/]ForwardMessage(preview=[], title=小红今天早饭了吗的聊天记录, brief=[聊天记录], source=小红今天早饭了吗的聊天记录, summary=查看4条转发消息, nodeList=[Node(senderId=1094950020, time=1694864358, senderName=小红今天早饭了吗, messageChain=[mirai:image:{F6713785-530C-E556-D301-EAD3ECFAC3EE}.png, width=602, height=890, size=75161, type=PNG, isEmoji=false]), Node(senderId=1094950020, time=1694865439, senderName=小红今天早饭了吗, messageChain=https://16test.uranaino.net/others/mental/test), Node(senderId=1094950020, time=1694865441, senderName=小红今天早饭了吗, messageChain=他们做的是这个), Node(senderId=1094950020, time=1694866018, senderName=小红今天早饭了吗, messageChain=[mirai:image:{E7536B49-833A-1E81-DE30-606673B9D2EE}.png, width=631, height=761, size=170074, type=PNG, isEmoji=false])])
2023-09-16 20:17:06 V/Bot.2398493975: [獭獭不会交学费军团@(887156367)] タタ@獭獭mujica军团(1609323331) -> 网站右边
2023-09-16 20:17:09 V/Bot.2398493975: [獭獭不会交学费军团@(887156367)] タタ@獭獭mujica军团(1609323331) -> 不知道啊
2023-09-16 20:21:18 V/Bot.2398493975: [SHT荔枝麻酱协会(493057481)] 淡情余描未わ(1297471104) -> 第二桌开哩
2023-09-16 20:26:22 V/Bot.2398493975: [獭獭不会交学费军团@(887156367)] タタ@獭獭mujica军团(1609323331) -> [mirai:image:{C1BC26D9-86C6-767D-88F6-8442FCCA6C5F}.png, width=1125, height=497, size=120317, type=PNG, isEmoji=false]
2023-09-16 20:26:31 V/Bot.2398493975: [獭獭不会交学费军团@(887156367)] タタ@獭獭mujica军团(1609323331) -> [mirai:image:{34CEE7F4-8E2C-F933-4620-9EF6A40D3990}.png, width=300, height=244, size=13266, type=JPG, isEmoji=true]
2023-09-16 20:33:32 V/Bot.2398493975: [獭獭不会交学费军团@(887156367)] タタ@獭獭mujica军团(1609323331) -> 咿 呀 呀哈呀哈[mirai:image:{08705D25-6ACA-7D4F-62C4-5B8407C8F638}.png, width=596, height=180, size=14541, type=JPG, isEmoji=false]
2023-09-16 20:33:45 V/Bot.2398493975: [獭獭不会交学费军团@(887156367)] zz@獺獺軍団(771507043) -> [不支持的消息#1805423789][mirai:image:{66D4D5B4-7507-8AED-E4D4-33A03D643A07}.jpg, width=760, height=1690, size=151660, type=PNG, isEmoji=false]
2023-09-16 20:35:47 V/Bot.2398493975: [獭獭不会交学费军团@(887156367)] タタ@獭獭mujica军团(1609323331) -> [mirai:image:{EEC93A0F-98D5-F7B7-1466-7BB0EAF80155}.png, width=1125, height=3769, size=337122, type=JPG, isEmoji=false]
2023-09-16 20:36:32 V/Bot.2398493975: [獭獭不会交学费军团@(887156367)] タタ@獭獭mujica军团(1609323331) -> [mirai:quote:[mirai:source:ids=[71720], internalIds=[344056634], from 771507043 to 887156367 at 1694867625], content=<not yet initialized>][mirai:at:771507043] 为啥
2023-09-16 20:36:36 V/Bot.2398493975: [獭獭不会交学费军团@(887156367)] タタ@獭獭mujica军团(1609323331) -> 都是50
2023-09-16 20:36:40 V/Bot.2398493975: [獭獭不会交学费军团@(887156367)] タタ@獭獭mujica军团(1609323331) -> 你的是右边
2023-09-16 20:36:44 V/Bot.2398493975: [獭獭不会交学费军团@(887156367)] タタ@獭獭mujica军团(1609323331) -> 我的是左边
2023-09-16 20:36:54 V/Bot.2398493975: [獭獭不会交学费军团@(887156367)] zz@獺獺軍団(771507043) -> 50点几？
2023-09-16 20:37:28 V/Bot.2398493975: [獭獭不会交学费军团@(887156367)] タタ@獭獭mujica军团(1609323331) -> [mirai:image:{7B4FAB6B-0BA8-0F4C-F8DC-B2AF31AB603E}.png, width=512, height=512, size=192357, type=GIF, isEmoji=true]
2023-09-16 20:37:37 V/Bot.2398493975: [獭獭不会交学费军团@(887156367)] タタ@獭獭mujica军团(1609323331) -> 怎么大家都是5050
2023-09-16 20:37:48 V/Bot.2398493975: [獭獭不会交学费军团@(887156367)] タタ@獭獭mujica军团(1609323331) -> 说明最后一行没用
2023-09-16 20:37:50 V/Bot.2398493975: [獭獭不会交学费军团@(887156367)] タタ@獭獭mujica军团(1609323331) -> [mirai:image:{217DA165-D46A-8E3E-25F3-56A3137987A6}.png, width=512, height=512, size=198717, type=GIF, isEmoji=true]
2023-09-16 20:39:13 V/Bot.2398493975: [獭獭不会交学费军团@(887156367)] タタ@獭獭mujica军团(1609323331) -> [mirai:image:{5794FC9C-A1DB-E493-FB80-6BE6D89563E0}.png, width=1125, height=2436, size=410481, type=PNG, isEmoji=false]
2023-09-16 20:41:39 V/Bot.2398493975: [獭獭不会交学费军团@(887156367)] タタ@獭獭mujica军团(1609323331) -> [mirai:image:{29294578-D542-0DA2-9170-FB2405F675C8}.png, width=1125, height=1291, size=1320801, type=PNG, isEmoji=false]
2023-09-16 20:42:01 V/Bot.2398493975: [獭獭不会交学费军团@(887156367)] zz@獺獺軍団(771507043) -> [不支持的消息#-1283747453][mirai:image:{48E7D045-27CD-4511-57EE-30D97AC660F1}.jpg, width=580, height=1668, size=186922, type=PNG, isEmoji=false][不支持的消息#-1313145073][mirai:image:{30E9FDB7-5CDF-79CC-E8E9-0A8838798B50}.jpg, width=536, height=1262, size=101611, type=PNG, isEmoji=false]全微妙做出来了
2023-09-16 20:43:31 V/Bot.2398493975: [獭獭不会交学费军团@(887156367)] タタ@獭獭mujica军团(1609323331) -> 他这字母和绿的都不选同一边了
2023-09-16 20:43:39 V/Bot.2398493975: [SHT荔枝麻酱协会(493057481)] 娜可露露yyds(994836613) -> 15100
2023-09-16 20:43:43 V/Bot.2398493975: [SHT荔枝麻酱协会(493057481)] 淡情余描未わ(1297471104) -> 45300
2023-09-16 20:43:45 V/Bot.2398493975: [SHT荔枝麻酱协会(493057481)] yyyouch(2461942798) -> 25200
2023-09-16 20:44:02 V/Bot.2398493975: [SHT荔枝麻酱协会(493057481)] hzc(2384102753) -> 14400
2023-09-16 20:44:03 V/Bot.2398493975: Group(493057481) <- 记录成功：
淡情余描未わ: 45300
yyyouch: 25200
娜可露露yyds: 15100
hzc: 14400
2023-09-16 20:44:57 V/Bot.2398493975: [SHT荔枝麻酱协会(493057481)] Giraffe(472247053) -> [mirai:quote:[mirai:source:ids=[284084], internalIds=[289262994], from 1297471104 to 493057481 at 1694868223], content=<not yet initialized>][mirai:at:1297471104] 抓人抓人
2023-09-16 20:45:49 V/Bot.2398493975: [獭獭不会交学费军团@(887156367)] 獭獭会交学费军团(1297471104) -> [mirai:at:472247053] 在品鉴新人打牌
2023-09-16 20:46:08 V/Bot.2398493975: [獭獭不会交学费军团@(887156367)] タタ@獭獭mujica军团(1609323331) -> 品鉴上高赛选手打牌
2023-09-16 20:46:46 V/Bot.2398493975: [獭獭不会交学费军团@(887156367)] 哭哭Excel@被獭獭军团开除3次(472247053) -> 好好
2023-09-16 20:46:56 V/Bot.2398493975: [獭獭不会交学费军团@(887156367)] タタ@獭獭mujica军团(1609323331) -> [mirai:image:{8BF34B10-19C1-4195-5866-6DDB73A903D8}.png, width=249, height=188, size=54265, type=GIF, isEmoji=true]
2023-09-16 20:47:01 V/Bot.2398493975: [獭獭不会交学费军团@(887156367)] 哭哭Excel@被獭獭军团开除3次(472247053) -> [mirai:image:{8BF34B10-19C1-4195-5866-6DDB73A903D8}.png, width=249, height=188, size=54265, type=GIF, isEmoji=false]
2023-09-16 20:48:30 V/Bot.2398493975: [獭獭不会交学费军团@(887156367)] 獭獭会交学费军团(1297471104) -> 结论是新人都是新人
2023-09-16 20:48:36 V/Bot.2398493975: [獭獭不会交学费军团@(887156367)] 獭獭会交学费军团(1297471104) -> 没有新凤凰（
2023-09-16 20:49:04 V/Bot.2398493975: [獭獭不会交学费军团@(887156367)] タタ@獭獭mujica军团(1609323331) -> [mirai:image:{814543A3-80C4-2F98-8DDD-CBABB5724AB3}.png, width=268, height=208, size=28226, type=GIF, isEmoji=true]
2023-09-16 20:49:10 V/Bot.2398493975: [獭獭不会交学费军团@(887156367)] タタ@獭獭mujica军团(1609323331) -> 养成系偶像
2023-09-16 20:49:46 V/Bot.2398493975: [獭獭不会交学费军团@(887156367)] Freeze_Kirin(768173212) -> [mirai:image:{93EAD3B3-EF38-0148-5669-9A1DC9E0568A}.gif, width=74, height=62, size=4345, type=GIF, isEmoji=false]
2023-09-16 20:50:07 V/Bot.2398493975: [獭獭不会交学费军团@(887156367)] Freeze_Kirin(768173212) -> 之前有雀圣新人，然后不久就跑去隔壁打德一去不返了（
2023-09-16 20:50:15 V/Bot.2398493975: [獭獭不会交学费军团@(887156367)] タタ@獭獭mujica军团(1609323331) -> [mirai:image:{C8E8094B-CB49-F06F-791E-0B522869926D}.png, width=300, height=300, size=17848, type=JPG, isEmoji=true]
2023-09-16 20:50:20 V/Bot.2398493975: [獭獭不会交学费军团@(887156367)] 哭哭Excel@被獭獭军团开除3次(472247053) -> [mirai:image:{C8E8094B-CB49-F06F-791E-0B522869926D}.png, width=300, height=300, size=17848, type=JPG, isEmoji=false]
2023-09-16 20:50:32 V/Bot.2398493975: [獭獭不会交学费军团@(887156367)] タタ@獭獭mujica军团(1609323331) -> 桌布全责
2023-09-16 20:50:59 V/Bot.2398493975: [獭獭不会交学费军团@(887156367)] lax@牛牛道心破碎军团(269418386) -> [mirai:image:{93EAD3B3-EF38-0148-5669-9A1DC9E0568A}.jpg, width=74, height=62, size=4345, type=GIF, isEmoji=true]
2023-09-16 20:51:11 V/Bot.2398493975: [獭獭不会交学费军团@(887156367)] lax@牛牛道心破碎军团(269418386) -> 那只能养成系了
2023-09-16 20:51:26 V/Bot.2398493975: [獭獭不会交学费军团@(887156367)] lax@牛牛道心破碎军团(269418386) -> 能再养一个hlb出来吗
2023-09-16 20:51:33 V/Bot.2398493975: [獭獭不会交学费军团@(887156367)] zz@獺獺軍団(771507043) -> 这个怎么带回去[mirai:image:{87BC00DA-8AA0-653E-55C2-45DE7E0F6D6D}.png, width=2772, height=2080, size=992277, type=JPG, isEmoji=false]
2023-09-16 20:51:52 V/Bot.2398493975: [獭獭不会交学费军团@(887156367)] タタ@獭獭mujica军团(1609323331) -> 好大啊
2023-09-16 20:51:59 V/Bot.2398493975: [獭獭不会交学费军团@(887156367)] Freeze_Kirin(768173212) -> 好大啊
2023-09-16 20:52:01 V/Bot.2398493975: [獭獭不会交学费军团@(887156367)] zz@獺獺軍団(771507043) -> A3捏
2023-09-16 20:52:45 V/Bot.2398493975: [獭獭不会交学费军团@(887156367)] Freeze_Kirin(768173212) -> 像hlb这样勤快的新人可遇不可求x
2023-09-16 20:53:02 V/Bot.2398493975: [獭獭不会交学费军团@(887156367)] Freeze_Kirin(768173212) -> thpt hzc
2023-09-16 20:53:03 V/Bot.2398493975: [獭獭不会交学费军团@(887156367)] 懒懒（笨物）(947603216) -> hzc [九段 1965/3600][３級 45/100]
最高段位 [九段 2715/3600][３級 45/100]
最近战绩 [3231143421][]
四麻首次升凤时间: 3/27/2021
最高段位达成时间: 4/11/2022
2023-09-16 20:54:44 I/UnidbgFetchQsign: Bot(2398493975) request_token, submit success
2023-09-16 20:56:26 V/Bot.2398493975: [獭獭不会交学费军团@(887156367)] タタ@獭獭mujica军团(1609323331) -> thpt 苏西大变态
2023-09-16 20:56:28 V/Bot.2398493975: [獭獭不会交学费军团@(887156367)] 懒懒（笨物）(947603216) -> 查询失败
2023-09-16 20:56:39 V/Bot.2398493975: [獭獭不会交学费军团@(887156367)] 哭哭Excel@被獭獭军团开除3次(472247053) -> [mirai:image:{EE7C88BA-DAF0-6A2D-E286-3A059788806D}.jpg, width=370, height=292, size=77327, type=GIF, isEmoji=true]
2023-09-16 20:56:41 V/Bot.2398493975: [獭獭不会交学费军团@(887156367)] タタ@獭獭mujica军团(1609323331) -> thpt すし食べたい
2023-09-16 20:56:42 V/Bot.2398493975: [獭獭不会交学费军团@(887156367)] 懒懒（笨物）(947603216) -> すし食べたい [二段 490/800][新人 0/20]
最近战绩 [2313132233][]
2023-09-16 20:56:52 V/Bot.2398493975: [獭獭不会交学费军团@(887156367)] Freeze_Kirin(768173212) -> 苏西大变态
2023-09-16 20:57:00 V/Bot.2398493975: [獭獭不会交学费军团@(887156367)] Freeze_Kirin(768173212) -> [mirai:image:{93EAD3B3-EF38-0148-5669-9A1DC9E0568A}.gif, width=74, height=62, size=4345, type=GIF, isEmoji=false]
2023-09-16 21:15:58 V/Bot.2398493975: [獭獭不会交学费军团@(887156367)] タタ@獭獭mujica军团(1609323331) -> [mirai:image:{321CCDED-CAA9-D9DF-CC3E-60EBC6AD5DE6}.png, width=1080, height=1070, size=113067, type=JPG, isEmoji=false]
2023-09-16 21:19:55 V/Bot.2398493975: [SHT荔枝麻酱协会(493057481)] 淡情余描未わ(1297471104) -> 11＝1
2023-09-16 21:20:54 V/Bot.2398493975: [SHT荔枝麻酱协会(493057481)] N！T！R！！！(269418386) -> 大繁荣
2023-09-16 21:22:57 V/Bot.2398493975: [SHT荔枝麻酱协会(493057481)] 千梦(449603499) -> 大大大繁荣
2023-09-16 21:28:26 V/Bot.2398493975: [SHT荔枝麻酱协会(493057481)] 淡情余描未わ(1297471104) -> 第三桌湖南红中麻将开了
2023-09-16 21:31:56 V/Bot.2398493975: [SHT荔枝麻酱协会(493057481)] 冰水 麻将小怨妇(x(308217149) -> 草
2023-09-16 21:31:56 V/Bot.2398493975: [SHT荔枝麻酱协会(493057481)] 千梦(449603499) -> 有没有第四桌
2023-09-16 21:31:59 V/Bot.2398493975: [SHT荔枝麻酱协会(493057481)] 冰水 麻将小怨妇(x(308217149) -> 11=1还行
2023-09-16 21:32:01 V/Bot.2398493975: [SHT荔枝麻酱协会(493057481)] 冰水 麻将小怨妇(x(308217149) -> 太恐怖了
2023-09-16 21:34:41 V/Bot.2398493975: [test(389193066)] dd小助手(3459246674) -> 赤五教教主亮亮 直播结束了
2023-09-16 21:34:45 I/UnidbgFetchQsign: Bot(2398493975) request_token, submit success
2023-09-16 21:34:48 V/Bot.2398493975: [test(389193066)] dd小助手(3459246674) -> [mirai:image:{3046CFDE-2091-B24B-86D8-C2404EE26C51}.png, width=1000, height=3970, size=538623, type=PNG, isEmoji=false]
2023-09-16 21:35:08 V/Bot.2398493975: [test(389193066)] dd小助手(3459246674) -> 检测到下播后短时间内重新开播,可能是由于主播网络波动引起,本次开播不再重复通知
2023-09-16 21:41:38 V/Bot.2398493975: [SHT荔枝麻酱协会(493057481)] yyyouch(2461942798) -> -3700
2023-09-16 21:41:48 V/Bot.2398493975: [SHT荔枝麻酱协会(493057481)] 娜可露露yyds(994836613) -> 33000
2023-09-16 21:41:54 V/Bot.2398493975: [SHT荔枝麻酱协会(493057481)] jt(981941098) -> 38000
2023-09-16 21:42:00 V/Bot.2398493975: [SHT荔枝麻酱协会(493057481)] hzc(2384102753) -> 31700
2023-09-16 21:42:01 V/Bot.2398493975: Group(493057481) <- 点数有误，总和不为100000！
2023-09-16 21:42:30 V/Bot.2398493975: [SHT荔枝麻酱协会(493057481)] jt(981941098) -> 39000
2023-09-16 21:42:31 V/Bot.2398493975: Group(493057481) <- 记录成功：
jt: 39000
娜可露露yyds: 33000
hzc: 31700
yyyouch: -3700
2023-09-16 21:54:17 V/Bot.2398493975: [SHT荔枝麻酱协会(493057481)] 布莱克提(690875992) -> 57800
2023-09-16 21:54:55 V/Bot.2398493975: [SHT荔枝麻酱协会(493057481)] ライちゃん(392595084) -> 28100
2023-09-16 21:56:43 V/Bot.2398493975: [獭獭不会交学费军团@(887156367)] Freeze_Kirin(768173212) -> 发生什么事了，怎么大将送了4w出去
2023-09-16 21:56:58 V/Bot.2398493975: [獭獭不会交学费军团@(887156367)] Freeze_Kirin(768173212) -> [mirai:image:{20642F78-AA08-FC01-9894-381A31BD92F5}.jpg, width=50, height=54, size=1066, type=JPG, isEmoji=false]
2023-09-16 21:58:09 V/Bot.2398493975: [test(389193066)] dd小助手(3459246674) -> 赤五教教主亮亮 直播结束了
2023-09-16 21:58:16 V/Bot.2398493975: [test(389193066)] dd小助手(3459246674) -> [mirai:image:{9AE310B7-594D-5D08-8F77-CEA40F90E605}.png, width=1000, height=3970, size=545337, type=PNG, isEmoji=false]
2023-09-16 21:58:33 V/Bot.2398493975: [test(389193066)] dd小助手(3459246674) -> 检测到下播后短时间内重新开播,可能是由于主播网络波动引起,本次开播不再重复通知
2023-09-16 22:02:57 V/Bot.2398493975: [SHT荔枝麻酱协会(493057481)] Achtung thee(964893961) -> 19000
2023-09-16 22:14:51 I/UnidbgFetchQsign: Bot(2398493975) request_token, submit success
2023-09-16 22:16:13 V/Bot.2398493975: [獭獭不会交学费军团@(887156367)] 哭哭Excel@被獭獭军团开除3次(472247053) -> xs 改策略了
2023-09-16 22:16:17 V/Bot.2398493975: [獭獭不会交学费军团@(887156367)] 哭哭Excel@被獭獭军团开除3次(472247053) -> 这下不急了
2023-09-16 22:16:26 V/Bot.2398493975: [獭獭不会交学费军团@(887156367)] 哭哭Excel@被獭獭军团开除3次(472247053) -> 到时候秒杀抢名额
2023-09-16 22:16:29 V/Bot.2398493975: [獭獭不会交学费军团@(887156367)] 獭獭会交学费军团(1297471104) -> [mirai:image:{4CCD8855-28A4-6AAC-967D-D28A0E9A06A0}.jpg, width=300, height=224, size=11767, type=JPG, isEmoji=true]
2023-09-16 22:16:30 V/Bot.2398493975: [獭獭不会交学费军团@(887156367)] 獭獭会交学费军团(1297471104) -> ?
2023-09-16 22:16:32 V/Bot.2398493975: [獭獭不会交学费军团@(887156367)] 哭哭Excel@被獭獭军团开除3次(472247053) -> 这下抢不到了
2023-09-16 22:16:36 V/Bot.2398493975: [獭獭不会交学费军团@(887156367)] 獭獭会交学费军团(1297471104) -> 草
2023-09-16 22:16:42 V/Bot.2398493975: [獭獭不会交学费军团@(887156367)] Freeze_Kirin(768173212) -> [mirai:image:{93EAD3B3-EF38-0148-5669-9A1DC9E0568A}.gif, width=74, height=62, size=4345, type=GIF, isEmoji=false]
2023-09-16 22:25:40 V/Bot.2398493975: [獭獭不会交学费军团@(887156367)] 獭獭会交学费军团(1297471104) -> 是时候让kirin展示真正的技术了
2023-09-16 22:25:49 V/Bot.2398493975: [獭獭不会交学费军团@(887156367)] タタ@獭獭mujica军团(1609323331) -> 什么技术
2023-09-16 22:25:51 V/Bot.2398493975: [獭獭不会交学费军团@(887156367)] タタ@獭獭mujica军团(1609323331) -> excel嘛
2023-09-16 22:25:54 V/Bot.2398493975: [獭獭不会交学费军团@(887156367)] タタ@獭獭mujica军团(1609323331) -> 还是哭哭
2023-09-16 22:26:11 V/Bot.2398493975: [獭獭不会交学费军团@(887156367)] Freeze_Kirin(768173212) -> 边excel边哭
2023-09-16 22:32:41 V/Bot.2398493975: [獭獭不会交学费军团@(887156367)] タタ@獭獭mujica军团(1609323331) -> [mirai:image:{55B8C1F1-88D1-E158-6BFC-73BDB1479D0F}.png, width=395, height=296, size=285040, type=GIF, isEmoji=false]
2023-09-16 22:54:51 I/UnidbgFetchQsign: Bot(2398493975) request_token, submit success
2023-09-16 23:00:38 V/Bot.2398493975: [獭獭不会交学费军团@(887156367)] lax@牛牛道心破碎军团(269418386) -> 大将送了4W也没死 这就不是问题
2023-09-16 23:27:11 V/Bot.2398493975: [獭獭不会交学费军团@(887156367)] 优雅猛牛(695150175) -> 我们没吃1麽？
2023-09-16 23:27:26 V/Bot.2398493975: [獭獭不会交学费军团@(887156367)] Freeze_Kirin(768173212) -> 吃一了
2023-09-16 23:31:59 V/Bot.2398493975: [獭獭不会交学费军团@(887156367)] lax@牛牛道心破碎军团(269418386) -> 13w的一位
2023-09-16 23:32:17 V/Bot.2398493975: [獭獭不会交学费军团@(887156367)] lax@牛牛道心破碎军团(269418386) -> 反观hlb队伍 23W的一位
2023-09-16 23:34:52 I/UnidbgFetchQsign: Bot(2398493975) request_token, submit success
2023-09-16 23:37:12 V/Bot.2398493975: [獭獭不会交学费军团@(887156367)] 优雅猛牛(695150175) -> 行吧
2023-09-16 23:38:54 V/Bot.2398493975: [SHT荔枝麻酱协会(493057481)] hzc(2384102753) -> 26500
2023-09-16 23:38:55 V/Bot.2398493975: Group(493057481) <- 点数有误，总和不为100000！
2023-09-16 23:41:47 V/Bot.2398493975: Event: MemberJoinEvent.Active(member=1520829968)
2023-09-16 23:48:23 V/Bot.2398493975: [SHT荔枝麻酱协会(493057481)] hzc(2384102753) -> [mirai:at:690875992] 57800
2023-09-16 23:48:24 V/Bot.2398493975: Group(493057481) <- 点数有误，总和不为100000！
2023-09-16 23:48:29 V/Bot.2398493975: [SHT荔枝麻酱协会(493057481)] hzc(2384102753) -> [mirai:at:392595084] 28100
2023-09-16 23:48:31 V/Bot.2398493975: Group(493057481) <- 点数有误，总和不为100000！
2023-09-16 23:48:44 V/Bot.2398493975: [SHT荔枝麻酱协会(493057481)] hzc(2384102753) -> 取消
2023-09-16 23:48:45 V/Bot.2398493975: Group(493057481) <- 取消成功，请重新输入点数
2023-09-16 23:48:52 V/Bot.2398493975: [SHT荔枝麻酱协会(493057481)] hzc(2384102753) -> [mirai:at:690875992] 57800
2023-09-16 23:48:58 V/Bot.2398493975: [SHT荔枝麻酱协会(493057481)] hzc(2384102753) -> [mirai:at:392595084] 28100
2023-09-16 23:49:07 V/Bot.2398493975: [SHT荔枝麻酱协会(493057481)] hzc(2384102753) -> [mirai:at:964893961] 19000
2023-09-16 23:49:20 V/Bot.2398493975: [SHT荔枝麻酱协会(493057481)] Achtung thee(964893961) -> 25700
2023-09-16 23:50:03 V/Bot.2398493975: [SHT荔枝麻酱协会(493057481)] hzc(2384102753) -> [mirai:at:1520829968] -4900
2023-09-16 23:50:04 V/Bot.2398493975: Group(493057481) <- 点数有误，总和不为100000！
2023-09-16 23:50:50 V/Bot.2398493975: [SHT荔枝麻酱协会(493057481)] hzc(2384102753) -> 取消
2023-09-16 23:50:51 V/Bot.2398493975: Group(493057481) <- 取消成功，请重新输入点数
2023-09-16 23:50:58 V/Bot.2398493975: [SHT荔枝麻酱协会(493057481)] hzc(2384102753) -> @布莱克提 57800
2023-09-16 23:51:05 V/Bot.2398493975: [SHT荔枝麻酱协会(493057481)] hzc(2384102753) -> @ライちゃん 28100
2023-09-16 23:51:12 V/Bot.2398493975: [SHT荔枝麻酱协会(493057481)] hzc(2384102753) -> @Achtung thee 19000
2023-09-16 23:51:27 V/Bot.2398493975: [SHT荔枝麻酱协会(493057481)] hzc(2384102753) -> @豌豆射手 -4900
2023-09-16 23:55:23 V/Bot.2398493975: [SHT荔枝麻酱协会(493057481)] hzc(2384102753) -> ？怎么没出来
2023-09-16 23:55:53 V/Bot.2398493975: [test(389193066)] yyyouch(2461942798) -> !test
2023-09-16 23:55:54 V/Bot.2398493975: Group(389193066) <- {}
2023-09-16 23:56:57 V/Bot.2398493975: [SHT荔枝麻酱协会(493057481)] 卡农变奏(530079804) -> 全错！
2023-09-16 23:57:00 V/Bot.2398493975: [SHT荔枝麻酱协会(493057481)] 卡农变奏(530079804) -> [mirai:image:{ADBAB832-2F82-EEEA-4312-91441A8A5978}.png, width=338, height=262, size=33942, type=GIF, isEmoji=true]
2023-09-16 23:57:09 V/Bot.2398493975: [SHT荔枝麻酱协会(493057481)] yyyouch(2461942798) -> 再打一次～
2023-09-16 23:58:06 V/Bot.2398493975: [SHT荔枝麻酱协会(493057481)] hzc(2384102753) -> @布莱克提 57800
2023-09-16 23:58:13 V/Bot.2398493975: [SHT荔枝麻酱协会(493057481)] hzc(2384102753) -> @ライちゃん 28100
2023-09-16 23:58:19 V/Bot.2398493975: [SHT荔枝麻酱协会(493057481)] hzc(2384102753) -> @Achtung thee 19000
2023-09-16 23:58:19 V/Bot.2398493975: [test(389193066)] yyyouch(2461942798) -> !test
2023-09-16 23:58:20 V/Bot.2398493975: Group(389193066) <- {}
2023-09-16 23:58:25 V/Bot.2398493975: [SHT荔枝麻酱协会(493057481)] hzc(2384102753) -> @豌豆射手 -4900
2023-09-16 23:58:38 V/Bot.2398493975: [test(389193066)] yyyouch(2461942798) -> 10000
2023-09-16 23:58:41 V/Bot.2398493975: [test(389193066)] yyyouch(2461942798) -> !test
2023-09-16 23:58:42 V/Bot.2398493975: Group(389193066) <- {'2461942798': 10000}
2023-09-16 23:58:44 V/Bot.2398493975: [獭獭不会交学费军团@(887156367)] 哭哭Excel@被獭獭军团开除3次(472247053) -> woccccc
2023-09-16 23:58:48 V/Bot.2398493975: [test(389193066)] yyyouch(2461942798) -> 取消
2023-09-16 23:58:49 V/Bot.2398493975: Group(389193066) <- 取消成功，请重新输入点数
2023-09-16 23:58:54 V/Bot.2398493975: [獭獭不会交学费军团@(887156367)] Freeze_Kirin(768173212) -> ？
2023-09-16 23:58:55 V/Bot.2398493975: [SHT荔枝麻酱协会(493057481)] jt(981941098) -> bot过载了x
2023-09-16 23:58:58 V/Bot.2398493975: [獭獭不会交学费军团@(887156367)] 獭獭会交学费军团(1297471104) -> ？
2023-09-16 23:59:07 V/Bot.2398493975: [獭獭不会交学费军团@(887156367)] 哭哭Excel@被獭獭军团开除3次(472247053) -> 不对
2023-09-16 23:59:14 V/Bot.2398493975: [SHT荔枝麻酱协会(493057481)] yyyouch(2461942798) -> 你这个@是@吗
2023-09-16 23:59:18 V/Bot.2398493975: [獭獭不会交学费军团@(887156367)] 哭哭Excel@被獭獭军团开除3次(472247053) -> 昨天我原石到底领了没有
2023-09-16 23:59:19 V/Bot.2398493975: [SHT荔枝麻酱协会(493057481)] yyyouch(2461942798) -> 还是复制的文本
2023-09-16 23:59:25 V/Bot.2398493975: [獭獭不会交学费军团@(887156367)] 哭哭Excel@被獭獭军团开除3次(472247053) -> 睡迷糊了
2023-09-16 23:59:37 V/Bot.2398493975: [SHT荔枝麻酱协会(493057481)] hzc(2384102753) -> [mirai:at:690875992] 57800
2023-09-16 23:59:44 V/Bot.2398493975: Event: GroupRecall(bot=Bot(2398493975), authorId=2384102753, messageIds=[284131], messageInternalIds=[735291132], messageTime=1694879886, operator=NormalMember(2384102753), group=Group(493057481), author=NormalMember(2384102753))
2023-09-16 23:59:47 V/Bot.2398493975: Event: GroupRecall(bot=Bot(2398493975), authorId=2384102753, messageIds=[284132], messageInternalIds=[620523094], messageTime=1694879892, operator=NormalMember(2384102753), group=Group(493057481), author=NormalMember(2384102753))
2023-09-16 23:59:49 V/Bot.2398493975: Event: GroupRecall(bot=Bot(2398493975), authorId=2384102753, messageIds=[284133], messageInternalIds=[813081217], messageTime=1694879899, operator=NormalMember(2384102753), group=Group(493057481), author=NormalMember(2384102753))
2023-09-16 23:59:51 V/Bot.2398493975: Event: GroupRecall(bot=Bot(2398493975), authorId=2384102753, messageIds=[284134], messageInternalIds=[1422866979], messageTime=1694879905, operator=NormalMember(2384102753), group=Group(493057481), author=NormalMember(2384102753))
2023-09-16 23:59:57 V/Bot.2398493975: [獭獭不会交学费军团@(887156367)] Freeze_Kirin(768173212) -> ？
