2023-09-05 00:06:49 V/Bot.2398493975: [獭獭云旅游军团@🎤啥(887156367)] タタ@獭獭·ω·咖波●ω●军团(1609323331) -> [mirai:image:{02521194-EADF-CB84-E38A-5D3D5B5E624D}.png, width=1062, height=1504, size=219362, type=JPG, isEmoji=false]
2023-09-05 00:36:57 I/UnidbgFetchQsign: Bot(2398493975) request_token, submit success
2023-09-05 01:01:22 V/Bot.2398493975: [SHT荔枝麻酱协会(493057481)] naf2021(3469392519) -> [mirai:image:{7E5268AB-57FD-D89E-BA8D-17C5A23BE2E4}.jpg, width=1080, height=2224, size=1562339, type=JPG, isEmoji=false]
2023-09-05 01:01:28 V/Bot.2398493975: [SHT荔枝麻酱协会(493057481)] naf2021(3469392519) -> 谁的包落206了
2023-09-05 01:16:57 I/UnidbgFetchQsign: Bot(2398493975) request_token, submit success
2023-09-05 01:57:03 I/UnidbgFetchQsign: Bot(2398493975) request_token, submit success
2023-09-05 02:37:04 I/UnidbgFetchQsign: Bot(2398493975) request_token, submit success
2023-09-05 03:17:05 I/UnidbgFetchQsign: Bot(2398493975) request_token, submit success
2023-09-05 03:57:11 I/UnidbgFetchQsign: Bot(2398493975) request_token, submit success
2023-09-05 04:37:12 I/UnidbgFetchQsign: Bot(2398493975) request_token, submit success
2023-09-05 05:17:12 I/UnidbgFetchQsign: Bot(2398493975) request_token, submit success
2023-09-05 05:57:18 I/UnidbgFetchQsign: Bot(2398493975) request_token, submit success
2023-09-05 06:37:19 I/UnidbgFetchQsign: Bot(2398493975) request_token, submit success
2023-09-05 07:17:20 I/UnidbgFetchQsign: Bot(2398493975) request_token, submit success
2023-09-05 07:57:26 I/UnidbgFetchQsign: Bot(2398493975) request_token, submit success
2023-09-05 08:37:27 I/UnidbgFetchQsign: Bot(2398493975) request_token, submit success
2023-09-05 09:01:43 V/Bot.2398493975: [SHT荔枝麻酱协会(493057481)] 隔壁老王(297234073) -> thpt hzc
2023-09-05 09:01:45 V/Bot.2398493975: [SHT荔枝麻酱协会(493057481)] Freeze_Kirin(947603216) -> hzc [九段 1935/3600][３級 45/100]
最高段位 [九段 2715/3600][３級 45/100]
最近战绩 [3424221323][]
四麻首次升凤时间: 3/27/2021
最高段位达成时间: 4/11/2022
2023-09-05 09:04:53 V/Bot.2398493975: [獭獭云旅游军团@🎤啥(887156367)] zz@獺獺軍団(771507043) -> 楠栞桜怎么又复活了[mirai:image:{3E7C750C-3F98-8EE3-9945-5B7D59F52A18}.png, width=1284, height=1884, size=164359, type=JPG, isEmoji=false]
2023-09-05 09:17:27 I/UnidbgFetchQsign: Bot(2398493975) request_token, submit success
2023-09-05 09:29:55 V/Bot.2398493975: [SHT荔枝麻酱协会(493057481)] 小红@獭獭军团(963423936) -> [mirai:quote:[mirai:source:ids=[282962], internalIds=[1332134892], from 3469392519 to 493057481 at 1693846888], content=<not yet initialized>][mirai:at:3469392519] hzc的吧
2023-09-05 09:30:13 V/Bot.2398493975: [SHT荔枝麻酱协会(493057481)] naf2021(3469392519) -> 他昨天已经拿回去了
2023-09-05 09:31:11 V/Bot.2398493975: [SHT荔枝麻酱协会(493057481)] 小红@獭獭军团(963423936) -> [mirai:image:{E0DAE969-1230-0E83-8488-5A69005DFCC2}.png, width=480, height=360, size=187447, type=GIF, isEmoji=true]
2023-09-05 09:34:39 V/Bot.2398493975: [獭獭云旅游军团@🎤啥(887156367)] zz@獺獺軍団(771507043) -> 完了，前两队打的太随便了[mirai:image:{469A1543-CB59-8F53-A7AC-F8A4FD4BDC96}.png, width=2778, height=1284, size=316105, type=JPG, isEmoji=false][mirai:image:{E5AF7AB4-523D-9758-294B-862C245DE951}.png, width=2778, height=1284, size=336982, type=JPG, isEmoji=false]
2023-09-05 09:57:33 I/UnidbgFetchQsign: Bot(2398493975) request_token, submit success
2023-09-05 10:37:34 I/UnidbgFetchQsign: Bot(2398493975) request_token, submit success
2023-09-05 11:11:19 V/Bot.2398493975: [獭獭云旅游军团@🎤啥(887156367)] タタ@獭獭·ω·咖波●ω●军团(1609323331) -> ¿¿¿¿¿¿¿[mirai:image:{DD343EC5-92D8-1256-C2DB-7EAC9E0CCD4E}.png, width=1668, height=2388, size=346498, type=JPG, isEmoji=false]
2023-09-05 11:13:23 V/Bot.2398493975: [獭獭云旅游军团@🎤啥(887156367)] zz@獺獺軍団(771507043) -> 这不是助力你给春丽赢有马吗
2023-09-05 11:13:40 V/Bot.2398493975: [獭獭云旅游军团@🎤啥(887156367)] タタ@獭獭·ω·咖波●ω●军团(1609323331) -> [mirai:marketface:232599,[哦]]
2023-09-05 11:13:53 V/Bot.2398493975: [獭獭云旅游军团@🎤啥(887156367)] タタ@獭獭·ω·咖波●ω●军团(1609323331) -> 我想要new
2023-09-05 11:14:18 V/Bot.2398493975: [獭獭云旅游军团@🎤啥(887156367)] zz@獺獺軍団(771507043) -> 抽个十连吧，二级jjc都开了
2023-09-05 11:15:01 V/Bot.2398493975: [獭獭云旅游军团@🎤啥(887156367)] タタ@獭獭·ω·咖波●ω●军团(1609323331) -> 对哦今天有三星闭得
2023-09-05 11:17:35 I/UnidbgFetchQsign: Bot(2398493975) request_token, submit success
2023-09-05 11:32:59 V/Bot.2398493975: [獭獭云旅游军团@🎤啥(887156367)] zz@獺獺軍団(771507043) -> [mirai:image:{3006D52A-16EA-A3FC-BDE5-F1E9EB94B3F7}.png, width=1284, height=2778, size=294318, type=JPG, isEmoji=false]
2023-09-05 11:33:13 V/Bot.2398493975: [獭獭云旅游军团@🎤啥(887156367)] 獭獭买锤子大臣@被獭獭军团开除(963423936) -> [mirai:image:{FB9C65FB-5685-1B12-1B13-836B38246164}.gif, width=292, height=205, size=61102, type=GIF, isEmoji=true]
2023-09-05 11:37:27 V/Bot.2398493975: [獭獭云旅游军团@🎤啥(887156367)] 獭獭买锤子大臣@被獭獭军团开除(963423936) -> 草
2023-09-05 11:37:34 V/Bot.2398493975: [獭獭云旅游军团@🎤啥(887156367)] 獭獭买锤子大臣@被獭獭军团开除(963423936) -> vscode for mac要停止服务了
2023-09-05 11:37:35 V/Bot.2398493975: [SHT荔枝麻酱协会(493057481)] 大可奇丽(1485280964) -> ！注册
2023-09-05 11:37:45 V/Bot.2398493975: [SHT荔枝麻酱协会(493057481)] 大可奇丽(1485280964) -> 怎么搞得
2023-09-05 11:37:47 V/Bot.2398493975: [SHT荔枝麻酱协会(493057481)] 大可奇丽(1485280964) -> ！help
2023-09-05 11:37:48 V/Bot.2398493975: Group(493057481) <- 使用指南：http://123.60.173.207/help
2023-09-05 11:38:04 V/Bot.2398493975: [獭獭云旅游军团@🎤啥(887156367)] zz@獺獺軍団(771507043) -> [不支持的消息#1822949211][mirai:image:{A3C56810-0293-8086-658D-531E0E0B1790}.jpg, width=512, height=512, size=129498, type=GIF, isEmoji=false]
2023-09-05 11:39:19 V/Bot.2398493975: [SHT荔枝麻酱协会(493057481)] 大可奇丽(1485280964) -> ！查查我的
2023-09-05 11:39:20 V/Bot.2398493975: Group(493057481) <- 昵称：@1485280964
段位：新人
rate：1500.69
近期顺位：41
更多数据请访问：http://123.60.173.207/user/@1485280964
2023-09-05 11:39:43 V/Bot.2398493975: [獭獭云旅游军团@🎤啥(887156367)] zz@獺獺軍団(771507043) -> [不支持的消息#876161079][mirai:image:{E58B280A-24AB-EFF2-3316-B87FFB394D77}.jpg, width=1684, height=1246, size=205417, type=PNG, isEmoji=false]？你这什么假新闻，让我空欢喜
2023-09-05 11:39:53 V/Bot.2398493975: [獭獭云旅游军团@🎤啥(887156367)] zz@獺獺軍団(771507043) -> vs!=vscode捏
2023-09-05 11:39:56 V/Bot.2398493975: [獭獭云旅游军团@🎤啥(887156367)] タタ@獭獭·ω·咖波●ω●军团(1609323331) -> 哈鲁乌拉拉
2023-09-05 11:40:00 V/Bot.2398493975: [獭獭云旅游军团@🎤啥(887156367)] タタ@獭獭·ω·咖波●ω●军团(1609323331) -> 哈鲁乌拉拉
2023-09-05 11:40:08 V/Bot.2398493975: [獭獭云旅游军团@🎤啥(887156367)] Freeze_Kirin(768173212) -> [mirai:image:{C6019596-32FA-6838-49C5-6B5806668E26}.png, width=328, height=300, size=41763, type=GIF, isEmoji=true]
2023-09-05 11:40:18 V/Bot.2398493975: [獭獭云旅游军团@🎤啥(887156367)] 獭獭买锤子大臣@被獭獭军团开除(963423936) -> [mirai:image:{C6019596-32FA-6838-49C5-6B5806668E26}.gif, width=328, height=300, size=41763, type=GIF, isEmoji=true]
2023-09-05 11:40:29 V/Bot.2398493975: [獭獭云旅游军团@🎤啥(887156367)] タタ@獭獭·ω·咖波●ω●军团(1609323331) -> 啊对惹
2023-09-05 11:40:50 V/Bot.2398493975: [獭獭云旅游军团@🎤啥(887156367)] タタ@獭獭·ω·咖波●ω●军团(1609323331) -> wy你的背包里有没有一个630碎片的人
2023-09-05 11:40:53 V/Bot.2398493975: [獭獭云旅游军团@🎤啥(887156367)] タタ@獭獭·ω·咖波●ω●军团(1609323331) -> [mirai:image:{8AFCF605-FDCE-9015-3438-526A21D02EF5}.png, width=300, height=192, size=8379, type=JPG, isEmoji=true]
2023-09-05 11:40:58 V/Bot.2398493975: [獭獭云旅游军团@🎤啥(887156367)] Freeze_Kirin(768173212) -> 有
2023-09-05 11:41:17 V/Bot.2398493975: [獭獭云旅游军团@🎤啥(887156367)] タタ@獭獭·ω·咖波●ω●军团(1609323331) -> 诶
2023-09-05 11:41:18 V/Bot.2398493975: [獭獭云旅游军团@🎤啥(887156367)] Freeze_Kirin(768173212) -> 运动会莲见
2023-09-05 11:41:55 V/Bot.2398493975: [獭獭云旅游军团@🎤啥(887156367)] タタ@獭獭·ω·咖波●ω●军团(1609323331) -> 那初始号的jjc咋算的
2023-09-05 11:42:01 V/Bot.2398493975: [SHT荔枝麻酱协会(493057481)] 殒落凡尘的星(2510816477) -> ！查查我的
2023-09-05 11:42:02 V/Bot.2398493975: Group(493057481) <- 没有找到该用户的信息！
2023-09-05 11:42:11 V/Bot.2398493975: [SHT荔枝麻酱协会(493057481)] naf2021(3469392519) -> ！查查我的
2023-09-05 11:42:12 V/Bot.2398493975: Group(493057481) <- 昵称：naf2021
段位：4级
rate：1507.37
近期顺位：1231422144
更多数据请访问：http://123.60.173.207/user/naf2021
2023-09-05 11:42:19 V/Bot.2398493975: [SHT荔枝麻酱协会(493057481)] Twilight(1014197424) -> ！jrrp
2023-09-05 11:42:20 V/Bot.2398493975: Group(493057481) <- 今日人品：凶
今日适宜役种：门前淸自摸和
(为防止刷屏，一日内不可多次查询哦！)
2023-09-05 11:42:27 V/Bot.2398493975: [獭獭云旅游军团@🎤啥(887156367)] Freeze_Kirin(768173212) -> 到手的时候没开jjc，还在1-1
2023-09-05 11:42:40 V/Bot.2398493975: [獭獭云旅游军团@🎤啥(887156367)] タタ@獭獭·ω·咖波●ω●军团(1609323331) -> 看起来换场好像不影响初始号x
2023-09-05 11:42:40 V/Bot.2398493975: [獭獭云旅游军团@🎤啥(887156367)] Freeze_Kirin(768173212) -> 但是有4k左右的币
2023-09-05 11:42:49 V/Bot.2398493975: [獭獭云旅游军团@🎤啥(887156367)] Freeze_Kirin(768173212) -> [mirai:image:{DF7CEC4D-BB8E-0808-81E3-6850E694BFA9}.png, width=370, height=300, size=47884, type=GIF, isEmoji=true]
2023-09-05 11:43:09 V/Bot.2398493975: [獭獭云旅游军团@🎤啥(887156367)] タタ@獭獭·ω·咖波●ω●军团(1609323331) -> 日服是按建号时间分场的x
2023-09-05 11:43:15 V/Bot.2398493975: [獭獭云旅游军团@🎤啥(887156367)] タタ@獭獭·ω·咖波●ω●军团(1609323331) -> 币是
2023-09-05 11:43:29 V/Bot.2398493975: [獭獭云旅游军团@🎤啥(887156367)] タタ@獭獭·ω·咖波●ω●军团(1609323331) -> 大规模失忆时间送的
2023-09-05 11:43:31 V/Bot.2398493975: [獭獭云旅游军团@🎤啥(887156367)] タタ@獭獭·ω·咖波●ω●军团(1609323331) -> [mirai:image:{ECB1281E-E17C-F20E-0060-DA328002022A}.png, width=216, height=138, size=4514, type=JPG, isEmoji=true]
2023-09-05 11:43:35 V/Bot.2398493975: Event: GroupRecall(bot=Bot(2398493975), authorId=1609323331, messageIds=[67274], messageInternalIds=[1097713373], messageTime=1693885409, operator=NormalMember(1609323331), group=Group(887156367), author=NormalMember(1609323331))
2023-09-05 11:43:42 V/Bot.2398493975: [獭獭云旅游军团@🎤啥(887156367)] タタ@獭獭·ω·咖波●ω●军团(1609323331) -> 大规模失忆事件送的
2023-09-05 11:43:48 V/Bot.2398493975: [獭獭云旅游军团@🎤啥(887156367)] Freeze_Kirin(768173212) -> 原来如此
2023-09-05 11:44:13 V/Bot.2398493975: [獭獭云旅游军团@🎤啥(887156367)] タタ@獭獭·ω·咖波●ω●军团(1609323331) -> [mirai:image:{84598E67-9882-C4F6-7718-FE9BDFE66615}.png, width=1125, height=1296, size=219050, type=PNG, isEmoji=false]
2023-09-05 11:44:17 V/Bot.2398493975: [獭獭云旅游军团@🎤啥(887156367)] タタ@獭獭·ω·咖波●ω●军团(1609323331) -> [mirai:image:{F4E0DC81-687A-7A42-5199-40CCB5F0AFBF}.png, width=512, height=512, size=633525, type=GIF, isEmoji=true]
2023-09-05 11:44:26 V/Bot.2398493975: [獭獭云旅游军团@🎤啥(887156367)] Freeze_Kirin(768173212) -> [mirai:image:{532D8537-4894-F489-EAA3-4C9BD23E97C5}.png, width=370, height=300, size=99875, type=GIF, isEmoji=true]
2023-09-05 11:44:30 V/Bot.2398493975: [獭獭云旅游军团@🎤啥(887156367)] タタ@獭獭·ω·咖波●ω●军团(1609323331) -> 还看到有个图
2023-09-05 11:44:34 V/Bot.2398493975: [獭獭云旅游军团@🎤啥(887156367)] Freeze_Kirin(768173212) -> 怎么有人主动给自己上强度
2023-09-05 11:44:52 V/Bot.2398493975: [獭獭云旅游军团@🎤啥(887156367)] タタ@獭獭·ω·咖波●ω●军团(1609323331) -> 有个人七十多级了整个jjc就他一个人
2023-09-05 11:44:55 V/Bot.2398493975: [獭獭云旅游军团@🎤啥(887156367)] タタ@獭獭·ω·咖波●ω●军团(1609323331) -> [mirai:image:{A9C10996-E880-3074-0B6E-7C29FB3E432F}.png, width=304, height=199, size=117662, type=GIF, isEmoji=true]
2023-09-05 11:44:58 V/Bot.2398493975: [獭獭云旅游军团@🎤啥(887156367)] Freeze_Kirin(768173212) -> [mirai:image:{15530C6E-2E2B-8726-AC46-20AE8098381B}.png, width=174, height=172, size=5372, type=JPG, isEmoji=true]
2023-09-05 11:45:14 V/Bot.2398493975: [獭獭云旅游军团@🎤啥(887156367)] Freeze_Kirin(768173212) -> 啊？我艹这种天堂是真实存在的吗
2023-09-05 11:45:30 V/Bot.2398493975: [獭獭云旅游军团@🎤啥(887156367)] タタ@獭獭·ω·咖波●ω●军团(1609323331) -> [mirai:image:{E0CEA715-6553-07F7-FEA8-B552F85C38C5}.png, width=1125, height=1838, size=1143350, type=PNG, isEmoji=false]
2023-09-05 11:45:54 V/Bot.2398493975: [獭獭云旅游军团@🎤啥(887156367)] タタ@獭獭·ω·咖波●ω●军团(1609323331) -> 哦 这都78级了
2023-09-05 11:46:02 V/Bot.2398493975: [獭獭云旅游军团@🎤啥(887156367)] Freeze_Kirin(768173212) -> [mirai:image:{F4E0DC81-687A-7A42-5199-40CCB5F0AFBF}.png, width=512, height=512, size=633525, type=GIF, isEmoji=true]
2023-09-05 11:46:19 V/Bot.2398493975: [獭獭云旅游军团@🎤啥(887156367)] 獭獭买锤子大臣@被獭獭军团开除(963423936) -> [mirai:image:{A9C10996-E880-3074-0B6E-7C29FB3E432F}.gif, width=304, height=199, size=117662, type=GIF, isEmoji=true]
2023-09-05 11:46:27 V/Bot.2398493975: [獭獭云旅游军团@🎤啥(887156367)] zz@獺獺軍団(771507043) -> [不支持的消息#1840409316][mirai:image:{A9C10996-E880-3074-0B6E-7C29FB3E432F}.jpg, width=304, height=199, size=117662, type=GIF, isEmoji=false]
2023-09-05 11:46:45 V/Bot.2398493975: [獭獭云旅游军团@🎤啥(887156367)] タタ@獭獭·ω·咖波●ω●军团(1609323331) -> 我从进jjc就都是和我等级一样的活人捏
2023-09-05 11:47:14 V/Bot.2398493975: [獭獭云旅游军团@🎤啥(887156367)] タタ@獭獭·ω·咖波●ω●军团(1609323331) -> [mirai:image:{A9C10996-E880-3074-0B6E-7C29FB3E432F}.png, width=304, height=199, size=117662, type=GIF, isEmoji=false]
2023-09-05 11:47:39 V/Bot.2398493975: [獭獭云旅游军团@🎤啥(887156367)] タタ@獭獭·ω·咖波●ω●军团(1609323331) -> 一看就是差不多时间创的号
2023-09-05 11:47:42 V/Bot.2398493975: [獭獭云旅游军团@🎤啥(887156367)] Freeze_Kirin(768173212) -> 那我这个场很咸鱼。我现在24名上不去也下不来（
2023-09-05 11:47:53 V/Bot.2398493975: [獭獭云旅游军团@🎤啥(887156367)] タタ@獭獭·ω·咖波●ω●军团(1609323331) -> 升了几级去看jjc
2023-09-05 11:47:53 V/Bot.2398493975: [獭獭云旅游军团@🎤啥(887156367)] Freeze_Kirin(768173212) -> 打不过上面的也没人把我踢下去
2023-09-05 11:48:00 V/Bot.2398493975: [獭獭云旅游军团@🎤啥(887156367)] Freeze_Kirin(768173212) -> [mirai:image:{7031CDF6-A8A2-8F05-1A75-3E11FE2AF640}.png, width=200, height=167, size=67839, type=GIF, isEmoji=true]
2023-09-05 11:48:01 V/Bot.2398493975: [獭獭云旅游军团@🎤啥(887156367)] タタ@獭獭·ω·咖波●ω●军团(1609323331) -> 其他人也升了几级
2023-09-05 11:48:24 V/Bot.2398493975: [獭獭云旅游军团@🎤啥(887156367)] タタ@獭獭·ω·咖波●ω●军团(1609323331) -> [mirai:image:{3FCDA208-5B5D-3642-5219-949E4B2512EA}.png, width=328, height=300, size=47813, type=GIF, isEmoji=true]
2023-09-05 11:48:40 V/Bot.2398493975: [獭獭云旅游军团@🎤啥(887156367)] タタ@獭獭·ω·咖波●ω●军团(1609323331) -> 应该只有初始号能进天堂场
2023-09-05 11:48:50 V/Bot.2398493975: [獭獭云旅游军团@🎤啥(887156367)] タタ@獭獭·ω·咖波●ω●军团(1609323331) -> 他这个算天堂天堂场
2023-09-05 11:49:12 V/Bot.2398493975: [獭獭云旅游军团@🎤啥(887156367)] Freeze_Kirin(768173212) -> 天堂of the天堂of the天堂
2023-09-05 11:49:26 V/Bot.2398493975: [獭獭云旅游军团@🎤啥(887156367)] タタ@獭獭·ω·咖波●ω●军团(1609323331) -> [mirai:image:{7AAB86C2-2E54-B41B-1127-E416989F377D}.png, width=124, height=139, size=6514, type=JPG, isEmoji=true]
2023-09-05 11:51:20 V/Bot.2398493975: [獭獭云旅游军团@🎤啥(887156367)] タタ@獭獭·ω·咖波●ω●军团(1609323331) -> [mirai:image:{75425E6D-E31B-F933-F940-90D04A1297C4}.png, width=1138, height=640, size=151872, type=JPG, isEmoji=false]
2023-09-05 11:51:21 V/Bot.2398493975: [獭獭云旅游军团@🎤啥(887156367)] タタ@獭獭·ω·咖波●ω●军团(1609323331) -> [mirai:image:{B212BA47-A11E-ABA0-2D30-EF590759F10C}.png, width=1124, height=180, size=63326, type=PNG, isEmoji=false]
2023-09-05 11:51:26 V/Bot.2398493975: [獭獭云旅游军团@🎤啥(887156367)] タタ@獭獭·ω·咖波●ω●军团(1609323331) -> 原来不是腿啊
2023-09-05 11:51:28 V/Bot.2398493975: [獭獭云旅游军团@🎤啥(887156367)] タタ@獭獭·ω·咖波●ω●军团(1609323331) -> [mirai:image:{15530C6E-2E2B-8726-AC46-20AE8098381B}.png, width=174, height=172, size=5372, type=JPG, isEmoji=true]
2023-09-05 11:51:44 V/Bot.2398493975: [獭獭云旅游军团@🎤啥(887156367)] Freeze_Kirin(768173212) -> [mirai:image:{15530C6E-2E2B-8726-AC46-20AE8098381B}.png, width=174, height=172, size=5372, type=JPG, isEmoji=true]
2023-09-05 11:51:49 V/Bot.2398493975: [獭獭云旅游军团@🎤啥(887156367)] Freeze_Kirin(768173212) -> 竟然不是腿
2023-09-05 11:52:04 V/Bot.2398493975: [獭獭云旅游军团@🎤啥(887156367)] zz@獺獺軍団(771507043) -> 原来不是腿啊
2023-09-05 11:52:06 V/Bot.2398493975: [獭獭云旅游军团@🎤啥(887156367)] Freeze_Kirin(768173212) -> wakamo竟然是坐着的
2023-09-05 11:52:33 V/Bot.2398493975: [獭獭云旅游军团@🎤啥(887156367)] 冰水@不会反身跳军团(308217149) -> 草
2023-09-05 11:52:37 V/Bot.2398493975: [獭獭云旅游军团@🎤啥(887156367)] 冰水@不会反身跳军团(308217149) -> 竟然不是腿、
2023-09-05 11:54:03 V/Bot.2398493975: [獭獭云旅游军团@🎤啥(887156367)] 獭獭买锤子大臣@被獭獭军团开除(963423936) -> [mirai:image:{02E7850A-33B8-140C-D7F7-D09E83C5193C}.jpg, width=174, height=172, size=4040, type=JPG, isEmoji=true]
2023-09-05 11:54:13 V/Bot.2398493975: [獭獭云旅游军团@🎤啥(887156367)] 獭獭买锤子大臣@被獭獭军团开除(963423936) -> [mirai:image:{FB9C65FB-5685-1B12-1B13-836B38246164}.gif, width=292, height=205, size=61102, type=GIF, isEmoji=true]
2023-09-05 11:54:51 V/Bot.2398493975: [SHT荔枝麻酱协会(493057481)] ライちゃん(392595084) -> ！jrrp
2023-09-05 11:54:53 V/Bot.2398493975: Group(493057481) <- 今日人品：吉
今日适宜役种：对对和
(为防止刷屏，一日内不可多次查询哦！)
2023-09-05 11:56:05 V/Bot.2398493975: [SHT荔枝麻酱协会(493057481)] 冰水 麻将小怨妇(x(308217149) -> ！jrrp
2023-09-05 11:56:07 V/Bot.2398493975: Group(493057481) <- 今日人品：吉
今日适宜役种：役牌
(为防止刷屏，一日内不可多次查询哦！)
2023-09-05 11:56:09 V/Bot.2398493975: [SHT荔枝麻酱协会(493057481)] 殒落凡尘的星(2510816477) -> ！jrrp
2023-09-05 11:56:10 V/Bot.2398493975: Group(493057481) <- 今日人品：小吉
今日适宜役种：一气通贯
(为防止刷屏，一日内不可多次查询哦！)
2023-09-05 11:57:11 V/Bot.2398493975: [SHT荔枝麻酱协会(493057481)] 牙牙(1105692313) -> ！jrrp
2023-09-05 11:57:12 V/Bot.2398493975: Group(493057481) <- 今日人品：小吉
今日适宜役种：纯全带幺九
(为防止刷屏，一日内不可多次查询哦！)
2023-09-05 11:57:41 I/UnidbgFetchQsign: Bot(2398493975) request_token, submit success
2023-09-05 11:59:12 V/Bot.2398493975: [獭獭云旅游军团@🎤啥(887156367)] タタ@獭獭·ω·咖波●ω●军团(1609323331) -> 啊？？[mirai:image:{56E09A2A-F8C5-635C-AB4A-5EA75954DD0D}.png, width=1125, height=582, size=108876, type=JPG, isEmoji=false]
2023-09-05 11:59:24 V/Bot.2398493975: [獭獭云旅游军团@🎤啥(887156367)] タタ@獭獭·ω·咖波●ω●军团(1609323331) -> 多来点鼠鼠
2023-09-05 11:59:46 V/Bot.2398493975: [獭獭云旅游军团@🎤啥(887156367)] タタ@獭獭·ω·咖波●ω●军团(1609323331) -> 草[mirai:image:{DCAB8C83-CA33-DE77-A5B6-F72EFF9D5D82}.png, width=1125, height=590, size=81090, type=JPG, isEmoji=false]
2023-09-05 11:59:48 V/Bot.2398493975: [獭獭云旅游军团@🎤啥(887156367)] タタ@獭獭·ω·咖波●ω●军团(1609323331) -> [mirai:image:{217DA165-D46A-8E3E-25F3-56A3137987A6}.png, width=512, height=512, size=198717, type=GIF, isEmoji=true]
2023-09-05 12:00:02 V/Bot.2398493975: [獭獭云旅游军团@🎤啥(887156367)] zz@獺獺軍団(771507043) -> [不支持的消息#-1202847179][mirai:image:{C9A4148B-5BA4-685B-853A-92DDF5BF08E4}.jpg, width=512, height=512, size=150110, type=GIF, isEmoji=false]
2023-09-05 12:37:42 I/UnidbgFetchQsign: Bot(2398493975) request_token, submit success
2023-09-05 12:38:41 V/Bot.2398493975: [獭獭云旅游军团@🎤啥(887156367)] Freeze_Kirin(768173212) -> 突然想起，总力战的票是12.刷新还是4.刷新
2023-09-05 12:39:35 V/Bot.2398493975: [獭獭云旅游军团@🎤啥(887156367)] zz@獺獺軍団(771507043) -> 4
2023-09-05 12:42:25 V/Bot.2398493975: [獭獭云旅游军团@🎤啥(887156367)] Freeze_Kirin(768173212) -> 那没事了，今天打完可以摆了
2023-09-05 12:58:18 V/Bot.2398493975: [獭獭云旅游军团@🎤啥(887156367)] タタ@獭獭·ω·咖波●ω●军团(1609323331) -> 马娘今天送两次抽卡
2023-09-05 12:58:20 V/Bot.2398493975: [獭獭云旅游军团@🎤啥(887156367)] タタ@獭獭·ω·咖波●ω●军团(1609323331) -> [mirai:image:{15530C6E-2E2B-8726-AC46-20AE8098381B}.png, width=174, height=172, size=5372, type=JPG, isEmoji=true]
2023-09-05 12:58:32 V/Bot.2398493975: [獭獭云旅游军团@🎤啥(887156367)] タタ@獭獭·ω·咖波●ω●军团(1609323331) -> 起晚了马就没了
2023-09-05 13:02:57 V/Bot.2398493975: [獭獭云旅游军团@🎤啥(887156367)] Freeze_Kirin(768173212) -> 🐎没了
2023-09-05 13:02:59 V/Bot.2398493975: [獭獭云旅游军团@🎤啥(887156367)] Freeze_Kirin(768173212) -> [mirai:image:{B184AFC2-9E94-FE51-B009-BA701B496A3A}.jpg, width=174, height=172, size=4057, type=JPG, isEmoji=true]
2023-09-05 13:06:47 V/Bot.2398493975: [獭獭云旅游军团@🎤啥(887156367)] zz@獺獺軍団(771507043) -> [mirai:image:{7878B62D-B38C-C3F7-451F-5B238739401B}.png, width=1284, height=2778, size=343086, type=JPG, isEmoji=false]
2023-09-05 13:17:42 I/UnidbgFetchQsign: Bot(2398493975) request_token, submit success
2023-09-05 13:30:16 V/Bot.2398493975: [獭獭云旅游军团@🎤啥(887156367)] zz@獺獺軍団(771507043) -> 温泉旅行忘了把跳过关掉[mirai:image:{07C44C2F-D4DD-1925-6A64-8E8D126EE00A}.png, width=1284, height=2778, size=220281, type=JPG, isEmoji=false]
2023-09-05 13:30:39 V/Bot.2398493975: [獭獭云旅游军团@🎤啥(887156367)] タタ@獭獭·ω·咖波●ω●军团(1609323331) -> [mirai:image:{474751E3-E9E5-483E-C37E-C0F729C4D05A}.png, width=300, height=292, size=12702, type=JPG, isEmoji=true]
2023-09-05 13:33:53 V/Bot.2398493975: [SHT荔枝麻酱协会(493057481)] MEOW@獭獭bot(1609323331) -> ！jrrp
2023-09-05 13:33:55 V/Bot.2398493975: Group(493057481) <- 今日人品：小吉
今日适宜役种：役牌
(为防止刷屏，一日内不可多次查询哦！)
2023-09-05 13:34:37 V/Bot.2398493975: [獭獭云旅游军团@🎤啥(887156367)] タタ@獭獭·ω·咖波●ω●军团(1609323331) -> 昨天好像没打总力战
2023-09-05 13:34:41 V/Bot.2398493975: [獭獭云旅游军团@🎤啥(887156367)] タタ@獭獭·ω·咖波●ω●军团(1609323331) -> [mirai:image:{7B4FAB6B-0BA8-0F4C-F8DC-B2AF31AB603E}.png, width=512, height=512, size=192357, type=GIF, isEmoji=true]
2023-09-05 13:39:58 V/Bot.2398493975: [獭獭云旅游军团@🎤啥(887156367)] zz@獺獺軍団(771507043) -> [mirai:image:{C0D12D7C-3A41-2738-77D5-E37C53E4DD7E}.png, width=496, height=180, size=9512, type=JPG, isEmoji=false]
2023-09-05 13:40:04 V/Bot.2398493975: [獭獭云旅游军团@🎤啥(887156367)] zz@獺獺軍団(771507043) -> [mirai:image:{474751E3-E9E5-483E-C37E-C0F729C4D05A}.png, width=300, height=292, size=12702, type=JPG, isEmoji=true]
2023-09-05 13:43:39 V/Bot.2398493975: [獭獭云旅游军团@🎤啥(887156367)] Freeze_Kirin(768173212) -> 麻尼
2023-09-05 13:54:39 V/Bot.2398493975: [獭獭云旅游军团@🎤啥(887156367)] タタ@獭獭·ω·咖波●ω●军团(1609323331) -> [mirai:image:{474751E3-E9E5-483E-C37E-C0F729C4D05A}.png, width=300, height=292, size=12702, type=JPG, isEmoji=true]
2023-09-05 13:57:48 I/UnidbgFetchQsign: Bot(2398493975) request_token, submit success
2023-09-05 14:10:35 V/Bot.2398493975: [獭獭云旅游军团@🎤啥(887156367)] タタ@獭獭·ω·咖波●ω●军团(1609323331) -> [mirai:image:{066429D4-F796-B48B-5E22-8A1EBCD3F4F4}.png, width=1125, height=562, size=139891, type=PNG, isEmoji=false]
2023-09-05 14:10:41 V/Bot.2398493975: [獭獭云旅游军团@🎤啥(887156367)] タタ@獭獭·ω·咖波●ω●军团(1609323331) -> 5张卡的任务做不完
2023-09-05 14:10:43 V/Bot.2398493975: [獭獭云旅游军团@🎤啥(887156367)] タタ@獭獭·ω·咖波●ω●军团(1609323331) -> [mirai:image:{A31463D2-BD3C-9584-ED1D-5DC6DABBAC1B}.png, width=150, height=150, size=855112, type=GIF, isEmoji=true]
2023-09-05 14:10:49 V/Bot.2398493975: [獭獭云旅游军团@🎤啥(887156367)] タタ@獭獭·ω·咖波●ω●军团(1609323331) -> 之前碰到过
2023-09-05 14:10:57 V/Bot.2398493975: [獭獭云旅游军团@🎤啥(887156367)] タタ@獭獭·ω·咖波●ω●军团(1609323331) -> 任务开了之后就碰不到了
2023-09-05 14:10:59 V/Bot.2398493975: [獭獭云旅游军团@🎤啥(887156367)] タタ@獭獭·ω·咖波●ω●军团(1609323331) -> [mirai:image:{C8E8094B-CB49-F06F-791E-0B522869926D}.png, width=300, height=300, size=17848, type=JPG, isEmoji=true]
2023-09-05 14:11:42 V/Bot.2398493975: [獭獭云旅游军团@🎤啥(887156367)] zz@獺獺軍団(771507043) -> 我在今天第一次育成的第二年暑假碰到了
2023-09-05 14:12:03 V/Bot.2398493975: [獭獭云旅游军团@🎤啥(887156367)] zz@獺獺軍団(771507043) -> 我现在两个赛场十场都不够
2023-09-05 14:14:21 V/Bot.2398493975: [獭獭云旅游军团@🎤啥(887156367)] zz@獺獺軍団(771507043) -> 没忍住想抽opera王结果出来两个特别周
2023-09-05 14:14:40 V/Bot.2398493975: [獭獭云旅游军团@🎤啥(887156367)] zz@獺獺軍団(771507043) -> 这是特别周pu吗
2023-09-05 14:15:06 V/Bot.2398493975: [獭獭云旅游军团@🎤啥(887156367)] Freeze_Kirin(768173212) -> 特别周很关心你过得好不好，特地来看你
2023-09-05 14:17:57 V/Bot.2398493975: [獭獭云旅游军团@🎤啥(887156367)] タタ@獭獭·ω·咖波●ω●军团(1609323331) -> 乌拉拉很关心我
2023-09-05 14:18:29 V/Bot.2398493975: [獭獭云旅游军团@🎤啥(887156367)] タタ@獭獭·ω·咖波●ω●军团(1609323331) -> [mirai:quote:[mirai:source:ids=[67346], internalIds=[1015604299], from 771507043 to 887156367 at 1693894323], content=<not yet initialized>][mirai:at:771507043] 那个要胜场
2023-09-05 14:18:30 V/Bot.2398493975: [獭獭云旅游军团@🎤啥(887156367)] タタ@獭獭·ω·咖波●ω●军团(1609323331) -> 嘛
2023-09-05 14:18:43 V/Bot.2398493975: [獭獭云旅游军团@🎤啥(887156367)] zz@獺獺軍団(771507043) -> 不用吧
2023-09-05 14:21:39 V/Bot.2398493975: [獭獭云旅游军团@🎤啥(887156367)] zz@獺獺軍団(771507043) -> [mirai:quote:[mirai:source:ids=[67340], internalIds=[198719663], from 1609323331 to 887156367 at 1693894241], content=<not yet initialized>][mirai:at:1609323331] 这个算记者和学院长吗
2023-09-05 14:22:17 V/Bot.2398493975: [獭獭云旅游军团@🎤啥(887156367)] Freeze_Kirin(768173212) -> [mirai:image:{8064012E-F560-FF4B-E80A-1FF9B6FED58D}.png, width=1290, height=2796, size=819171, type=PNG, isEmoji=false]
2023-09-05 14:22:36 V/Bot.2398493975: [獭獭云旅游军团@🎤啥(887156367)] Freeze_Kirin(768173212) -> 猫猫成长了几年还是没长高
2023-09-05 14:22:45 V/Bot.2398493975: [獭獭云旅游军团@🎤啥(887156367)] Freeze_Kirin(768173212) -> [mirai:image:{6DB8D47D-6D88-2BA8-3315-3C91BE0598DE}.png, width=200, height=156, size=81787, type=GIF, isEmoji=true]
2023-09-05 14:26:43 V/Bot.2398493975: [獭獭云旅游军团@🎤啥(887156367)] 冰水@不会反身跳军团(308217149) -> 高跟鞋（）
2023-09-05 14:27:18 V/Bot.2398493975: [獭獭云旅游军团@🎤啥(887156367)] Freeze_Kirin(768173212) -> 可恶，猫猫不是提溜起来能拉好长吗！
2023-09-05 14:27:23 V/Bot.2398493975: [獭獭云旅游军团@🎤啥(887156367)] Freeze_Kirin(768173212) -> 杰西卡你怎么回事！
2023-09-05 14:28:20 V/Bot.2398493975: [獭獭云旅游军团@🎤啥(887156367)] lax@牛牛道心破碎军团(269418386) -> 那你说猫猫身高的时候是指猫猫提溜起来的高度吗
2023-09-05 14:29:04 V/Bot.2398493975: [獭獭云旅游军团@🎤啥(887156367)] zz@獺獺軍団(771507043) -> 又来了[mirai:image:{8C61BDFC-AEB0-1AEC-6A9D-63F97BFFDAE8}.png, width=1284, height=2778, size=223299, type=JPG, isEmoji=false]
2023-09-05 14:34:38 V/Bot.2398493975: [獭獭云旅游军团@🎤啥(887156367)] zz@獺獺軍団(771507043) -> [mirai:image:{9179B203-B1AA-FA96-8A06-8635509D60AD}.png, width=1284, height=521, size=103079, type=PNG, isEmoji=false]
2023-09-05 14:36:47 V/Bot.2398493975: [獭獭云旅游军团@🎤啥(887156367)] hzc@獭獭軍団二度受(2384102753) -> [mirai:image:{8C806787-D8BF-AC7D-6404-F0220EDEEE91}.png, width=1792, height=828, size=225228, type=JPG, isEmoji=false]
2023-09-05 14:37:49 I/UnidbgFetchQsign: Bot(2398493975) request_token, submit success
2023-09-05 14:37:51 V/Bot.2398493975: [獭獭云旅游军团@🎤啥(887156367)] hzc@獭獭軍団二度受(2384102753) -> 还是有不少漏可以捡的
2023-09-05 14:38:28 V/Bot.2398493975: [獭獭云旅游军团@🎤啥(887156367)] hzc@獭獭軍団二度受(2384102753) -> 总力战我也有两刀 第二刀打的巨慢
2023-09-05 15:09:35 V/Bot.2398493975: [獭獭云旅游军团@🎤啥(887156367)] タタ@獭獭·ω·咖波●ω●军团(1609323331) -> [mirai:quote:[mirai:source:ids=[67354], internalIds=[1607077726], from 771507043 to 887156367 at 1693894899], content=<not yet initialized>][mirai:at:771507043] 不算
2023-09-05 15:17:50 I/UnidbgFetchQsign: Bot(2398493975) request_token, submit success
2023-09-05 15:33:01 V/Bot.2398493975: [獭獭云旅游军团@🎤啥(887156367)] Freeze_Kirin(768173212) -> 还有半小时就可以抽流泪猫猫头了！
2023-09-05 15:33:05 V/Bot.2398493975: [獭獭云旅游军团@🎤啥(887156367)] Freeze_Kirin(768173212) -> [mirai:image:{A3C56810-0293-8086-658D-531E0E0B1790}.gif, width=512, height=512, size=129498, type=GIF, isEmoji=false]
2023-09-05 15:34:20 V/Bot.2398493975: [獭獭云旅游军团@🎤啥(887156367)] 优雅猛牛(695150175) -> 还有2个半小时可以抽菲米尼了
2023-09-05 15:34:31 V/Bot.2398493975: [獭獭云旅游军团@🎤啥(887156367)] Freeze_Kirin(768173212) -> 哦对哦
2023-09-05 15:34:37 V/Bot.2398493975: [獭獭云旅游军团@🎤啥(887156367)] Freeze_Kirin(768173212) -> 今天还有弟弟抽
2023-09-05 15:34:39 V/Bot.2398493975: [獭獭云旅游军团@🎤啥(887156367)] Freeze_Kirin(768173212) -> [mirai:image:{A3C56810-0293-8086-658D-531E0E0B1790}.gif, width=512, height=512, size=129498, type=GIF, isEmoji=false]
2023-09-05 15:34:45 V/Bot.2398493975: [獭獭云旅游军团@🎤啥(887156367)] 优雅猛牛(695150175) -> [mirai:image:{A3C56810-0293-8086-658D-531E0E0B1790}.jpg, width=512, height=512, size=129498, type=GIF, isEmoji=true]
2023-09-05 15:41:49 V/Bot.2398493975: [獭獭云旅游军团@🎤啥(887156367)] hzc@獭獭軍団二度受(2384102753) -> 流泪猫猫头是哪个
2023-09-05 15:42:42 V/Bot.2398493975: [獭獭云旅游军团@🎤啥(887156367)] 哭哭Kirin@被獭獭军团开除两次(472247053) -> [mirai:image:{A3C56810-0293-8086-658D-531E0E0B1790}.jpg, width=512, height=512, size=129498, type=GIF, isEmoji=false]
2023-09-05 15:43:29 V/Bot.2398493975: [test(389193066)] yyyouch(2461942798) -> ！注册
2023-09-05 15:43:30 V/Bot.2398493975: Group(389193066) <- 玩家{member.name}注册成功！
2023-09-05 15:44:38 V/Bot.2398493975: [獭獭云旅游军团@🎤啥(887156367)] hzc@獭獭軍団二度受(2384102753) -> 想不出来
2023-09-05 15:44:49 V/Bot.2398493975: [獭獭云旅游军团@🎤啥(887156367)] 冰水@不会反身跳军团(308217149) -> [mirai:image:{5A767C0A-D753-69CA-929B-092E4C3FE96D}.jpg, width=100, height=96, size=2109, type=JPG, isEmoji=false]
2023-09-05 15:46:04 V/Bot.2398493975: Event: MemberCardChangeEvent(origin=, new=qwertyu, member=NormalMember(2461942798))
2023-09-05 15:46:04 V/Bot.2398493975: [test(389193066)] qwertyu(2461942798) -> ！注册
2023-09-05 15:46:05 V/Bot.2398493975: Group(389193066) <- 玩家qwertyu注册成功！
2023-09-05 15:46:28 V/Bot.2398493975: Event: MemberCardChangeEvent(origin=qwertyu, new=, member=NormalMember(2461942798))
2023-09-05 15:46:28 V/Bot.2398493975: [test(389193066)] yyyouch(2461942798) -> ！注册
2023-09-05 15:46:29 V/Bot.2398493975: Group(389193066) <- 玩家yyyouch注册成功！
2023-09-05 15:53:25 V/Bot.2398493975: [獭獭云旅游军团@🎤啥(887156367)] Freeze_Kirin(768173212) -> 是[mirai:image:{48D0840B-51B7-97A8-560A-42C20B38049D}.png, width=261, height=247, size=92111, type=PNG, isEmoji=false]
2023-09-05 15:53:27 V/Bot.2398493975: [獭獭云旅游军团@🎤啥(887156367)] Freeze_Kirin(768173212) -> 流泪猫猫头
2023-09-05 15:54:15 V/Bot.2398493975: [獭獭云旅游军团@🎤啥(887156367)] zz@獺獺軍団(771507043) -> [不支持的消息#-379558274][mirai:image:{A5A928E6-FD11-9DFF-B4B3-1BA79B260D23}.jpg, width=434, height=528, size=68478, type=PNG, isEmoji=false]是这个
2023-09-05 15:54:17 V/Bot.2398493975: [獭獭云旅游军团@🎤啥(887156367)] zz@獺獺軍団(771507043) -> 泪眼汪汪的
2023-09-05 15:54:32 V/Bot.2398493975: [獭獭云旅游军团@🎤啥(887156367)] Freeze_Kirin(768173212) -> [mirai:image:{93EAD3B3-EF38-0148-5669-9A1DC9E0568A}.gif, width=74, height=62, size=4345, type=GIF, isEmoji=false]
2023-09-05 15:54:36 V/Bot.2398493975: [獭獭云旅游军团@🎤啥(887156367)] lax@牛牛道心破碎军团(269418386) -> 流泪卡波
2023-09-05 15:55:11 V/Bot.2398493975: [獭獭云旅游军团@🎤啥(887156367)] Freeze_Kirin(768173212) -> 流泪咖波[mirai:image:{28465D2A-17E3-E4BB-A59E-4F5B806757B7}.gif, width=200, height=156, size=46389, type=GIF, isEmoji=false]
2023-09-05 15:55:39 V/Bot.2398493975: [獭獭云旅游军团@🎤啥(887156367)] hzc@獭獭軍団二度受(2384102753) -> [mirai:image:{DCC827E3-C001-8382-2FEB-DD5705F15745}.gif, width=336, height=254, size=80956, type=GIF, isEmoji=false]
2023-09-05 15:57:08 V/Bot.2398493975: [獭獭云旅游军团@🎤啥(887156367)] Freeze_Kirin(768173212) -> [mirai:image:{FB9C65FB-5685-1B12-1B13-836B38246164}.gif, width=292, height=205, size=61102, type=GIF, isEmoji=false]
2023-09-05 15:57:37 V/Bot.2398493975: [獭獭云旅游军团@🎤啥(887156367)] Freeze_Kirin(768173212) -> 好急，还有3min
2023-09-05 15:57:56 I/UnidbgFetchQsign: Bot(2398493975) request_token, submit success
2023-09-05 16:02:14 V/Bot.2398493975: [獭獭云旅游军团@🎤啥(887156367)] 冰水@不会反身跳军团(308217149) -> 草
2023-09-05 16:02:17 V/Bot.2398493975: [獭獭云旅游军团@🎤啥(887156367)] 冰水@不会反身跳军团(308217149) -> 忘了是大版本
2023-09-05 16:03:37 V/Bot.2398493975: [獭獭云旅游军团@🎤啥(887156367)] 哭哭Kirin@被獭獭军团开除两次(472247053) -> 忘了是大版本
2023-09-05 16:03:45 V/Bot.2398493975: [獭獭云旅游军团@🎤啥(887156367)] 哭哭Kirin@被獭獭军团开除两次(472247053) -> [mirai:image:{C744BCE9-DF6C-A292-5147-4BEF6727F40C}.png, width=334, height=173, size=6099, type=PNG, isEmoji=false]
2023-09-05 16:07:26 V/Bot.2398493975: [獭獭云旅游军团@🎤啥(887156367)] Freeze_Kirin(768173212) -> [mirai:image:{8501E235-6A70-317F-1B7A-BD1FD9717594}.png, width=2796, height=1290, size=383150, type=JPG, isEmoji=false]
2023-09-05 16:07:29 V/Bot.2398493975: [獭獭云旅游军团@🎤啥(887156367)] Freeze_Kirin(768173212) -> 下班！
2023-09-05 16:07:31 V/Bot.2398493975: [獭獭云旅游军团@🎤啥(887156367)] タタ@獭獭·ω·咖波●ω●军团(1609323331) -> 宜家的小手[mirai:image:{CF6EBAE0-1C69-EE79-602A-3DF68A87AE9D}.png, width=1828, height=2436, size=921687, type=JPG, isEmoji=false]
2023-09-05 16:07:34 V/Bot.2398493975: [獭獭云旅游军团@🎤啥(887156367)] タタ@獭獭·ω·咖波●ω●军团(1609323331) -> 不让竖中指
2023-09-05 16:07:37 V/Bot.2398493975: [獭獭云旅游军团@🎤啥(887156367)] タタ@獭獭·ω·咖波●ω●军团(1609323331) -> [mirai:image:{217DA165-D46A-8E3E-25F3-56A3137987A6}.png, width=512, height=512, size=198717, type=GIF, isEmoji=true]
2023-09-05 16:09:07 V/Bot.2398493975: [獭獭云旅游军团@🎤啥(887156367)] lax@牛牛道心破碎军团(269418386) -> 可以竖无名指
2023-09-05 16:10:10 V/Bot.2398493975: [獭獭云旅游军团@🎤啥(887156367)] 哭哭Kirin@被獭獭军团开除两次(472247053) -> mys
2023-09-05 16:10:17 V/Bot.2398493975: [獭獭云旅游军团@🎤啥(887156367)] 哭哭Kirin@被獭獭军团开除两次(472247053) -> 十连结束了
2023-09-05 16:10:32 V/Bot.2398493975: [獭獭云旅游军团@🎤啥(887156367)] Freeze_Kirin(768173212) -> ？
2023-09-05 16:10:58 V/Bot.2398493975: [獭獭云旅游军团@🎤啥(887156367)] Freeze_Kirin(768173212) -> 把kirin踢了吧
2023-09-05 16:11:08 V/Bot.2398493975: [獭獭云旅游军团@🎤啥(887156367)] 哭哭Kirin@被獭獭军团开除两次(472247053) -> [mirai:image:{FB9C65FB-5685-1B12-1B13-836B38246164}.jpg, width=292, height=205, size=61102, type=GIF, isEmoji=true]
2023-09-05 16:11:14 I/Bot.2398493975: Saved account secrets to local cache for fast login.
2023-09-05 16:23:36 V/Bot.2398493975: [獭獭云旅游军团@🎤啥(887156367)] 獭獭买锤子大臣@被獭獭军团开除(963423936) -> [mirai:app:{
  "config" : {
    "height" : 0,
    "forward" : 1,
    "ctime" : 1693902214,
    "width" : 0,
    "type" : "normal",
    "token" : "7f7f7734ca707aeec03b00bf3b2adb87",
    "autoSize" : 0
  },
  "prompt" : "[QQ小程序][MyGO\/Whiplash] 立希压力队友的原因找到了",
  "app" : "com.tencent.miniapp_01",
  "ver" : "0.0.0.1",
  "appID" : "100951776",
  "view" : "view_8C8E89B49BE609866298ADDFF2DBABA4",
  "meta" : {
    "detail_1" : {
      "appid" : "1109937557",
      "preview" : "https:\/\/pic.ugcimg.cn\/33bc6db5a16eddeef4b93dd9c049c70d\/jpg1",
      "shareTemplateData" : {

      },
      "gamePointsUrl" : "",
      "gamePoints" : "",
      "url" : "m.q.qq.com\/a\/s\/5d559f2bd5c2c885ed3d0b6ae3cd0875",
      "appType" : 0,
      "desc" : "[MyGO\/Whiplash] 立希压力队友的原因找到了",
      "title" : "哔哩哔哩",
      "scene" : 1036,
      "host" : {
        "uin" : 963423936,
        "nick" : "小红今天早饭了吗"
      },
      "icon" : "https:\/\/open.gtimg.cn\/open\/app_icon\/00\/95\/17\/76\/100951776_100_m.png?t=1693810978",
      "shareTemplateId" : "8C8E89B49BE609866298ADDFF2DBABA4",
      "qqdocurl" : "https:\/\/b23.tv\/uQdkEs2",
      "showLittleTail" : ""
    }
  },
  "bthirdappforward" : true,
  "bthirdappforwardforbackendswitch" : true,
  "desc" : ""
}]
2023-09-05 16:23:43 V/Bot.2398493975: [獭獭云旅游军团@🎤啥(887156367)] 獭獭买锤子大臣@被獭獭军团开除(963423936) -> 笑死我了
2023-09-05 16:33:54 V/Bot.2398493975: [獭獭云旅游军团@🎤啥(887156367)] zz@獺獺軍団(771507043) -> 原来这个可以不去医务室[mirai:image:{F0B31677-5E1D-8F56-692D-2C90DE601D0F}.png, width=1284, height=546, size=41087, type=JPG, isEmoji=false]
2023-09-05 16:35:09 V/Bot.2398493975: [獭獭云旅游军团@🎤啥(887156367)] タタ@獭獭·ω·咖波●ω●军团(1609323331) -> 你怎么有米宝
2023-09-05 16:35:20 V/Bot.2398493975: [獭獭云旅游军团@🎤啥(887156367)] タタ@獭獭·ω·咖波●ω●军团(1609323331) -> 我也要小祖宗
2023-09-05 16:35:22 V/Bot.2398493975: [獭獭云旅游军团@🎤啥(887156367)] タタ@獭獭·ω·咖波●ω●军团(1609323331) -> [mirai:image:{7C659D43-DA9A-9B1E-6F64-D0CA83C3AF08}.png, width=308, height=218, size=88602, type=GIF, isEmoji=true]
2023-09-05 16:35:32 V/Bot.2398493975: [test(389193066)] 时雨(1609323331) -> ！注册
2023-09-05 16:35:33 V/Bot.2398493975: Group(389193066) <- 玩家时雨注册成功！
2023-09-05 16:35:39 V/Bot.2398493975: [test(389193066)] 时雨(1609323331) -> ！查查我的
2023-09-05 16:35:40 V/Bot.2398493975: Group(389193066) <- 昵称：时雨
段位：新人
rate：1500.0
近期顺位：
更多数据请访问：http://shanghaitech-mahjong.top/user/时雨
2023-09-05 16:35:46 V/Bot.2398493975: [test(389193066)] 时雨(1609323331) -> [mirai:image:{05919B55-D12E-11BD-7C76-D06FAD553D12}.png, width=370, height=296, size=100522, type=GIF, isEmoji=true]
2023-09-05 16:37:57 I/UnidbgFetchQsign: Bot(2398493975) request_token, submit success
2023-09-05 16:41:31 V/Bot.2398493975: [獭獭云旅游军团@🎤啥(887156367)] zz@獺獺軍団(771507043) -> 3星必得出的
2023-09-05 17:17:57 I/UnidbgFetchQsign: Bot(2398493975) request_token, submit success
2023-09-05 17:36:53 V/Bot.2398493975: [test(389193066)] yyyouch(2461942798) -> ！查查你的[mirai:at:1609323331]
2023-09-05 17:38:09 V/Bot.2398493975: [獭獭云旅游军团@🎤啥(887156367)] 獭獭买锤子大臣@被獭獭军团开除(963423936) -> ？
2023-09-05 17:38:11 V/Bot.2398493975: [獭獭云旅游军团@🎤啥(887156367)] 獭獭买锤子大臣@被獭獭军团开除(963423936) -> 妈的
2023-09-05 17:38:15 V/Bot.2398493975: [獭獭云旅游军团@🎤啥(887156367)] 獭獭买锤子大臣@被獭獭军团开除(963423936) -> 每次开门就有烟味
2023-09-05 17:38:19 V/Bot.2398493975: [獭獭云旅游军团@🎤啥(887156367)] 獭獭买锤子大臣@被獭獭军团开除(963423936) -> 11层绝对有人宿舍里抽烟
2023-09-05 17:39:11 V/Bot.2398493975: [獭獭云旅游军团@🎤啥(887156367)] 獭獭买锤子大臣@被獭獭军团开除(963423936) -> ？闻着味道走居然是从厕所的抽风机里进来的
2023-09-05 17:39:23 V/Bot.2398493975: [test(389193066)] yyyouch(2461942798) -> ！查查你的[mirai:at:1609323331]
2023-09-05 17:39:24 V/Bot.2398493975: Group(389193066) <- 昵称：时雨
段位：新人
rate：1500.0
近期顺位：
更多数据请访问：http://shanghaitech-mahjong.top/userid/1609323331
2023-09-05 17:39:40 V/Bot.2398493975: [test(389193066)] yyyouch(2461942798) -> [mirai:at:1297471104] ！查查你的
2023-09-05 17:39:41 V/Bot.2398493975: Group(389193066) <- 昵称：淡情余描未わ
段位：4级
rate：1484.63
近期顺位：3333213332
更多数据请访问：http://shanghaitech-mahjong.top/userid/1297471104
2023-09-05 17:40:16 V/Bot.2398493975: [獭獭云旅游军团@🎤啥(887156367)] 獭獭买锤子大臣@被獭獭军团开除(963423936) -> [mirai:image:{324BFB53-FA80-53C9-37B9-AD4CD7B3C147}.gif, width=280, height=260, size=30126, type=GIF, isEmoji=true]
2023-09-05 17:40:30 V/Bot.2398493975: [獭獭云旅游军团@🎤啥(887156367)] 獭獭买锤子大臣@被獭獭军团开除(963423936) -> 有点像茶 又有点烟味 不知道是啥
2023-09-05 17:41:57 V/Bot.2398493975: [test(389193066)] yyyouch(2461942798) -> 现在可以手机直接打开访问了
2023-09-05 17:44:10 V/Bot.2398493975: [test(389193066)] yyyouch(2461942798) -> ！jrrp
2023-09-05 17:44:11 V/Bot.2398493975: Group(389193066) <- 今日人品：大凶
今日适宜役种：断幺九
(为防止刷屏，一日内不可多次查询哦！)
2023-09-05 17:44:23 V/Bot.2398493975: [test(389193066)] yyyouch(2461942798) -> ！jrrp
2023-09-05 17:44:24 V/Bot.2398493975: Group(389193066) <- 今日人品：凶
今日适宜役种：门前淸自摸和
(为防止刷屏，一日内不可多次查询哦！)
2023-09-05 17:44:29 V/Bot.2398493975: [test(389193066)] yyyouch(2461942798) -> ！jrrp
2023-09-05 17:44:30 V/Bot.2398493975: Group(389193066) <- 今日人品：小吉
今日适宜役种：七对子
(为防止刷屏，一日内不可多次查询哦！)
2023-09-05 17:44:35 V/Bot.2398493975: [test(389193066)] yyyouch(2461942798) -> ！jrrp
2023-09-05 17:44:36 V/Bot.2398493975: Group(389193066) <- 今日人品：大凶
今日适宜役种：立直
(为防止刷屏，一日内不可多次查询哦！)
2023-09-05 17:44:38 V/Bot.2398493975: [test(389193066)] yyyouch(2461942798) -> ！jrrp
2023-09-05 17:44:39 V/Bot.2398493975: Group(389193066) <- 今日人品：凶
今日适宜役种：对对和
(为防止刷屏，一日内不可多次查询哦！)
2023-09-05 17:44:41 V/Bot.2398493975: [test(389193066)] yyyouch(2461942798) -> ！jrrp
2023-09-05 17:44:42 V/Bot.2398493975: Group(389193066) <- 今日人品：大凶
今日适宜役种：役牌
(为防止刷屏，一日内不可多次查询哦！)
2023-09-05 17:44:44 V/Bot.2398493975: [test(389193066)] yyyouch(2461942798) -> ！jrrp
2023-09-05 17:44:45 V/Bot.2398493975: Group(389193066) <- 今日人品：小吉
今日适宜役种：平和
(为防止刷屏，一日内不可多次查询哦！)
2023-09-05 17:44:47 V/Bot.2398493975: [test(389193066)] yyyouch(2461942798) -> ！jrrp
2023-09-05 17:44:48 V/Bot.2398493975: Group(389193066) <- 今日人品：中吉
今日适宜役种：门前淸自摸和
(为防止刷屏，一日内不可多次查询哦！)
2023-09-05 17:44:49 V/Bot.2398493975: [test(389193066)] yyyouch(2461942798) -> ！jrrp
2023-09-05 17:44:50 V/Bot.2398493975: Group(389193066) <- 今日人品：吉
今日适宜役种：役牌
(为防止刷屏，一日内不可多次查询哦！)
2023-09-05 17:44:52 V/Bot.2398493975: [test(389193066)] yyyouch(2461942798) -> ！jrrp
2023-09-05 17:44:53 V/Bot.2398493975: Group(389193066) <- 今日人品：吉
今日适宜役种：对对和
(为防止刷屏，一日内不可多次查询哦！)
2023-09-05 17:44:54 V/Bot.2398493975: [test(389193066)] yyyouch(2461942798) -> ！jrrp
2023-09-05 17:44:55 V/Bot.2398493975: Group(389193066) <- 今日人品：小吉
今日适宜役种：小三元
(为防止刷屏，一日内不可多次查询哦！)
2023-09-05 17:44:57 V/Bot.2398493975: [test(389193066)] yyyouch(2461942798) -> ！jrrp
2023-09-05 17:44:58 V/Bot.2398493975: Group(389193066) <- 今日人品：凶
今日适宜役种：平和
(为防止刷屏，一日内不可多次查询哦！)
2023-09-05 17:45:00 V/Bot.2398493975: [test(389193066)] yyyouch(2461942798) -> ！jrrp
2023-09-05 17:45:01 V/Bot.2398493975: Group(389193066) <- 今日人品：大凶
今日适宜役种：门前淸自摸和
(为防止刷屏，一日内不可多次查询哦！)
2023-09-05 17:45:02 V/Bot.2398493975: [test(389193066)] yyyouch(2461942798) -> ！jrrp
2023-09-05 17:45:03 V/Bot.2398493975: Group(389193066) <- 今日人品：凶
今日适宜役种：对对和
(为防止刷屏，一日内不可多次查询哦！)
2023-09-05 17:45:05 V/Bot.2398493975: [test(389193066)] yyyouch(2461942798) -> ！jrrp
2023-09-05 17:45:06 V/Bot.2398493975: Group(389193066) <- 今日人品：吉
今日适宜役种：混一色
(为防止刷屏，一日内不可多次查询哦！)
2023-09-05 17:45:08 V/Bot.2398493975: [test(389193066)] yyyouch(2461942798) -> ！jrrp
2023-09-05 17:45:09 V/Bot.2398493975: Group(389193066) <- 今日人品：凶
今日适宜役种：平和
(为防止刷屏，一日内不可多次查询哦！)
2023-09-05 17:45:10 V/Bot.2398493975: [test(389193066)] yyyouch(2461942798) -> ！jrrp
2023-09-05 17:45:11 V/Bot.2398493975: Group(389193066) <- 今日人品：大凶
今日适宜役种：一杯口
(为防止刷屏，一日内不可多次查询哦！)
2023-09-05 17:45:13 V/Bot.2398493975: [test(389193066)] yyyouch(2461942798) -> ！jrrp
2023-09-05 17:45:14 V/Bot.2398493975: Group(389193066) <- 今日人品：大凶
今日适宜役种：立直
(为防止刷屏，一日内不可多次查询哦！)
2023-09-05 17:45:15 V/Bot.2398493975: [test(389193066)] yyyouch(2461942798) -> ！jrrp
2023-09-05 17:45:16 V/Bot.2398493975: Group(389193066) <- 今日人品：吉
今日适宜役种：混一色
(为防止刷屏，一日内不可多次查询哦！)
2023-09-05 17:45:17 V/Bot.2398493975: [test(389193066)] yyyouch(2461942798) -> ！jrrp
2023-09-05 17:45:19 V/Bot.2398493975: Group(389193066) <- 今日人品：凶
今日适宜役种：一杯口
(为防止刷屏，一日内不可多次查询哦！)
2023-09-05 17:45:20 V/Bot.2398493975: [test(389193066)] yyyouch(2461942798) -> ！jrrp
2023-09-05 17:45:21 V/Bot.2398493975: Group(389193066) <- 今日人品：大吉
今日适宜役种：清一色
(为防止刷屏，一日内不可多次查询哦！)
2023-09-05 17:45:22 V/Bot.2398493975: [test(389193066)] yyyouch(2461942798) -> ！jrrp
2023-09-05 17:45:23 V/Bot.2398493975: Group(389193066) <- 今日人品：吉
今日适宜役种：一杯口
(为防止刷屏，一日内不可多次查询哦！)
2023-09-05 17:45:24 V/Bot.2398493975: [test(389193066)] yyyouch(2461942798) -> ！jrrp
2023-09-05 17:45:25 V/Bot.2398493975: Group(389193066) <- 今日人品：吉
今日适宜役种：一杯口
(为防止刷屏，一日内不可多次查询哦！)
2023-09-05 17:45:27 V/Bot.2398493975: [test(389193066)] yyyouch(2461942798) -> ！jrrp
2023-09-05 17:45:28 V/Bot.2398493975: Group(389193066) <- 今日人品：大凶
今日适宜役种：立直
(为防止刷屏，一日内不可多次查询哦！)
2023-09-05 17:45:29 V/Bot.2398493975: [test(389193066)] yyyouch(2461942798) -> ！jrrp
2023-09-05 17:45:30 V/Bot.2398493975: Group(389193066) <- 今日人品：凶
今日适宜役种：役牌
(为防止刷屏，一日内不可多次查询哦！)
2023-09-05 17:45:32 V/Bot.2398493975: [test(389193066)] yyyouch(2461942798) -> ！jrrp
2023-09-05 17:45:33 V/Bot.2398493975: Group(389193066) <- 今日人品：吉
今日适宜役种：立直
(为防止刷屏，一日内不可多次查询哦！)
2023-09-05 17:45:34 V/Bot.2398493975: [test(389193066)] yyyouch(2461942798) -> ！jrrp
2023-09-05 17:45:35 V/Bot.2398493975: Group(389193066) <- 今日人品：吉
今日适宜役种：断幺九
(为防止刷屏，一日内不可多次查询哦！)
2023-09-05 17:45:36 V/Bot.2398493975: [test(389193066)] yyyouch(2461942798) -> ！jrrp
2023-09-05 17:45:37 V/Bot.2398493975: Group(389193066) <- 今日人品：大吉
今日适宜役种：混老头
(为防止刷屏，一日内不可多次查询哦！)
2023-09-05 17:45:39 V/Bot.2398493975: [test(389193066)] yyyouch(2461942798) -> ！jrrp
2023-09-05 17:45:40 V/Bot.2398493975: Group(389193066) <- 今日人品：凶
今日适宜役种：平和
(为防止刷屏，一日内不可多次查询哦！)
2023-09-05 17:45:41 V/Bot.2398493975: [test(389193066)] yyyouch(2461942798) -> ！jrrp
2023-09-05 17:45:42 V/Bot.2398493975: Group(389193066) <- 今日人品：吉
今日适宜役种：断幺九
(为防止刷屏，一日内不可多次查询哦！)
2023-09-05 17:45:44 V/Bot.2398493975: [test(389193066)] yyyouch(2461942798) -> ！jrrp
2023-09-05 17:45:45 V/Bot.2398493975: Group(389193066) <- 今日人品：吉
今日适宜役种：断幺九
(为防止刷屏，一日内不可多次查询哦！)
2023-09-05 17:45:46 V/Bot.2398493975: [test(389193066)] yyyouch(2461942798) -> ！jrrp
2023-09-05 17:45:47 V/Bot.2398493975: Group(389193066) <- 今日人品：中吉
今日适宜役种：大三元
(为防止刷屏，一日内不可多次查询哦！)
2023-09-05 17:45:49 V/Bot.2398493975: [test(389193066)] yyyouch(2461942798) -> ！jrrp
2023-09-05 17:45:50 V/Bot.2398493975: Group(389193066) <- 今日人品：凶
今日适宜役种：平和
(为防止刷屏，一日内不可多次查询哦！)
2023-09-05 17:45:51 V/Bot.2398493975: [test(389193066)] yyyouch(2461942798) -> ！jrrp
2023-09-05 17:45:52 V/Bot.2398493975: Group(389193066) <- 今日人品：大吉
今日适宜役种：纯正九莲宝灯
(为防止刷屏，一日内不可多次查询哦！)
2023-09-05 17:45:54 V/Bot.2398493975: [test(389193066)] yyyouch(2461942798) -> ！jrrp
2023-09-05 17:45:56 V/Bot.2398493975: Group(389193066) <- 今日人品：吉
今日适宜役种：混一色
(为防止刷屏，一日内不可多次查询哦！)
2023-09-05 17:45:57 V/Bot.2398493975: [test(389193066)] yyyouch(2461942798) -> ！jrrp
2023-09-05 17:45:58 V/Bot.2398493975: Group(389193066) <- 今日人品：凶
今日适宜役种：断幺九
(为防止刷屏，一日内不可多次查询哦！)
2023-09-05 17:45:59 V/Bot.2398493975: [test(389193066)] yyyouch(2461942798) -> ！jrrp
2023-09-05 17:46:00 V/Bot.2398493975: Group(389193066) <- 今日人品：吉
今日适宜役种：三色同顺
(为防止刷屏，一日内不可多次查询哦！)
2023-09-05 17:46:02 V/Bot.2398493975: [test(389193066)] yyyouch(2461942798) -> ！jrrp
2023-09-05 17:46:03 V/Bot.2398493975: Group(389193066) <- 今日人品：吉
今日适宜役种：立直
(为防止刷屏，一日内不可多次查询哦！)
2023-09-05 17:46:04 V/Bot.2398493975: [test(389193066)] yyyouch(2461942798) -> ！jrrp
2023-09-05 17:46:05 V/Bot.2398493975: Group(389193066) <- 今日人品：小吉
今日适宜役种：流局满贯
(为防止刷屏，一日内不可多次查询哦！)
2023-09-05 17:46:07 V/Bot.2398493975: [test(389193066)] yyyouch(2461942798) -> ！jrrp
2023-09-05 17:46:08 V/Bot.2398493975: Group(389193066) <- 今日人品：吉
今日适宜役种：混一色
(为防止刷屏，一日内不可多次查询哦！)
2023-09-05 17:46:10 V/Bot.2398493975: [test(389193066)] yyyouch(2461942798) -> ！jrrp
2023-09-05 17:46:11 V/Bot.2398493975: Group(389193066) <- 今日人品：小吉
今日适宜役种：流局满贯
(为防止刷屏，一日内不可多次查询哦！)
2023-09-05 17:46:13 V/Bot.2398493975: [test(389193066)] yyyouch(2461942798) -> ！jrrp
2023-09-05 17:46:14 V/Bot.2398493975: Group(389193066) <- 今日人品：小吉
今日适宜役种：平和
(为防止刷屏，一日内不可多次查询哦！)
2023-09-05 17:46:16 V/Bot.2398493975: [test(389193066)] yyyouch(2461942798) -> ！jrrp
2023-09-05 17:46:17 V/Bot.2398493975: Group(389193066) <- 今日人品：吉
今日适宜役种：混全带幺九
(为防止刷屏，一日内不可多次查询哦！)
2023-09-05 17:46:20 V/Bot.2398493975: [test(389193066)] yyyouch(2461942798) -> ！jrrp
2023-09-05 17:46:22 V/Bot.2398493975: Group(389193066) <- 今日人品：吉
今日适宜役种：立直
(为防止刷屏，一日内不可多次查询哦！)
2023-09-05 17:46:23 V/Bot.2398493975: [test(389193066)] yyyouch(2461942798) -> ！jrrp
2023-09-05 17:46:24 V/Bot.2398493975: Group(389193066) <- 今日人品：小吉
今日适宜役种：对对和
(为防止刷屏，一日内不可多次查询哦！)
2023-09-05 17:46:26 V/Bot.2398493975: [test(389193066)] yyyouch(2461942798) -> ！jrrp
2023-09-05 17:46:27 V/Bot.2398493975: Group(389193066) <- 今日人品：小吉
今日适宜役种：纯全带幺九
(为防止刷屏，一日内不可多次查询哦！)
2023-09-05 17:46:28 V/Bot.2398493975: [test(389193066)] yyyouch(2461942798) -> ！jrrp
2023-09-05 17:46:29 V/Bot.2398493975: Group(389193066) <- 今日人品：吉
今日适宜役种：一杯口
(为防止刷屏，一日内不可多次查询哦！)
2023-09-05 17:46:30 V/Bot.2398493975: [test(389193066)] yyyouch(2461942798) -> ！jrrp
2023-09-05 17:46:32 V/Bot.2398493975: Group(389193066) <- 今日人品：吉
今日适宜役种：混全带幺九
(为防止刷屏，一日内不可多次查询哦！)
2023-09-05 17:46:33 V/Bot.2398493975: [test(389193066)] yyyouch(2461942798) -> ！jrrp
2023-09-05 17:46:34 V/Bot.2398493975: Group(389193066) <- 今日人品：中吉
今日适宜役种：门前淸自摸和
(为防止刷屏，一日内不可多次查询哦！)
2023-09-05 17:46:35 V/Bot.2398493975: [test(389193066)] yyyouch(2461942798) -> ！jrrp
2023-09-05 17:46:36 V/Bot.2398493975: Group(389193066) <- 今日人品：大凶
今日适宜役种：门前淸自摸和
(为防止刷屏，一日内不可多次查询哦！)
2023-09-05 17:46:38 V/Bot.2398493975: [test(389193066)] yyyouch(2461942798) -> ！jrrp
2023-09-05 17:46:39 V/Bot.2398493975: Group(389193066) <- 今日人品：小吉
今日适宜役种：役牌
(为防止刷屏，一日内不可多次查询哦！)
2023-09-05 17:46:40 V/Bot.2398493975: [test(389193066)] yyyouch(2461942798) -> ！jrrp
2023-09-05 17:46:41 V/Bot.2398493975: Group(389193066) <- 今日人品：大吉
今日适宜役种：流局满贯
(为防止刷屏，一日内不可多次查询哦！)
2023-09-05 17:46:43 V/Bot.2398493975: [test(389193066)] yyyouch(2461942798) -> ！jrrp
2023-09-05 17:46:44 V/Bot.2398493975: Group(389193066) <- 今日人品：中吉
今日适宜役种：一气通贯
(为防止刷屏，一日内不可多次查询哦！)
2023-09-05 17:46:45 V/Bot.2398493975: [test(389193066)] yyyouch(2461942798) -> ！jrrp
2023-09-05 17:46:46 V/Bot.2398493975: Group(389193066) <- 今日人品：大吉
今日适宜役种：三杠子
(为防止刷屏，一日内不可多次查询哦！)
2023-09-05 17:46:48 V/Bot.2398493975: [test(389193066)] yyyouch(2461942798) -> ！jrrp
2023-09-05 17:46:49 V/Bot.2398493975: Group(389193066) <- 今日人品：小吉
今日适宜役种：纯全带幺九
(为防止刷屏，一日内不可多次查询哦！)
2023-09-05 17:46:50 V/Bot.2398493975: [test(389193066)] yyyouch(2461942798) -> ！jrrp
2023-09-05 17:46:51 V/Bot.2398493975: Group(389193066) <- 今日人品：中吉
今日适宜役种：四暗刻
(为防止刷屏，一日内不可多次查询哦！)
2023-09-05 17:46:53 V/Bot.2398493975: [test(389193066)] yyyouch(2461942798) -> ！jrrp
2023-09-05 17:46:54 V/Bot.2398493975: Group(389193066) <- 今日人品：小吉
今日适宜役种：役牌
(为防止刷屏，一日内不可多次查询哦！)
2023-09-05 17:46:56 V/Bot.2398493975: [test(389193066)] yyyouch(2461942798) -> ！jrrp
2023-09-05 17:46:57 V/Bot.2398493975: Group(389193066) <- 今日人品：大凶
今日适宜役种：一杯口
(为防止刷屏，一日内不可多次查询哦！)
2023-09-05 17:46:58 V/Bot.2398493975: [test(389193066)] yyyouch(2461942798) -> ！jrrp
2023-09-05 17:47:00 V/Bot.2398493975: Group(389193066) <- 今日人品：中吉
今日适宜役种：四暗刻单骑
(为防止刷屏，一日内不可多次查询哦！)
2023-09-05 17:47:01 V/Bot.2398493975: [test(389193066)] yyyouch(2461942798) -> ！jrrp
2023-09-05 17:47:02 V/Bot.2398493975: Group(389193066) <- 今日人品：凶
今日适宜役种：役牌
(为防止刷屏，一日内不可多次查询哦！)
2023-09-05 17:47:04 V/Bot.2398493975: [test(389193066)] yyyouch(2461942798) -> ！jrrp
2023-09-05 17:47:05 V/Bot.2398493975: Group(389193066) <- 今日人品：凶
今日适宜役种：立直
(为防止刷屏，一日内不可多次查询哦！)
2023-09-05 17:47:06 V/Bot.2398493975: [test(389193066)] yyyouch(2461942798) -> ！jrrp
2023-09-05 17:47:07 V/Bot.2398493975: Group(389193066) <- 今日人品：小吉
今日适宜役种：平和
(为防止刷屏，一日内不可多次查询哦！)
2023-09-05 17:47:09 V/Bot.2398493975: [test(389193066)] yyyouch(2461942798) -> ！jrrp
2023-09-05 17:47:10 V/Bot.2398493975: Group(389193066) <- 今日人品：小吉
今日适宜役种：三暗刻
(为防止刷屏，一日内不可多次查询哦！)
2023-09-05 17:47:11 V/Bot.2398493975: [test(389193066)] yyyouch(2461942798) -> ！jrrp
2023-09-05 17:47:12 V/Bot.2398493975: Group(389193066) <- 今日人品：大凶
今日适宜役种：对对和
(为防止刷屏，一日内不可多次查询哦！)
2023-09-05 17:47:14 V/Bot.2398493975: [test(389193066)] yyyouch(2461942798) -> ！jrrp
2023-09-05 17:47:15 V/Bot.2398493975: Group(389193066) <- 今日人品：吉
今日适宜役种：门前淸自摸和
(为防止刷屏，一日内不可多次查询哦！)
2023-09-05 17:47:16 V/Bot.2398493975: [test(389193066)] yyyouch(2461942798) -> ！jrrp
2023-09-05 17:47:17 V/Bot.2398493975: Group(389193066) <- 今日人品：吉
今日适宜役种：门前淸自摸和
(为防止刷屏，一日内不可多次查询哦！)
2023-09-05 17:47:19 V/Bot.2398493975: [test(389193066)] yyyouch(2461942798) -> ！jrrp
2023-09-05 17:47:20 V/Bot.2398493975: Group(389193066) <- 今日人品：中吉
今日适宜役种：国士无双
(为防止刷屏，一日内不可多次查询哦！)
2023-09-05 17:47:21 V/Bot.2398493975: [test(389193066)] yyyouch(2461942798) -> ！jrrp
2023-09-05 17:47:22 V/Bot.2398493975: Group(389193066) <- 今日人品：中吉
今日适宜役种：平和
(为防止刷屏，一日内不可多次查询哦！)
2023-09-05 17:47:24 V/Bot.2398493975: [test(389193066)] yyyouch(2461942798) -> ！jrrp
2023-09-05 17:47:25 V/Bot.2398493975: Group(389193066) <- 今日人品：凶
今日适宜役种：对对和
(为防止刷屏，一日内不可多次查询哦！)
2023-09-05 17:47:26 V/Bot.2398493975: [test(389193066)] yyyouch(2461942798) -> ！jrrp
2023-09-05 17:47:27 V/Bot.2398493975: Group(389193066) <- 今日人品：小吉
今日适宜役种：七对子
(为防止刷屏，一日内不可多次查询哦！)
2023-09-05 17:48:26 V/Bot.2398493975: [test(389193066)] 时雨(1609323331) -> [mirai:quote:[mirai:source:ids=[38051], internalIds=[2123063954], from 2461942798 to 389193066 at 1693906917], content=<not yet initialized>][mirai:at:2461942798] 好耶
2023-09-05 17:48:39 V/Bot.2398493975: [test(389193066)] yyyouch(2461942798) -> ！查查我的
2023-09-05 17:48:40 V/Bot.2398493975: Group(389193066) <- 昵称：yyyouch
段位：新人
rate：1358.15
近期顺位：44444
更多数据请访问：http://shanghaitech-mahjong.top/userid/2461942798
2023-09-05 17:48:42 V/Bot.2398493975: [test(389193066)] yyyouch(2461942798) -> 你试试
2023-09-05 17:55:26 V/Bot.2398493975: [獭獭云旅游军团@🎤啥(887156367)] Freeze_Kirin(768173212) -> 我超好爽，虽然看pv的时候猜了一下，但没想到真要抢银行啊
2023-09-05 17:58:03 I/UnidbgFetchQsign: Bot(2398493975) request_token, submit success
2023-09-05 18:13:15 V/Bot.2398493975: [SHT荔枝麻酱协会(493057481)] naf2021(3469392519) -> oh！[mirai:image:{F289DE5F-BFE2-7D68-BD70-270F21300C04}.jpg, width=1920, height=886, size=155102, type=JPG, isEmoji=false]
2023-09-05 18:14:00 V/Bot.2398493975: [SHT荔枝麻酱协会(493057481)] naf2021(3469392519) -> 不枉我花25许愿石换了个紫礼物换单抽卷抽的
2023-09-05 18:14:05 V/Bot.2398493975: [SHT荔枝麻酱协会(493057481)] naf2021(3469392519) -> [mirai:image:{13BE91E7-DD4F-4E80-8FC3-B74A532389C3}.jpg, width=300, height=300, size=8441, type=JPG, isEmoji=true]
2023-09-05 18:14:26 V/Bot.2398493975: [SHT荔枝麻酱协会(493057481)] 殒落凡尘的星(2510816477) -> 为什么我只能抽到礼物
2023-09-05 18:15:49 V/Bot.2398493975: [SHT荔枝麻酱协会(493057481)] 殒落凡尘的星(2510816477) -> 能抽到一个立直棒该多好啊
2023-09-05 18:18:51 V/Bot.2398493975: [獭獭云旅游军团@🎤啥(887156367)] タタ@獭獭·ω·咖波●ω●军团(1609323331) -> [mirai:image:{8BF34B10-19C1-4195-5866-6DDB73A903D8}.png, width=249, height=188, size=54265, type=GIF, isEmoji=true]
2023-09-05 18:20:11 V/Bot.2398493975: [獭獭云旅游军团@🎤啥(887156367)] 獭獭买锤子大臣@被獭獭军团开除(963423936) -> [mirai:image:{40B62462-2C93-DC33-8327-61CCF6AD9521}.png, width=1040, height=438, size=568495, type=PNG, isEmoji=false]
2023-09-05 18:20:16 V/Bot.2398493975: [獭獭云旅游军团@🎤啥(887156367)] 獭獭买锤子大臣@被獭獭军团开除(963423936) -> 草
2023-09-05 18:20:24 V/Bot.2398493975: [獭獭云旅游军团@🎤啥(887156367)] zz@獺獺軍団(771507043) -> ？
2023-09-05 18:20:38 V/Bot.2398493975: [獭獭云旅游军团@🎤啥(887156367)] zz@獺獺軍団(771507043) -> 这不是常见词吗
2023-09-05 18:21:32 V/Bot.2398493975: [獭獭云旅游军团@🎤啥(887156367)] 獭獭买锤子大臣@被獭獭军团开除(963423936) -> ?
2023-09-05 18:21:38 V/Bot.2398493975: [獭獭云旅游军团@🎤啥(887156367)] 獭獭买锤子大臣@被獭獭军团开除(963423936) -> 想看zz共享屏幕玩这个
2023-09-05 18:21:42 V/Bot.2398493975: [獭獭云旅游军团@🎤啥(887156367)] 獭獭买锤子大臣@被獭獭军团开除(963423936) -> https://plicy.net/GamePlay/155561
2023-09-05 18:21:59 V/Bot.2398493975: [獭獭云旅游军团@🎤啥(887156367)] 哭哭Kirin@被獭獭军团开除两次(472247053) -> [mirai:image:{8BF34B10-19C1-4195-5866-6DDB73A903D8}.png, width=249, height=188, size=54265, type=GIF, isEmoji=false]
2023-09-05 18:22:32 V/Bot.2398493975: [獭獭云旅游军团@🎤啥(887156367)] zz@獺獺軍団(771507043) -> maria：b限推到下周了，到时候b站会发公告的，你们到时候……呃……看着
2023-09-05 18:24:56 V/Bot.2398493975: [獭獭云旅游军团@🎤啥(887156367)] 獭獭买锤子大臣@被獭獭军团开除(963423936) -> [mirai:image:{A54CCC68-8570-ACCB-A39E-1E8D7AB7813F}.png, width=1648, height=829, size=1206184, type=PNG, isEmoji=false]
2023-09-05 18:24:58 V/Bot.2398493975: [獭獭云旅游军团@🎤啥(887156367)] 獭獭买锤子大臣@被獭獭军团开除(963423936) -> 我摆烂了
2023-09-05 18:25:00 V/Bot.2398493975: [獭獭云旅游军团@🎤啥(887156367)] 獭獭买锤子大臣@被獭獭军团开除(963423936) -> 什么几把玩意
2023-09-05 18:28:06 V/Bot.2398493975: [獭獭云旅游军团@🎤啥(887156367)] zz@獺獺軍団(771507043) -> 我用mac打每次会自己变换，还得选回平假名
2023-09-05 18:28:14 V/Bot.2398493975: [獭獭云旅游军团@🎤啥(887156367)] 獭獭买锤子大臣@被獭獭军团开除(963423936) -> 狗屎
2023-09-05 18:28:20 V/Bot.2398493975: [獭獭云旅游军团@🎤啥(887156367)] 獭獭买锤子大臣@被獭獭军团开除(963423936) -> 全是音读
2023-09-05 18:30:57 V/Bot.2398493975: [SHT荔枝麻酱协会(493057481)] MEOW@獭獭bot(1609323331) -> [mirai:image:{474751E3-E9E5-483E-C37E-C0F729C4D05A}.png, width=300, height=292, size=12702, type=JPG, isEmoji=true]
2023-09-05 18:31:31 V/Bot.2398493975: [SHT荔枝麻酱协会(493057481)] 1st(576851388) -> ！jrrp
2023-09-05 18:31:33 V/Bot.2398493975: Group(493057481) <- 今日人品：大凶
今日适宜役种：今日不宜打麻将~
(为防止刷屏，一日内不可多次查询哦！)
2023-09-05 18:31:41 V/Bot.2398493975: [SHT荔枝麻酱协会(493057481)] 1st(576851388) -> ？
2023-09-05 18:35:48 V/Bot.2398493975: [SHT荔枝麻酱协会(493057481)] 布莱克提(690875992) -> 今日人品：大凶
今日适宜役种：今日不宜打麻将~
(为防止刷屏，一日内不可多次查询哦！)
2023-09-05 18:36:40 V/Bot.2398493975: [SHT荔枝麻酱协会(493057481)] Twilight(1014197424) -> 今日人品：大凶
今日适宜役种：今日不宜打麻将~
(为防止刷屏，一日内不可多次查询哦！)
2023-09-05 18:37:18 V/Bot.2398493975: [獭獭云旅游军团@🎤啥(887156367)] 獭獭买锤子大臣@被獭獭军团开除(963423936) -> [mirai:image:{E54BC7D2-8BCA-1BF9-6324-6B7B2066C84B}.png, width=1884, height=314, size=432322, type=PNG, isEmoji=false]
2023-09-05 18:38:04 I/UnidbgFetchQsign: Bot(2398493975) request_token, submit success
2023-09-05 18:38:08 V/Bot.2398493975: [獭獭云旅游军团@🎤啥(887156367)] 獭獭买锤子大臣@被獭獭军团开除(963423936) -> [mirai:image:{EA8032B4-7CE6-9D97-68E2-D930D11D0F47}.png, width=2059, height=287, size=403967, type=PNG, isEmoji=false]
2023-09-05 18:39:06 V/Bot.2398493975: [獭獭云旅游军团@🎤啥(887156367)] タタ@獭獭·ω·咖波●ω●军团(1609323331) -> [mirai:image:{8AFCF605-FDCE-9015-3438-526A21D02EF5}.png, width=300, height=192, size=8379, type=JPG, isEmoji=true]
2023-09-05 18:41:19 V/Bot.2398493975: [獭獭云旅游军团@🎤啥(887156367)] zz@獺獺軍団(771507043) -> 一个字一个字读捏
2023-09-05 18:44:30 V/Bot.2398493975: [獭獭云旅游军团@🎤啥(887156367)] 獭獭买锤子大臣@被獭獭军团开除(963423936) -> 1级太简单
2023-09-05 18:44:32 V/Bot.2398493975: [獭獭云旅游军团@🎤啥(887156367)] 獭獭买锤子大臣@被獭獭军团开除(963423936) -> 2级太难
2023-09-05 18:44:33 V/Bot.2398493975: [獭獭云旅游军团@🎤啥(887156367)] 獭獭买锤子大臣@被獭獭军团开除(963423936) -> （
2023-09-05 18:47:19 V/Bot.2398493975: [獭獭云旅游军团@🎤啥(887156367)] 獭獭买锤子大臣@被獭獭军团开除(963423936) -> [mirai:image:{42C30B79-0ACB-3F1F-1308-FD4F96AB4F2E}.png, width=2064, height=437, size=885012, type=PNG, isEmoji=false]
2023-09-05 18:48:45 V/Bot.2398493975: [獭獭云旅游军团@🎤啥(887156367)] 獭獭买锤子大臣@被獭獭军团开除(963423936) -> [mirai:image:{29702029-07A6-0393-3DDA-4F285526FD84}.png, width=2317, height=822, size=1539617, type=PNG, isEmoji=false]
2023-09-05 18:48:45 V/Bot.2398493975: [獭獭云旅游军团@🎤啥(887156367)] 獭獭买锤子大臣@被獭獭军团开除(963423936) -> 摆烂了
2023-09-05 18:48:47 V/Bot.2398493975: [獭獭云旅游军团@🎤啥(887156367)] 獭獭买锤子大臣@被獭獭军团开除(963423936) -> 这啥啊
2023-09-05 18:48:58 V/Bot.2398493975: [獭獭云旅游军团@🎤啥(887156367)] 獭獭买锤子大臣@被獭獭军团开除(963423936) -> [mirai:image:{5D9DC689-3AF2-6603-FEC9-7E38B1883157}.png, width=1647, height=341, size=483259, type=PNG, isEmoji=false]
2023-09-05 18:49:10 V/Bot.2398493975: [獭獭云旅游军团@🎤啥(887156367)] zz@獺獺軍団(771507043) -> [mirai:quote:[mirai:source:ids=[67438], internalIds=[1274393689], from 771507043 to 887156367 at 1693910479], content=<not yet initialized>] 
2023-09-05 18:50:21 V/Bot.2398493975: [獭獭云旅游军团@🎤啥(887156367)] 獭獭买锤子大臣@被獭獭军团开除(963423936) -> [mirai:image:{C5EC91F2-E814-52AA-5469-D1DCE4776A28}.png, width=2076, height=484, size=965436, type=PNG, isEmoji=false]
2023-09-05 18:50:21 V/Bot.2398493975: [獭獭云旅游军团@🎤啥(887156367)] 獭獭买锤子大臣@被獭獭军团开除(963423936) -> 草
2023-09-05 18:50:30 V/Bot.2398493975: [獭獭云旅游军团@🎤啥(887156367)] 獭獭买锤子大臣@被獭獭军团开除(963423936) -> 原来水母的汉字是海月
2023-09-05 18:50:31 V/Bot.2398493975: [獭獭云旅游军团@🎤啥(887156367)] 獭獭买锤子大臣@被獭獭军团开除(963423936) -> 学到了
2023-09-05 18:50:46 V/Bot.2398493975: [獭獭云旅游军团@🎤啥(887156367)] 獭獭买锤子大臣@被獭獭军团开除(963423936) -> [mirai:image:{FB9C65FB-5685-1B12-1B13-836B38246164}.gif, width=292, height=205, size=61102, type=GIF, isEmoji=true]
2023-09-05 18:50:48 V/Bot.2398493975: [獭獭云旅游军团@🎤啥(887156367)] 獭獭买锤子大臣@被獭獭军团开除(963423936) -> 好难啊
2023-09-05 18:50:53 V/Bot.2398493975: [獭獭云旅游军团@🎤啥(887156367)] 獭獭买锤子大臣@被獭獭军团开除(963423936) -> 感觉打爆这个游戏就随便考N1了
2023-09-05 18:51:50 V/Bot.2398493975: [獭獭云旅游军团@🎤啥(887156367)] zz@獺獺軍団(771507043) -> [mirai:quote:[mirai:source:ids=[67450], internalIds=[1985226806], from 963423936 to 887156367 at 1693911030], content=<not yet initialized>][mirai:at:963423936] ？
2023-09-05 18:52:19 V/Bot.2398493975: [獭獭云旅游军团@🎤啥(887156367)] zz@獺獺軍団(771507043) -> n1不需要打爆这个游戏捏
2023-09-05 18:52:29 V/Bot.2398493975: [獭獭云旅游军团@🎤啥(887156367)] 獭獭买锤子大臣@被獭獭军团开除(963423936) -> ？
2023-09-05 18:52:30 V/Bot.2398493975: [獭獭云旅游军团@🎤啥(887156367)] 獭獭买锤子大臣@被獭獭军团开除(963423936) -> [mirai:image:{D70A74C1-2618-1548-2AF6-5EF9BAB17C53}.png, width=2084, height=714, size=1260086, type=PNG, isEmoji=false]
2023-09-05 18:52:32 V/Bot.2398493975: [獭獭云旅游军团@🎤啥(887156367)] 獭獭买锤子大臣@被獭獭军团开除(963423936) -> what is this
2023-09-05 18:52:35 V/Bot.2398493975: [獭獭云旅游军团@🎤啥(887156367)] 獭獭买锤子大臣@被獭獭军团开除(963423936) -> 摆烂了
2023-09-05 18:53:06 V/Bot.2398493975: [獭獭云旅游军团@🎤啥(887156367)] zz@獺獺軍団(771507043) -> 11到15太难了
2023-09-05 18:55:37 V/Bot.2398493975: [獭獭云旅游军团@🎤啥(887156367)] タタ@獭獭·ω·咖波●ω●军团(1609323331) -> [mirai:image:{6454F290-01A8-E609-D289-D8734D746DA2}.png, width=456, height=339, size=817548, type=GIF, isEmoji=true]
2023-09-05 18:55:58 V/Bot.2398493975: [獭獭云旅游军团@🎤啥(887156367)] lax@牛牛道心破碎军团(269418386) -> [mirai:image:{C5179D63-9128-5A09-AC7B-554916012B5D}.jpg, width=2340, height=1080, size=1574637, type=JPG, isEmoji=false]
2023-09-05 18:56:09 V/Bot.2398493975: [獭獭云旅游军团@🎤啥(887156367)] lax@牛牛道心破碎军团(269418386) -> 还是简单的好
2023-09-05 18:56:23 V/Bot.2398493975: [獭獭云旅游军团@🎤啥(887156367)] タタ@獭獭·ω·咖波●ω●军团(1609323331) -> 小黄瓜
2023-09-05 18:56:26 V/Bot.2398493975: [獭獭云旅游军团@🎤啥(887156367)] タタ@獭獭·ω·咖波●ω●军团(1609323331) -> [mirai:image:{A3C56810-0293-8086-658D-531E0E0B1790}.png, width=512, height=512, size=129498, type=GIF, isEmoji=true]
2023-09-05 18:57:42 V/Bot.2398493975: [獭獭云旅游军团@🎤啥(887156367)] 獭獭买锤子大臣@被獭獭军团开除(963423936) -> [mirai:image:{57082194-35CC-8636-D0D7-582BB0E6247A}.png, width=1906, height=421, size=907294, type=PNG, isEmoji=false]
2023-09-05 18:57:44 V/Bot.2398493975: [獭獭云旅游军团@🎤啥(887156367)] 獭獭买锤子大臣@被獭獭军团开除(963423936) -> [mirai:image:{C2B9835A-B426-00E2-F859-124D34935BF1}.gif, width=304, height=240, size=29087, type=GIF, isEmoji=true]
2023-09-05 18:57:55 V/Bot.2398493975: [獭獭云旅游军团@🎤啥(887156367)] 獭獭买锤子大臣@被獭獭军团开除(963423936) -> 玖馬
2023-09-05 18:58:05 V/Bot.2398493975: [獭獭云旅游军团@🎤啥(887156367)] zz@獺獺軍団(771507043) -> 古巴
2023-09-05 18:58:22 V/Bot.2398493975: [獭獭云旅游军团@🎤啥(887156367)] タタ@獭獭·ω·咖波●ω●军团(1609323331) -> 呱呱
2023-09-05 19:00:14 V/Bot.2398493975: [獭獭云旅游军团@🎤啥(887156367)] 獭獭买锤子大臣@被獭獭军团开除(963423936) -> [mirai:image:{F9CA39E1-4632-7DDE-6665-6DF804731B79}.png, width=587, height=446, size=124752, type=PNG, isEmoji=false]
2023-09-05 19:00:15 V/Bot.2398493975: [獭獭云旅游军团@🎤啥(887156367)] 獭獭买锤子大臣@被獭獭军团开除(963423936) -> ？
2023-09-05 19:00:17 V/Bot.2398493975: [獭獭云旅游军团@🎤啥(887156367)] 獭獭买锤子大臣@被獭獭军团开除(963423936) -> にまで
2023-09-05 19:00:19 V/Bot.2398493975: [獭獭云旅游军团@🎤啥(887156367)] 獭獭买锤子大臣@被獭獭军团开除(963423936) -> にままで
2023-09-05 19:00:33 V/Bot.2398493975: [獭獭云旅游军团@🎤啥(887156367)] 獭獭买锤子大臣@被獭獭军团开除(963423936) -> [mirai:image:{14808597-09F9-A4F1-ECAB-99E6D542AF79}.png, width=1645, height=325, size=443422, type=PNG, isEmoji=false]
2023-09-05 19:00:33 V/Bot.2398493975: [獭獭云旅游军团@🎤啥(887156367)] zz@獺獺軍団(771507043) -> 20捏
2023-09-05 19:00:33 V/Bot.2398493975: [獭獭云旅游军团@🎤啥(887156367)] タタ@獭獭·ω·咖波●ω●军团(1609323331) -> 尼玛跌
2023-09-05 19:00:36 V/Bot.2398493975: [獭獭云旅游军团@🎤啥(887156367)] 獭獭买锤子大臣@被獭獭军团开除(963423936) ->  操
2023-09-05 19:00:38 V/Bot.2398493975: [獭獭云旅游军团@🎤啥(887156367)] 獭獭买锤子大臣@被獭獭军团开除(963423936) -> 我知道是20
2023-09-05 19:00:41 V/Bot.2398493975: [獭獭云旅游军团@🎤啥(887156367)] 獭獭买锤子大臣@被獭獭军团开除(963423936) -> 廿
2023-09-05 19:00:48 V/Bot.2398493975: [獭獭云旅游军团@🎤啥(887156367)] 獭獭买锤子大臣@被獭獭军团开除(963423936) -> 但我不知道就念二十
2023-09-05 19:00:51 V/Bot.2398493975: [獭獭云旅游军团@🎤啥(887156367)] 獭獭买锤子大臣@被獭獭军团开除(963423936) -> 日本人，你妈的
2023-09-05 19:00:51 V/Bot.2398493975: [獭獭云旅游军团@🎤啥(887156367)] zz@獺獺軍団(771507043) -> 我连它中文怎么读都不知道
2023-09-05 19:00:56 V/Bot.2398493975: [獭獭云旅游军团@🎤啥(887156367)] 獭獭买锤子大臣@被獭獭军团开除(963423936) -> nian
2023-09-05 19:00:58 V/Bot.2398493975: [獭獭云旅游军团@🎤啥(887156367)] 獭獭买锤子大臣@被獭獭军团开除(963423936) -> 四声吧
2023-09-05 19:00:59 V/Bot.2398493975: [獭獭云旅游军团@🎤啥(887156367)] 獭獭买锤子大臣@被獭獭军团开除(963423936) -> 廿
2023-09-05 19:01:17 V/Bot.2398493975: [獭獭云旅游军团@🎤啥(887156367)] 獭獭买锤子大臣@被獭獭军团开除(963423936) -> [mirai:image:{734BA241-2A14-A809-AE85-81C194116A6D}.png, width=844, height=432, size=303268, type=PNG, isEmoji=false]
2023-09-05 19:01:26 V/Bot.2398493975: [獭獭云旅游军团@🎤啥(887156367)] タタ@獭獭·ω·咖波●ω●军团(1609323331) -> [mirai:image:{9D8FB485-11CD-6D8D-8FAA-3AA25F89407F}.png, width=1125, height=2436, size=1112370, type=PNG, isEmoji=false]
2023-09-05 19:01:29 V/Bot.2398493975: [獭獭云旅游军团@🎤啥(887156367)] タタ@獭獭·ω·咖波●ω●军团(1609323331) -> [mirai:image:{717DB49B-8408-DA02-363B-BEE76B32679A}.png, width=480, height=360, size=145759, type=GIF, isEmoji=true]
2023-09-05 19:01:30 V/Bot.2398493975: [獭獭云旅游军团@🎤啥(887156367)] 獭獭买锤子大臣@被獭獭军团开除(963423936) -> [mirai:image:{B907126D-BD2A-8D15-739F-09A876E88133}.png, width=1121, height=914, size=857832, type=PNG, isEmoji=false]
2023-09-05 19:01:35 V/Bot.2398493975: [獭獭云旅游军团@🎤啥(887156367)] 獭獭买锤子大臣@被獭獭军团开除(963423936) -> 摆烂了
2023-09-05 19:01:39 V/Bot.2398493975: [獭獭云旅游军团@🎤啥(887156367)] zz@獺獺軍団(771507043) -> siori是书签
2023-09-05 19:01:41 V/Bot.2398493975: [獭獭云旅游军团@🎤啥(887156367)] 獭獭买锤子大臣@被獭獭军团开除(963423936) -> 我只知道こおり
2023-09-05 19:01:41 V/Bot.2398493975: [獭獭云旅游军团@🎤啥(887156367)] zz@獺獺軍団(771507043) -> turara
2023-09-05 19:01:57 V/Bot.2398493975: [獭獭云旅游军团@🎤啥(887156367)] タタ@獭獭·ω·咖波●ω●军团(1609323331) -> [mirai:quote:[mirai:source:ids=[67488], internalIds=[-74638454], from 963423936 to 887156367 at 1693911676], content=<not yet initialized>][mirai:at:963423936] 这个咋了
2023-09-05 19:01:57 V/Bot.2398493975: [獭獭云旅游军团@🎤啥(887156367)] 獭獭买锤子大臣@被獭獭军团开除(963423936) -> [mirai:image:{324BFB53-FA80-53C9-37B9-AD4CD7B3C147}.gif, width=280, height=260, size=30126, type=GIF, isEmoji=true]
2023-09-05 19:01:59 V/Bot.2398493975: [獭獭云旅游军团@🎤啥(887156367)] 獭獭买锤子大臣@被獭獭军团开除(963423936) -> 你妈的
2023-09-05 19:02:04 V/Bot.2398493975: [獭獭云旅游军团@🎤啥(887156367)] 獭獭买锤子大臣@被獭獭军团开除(963423936) -> [mirai:quote:[mirai:source:ids=[67497], internalIds=[1957632442], from 1609323331 to 887156367 at 1693911717], content=<not yet initialized>][mirai:at:1609323331] 不会建议自鲨(
2023-09-05 19:02:13 V/Bot.2398493975: [獭獭云旅游军团@🎤啥(887156367)] 獭獭买锤子大臣@被獭獭军团开除(963423936) -> 为毛训读
2023-09-05 19:02:17 V/Bot.2398493975: [獭獭云旅游军团@🎤啥(887156367)] 獭獭买锤子大臣@被獭獭军团开除(963423936) -> 还有多音字
2023-09-05 19:02:19 V/Bot.2398493975: [獭獭云旅游军团@🎤啥(887156367)] 獭獭买锤子大臣@被獭獭军团开除(963423936) -> 日本人你够了
2023-09-05 19:02:22 V/Bot.2398493975: [獭獭云旅游军团@🎤啥(887156367)] タタ@獭獭·ω·咖波●ω●军团(1609323331) -> shiori不是是个人都会
2023-09-05 19:02:39 V/Bot.2398493975: [獭獭云旅游军团@🎤啥(887156367)] 獭獭买锤子大臣@被獭獭军团开除(963423936) -> 这下要记音读（汉音 吴音）训读 还有多音字
2023-09-05 19:02:41 V/Bot.2398493975: [獭獭云旅游军团@🎤啥(887156367)] 獭獭买锤子大臣@被獭獭军团开除(963423936) -> 谁记得抓
2023-09-05 19:02:44 V/Bot.2398493975: Event: GroupRecall(bot=Bot(2398493975), authorId=963423936, messageIds=[67505], messageInternalIds=[1689831400], messageTime=1693911761, operator=NormalMember(963423936), group=Group(887156367), author=NormalMember(963423936))
2023-09-05 19:02:47 V/Bot.2398493975: [獭獭云旅游军团@🎤啥(887156367)] 獭獭买锤子大臣@被獭獭军团开除(963423936) -> 谁背的下来啊
2023-09-05 19:02:50 V/Bot.2398493975: [獭獭云旅游军团@🎤啥(887156367)] 獭獭买锤子大臣@被獭獭军团开除(963423936) -> 难怪都片假名去了
2023-09-05 19:02:58 V/Bot.2398493975: [獭獭云旅游军团@🎤啥(887156367)] 獭獭买锤子大臣@被獭獭军团开除(963423936) -> 虽然长点丑点，总不会不会念（
2023-09-05 19:03:21 V/Bot.2398493975: [獭獭云旅游军团@🎤啥(887156367)] タタ@獭獭·ω·咖波●ω●军团(1609323331) -> 獭獭是
2023-09-05 19:03:34 V/Bot.2398493975: [獭獭云旅游军团@🎤啥(887156367)] タタ@獭獭·ω·咖波●ω●军团(1609323331) -> 现在很难找到的
2023-09-05 19:03:39 V/Bot.2398493975: [獭獭云旅游军团@🎤啥(887156367)] タタ@獭獭·ω·咖波●ω●军团(1609323331) -> 终焉ノ栞厨
2023-09-05 19:03:54 V/Bot.2398493975: [獭獭云旅游军团@🎤啥(887156367)] zz@獺獺軍団(771507043) -> [mirai:quote:[mirai:source:ids=[67509], internalIds=[1274331126], from 1609323331 to 887156367 at 1693911801], content=<not yet initialized>]かわうそかわうそぜ
2023-09-05 19:04:15 V/Bot.2398493975: Event: GroupRecall(bot=Bot(2398493975), authorId=771507043, messageIds=[67512], messageInternalIds=[399748129], messageTime=1693911834, operator=NormalMember(771507043), group=Group(887156367), author=NormalMember(771507043))
2023-09-05 19:05:03 V/Bot.2398493975: [獭獭云旅游军团@🎤啥(887156367)] zz@獺獺軍団(771507043) -> 说起栞，楠栞桜复活了
2023-09-05 19:07:41 V/Bot.2398493975: [獭獭云旅游军团@🎤啥(887156367)] 獭獭买锤子大臣@被獭獭军团开除(963423936) -> ？
2023-09-05 19:07:41 V/Bot.2398493975: [獭獭云旅游军团@🎤啥(887156367)] 獭獭买锤子大臣@被獭獭军团开除(963423936) -> [mirai:image:{2ECF3E8F-5973-0F32-5D00-B5D093EC7EC7}.png, width=629, height=607, size=359284, type=PNG, isEmoji=false]
2023-09-05 19:07:47 V/Bot.2398493975: [獭獭云旅游军团@🎤啥(887156367)] hzc@獭獭軍団二度受(2384102753) -> 恋乃夜舞没了吗
2023-09-05 19:08:09 V/Bot.2398493975: [獭獭云旅游军团@🎤啥(887156367)] 獭獭买锤子大臣@被獭獭军团开除(963423936) -> [mirai:image:{324BFB53-FA80-53C9-37B9-AD4CD7B3C147}.gif, width=280, height=260, size=30126, type=GIF, isEmoji=true]
2023-09-05 19:08:11 V/Bot.2398493975: [獭獭云旅游军团@🎤啥(887156367)] 獭獭买锤子大臣@被獭獭军团开除(963423936) -> 摆烂了
2023-09-05 19:08:12 V/Bot.2398493975: [獭獭云旅游军团@🎤啥(887156367)] 獭獭买锤子大臣@被獭獭军团开除(963423936) -> 吃饭去了
2023-09-05 19:11:20 V/Bot.2398493975: [獭獭云旅游军团@🎤啥(887156367)] 獭獭买锤子大臣@被獭獭军团开除(963423936) -> [mirai:image:{B49940EE-2140-551B-21E8-4C3C5F8E84D7}.png, width=1794, height=1036, size=2061041, type=PNG, isEmoji=false]
2023-09-05 19:11:23 V/Bot.2398493975: [獭獭云旅游军团@🎤啥(887156367)] 獭獭买锤子大臣@被獭獭军团开除(963423936) -> ふるさと都不会
2023-09-05 19:12:05 V/Bot.2398493975: [獭獭云旅游军团@🎤啥(887156367)] zz@獺獺軍団(771507043) -> [mirai:quote:[mirai:source:ids=[67516], internalIds=[-733083847], from 2384102753 to 887156367 at 1693912067], content=<not yet initialized>][mirai:at:2384102753] 不懂捏，转生到小企业了
2023-09-05 19:12:08 V/Bot.2398493975: [獭獭云旅游军团@🎤啥(887156367)] zz@獺獺軍団(771507043) -> 还没出道
2023-09-05 19:13:05 V/Bot.2398493975: [獭獭云旅游军团@🎤啥(887156367)] タタ@獭獭·ω·咖波●ω●军团(1609323331) -> 小书签腰斩了
2023-09-05 19:13:05 V/Bot.2398493975: [獭獭云旅游军团@🎤啥(887156367)] タタ@獭獭·ω·咖波●ω●军团(1609323331) -> 没网了
2023-09-05 19:13:28 V/Bot.2398493975: [獭獭云旅游军团@🎤啥(887156367)] タタ@獭獭·ω·咖波●ω●军团(1609323331) -> 草
2023-09-05 19:13:35 V/Bot.2398493975: [獭獭云旅游军团@🎤啥(887156367)] タタ@獭獭·ω·咖波●ω●军团(1609323331) -> 终于有网了
2023-09-05 19:13:40 V/Bot.2398493975: [獭獭云旅游军团@🎤啥(887156367)] タタ@獭獭·ω·咖波●ω●军团(1609323331) -> [mirai:image:{3FCDA208-5B5D-3642-5219-949E4B2512EA}.png, width=328, height=300, size=47813, type=GIF, isEmoji=true]
2023-09-05 19:18:05 I/UnidbgFetchQsign: Bot(2398493975) request_token, submit success
2023-09-05 19:33:45 V/Bot.2398493975: [SHT荔枝麻酱协会(493057481)] Ares(2304847556) -> ！jrrp
2023-09-05 19:33:46 V/Bot.2398493975: Group(493057481) <- 今日人品：中吉
今日适宜役种：纯全带幺九
(为防止刷屏，一日内不可多次查询哦！)
2023-09-05 19:34:17 V/Bot.2398493975: [獭獭云旅游军团@🎤啥(887156367)] zz@獺獺軍団(771507043) -> [mirai:image:{57736D1F-B7B4-1CA6-3D18-1591D6C2E160}.png, width=1284, height=992, size=252256, type=PNG, isEmoji=false]
2023-09-05 19:34:55 V/Bot.2398493975: [獭獭云旅游军团@🎤啥(887156367)] タタ@獭獭·ω·咖波●ω●军团(1609323331) -> [mirai:image:{8BF34B10-19C1-4195-5866-6DDB73A903D8}.png, width=249, height=188, size=54265, type=GIF, isEmoji=true]
2023-09-05 19:35:25 V/Bot.2398493975: [獭獭云旅游军团@🎤啥(887156367)] タタ@獭獭·ω·咖波●ω●军团(1609323331) -> （4-2）*3*4
2023-09-05 19:35:28 V/Bot.2398493975: [獭獭云旅游军团@🎤啥(887156367)] タタ@獭獭·ω·咖波●ω●军团(1609323331) -> [mirai:image:{4A921C18-FF44-2C37-9E7C-971837637B1D}.png, width=300, height=130, size=6492, type=JPG, isEmoji=true]
2023-09-05 19:35:45 V/Bot.2398493975: [獭獭云旅游军团@🎤啥(887156367)] zz@獺獺軍団(771507043) -> [mirai:image:{8BF34B10-19C1-4195-5866-6DDB73A903D8}.png, width=249, height=188, size=54265, type=GIF, isEmoji=true]
2023-09-05 19:35:49 V/Bot.2398493975: [SHT荔枝麻酱协会(493057481)] rokina(1024182759) -> ！jrrp
2023-09-05 19:35:50 V/Bot.2398493975: Group(493057481) <- 今日人品：小吉
今日适宜役种：立直
(为防止刷屏，一日内不可多次查询哦！)
2023-09-05 19:35:59 V/Bot.2398493975: [獭獭云旅游军团@🎤啥(887156367)] タタ@獭獭·ω·咖波●ω●军团(1609323331) -> 来玩24点
2023-09-05 19:37:12 V/Bot.2398493975: [獭獭云旅游军团@🎤啥(887156367)] タタ@獭獭·ω·咖波●ω●军团(1609323331) -> [mirai:image:{1D941FF3-006F-86A6-FD4F-12027B527696}.png, width=112, height=86, size=35949, type=GIF, isEmoji=true]
2023-09-05 19:37:50 V/Bot.2398493975: [獭獭云旅游军团@🎤啥(887156367)] 优雅猛牛(695150175) -> 4*4*3/2
2023-09-05 19:39:04 V/Bot.2398493975: [獭獭云旅游军团@🎤啥(887156367)] タタ@獭獭·ω·咖波●ω●军团(1609323331) -> [mirai:image:{C6D98AA9-4CE0-28B7-32EF-B076899EA836}.png, width=308, height=300, size=72185, type=GIF, isEmoji=true]
2023-09-05 19:46:31 V/Bot.2398493975: [獭獭云旅游军团@🎤啥(887156367)] zz@獺獺軍団(771507043) -> 4*(2+3)+4
2023-09-05 19:55:19 V/Bot.2398493975: [獭獭云旅游军团@🎤啥(887156367)] Freeze_Kirin(768173212) -> 24*｜3-4｜
2023-09-05 19:58:11 I/UnidbgFetchQsign: Bot(2398493975) request_token, submit success
2023-09-05 20:02:43 V/Bot.2398493975: [SHT荔枝麻酱协会(493057481)] Hatsune(467091276) -> ！jrrp
2023-09-05 20:02:44 V/Bot.2398493975: Group(493057481) <- 今日人品：小吉
今日适宜役种：平和
(为防止刷屏，一日内不可多次查询哦！)
2023-09-05 20:05:11 V/Bot.2398493975: [獭獭云旅游军团@🎤啥(887156367)] hzc@獭獭軍団二度受(2384102753) -> （4-2）*3*4
2023-09-05 20:05:40 V/Bot.2398493975: [獭獭云旅游军团@🎤啥(887156367)] hzc@獭獭軍団二度受(2384102753) -> ？草 怎么有了
2023-09-05 20:06:45 V/Bot.2398493975: [獭獭云旅游军团@🎤啥(887156367)] hzc@獭獭軍団二度受(2384102753) -> 那4/2*3*4
2023-09-05 20:14:12 V/Bot.2398493975: [獭獭云旅游军团@🎤啥(887156367)] タタ@獭獭·ω·咖波●ω●军团(1609323331) -> [mirai:quote:[mirai:source:ids=[67539], internalIds=[302174769], from 768173212 to 887156367 at 1693914918], content=<not yet initialized>][mirai:at:768173212] 草
2023-09-05 20:14:30 V/Bot.2398493975: [獭獭云旅游军团@🎤啥(887156367)] タタ@獭獭·ω·咖波●ω●军团(1609323331) -> [mirai:quote:[mirai:source:ids=[67542], internalIds=[-416891807], from 2384102753 to 887156367 at 1693915605], content=<not yet initialized>][mirai:at:2384102753] 这个也有了
2023-09-05 20:23:56 V/Bot.2398493975: [獭獭云旅游军团@🎤啥(887156367)] hzc@獭獭軍団二度受(2384102753) -> 23+4/4
2023-09-05 20:25:00 V/Bot.2398493975: [獭獭云旅游军团@🎤啥(887156367)] タタ@獭獭·ω·咖波●ω●军团(1609323331) -> 谢谢你，大和[mirai:image:{89F16AE1-70D8-75E7-9A63-C463DE02E553}.png, width=1668, height=2388, size=276386, type=JPG, isEmoji=false]
2023-09-05 20:28:21 V/Bot.2398493975: [SHT荔枝麻酱协会(493057481)] 4000all！(1846411487) -> ！jrrp
2023-09-05 20:28:22 V/Bot.2398493975: Group(493057481) <- 今日人品：凶
今日适宜役种：门前淸自摸和
(为防止刷屏，一日内不可多次查询哦！)
2023-09-05 20:35:31 V/Bot.2398493975: [獭獭云旅游军团@🎤啥(887156367)] zz@獺獺軍団(771507043) -> [mirai:image:{F8074270-BF2E-C2CA-6DCC-390EB1719D72}.png, width=1284, height=2778, size=276412, type=JPG, isEmoji=false]
2023-09-05 20:37:07 V/Bot.2398493975: [獭獭云旅游军团@🎤啥(887156367)] タタ@獭獭·ω·咖波●ω●军团(1609323331) -> [mirai:image:{3FCDA208-5B5D-3642-5219-949E4B2512EA}.png, width=328, height=300, size=47813, type=GIF, isEmoji=true]
2023-09-05 20:38:12 I/UnidbgFetchQsign: Bot(2398493975) request_token, submit success
2023-09-05 20:40:04 V/Bot.2398493975: [獭獭云旅游军团@🎤啥(887156367)] zz@獺獺軍団(771507043) -> 6个马娘一起学习
2023-09-05 20:40:12 V/Bot.2398493975: [獭獭云旅游军团@🎤啥(887156367)] 獭獭买锤子大臣@被獭獭军团开除(963423936) -> 草
2023-09-05 20:47:11 V/Bot.2398493975: [獭獭云旅游军团@🎤啥(887156367)] zz@獺獺軍団(771507043) -> 草，手滑了，想打菊花打成秋天了
2023-09-05 20:47:19 V/Bot.2398493975: [獭獭云旅游军团@🎤啥(887156367)] zz@獺獺軍団(771507043) -> 三冠没了
2023-09-05 21:18:12 I/UnidbgFetchQsign: Bot(2398493975) request_token, submit success
2023-09-05 21:26:28 V/Bot.2398493975: [SHT荔枝麻酱协会(493057481)] 大笔谷(2306096281) -> ！jrrp
2023-09-05 21:26:29 V/Bot.2398493975: Group(493057481) <- 今日人品：吉
今日适宜役种：平和
(为防止刷屏，一日内不可多次查询哦！)
2023-09-05 21:58:18 I/UnidbgFetchQsign: Bot(2398493975) request_token, submit success
2023-09-05 21:59:47 V/Bot.2398493975: [SHT荔枝麻酱协会(493057481)] 大可奇丽(1485280964) -> ！jrrp
2023-09-05 21:59:48 V/Bot.2398493975: Group(493057481) <- 今日人品：大吉
今日适宜役种：清老头
(为防止刷屏，一日内不可多次查询哦！)
2023-09-05 22:03:21 V/Bot.2398493975: [SHT荔枝麻酱协会(493057481)] chino(704937242) -> yw
2023-09-05 22:38:19 I/UnidbgFetchQsign: Bot(2398493975) request_token, submit success
2023-09-05 23:08:36 V/Bot.2398493975: [獭獭云旅游军团@🎤啥(887156367)] 獭獭买锤子大臣@被獭獭军团开除(963423936) -> [mirai:image:{AD6D66EE-ECBE-4BA5-205C-C1354EB91E8E}.png, width=1939, height=1105, size=901758, type=PNG, isEmoji=false]
2023-09-05 23:08:39 V/Bot.2398493975: [獭獭云旅游军团@🎤啥(887156367)] 獭獭买锤子大臣@被獭獭军团开除(963423936) -> 我早晚被这群丈育笑死
2023-09-05 23:08:45 V/Bot.2398493975: [獭獭云旅游军团@🎤啥(887156367)] 獭獭买锤子大臣@被獭獭军团开除(963423936) -> 戳到笑点了
2023-09-05 23:09:31 V/Bot.2398493975: [獭獭云旅游军团@🎤啥(887156367)] 獭獭买锤子大臣@被獭獭军团开除(963423936) -> [mirai:image:{40AD7FAB-F6E3-DB5D-AC1C-E99CA37EA4CB}.png, width=1398, height=747, size=1108739, type=PNG, isEmoji=false]
2023-09-05 23:09:37 V/Bot.2398493975: [獭獭云旅游军团@🎤啥(887156367)] 獭獭买锤子大臣@被獭獭军团开除(963423936) -> ひでよしり
2023-09-05 23:09:40 V/Bot.2398493975: [獭獭云旅游军团@🎤啥(887156367)] 獭獭买锤子大臣@被獭獭军团开除(963423936) -> 哈哈哈哈哈哈哈哈哈
2023-09-05 23:18:20 I/UnidbgFetchQsign: Bot(2398493975) request_token, submit success
2023-09-05 23:58:26 I/UnidbgFetchQsign: Bot(2398493975) request_token, submit success
