2023-08-22 00:12:43 V/Bot.2398493975: [ç­ç­äº‘æ—…æ¸¸å†›å›¢@ðŸŽ¤å•¥(887156367)] å“­å“­Kirin@ä¹Ÿè¢«ç­ç­å†›å›¢å¼€é™¤(472247053) -> AYXATLWF
2023-08-22 00:15:51 I/UnidbgFetchQsign: Bot(2398493975) request_token, submit success
2023-08-22 00:17:05 V/Bot.2398493975: [ç­ç­äº‘æ—…æ¸¸å†›å›¢@ðŸŽ¤å•¥(887156367)] å¿«åŽ»çœ‹MyGO@ç­(1609323331) -> ALABVPPB
2023-08-22 00:31:02 V/Bot.2398493975: [ç­ç­äº‘æ—…æ¸¸å†›å›¢@ðŸŽ¤å•¥(887156367)] èåœ@èåœè»å›£(690875992) -> [mirai:image:{60F20518-E97B-0DBB-FCB6-645606F1715D}.png, width=681, height=329, size=24803, type=PNG, isEmoji=false]
2023-08-22 00:47:00 V/Bot.2398493975: [SHTè”æžéº»é…±åä¼š(493057481)] å¤§å¯å¥‡ä¸½(1485280964) -> [mirai:image:{81BBB2EF-3BDA-A836-5991-9D55F1E2B1D0}.jpg, width=199, height=292, size=15012, type=JPG, isEmoji=true]
2023-08-22 00:47:04 V/Bot.2398493975: [SHTè”æžéº»é…±åä¼š(493057481)] å¤§å¯å¥‡ä¸½(1485280964) -> [mirai:image:{EEA6B6EF-88B8-9D9D-EDD5-59AA609B0E89}.jpg, width=1280, height=1280, size=95396, type=JPG, isEmoji=true]
2023-08-22 00:55:52 I/UnidbgFetchQsign: Bot(2398493975) request_token, submit success
2023-08-22 01:19:26 V/Bot.2398493975: [ç­ç­äº‘æ—…æ¸¸å†›å›¢@ðŸŽ¤å•¥(887156367)] zz@çºçºè»å›£(771507043) -> ?
2023-08-22 01:28:01 V/Bot.2398493975: [ç­ç­äº‘æ—…æ¸¸å†›å›¢@ðŸŽ¤å•¥(887156367)] èåœ@èåœè»å›£(690875992) -> ?
2023-08-22 01:28:25 V/Bot.2398493975: [ç­ç­äº‘æ—…æ¸¸å†›å›¢@ðŸŽ¤å•¥(887156367)] èåœ@èåœè»å›£(690875992) -> [mirai:image:{468EDCAD-E8A4-8F20-EEFC-25EB3E068F5B}.png, width=110, height=49, size=2449, type=PNG, isEmoji=false]
2023-08-22 01:35:58 I/UnidbgFetchQsign: Bot(2398493975) request_token, submit success
2023-08-22 01:38:16 V/Bot.2398493975: [SHTè”æžéº»é…±åä¼š(493057481)] Hatsune(467091276) -> -3900
2023-08-22 01:38:42 V/Bot.2398493975: [SHTè”æžéº»é…±åä¼š(493057481)] naf2021(3469392519) -> 37700
2023-08-22 01:39:18 V/Bot.2398493975: [SHTè”æžéº»é…±åä¼š(493057481)] jt(981941098) -> 44600
2023-08-22 01:39:30 V/Bot.2398493975: [SHTè”æžéº»é…±åä¼š(493057481)] hzc(2384102753) -> 21600
2023-08-22 01:39:31 V/Bot.2398493975: Group(493057481) <- è®°å½•æˆåŠŸï¼š
jt: 44600
naf2021: 37700
hzc: 21600
Hatsune: -3900
2023-08-22 01:41:21 V/Bot.2398493975: [ç­ç­äº‘æ—…æ¸¸å†›å›¢@ðŸŽ¤å•¥(887156367)] å¿«åŽ»çœ‹MyGO@ç­(1609323331) -> [mirai:quote:[mirai:source:ids=[60695], internalIds=[1198922061], from 1609323331 to 887156367 at 1692553313], content=<not yet initialized>] 
2023-08-22 01:41:30 V/Bot.2398493975: Event: GroupRecall(bot=Bot(2398493975), authorId=1609323331, messageIds=[61303], messageInternalIds=[1362615005], messageTime=1692639681, operator=NormalMember(1609323331), group=Group(887156367), author=NormalMember(1609323331))
2023-08-22 01:41:53 V/Bot.2398493975: [ç­ç­äº‘æ—…æ¸¸å†›å›¢@ðŸŽ¤å•¥(887156367)] èåœ@èåœè»å›£(690875992) -> å¿«åŽ»çœ‹MyGO@ç­æ’¤å›žäº†ä¸€æ¡æ¶ˆæ¯
2023-08-22 01:42:37 V/Bot.2398493975: Event: GroupRecall(bot=Bot(2398493975), authorId=690875992, messageIds=[61304], messageInternalIds=[-589876211], messageTime=1692639713, operator=NormalMember(1609323331), group=Group(887156367), author=NormalMember(690875992))
2023-08-22 01:42:41 V/Bot.2398493975: [ç­ç­äº‘æ—…æ¸¸å†›å›¢@ðŸŽ¤å•¥(887156367)] èåœ@èåœè»å›£(690875992) -> ç®¡ç†å‘˜å¿«åŽ»çœ‹MyGO@ç­æ’¤å›žäº†ä¸€æ¡æˆå‘˜æ¶ˆæ¯
2023-08-22 01:42:47 V/Bot.2398493975: Event: GroupRecall(bot=Bot(2398493975), authorId=690875992, messageIds=[61305], messageInternalIds=[-1395190018], messageTime=1692639761, operator=NormalMember(1609323331), group=Group(887156367), author=NormalMember(690875992))
2023-08-22 01:43:16 V/Bot.2398493975: [ç­ç­äº‘æ—…æ¸¸å†›å›¢@ðŸŽ¤å•¥(887156367)] å¿«åŽ»çœ‹MyGO@ç­(1609323331) -> [mirai:marketface:235125,[ç–‘é—®]]
2023-08-22 01:43:21 V/Bot.2398493975: [ç­ç­äº‘æ—…æ¸¸å†›å›¢@ðŸŽ¤å•¥(887156367)] èåœ@èåœè»å›£(690875992) -> [ç–‘é—®]
2023-08-22 01:43:47 V/Bot.2398493975: [ç­ç­äº‘æ—…æ¸¸å†›å›¢@ðŸŽ¤å•¥(887156367)] zz@çºçºè»å›£(771507043) -> [mirai:marketface:235125,[ç–‘é—®]]
2023-08-22 01:46:11 V/Bot.2398493975: [SHTè”æžéº»é…±åä¼š(493057481)] ä¼˜é›…çŒ›ç‰›(695150175) -> ç‰›å•Š
2023-08-22 01:46:15 V/Bot.2398493975: [SHTè”æžéº»é…±åä¼š(493057481)] ä¼˜é›…çŒ›ç‰›(695150175) -> è¿˜æ²¡ç¡
2023-08-22 01:47:09 V/Bot.2398493975: [SHTè”æžéº»é…±åä¼š(493057481)] å¸ƒèŽ±å…‹æ(690875992) -> ç‰›å•Š
2023-08-22 01:47:19 V/Bot.2398493975: [SHTè”æžéº»é…±åä¼š(493057481)] zz(771507043) -> ç‰›å•Š
2023-08-22 01:50:37 V/Bot.2398493975: [SHTè”æžéº»é…±åä¼š(493057481)] ä¼˜é›…çŒ›ç‰›(695150175) -> æˆ‘å•Š
2023-08-22 01:51:14 V/Bot.2398493975: [SHTè”æžéº»é…±åä¼š(493057481)] å¸ƒèŽ±å…‹æ(690875992) -> ä½ å•Š
2023-08-22 01:52:19 V/Bot.2398493975: [ç­ç­äº‘æ—…æ¸¸å†›å›¢@ðŸŽ¤å•¥(887156367)] å¿«åŽ»çœ‹MyGO@ç­(1609323331) -> æœ‰çš„äººå–œæ¬¢æ‰‹æ»‘[mirai:image:{4F09817B-15B7-E86B-9E91-C9987E493549}.png, width=2388, height=1668, size=234065, type=JPG, isEmoji=false]
2023-08-22 01:53:06 V/Bot.2398493975: [ç­ç­äº‘æ—…æ¸¸å†›å›¢@ðŸŽ¤å•¥(887156367)] å¿«åŽ»çœ‹MyGO@ç­(1609323331) -> [mirai:image:{BB7A3067-29CD-2356-31B0-1DBBFD64A28A}.png, width=720, height=960, size=79047, type=JPG, isEmoji=false]
2023-08-22 01:54:00 V/Bot.2398493975: [ç­ç­äº‘æ—…æ¸¸å†›å›¢@ðŸŽ¤å•¥(887156367)] å“­å“­Kirin@ä¹Ÿè¢«ç­ç­å†›å›¢å¼€é™¤(472247053) -> [mirai:marketface:235125,[ç–‘é—®]]
2023-08-22 02:15:59 I/UnidbgFetchQsign: Bot(2398493975) request_token, submit success
2023-08-22 02:27:01 V/Bot.2398493975: [ç­ç­äº‘æ—…æ¸¸å†›å›¢@ðŸŽ¤å•¥(887156367)] å¿«åŽ»çœ‹MyGO@ç­(1609323331) -> [mirai:image:{90567897-58A5-73A9-38B1-B2036AA0E7DA}.png, width=801, height=536, size=60834, type=JPG, isEmoji=false]
2023-08-22 02:28:19 V/Bot.2398493975: [ç­ç­äº‘æ—…æ¸¸å†›å›¢@ðŸŽ¤å•¥(887156367)] å¿«åŽ»çœ‹MyGO@ç­(1609323331) -> [mirai:image:{511B18BD-6908-35B4-0E45-E6943F5163F9}.png, width=624, height=181, size=21287, type=JPG, isEmoji=false]
2023-08-22 02:34:04 V/Bot.2398493975: [ç­ç­äº‘æ—…æ¸¸å†›å›¢@ðŸŽ¤å•¥(887156367)] å¿«åŽ»çœ‹MyGO@ç­(1609323331) -> è¿åŠ¿æµtql[mirai:image:{5620588C-24BE-8C26-A997-581A23EFAAA8}.png, width=2388, height=1668, size=398350, type=JPG, isEmoji=false]
2023-08-22 02:53:20 V/Bot.2398493975: [ç­ç­äº‘æ—…æ¸¸å†›å›¢@ðŸŽ¤å•¥(887156367)] å¿«åŽ»çœ‹MyGO@ç­(1609323331) -> [mirai:image:{B48949FC-AC13-5049-66BC-D6C194C8F801}.png, width=1125, height=918, size=951944, type=PNG, isEmoji=false]
2023-08-22 02:56:00 I/UnidbgFetchQsign: Bot(2398493975) request_token, submit success
2023-08-22 03:29:19 V/Bot.2398493975: Event: MemberCardChangeEvent(origin=å¿«åŽ»çœ‹MyGO@ç­, new=@ç­ç­è®°å¾—æ‰“challenge, member=NormalMember(1609323331))
2023-08-22 03:29:19 V/Bot.2398493975: [ç­ç­äº‘æ—…æ¸¸å†›å›¢@ðŸŽ¤å•¥(887156367)] @ç­ç­è®°å¾—æ‰“challenge(1609323331) -> åŽŸæ¥è¿™ä¸ªäººçš„cvæ˜¯ä¸ªé›€å£«[mirai:image:{5644D469-4487-33D2-24E4-59AC44C927F4}.png, width=908, height=1210, size=330086, type=JPG, isEmoji=false]
2023-08-22 03:29:21 V/Bot.2398493975: [ç­ç­äº‘æ—…æ¸¸å†›å›¢@ðŸŽ¤å•¥(887156367)] @ç­ç­è®°å¾—æ‰“challenge(1609323331) -> [mirai:image:{7B4FAB6B-0BA8-0F4C-F8DC-B2AF31AB603E}.png, width=512, height=512, size=192357, type=GIF, isEmoji=true]
2023-08-22 03:30:11 V/Bot.2398493975: [ç­ç­äº‘æ—…æ¸¸å†›å›¢@ðŸŽ¤å•¥(887156367)] å“­å“­Kirin@ä¹Ÿè¢«ç­ç­å†›å›¢å¼€é™¤(472247053) ->  ï¼
2023-08-22 03:30:21 V/Bot.2398493975: [ç­ç­äº‘æ—…æ¸¸å†›å›¢@ðŸŽ¤å•¥(887156367)] å“­å“­Kirin@ä¹Ÿè¢«ç­ç­å†›å›¢å¼€é™¤(472247053) -> æ˜¯å¾ˆå°åªçš„é‚£åª
2023-08-22 03:31:57 V/Bot.2398493975: [ç­ç­äº‘æ—…æ¸¸å†›å›¢@ðŸŽ¤å•¥(887156367)] å“­å“­Kirin@ä¹Ÿè¢«ç­ç­å†›å›¢å¼€é™¤(472247053) -> [mirai:image:{54B4906B-BFD8-482D-E555-156D601E704A}.jpg, width=370, height=282, size=77926, type=GIF, isEmoji=true]
2023-08-22 03:36:06 I/UnidbgFetchQsign: Bot(2398493975) request_token, submit success
2023-08-22 04:16:06 I/UnidbgFetchQsign: Bot(2398493975) request_token, submit success
2023-08-22 04:56:07 I/UnidbgFetchQsign: Bot(2398493975) request_token, submit success
2023-08-22 05:36:13 I/UnidbgFetchQsign: Bot(2398493975) request_token, submit success
2023-08-22 06:16:14 I/UnidbgFetchQsign: Bot(2398493975) request_token, submit success
2023-08-22 06:56:15 I/UnidbgFetchQsign: Bot(2398493975) request_token, submit success
2023-08-22 07:23:50 V/Bot.2398493975: [SHTè”æžéº»é…±åä¼š(493057481)] éš”å£è€çŽ‹(297234073) -> thpt hzc
2023-08-22 07:36:21 I/UnidbgFetchQsign: Bot(2398493975) request_token, submit success
2023-08-22 08:16:21 I/UnidbgFetchQsign: Bot(2398493975) request_token, submit success
2023-08-22 08:56:22 I/UnidbgFetchQsign: Bot(2398493975) request_token, submit success
2023-08-22 08:58:35 V/Bot.2398493975: [ç­ç­äº‘æ—…æ¸¸å†›å›¢@ðŸŽ¤å•¥(887156367)] lax@ç‰›ç‰›é“å¿ƒç ´ç¢Žå†›å›¢(269418386) -> ä¸ƒå¤•å’Œè°è¿‡ï¼Ÿ
â—»ç”·ç¥ž
â—»å¥³ç¥ž
âœ…åŽŸç¥ž
2023-08-22 09:36:28 I/UnidbgFetchQsign: Bot(2398493975) request_token, submit success
2023-08-22 10:14:43 V/Bot.2398493975: [ç­ç­äº‘æ—…æ¸¸å†›å›¢@ðŸŽ¤å•¥(887156367)] å†°æ°´@ä¸ä¼šåèº«è·³å†›å›¢(308217149) -> å•§ æ‰¾è‡ªå·±ç…§ç‰‡ ä¸‹æ„è¯†ç”¨ç«‹ç»˜åœ¨ç”µè„‘é‡Œæœ
2023-08-22 10:15:55 V/Bot.2398493975: [ç­ç­äº‘æ—…æ¸¸å†›å›¢@ðŸŽ¤å•¥(887156367)] å“­å“­Kirin@ä¹Ÿè¢«ç­ç­å†›å›¢å¼€é™¤(472247053) -> [mirai:image:{EE7C88BA-DAF0-6A2D-E286-3A059788806D}.jpg, width=370, height=292, size=77327, type=GIF, isEmoji=true]
2023-08-22 10:16:29 I/UnidbgFetchQsign: Bot(2398493975) request_token, submit success
2023-08-22 10:56:30 I/UnidbgFetchQsign: Bot(2398493975) request_token, submit success
2023-08-22 11:31:49 V/Bot.2398493975: [ç­ç­äº‘æ—…æ¸¸å†›å›¢@ðŸŽ¤å•¥(887156367)] lax@ç‰›ç‰›é“å¿ƒç ´ç¢Žå†›å›¢(269418386) -> [mirai:image:{60CE010D-12CF-815C-153F-C69A8AA4F7F1}.jpg, width=1127, height=1219, size=195135, type=PNG, isEmoji=false]
2023-08-22 11:33:19 V/Bot.2398493975: [ç­ç­äº‘æ—…æ¸¸å†›å›¢@ðŸŽ¤å•¥(887156367)] lax@ç‰›ç‰›é“å¿ƒç ´ç¢Žå†›å›¢(269418386) -> [mirai:at:2384102753] 
2023-08-22 11:33:57 V/Bot.2398493975: [ç­ç­äº‘æ—…æ¸¸å†›å›¢@ðŸŽ¤å•¥(887156367)] lax@ç‰›ç‰›é“å¿ƒç ´ç¢Žå†›å›¢(269418386) -> [mirai:at:768173212] 
2023-08-22 11:36:36 I/UnidbgFetchQsign: Bot(2398493975) request_token, submit success
2023-08-22 12:09:29 V/Bot.2398493975: [ç­ç­äº‘æ—…æ¸¸å†›å›¢@ðŸŽ¤å•¥(887156367)] Freeze_Kirin(768173212) -> ä¸æ‡‚å°±é—®ï¼šå‘çƒ§->å½“å¤©å¥½äº†->è¿‡å‡ å¤©å¼€å§‹å’³å—½->åˆå‘çƒ§
2023-08-22 12:09:34 V/Bot.2398493975: [ç­ç­äº‘æ—…æ¸¸å†›å›¢@ðŸŽ¤å•¥(887156367)] Freeze_Kirin(768173212) -> æ˜¯ðŸ‘äº†å—
2023-08-22 12:09:38 V/Bot.2398493975: [ç­ç­äº‘æ—…æ¸¸å†›å›¢@ðŸŽ¤å•¥(887156367)] Freeze_Kirin(768173212) -> [mirai:image:{7AAB86C2-2E54-B41B-1127-E416989F377D}.png, width=124, height=139, size=6514, type=JPG, isEmoji=true]
2023-08-22 12:13:12 V/Bot.2398493975: [ç­ç­äº‘æ—…æ¸¸å†›å›¢@ðŸŽ¤å•¥(887156367)] å†°æ°´@ä¸ä¼šåèº«è·³å†›å›¢(308217149) -> é‡é‡ï¼Ÿ
2023-08-22 12:13:20 V/Bot.2398493975: [ç­ç­äº‘æ—…æ¸¸å†›å›¢@ðŸŽ¤å•¥(887156367)] å†°æ°´@ä¸ä¼šåèº«è·³å†›å›¢(308217149) -> ä½ ä¸æ˜¯ä¸ä¹…å‰æ‰é˜³
2023-08-22 12:13:25 V/Bot.2398493975: [ç­ç­äº‘æ—…æ¸¸å†›å›¢@ðŸŽ¤å•¥(887156367)] Freeze_Kirin(768173212) -> å®¶é‡Œè²Œä¼¼æ²¡æœ‰è¿™ç§ä¸œè¥¿
2023-08-22 12:14:10 V/Bot.2398493975: [ç­ç­äº‘æ—…æ¸¸å†›å›¢@ðŸŽ¤å•¥(887156367)] å“­å“­Kirin@ä¹Ÿè¢«ç­ç­å†›å›¢å¼€é™¤(472247053) -> ðŸ‘äº† å¯ä»¥çƒ¤äº†åƒäº†
2023-08-22 12:14:15 V/Bot.2398493975: [ç­ç­äº‘æ—…æ¸¸å†›å›¢@ðŸŽ¤å•¥(887156367)] å†°æ°´@ä¸ä¼šåèº«è·³å†›å›¢(308217149) -> æ„Ÿè§‰å°±å½“æ„Ÿå†’æ²»äº†ï¼‰
2023-08-22 12:14:19 V/Bot.2398493975: [ç­ç­äº‘æ—…æ¸¸å†›å›¢@ðŸŽ¤å•¥(887156367)] Freeze_Kirin(768173212) -> [mirai:image:{7A6A1C32-E803-5A63-B146-57CC40CE4C85}.png, width=352, height=254, size=39350, type=GIF, isEmoji=true]
2023-08-22 12:14:28 V/Bot.2398493975: [ç­ç­äº‘æ—…æ¸¸å†›å›¢@ðŸŽ¤å•¥(887156367)] å†°æ°´@ä¸ä¼šåèº«è·³å†›å›¢(308217149) -> å–‰å’™æ²¡å•¥æ„Ÿè§‰åº”è¯¥å°±ä¸æ˜¯
2023-08-22 12:14:54 V/Bot.2398493975: [ç­ç­äº‘æ—…æ¸¸å†›å›¢@ðŸŽ¤å•¥(887156367)] Freeze_Kirin(768173212) -> å–‰å’™å°±æ„Ÿè§‰åƒæ˜¯æ‰æ¡ƒä½“å‘ç‚Žã€‚
2023-08-22 12:16:36 I/UnidbgFetchQsign: Bot(2398493975) request_token, submit success
2023-08-22 12:18:11 V/Bot.2398493975: [ç­ç­äº‘æ—…æ¸¸å†›å›¢@ðŸŽ¤å•¥(887156367)] lax@ç‰›ç‰›é“å¿ƒç ´ç¢Žå†›å›¢(269418386) -> å®Œäº† wyå€’åœ¨å†³èµ›åœˆäº†
2023-08-22 12:18:17 V/Bot.2398493975: [ç­ç­äº‘æ—…æ¸¸å†›å›¢@ðŸŽ¤å•¥(887156367)] ç­ç­å“ªå‡‰å¿«å‘†å“ªå†›å›¢(1297471104) -> å®Œäº† wyå€’åœ¨å†³èµ›åœˆäº†
2023-08-22 12:18:29 V/Bot.2398493975: [ç­ç­äº‘æ—…æ¸¸å†›å›¢@ðŸŽ¤å•¥(887156367)] lax@ç‰›ç‰›é“å¿ƒç ´ç¢Žå†›å›¢(269418386) -> ç»å…¸å°åˆ€æ‹‰å—“å­
2023-08-22 12:18:39 V/Bot.2398493975: [ç­ç­äº‘æ—…æ¸¸å†›å›¢@ðŸŽ¤å•¥(887156367)] Freeze_Kirin(768173212) -> [mirai:image:{47D9BEE7-CA87-C51F-C189-3EA1D9A7C118}.png, width=200, height=157, size=70949, type=GIF, isEmoji=true]
2023-08-22 12:18:55 V/Bot.2398493975: [ç­ç­äº‘æ—…æ¸¸å†›å›¢@ðŸŽ¤å•¥(887156367)] Freeze_Kirin(768173212) -> å¯æˆ‘ä¸æ˜¯å·²ç»å† å†›äº†å—
2023-08-22 12:19:12 V/Bot.2398493975: [ç­ç­äº‘æ—…æ¸¸å†›å›¢@ðŸŽ¤å•¥(887156367)] å†°æ°´@ä¸ä¼šåèº«è·³å†›å›¢(308217149) -> å¦‚æžœä¹‹å‰é‚£ä¸ªæ˜¯çš„è¯
2023-08-22 12:19:15 V/Bot.2398493975: [ç­ç­äº‘æ—…æ¸¸å†›å›¢@ðŸŽ¤å•¥(887156367)] å†°æ°´@ä¸ä¼šåèº«è·³å†›å›¢(308217149) -> é‚£åº”è¯¥æ˜¯åŒä¸€ä¸ª
2023-08-22 12:19:22 V/Bot.2398493975: [ç­ç­äº‘æ—…æ¸¸å†›å›¢@ðŸŽ¤å•¥(887156367)] å†°æ°´@ä¸ä¼šåèº«è·³å†›å›¢(308217149) -> è¦ä¸ç„¶å°±æ˜¯åˆæ„Ÿå†’äº†ï¼ˆï¼‰
2023-08-22 12:19:31 V/Bot.2398493975: [ç­ç­äº‘æ—…æ¸¸å†›å›¢@ðŸŽ¤å•¥(887156367)] Freeze_Kirin(768173212) -> [mirai:image:{7A6A1C32-E803-5A63-B146-57CC40CE4C85}.png, width=352, height=254, size=39350, type=GIF, isEmoji=true]
2023-08-22 12:20:12 V/Bot.2398493975: [ç­ç­äº‘æ—…æ¸¸å†›å›¢@ðŸŽ¤å•¥(887156367)] lax@ç‰›ç‰›é“å¿ƒç ´ç¢Žå†›å›¢(269418386) -> åœ°åŒºå† å†›è¦åŽ»ç«žäº‰å…¨å›½å† å†›æ
2023-08-22 12:20:42 V/Bot.2398493975: [ç­ç­äº‘æ—…æ¸¸å†›å›¢@ðŸŽ¤å•¥(887156367)] Freeze_Kirin(768173212) -> å…¨å›½å¤§èµ›å‚åŠ ä¸äº†äº†
2023-08-22 12:20:51 V/Bot.2398493975: [ç­ç­äº‘æ—…æ¸¸å†›å›¢@ðŸŽ¤å•¥(887156367)] Freeze_Kirin(768173212) -> æ‹¿ä¸ªåœ°åŒºå† å†›å°±è¡Œ
2023-08-22 12:56:37 I/UnidbgFetchQsign: Bot(2398493975) request_token, submit success
2023-08-22 12:57:18 V/Bot.2398493975: [ç­ç­äº‘æ—…æ¸¸å†›å›¢@ðŸŽ¤å•¥(887156367)] @ç­ç­è®°å¾—æ‰“challenge(1609323331) -> [mirai:image:{7AAB86C2-2E54-B41B-1127-E416989F377D}.png, width=124, height=139, size=6514, type=JPG, isEmoji=true]
2023-08-22 12:57:47 V/Bot.2398493975: [ç­ç­äº‘æ—…æ¸¸å†›å›¢@ðŸŽ¤å•¥(887156367)] @ç­ç­è®°å¾—æ‰“challenge(1609323331) -> [mirai:image:{CE4EBD6B-D676-C721-2F86-2801526062F0}.png, width=1060, height=1032, size=224178, type=PNG, isEmoji=false]
2023-08-22 13:01:25 V/Bot.2398493975: [ç­ç­äº‘æ—…æ¸¸å†›å›¢@ðŸŽ¤å•¥(887156367)] @ç­ç­è®°å¾—æ‰“challenge(1609323331) -> æˆ‘éƒ½å¿˜äº†æœ‰è¿™ä¸ªç³»åˆ—äº†[mirai:image:{0F9125A5-2E19-67AC-7E11-EC72F5924E19}.png, width=1125, height=839, size=179405, type=JPG, isEmoji=false]
2023-08-22 13:03:27 V/Bot.2398493975: [ç­ç­äº‘æ—…æ¸¸å†›å›¢@ðŸŽ¤å•¥(887156367)] å“­å“­Kirin@ä¹Ÿè¢«ç­ç­å†›å›¢å¼€é™¤(472247053) -> [mirai:app:{"ver":"1.0.0.19","desc":"ã€çˆ±å¸Œå•æ›²ã€‘ã€æ‰­æ›²è¯¯è§£å‘ã€‘æˆ‘ä»¬çš„çˆ± MyGO!!!!!","prompt":"[QQå°ç¨‹åº]ã€çˆ±å¸Œå•æ›²ã€‘ã€æ‰­æ›²è¯¯è§£å‘ã€‘æˆ‘ä»¬çš„çˆ± MyGO!!!!!","config":{"type":"normal","width":0,"height":0,"forward":1,"autoSize":0,"ctime":1692680603,"token":"7f82d30adade0dbd8bcc863568145d0d"},"needShareCallBack":false,"app":"com.tencent.miniapp_01","view":"view_8C8E89B49BE609866298ADDFF2DBABA4","meta":{"detail_1":{"appid":"1109937557","appType":0,"title":"å“”å“©å“”å“©","desc":"ã€çˆ±å¸Œå•æ›²ã€‘ã€æ‰­æ›²è¯¯è§£å‘ã€‘æˆ‘ä»¬çš„çˆ± MyGO!!!!!","icon":"http:\/\/miniapp.gtimg.cn\/public\/appicon\/432b76be3a548fc128acaa6c1ec90131_200.jpg","preview":"pubminishare-30161.picsz.qpic.cn\/78d66ee9-2271-4907-a133-e1782a550a32","url":"m.q.qq.com\/a\/s\/489db153888ac6d54cca67d3f36f43e6","scene":1036,"host":{"uin":472247053,"nick":"Be Amdish"},"shareTemplateId":"8C8E89B49BE609866298ADDFF2DBABA4","shareTemplateData":{},"qqdocurl":"https:\/\/b23.tv\/q6PpFTR?share_medium=android&share_source=qq&bbid=XXB75DCBDE9DA02387B36945E3853E482A03D&ts=1692680601981","showLittleTail":"","gamePoints":"","gamePointsUrl":""}}}]
2023-08-22 13:04:14 V/Bot.2398493975: [ç­ç­äº‘æ—…æ¸¸å†›å›¢@ðŸŽ¤å•¥(887156367)] å“­å“­Kirin@ä¹Ÿè¢«ç­ç­å†›å›¢å¼€é™¤(472247053) -> [mirai:image:{EDDC4A94-F43C-4845-745A-736D762AC858}.jpg, width=512, height=512, size=45445, type=GIF, isEmoji=true]
2023-08-22 13:05:06 V/Bot.2398493975: [ç­ç­äº‘æ—…æ¸¸å†›å›¢@ðŸŽ¤å•¥(887156367)] @ç­ç­è®°å¾—æ‰“challenge(1609323331) -> [mirai:image:{09409E22-6B4A-9EF8-501E-F04C815A5D8C}.png, width=512, height=512, size=40389, type=GIF, isEmoji=false]
2023-08-22 13:05:08 V/Bot.2398493975: [ç­ç­äº‘æ—…æ¸¸å†›å›¢@ðŸŽ¤å•¥(887156367)] å“­å“­Kirin@ä¹Ÿè¢«ç­ç­å†›å›¢å¼€é™¤(472247053) -> [mirai:image:{20E30E6E-C444-1A2C-E88E-72EF081796DC}.png, width=627, height=142, size=15696, type=PNG, isEmoji=false]ï¼Ÿï¼
2023-08-22 13:25:02 V/Bot.2398493975: [ç­ç­äº‘æ—…æ¸¸å†›å›¢@ðŸŽ¤å•¥(887156367)] Freeze_Kirin(768173212) -> [mirai:image:{C0E0F36A-4792-95BA-84E9-2C7210D18546}.jpg, width=258, height=222, size=14333, type=JPG, isEmoji=false]
2023-08-22 13:25:15 V/Bot.2398493975: [ç­ç­äº‘æ—…æ¸¸å†›å›¢@ðŸŽ¤å•¥(887156367)] @ç­ç­è®°å¾—æ‰“challenge(1609323331) -> [mirai:image:{6A304995-4FFB-DD6E-E0D8-7E3A16F488F2}.png, width=1138, height=640, size=256104, type=JPG, isEmoji=false]
2023-08-22 13:25:19 V/Bot.2398493975: [ç­ç­äº‘æ—…æ¸¸å†›å›¢@ðŸŽ¤å•¥(887156367)] @ç­ç­è®°å¾—æ‰“challenge(1609323331) -> ä¸¤æ˜Ÿ
2023-08-22 13:25:28 V/Bot.2398493975: [ç­ç­äº‘æ—…æ¸¸å†›å›¢@ðŸŽ¤å•¥(887156367)] Freeze_Kirin(768173212) -> è¿™æ¬¡å‘çƒ§ç›¸æ¯”å‰å‡ å¤©ç«Ÿç„¶è¿˜æœ‰ç‚¹æ¸…é†’
2023-08-22 13:25:29 V/Bot.2398493975: [ç­ç­äº‘æ—…æ¸¸å†›å›¢@ðŸŽ¤å•¥(887156367)] @ç­ç­è®°å¾—æ‰“challenge(1609323331) -> [mirai:image:{915380D0-CD80-3D3B-D6FE-B5C0B88DFE5D}.png, width=370, height=280, size=105051, type=GIF, isEmoji=true]
2023-08-22 13:25:50 V/Bot.2398493975: [ç­ç­äº‘æ—…æ¸¸å†›å›¢@ðŸŽ¤å•¥(887156367)] Freeze_Kirin(768173212) -> [mirai:quote:[mirai:source:ids=[61358], internalIds=[1642269434], from 1609323331 to 887156367 at 1692681915], content=<not yet initialized>]å¯çˆ±æ
2023-08-22 13:29:24 V/Bot.2398493975: [ç­ç­äº‘æ—…æ¸¸å†›å›¢@ðŸŽ¤å•¥(887156367)] @ç­ç­è®°å¾—æ‰“challenge(1609323331) -> [mirai:image:{DF871D21-EEC6-5CF2-E792-2CC5C9AFCE78}.png, width=640, height=561, size=61160, type=JPG, isEmoji=false]
2023-08-22 13:29:46 V/Bot.2398493975: [ç­ç­äº‘æ—…æ¸¸å†›å›¢@ðŸŽ¤å•¥(887156367)] å“­å“­Kirin@ä¹Ÿè¢«ç­ç­å†›å›¢å¼€é™¤(472247053) -> [mirai:image:{9FB908E6-C42F-3543-A34A-8F760C3B9EC5}.jpg, width=300, height=270, size=9073, type=JPG, isEmoji=true]
2023-08-22 13:30:15 I/Bot.2398493975: Saved account secrets to local cache for fast login.
2023-08-22 13:33:22 V/Bot.2398493975: [ç­ç­äº‘æ—…æ¸¸å†›å›¢@ðŸŽ¤å•¥(887156367)] ç­ç­ç¡è§‰å¤§è‡£@è¢«ç­ç­å†›å›¢å¼€é™¤(963423936) -> [mirai:image:{FB9C65FB-5685-1B12-1B13-836B38246164}.png, width=292, height=205, size=61102, type=GIF, isEmoji=true]
2023-08-22 13:35:14 V/Bot.2398493975: [ç­ç­äº‘æ—…æ¸¸å†›å›¢@ðŸŽ¤å•¥(887156367)] å“­å“­Kirin@ä¹Ÿè¢«ç­ç­å†›å›¢å¼€é™¤(472247053) -> è‰¹ op
2023-08-22 13:36:43 I/UnidbgFetchQsign: Bot(2398493975) request_token, submit success
2023-08-22 13:51:26 V/Bot.2398493975: [ç­ç­äº‘æ—…æ¸¸å†›å›¢@ðŸŽ¤å•¥(887156367)] Freeze_Kirin(768173212) -> å¦ˆçš„ï¼Œå’Œcyå¼€ä¸ªä¼šæ±—æµä¸‹æ¥äº†ã€‚ylfä¹‹å‰æ²¡æ³¨æ„è¿™ä¸ªé¡¹ç›®æ‰¾cyèŠè¿‡ï¼Œåˆå’Œæˆ‘ä»¬æ•´äº†ä¸ªæ–°çš„ã€‚
2023-08-22 13:51:44 V/Bot.2398493975: [ç­ç­äº‘æ—…æ¸¸å†›å›¢@ðŸŽ¤å•¥(887156367)] Freeze_Kirin(768173212) -> cyï¼šè¿™ä¸ªä¹‹å‰ä¸éƒ½ç»†åŒ–è¿‡äº†å—ï¼Ÿæ€Žä¹ˆè¿˜æ•´ä¸ªæ–°çš„å‘¢
2023-08-22 13:51:46 V/Bot.2398493975: [ç­ç­äº‘æ—…æ¸¸å†›å›¢@ðŸŽ¤å•¥(887156367)] Freeze_Kirin(768173212) -> [mirai:image:{7A6A1C32-E803-5A63-B146-57CC40CE4C85}.png, width=352, height=254, size=39350, type=GIF, isEmoji=true]
2023-08-22 13:52:29 V/Bot.2398493975: [ç­ç­äº‘æ—…æ¸¸å†›å›¢@ðŸŽ¤å•¥(887156367)] ç­ç­ç¡è§‰å¤§è‡£@è¢«ç­ç­å†›å›¢å¼€é™¤(963423936) -> [mirai:image:{BD9C03BE-31F7-FAB2-2CAA-A5655466C3BD}.png, width=1900, height=2532, size=534543, type=JPG, isEmoji=false]
2023-08-22 13:58:34 V/Bot.2398493975: [ç­ç­äº‘æ—…æ¸¸å†›å›¢@ðŸŽ¤å•¥(887156367)] èåœ@èåœè»å›£(690875992) -> [mirai:image:{49972A14-A1A1-BB44-F5DD-1C550F9CD182}.png, width=303, height=440, size=22824, type=PNG, isEmoji=false]
2023-08-22 14:05:02 V/Bot.2398493975: [ç­ç­äº‘æ—…æ¸¸å†›å›¢@ðŸŽ¤å•¥(887156367)] ç­ç­ç¡è§‰å¤§è‡£@è¢«ç­ç­å†›å›¢å¼€é™¤(963423936) -> [mirai:image:{6E0BB3F3-A06E-15B6-1E5D-BA6E2F22FE34}.png, width=1900, height=2532, size=938193, type=JPG, isEmoji=false]
2023-08-22 14:13:09 V/Bot.2398493975: [ç­ç­äº‘æ—…æ¸¸å†›å›¢@ðŸŽ¤å•¥(887156367)] ç­ç­ç¡è§‰å¤§è‡£@è¢«ç­ç­å†›å›¢å¼€é™¤(963423936) -> [mirai:image:{C4B92699-C7F8-4550-D401-1035FCF28199}.png, width=1900, height=2532, size=819116, type=JPG, isEmoji=false]
2023-08-22 14:13:31 V/Bot.2398493975: [ç­ç­äº‘æ—…æ¸¸å†›å›¢@ðŸŽ¤å•¥(887156367)] èåœ@èåœè»å›£(690875992) -> [mirai:image:{6D29D748-FB40-CA3B-16DB-8A501BF3E8C2}.jpg, width=1080, height=2400, size=140169, type=JPG, isEmoji=false]
2023-08-22 14:16:44 I/UnidbgFetchQsign: Bot(2398493975) request_token, submit success
2023-08-22 14:18:31 V/Bot.2398493975: [ç­ç­äº‘æ—…æ¸¸å†›å›¢@ðŸŽ¤å•¥(887156367)] ç­ç­ç¡è§‰å¤§è‡£@è¢«ç­ç­å†›å›¢å¼€é™¤(963423936) -> è¦ä¹°ç‚¹è¡£æœ
2023-08-22 14:18:32 V/Bot.2398493975: [ç­ç­äº‘æ—…æ¸¸å†›å›¢@ðŸŽ¤å•¥(887156367)] ç­ç­ç¡è§‰å¤§è‡£@è¢«ç­ç­å†›å›¢å¼€é™¤(963423936) -> å¸¦å›žæ¥çš„å¤ªå°‘äº†
2023-08-22 14:18:32 V/Bot.2398493975: [ç­ç­äº‘æ—…æ¸¸å†›å›¢@ðŸŽ¤å•¥(887156367)] ç­ç­ç¡è§‰å¤§è‡£@è¢«ç­ç­å†›å›¢å¼€é™¤(963423936) -> [mirai:image:{C7F80D45-154B-00C6-FE0F-BA7E0386A94D}.png, width=240, height=240, size=100937, type=GIF, isEmoji=true]
2023-08-22 14:18:40 V/Bot.2398493975: [ç­ç­äº‘æ—…æ¸¸å†›å›¢@ðŸŽ¤å•¥(887156367)] ç­ç­ç¡è§‰å¤§è‡£@è¢«ç­ç­å†›å›¢å¼€é™¤(963423936) -> [mirai:image:{AE81F942-D131-DE75-5811-C477932B0E65}.png, width=1900, height=2532, size=665478, type=JPG, isEmoji=false]
2023-08-22 14:22:44 V/Bot.2398493975: [ç­ç­äº‘æ—…æ¸¸å†›å›¢@ðŸŽ¤å•¥(887156367)] Freeze_Kirin(768173212) -> ðŸŽ7âƒ£ï¸ðŸŽ
2023-08-22 14:27:14 V/Bot.2398493975: [ç­ç­äº‘æ—…æ¸¸å†›å›¢@ðŸŽ¤å•¥(887156367)] @ç­ç­è®°å¾—æ‰“challenge(1609323331) -> [mirai:image:{3CA0E185-E7C0-0897-992D-F744BCC862D0}.png, width=1060, height=613, size=65935, type=JPG, isEmoji=false]
2023-08-22 14:27:21 V/Bot.2398493975: [ç­ç­äº‘æ—…æ¸¸å†›å›¢@ðŸŽ¤å•¥(887156367)] @ç­ç­è®°å¾—æ‰“challenge(1609323331) -> è¿™ä¸ªå‡ºæœ‰å•¥ç”¨
2023-08-22 14:27:27 V/Bot.2398493975: Event: GroupRecall(bot=Bot(2398493975), authorId=1609323331, messageIds=[61381], messageInternalIds=[2047995958], messageTime=1692685641, operator=NormalMember(1609323331), group=Group(887156367), author=NormalMember(1609323331))
2023-08-22 14:27:31 V/Bot.2398493975: [ç­ç­äº‘æ—…æ¸¸å†›å›¢@ðŸŽ¤å•¥(887156367)] @ç­ç­è®°å¾—æ‰“challenge(1609323331) -> è¿™ä¸ªå‡ºäº†æœ‰å•¥ç”¨å—
2023-08-22 14:27:47 V/Bot.2398493975: [ç­ç­äº‘æ—…æ¸¸å†›å›¢@ðŸŽ¤å•¥(887156367)] @ç­ç­è®°å¾—æ‰“challenge(1609323331) -> [mirai:image:{8BF34B10-19C1-4195-5866-6DDB73A903D8}.png, width=249, height=188, size=54265, type=GIF, isEmoji=true]
2023-08-22 14:28:15 V/Bot.2398493975: [ç­ç­äº‘æ—…æ¸¸å†›å›¢@ðŸŽ¤å•¥(887156367)] Freeze_Kirin(768173212) -> æ²¡å•¥ç”¨
2023-08-22 14:28:30 V/Bot.2398493975: [ç­ç­äº‘æ—…æ¸¸å†›å›¢@ðŸŽ¤å•¥(887156367)] Freeze_Kirin(768173212) -> ææ–™ä¸å¤Ÿè¿˜æ˜¯è¦ä¸€çº§çº§ç‚¹
2023-08-22 14:28:30 V/Bot.2398493975: [ç­ç­äº‘æ—…æ¸¸å†›å›¢@ðŸŽ¤å•¥(887156367)] å“­å“­Kirin@ä¹Ÿè¢«ç­ç­å†›å›¢å¼€é™¤(472247053) -> è£…å¤‡çš„å‘¢
2023-08-22 14:28:38 V/Bot.2398493975: [ç­ç­äº‘æ—…æ¸¸å†›å›¢@ðŸŽ¤å•¥(887156367)] å“­å“­Kirin@ä¹Ÿè¢«ç­ç­å†›å›¢å¼€é™¤(472247053) -> ç”Ÿrankçš„æœ‰ç”¨ä¸€ç‚¹
2023-08-22 14:28:54 V/Bot.2398493975: [ç­ç­äº‘æ—…æ¸¸å†›å›¢@ðŸŽ¤å•¥(887156367)] å“­å“­Kirin@ä¹Ÿè¢«ç­ç­å†›å›¢å¼€é™¤(472247053) -> ä¸è¿‡å…¶å®žéƒ½å·®ä¸å¤š
2023-08-22 14:31:03 V/Bot.2398493975: [ç­ç­äº‘æ—…æ¸¸å†›å›¢@ðŸŽ¤å•¥(887156367)] @ç­ç­è®°å¾—æ‰“challenge(1609323331) -> è£…å¤‡çš„ä¸æ˜¯æœ‰å˜›
2023-08-22 14:31:20 V/Bot.2398493975: [ç­ç­äº‘æ—…æ¸¸å†›å›¢@ðŸŽ¤å•¥(887156367)] @ç­ç­è®°å¾—æ‰“challenge(1609323331) -> æŠ€èƒ½æˆ‘ä¹Ÿå‡ä¸èµ·æ
2023-08-22 14:31:58 V/Bot.2398493975: [ç­ç­äº‘æ—…æ¸¸å†›å›¢@ðŸŽ¤å•¥(887156367)] @ç­ç­è®°å¾—æ‰“challenge(1609323331) -> åˆç¿»ç‰Œç‰Œ[mirai:image:{88835FD7-ED3D-B782-F4C9-E1ADAE6C53BF}.png, width=1280, height=480, size=187467, type=JPG, isEmoji=false]
2023-08-22 14:32:04 V/Bot.2398493975: [ç­ç­äº‘æ—…æ¸¸å†›å›¢@ðŸŽ¤å•¥(887156367)] @ç­ç­è®°å¾—æ‰“challenge(1609323331) -> æ”’ä½“åŠ›äº†
2023-08-22 14:32:08 V/Bot.2398493975: [ç­ç­äº‘æ—…æ¸¸å†›å›¢@ðŸŽ¤å•¥(887156367)] Freeze_Kirin(768173212) -> è¿™å•¥
2023-08-22 14:32:10 V/Bot.2398493975: [ç­ç­äº‘æ—…æ¸¸å†›å›¢@ðŸŽ¤å•¥(887156367)] Freeze_Kirin(768173212) -> å’‹çŽ©
2023-08-22 14:32:45 V/Bot.2398493975: [ç­ç­äº‘æ—…æ¸¸å†›å›¢@ðŸŽ¤å•¥(887156367)] @ç­ç­è®°å¾—æ‰“challenge(1609323331) -> æŠ½å¡
2023-08-22 14:32:48 V/Bot.2398493975: [ç­ç­äº‘æ—…æ¸¸å†›å›¢@ðŸŽ¤å•¥(887156367)] @ç­ç­è®°å¾—æ‰“challenge(1609323331) -> åˆ·æ–°
2023-08-22 14:32:50 V/Bot.2398493975: [ç­ç­äº‘æ—…æ¸¸å†›å›¢@ðŸŽ¤å•¥(887156367)] @ç­ç­è®°å¾—æ‰“challenge(1609323331) -> æŠ½å¡
2023-08-22 14:32:52 V/Bot.2398493975: [ç­ç­äº‘æ—…æ¸¸å†›å›¢@ðŸŽ¤å•¥(887156367)] @ç­ç­è®°å¾—æ‰“challenge(1609323331) -> åˆ·æ–°
2023-08-22 14:33:01 V/Bot.2398493975: [ç­ç­äº‘æ—…æ¸¸å†›å›¢@ðŸŽ¤å•¥(887156367)] @ç­ç­è®°å¾—æ‰“challenge(1609323331) -> å†æŠ½å¡
2023-08-22 14:33:12 V/Bot.2398493975: [ç­ç­äº‘æ—…æ¸¸å†›å›¢@ðŸŽ¤å•¥(887156367)] @ç­ç­è®°å¾—æ‰“challenge(1609323331) -> ç„¶åŽï¼Œå“‡ï¼Œé’±å¤šäº†5kw
2023-08-22 14:33:56 V/Bot.2398493975: [ç­ç­äº‘æ—…æ¸¸å†›å›¢@ðŸŽ¤å•¥(887156367)] @ç­ç­è®°å¾—æ‰“challenge(1609323331) -> è¯¥æ‰“challengeäº†
2023-08-22 14:34:35 V/Bot.2398493975: [ç­ç­äº‘æ—…æ¸¸å†›å›¢@ðŸŽ¤å•¥(887156367)] Freeze_Kirin(768173212) -> challengeæ˜¯å•¥
2023-08-22 14:35:07 V/Bot.2398493975: [ç­ç­äº‘æ—…æ¸¸å†›å›¢@ðŸŽ¤å•¥(887156367)] @ç­ç­è®°å¾—æ‰“challenge(1609323331) -> [mirai:image:{E4E58D75-A03E-FD71-CE10-9CBCEEB74C99}.png, width=2388, height=1668, size=280789, type=JPG, isEmoji=false]
2023-08-22 14:35:19 V/Bot.2398493975: [ç­ç­äº‘æ—…æ¸¸å†›å›¢@ðŸŽ¤å•¥(887156367)] Freeze_Kirin(768173212) -> åŽŸæ¥æ˜¯è¿™ä¸ª
2023-08-22 14:35:24 V/Bot.2398493975: [ç­ç­äº‘æ—…æ¸¸å†›å›¢@ðŸŽ¤å•¥(887156367)] @ç­ç­è®°å¾—æ‰“challenge(1609323331) -> å¿˜è®°æ‰“äº†
2023-08-22 14:35:28 V/Bot.2398493975: [ç­ç­äº‘æ—…æ¸¸å†›å›¢@ðŸŽ¤å•¥(887156367)] @ç­ç­è®°å¾—æ‰“challenge(1609323331) -> [mirai:image:{FCD07CB2-D2AD-30AD-2619-E7F4398ABE4A}.png, width=512, height=420, size=441219, type=GIF, isEmoji=true]
2023-08-22 14:35:46 V/Bot.2398493975: [ç­ç­äº‘æ—…æ¸¸å†›å›¢@ðŸŽ¤å•¥(887156367)] Freeze_Kirin(768173212) -> ä¹‹å‰é‚£ä¸ªuiå¤æ´»challengeè¿›åŽ»çœ‹äº†ä¸€çœ¼å‘çŽ°å¥½éš¾
2023-08-22 14:35:53 V/Bot.2398493975: [ç­ç­äº‘æ—…æ¸¸å†›å›¢@ðŸŽ¤å•¥(887156367)] Freeze_Kirin(768173212) -> ç„¶åŽå°±çœ‹ä¸è§å¼€æ‘†äº†
2023-08-22 14:36:48 V/Bot.2398493975: [ç­ç­äº‘æ—…æ¸¸å†›å›¢@ðŸŽ¤å•¥(887156367)] zz@çºçºè»å›£(771507043) -> è¿™æ¬¡challengeæ‰“äº†ä¸¤å…³ç¬¬ä¸‰å…³æ‰“ä¸åŠ¨äº†
2023-08-22 14:37:07 V/Bot.2398493975: [ç­ç­äº‘æ—…æ¸¸å†›å›¢@ðŸŽ¤å•¥(887156367)] @ç­ç­è®°å¾—æ‰“challenge(1609323331) -> å¯ä»¥å€Ÿå‡ ä¸ªäººå•Š
2023-08-22 14:37:48 V/Bot.2398493975: [ç­ç­äº‘æ—…æ¸¸å†›å›¢@ðŸŽ¤å•¥(887156367)] @ç­ç­è®°å¾—æ‰“challenge(1609323331) -> æ€Žä¹ˆæœ‰è¿™ä¹ˆå¤šå•Š[mirai:image:{F0FFDF35-BA93-A865-9A17-5657F484348A}.png, width=1087, height=607, size=76277, type=JPG, isEmoji=false][mirai:image:{B9436798-3B65-C2D4-6974-638A1BB13D74}.png, width=1106, height=552, size=69554, type=JPG, isEmoji=false]
2023-08-22 14:38:01 V/Bot.2398493975: [ç­ç­äº‘æ—…æ¸¸å†›å›¢@ðŸŽ¤å•¥(887156367)] @ç­ç­è®°å¾—æ‰“challenge(1609323331) -> [mirai:quote:[mirai:source:ids=[61403], internalIds=[1219303705], from 1609323331 to 887156367 at 1692686107], content=<not yet initialized>]è¿™ä¸ªå›¾é‡Œä¸æ˜¯å››ä¸ªå˜›
2023-08-22 14:38:37 V/Bot.2398493975: [ç­ç­äº‘æ—…æ¸¸å†›å›¢@ðŸŽ¤å•¥(887156367)] @ç­ç­è®°å¾—æ‰“challenge(1609323331) -> [mirai:quote:[mirai:source:ids=[61407], internalIds=[1384910248], from 768173212 to 887156367 at 1692686146], content=<not yet initialized>][mirai:at:768173212] é‚£ä¸ªå¥½åƒåªæœ‰1ç®€å•
2023-08-22 14:38:56 V/Bot.2398493975: [ç­ç­äº‘æ—…æ¸¸å†›å›¢@ðŸŽ¤å•¥(887156367)] Freeze_Kirin(768173212) -> å¯æˆ‘è¿ž1éƒ½æ˜¯è¿›åŽ»å°±æ­»
2023-08-22 14:38:58 V/Bot.2398493975: [ç­ç­äº‘æ—…æ¸¸å†›å›¢@ðŸŽ¤å•¥(887156367)] Freeze_Kirin(768173212) -> [mirai:image:{7A6A1C32-E803-5A63-B146-57CC40CE4C85}.png, width=352, height=254, size=39350, type=GIF, isEmoji=true]
2023-08-22 14:39:04 V/Bot.2398493975: [ç­ç­äº‘æ—…æ¸¸å†›å›¢@ðŸŽ¤å•¥(887156367)] @ç­ç­è®°å¾—æ‰“challenge(1609323331) -> é‚£ç­‰çº§ä¸å¤Ÿ
2023-08-22 14:39:14 V/Bot.2398493975: [ç­ç­äº‘æ—…æ¸¸å†›å›¢@ðŸŽ¤å•¥(887156367)] zz@çºçºè»å›£(771507043) -> 6ä¸ªchallenge
2023-08-22 14:39:14 V/Bot.2398493975: [ç­ç­äº‘æ—…æ¸¸å†›å›¢@ðŸŽ¤å•¥(887156367)] @ç­ç­è®°å¾—æ‰“challenge(1609323331) -> è¿™æ¬¡å¤§æ¦‚èƒ½æ‰“ä¸€ä¸¤ä¸ª
2023-08-22 14:39:28 V/Bot.2398493975: [ç­ç­äº‘æ—…æ¸¸å†›å›¢@ðŸŽ¤å•¥(887156367)] Freeze_Kirin(768173212) -> å¸®æˆ‘æ‰“
2023-08-22 14:39:33 V/Bot.2398493975: [ç­ç­äº‘æ—…æ¸¸å†›å›¢@ðŸŽ¤å•¥(887156367)] Freeze_Kirin(768173212) -> [mirai:image:{8B7D494F-27EC-B716-D242-0D8FF95BB9C2}.png, width=109, height=81, size=85057, type=GIF, isEmoji=true]
2023-08-22 14:39:43 V/Bot.2398493975: [ç­ç­äº‘æ—…æ¸¸å†›å›¢@ðŸŽ¤å•¥(887156367)] @ç­ç­è®°å¾—æ‰“challenge(1609323331) -> [mirai:image:{7B4FAB6B-0BA8-0F4C-F8DC-B2AF31AB603E}.png, width=512, height=512, size=192357, type=GIF, isEmoji=true]
2023-08-22 14:39:47 V/Bot.2398493975: [ç­ç­äº‘æ—…æ¸¸å†›å›¢@ðŸŽ¤å•¥(887156367)] @ç­ç­è®°å¾—æ‰“challenge(1609323331) -> æˆ‘å…ˆçœ‹çœ‹æ€Žä¹ˆæ‰“
2023-08-22 14:39:48 V/Bot.2398493975: [ç­ç­äº‘æ—…æ¸¸å†›å›¢@ðŸŽ¤å•¥(887156367)] zz@çºçºè»å›£(771507043) -> [mirai:quote:[mirai:source:ids=[61412], internalIds=[1566809664], from 1609323331 to 887156367 at 1692686281], content=<not yet initialized>][mirai:at:1609323331] ä½ å›¾é‡Œæ˜¯å››è¾¹å½¢å—æ€Žä¹ˆåªæœ‰4ä¸ªäº†
2023-08-22 14:40:08 V/Bot.2398493975: [ç­ç­äº‘æ—…æ¸¸å†›å›¢@ðŸŽ¤å•¥(887156367)] @ç­ç­è®°å¾—æ‰“challenge(1609323331) -> é‚£æˆ‘äººåœ¨å“ªé‡Œå•Š
2023-08-22 14:40:16 V/Bot.2398493975: [ç­ç­äº‘æ—…æ¸¸å†›å›¢@ðŸŽ¤å•¥(887156367)] @ç­ç­è®°å¾—æ‰“challenge(1609323331) -> åŽŸæ¥æˆ‘ä¸æ˜¯é‚£ä¸ªnonomi
2023-08-22 14:41:31 V/Bot.2398493975: [ç­ç­äº‘æ—…æ¸¸å†›å›¢@ðŸŽ¤å•¥(887156367)] @ç­ç­è®°å¾—æ‰“challenge(1609323331) -> è¿™åˆæ˜¯å•¥å•Š[mirai:image:{DC02DA7B-BAEC-9259-5B6F-736C7FDBEEA6}.png, width=494, height=290, size=32474, type=JPG, isEmoji=false]
2023-08-22 14:41:40 V/Bot.2398493975: [ç­ç­äº‘æ—…æ¸¸å†›å›¢@ðŸŽ¤å•¥(887156367)] @ç­ç­è®°å¾—æ‰“challenge(1609323331) -> [mirai:marketface:232557,[å“]]
2023-08-22 14:41:43 V/Bot.2398493975: [ç­ç­äº‘æ—…æ¸¸å†›å›¢@ðŸŽ¤å•¥(887156367)] Freeze_Kirin(768173212) -> å½©çº¢å†›å›¢
2023-08-22 14:41:54 V/Bot.2398493975: [ç­ç­äº‘æ—…æ¸¸å†›å›¢@ðŸŽ¤å•¥(887156367)] @ç­ç­è®°å¾—æ‰“challenge(1609323331) -> å½©çº¢å†›å›¢
2023-08-22 14:42:11 V/Bot.2398493975: [ç­ç­äº‘æ—…æ¸¸å†›å›¢@ðŸŽ¤å•¥(887156367)] zz@çºçºè»å›£(771507043) -> è¿˜å¥½ï¼Œè¡€ä¸æ˜¯å¾ˆé«˜
2023-08-22 14:42:48 V/Bot.2398493975: [ç­ç­äº‘æ—…æ¸¸å†›å›¢@ðŸŽ¤å•¥(887156367)] zz@çºçºè»å›£(771507043) -> æˆ‘ä¸€ä¸ªaoeä¸‹åŽ»é€†å±žæ€§çš„å‰©ä¸€ä¸
2023-08-22 14:48:06 V/Bot.2398493975: [ç­ç­äº‘æ—…æ¸¸å†›å›¢@ðŸŽ¤å•¥(887156367)] ç­ç­ç¡è§‰å¤§è‡£@è¢«ç­ç­å†›å›¢å¼€é™¤(963423936) -> å¥½å¤§çš„é›¨
2023-08-22 14:48:15 V/Bot.2398493975: [ç­ç­äº‘æ—…æ¸¸å†›å›¢@ðŸŽ¤å•¥(887156367)] ç­ç­ç¡è§‰å¤§è‡£@è¢«ç­ç­å†›å›¢å¼€é™¤(963423936) -> å¥½å¤§çš„é£Ž
2023-08-22 14:49:12 V/Bot.2398493975: [ç­ç­äº‘æ—…æ¸¸å†›å›¢@ðŸŽ¤å•¥(887156367)] @ç­ç­è®°å¾—æ‰“challenge(1609323331) -> [ä¸æ”¯æŒçš„æ¶ˆæ¯#-1837675158]
2023-08-22 14:56:45 I/UnidbgFetchQsign: Bot(2398493975) request_token, submit success
2023-08-22 15:00:21 V/Bot.2398493975: [ç­ç­äº‘æ—…æ¸¸å†›å›¢@ðŸŽ¤å•¥(887156367)] zz@çºçºè»å›£(771507043) -> ch4çš„å¤§å”æ€Žä¹ˆæ‰›ä¸€ä¸ªmikaå¤§ä¸æ­»çš„
2023-08-22 15:04:22 V/Bot.2398493975: [ç­ç­äº‘æ—…æ¸¸å†›å›¢@ðŸŽ¤å•¥(887156367)] ç­ç­ç¡è§‰å¤§è‡£@è¢«ç­ç­å†›å›¢å¼€é™¤(963423936) -> [mirai:image:{C4A1EA57-AF47-356A-B625-34A829630F42}.png, width=1900, height=2532, size=623852, type=JPG, isEmoji=false]
2023-08-22 15:04:26 V/Bot.2398493975: [ç­ç­äº‘æ—…æ¸¸å†›å›¢@ðŸŽ¤å•¥(887156367)] @ç­ç­è®°å¾—æ‰“challenge(1609323331) -> æˆ‘çš„æ‰“æ­»äº†
2023-08-22 15:04:43 V/Bot.2398493975: [ç­ç­äº‘æ—…æ¸¸å†›å›¢@ðŸŽ¤å•¥(887156367)] zz@çºçºè»å›£(771507043) -> å¿«å…¥å­¦
2023-08-22 15:04:53 V/Bot.2398493975: [ç­ç­äº‘æ—…æ¸¸å†›å›¢@ðŸŽ¤å•¥(887156367)] zz@çºçºè»å›£(771507043) -> ä½ æ¯”æˆ‘é«˜10çº§
2023-08-22 15:06:04 V/Bot.2398493975: [ç­ç­äº‘æ—…æ¸¸å†›å›¢@ðŸŽ¤å•¥(887156367)] ç­ç­ç¡è§‰å¤§è‡£@è¢«ç­ç­å†›å›¢å¼€é™¤(963423936) -> lp
2023-08-22 15:06:09 V/Bot.2398493975: [ç­ç­äº‘æ—…æ¸¸å†›å›¢@ðŸŽ¤å•¥(887156367)] zz@çºçºè»å›£(771507043) -> æˆ‘mika75çº§t7æ‰“å®Œå‰©ä¸€ä¸ç„¶åŽå¤§å”é©¬ä¸Šç»™è‡ªå·±å›žè¡€
2023-08-22 15:07:46 V/Bot.2398493975: [ç­ç­äº‘æ—…æ¸¸å†›å›¢@ðŸŽ¤å•¥(887156367)] ç­ç­ç¡è§‰å¤§è‡£@è¢«ç­ç­å†›å›¢å¼€é™¤(963423936) -> è‰
2023-08-22 15:08:55 V/Bot.2398493975: [ç­ç­äº‘æ—…æ¸¸å†›å›¢@ðŸŽ¤å•¥(887156367)] @ç­ç­è®°å¾—æ‰“challenge(1609323331) -> è‰
2023-08-22 15:09:04 V/Bot.2398493975: [ç­ç­äº‘æ—…æ¸¸å†›å›¢@ðŸŽ¤å•¥(887156367)] @ç­ç­è®°å¾—æ‰“challenge(1609323331) -> åå¤§å”
2023-08-22 15:09:20 V/Bot.2398493975: [ç­ç­äº‘æ—…æ¸¸å†›å›¢@ðŸŽ¤å•¥(887156367)] @ç­ç­è®°å¾—æ‰“challenge(1609323331) -> å¡ç‚¹[mirai:image:{4A06D2D9-4D50-85CD-36BB-08BBE5E479CC}.png, width=2388, height=1668, size=458903, type=JPG, isEmoji=false]
2023-08-22 15:09:59 V/Bot.2398493975: [ç­ç­äº‘æ—…æ¸¸å†›å›¢@ðŸŽ¤å•¥(887156367)] @ç­ç­è®°å¾—æ‰“challenge(1609323331) -> æ‰“å®Œå’¯
2023-08-22 15:11:41 V/Bot.2398493975: [ç­ç­äº‘æ—…æ¸¸å†›å›¢@ðŸŽ¤å•¥(887156367)] @ç­ç­è®°å¾—æ‰“challenge(1609323331) -> æˆ‘å¥½åƒæŒ‚ç€ç¦æœˆè¯¶
2023-08-22 15:11:58 V/Bot.2398493975: [ç­ç­äº‘æ—…æ¸¸å†›å›¢@ðŸŽ¤å•¥(887156367)] @ç­ç­è®°å¾—æ‰“challenge(1609323331) -> å€Ÿè¿™ä¸ªå°±èƒ½æ‰“è¿‡å‰ä¸‰å›¾äº†
2023-08-22 15:12:29 V/Bot.2398493975: [ç­ç­äº‘æ—…æ¸¸å†›å›¢@ðŸŽ¤å•¥(887156367)] zz@çºçºè»å›£(771507043) -> [mirai:image:{8CA16E5E-FA0C-9301-5AA3-33972ABC1EEA}.png, width=1284, height=515, size=76783, type=JPG, isEmoji=false]
2023-08-22 15:12:36 V/Bot.2398493975: [ç­ç­äº‘æ—…æ¸¸å†›å›¢@ðŸŽ¤å•¥(887156367)] zz@çºçºè»å›£(771507043) -> ç»´æŠ¤ä¸€å¹´
2023-08-22 15:15:16 V/Bot.2398493975: [ç­ç­äº‘æ—…æ¸¸å†›å›¢@ðŸŽ¤å•¥(887156367)] @ç­ç­è®°å¾—æ‰“challenge(1609323331) -> æ€Žä¹ˆåŠž
2023-08-22 15:15:20 V/Bot.2398493975: [ç­ç­äº‘æ—…æ¸¸å†›å›¢@ðŸŽ¤å•¥(887156367)] @ç­ç­è®°å¾—æ‰“challenge(1609323331) -> [mirai:image:{571E27DB-187B-D516-21CF-9D2467BA58BC}.png, width=2388, height=1668, size=463343, type=JPG, isEmoji=false]
2023-08-22 15:15:22 V/Bot.2398493975: [ç­ç­äº‘æ—…æ¸¸å†›å›¢@ðŸŽ¤å•¥(887156367)] @ç­ç­è®°å¾—æ‰“challenge(1609323331) -> [mirai:image:{7DC9F369-B812-B1B0-F755-1AF8EE8F50FC}.png, width=2388, height=1668, size=454048, type=JPG, isEmoji=false]
2023-08-22 15:15:55 V/Bot.2398493975: [ç­ç­äº‘æ—…æ¸¸å†›å›¢@ðŸŽ¤å•¥(887156367)] zz@çºçºè»å›£(771507043) -> 151ä¸ªå·è½´
2023-08-22 15:16:06 V/Bot.2398493975: [ç­ç­äº‘æ—…æ¸¸å†›å›¢@ðŸŽ¤å•¥(887156367)] Freeze_Kirin(768173212) -> 151ä¸ªå·è½´
2023-08-22 15:17:37 V/Bot.2398493975: [ç­ç­äº‘æ—…æ¸¸å†›å›¢@ðŸŽ¤å•¥(887156367)] @ç­ç­è®°å¾—æ‰“challenge(1609323331) -> å«æ³ªå¤šåˆ·äº†ç‚¹æ¢äº†å®¶å…·
2023-08-22 15:17:41 V/Bot.2398493975: [ç­ç­äº‘æ—…æ¸¸å†›å›¢@ðŸŽ¤å•¥(887156367)] @ç­ç­è®°å¾—æ‰“challenge(1609323331) -> [mirai:image:{ECB1281E-E17C-F20E-0060-DA328002022A}.png, width=216, height=138, size=4514, type=JPG, isEmoji=true]
2023-08-22 15:17:42 V/Bot.2398493975: [ç­ç­äº‘æ—…æ¸¸å†›å›¢@ðŸŽ¤å•¥(887156367)] ç­ç­ç¡è§‰å¤§è‡£@è¢«ç­ç­å†›å›¢å¼€é™¤(963423936) -> [mirai:image:{457B84D4-F270-198A-0DF1-2CCEDF63BBD5}.png, width=2528, height=2132, size=732571, type=JPG, isEmoji=false]
2023-08-22 15:17:44 V/Bot.2398493975: [ç­ç­äº‘æ—…æ¸¸å†›å›¢@ðŸŽ¤å•¥(887156367)] ç­ç­ç¡è§‰å¤§è‡£@è¢«ç­ç­å†›å›¢å¼€é™¤(963423936) -> ä¹°äº†ï¼ˆæ‚²ï¼‰
2023-08-22 15:17:54 V/Bot.2398493975: [ç­ç­äº‘æ—…æ¸¸å†›å›¢@ðŸŽ¤å•¥(887156367)] @ç­ç­è®°å¾—æ‰“challenge(1609323331) -> æˆ‘çš„å‘¢
2023-08-22 15:17:58 V/Bot.2398493975: [ç­ç­äº‘æ—…æ¸¸å†›å›¢@ðŸŽ¤å•¥(887156367)] @ç­ç­è®°å¾—æ‰“challenge(1609323331) -> ç»™æˆ‘ä¹Ÿä¹°
2023-08-22 15:18:24 V/Bot.2398493975: [ç­ç­äº‘æ—…æ¸¸å†›å›¢@ðŸŽ¤å•¥(887156367)] @ç­ç­è®°å¾—æ‰“challenge(1609323331) -> [mirai:image:{7AAB86C2-2E54-B41B-1127-E416989F377D}.png, width=124, height=139, size=6514, type=JPG, isEmoji=true]
2023-08-22 15:20:40 V/Bot.2398493975: [ç­ç­äº‘æ—…æ¸¸å†›å›¢@ðŸŽ¤å•¥(887156367)] zz@çºçºè»å›£(771507043) -> fripside?([mirai:image:{992568BF-A417-7840-F287-543D9CE61256}.png, width=1284, height=729, size=86164, type=JPG, isEmoji=false]
2023-08-22 15:21:20 V/Bot.2398493975: [ç­ç­äº‘æ—…æ¸¸å†›å›¢@ðŸŽ¤å•¥(887156367)] @ç­ç­è®°å¾—æ‰“challenge(1609323331) -> ï¼Ÿ
2023-08-22 15:22:42 V/Bot.2398493975: [ç­ç­äº‘æ—…æ¸¸å†›å›¢@ðŸŽ¤å•¥(887156367)] ç­ç­ç¡è§‰å¤§è‡£@è¢«ç­ç­å†›å›¢å¼€é™¤(963423936) -> [mirai:image:{DE8E3D90-C7D8-CB55-EDC7-DD673C1531C6}.png, width=1900, height=2532, size=775179, type=JPG, isEmoji=false]
2023-08-22 15:22:43 V/Bot.2398493975: [ç­ç­äº‘æ—…æ¸¸å†›å›¢@ðŸŽ¤å•¥(887156367)] ç­ç­ç¡è§‰å¤§è‡£@è¢«ç­ç­å†›å›¢å¼€é™¤(963423936) -> [mirai:image:{B9350DE1-318E-2DE7-C589-D6A05E53D618}.png, width=1900, height=2532, size=362225, type=JPG, isEmoji=false]
2023-08-22 15:25:14 V/Bot.2398493975: [ç­ç­äº‘æ—…æ¸¸å†›å›¢@ðŸŽ¤å•¥(887156367)] @ç­ç­è®°å¾—æ‰“challenge(1609323331) -> [mirai:image:{05919B55-D12E-11BD-7C76-D06FAD553D12}.png, width=370, height=296, size=100522, type=GIF, isEmoji=true]
2023-08-22 15:25:22 V/Bot.2398493975: [ç­ç­äº‘æ—…æ¸¸å†›å›¢@ðŸŽ¤å•¥(887156367)] zz@çºçºè»å›£(771507043) -> [mirai:image:{0841F03C-EBCD-B1D9-7F11-5CD30E1C7793}.png, width=1200, height=628, size=1505688, type=PNG, isEmoji=false]
2023-08-22 15:25:33 V/Bot.2398493975: [ç­ç­äº‘æ—…æ¸¸å†›å›¢@ðŸŽ¤å•¥(887156367)] @ç­ç­è®°å¾—æ‰“challenge(1609323331) -> [mirai:image:{BC2EBD14-7067-E004-DC17-4E7E3934B377}.png, width=2388, height=1668, size=384450, type=JPG, isEmoji=false]
2023-08-22 15:28:26 V/Bot.2398493975: [SHTè”æžéº»é…±åä¼š(493057481)] å¤§å¯å¥‡ä¸½(1485280964) -> botä¸æƒ³ç†ä½ 
2023-08-22 15:28:30 V/Bot.2398493975: [SHTè”æžéº»é…±åä¼š(493057481)] å¤§å¯å¥‡ä¸½(1485280964) -> [mirai:image:{EF7D2847-6C60-B08E-86E5-44F793747F46}.jpg, width=237, height=332, size=15139, type=JPG, isEmoji=true]
2023-08-22 15:28:38 V/Bot.2398493975: [ç­ç­äº‘æ—…æ¸¸å†›å›¢@ðŸŽ¤å•¥(887156367)] zz@çºçºè»å›£(771507043) -> [mirai:quote:[mirai:source:ids=[61468], internalIds=[1992692171], from 771507043 to 887156367 at 1692689122], content=<not yet initialized>]å…¨å®¶é©¬å¨˜è”åŠ¨æ€Žä¹ˆé™¤äº†èƒ¡èåœå°±æ˜¯èœ‚èœœ
2023-08-22 15:31:51 V/Bot.2398493975: [ç­ç­äº‘æ—…æ¸¸å†›å›¢@ðŸŽ¤å•¥(887156367)] zz@çºçºè»å›£(771507043) -> [mirai:image:{FDA5B138-F23B-A4E1-7E45-D4A1A487FCDC}.png, width=1000, height=1778, size=2088739, type=PNG, isEmoji=false]
2023-08-22 15:36:51 I/UnidbgFetchQsign: Bot(2398493975) request_token, submit success
2023-08-22 15:42:12 V/Bot.2398493975: [ç­ç­äº‘æ—…æ¸¸å†›å›¢@ðŸŽ¤å•¥(887156367)] ç­ç­ç¡è§‰å¤§è‡£@è¢«ç­ç­å†›å›¢å¼€é™¤(963423936) -> [mirai:quote:[mirai:source:ids=[61471], internalIds=[1469193483], from 771507043 to 887156367 at 1692689510], content=<not yet initialized>][mirai:at:771507043] æ˜¨å¤©æœ‹å‹ä¹°äº†
2023-08-22 15:42:22 V/Bot.2398493975: [ç­ç­äº‘æ—…æ¸¸å†›å›¢@ðŸŽ¤å•¥(887156367)] ç­ç­ç¡è§‰å¤§è‡£@è¢«ç­ç­å†›å›¢å¼€é™¤(963423936) -> æŠ½äº†ä¸ªå–œå¤š
2023-08-22 15:45:19 V/Bot.2398493975: [ç­ç­äº‘æ—…æ¸¸å†›å›¢@ðŸŽ¤å•¥(887156367)] @ç­ç­è®°å¾—æ‰“challenge(1609323331) -> æˆ‘çš„å‘¢
2023-08-22 15:45:37 V/Bot.2398493975: [ç­ç­äº‘æ—…æ¸¸å†›å›¢@ðŸŽ¤å•¥(887156367)] @ç­ç­è®°å¾—æ‰“challenge(1609323331) -> æ²¡ç»™ç­ç­ä¹°
2023-08-22 15:45:39 V/Bot.2398493975: [ç­ç­äº‘æ—…æ¸¸å†›å›¢@ðŸŽ¤å•¥(887156367)] @ç­ç­è®°å¾—æ‰“challenge(1609323331) -> [mirai:image:{FB9C65FB-5685-1B12-1B13-836B38246164}.png, width=292, height=205, size=61102, type=GIF, isEmoji=true]
2023-08-22 15:48:18 V/Bot.2398493975: [SHTè”æžéº»é…±åä¼š(493057481)] å¤§å¯å¥‡ä¸½(1485280964) -> [mirai:image:{894D3458-A8BE-F845-ED1D-A42EBB18A58D}.jpg, width=1920, height=864, size=197854, type=JPG, isEmoji=false]
2023-08-22 15:48:47 V/Bot.2398493975: [ç­ç­äº‘æ—…æ¸¸å†›å›¢@ðŸŽ¤å•¥(887156367)] ç­ç­ç¡è§‰å¤§è‡£@è¢«ç­ç­å†›å›¢å¼€é™¤(963423936) -> [mirai:image:{07D9C300-A6D8-EFEC-98C9-84EDD98DBE3E}.png, width=512, height=512, size=38344, type=GIF, isEmoji=true]
2023-08-22 15:48:57 V/Bot.2398493975: [ç­ç­äº‘æ—…æ¸¸å†›å›¢@ðŸŽ¤å•¥(887156367)] ç­ç­ç¡è§‰å¤§è‡£@è¢«ç­ç­å†›å›¢å¼€é™¤(963423936) -> éšæ—¶éƒ½èƒ½ä¹°
2023-08-22 15:51:07 V/Bot.2398493975: [ç­ç­äº‘æ—…æ¸¸å†›å›¢@ðŸŽ¤å•¥(887156367)] @ç­ç­è®°å¾—æ‰“challenge(1609323331) -> é‚£ç»™ç­ç­ä¹°é½å§
2023-08-22 15:51:09 V/Bot.2398493975: [ç­ç­äº‘æ—…æ¸¸å†›å›¢@ðŸŽ¤å•¥(887156367)] @ç­ç­è®°å¾—æ‰“challenge(1609323331) -> [mirai:image:{FB9C65FB-5685-1B12-1B13-836B38246164}.png, width=292, height=205, size=61102, type=GIF, isEmoji=true]
2023-08-22 15:51:28 V/Bot.2398493975: [ç­ç­äº‘æ—…æ¸¸å†›å›¢@ðŸŽ¤å•¥(887156367)] @ç­ç­è®°å¾—æ‰“challenge(1609323331) -> hinaå¥½åŽ‰å®³å“¦[mirai:image:{022C1F5D-F80D-85F5-6E5A-F705AF1056C8}.png, width=2388, height=1668, size=297469, type=JPG, isEmoji=false]
2023-08-22 15:53:00 V/Bot.2398493975: [ç­ç­äº‘æ—…æ¸¸å†›å›¢@ðŸŽ¤å•¥(887156367)] @ç­ç­è®°å¾—æ‰“challenge(1609323331) -> å·®ä¸€ç‚¹ç‚¹[mirai:image:{DD2D8115-7450-5597-7FE7-19C605B8766D}.png, width=496, height=378, size=24381, type=JPG, isEmoji=false]
2023-08-22 15:53:19 V/Bot.2398493975: [SHTè”æžéº»é…±åä¼š(493057481)] rokina(1024182759) -> æ¢¦ä¸­æƒ…ç‰Œ
2023-08-22 16:02:53 V/Bot.2398493975: [ç­ç­äº‘æ—…æ¸¸å†›å›¢@ðŸŽ¤å•¥(887156367)] @ç­ç­è®°å¾—æ‰“challenge(1609323331) -> [mirai:app:{"app":"com.tencent.structmsg","config":{"ctime":1692691372,"forward":true,"token":"07f0873131d82564323f735f07f54847","type":"normal"},"desc":"æ–°é—»","extra":{"app_type":1,"appid":1105517988,"uin":1609323331},"meta":{"news":{"action":"","android_pkg_name":"","app_type":1,"appid":1105517988,"ctime":1692691372,"desc":"æ¥è‡ªå“”å“©å“”å“©","jumpUrl":"https://b23.tv/Y8Y98gb","preview":"https://pic.ugcimg.cn/348350ffc1ce0eef51ca85a29939957b/jpg1","source_icon":"http://i.gtimg.cn/open/app_icon/05/51/79/88//1105517988_100_ios.png","source_url":"","tag":"å“”å“©å“”å“©HD","title":"ï¼»ç¢§è“æ¡£æ¡ˆï¼½æ‰˜å…³ç³»ç»™é˜¿éœ²æ‰¾äº†ä»½å¤–å–å‘˜çš„å·¥ä½œ","uin":1609323331}},"prompt":"[åˆ†äº«]ï¼»ç¢§è“æ¡£æ¡ˆï¼½æ‰˜å…³ç³»ç»™é˜¿éœ²æ‰¾äº†ä»½å¤–å–å‘˜çš„å·¥ä½œ","ver":"0.0.0.1","view":"news"}]
2023-08-22 16:06:26 V/Bot.2398493975: [ç­ç­äº‘æ—…æ¸¸å†›å›¢@ðŸŽ¤å•¥(887156367)] hzc@ç­ç­è»å›£äºŒåº¦å—(2384102753) -> [mirai:image:{647FA993-049F-726E-9A9C-61EB2C4868CC}.png, width=300, height=170, size=7651, type=JPG, isEmoji=true]
2023-08-22 16:07:02 V/Bot.2398493975: [ç­ç­äº‘æ—…æ¸¸å†›å›¢@ðŸŽ¤å•¥(887156367)] hzc@ç­ç­è»å›£äºŒåº¦å—(2384102753) -> [mirai:quote:[mirai:source:ids=[61324], internalIds=[1431523538], from 269418386 to 887156367 at 1692675108], content=<not yet initialized>][mirai:at:269418386] 
2023-08-22 16:07:29 V/Bot.2398493975: [ç­ç­äº‘æ—…æ¸¸å†›å›¢@ðŸŽ¤å•¥(887156367)] hzc@ç­ç­è»å›£äºŒåº¦å—(2384102753) -> [mirai:at:768173212] 
2023-08-22 16:08:24 V/Bot.2398493975: [ç­ç­äº‘æ—…æ¸¸å†›å›¢@ðŸŽ¤å•¥(887156367)] ç­ç­å“ªå‡‰å¿«å‘†å“ªå†›å›¢(1297471104) -> [mirai:image:{D0735693-8CF3-CA78-9B89-11065E90E083}.jpg, width=1920, height=1440, size=334538, type=JPG, isEmoji=false]
2023-08-22 16:08:34 V/Bot.2398493975: [ç­ç­äº‘æ—…æ¸¸å†›å›¢@ðŸŽ¤å•¥(887156367)] hzc@ç­ç­è»å›£äºŒåº¦å—(2384102753) -> ï¼Ÿ
2023-08-22 16:08:47 V/Bot.2398493975: [ç­ç­äº‘æ—…æ¸¸å†›å›¢@ðŸŽ¤å•¥(887156367)] ç­ç­å“ªå‡‰å¿«å‘†å“ªå†›å›¢(1297471104) -> å‘å¤§æ°´äº†
2023-08-22 16:09:06 V/Bot.2398493975: [ç­ç­äº‘æ—…æ¸¸å†›å›¢@ðŸŽ¤å•¥(887156367)] Freeze_Kirin(768173212) -> [mirai:image:{BE55A3FF-AA67-6378-11FA-1F72BF3ACC70}.png, width=512, height=512, size=504472, type=GIF, isEmoji=true]
2023-08-22 16:09:36 V/Bot.2398493975: [ç­ç­äº‘æ—…æ¸¸å†›å›¢@ðŸŽ¤å•¥(887156367)] Freeze_Kirin(768173212) -> è¿™çœ‹èµ·æ¥åƒå±‹é¡¶æ²¡äº†æ¼é›¨
2023-08-22 16:12:05 V/Bot.2398493975: [ç­ç­äº‘æ—…æ¸¸å†›å›¢@ðŸŽ¤å•¥(887156367)] Freeze_Kirin(768173212) -> ä¸€é“æ ï¼æˆ‘è¿˜æ˜¯å† å†›ï¼
2023-08-22 16:12:08 V/Bot.2398493975: [ç­ç­äº‘æ—…æ¸¸å†›å›¢@ðŸŽ¤å•¥(887156367)] Freeze_Kirin(768173212) -> [mirai:image:{05919B55-D12E-11BD-7C76-D06FAD553D12}.png, width=370, height=296, size=100522, type=GIF, isEmoji=true]
2023-08-22 16:12:18 V/Bot.2398493975: [ç­ç­äº‘æ—…æ¸¸å†›å›¢@ðŸŽ¤å•¥(887156367)] Freeze_Kirin(768173212) -> çœ‹æ¥å°±æ˜¯åˆæ„Ÿå†’äº†
2023-08-22 16:12:24 V/Bot.2398493975: [ç­ç­äº‘æ—…æ¸¸å†›å›¢@ðŸŽ¤å•¥(887156367)] hzc@ç­ç­è»å›£äºŒåº¦å—(2384102753) -> ä¸å¯¹å•Š è¿™ç—‡çŠ¶åº”è¯¥æ˜¯ðŸ‘äº†
2023-08-22 16:13:07 V/Bot.2398493975: [ç­ç­äº‘æ—…æ¸¸å†›å›¢@ðŸŽ¤å•¥(887156367)] hzc@ç­ç­è»å›£äºŒåº¦å—(2384102753) -> è·Ÿç¬¨ç¬¨äºŒé˜³çš„æ—¶å€™ä¸€æ ·åº”è¯¥
2023-08-22 16:13:13 V/Bot.2398493975: [ç­ç­äº‘æ—…æ¸¸å†›å›¢@ðŸŽ¤å•¥(887156367)] Freeze_Kirin(768173212) -> é‚£ä¸æ¸…æ¥šæã€‚æŠ—åŽŸåšäº†ä¸¤æ¬¡éƒ½æ˜¯ä¸€é“æ 
2023-08-22 16:13:33 V/Bot.2398493975: [ç­ç­äº‘æ—…æ¸¸å†›å›¢@ðŸŽ¤å•¥(887156367)] hzc@ç­ç­è»å›£äºŒåº¦å—(2384102753) -> æ²¡äº‹ ä½ å·²ç»æ˜¯ç­ç­å†›å›¢çš„å† å†›äº†
2023-08-22 16:13:47 V/Bot.2398493975: [ç­ç­äº‘æ—…æ¸¸å†›å›¢@ðŸŽ¤å•¥(887156367)] Freeze_Kirin(768173212) -> è¯¥å‚åŠ å…¨å›½å¤§èµ›äº†
2023-08-22 16:13:51 V/Bot.2398493975: [ç­ç­äº‘æ—…æ¸¸å†›å›¢@ðŸŽ¤å•¥(887156367)] Freeze_Kirin(768173212) -> [mirai:image:{4A921C18-FF44-2C37-9E7C-971837637B1D}.png, width=300, height=130, size=6492, type=JPG, isEmoji=true]
2023-08-22 16:15:16 V/Bot.2398493975: [ç­ç­äº‘æ—…æ¸¸å†›å›¢@ðŸŽ¤å•¥(887156367)] ä¼˜é›…çŒ›ç‰›(695150175) -> æˆ‘è€æ¿
2023-08-22 16:15:16 V/Bot.2398493975: [ç­ç­äº‘æ—…æ¸¸å†›å›¢@ðŸŽ¤å•¥(887156367)] ä¼˜é›…çŒ›ç‰›(695150175) -> çŽ°åœ¨åœ¨æˆ‘å®¶
2023-08-22 16:15:20 V/Bot.2398493975: [ç­ç­äº‘æ—…æ¸¸å†›å›¢@ðŸŽ¤å•¥(887156367)] ä¼˜é›…çŒ›ç‰›(695150175) -> å‚¬æˆ‘å›žåŽ»
2023-08-22 16:15:33 V/Bot.2398493975: [ç­ç­äº‘æ—…æ¸¸å†›å›¢@ðŸŽ¤å•¥(887156367)] ä¼˜é›…çŒ›ç‰›(695150175) -> [å¾®ç¬‘][å¾®ç¬‘][å¾®ç¬‘]
2023-08-22 16:15:34 V/Bot.2398493975: [ç­ç­äº‘æ—…æ¸¸å†›å›¢@ðŸŽ¤å•¥(887156367)] ä¼˜é›…çŒ›ç‰›(695150175) -> [mirai:image:{ED9D0C0B-AA4D-FF8A-DD6B-6A4790FBE1F8}.jpg, width=300, height=300, size=45857, type=GIF, isEmoji=false]
2023-08-22 16:15:36 V/Bot.2398493975: [ç­ç­äº‘æ—…æ¸¸å†›å›¢@ðŸŽ¤å•¥(887156367)] Freeze_Kirin(768173212) -> ï¼Ÿ
2023-08-22 16:15:39 V/Bot.2398493975: [ç­ç­äº‘æ—…æ¸¸å†›å›¢@ðŸŽ¤å•¥(887156367)] å“­å“­Kirin@ä¹Ÿè¢«ç­ç­å†›å›¢å¼€é™¤(472247053) -> ?
2023-08-22 16:16:30 V/Bot.2398493975: [ç­ç­äº‘æ—…æ¸¸å†›å›¢@ðŸŽ¤å•¥(887156367)] hzc@ç­ç­è»å›£äºŒåº¦å—(2384102753) -> ï¼Ÿ
2023-08-22 16:16:46 V/Bot.2398493975: [ç­ç­äº‘æ—…æ¸¸å†›å›¢@ðŸŽ¤å•¥(887156367)] ä¼˜é›…çŒ›ç‰›(695150175) -> æ‹¿ç€åšå£«åŽçš„æ–‡ä»¶å°±æ¥äº†
2023-08-22 16:16:47 V/Bot.2398493975: [ç­ç­äº‘æ—…æ¸¸å†›å›¢@ðŸŽ¤å•¥(887156367)] Freeze_Kirin(768173212) -> è¿™ä¸‹å·¥ä½œæ‰¾åˆ°äº†ï¼ˆï¼‰
2023-08-22 16:16:50 V/Bot.2398493975: [ç­ç­äº‘æ—…æ¸¸å†›å›¢@ðŸŽ¤å•¥(887156367)] ä¼˜é›…çŒ›ç‰›(695150175) -> æˆ‘çœŸçš„è°¢è°¢ä»–
2023-08-22 16:16:51 I/UnidbgFetchQsign: Bot(2398493975) request_token, submit success
2023-08-22 16:16:54 V/Bot.2398493975: [ç­ç­äº‘æ—…æ¸¸å†›å›¢@ðŸŽ¤å•¥(887156367)] ä¼˜é›…çŒ›ç‰›(695150175) -> [å¾®ç¬‘][å¾®ç¬‘]
2023-08-22 16:17:00 V/Bot.2398493975: [ç­ç­äº‘æ—…æ¸¸å†›å›¢@ðŸŽ¤å•¥(887156367)] Freeze_Kirin(768173212) -> [mirai:image:{6DB8D47D-6D88-2BA8-3315-3C91BE0598DE}.png, width=200, height=156, size=81787, type=GIF, isEmoji=true]
2023-08-22 16:17:09 V/Bot.2398493975: [ç­ç­äº‘æ—…æ¸¸å†›å›¢@ðŸŽ¤å•¥(887156367)] ä¼˜é›…çŒ›ç‰›(695150175) -> ä¸æƒ³åŽ»
2023-08-22 16:17:09 V/Bot.2398493975: [ç­ç­äº‘æ—…æ¸¸å†›å›¢@ðŸŽ¤å•¥(887156367)] hzc@ç­ç­è»å›£äºŒåº¦å—(2384102753) -> [mirai:image:{6DB8D47D-6D88-2BA8-3315-3C91BE0598DE}.png, width=200, height=156, size=81787, type=GIF, isEmoji=true]
2023-08-22 16:17:14 V/Bot.2398493975: [ç­ç­äº‘æ—…æ¸¸å†›å›¢@ðŸŽ¤å•¥(887156367)] ä¼˜é›…çŒ›ç‰›(695150175) -> è¦ä¸æˆ‘æ—©å›žåŽ»äº†
2023-08-22 16:17:16 V/Bot.2398493975: [ç­ç­äº‘æ—…æ¸¸å†›å›¢@ðŸŽ¤å•¥(887156367)] ä¼˜é›…çŒ›ç‰›(695150175) -> [æµæ³ª][æµæ³ª][æµæ³ª]
2023-08-22 16:17:28 V/Bot.2398493975: [ç­ç­äº‘æ—…æ¸¸å†›å›¢@ðŸŽ¤å•¥(887156367)] ä¼˜é›…çŒ›ç‰›(695150175) -> å¯èƒ½çŽ°åœ¨å·²ç»å¤©å¤©å­¦æ´»è¹²ç€äº†
2023-08-22 16:17:36 V/Bot.2398493975: [ç­ç­äº‘æ—…æ¸¸å†›å›¢@ðŸŽ¤å•¥(887156367)] ä¼˜é›…çŒ›ç‰›(695150175) -> ä»–é‚£æ€§æ ¼
2023-08-22 16:17:39 V/Bot.2398493975: [ç­ç­äº‘æ—…æ¸¸å†›å›¢@ðŸŽ¤å•¥(887156367)] ä¼˜é›…çŒ›ç‰›(695150175) -> æˆ‘çœŸå—ä¸äº†
2023-08-22 16:17:39 V/Bot.2398493975: [ç­ç­äº‘æ—…æ¸¸å†›å›¢@ðŸŽ¤å•¥(887156367)] Freeze_Kirin(768173212) -> é‚£ä½ å°±æ‹’äº†å‘—
2023-08-22 16:17:47 V/Bot.2398493975: [ç­ç­äº‘æ—…æ¸¸å†›å›¢@ðŸŽ¤å•¥(887156367)] ä¼˜é›…çŒ›ç‰›(695150175) -> æˆ‘æ‹’äº†å•Š
2023-08-22 16:18:01 V/Bot.2398493975: [ç­ç­äº‘æ—…æ¸¸å†›å›¢@ðŸŽ¤å•¥(887156367)] ä¼˜é›…çŒ›ç‰›(695150175) -> ä¸Šé—¨æ¸¸è¯´æ¥äº†
2023-08-22 16:18:09 V/Bot.2398493975: [ç­ç­äº‘æ—…æ¸¸å†›å›¢@ðŸŽ¤å•¥(887156367)] ä¼˜é›…çŒ›ç‰›(695150175) -> ç”µè¯å¾®ä¿¡è¯´ä¸æ¸…æ¥š
2023-08-22 16:18:12 V/Bot.2398493975: [ç­ç­äº‘æ—…æ¸¸å†›å›¢@ðŸŽ¤å•¥(887156367)] Freeze_Kirin(768173212) -> ä¸Šé—¨æäº²x
2023-08-22 16:18:20 V/Bot.2398493975: [ç­ç­äº‘æ—…æ¸¸å†›å›¢@ðŸŽ¤å•¥(887156367)] ä¼˜é›…çŒ›ç‰›(695150175) -> è¦ç»™æˆ‘çˆ¸å¦ˆå¥½å¥½èŠ
2023-08-22 16:18:24 V/Bot.2398493975: [ç­ç­äº‘æ—…æ¸¸å†›å›¢@ðŸŽ¤å•¥(887156367)] ä¼˜é›…çŒ›ç‰›(695150175) -> [åƒç“œ][åƒç“œ][åƒç“œ][åƒç“œ]
2023-08-22 16:18:26 V/Bot.2398493975: [ç­ç­äº‘æ—…æ¸¸å†›å›¢@ðŸŽ¤å•¥(887156367)] ä¼˜é›…çŒ›ç‰›(695150175) -> è¿™å®¶ä¼™
2023-08-22 16:18:26 V/Bot.2398493975: [ç­ç­äº‘æ—…æ¸¸å†›å›¢@ðŸŽ¤å•¥(887156367)] Freeze_Kirin(768173212) -> è‰
2023-08-22 16:18:31 V/Bot.2398493975: [ç­ç­äº‘æ—…æ¸¸å†›å›¢@ðŸŽ¤å•¥(887156367)] ä¼˜é›…çŒ›ç‰›(695150175) -> è¿™ä¹ˆæƒ³æˆ‘å›žåŽ»ï¼Ÿ
2023-08-22 16:18:35 V/Bot.2398493975: [ç­ç­äº‘æ—…æ¸¸å†›å›¢@ðŸŽ¤å•¥(887156367)] ä¼˜é›…çŒ›ç‰›(695150175) -> æˆ‘çœŸçš„å—ä¸äº†
2023-08-22 16:18:46 V/Bot.2398493975: [ç­ç­äº‘æ—…æ¸¸å†›å›¢@ðŸŽ¤å•¥(887156367)] Freeze_Kirin(768173212) -> ä¸æ˜¯ä½ éƒ½åšå£«æ¯•ä¸šäº†æ‰¾ä½ çˆ¹å¦ˆå¹²å˜›ã€‚ä½ çˆ¹å¦ˆåˆä¸æ‡‚
2023-08-22 16:18:59 V/Bot.2398493975: [ç­ç­äº‘æ—…æ¸¸å†›å›¢@ðŸŽ¤å•¥(887156367)] Freeze_Kirin(768173212) -> ç‰›ç‰›å¥½æ­¹æ˜¯é è°±æˆå¹´ç”·æ€§
2023-08-22 16:19:02 V/Bot.2398493975: [ç­ç­äº‘æ—…æ¸¸å†›å›¢@ðŸŽ¤å•¥(887156367)] Freeze_Kirin(768173212) -> [mirai:image:{7A6A1C32-E803-5A63-B146-57CC40CE4C85}.png, width=352, height=254, size=39350, type=GIF, isEmoji=true]
2023-08-22 16:21:23 V/Bot.2398493975: [ç­ç­äº‘æ—…æ¸¸å†›å›¢@ðŸŽ¤å•¥(887156367)] hzc@ç­ç­è»å›£äºŒåº¦å—(2384102753) -> æ‰€ä»¥ä½ è”èµ›æŠ¥çš„å“ªä¸ªä½ç½®
2023-08-22 16:21:35 V/Bot.2398493975: [ç­ç­äº‘æ—…æ¸¸å†›å›¢@ðŸŽ¤å•¥(887156367)] Freeze_Kirin(768173212) -> å…ˆæ¬¡
2023-08-22 16:21:49 V/Bot.2398493975: [ç­ç­äº‘æ—…æ¸¸å†›å›¢@ðŸŽ¤å•¥(887156367)] ä¼˜é›…çŒ›ç‰›(695150175) -> æ‰€ä»¥æˆ‘è¯´æˆ‘è¿™è€æ¿
2023-08-22 16:21:55 V/Bot.2398493975: [ç­ç­äº‘æ—…æ¸¸å†›å›¢@ðŸŽ¤å•¥(887156367)] ä¼˜é›…çŒ›ç‰›(695150175) -> çœŸæœ‰é—®é¢˜å•Š
2023-08-22 16:22:00 V/Bot.2398493975: [ç­ç­äº‘æ—…æ¸¸å†›å›¢@ðŸŽ¤å•¥(887156367)] ä¼˜é›…çŒ›ç‰›(695150175) -> ä¸ºå•¥èƒ½æ‰¾ä¸Šé—¨å•Š
2023-08-22 16:22:10 V/Bot.2398493975: [ç­ç­äº‘æ—…æ¸¸å†›å›¢@ðŸŽ¤å•¥(887156367)] ä¼˜é›…çŒ›ç‰›(695150175) -> æˆ‘åªèƒ½æ¬¢è¿Žä»–æ¥çŽ©
2023-08-22 16:22:16 V/Bot.2398493975: [ç­ç­äº‘æ—…æ¸¸å†›å›¢@ðŸŽ¤å•¥(887156367)] ä¼˜é›…çŒ›ç‰›(695150175) -> ä½†æ˜¯ä»–æƒ³è®©æˆ‘å›žåŽ»
2023-08-22 16:24:58 V/Bot.2398493975: [ç­ç­äº‘æ—…æ¸¸å†›å›¢@ðŸŽ¤å•¥(887156367)] ç­ç­ç¡è§‰å¤§è‡£@è¢«ç­ç­å†›å›¢å¼€é™¤(963423936) -> [mirai:image:{FB9C65FB-5685-1B12-1B13-836B38246164}.png, width=292, height=205, size=61102, type=GIF, isEmoji=true]
2023-08-22 16:25:01 V/Bot.2398493975: [ç­ç­äº‘æ—…æ¸¸å†›å›¢@ðŸŽ¤å•¥(887156367)] ç­ç­ç¡è§‰å¤§è‡£@è¢«ç­ç­å†›å›¢å¼€é™¤(963423936) -> ðŸ®ðŸ®
2023-08-22 16:26:05 V/Bot.2398493975: [ç­ç­äº‘æ—…æ¸¸å†›å›¢@ðŸŽ¤å•¥(887156367)] ä¼˜é›…çŒ›ç‰›(695150175) -> æˆ‘å°±çƒ¦å•Š
2023-08-22 16:26:11 V/Bot.2398493975: [ç­ç­äº‘æ—…æ¸¸å†›å›¢@ðŸŽ¤å•¥(887156367)] ä¼˜é›…çŒ›ç‰›(695150175) -> ä»Šå¤©è¿˜å¾—è·Ÿä»–battle
2023-08-22 16:26:15 V/Bot.2398493975: [ç­ç­äº‘æ—…æ¸¸å†›å›¢@ðŸŽ¤å•¥(887156367)] ä¼˜é›…çŒ›ç‰›(695150175) -> [mirai:image:{ED9D0C0B-AA4D-FF8A-DD6B-6A4790FBE1F8}.jpg, width=300, height=300, size=45857, type=GIF, isEmoji=false]
2023-08-22 16:28:18 V/Bot.2398493975: [SHTè”æžéº»é…±åä¼š(493057481)] å¤§å¯å¥‡ä¸½(1485280964) -> ç–‘ä¼¼ä¹èŽ².jpg
2023-08-22 16:32:25 V/Bot.2398493975: [ç­ç­äº‘æ—…æ¸¸å†›å›¢@ðŸŽ¤å•¥(887156367)] hzc@ç­ç­è»å›£äºŒåº¦å—(2384102753) -> æŠ¥ä¿©ä½ç½®å¯è¿˜è¡Œ
2023-08-22 16:32:54 V/Bot.2398493975: [ç­ç­äº‘æ—…æ¸¸å†›å›¢@ðŸŽ¤å•¥(887156367)] hzc@ç­ç­è»å›£äºŒåº¦å—(2384102753) -> é‚£æˆ‘ä¹Ÿå…ˆæ¬¡å§
2023-08-22 16:34:17 V/Bot.2398493975: [ç­ç­äº‘æ—…æ¸¸å†›å›¢@ðŸŽ¤å•¥(887156367)] å†°æ°´@ä¸ä¼šåèº«è·³å†›å›¢(308217149) -> è‰
2023-08-22 16:34:25 V/Bot.2398493975: [ç­ç­äº‘æ—…æ¸¸å†›å›¢@ðŸŽ¤å•¥(887156367)] å†°æ°´@ä¸ä¼šåèº«è·³å†›å›¢(308217149) -> kyqè¿™ä¹ˆå¤¸å¼ çš„
2023-08-22 16:35:10 V/Bot.2398493975: [ç­ç­äº‘æ—…æ¸¸å†›å›¢@ðŸŽ¤å•¥(887156367)] ç­ç­å“ªå‡‰å¿«å‘†å“ªå†›å›¢(1297471104) -> è¿™ç§ä¸€èˆ¬ä¸éƒ½å¯ä»¥pyçš„å˜›ï¼ˆ
2023-08-22 16:35:16 V/Bot.2398493975: [ç­ç­äº‘æ—…æ¸¸å†›å›¢@ðŸŽ¤å•¥(887156367)] å†°æ°´@ä¸ä¼šåèº«è·³å†›å›¢(308217149) -> è·‘é‚£ä¹ˆè¿œ ä¸“é—¨åŽ»æ‹‰ä½ ç•™ç»„
2023-08-22 16:36:03 V/Bot.2398493975: [ç­ç­äº‘æ—…æ¸¸å†›å›¢@ðŸŽ¤å•¥(887156367)] ç­ç­å“ªå‡‰å¿«å‘†å“ªå†›å›¢(1297471104) -> [mirai:quote:[mirai:source:ids=[61547], internalIds=[355368808], from 2384102753 to 887156367 at 1692693145], content=<not yet initialized>][mirai:at:2384102753] æˆ‘ä¹‹å‰å°±æ˜¯è¿™ä¹ˆè·Ÿå§œå§œpyçš„ï¼ˆ
2023-08-22 16:38:43 V/Bot.2398493975: [ç­ç­äº‘æ—…æ¸¸å†›å›¢@ðŸŽ¤å•¥(887156367)] hzc@ç­ç­è»å›£äºŒåº¦å—(2384102753) -> æ²¡äº‹ åˆ°æ—¶å€™åˆ†äº«ä¸‹ä½ç½®
2023-08-22 16:38:55 V/Bot.2398493975: [ç­ç­äº‘æ—…æ¸¸å†›å›¢@ðŸŽ¤å•¥(887156367)] hzc@ç­ç­è»å›£äºŒåº¦å—(2384102753) -> éšæ—¶å¯ä»¥æ¢çš„
2023-08-22 16:44:23 V/Bot.2398493975: [ç­ç­äº‘æ—…æ¸¸å†›å›¢@ðŸŽ¤å•¥(887156367)] hzc@ç­ç­è»å›£äºŒåº¦å—(2384102753) -> [mirai:image:{39A4B002-63E8-97C8-1806-63BBCFF11BF3}.png, width=1438, height=1079, size=1390269, type=PNG, isEmoji=false]
2023-08-22 16:44:45 V/Bot.2398493975: [ç­ç­äº‘æ—…æ¸¸å†›å›¢@ðŸŽ¤å•¥(887156367)] hzc@ç­ç­è»å›£äºŒåº¦å—(2384102753) -> åŽæ¥ä»–é€†ä¸€äº† çœŸçš„å¼º
2023-08-22 16:45:15 V/Bot.2398493975: [ç­ç­äº‘æ—…æ¸¸å†›å›¢@ðŸŽ¤å•¥(887156367)] lax@ç‰›ç‰›é“å¿ƒç ´ç¢Žå†›å›¢(269418386) -> å“‡ ä¸€ä¼šæ—¶é—´æ²¡çœ‹ç¾¤æ€Žä¹ˆæœ‰é‚£ä¹ˆå¤šåŠ²çˆ†æ¶ˆæ¯
2023-08-22 16:45:56 V/Bot.2398493975: [ç­ç­äº‘æ—…æ¸¸å†›å›¢@ðŸŽ¤å•¥(887156367)] lax@ç‰›ç‰›é“å¿ƒç ´ç¢Žå†›å›¢(269418386) -> æˆ‘å‘¨å…­å¸®wyæ‰“hlb
2023-08-22 16:46:28 V/Bot.2398493975: [ç­ç­äº‘æ—…æ¸¸å†›å›¢@ðŸŽ¤å•¥(887156367)] lax@ç‰›ç‰›é“å¿ƒç ´ç¢Žå†›å›¢(269418386) -> èµ¢äº†å°±æ˜¯æˆ‘åŽ‰å®³ï¼Œè¾“äº†å°±æ˜¯wyè¦é€æˆ‘æ‹‰ä¸ä½
2023-08-22 16:46:33 V/Bot.2398493975: [ç­ç­äº‘æ—…æ¸¸å†›å›¢@ðŸŽ¤å•¥(887156367)] lax@ç‰›ç‰›é“å¿ƒç ´ç¢Žå†›å›¢(269418386) -> æˆ‘å·²ç»èµ¢äº†
2023-08-22 16:47:50 V/Bot.2398493975: [ç­ç­äº‘æ—…æ¸¸å†›å›¢@ðŸŽ¤å•¥(887156367)] èåœ@èåœè»å›£(690875992) -> [mirai:file:6cd722b14c28c48fee6a09f3bc38de3d.mp4, id=/35b346eb-ebeb-4bdf-8daa-8ea5485b3a3a, internalId=102, size=4151027]
2023-08-22 16:48:29 V/Bot.2398493975: [ç­ç­äº‘æ—…æ¸¸å†›å›¢@ðŸŽ¤å•¥(887156367)] å“­å“­Kirin@ä¹Ÿè¢«ç­ç­å†›å›¢å¼€é™¤(472247053) -> [mirai:image:{15530C6E-2E2B-8726-AC46-20AE8098381B}.jpg, width=174, height=172, size=5372, type=JPG, isEmoji=false]
2023-08-22 16:48:41 V/Bot.2398493975: [ç­ç­äº‘æ—…æ¸¸å†›å›¢@ðŸŽ¤å•¥(887156367)] å“­å“­Kirin@ä¹Ÿè¢«ç­ç­å†›å›¢å¼€é™¤(472247053) -> æ€Žä¹ˆè¿™ä¹ˆæƒ¨
2023-08-22 16:49:39 V/Bot.2398493975: [ç­ç­äº‘æ—…æ¸¸å†›å›¢@ðŸŽ¤å•¥(887156367)] lax@ç‰›ç‰›é“å¿ƒç ´ç¢Žå†›å›¢(269418386) -> è¿™æ˜¯æ°´ç®¡çˆ†äº†å•Š
2023-08-22 16:49:42 V/Bot.2398493975: [ç­ç­äº‘æ—…æ¸¸å†›å›¢@ðŸŽ¤å•¥(887156367)] zz@çºçºè»å›£(771507043) -> ä¸ºä»€ä¹ˆæ˜¯é‚£é‡Œå‡ºæ°´ï¼Ÿç”µæ¢¯é—´ä¸Šé¢æ¼äº†å—
2023-08-22 16:49:59 V/Bot.2398493975: [ç­ç­äº‘æ—…æ¸¸å†›å›¢@ðŸŽ¤å•¥(887156367)] lax@ç‰›ç‰›é“å¿ƒç ´ç¢Žå†›å›¢(269418386) -> æˆ‘è¿˜ä»¥ä¸ºä¸Šæµ·ä¸‹å¤§é›¨äº†å‘¢
2023-08-22 16:50:11 V/Bot.2398493975: [ç­ç­äº‘æ—…æ¸¸å†›å›¢@ðŸŽ¤å•¥(887156367)] lax@ç‰›ç‰›é“å¿ƒç ´ç¢Žå†›å›¢(269418386) -> å› ä¸ºæˆ‘ä»¬è¿™åˆšä¸‹å¤§é›¨
2023-08-22 16:50:16 V/Bot.2398493975: [ç­ç­äº‘æ—…æ¸¸å†›å›¢@ðŸŽ¤å•¥(887156367)] zz@çºçºè»å›£(771507043) -> ç¡®å®žä¸‹å¤§é›¨äº†
2023-08-22 16:51:30 V/Bot.2398493975: [ç­ç­äº‘æ—…æ¸¸å†›å›¢@ðŸŽ¤å•¥(887156367)] lax@ç‰›ç‰›é“å¿ƒç ´ç¢Žå†›å›¢(269418386) -> æ„æ€å¤–é¢ä¸‹å¤§é›¨ é‡Œé¢æ°´ç®¡çˆ†äº†
2023-08-22 16:51:38 V/Bot.2398493975: [ç­ç­äº‘æ—…æ¸¸å†›å›¢@ðŸŽ¤å•¥(887156367)] lax@ç‰›ç‰›é“å¿ƒç ´ç¢Žå†›å›¢(269418386) -> ä»€ä¹ˆåœ°çƒæœ«æ—¥
2023-08-22 16:52:29 V/Bot.2398493975: [ç­ç­äº‘æ—…æ¸¸å†›å›¢@ðŸŽ¤å•¥(887156367)] zz@çºçºè»å›£(771507043) -> è¿™ä¹ˆæ¼æ°´è¿™äº›ç¯çš„ç”µè·¯å±…ç„¶æ²¡è·³
2023-08-22 16:52:52 V/Bot.2398493975: [ç­ç­äº‘æ—…æ¸¸å†›å›¢@ðŸŽ¤å•¥(887156367)] å“­å“­Kirin@ä¹Ÿè¢«ç­ç­å†›å›¢å¼€é™¤(472247053) -> è‰¹ æˆ‘è¿™ä¹Ÿå¤§é›¨ æˆ‘åˆè·³é—¸äº†
2023-08-22 16:53:21 V/Bot.2398493975: [ç­ç­äº‘æ—…æ¸¸å†›å›¢@ðŸŽ¤å•¥(887156367)] èåœ@èåœè»å›£(690875992) -> [mirai:image:{EE37237F-54BC-3A41-95B7-14F050DBDEBD}.jpg, width=1280, height=1707, size=228693, type=JPG, isEmoji=false]
2023-08-22 16:54:15 V/Bot.2398493975: [ç­ç­äº‘æ—…æ¸¸å†›å›¢@ðŸŽ¤å•¥(887156367)] ç­ç­ç¡è§‰å¤§è‡£@è¢«ç­ç­å†›å›¢å¼€é™¤(963423936) -> ä¿¡æ¯å­¦é™¢æ·¹äº†
2023-08-22 16:54:17 V/Bot.2398493975: [ç­ç­äº‘æ—…æ¸¸å†›å›¢@ðŸŽ¤å•¥(887156367)] ç­ç­ç¡è§‰å¤§è‡£@è¢«ç­ç­å†›å›¢å¼€é™¤(963423936) -> [mirai:image:{FB9C65FB-5685-1B12-1B13-836B38246164}.png, width=292, height=205, size=61102, type=GIF, isEmoji=true]
2023-08-22 16:54:42 V/Bot.2398493975: [ç­ç­äº‘æ—…æ¸¸å†›å›¢@ðŸŽ¤å•¥(887156367)] èåœ@èåœè»å›£(690875992) -> [mirai:image:{941399B4-324A-6249-ECCC-8876303C6EC9}.png, width=104, height=163, size=14190, type=PNG, isEmoji=false][mirai:image:{9E79D7A8-C805-9CF1-B435-25327A31743E}.png, width=81, height=157, size=11338, type=PNG, isEmoji=false]
2023-08-22 16:54:46 V/Bot.2398493975: [ç­ç­äº‘æ—…æ¸¸å†›å›¢@ðŸŽ¤å•¥(887156367)] @ç­ç­è®°å¾—æ‰“challenge(1609323331) -> å†²åˆ°ç‰›ç‰›å®¶é‡Œ
2023-08-22 16:54:49 V/Bot.2398493975: [ç­ç­äº‘æ—…æ¸¸å†›å›¢@ðŸŽ¤å•¥(887156367)] @ç­ç­è®°å¾—æ‰“challenge(1609323331) -> [mirai:image:{ED21618C-F332-6ECE-B872-589082D2BE32}.png, width=342, height=284, size=84688, type=GIF, isEmoji=true]
2023-08-22 16:54:53 V/Bot.2398493975: [ç­ç­äº‘æ—…æ¸¸å†›å›¢@ðŸŽ¤å•¥(887156367)] å“­å“­Kirin@ä¹Ÿè¢«ç­ç­å†›å›¢å¼€é™¤(472247053) -> [mirai:image:{ED21618C-F332-6ECE-B872-589082D2BE32}.png, width=342, height=284, size=84688, type=GIF, isEmoji=false]
2023-08-22 16:54:55 V/Bot.2398493975: [ç­ç­äº‘æ—…æ¸¸å†›å›¢@ðŸŽ¤å•¥(887156367)] @ç­ç­è®°å¾—æ‰“challenge(1609323331) -> [mirai:quote:[mirai:source:ids=[61577], internalIds=[1171473130], from 690875992 to 887156367 at 1692694482], content=<not yet initialized>][mirai:at:690875992] è‰
2023-08-22 16:55:17 V/Bot.2398493975: [ç­ç­äº‘æ—…æ¸¸å†›å›¢@ðŸŽ¤å•¥(887156367)] zz@çºçºè»å›£(771507043) -> æè¿™å„¿æŒ¤å¥¶å‘¢
2023-08-22 16:56:52 I/UnidbgFetchQsign: Bot(2398493975) request_token, submit success
2023-08-22 17:03:52 V/Bot.2398493975: [ç­ç­äº‘æ—…æ¸¸å†›å›¢@ðŸŽ¤å•¥(887156367)] zz@çºçºè»å›£(771507043) -> [mirai:image:{1E6462A7-4828-1CF1-DE35-6A3F5D4710EE}.png, width=1840, height=1080, size=2637114, type=PNG, isEmoji=false]
2023-08-22 17:04:03 V/Bot.2398493975: [ç­ç­äº‘æ—…æ¸¸å†›å›¢@ðŸŽ¤å•¥(887156367)] zz@çºçºè»å›£(771507043) -> [mirai:image:{EB745D09-FE4E-3EDA-4F23-7C2730EA1EDD}.png, width=1840, height=1080, size=2117477, type=PNG, isEmoji=false]
2023-08-22 17:04:24 V/Bot.2398493975: [ç­ç­äº‘æ—…æ¸¸å†›å›¢@ðŸŽ¤å•¥(887156367)] @ç­ç­è®°å¾—æ‰“challenge(1609323331) -> ä¸ä¼šæ˜¯æ‹¿æ¥æ‰“æ°”åž«èˆ¹çš„å§
2023-08-22 17:04:46 V/Bot.2398493975: [ç­ç­äº‘æ—…æ¸¸å†›å›¢@ðŸŽ¤å•¥(887156367)] å“­å“­Kirin@ä¹Ÿè¢«ç­ç­å†›å›¢å¼€é™¤(472247053) -> æœ´ç´ 
2023-08-22 17:04:50 V/Bot.2398493975: [ç­ç­äº‘æ—…æ¸¸å†›å›¢@ðŸŽ¤å•¥(887156367)] Freeze_Kirin(768173212) -> [mirai:image:{7A6A1C32-E803-5A63-B146-57CC40CE4C85}.png, width=352, height=254, size=39350, type=GIF, isEmoji=true]
2023-08-22 17:04:51 V/Bot.2398493975: [ç­ç­äº‘æ—…æ¸¸å†›å›¢@ðŸŽ¤å•¥(887156367)] @ç­ç­è®°å¾—æ‰“challenge(1609323331) -> ç´«è‰²ä¸¤æ˜Ÿå¥½è€¶
2023-08-22 17:05:07 V/Bot.2398493975: [ç­ç­äº‘æ—…æ¸¸å†›å›¢@ðŸŽ¤å•¥(887156367)] zz@çºçºè»å›£(771507043) -> [mirai:quote:[mirai:source:ids=[61584], internalIds=[1947682948], from 771507043 to 887156367 at 1692695043], content=<not yet initialized>]è¿™ä»€ä¹ˆç–¯ç‹‚åŠ æ”»äºº
2023-08-22 17:05:14 V/Bot.2398493975: [SHTè”æžéº»é…±åä¼š(493057481)] rokina(1024182759) -> æœ‰çžŽå­[mirai:image:{AAA23D71-A400-7801-ECB0-62465874321B}.jpg, width=1920, height=864, size=242184, type=JPG, isEmoji=false]
2023-08-22 17:05:19 V/Bot.2398493975: [ç­ç­äº‘æ—…æ¸¸å†›å›¢@ðŸŽ¤å•¥(887156367)] Freeze_Kirin(768173212) -> atk+++++
2023-08-22 17:05:22 V/Bot.2398493975: [ç­ç­äº‘æ—…æ¸¸å†›å›¢@ðŸŽ¤å•¥(887156367)] @ç­ç­è®°å¾—æ‰“challenge(1609323331) -> è‰
2023-08-22 17:05:23 V/Bot.2398493975: [ç­ç­äº‘æ—…æ¸¸å†›å›¢@ðŸŽ¤å•¥(887156367)] Freeze_Kirin(768173212) -> ttkï¼
2023-08-22 17:05:39 V/Bot.2398493975: [SHTè”æžéº»é…±åä¼š(493057481)] naf2021(3469392519) -> é«˜æ‰‹èƒ¡0å¼ 
2023-08-22 17:06:02 V/Bot.2398493975: [SHTè”æžéº»é…±åä¼š(493057481)] naf2021(3469392519) -> [mirai:image:{9BB50EF1-4828-B624-61BF-832E56C1BE90}.jpg, width=160, height=135, size=5173, type=JPG, isEmoji=true]
2023-08-22 17:06:10 V/Bot.2398493975: [SHTè”æžéº»é…±åä¼š(493057481)] å¸ƒèŽ±å…‹æ(690875992) -> [mirai:image:{9BB50EF1-4828-B624-61BF-832E56C1BE90}.jpg, width=160, height=135, size=5173, type=JPG, isEmoji=true]
2023-08-22 17:06:14 V/Bot.2398493975: [ç­ç­äº‘æ—…æ¸¸å†›å›¢@ðŸŽ¤å•¥(887156367)] @ç­ç­è®°å¾—æ‰“challenge(1609323331) -> å¥¹æœ‰ä¸‰ä¸ªåŠ æ”»æŠ€èƒ½
2023-08-22 17:06:23 V/Bot.2398493975: [SHTè”æžéº»é…±åä¼š(493057481)] rokina(1024182759) -> ç«‹ä¸€è‡ªå˜1000all
2023-08-22 17:06:24 V/Bot.2398493975: [ç­ç­äº‘æ—…æ¸¸å†›å›¢@ðŸŽ¤å•¥(887156367)] @ç­ç­è®°å¾—æ‰“challenge(1609323331) -> ä½†æ˜¯å¯ä»¥å’Œè½®æ¤…å 
2023-08-22 17:06:29 V/Bot.2398493975: [ç­ç­äº‘æ—…æ¸¸å†›å›¢@ðŸŽ¤å•¥(887156367)] @ç­ç­è®°å¾—æ‰“challenge(1609323331) -> æ€Žä¹ˆä¼šäº‹å‘¢
2023-08-22 17:07:04 V/Bot.2398493975: [ç­ç­äº‘æ—…æ¸¸å†›å›¢@ðŸŽ¤å•¥(887156367)] zz@çºçºè»å›£(771507043) -> è¿˜å¯ä»¥å åŽæŽ’4æŠ€èƒ½åŠ æ”»ï¼ˆ
2023-08-22 17:07:47 V/Bot.2398493975: [ç­ç­äº‘æ—…æ¸¸å†›å›¢@ðŸŽ¤å•¥(887156367)] @ç­ç­è®°å¾—æ‰“challenge(1609323331) -> æ‡‚äº†
2023-08-22 17:07:54 V/Bot.2398493975: [ç­ç­äº‘æ—…æ¸¸å†›å›¢@ðŸŽ¤å•¥(887156367)] @ç­ç­è®°å¾—æ‰“challenge(1609323331) -> ä¸Šæ°´å¤§å”è½®æ¤…168
2023-08-22 17:08:20 V/Bot.2398493975: [SHTè”æžéº»é…±åä¼š(493057481)] éš”å£è€çŽ‹(297234073) -> ä¸»æ‰“ä¸€ä¸ªåŽ‹åˆ¶
2023-08-22 17:09:07 V/Bot.2398493975: [SHTè”æžéº»é…±åä¼š(493057481)] rokina(1024182759) -> [mirai:image:{68A1BF68-20FE-E4FD-85B6-DFEA9F2D1B05}.jpg, width=300, height=300, size=15925, type=GIF, isEmoji=false]
2023-08-22 17:10:26 V/Bot.2398493975: [ç­ç­äº‘æ—…æ¸¸å†›å›¢@ðŸŽ¤å•¥(887156367)] @ç­ç­è®°å¾—æ‰“challenge(1609323331) -> [mirai:image:{A791AF03-A466-7003-A7F2-C59A5A0C8873}.png, width=264, height=227, size=10106, type=JPG, isEmoji=false]
2023-08-22 17:10:30 V/Bot.2398493975: [ç­ç­äº‘æ—…æ¸¸å†›å›¢@ðŸŽ¤å•¥(887156367)] @ç­ç­è®°å¾—æ‰“challenge(1609323331) -> å¯ä»¥è¿™æ ·
2023-08-22 17:18:20 V/Bot.2398493975: [ç­ç­äº‘æ—…æ¸¸å†›å›¢@ðŸŽ¤å•¥(887156367)] zz@çºçºè»å›£(771507043) -> [mirai:image:{039CF739-CB99-61A0-CA5A-AA4329464156}.png, width=713, height=493, size=404361, type=GIF, isEmoji=false]
2023-08-22 17:18:53 V/Bot.2398493975: [ç­ç­äº‘æ—…æ¸¸å†›å›¢@ðŸŽ¤å•¥(887156367)] zz@çºçºè»å›£(771507043) -> è¿™é”®ç›˜çš„ç©ºæ ¼å’Œshiftæœ‰ä»€ä¹ˆç”¨
2023-08-22 17:19:05 V/Bot.2398493975: [ç­ç­äº‘æ—…æ¸¸å†›å›¢@ðŸŽ¤å•¥(887156367)] zz@çºçºè»å›£(771507043) -> é€€æ ¼ä¹Ÿå¯ä»¥åˆ äº†
2023-08-22 17:20:03 V/Bot.2398493975: Event: MemberCardChangeEvent(origin=@ç­ç­è®°å¾—æ‰“challenge, new=ã‚¿ã‚¿@ç­ç­è¢«æ°´æ·¹å†›å›¢, member=NormalMember(1609323331))
2023-08-22 17:20:03 V/Bot.2398493975: [ç­ç­äº‘æ—…æ¸¸å†›å›¢@ðŸŽ¤å•¥(887156367)] ã‚¿ã‚¿@ç­ç­è¢«æ°´æ·¹å†›å›¢(1609323331) -> [mirai:image:{8BF34B10-19C1-4195-5866-6DDB73A903D8}.png, width=249, height=188, size=54265, type=GIF, isEmoji=true]
2023-08-22 17:21:19 V/Bot.2398493975: [ç­ç­äº‘æ—…æ¸¸å†›å›¢@ðŸŽ¤å•¥(887156367)] Freeze_Kirin(768173212) -> è¿™åŒ»ç”Ÿå¥½æžç¬‘ï¼šéšå½¢æ„ŸæŸ“å°±æ˜¯ä½ å¹´è½»äººè°ˆæ‹çˆ±äº†æœ‰æƒ³æ³•ä½†æ˜¯æ²¡è¡¨ç™½
2023-08-22 17:21:22 V/Bot.2398493975: [ç­ç­äº‘æ—…æ¸¸å†›å›¢@ðŸŽ¤å•¥(887156367)] Freeze_Kirin(768173212) -> [mirai:image:{15530C6E-2E2B-8726-AC46-20AE8098381B}.png, width=174, height=172, size=5372, type=JPG, isEmoji=true]
2023-08-22 17:21:54 V/Bot.2398493975: [ç­ç­äº‘æ—…æ¸¸å†›å›¢@ðŸŽ¤å•¥(887156367)] ã‚¿ã‚¿@ç­ç­è¢«æ°´æ·¹å†›å›¢(1609323331) -> å¯¹çš„ æˆ‘çº¢å°–å°–ä¸å¤Ÿä¹°ä¸äº†é‚£ä¹ˆå¤šæˆ’æŒ‡
2023-08-22 17:22:01 V/Bot.2398493975: [ç­ç­äº‘æ—…æ¸¸å†›å›¢@ðŸŽ¤å•¥(887156367)] zz@çºçºè»å›£(771507043) -> [mirai:quote:[mirai:source:ids=[61601], internalIds=[863864053], from 771507043 to 887156367 at 1692695900], content=<not yet initialized>]é€‰å­—æ¡†å’Œå›žè½¦ä¹Ÿæ²¡ç”¨
2023-08-22 17:23:44 V/Bot.2398493975: [ç­ç­äº‘æ—…æ¸¸å†›å›¢@ðŸŽ¤å•¥(887156367)] Freeze_Kirin(768173212) -> [mirai:quote:[mirai:source:ids=[61608], internalIds=[1177371874], from 771507043 to 887156367 at 1692696121], content=<not yet initialized>][mirai:at:771507043] å’Œå…¶ä»–è¾“å…¥æ³•ä¸€æ ·ï¼Œå¥½çœ‹x
2023-08-22 17:27:37 V/Bot.2398493975: [SHTè”æžéº»é…±åä¼š(493057481)] naf2021(3469392519) -> æ™šä¸Šè¿˜æœ‰é¢éº»éº»çš„å—
2023-08-22 17:27:40 V/Bot.2398493975: [SHTè”æžéº»é…±åä¼š(493057481)] naf2021(3469392519) -> [mirai:image:{43CF5E2E-9277-1C9B-79EB-FA86E5665C9D}.jpg, width=160, height=149, size=2742, type=JPG, isEmoji=true]
2023-08-22 17:29:48 V/Bot.2398493975: [ç­ç­äº‘æ—…æ¸¸å†›å›¢@ðŸŽ¤å•¥(887156367)] zz@çºçºè»å›£(771507043) -> [ä¸æ”¯æŒçš„æ¶ˆæ¯#-2120430363][mirai:image:{35DC16C7-9494-61D8-0627-5C3C626545EF}.jpg, width=412, height=32, size=13526, type=PNG, isEmoji=false][ä¸æ”¯æŒçš„æ¶ˆæ¯#1752418266][mirai:image:{CC7B41D6-E1A0-038F-9075-FCB5E1E93EF2}.jpg, width=308, height=38, size=9825, type=PNG, isEmoji=false]è¯¥ä¹°ç¡¬ç›˜äº†
2023-08-22 17:30:20 V/Bot.2398493975: [ç­ç­äº‘æ—…æ¸¸å†›å›¢@ðŸŽ¤å•¥(887156367)] å“­å“­Kirin@ä¹Ÿè¢«ç­ç­å†›å›¢å¼€é™¤(472247053) -> å¿«ä¹°
2023-08-22 17:33:06 V/Bot.2398493975: [ç­ç­äº‘æ—…æ¸¸å†›å›¢@ðŸŽ¤å•¥(887156367)] ã‚¿ã‚¿@ç­ç­è¢«æ°´æ·¹å†›å›¢(1609323331) -> [mirai:image:{0A53321A-1BED-7033-D44F-398C8044453B}.png, width=938, height=335, size=188492, type=PNG, isEmoji=false]
2023-08-22 17:33:14 V/Bot.2398493975: [ç­ç­äº‘æ—…æ¸¸å†›å›¢@ðŸŽ¤å•¥(887156367)] ã‚¿ã‚¿@ç­ç­è¢«æ°´æ·¹å†›å›¢(1609323331) -> [mirai:image:{6160020E-84FB-F100-8890-CA6EB87DDB50}.png, width=66, height=58, size=2453, type=JPG, isEmoji=true]
2023-08-22 17:33:21 V/Bot.2398493975: [ç­ç­äº‘æ—…æ¸¸å†›å›¢@ðŸŽ¤å•¥(887156367)] ç­ç­ç¡è§‰å¤§è‡£@è¢«ç­ç­å†›å›¢å¼€é™¤(963423936) -> [mirai:image:{E8663CBD-0171-E424-A697-89B0D64BB34A}.png, width=2536, height=1902, size=402104, type=JPG, isEmoji=false]
2023-08-22 17:33:42 V/Bot.2398493975: [SHTè”æžéº»é…±åä¼š(493057481)] yyyouch(2461942798) -> æˆ‘æˆ‘æˆ‘
2023-08-22 17:34:34 V/Bot.2398493975: [ç­ç­äº‘æ—…æ¸¸å†›å›¢@ðŸŽ¤å•¥(887156367)] ã‚¿ã‚¿@ç­ç­è¢«æ°´æ·¹å†›å›¢(1609323331) -> [mirai:image:{1FBDBB1A-70AF-1063-EC75-0E0A32AE1379}.png, width=180, height=180, size=45466, type=GIF, isEmoji=true]
2023-08-22 17:36:38 V/Bot.2398493975: [ç­ç­äº‘æ—…æ¸¸å†›å›¢@ðŸŽ¤å•¥(887156367)] ç­ç­ç¡è§‰å¤§è‡£@è¢«ç­ç­å†›å›¢å¼€é™¤(963423936) -> [mirai:image:{A15155E1-F5D7-0C14-D169-3A56E9E5B2F0}.png, width=1900, height=2532, size=518848, type=JPG, isEmoji=false]
2023-08-22 17:36:50 V/Bot.2398493975: [ç­ç­äº‘æ—…æ¸¸å†›å›¢@ðŸŽ¤å•¥(887156367)] ç­ç­ç¡è§‰å¤§è‡£@è¢«ç­ç­å†›å›¢å¼€é™¤(963423936) -> [ä¸æ”¯æŒçš„æ¶ˆæ¯#1155100650]
2023-08-22 17:36:58 I/UnidbgFetchQsign: Bot(2398493975) request_token, submit success
2023-08-22 17:37:31 V/Bot.2398493975: [ç­ç­äº‘æ—…æ¸¸å†›å›¢@ðŸŽ¤å•¥(887156367)] ã‚¿ã‚¿@ç­ç­è¢«æ°´æ·¹å†›å›¢(1609323331) -> ç¬¨ç¬¨ç‰¹æœ‰çš„è¿·æƒ‘è¿é•œ
2023-08-22 17:38:23 V/Bot.2398493975: [ç­ç­äº‘æ—…æ¸¸å†›å›¢@ðŸŽ¤å•¥(887156367)] Freeze_Kirin(768173212) -> [mirai:image:{EE7C88BA-DAF0-6A2D-E286-3A059788806D}.png, width=370, height=292, size=77327, type=GIF, isEmoji=true]
2023-08-22 17:38:47 V/Bot.2398493975: [ç­ç­äº‘æ—…æ¸¸å†›å›¢@ðŸŽ¤å•¥(887156367)] Freeze_Kirin(768173212) -> å¯¹ç„¦éƒ½ç³Šäº†
2023-08-22 17:39:08 V/Bot.2398493975: [ç­ç­äº‘æ—…æ¸¸å†›å›¢@ðŸŽ¤å•¥(887156367)] ç­ç­ç¡è§‰å¤§è‡£@è¢«ç­ç­å†›å›¢å¼€é™¤(963423936) -> [mirai:image:{FB9C65FB-5685-1B12-1B13-836B38246164}.png, width=292, height=205, size=61102, type=GIF, isEmoji=true]
2023-08-22 17:39:12 V/Bot.2398493975: [ç­ç­äº‘æ—…æ¸¸å†›å›¢@ðŸŽ¤å•¥(887156367)] ç­ç­ç¡è§‰å¤§è‡£@è¢«ç­ç­å†›å›¢å¼€é™¤(963423936) -> æ€¥æ­»äº†
2023-08-22 17:39:20 V/Bot.2398493975: [ç­ç­äº‘æ—…æ¸¸å†›å›¢@ðŸŽ¤å•¥(887156367)] ç­ç­ç¡è§‰å¤§è‡£@è¢«ç­ç­å†›å›¢å¼€é™¤(963423936) -> å·®ç‚¹è¿Ÿåˆ°
2023-08-22 17:39:24 V/Bot.2398493975: [ç­ç­äº‘æ—…æ¸¸å†›å›¢@ðŸŽ¤å•¥(887156367)] ç­ç­ç¡è§‰å¤§è‡£@è¢«ç­ç­å†›å›¢å¼€é™¤(963423936) -> è·‘äº†1km
2023-08-22 17:39:31 V/Bot.2398493975: [ç­ç­äº‘æ—…æ¸¸å†›å›¢@ðŸŽ¤å•¥(887156367)] ç­ç­ç¡è§‰å¤§è‡£@è¢«ç­ç­å†›å›¢å¼€é™¤(963423936) -> å› ä¸ºåçš„æ€¥ç”µ
2023-08-22 17:39:32 V/Bot.2398493975: [ç­ç­äº‘æ—…æ¸¸å†›å›¢@ðŸŽ¤å•¥(887156367)] ã‚¿ã‚¿@ç­ç­è¢«æ°´æ·¹å†›å›¢(1609323331) -> [mirai:image:{B145C58E-BC74-233F-1E0A-77D0023895E1}.png, width=720, height=682, size=61851, type=JPG, isEmoji=true]
2023-08-22 17:39:40 V/Bot.2398493975: [ç­ç­äº‘æ—…æ¸¸å†›å›¢@ðŸŽ¤å•¥(887156367)] ç­ç­ç¡è§‰å¤§è‡£@è¢«ç­ç­å†›å›¢å¼€é™¤(963423936) -> æ± å°»å¤§æ©‹ä¸ðŸ‘‚
2023-08-22 17:39:43 V/Bot.2398493975: Event: GroupRecall(bot=Bot(2398493975), authorId=963423936, messageIds=[61627], messageInternalIds=[1640973985], messageTime=1692697180, operator=NormalMember(963423936), group=Group(887156367), author=NormalMember(963423936))
2023-08-22 17:39:46 V/Bot.2398493975: [ç­ç­äº‘æ—…æ¸¸å†›å›¢@ðŸŽ¤å•¥(887156367)] ç­ç­ç¡è§‰å¤§è‡£@è¢«ç­ç­å†›å›¢å¼€é™¤(963423936) -> æ± å°»å¤§æ©‹ä¸åœ
2023-08-22 17:39:50 V/Bot.2398493975: [ç­ç­äº‘æ—…æ¸¸å†›å›¢@ðŸŽ¤å•¥(887156367)] ã‚¿ã‚¿@ç­ç­è¢«æ°´æ·¹å†›å›¢(1609323331) -> [mirai:image:{7AAB86C2-2E54-B41B-1127-E416989F377D}.png, width=124, height=139, size=6514, type=JPG, isEmoji=true]
2023-08-22 17:40:11 V/Bot.2398493975: [ç­ç­äº‘æ—…æ¸¸å†›å›¢@ðŸŽ¤å•¥(887156367)] Freeze_Kirin(768173212) -> æ€¥ï¼Œä½†æ²¡å®Œå…¨æ€¥
2023-08-22 17:40:11 V/Bot.2398493975: [ç­ç­äº‘æ—…æ¸¸å†›å›¢@ðŸŽ¤å•¥(887156367)] ç­ç­ç¡è§‰å¤§è‡£@è¢«ç­ç­å†›å›¢å¼€é™¤(963423936) -> ä»Žä¸‰è»’èŒ¶å±‹è·‘è¿‡åŽ»çš„
2023-08-22 17:40:24 V/Bot.2398493975: [ç­ç­äº‘æ—…æ¸¸å†›å›¢@ðŸŽ¤å•¥(887156367)] ã‚¿ã‚¿@ç­ç­è¢«æ°´æ·¹å†›å›¢(1609323331) -> ä¸‰å‘³ä¹¦å±‹
2023-08-22 17:40:39 V/Bot.2398493975: [ç­ç­äº‘æ—…æ¸¸å†›å›¢@ðŸŽ¤å•¥(887156367)] Freeze_Kirin(768173212) -> ä»Žç™¾è‰å›­æ€åˆ°ä¸‰å‘³ä¹¦å±‹
2023-08-22 17:59:40 V/Bot.2398493975: [ç­ç­äº‘æ—…æ¸¸å†›å›¢@ðŸŽ¤å•¥(887156367)] å“­å“­Kirin@ä¹Ÿè¢«ç­ç­å†›å›¢å¼€é™¤(472247053) -> [mirai:image:{2BDD3C84-4250-803E-3895-E876667D6B5F}.jpg, width=1856, height=1850, size=238570, type=JPG, isEmoji=true]
2023-08-22 18:16:10 V/Bot.2398493975: [SHTè”æžéº»é…±åä¼š(493057481)] æ·¡æƒ…ä½™ææœªã‚(1297471104) -> ç¼ºäººæˆ‘å¯
2023-08-22 18:16:24 V/Bot.2398493975: [SHTè”æžéº»é…±åä¼š(493057481)] æ·¡æƒ…ä½™ææœªã‚(1297471104) -> è¿›å…¥ä¸‹ç­çŠ¶æ€x
2023-08-22 18:16:59 I/UnidbgFetchQsign: Bot(2398493975) request_token, submit success
2023-08-22 18:22:02 V/Bot.2398493975: [ç­ç­äº‘æ—…æ¸¸å†›å›¢@ðŸŽ¤å•¥(887156367)] ç­ç­ç¡è§‰å¤§è‡£@è¢«ç­ç­å†›å›¢å¼€é™¤(963423936) -> [mirai:image:{B379466F-0465-7FA1-EDB2-D7ACE8E09EEE}.png, width=2536, height=1902, size=774690, type=JPG, isEmoji=false]
2023-08-22 18:22:05 V/Bot.2398493975: [ç­ç­äº‘æ—…æ¸¸å†›å›¢@ðŸŽ¤å•¥(887156367)] ç­ç­ç¡è§‰å¤§è‡£@è¢«ç­ç­å†›å›¢å¼€é™¤(963423936) -> [mirai:image:{38F7EB6A-C358-D3F1-CB18-07A00811B301}.png, width=2536, height=1902, size=405848, type=JPG, isEmoji=false]
2023-08-22 18:22:10 V/Bot.2398493975: [ç­ç­äº‘æ—…æ¸¸å†›å›¢@ðŸŽ¤å•¥(887156367)] ç­ç­ç¡è§‰å¤§è‡£@è¢«ç­ç­å†›å›¢å¼€é™¤(963423936) -> [mirai:image:{E0DAE969-1230-0E83-8488-5A69005DFCC2}.png, width=480, height=360, size=187447, type=GIF, isEmoji=true]
2023-08-22 18:22:10 V/Bot.2398493975: [ç­ç­äº‘æ—…æ¸¸å†›å›¢@ðŸŽ¤å•¥(887156367)] ç­ç­ç¡è§‰å¤§è‡£@è¢«ç­ç­å†›å›¢å¼€é™¤(963423936) -> [mirai:image:{CF1BEB99-E7FC-9E34-CDD4-14EBE24BD428}.png, width=2536, height=1902, size=586882, type=JPG, isEmoji=false]
2023-08-22 18:25:15 V/Bot.2398493975: [ç­ç­äº‘æ—…æ¸¸å†›å›¢@ðŸŽ¤å•¥(887156367)] ç­ç­ç¡è§‰å¤§è‡£@è¢«ç­ç­å†›å›¢å¼€é™¤(963423936) -> [mirai:image:{404AD35B-6553-D189-6BA3-C99B25A46A98}.png, width=1280, height=960, size=139392, type=JPG, isEmoji=false]
2023-08-22 18:27:11 V/Bot.2398493975: [ç­ç­äº‘æ—…æ¸¸å†›å›¢@ðŸŽ¤å•¥(887156367)] ã‚¿ã‚¿@ç­ç­è¢«æ°´æ·¹å†›å›¢(1609323331) -> è‰
2023-08-22 18:32:09 V/Bot.2398493975: [ç­ç­äº‘æ—…æ¸¸å†›å›¢@ðŸŽ¤å•¥(887156367)] å“­å“­Kirin@ä¹Ÿè¢«ç­ç­å†›å›¢å¼€é™¤(472247053) -> [mirai:image:{AFC6E4DA-4B8F-DE2C-C933-606D21498AA0}.jpg, width=324, height=300, size=62607, type=GIF, isEmoji=true]
2023-08-22 18:32:22 V/Bot.2398493975: [ç­ç­äº‘æ—…æ¸¸å†›å›¢@ðŸŽ¤å•¥(887156367)] Freeze_Kirin(768173212) -> [mirai:image:{AFC6E4DA-4B8F-DE2C-C933-606D21498AA0}.png, width=324, height=300, size=62607, type=GIF, isEmoji=true]
2023-08-22 18:32:53 V/Bot.2398493975: [ç­ç­äº‘æ—…æ¸¸å†›å›¢@ðŸŽ¤å•¥(887156367)] ç­ç­å“ªå‡‰å¿«å‘†å“ªå†›å›¢(1297471104) -> [mirai:image:{AFC6E4DA-4B8F-DE2C-C933-606D21498AA0}.gif, width=324, height=300, size=62607, type=GIF, isEmoji=true]
2023-08-22 18:38:19 V/Bot.2398493975: [SHTè”æžéº»é…±åä¼š(493057481)] æ·¡æƒ…ä½™ææœªã‚(1297471104) -> æ‰€ä»¥ymy
2023-08-22 18:38:28 V/Bot.2398493975: [SHTè”æžéº»é…±åä¼š(493057481)] naf2021(3469392519) -> yyy
2023-08-22 18:38:30 V/Bot.2398493975: [SHTè”æžéº»é…±åä¼š(493057481)] naf2021(3469392519) -> [mirai:image:{837EF337-110F-D5C2-D495-91095C91A6AB}.jpg, width=64, height=54, size=786, type=JPG, isEmoji=true]
2023-08-22 18:38:37 V/Bot.2398493975: [SHTè”æžéº»é…±åä¼š(493057481)] æ·¡æƒ…ä½™ææœªã‚(1297471104) -> é‚£
2023-08-22 18:38:41 V/Bot.2398493975: [SHTè”æžéº»é…±åä¼š(493057481)] æ·¡æƒ…ä½™ææœªã‚(1297471104) -> çŽ°åœ¨ç®—ä¸Šä½ 3q1
2023-08-22 18:38:59 V/Bot.2398493975: [SHTè”æžéº»é…±åä¼š(493057481)] naf2021(3469392519) -> å•Šï¼Œå·²ç»åœ¨å­¦æ´»äº†å—
2023-08-22 18:39:06 V/Bot.2398493975: [SHTè”æžéº»é…±åä¼š(493057481)] naf2021(3469392519) -> æˆ‘åˆšå¼€å§‹åƒé¥­
2023-08-22 18:39:07 V/Bot.2398493975: [SHTè”æžéº»é…±åä¼š(493057481)] æ·¡æƒ…ä½™ææœªã‚(1297471104) -> å†ç­‰ä¸€ä¸ªæœ‰ç¼˜äººå°±å¯ä»¥å¾€å­¦æ´»å†²äº†
2023-08-22 18:39:12 V/Bot.2398493975: [SHTè”æžéº»é…±åä¼š(493057481)] naf2021(3469392519) -> [mirai:image:{18A02FDB-A558-4AF4-E0AB-07FF52015109}.jpg, width=74, height=71, size=2742, type=JPG, isEmoji=true]
2023-08-22 18:39:13 V/Bot.2398493975: [SHTè”æžéº»é…±åä¼š(493057481)] æ·¡æƒ…ä½™ææœªã‚(1297471104) -> å½“ç„¶æ²¡æœ‰
2023-08-22 18:39:15 V/Bot.2398493975: [SHTè”æžéº»é…±åä¼š(493057481)] æ·¡æƒ…ä½™ææœªã‚(1297471104) -> åœ¨ä¸‹ç­å‘¢
2023-08-22 18:41:54 V/Bot.2398493975: [ç­ç­äº‘æ—…æ¸¸å†›å›¢@ðŸŽ¤å•¥(887156367)] ä¼˜é›…çŒ›ç‰›(695150175) -> æˆ‘ä»–ä¹ˆé¡¶ä¸ä½äº†
2023-08-22 18:42:07 V/Bot.2398493975: [ç­ç­äº‘æ—…æ¸¸å†›å›¢@ðŸŽ¤å•¥(887156367)] ä¼˜é›…çŒ›ç‰›(695150175) -> æˆ‘è€æ¿æºæ‰‹æˆ‘é•¿è¾ˆè½°ç‚¸æˆ‘
2023-08-22 18:42:11 V/Bot.2398493975: [ç­ç­äº‘æ—…æ¸¸å†›å›¢@ðŸŽ¤å•¥(887156367)] ä¼˜é›…çŒ›ç‰›(695150175) -> è®©æˆ‘åŽ»ä¸Šæµ·
2023-08-22 18:42:41 V/Bot.2398493975: [ç­ç­äº‘æ—…æ¸¸å†›å›¢@ðŸŽ¤å•¥(887156367)] ç­ç­å“ªå‡‰å¿«å‘†å“ªå†›å›¢(1297471104) -> ç‰›å®¶é•¿&ç‰›è€æ¿ï¼šä¸è®¸æ‘†
2023-08-22 18:44:36 V/Bot.2398493975: [ç­ç­äº‘æ—…æ¸¸å†›å›¢@ðŸŽ¤å•¥(887156367)] å“­å“­Kirin@ä¹Ÿè¢«ç­ç­å†›å›¢å¼€é™¤(472247053) -> è·Ÿä»–ä»¬çˆ†äº†
2023-08-22 18:48:31 V/Bot.2398493975: [ç­ç­äº‘æ—…æ¸¸å†›å›¢@ðŸŽ¤å•¥(887156367)] ä¼˜é›…çŒ›ç‰›(695150175) -> çˆ†ä¸äº†å•Š
2023-08-22 18:48:33 V/Bot.2398493975: [ç­ç­äº‘æ—…æ¸¸å†›å›¢@ðŸŽ¤å•¥(887156367)] ä¼˜é›…çŒ›ç‰›(695150175) -> æ²¡åº•ç‰Œ
2023-08-22 18:48:35 V/Bot.2398493975: [ç­ç­äº‘æ—…æ¸¸å†›å›¢@ðŸŽ¤å•¥(887156367)] ä¼˜é›…çŒ›ç‰›(695150175) -> [emm][emm][emm]
2023-08-22 18:57:00 I/UnidbgFetchQsign: Bot(2398493975) request_token, submit success
2023-08-22 18:57:49 V/Bot.2398493975: [ç­ç­äº‘æ—…æ¸¸å†›å›¢@ðŸŽ¤å•¥(887156367)] lax@ç‰›ç‰›é“å¿ƒç ´ç¢Žå†›å›¢(269418386) -> æ‰€ä»¥ä½ çŽ°åœ¨è¿˜æ˜¯æ²¡æœ‰offer
2023-08-22 19:03:46 V/Bot.2398493975: [ç­ç­äº‘æ—…æ¸¸å†›å›¢@ðŸŽ¤å•¥(887156367)] ç­ç­ç¡è§‰å¤§è‡£@è¢«ç­ç­å†›å›¢å¼€é™¤(963423936) -> [mirai:image:{FB9C65FB-5685-1B12-1B13-836B38246164}.png, width=292, height=205, size=61102, type=GIF, isEmoji=true]
2023-08-22 19:03:52 V/Bot.2398493975: [ç­ç­äº‘æ—…æ¸¸å†›å›¢@ðŸŽ¤å•¥(887156367)] ç­ç­ç¡è§‰å¤§è‡£@è¢«ç­ç­å†›å›¢å¼€é™¤(963423936) -> ðŸ®ðŸ®
2023-08-22 19:05:21 V/Bot.2398493975: [SHTè”æžéº»é…±åä¼š(493057481)] éš”å£è€çŽ‹(297234073) -> thpt hzc
2023-08-22 19:05:26 V/Bot.2398493975: [SHTè”æžéº»é…±åä¼š(493057481)] Freeze_Kirin(947603216) -> hzc [ä¹æ®µ 1275/3600][ï¼“ç´š 45/100]
æœ€é«˜æ®µä½ [ä¹æ®µ 2715/3600][ï¼“ç´š 45/100]
æœ€è¿‘æˆ˜ç»© [3323242132][]
å››éº»é¦–æ¬¡å‡å‡¤æ—¶é—´: 3/27/2021
æœ€é«˜æ®µä½è¾¾æˆæ—¶é—´: 4/11/2022
2023-08-22 19:07:11 V/Bot.2398493975: [ç­ç­äº‘æ—…æ¸¸å†›å›¢@ðŸŽ¤å•¥(887156367)] ä¼˜é›…çŒ›ç‰›(695150175) -> æ²¡æœ‰
2023-08-22 19:29:39 V/Bot.2398493975: [SHTè”æžéº»é…±åä¼š(493057481)] naf2021(3469392519) -> é›€å—é›€å—
2023-08-22 19:29:45 V/Bot.2398493975: [SHTè”æžéº»é…±åä¼š(493057481)] naf2021(3469392519) -> [mirai:image:{D68A166E-3BAB-0596-508E-5F4536E3EFEC}.jpg, width=262, height=124, size=6925, type=JPG, isEmoji=true]
2023-08-22 19:29:47 V/Bot.2398493975: [SHTè”æžéº»é…±åä¼š(493057481)] æ·¡æƒ…ä½™ææœªã‚(1297471104) -> é›€å—é›€å—
2023-08-22 19:30:04 V/Bot.2398493975: [SHTè”æžéº»é…±åä¼š(493057481)] æ·¡æƒ…ä½™ææœªã‚(1297471104) -> ä¸ä¼šä»Šå¤©ä¹Ÿæ˜¯æ­»äºŽ3q1çš„ä¸€å¤©å§
2023-08-22 19:32:05 V/Bot.2398493975: [SHTè”æžéº»é…±åä¼š(493057481)] æ·¡æƒ…ä½™ææœªã‚(1297471104) -> @äºº
2023-08-22 19:32:20 V/Bot.2398493975: [SHTè”æžéº»é…±åä¼š(493057481)] naf2021(3469392519) -> æˆ‘å…ˆåŽ»å­¦æ´»ç­‰ç€
2023-08-22 19:32:21 V/Bot.2398493975: [SHTè”æžéº»é…±åä¼š(493057481)] naf2021(3469392519) -> [mirai:image:{837EF337-110F-D5C2-D495-91095C91A6AB}.jpg, width=64, height=54, size=786, type=JPG, isEmoji=true]
2023-08-22 19:33:27 V/Bot.2398493975: Event: MemberJoinEvent.Active(member=1614473174)
2023-08-22 19:33:40 V/Bot.2398493975: [SHTè”æžéº»é…±åä¼š(493057481)] 700Â·400(928632210) -> [mirai:image:{E0DAE969-1230-0E83-8488-5A69005DFCC2}.gif, width=480, height=360, size=187447, type=GIF, isEmoji=true]
2023-08-22 19:33:58 V/Bot.2398493975: [SHTè”æžéº»é…±åä¼š(493057481)] æ·¡æƒ…ä½™ææœªã‚(1297471104) -> å¥½è€¶~æ¬¢è¿Žæ–°å‡¤å‡°
2023-08-22 19:37:06 I/UnidbgFetchQsign: Bot(2398493975) request_token, submit success
2023-08-22 19:40:22 V/Bot.2398493975: [ç­ç­äº‘æ—…æ¸¸å†›å›¢@ðŸŽ¤å•¥(887156367)] lax@ç‰›ç‰›é“å¿ƒç ´ç¢Žå†›å›¢(269418386) -> æˆ‘ä¼°è®¡ä½ è¦å›žå­¦æ ¡äº†
2023-08-22 19:41:17 V/Bot.2398493975: [ç­ç­äº‘æ—…æ¸¸å†›å›¢@ðŸŽ¤å•¥(887156367)] ä¼˜é›…çŒ›ç‰›(695150175) -> æˆ‘ä»–ä¹ˆ
2023-08-22 19:41:23 V/Bot.2398493975: [ç­ç­äº‘æ—…æ¸¸å†›å›¢@ðŸŽ¤å•¥(887156367)] ä¼˜é›…çŒ›ç‰›(695150175) -> æƒ³åˆ°å­¦æ´»çš„å°ä¼™ä¼´
2023-08-22 19:41:28 V/Bot.2398493975: [ç­ç­äº‘æ—…æ¸¸å†›å›¢@ðŸŽ¤å•¥(887156367)] ä¼˜é›…çŒ›ç‰›(695150175) -> æˆ‘ä¹Ÿè§‰æ¶å¿ƒæˆ‘è¦å›žåŽ»äº†
2023-08-22 19:41:34 V/Bot.2398493975: Event: GroupRecall(bot=Bot(2398493975), authorId=695150175, messageIds=[61659], messageInternalIds=[1535275055], messageTime=1692704488, operator=NormalMember(695150175), group=Group(887156367), author=NormalMember(695150175))
2023-08-22 19:41:38 V/Bot.2398493975: [ç­ç­äº‘æ—…æ¸¸å†›å›¢@ðŸŽ¤å•¥(887156367)] ä¼˜é›…çŒ›ç‰›(695150175) -> æˆ‘ä¹Ÿè§‰çš„æˆ‘è¦å›žåŽ»äº†
2023-08-22 19:41:50 V/Bot.2398493975: [ç­ç­äº‘æ—…æ¸¸å†›å›¢@ðŸŽ¤å•¥(887156367)] ä¼˜é›…çŒ›ç‰›(695150175) -> [emm][emm][emm]ä»–è¿™ä¸ªé¥¼ç”»çš„çœŸå¤§
2023-08-22 19:42:00 V/Bot.2398493975: [ç­ç­äº‘æ—…æ¸¸å†›å›¢@ðŸŽ¤å•¥(887156367)] ç­ç­å“ªå‡‰å¿«å‘†å“ªå†›å›¢(1297471104) -> ä¼ ä¸‹åŽ»ï¼Œç‰›ç‰›è§‰å¾—å­¦æ´»çš„å°ä¼™ä¼´æ¶å¿ƒ
2023-08-22 19:42:08 V/Bot.2398493975: [ç­ç­äº‘æ—…æ¸¸å†›å›¢@ðŸŽ¤å•¥(887156367)] ã‚¿ã‚¿@ç­ç­è¢«æ°´æ·¹å†›å›¢(1609323331) -> [mirai:image:{2D1D0B18-99AF-910B-E3C4-642C10F7CA6C}.png, width=391, height=500, size=4032693, type=GIF, isEmoji=true]
2023-08-22 19:42:08 V/Bot.2398493975: [ç­ç­äº‘æ—…æ¸¸å†›å›¢@ðŸŽ¤å•¥(887156367)] lax@ç‰›ç‰›é“å¿ƒç ´ç¢Žå†›å›¢(269418386) -> ä½ éƒ½çŸ¥é“æ˜¯é¥¼äº†
2023-08-22 19:42:15 V/Bot.2398493975: [ç­ç­äº‘æ—…æ¸¸å†›å›¢@ðŸŽ¤å•¥(887156367)] ç­ç­å“ªå‡‰å¿«å‘†å“ªå†›å›¢(1297471104) -> ä½ éƒ½çŸ¥é“æ˜¯é¥¼äº†
2023-08-22 19:42:26 V/Bot.2398493975: [ç­ç­äº‘æ—…æ¸¸å†›å›¢@ðŸŽ¤å•¥(887156367)] ã‚¿ã‚¿@ç­ç­è¢«æ°´æ·¹å†›å›¢(1609323331) -> asapin
2023-08-22 19:43:08 V/Bot.2398493975: [SHTè”æžéº»é…±åä¼š(493057481)] naf2021(3469392519) -> [mirai:image:{8153EF7D-AEF5-9B6B-DD19-7009E5DF4EA6}.jpg, width=68, height=62, size=1415, type=JPG, isEmoji=true]
2023-08-22 19:43:12 V/Bot.2398493975: [SHTè”æžéº»é…±åä¼š(493057481)] naf2021(3469392519) -> åˆ°å­¦æ´»å“©
2023-08-22 19:45:09 V/Bot.2398493975: [SHTè”æžéº»é…±åä¼š(493057481)] æ·¡æƒ…ä½™ææœªã‚(1297471104) -> åœ¨åºŠä¸Š
2023-08-22 19:45:12 V/Bot.2398493975: [ç­ç­äº‘æ—…æ¸¸å†›å›¢@ðŸŽ¤å•¥(887156367)] ä¼˜é›…çŒ›ç‰›(695150175) -> å¯¹å•Š
2023-08-22 19:45:13 V/Bot.2398493975: [SHTè”æžéº»é…±åä¼š(493057481)] æ·¡æƒ…ä½™ææœªã‚(1297471104) -> æœŸå¾…ç€ç¬¬å››ä¸ªäººx
2023-08-22 19:45:25 V/Bot.2398493975: [SHTè”æžéº»é…±åä¼š(493057481)] éš”å£è€çŽ‹(297234073) -> [mirai:image:{C0181628-90D6-BCEA-2C97-C25AE8838DA0}.jpg, width=200, height=128, size=14678, type=GIF, isEmoji=false]
2023-08-22 19:45:26 V/Bot.2398493975: [ç­ç­äº‘æ—…æ¸¸å†›å›¢@ðŸŽ¤å•¥(887156367)] ä¼˜é›…çŒ›ç‰›(695150175) -> é¥¼èƒ½ä¸Šå¤©å‡¤ä½å•Š
2023-08-22 19:45:30 V/Bot.2398493975: [ç­ç­äº‘æ—…æ¸¸å†›å›¢@ðŸŽ¤å•¥(887156367)] ä¼˜é›…çŒ›ç‰›(695150175) -> é¥¼å¤šå¥½å•Š
2023-08-22 19:45:32 V/Bot.2398493975: [ç­ç­äº‘æ—…æ¸¸å†›å›¢@ðŸŽ¤å•¥(887156367)] ä¼˜é›…çŒ›ç‰›(695150175) -> [å¾®ç¬‘]
2023-08-22 19:45:34 V/Bot.2398493975: [SHTè”æžéº»é…±åä¼š(493057481)] naf2021(3469392519) -> jtè¯´ä»–å¯ä»¥æ¥
2023-08-22 19:45:38 V/Bot.2398493975: [ç­ç­äº‘æ—…æ¸¸å†›å›¢@ðŸŽ¤å•¥(887156367)] ã‚¿ã‚¿@ç­ç­è¢«æ°´æ·¹å†›å›¢(1609323331) -> [mirai:image:{FB9C65FB-5685-1B12-1B13-836B38246164}.png, width=292, height=205, size=61102, type=GIF, isEmoji=true]
2023-08-22 19:45:39 V/Bot.2398493975: [SHTè”æžéº»é…±åä¼š(493057481)] naf2021(3469392519) -> [mirai:image:{837EF337-110F-D5C2-D495-91095C91A6AB}.jpg, width=64, height=54, size=786, type=JPG, isEmoji=true]
2023-08-22 19:45:52 V/Bot.2398493975: [ç­ç­äº‘æ—…æ¸¸å†›å›¢@ðŸŽ¤å•¥(887156367)] lax@ç‰›ç‰›é“å¿ƒç ´ç¢Žå†›å›¢(269418386) -> é¥¼é€€å­¦äº†
2023-08-22 19:46:08 V/Bot.2398493975: [ç­ç­äº‘æ—…æ¸¸å†›å›¢@ðŸŽ¤å•¥(887156367)] lax@ç‰›ç‰›é“å¿ƒç ´ç¢Žå†›å›¢(269418386) -> ä¸å¯¹ å«è‚†ä¸š
2023-08-22 19:49:52 V/Bot.2398493975: [ç­ç­äº‘æ—…æ¸¸å†›å›¢@ðŸŽ¤å•¥(887156367)] Freeze_Kirin(768173212) -> é‚£ç‰›ä»€ä¹ˆæ—¶å€™å¤©å‡¤ä½
2023-08-22 19:50:10 V/Bot.2398493975: [SHTè”æžéº»é…±åä¼š(493057481)] æ·¡æƒ…ä½™ææœªã‚(1297471104) -> é‚£å†²
2023-08-22 19:50:14 V/Bot.2398493975: [SHTè”æžéº»é…±åä¼š(493057481)] æ·¡æƒ…ä½™ææœªã‚(1297471104) -> ä»–å•¥æ—¶å€™
2023-08-22 19:50:14 V/Bot.2398493975: [ç­ç­äº‘æ—…æ¸¸å†›å›¢@ðŸŽ¤å•¥(887156367)] Freeze_Kirin(768173212) -> [mirai:image:{4A921C18-FF44-2C37-9E7C-971837637B1D}.png, width=300, height=130, size=6492, type=JPG, isEmoji=true]
2023-08-22 19:50:42 V/Bot.2398493975: [ç­ç­äº‘æ—…æ¸¸å†›å›¢@ðŸŽ¤å•¥(887156367)] ç­ç­ç¡è§‰å¤§è‡£@è¢«ç­ç­å†›å›¢å¼€é™¤(963423936) -> [mirai:image:{8E964EAE-7EAD-8C97-EDC3-3679EFD9AA17}.png, width=2536, height=1902, size=771327, type=JPG, isEmoji=false]
2023-08-22 19:51:03 V/Bot.2398493975: [SHTè”æžéº»é…±åä¼š(493057481)] naf2021(3469392519) -> [mirai:image:{6E5666A4-6F63-6F39-B8DA-DBA1477AF72E}.jpg, width=64, height=54, size=764, type=JPG, isEmoji=true]
2023-08-22 19:51:09 V/Bot.2398493975: [SHTè”æžéº»é…±åä¼š(493057481)] naf2021(3469392519) -> æ²¡è¯´å…·ä½“æ—¶é—´
2023-08-22 19:52:40 V/Bot.2398493975: [SHTè”æžéº»é…±åä¼š(493057481)] jt(981941098) -> æ¥
2023-08-22 19:52:46 V/Bot.2398493975: [SHTè”æžéº»é…±åä¼š(493057481)] æ·¡æƒ…ä½™ææœªã‚(1297471104) -> 1
2023-08-22 19:53:10 V/Bot.2398493975: [ç­ç­äº‘æ—…æ¸¸å†›å›¢@ðŸŽ¤å•¥(887156367)] zz@çºçºè»å›£(771507043) -> é‚£åªèƒ½ä¸ªç¨Ž+10%äº†
2023-08-22 19:53:37 V/Bot.2398493975: [ç­ç­äº‘æ—…æ¸¸å†›å›¢@ðŸŽ¤å•¥(887156367)] ç­ç­ç¡è§‰å¤§è‡£@è¢«ç­ç­å†›å›¢å¼€é™¤(963423936) -> ä¹
2023-08-22 19:55:07 V/Bot.2398493975: [ç­ç­äº‘æ—…æ¸¸å†›å›¢@ðŸŽ¤å•¥(887156367)] ç­ç­å“ªå‡‰å¿«å‘†å“ªå†›å›¢(1297471104) -> ä»€ä¹ˆæ—¶å€™é€æˆ‘
2023-08-22 19:56:31 V/Bot.2398493975: [ç­ç­äº‘æ—…æ¸¸å†›å›¢@ðŸŽ¤å•¥(887156367)] lax@ç‰›ç‰›é“å¿ƒç ´ç¢Žå†›å›¢(269418386) -> æˆ‘åœ¨æ‰¾å·¥ä½œçš„æ—¶å€™å°±å·²ç»å‘çŽ°äº† æ¯•ä¸šäº†å†æ‰¾å·¥ä½œ ä½ å¾ˆéš¾è¯´æžä¸ªofferä¿åº•
2023-08-22 19:56:55 V/Bot.2398493975: [ç­ç­äº‘æ—…æ¸¸å†›å›¢@ðŸŽ¤å•¥(887156367)] lax@ç‰›ç‰›é“å¿ƒç ´ç¢Žå†›å›¢(269418386) -> ä½ æ²¡æ¯•ä¸š ä½ æœ‰æ­£å½“ç†ç”±æ…¢æ…¢æ‰¾ ä½ æ¯•ä¸šäº†  äººå®¶ç»™ä½ offerä½ å°±å¾—åŽ»
2023-08-22 19:57:37 V/Bot.2398493975: [ç­ç­äº‘æ—…æ¸¸å†›å›¢@ðŸŽ¤å•¥(887156367)] lax@ç‰›ç‰›é“å¿ƒç ´ç¢Žå†›å›¢(269418386) -> ç‰›çŽ°åœ¨å°±è¿™æƒ…å†µ è¯´å¥½å¬ç‚¹ ç‰›çš„è€æ¿ç»™äº†ç‰›ä¸å°‘æ—¶é—´äº†
2023-08-22 20:00:14 V/Bot.2398493975: [SHTè”æžéº»é…±åä¼š(493057481)] å¤§å¯å¥‡ä¸½(1485280964) -> å¯æ¶
2023-08-22 20:00:20 V/Bot.2398493975: [SHTè”æžéº»é…±åä¼š(493057481)] å¤§å¯å¥‡ä¸½(1485280964) -> æˆ‘å°†äºŽä¸¤å¤©åŽå¤æ´»
2023-08-22 20:01:37 V/Bot.2398493975: [ç­ç­äº‘æ—…æ¸¸å†›å›¢@ðŸŽ¤å•¥(887156367)] lax@ç‰›ç‰›é“å¿ƒç ´ç¢Žå†›å›¢(269418386) -> ä½ ä»¬å…¶ä»–äººè¿™ä¸ªäº‹æƒ…ä¹Ÿè¯¥è§„åˆ’èµ·æ¥äº† å·¥ä½œè¿™ä¸ªäº‹æƒ… åæ­£åˆ«åˆ°äº†æ¯•ä¸šæ‰æƒ³èµ·æ¥
2023-08-22 20:02:08 V/Bot.2398493975: [ç­ç­äº‘æ—…æ¸¸å†›å›¢@ðŸŽ¤å•¥(887156367)] ã‚¿ã‚¿@ç­ç­è¢«æ°´æ·¹å†›å›¢(1609323331) -> [mirai:image:{FB9C65FB-5685-1B12-1B13-836B38246164}.png, width=292, height=205, size=61102, type=GIF, isEmoji=true]
2023-08-22 20:02:18 V/Bot.2398493975: [ç­ç­äº‘æ—…æ¸¸å†›å›¢@ðŸŽ¤å•¥(887156367)] ã‚¿ã‚¿@ç­ç­è¢«æ°´æ·¹å†›å›¢(1609323331) -> æ¯•ä¸äº†ä¸šäº†
2023-08-22 20:02:30 V/Bot.2398493975: [ç­ç­äº‘æ—…æ¸¸å†›å›¢@ðŸŽ¤å•¥(887156367)] lax@ç‰›ç‰›é“å¿ƒç ´ç¢Žå†›å›¢(269418386) -> é‚£è¿˜æ˜¯å…ˆæ¯•ä¸šå§
2023-08-22 20:02:39 V/Bot.2398493975: [ç­ç­äº‘æ—…æ¸¸å†›å›¢@ðŸŽ¤å•¥(887156367)] lax@ç‰›ç‰›é“å¿ƒç ´ç¢Žå†›å›¢(269418386) -> ä½ ä»¬ç¡•å£«æ˜¯ä¸æ˜¯åªèƒ½å»¶ä¸€å¹´
2023-08-22 20:03:01 V/Bot.2398493975: [ç­ç­äº‘æ—…æ¸¸å†›å›¢@ðŸŽ¤å•¥(887156367)] ã‚¿ã‚¿@ç­ç­è¢«æ°´æ·¹å†›å›¢(1609323331) -> ä¸€å¹´æ
2023-08-22 20:04:05 V/Bot.2398493975: [ç­ç­äº‘æ—…æ¸¸å†›å›¢@ðŸŽ¤å•¥(887156367)] lax@ç‰›ç‰›é“å¿ƒç ´ç¢Žå†›å›¢(269418386) -> æˆ‘é‚£ä¸ªæ—¶å€™ç¡•å£«è¿˜èƒ½é ä¸€ä¸ªä¸“åˆ©æ¯•ä¸š
2023-08-22 20:04:09 V/Bot.2398493975: [ç­ç­äº‘æ—…æ¸¸å†›å›¢@ðŸŽ¤å•¥(887156367)] lax@ç‰›ç‰›é“å¿ƒç ´ç¢Žå†›å›¢(269418386) -> çŽ°åœ¨ä¹Ÿä¸è¡Œäº†
2023-08-22 20:05:03 V/Bot.2398493975: [ç­ç­äº‘æ—…æ¸¸å†›å›¢@ðŸŽ¤å•¥(887156367)] lax@ç‰›ç‰›é“å¿ƒç ´ç¢Žå†›å›¢(269418386) -> æœ‰æ²¡æœ‰æ¯•ä¸äº†ä¸šå°±è½¬åšçš„è¯´æ³•
2023-08-22 20:05:33 V/Bot.2398493975: [SHTè”æžéº»é…±åä¼š(493057481)] æ·¡æƒ…ä½™ææœªã‚(1297471104) -> äººæ
2023-08-22 20:17:07 I/UnidbgFetchQsign: Bot(2398493975) request_token, submit success
2023-08-22 20:18:26 V/Bot.2398493975: [SHTè”æžéº»é…±åä¼š(493057481)] Still912(1574615723) -> [mirai:quote:[mirai:source:ids=[281835], internalIds=[1294990721], from 1297471104 to 493057481 at 1692704713], content=<not yet initialized>]ä¹ä¸€çœ‹è¿™å¥è¯å¥½æ€ª
2023-08-22 20:18:39 V/Bot.2398493975: [SHTè”æžéº»é…±åä¼š(493057481)] Still912(1574615723) -> ä»¥ä¸ºæ˜¯ä¸ƒå¤•èŠ‚çš„èŠ‚æ°”ä¹ ä¿—ï¼ˆä¸æ˜¯ï¼‰
2023-08-22 20:19:03 V/Bot.2398493975: [SHTè”æžéº»é…±åä¼š(493057481)] éš”å£è€çŽ‹(297234073) -> ä»¥ä¸ºæ˜¯ä¸ƒå¤•èŠ‚çš„èŠ‚æ°”ä¹ ä¿—ï¼ˆä¸æ˜¯ï¼‰
2023-08-22 20:19:56 V/Bot.2398493975: [SHTè”æžéº»é…±åä¼š(493057481)] æ·¡æƒ…ä½™ææœªã‚(1297471104) -> xs
2023-08-22 20:21:29 V/Bot.2398493975: [SHTè”æžéº»é…±åä¼š(493057481)] éš”å£è€çŽ‹(297234073) -> è¦ä¹ˆå¼€ä¸ªå‹äººåœºï¼Œæˆ‘å¯ä»¥åŠ å…¥
2023-08-22 20:22:00 V/Bot.2398493975: [SHTè”æžéº»é…±åä¼š(493057481)] éš”å£è€çŽ‹(297234073) -> åé«˜é“å¾ˆæ— èŠ
2023-08-22 20:33:51 V/Bot.2398493975: [ç­ç­äº‘æ—…æ¸¸å†›å›¢@ðŸŽ¤å•¥(887156367)] ç­ç­ç¡è§‰å¤§è‡£@è¢«ç­ç­å†›å›¢å¼€é™¤(963423936) -> [mirai:image:{B165AFA6-BA67-A5D5-B4F3-BE828A76AF9D}.png, width=1900, height=2532, size=521711, type=JPG, isEmoji=false]
2023-08-22 20:37:58 V/Bot.2398493975: [ç­ç­äº‘æ—…æ¸¸å†›å›¢@ðŸŽ¤å•¥(887156367)] zz@çºçºè»å›£(771507043) -> [ä¸æ”¯æŒçš„æ¶ˆæ¯#-1973936718][mirai:image:{B800A4A0-11D6-D2C2-3D35-70655858C40A}.jpg, width=678, height=388, size=85153, type=PNG, isEmoji=false]è¿™æ˜¯ä»€ä¹ˆæ—¶å€™æœ‰çš„
2023-08-22 20:47:08 V/Bot.2398493975: [SHTè”æžéº»é…±åä¼š(493057481)] dk(1159550663) -> æœ‰äººï¼Ÿ
2023-08-22 20:49:00 V/Bot.2398493975: [SHTè”æžéº»é…±åä¼š(493057481)] naf2021(3469392519) -> å·²ç»å¼€äº†
2023-08-22 20:57:07 I/UnidbgFetchQsign: Bot(2398493975) request_token, submit success
2023-08-22 21:03:40 V/Bot.2398493975: [ç­ç­äº‘æ—…æ¸¸å†›å›¢@ðŸŽ¤å•¥(887156367)] zz@çºçºè»å›£(771507043) -> [mirai:image:{15E1767E-DF63-E360-5242-33F4203FA453}.png, width=1059, height=603, size=69297, type=JPG, isEmoji=false]
2023-08-22 21:04:56 V/Bot.2398493975: [ç­ç­äº‘æ—…æ¸¸å†›å›¢@ðŸŽ¤å•¥(887156367)] ç­ç­ç¡è§‰å¤§è‡£@è¢«ç­ç­å†›å›¢å¼€é™¤(963423936) -> [mirai:image:{E01DC101-7B53-6069-4FFD-4F246D74888B}.png, width=1900, height=2532, size=408965, type=JPG, isEmoji=false]
2023-08-22 21:06:24 V/Bot.2398493975: Event: MemberCardChangeEvent(origin=Asphyxia Amant, new=, member=NormalMember(1614473174))
2023-08-22 21:06:24 V/Bot.2398493975: [SHTè”æžéº»é…±åä¼š(493057481)] Asphyxia Amant(1614473174) -> [mirai:image:{80AD526E-3FFA-B728-25D6-D32E910CFF57}.png, width=1920, height=1080, size=499279, type=JPG, isEmoji=false]
2023-08-22 21:06:28 V/Bot.2398493975: [SHTè”æžéº»é…±åä¼š(493057481)] Asphyxia Amant(1614473174) -> å‰ä¸¤å¤©æ‰“çš„
2023-08-22 21:06:30 V/Bot.2398493975: [SHTè”æžéº»é…±åä¼š(493057481)] Asphyxia Amant(1614473174) -> [ä¸æ”¯æŒçš„æ¶ˆæ¯#1049189023]
2023-08-22 21:10:19 V/Bot.2398493975: [ç­ç­äº‘æ—…æ¸¸å†›å›¢@ðŸŽ¤å•¥(887156367)] zz@çºçºè»å›£(771507043) -> [mirai:image:{0E89E085-A6E1-69A7-F789-1E45361DB047}.png, width=1809, height=315, size=55326, type=JPG, isEmoji=false]
2023-08-22 21:11:28 V/Bot.2398493975: [SHTè”æžéº»é…±åä¼š(493057481)] æ·¡æƒ…ä½™ææœªã‚(1297471104) -> ç‰›å“‡
2023-08-22 21:11:42 V/Bot.2398493975: [SHTè”æžéº»é…±åä¼š(493057481)] æ·¡æƒ…ä½™ææœªã‚(1297471104) -> 62100
2023-08-22 21:11:44 V/Bot.2398493975: [SHTè”æžéº»é…±åä¼š(493057481)] yyyouch(2461942798) -> -500
2023-08-22 21:11:56 V/Bot.2398493975: [SHTè”æžéº»é…±åä¼š(493057481)] naf2021(3469392519) -> 21800
2023-08-22 21:12:07 V/Bot.2398493975: [SHTè”æžéº»é…±åä¼š(493057481)] jt(981941098) -> 16600
2023-08-22 21:12:08 V/Bot.2398493975: Group(493057481) <- è®°å½•æˆåŠŸï¼š
æ·¡æƒ…ä½™ææœªã‚: 62100
naf2021: 21800
jt: 16600
yyyouch: -500
2023-08-22 21:20:20 V/Bot.2398493975: [SHTè”æžéº»é…±åä¼š(493057481)] éš”å£è€çŽ‹(297234073) -> [mirai:quote:[mirai:source:ids=[281858], internalIds=[732099047], from 1614473174 to 493057481 at 1692709590], content=<not yet initialized>][mirai:at:1614473174] èˆ’æœäº†
2023-08-22 21:37:13 I/UnidbgFetchQsign: Bot(2398493975) request_token, submit success
2023-08-22 21:54:19 V/Bot.2398493975: [SHTè”æžéº»é…±åä¼š(493057481)] Asphyxia Amant(1614473174) -> çˆ½
2023-08-22 22:02:47 V/Bot.2398493975: [SHTè”æžéº»é…±åä¼š(493057481)] æ·¡æƒ…ä½™ææœªã‚(1297471104) -> 37600
2023-08-22 22:02:56 V/Bot.2398493975: [SHTè”æžéº»é…±åä¼š(493057481)] yyyouch(2461942798) -> -1400
2023-08-22 22:03:11 V/Bot.2398493975: [SHTè”æžéº»é…±åä¼š(493057481)] jt(981941098) -> 32800
2023-08-22 22:03:12 V/Bot.2398493975: [SHTè”æžéº»é…±åä¼š(493057481)] dk(1159550663) -> 31000
2023-08-22 22:03:14 V/Bot.2398493975: Group(493057481) <- è®°å½•æˆåŠŸï¼š
æ·¡æƒ…ä½™ææœªã‚: 37600
jt: 32800
dk: 31000
yyyouch: -1400
2023-08-22 22:17:14 I/UnidbgFetchQsign: Bot(2398493975) request_token, submit success
2023-08-22 22:29:49 V/Bot.2398493975: [SHTè”æžéº»é…±åä¼š(493057481)] å¤§å¯å¥‡ä¸½(1485280964) -> [mirai:quote:[mirai:source:ids=[281858], internalIds=[732099047], from 1614473174 to 493057481 at 1692709590], content=<not yet initialized>][mirai:at:1614473174] nb
2023-08-22 22:45:17 V/Bot.2398493975: [ç­ç­äº‘æ—…æ¸¸å†›å›¢@ðŸŽ¤å•¥(887156367)] ç­ç­ç¡è§‰å¤§è‡£@è¢«ç­ç­å†›å›¢å¼€é™¤(963423936) -> æˆ‘çŽ°åœ¨æ‰“å¤©å‡¤
2023-08-22 22:45:18 V/Bot.2398493975: [ç­ç­äº‘æ—…æ¸¸å†›å›¢@ðŸŽ¤å•¥(887156367)] ç­ç­ç¡è§‰å¤§è‡£@è¢«ç­ç­å†›å›¢å¼€é™¤(963423936) -> æ˜¯ä¸æ˜¯ä¸ä¼šæŽ‰çº¿
2023-08-22 22:54:45 V/Bot.2398493975: [ç­ç­äº‘æ—…æ¸¸å†›å›¢@ðŸŽ¤å•¥(887156367)] hzc@ç­ç­è»å›£äºŒåº¦å—(2384102753) -> ä½ å¯ä»¥è¯•è¯•
2023-08-22 22:57:15 I/UnidbgFetchQsign: Bot(2398493975) request_token, submit success
2023-08-22 23:06:37 V/Bot.2398493975: [ç­ç­äº‘æ—…æ¸¸å†›å›¢@ðŸŽ¤å•¥(887156367)] lax@ç‰›ç‰›é“å¿ƒç ´ç¢Žå†›å›¢(269418386) -> äº®æ€»è¯´æŽ‰çº¿ä¸åˆ†æ—¥æœ¬è¿˜æ˜¯ä¸­å›½
2023-08-22 23:06:52 V/Bot.2398493975: [ç­ç­äº‘æ—…æ¸¸å†›å›¢@ðŸŽ¤å•¥(887156367)] lax@ç‰›ç‰›é“å¿ƒç ´ç¢Žå†›å›¢(269418386) -> è¯¥æŽ‰è¿˜å¾—æŽ‰
2023-08-22 23:13:36 V/Bot.2398493975: [ç­ç­äº‘æ—…æ¸¸å†›å›¢@ðŸŽ¤å•¥(887156367)] zz@çºçºè»å›£(771507043) -> [mirai:image:{FD4F98AE-C76F-EC70-EC18-1C6825AEA55C}.png, width=727, height=456, size=40064, type=JPG, isEmoji=false]
2023-08-22 23:16:24 V/Bot.2398493975: [ç­ç­äº‘æ—…æ¸¸å†›å›¢@ðŸŽ¤å•¥(887156367)] ã‚¿ã‚¿@ç­ç­è¢«æ°´æ·¹å†›å›¢(1609323331) -> [mirai:image:{7AAB86C2-2E54-B41B-1127-E416989F377D}.png, width=124, height=139, size=6514, type=JPG, isEmoji=true]
2023-08-22 23:16:51 V/Bot.2398493975: [ç­ç­äº‘æ—…æ¸¸å†›å›¢@ðŸŽ¤å•¥(887156367)] hzc@ç­ç­è»å›£äºŒåº¦å—(2384102753) -> [mirai:image:{3079CD4B-525E-2E3C-DBB9-D13F22241571}.jpg, width=124, height=139, size=4121, type=JPG, isEmoji=true]
2023-08-22 23:22:17 V/Bot.2398493975: [SHTè”æžéº»é…±åä¼š(493057481)] jt(981941098) -> [mirai:image:{56A6CD79-40E4-3C13-0B67-FCBB5D60C231}.jpg, width=1920, height=864, size=144213, type=JPG, isEmoji=false]
2023-08-22 23:24:51 V/Bot.2398493975: [ç­ç­äº‘æ—…æ¸¸å†›å›¢@ðŸŽ¤å•¥(887156367)] zz@çºçºè»å›£(771507043) -> ç­‰ç­‰ï¼Œåç‚¹å‰ä¸èµ·åºŠæ˜¯ä¸æ˜¯äºä¸€ç¢Žç‰‡[mirai:image:{E701563F-4B19-DEC1-6D60-FE0CBAD1C63B}.png, width=2778, height=1284, size=287301, type=JPG, isEmoji=false]
2023-08-22 23:25:11 V/Bot.2398493975: [ç­ç­äº‘æ—…æ¸¸å†›å›¢@ðŸŽ¤å•¥(887156367)] ã‚¿ã‚¿@ç­ç­è¢«æ°´æ·¹å†›å›¢(1609323331) -> [mirai:image:{7AAB86C2-2E54-B41B-1127-E416989F377D}.png, width=124, height=139, size=6514, type=JPG, isEmoji=true]
2023-08-22 23:28:18 V/Bot.2398493975: [SHTè”æžéº»é…±åä¼š(493057481)] yyyouch(2461942798) -> -1400
2023-08-22 23:28:35 V/Bot.2398493975: [SHTè”æžéº»é…±åä¼š(493057481)] æ·¡æƒ…ä½™ææœªã‚(1297471104) -> 32100
2023-08-22 23:28:48 V/Bot.2398493975: [SHTè”æžéº»é…±åä¼š(493057481)] åƒæ¢¦(449603499) -> [mirai:image:{92D49195-F2C1-BC3F-2053-18ABC14E42D8}.jpg, width=436, height=596, size=40752, type=JPG, isEmoji=false]
2023-08-22 23:28:55 V/Bot.2398493975: [SHTè”æžéº»é…±åä¼š(493057481)] naf2021(3469392519) -> 22200
2023-08-22 23:29:04 V/Bot.2398493975: [SHTè”æžéº»é…±åä¼š(493057481)] jt(981941098) -> 47100
2023-08-22 23:29:05 V/Bot.2398493975: Group(493057481) <- è®°å½•æˆåŠŸï¼š
jt: 47100
æ·¡æƒ…ä½™ææœªã‚: 32100
naf2021: 22200
yyyouch: -1400
2023-08-22 23:37:21 I/UnidbgFetchQsign: Bot(2398493975) request_token, submit success
