2023-09-13 00:08:56 I/UnidbgFetchQsign: Bot(2398493975) request_token, submit success
2023-09-13 00:28:18 V/Bot.2398493975: [SHT荔枝麻酱协会(493057481)] chino(704937242) -> 12000
2023-09-13 00:28:19 V/Bot.2398493975: [SHT荔枝麻酱协会(493057481)] 淡情余描未わ(1297471104) -> 26900
2023-09-13 00:28:21 V/Bot.2398493975: [SHT荔枝麻酱协会(493057481)] naf2021(3469392519) -> 28500
2023-09-13 00:29:15 V/Bot.2398493975: [SHT荔枝麻酱协会(493057481)] jt(981941098) -> 32500
2023-09-13 00:29:16 V/Bot.2398493975: Group(493057481) <- 点数有误，总和不为100000！
2023-09-13 00:29:30 V/Bot.2398493975: [SHT荔枝麻酱协会(493057481)] jt(981941098) -> 32600
2023-09-13 00:29:31 V/Bot.2398493975: Group(493057481) <- 记录成功：
jt: 32600
naf2021: 28500
淡情余描未わ: 26900
chino: 12000
2023-09-13 00:42:43 V/Bot.2398493975: [SHT荔枝麻酱协会(493057481)] MEOW@獭獭bot(1609323331) -> [mirai:image:{B597C41C-D678-386E-BF00-96AD08D505BD}.png, width=320, height=270, size=129239, type=GIF, isEmoji=true]
2023-09-13 00:44:30 V/Bot.2398493975: [SHT荔枝麻酱协会(493057481)] 千梦(449603499) -> [mirai:image:{741BF4D0-5139-EA31-AE4E-0CDDC94134B3}.jpg, width=340, height=287, size=17638, type=JPG, isEmoji=false]
2023-09-13 00:48:57 I/UnidbgFetchQsign: Bot(2398493975) request_token, submit success
2023-09-13 01:03:25 V/Bot.2398493975: [獭獭不会交学费军团@(887156367)] 獭獭买锤子大臣@被獭獭军团开除(963423936) -> 看苹果发布会咯
2023-09-13 01:05:54 V/Bot.2398493975: [獭獭不会交学费军团@(887156367)] タタ@獭獭·ω·咖波●ω●军团(1609323331) -> bkbk
2023-09-13 01:05:58 V/Bot.2398493975: [獭獭不会交学费军团@(887156367)] タタ@獭獭·ω·咖波●ω●军团(1609323331) -> 送我15pro
2023-09-13 01:06:54 V/Bot.2398493975: [獭獭不会交学费军团@(887156367)] Freeze_Kirin(768173212) -> 哦草已经一点了
2023-09-13 01:08:42 V/Bot.2398493975: [獭獭不会交学费军团@(887156367)] 獭獭买锤子大臣@被獭獭军团开除(963423936) -> 啊？
2023-09-13 01:08:45 V/Bot.2398493975: [獭獭不会交学费军团@(887156367)] 獭獭买锤子大臣@被獭獭军团开除(963423936) -> 新Apple Watch
2023-09-13 01:27:55 V/Bot.2398493975: [SHT荔枝麻酱协会(493057481)] 淡情余描未わ(1297471104) -> 22500
2023-09-13 01:27:56 V/Bot.2398493975: [SHT荔枝麻酱协会(493057481)] naf2021(3469392519) -> 24400
2023-09-13 01:28:01 V/Bot.2398493975: [SHT荔枝麻酱协会(493057481)] 大可奇丽(1485280964) -> 37300
2023-09-13 01:28:04 V/Bot.2398493975: [SHT荔枝麻酱协会(493057481)] chino(704937242) -> 15800
2023-09-13 01:28:05 V/Bot.2398493975: Group(493057481) <- 记录成功：
大可奇丽: 37300
naf2021: 24400
淡情余描未わ: 22500
chino: 15800
2023-09-13 01:28:26 V/Bot.2398493975: [SHT荔枝麻酱协会(493057481)] chino(704937242) -> ！查查我的
2023-09-13 01:28:27 V/Bot.2398493975: Group(493057481) <- 昵称：chino
段位：5级
rate：1432.56
近期顺位：3222444444
更多数据请访问：http://shanghaitech-mahjong.top/userid/704937242
2023-09-13 01:28:29 V/Bot.2398493975: [test(389193066)] 淡情余描未わ(1297471104) -> ！查查我的
2023-09-13 01:28:30 V/Bot.2398493975: Group(389193066) <- 昵称：淡情余描未わ
段位：4级
rate：1495.32
近期顺位：3213332133
更多数据请访问：http://shanghaitech-mahjong.top/userid/1297471104
2023-09-13 01:28:43 V/Bot.2398493975: [SHT荔枝麻酱协会(493057481)] 大可奇丽(1485280964) -> ！查查我的
2023-09-13 01:28:44 V/Bot.2398493975: Group(493057481) <- 昵称：大可奇丽
段位：新人
rate：1521.53
近期顺位：4131
更多数据请访问：http://shanghaitech-mahjong.top/userid/1485280964
2023-09-13 01:28:57 I/UnidbgFetchQsign: Bot(2398493975) request_token, submit success
2023-09-13 01:29:47 V/Bot.2398493975: [test(389193066)] 时雨(1609323331) -> ！查查我的
2023-09-13 01:29:48 V/Bot.2398493975: Group(389193066) <- 昵称：时雨
段位：新人
rate：1461.69
近期顺位：43
更多数据请访问：http://shanghaitech-mahjong.top/userid/1609323331
2023-09-13 01:30:11 V/Bot.2398493975: [test(389193066)] 淡情余描未わ(1297471104) -> 为什么我3位率48%
2023-09-13 01:30:13 V/Bot.2398493975: [test(389193066)] 淡情余描未わ(1297471104) -> 玩不了一点
2023-09-13 01:30:20 V/Bot.2398493975: [test(389193066)] 时雨(1609323331) -> 为什么我3位率50%
2023-09-13 01:31:57 V/Bot.2398493975: [test(389193066)] 淡情余描未わ(1297471104) -> 我25把12个3（
2023-09-13 01:32:00 V/Bot.2398493975: [獭獭不会交学费军团@(887156367)] タタ@獭獭·ω·咖波●ω●军团(1609323331) -> [mirai:image:{111185A8-0CB9-3BF3-6AFF-3B09D7931682}.jpg, width=1048, height=1051, size=105119, type=PNG, isEmoji=false]
2023-09-13 01:32:06 V/Bot.2398493975: [test(389193066)] 时雨(1609323331) -> [mirai:image:{F5B37AEF-85A4-B98E-F7A6-31A42DB159D4}.jpg, width=300, height=300, size=11036, type=JPG, isEmoji=true]
2023-09-13 01:32:18 V/Bot.2398493975: [test(389193066)] 淡情余描未わ(1297471104) -> [mirai:image:{FCD07CB2-D2AD-30AD-2619-E7F4398ABE4A}.jpg, width=512, height=420, size=441219, type=GIF, isEmoji=true]
2023-09-13 01:32:23 V/Bot.2398493975: [test(389193066)] 时雨(1609323331) -> [mirai:image:{9AD74AD2-70EB-F0CF-FF60-C6642AD59AAC}.jpg, width=746, height=1315, size=69019, type=PNG, isEmoji=false]
2023-09-13 01:32:25 V/Bot.2398493975: [SHT荔枝麻酱协会(493057481)] naf2021(3469392519) -> ！查查我的
2023-09-13 01:32:26 V/Bot.2398493975: Group(493057481) <- 昵称：naf2021
段位：3级
rate：1544.96
近期顺位：4221441322
更多数据请访问：http://shanghaitech-mahjong.top/userid/3469392519
2023-09-13 01:32:46 V/Bot.2398493975: [test(389193066)] 淡情余描未わ(1297471104) -> [mirai:image:{4CCD8855-28A4-6AAC-967D-D28A0E9A06A0}.jpg, width=300, height=224, size=11767, type=JPG, isEmoji=true]
2023-09-13 01:33:00 V/Bot.2398493975: [獭獭不会交学费军团@(887156367)] タタ@獭獭·ω·咖波●ω●军团(1609323331) -> [mirai:image:{77401B58-D359-EF9E-F2C1-8CF6378487A7}.jpg, width=1048, height=1048, size=159230, type=PNG, isEmoji=false]
2023-09-13 01:33:31 V/Bot.2398493975: [SHT荔枝麻酱协会(493057481)] 淡情余描未わ(1297471104) -> 怎么有人25把三位率48%啊（
2023-09-13 01:33:35 V/Bot.2398493975: [SHT荔枝麻酱协会(493057481)] 淡情余描未わ(1297471104) -> [mirai:image:{4EDDAE51-2EA5-50F1-9CCF-6CD49C679B3A}.jpg, width=236, height=226, size=161862, type=GIF, isEmoji=true]
2023-09-13 02:02:05 V/Bot.2398493975: [獭獭不会交学费军团@(887156367)] hzc@獭獭軍団二度受(2384102753) -> 醒了
2023-09-13 02:02:16 V/Bot.2398493975: [獭獭不会交学费军团@(887156367)] タタ@獭獭·ω·咖波●ω●军团(1609323331) -> [mirai:image:{9B811F98-2E7A-4AF3-5C71-DAA417A8148E}.gif, width=318, height=267, size=89926, type=GIF, isEmoji=true]
2023-09-13 02:02:17 V/Bot.2398493975: [獭獭不会交学费军团@(887156367)] 獭獭会交学费军团(1297471104) -> 晚安
2023-09-13 02:02:25 V/Bot.2398493975: [獭獭不会交学费军团@(887156367)] タタ@獭獭·ω·咖波●ω●军团(1609323331) -> [mirai:image:{18399239-9EC8-A0CB-5E40-DA1A9668D672}.jpg, width=160, height=160, size=4785, type=JPG, isEmoji=true]
2023-09-13 02:02:48 V/Bot.2398493975: [獭獭不会交学费军团@(887156367)] Freeze_Kirin(768173212) -> 总算看完了
2023-09-13 02:03:01 V/Bot.2398493975: [獭獭不会交学费军团@(887156367)] Freeze_Kirin(768173212) -> 睡觉！
2023-09-13 02:04:23 V/Bot.2398493975: [獭獭不会交学费军团@(887156367)] hzc@獭獭軍団二度受(2384102753) -> 别睡了
2023-09-13 02:04:48 V/Bot.2398493975: [獭獭不会交学费军团@(887156367)] タタ@獭獭·ω·咖波●ω●军团(1609323331) -> [mirai:image:{B597C41C-D678-386E-BF00-96AD08D505BD}.gif, width=320, height=270, size=129239, type=GIF, isEmoji=true]15pro把祖宗之法删了
2023-09-13 02:04:58 V/Bot.2398493975: [獭獭不会交学费军团@(887156367)] Freeze_Kirin(768173212) -> 祖宗之法是啥
2023-09-13 02:05:13 V/Bot.2398493975: [獭獭不会交学费军团@(887156367)] タタ@獭獭·ω·咖波●ω●军团(1609323331) -> hlb不会用的那个实体静音键
2023-09-13 02:05:25 V/Bot.2398493975: [獭獭不会交学费军团@(887156367)] Freeze_Kirin(768173212) -> [mirai:image:{15530C6E-2E2B-8726-AC46-20AE8098381B}.png, width=174, height=172, size=5372, type=JPG, isEmoji=true]
2023-09-13 02:05:29 V/Bot.2398493975: [獭獭不会交学费军团@(887156367)] Freeze_Kirin(768173212) -> [mirai:image:{F4E0DC81-687A-7A42-5199-40CCB5F0AFBF}.png, width=512, height=512, size=633525, type=GIF, isEmoji=true]
2023-09-13 02:05:36 V/Bot.2398493975: [獭獭不会交学费军团@(887156367)] タタ@獭獭·ω·咖波●ω●军团(1609323331) -> 变成自定义按钮了
2023-09-13 02:06:02 V/Bot.2398493975: [獭獭不会交学费军团@(887156367)] hzc@獭獭軍団二度受(2384102753) -> 好事
2023-09-13 02:06:09 V/Bot.2398493975: [獭獭不会交学费军团@(887156367)] タタ@獭獭·ω·咖波●ω●军团(1609323331) -> ？
2023-09-13 02:06:22 V/Bot.2398493975: [獭獭不会交学费军团@(887156367)] hzc@獭獭軍団二度受(2384102753) -> 放那确实感觉不明觉厉
2023-09-13 02:06:24 V/Bot.2398493975: [獭獭不会交学费军团@(887156367)] Freeze_Kirin(768173212) -> [mirai:image:{05DB7905-77FE-79A0-B89B-A12F010EECF6}.png, width=398, height=398, size=2862666, type=GIF, isEmoji=true]
2023-09-13 02:06:32 V/Bot.2398493975: [獭獭不会交学费军团@(887156367)] タタ@獭獭·ω·咖波●ω●军团(1609323331) -> [mirai:image:{A31463D2-BD3C-9584-ED1D-5DC6DABBAC1B}.gif, width=150, height=150, size=855112, type=GIF, isEmoji=true]违背祖宗的而决定
2023-09-13 02:06:36 V/Bot.2398493975: Event: GroupRecall(bot=Bot(2398493975), authorId=1609323331, messageIds=[70091], messageInternalIds=[2043739080], messageTime=1694541992, operator=NormalMember(1609323331), group=Group(887156367), author=NormalMember(1609323331))
2023-09-13 02:06:40 V/Bot.2398493975: [獭獭不会交学费军团@(887156367)] タタ@獭獭·ω·咖波●ω●军团(1609323331) -> [mirai:image:{A31463D2-BD3C-9584-ED1D-5DC6DABBAC1B}.gif, width=150, height=150, size=855112, type=GIF, isEmoji=true]违背祖宗的决定
2023-09-13 02:06:46 V/Bot.2398493975: [獭獭不会交学费军团@(887156367)] 獭獭买锤子大臣@被獭獭军团开除(963423936) -> [mirai:image:{05DB7905-77FE-79A0-B89B-A12F010EECF6}.gif, width=398, height=398, size=2862666, type=GIF, isEmoji=true]
2023-09-13 02:06:51 V/Bot.2398493975: [獭獭不会交学费军团@(887156367)] タタ@獭獭·ω·咖波●ω●军团(1609323331) -> [mirai:image:{05DB7905-77FE-79A0-B89B-A12F010EECF6}.gif, width=398, height=398, size=2862666, type=GIF, isEmoji=true]
2023-09-13 02:08:12 V/Bot.2398493975: [獭獭不会交学费军团@(887156367)] タタ@獭獭·ω·咖波●ω●军团(1609323331) -> [mirai:image:{078C6DB4-2FBD-9DE2-E902-507B52E7A75C}.png, width=197, height=124, size=20341, type=PNG, isEmoji=false]
2023-09-13 02:09:04 I/UnidbgFetchQsign: Bot(2398493975) request_token, submit success
2023-09-13 02:09:16 V/Bot.2398493975: [獭獭不会交学费军团@(887156367)] タタ@獭獭·ω·咖波●ω●军团(1609323331) -> [mirai:image:{D2121945-809C-E75A-43E7-FF9A2B324FDB}.png, width=1188, height=718, size=610826, type=PNG, isEmoji=false]崩铁原神上苹果发布会了
2023-09-13 02:09:26 V/Bot.2398493975: [獭獭不会交学费军团@(887156367)] タタ@獭獭·ω·咖波●ω●军团(1609323331) -> [mirai:image:{AFC6E4DA-4B8F-DE2C-C933-606D21498AA0}.gif, width=324, height=300, size=62607, type=GIF, isEmoji=true]
2023-09-13 02:09:27 V/Bot.2398493975: [獭獭不会交学费军团@(887156367)] 獭獭买锤子大臣@被獭獭军团开除(963423936) -> [mirai:image:{324BFB53-FA80-53C9-37B9-AD4CD7B3C147}.gif, width=280, height=260, size=30126, type=GIF, isEmoji=true]
2023-09-13 02:09:27 V/Bot.2398493975: [獭獭不会交学费军团@(887156367)] Freeze_Kirin(768173212) -> [mirai:image:{15530C6E-2E2B-8726-AC46-20AE8098381B}.png, width=174, height=172, size=5372, type=JPG, isEmoji=true]
2023-09-13 02:09:30 V/Bot.2398493975: [獭獭不会交学费军团@(887156367)] 哭哭Excel@被獭獭军团开除3次(472247053) -> 草
2023-09-13 02:09:31 V/Bot.2398493975: [獭獭不会交学费军团@(887156367)] 哭哭Excel@被獭獭军团开除3次(472247053) -> 中文
2023-09-13 02:09:46 V/Bot.2398493975: [獭獭不会交学费军团@(887156367)] 獭獭买锤子大臣@被獭獭军团开除(963423936) -> [mirai:image:{02E7850A-33B8-140C-D7F7-D09E83C5193C}.jpg, width=174, height=172, size=4040, type=JPG, isEmoji=true]
2023-09-13 02:10:01 V/Bot.2398493975: [獭獭不会交学费军团@(887156367)] タタ@獭獭·ω·咖波●ω●军团(1609323331) -> [mirai:image:{E23C5A75-080F-A736-3F9C-FD4987DBE0C7}.png, width=511, height=243, size=183917, type=PNG, isEmoji=false]
2023-09-13 02:10:25 V/Bot.2398493975: [獭獭不会交学费军团@(887156367)] 哭哭Excel@被獭獭军团开除3次(472247053) -> 【or Mac】
2023-09-13 02:10:55 V/Bot.2398493975: [獭獭不会交学费军团@(887156367)] タタ@獭獭·ω·咖波●ω●军团(1609323331) -> [mirai:image:{0EFAF2FB-8CBB-3B66-B5CD-81EA551668C7}.png, width=628, height=69, size=38013, type=PNG, isEmoji=false]
2023-09-13 02:11:00 V/Bot.2398493975: [獭獭不会交学费军团@(887156367)] 獭獭买锤子大臣@被獭獭军团开除(963423936) -> [mirai:image:{F0451D10-C6B1-C6EE-086A-832765A52BE5}.gif, width=525, height=568, size=128518, type=GIF, isEmoji=true]
2023-09-13 02:11:19 V/Bot.2398493975: [獭獭不会交学费军团@(887156367)] タタ@獭獭·ω·咖波●ω●军团(1609323331) -> [mirai:image:{F9C4B2AB-9293-FCC8-F6B3-54DF924AE153}.png, width=323, height=77, size=36670, type=PNG, isEmoji=false]
2023-09-13 02:11:23 V/Bot.2398493975: [獭獭不会交学费军团@(887156367)] タタ@獭獭·ω·咖波●ω●军团(1609323331) -> 可以玩原神
2023-09-13 02:49:04 I/UnidbgFetchQsign: Bot(2398493975) request_token, submit success
2023-09-13 03:29:05 I/UnidbgFetchQsign: Bot(2398493975) request_token, submit success
2023-09-13 04:09:11 I/UnidbgFetchQsign: Bot(2398493975) request_token, submit success
2023-09-13 04:49:12 I/UnidbgFetchQsign: Bot(2398493975) request_token, submit success
2023-09-13 05:12:33 V/Bot.2398493975: [獭獭不会交学费军团@(887156367)] hzc@獭獭軍団二度受(2384102753) -> [mirai:image:{A1A195A8-F07A-5E55-D7E4-207EFA779723}.png, width=1796, height=1346, size=460932, type=JPG, isEmoji=false]
2023-09-13 05:13:41 V/Bot.2398493975: [獭獭不会交学费军团@(887156367)] hzc@獭獭軍団二度受(2384102753) -> 给我变个签证出来 我去追随zz
2023-09-13 05:13:55 V/Bot.2398493975: [獭獭不会交学费军团@(887156367)] タタ@獭獭·ω·咖波●ω●军团(1609323331) -> p一个
2023-09-13 05:13:57 V/Bot.2398493975: [獭獭不会交学费军团@(887156367)] タタ@獭獭·ω·咖波●ω●军团(1609323331) -> [mirai:image:{100C172F-B822-10F7-B7AA-AEB0CDC904DD}.png, width=350, height=300, size=119247, type=GIF, isEmoji=true]
2023-09-13 05:29:13 I/UnidbgFetchQsign: Bot(2398493975) request_token, submit success
2023-09-13 06:09:19 I/UnidbgFetchQsign: Bot(2398493975) request_token, submit success
2023-09-13 06:12:57 V/Bot.2398493975: [獭獭不会交学费军团@(887156367)] hzc@獭獭軍団二度受(2384102753) -> [mirai:image:{DE72751B-6707-7816-59B0-21613654F193}.png, width=1796, height=1346, size=517969, type=JPG, isEmoji=false]
2023-09-13 06:16:43 V/Bot.2398493975: [獭獭不会交学费军团@(887156367)] hzc@獭獭軍団二度受(2384102753) -> 该把獭獭带走了
2023-09-13 06:17:09 V/Bot.2398493975: [獭獭不会交学费军团@(887156367)] タタ@獭獭·ω·咖波●ω●军团(1609323331) -> [mirai:image:{F4E0DC81-687A-7A42-5199-40CCB5F0AFBF}.png, width=512, height=512, size=633525, type=GIF, isEmoji=true]
2023-09-13 06:49:19 I/UnidbgFetchQsign: Bot(2398493975) request_token, submit success
2023-09-13 07:29:20 I/UnidbgFetchQsign: Bot(2398493975) request_token, submit success
2023-09-13 08:09:26 I/UnidbgFetchQsign: Bot(2398493975) request_token, submit success
2023-09-13 08:49:27 I/UnidbgFetchQsign: Bot(2398493975) request_token, submit success
2023-09-13 09:29:28 I/UnidbgFetchQsign: Bot(2398493975) request_token, submit success
2023-09-13 10:09:34 I/UnidbgFetchQsign: Bot(2398493975) request_token, submit success
2023-09-13 10:10:19 V/Bot.2398493975: [SHT荔枝麻酱协会(493057481)] N！T！R！！！(269418386) -> [mirai:image:{C6BD697A-BEA4-D6B5-A8D7-B3595A57553D}.gif, width=225, height=225, size=272497, type=GIF, isEmoji=true]
2023-09-13 10:10:56 V/Bot.2398493975: [SHT荔枝麻酱协会(493057481)] naf2021(3469392519) -> [mirai:image:{9A6EE219-1B70-CDD5-3180-6B554FDF68A7}.jpg, width=160, height=146, size=3772, type=JPG, isEmoji=true]
2023-09-13 10:11:36 V/Bot.2398493975: [獭獭不会交学费军团@(887156367)] 獭獭会交学费军团(1297471104) -> 有没有好兄弟当助教的课（探头
2023-09-13 10:12:21 V/Bot.2398493975: [獭獭不会交学费军团@(887156367)] lax@牛牛道心破碎军团(269418386) -> 那应该只有wy了
2023-09-13 10:12:33 V/Bot.2398493975: [獭獭不会交学费军团@(887156367)] lax@牛牛道心破碎军团(269418386) -> 或者 牛的助教课
2023-09-13 10:12:48 V/Bot.2398493975: [獭獭不会交学费军团@(887156367)] 獭獭会交学费军团(1297471104) -> 可恶
2023-09-13 10:12:56 V/Bot.2398493975: [獭獭不会交学费军团@(887156367)] 獭獭会交学费军团(1297471104) -> 牛的不是信院的
2023-09-13 10:13:02 V/Bot.2398493975: [獭獭不会交学费军团@(887156367)] 獭獭会交学费军团(1297471104) -> wy的这学期不开
2023-09-13 10:13:17 V/Bot.2398493975: [獭獭不会交学费军团@(887156367)] lax@牛牛道心破碎军团(269418386) -> [mirai:image:{A8D6A4B4-785F-7D40-9A4D-3894AA238206}.gif, width=48, height=48, size=709, type=GIF, isEmoji=true]
2023-09-13 10:13:25 V/Bot.2398493975: [獭獭不会交学费军团@(887156367)] lax@牛牛道心破碎军团(269418386) -> 那不如去大群问问
2023-09-13 10:15:46 V/Bot.2398493975: [獭獭不会交学费军团@(887156367)] 獭獭会交学费军团(1297471104) -> [mirai:image:{50A02CAD-D1AB-30AF-B65F-2FB65E43767B}.jpg, width=1050, height=1364, size=130016, type=JPG, isEmoji=true]
2023-09-13 10:19:06 V/Bot.2398493975: [SHT荔枝麻酱协会(493057481)] N！T！R！！！(269418386) -> 昨晚我在观战的时候看到了一个很奇怪的切牌 在没有对对的情况下 下家切了6m以后碰了5m
2023-09-13 10:19:33 V/Bot.2398493975: [SHT荔枝麻酱协会(493057481)] N！T！R！！！(269418386) -> 然后打出了5s
2023-09-13 10:20:12 V/Bot.2398493975: [SHT荔枝麻酱协会(493057481)] N！T！R！！！(269418386) -> 打开手牌以后发现他本来在听坎4s 现在在单吊3s
2023-09-13 10:20:53 V/Bot.2398493975: [SHT荔枝麻酱协会(493057481)] N！T！R！！！(269418386) -> 也不算不能理解吧
2023-09-13 10:48:04 V/Bot.2398493975: [獭獭不会交学费军团@(887156367)] Freeze_Kirin(768173212) -> 你问问kirin和萝卜，他们俩也是当过助教的
2023-09-13 10:48:11 V/Bot.2398493975: [獭獭不会交学费军团@(887156367)] Freeze_Kirin(768173212) -> 还有笨笨
2023-09-13 10:48:14 V/Bot.2398493975: [獭獭不会交学费军团@(887156367)] Freeze_Kirin(768173212) -> [mirai:image:{814543A3-80C4-2F98-8DDD-CBABB5724AB3}.png, width=268, height=208, size=28226, type=GIF, isEmoji=true]
2023-09-13 10:49:34 I/UnidbgFetchQsign: Bot(2398493975) request_token, submit success
2023-09-13 11:00:33 V/Bot.2398493975: [獭獭不会交学费军团@(887156367)] lax@牛牛道心破碎军团(269418386) -> [mirai:image:{F1FF91A3-53A5-F530-6C8F-D3FF0C8A6FA2}.png, width=761, height=48, size=14357, type=PNG, isEmoji=false]
2023-09-13 11:00:49 V/Bot.2398493975: [獭獭不会交学费军团@(887156367)] lax@牛牛道心破碎军团(269418386) -> 我花了几分钟想找出这两个词的区别
2023-09-13 11:13:36 V/Bot.2398493975: [獭獭不会交学费军团@(887156367)] Freeze_Kirin(768173212) -> 它不是说“也”简称为嘛，意思不是前面那个就是简称了
2023-09-13 11:14:52 V/Bot.2398493975: [獭獭不会交学费军团@(887156367)] lax@牛牛道心破碎军团(269418386) -> 通篇没有第二个称呼
2023-09-13 11:14:57 V/Bot.2398493975: [獭獭不会交学费军团@(887156367)] lax@牛牛道心破碎军团(269418386) -> [mirai:image:{FD683365-D55B-9611-95CA-2D629499037F}.jpg, width=112, height=97, size=2969, type=JPG, isEmoji=true]
2023-09-13 11:15:00 V/Bot.2398493975: [獭獭不会交学费军团@(887156367)] Freeze_Kirin(768173212) -> [mirai:image:{15530C6E-2E2B-8726-AC46-20AE8098381B}.png, width=174, height=172, size=5372, type=JPG, isEmoji=true]
2023-09-13 11:15:03 V/Bot.2398493975: [獭獭不会交学费军团@(887156367)] Freeze_Kirin(768173212) -> 绝了
2023-09-13 11:15:38 V/Bot.2398493975: [獭獭不会交学费军团@(887156367)] lax@牛牛道心破碎军团(269418386) -> [mirai:image:{DE5776A0-9C60-3320-DF05-0DA5D66B35EB}.png, width=1379, height=110, size=48395, type=PNG, isEmoji=false]
2023-09-13 11:15:54 V/Bot.2398493975: [獭獭不会交学费军团@(887156367)] lax@牛牛道心破碎军团(269418386) -> 除非这个长长的也算是定语
2023-09-13 11:29:35 I/UnidbgFetchQsign: Bot(2398493975) request_token, submit success
2023-09-13 11:40:23 V/Bot.2398493975: [獭獭不会交学费军团@(887156367)] 萝卜@萝卜軍団(690875992) -> 专利？
2023-09-13 11:40:26 V/Bot.2398493975: [獭獭不会交学费军团@(887156367)] 萝卜@萝卜軍団(690875992) -> 这个格式
2023-09-13 12:03:10 V/Bot.2398493975: [SHT荔枝麻酱协会(493057481)] 牙牙(1105692313) -> [mirai:app:{"ver":"1.0.0.19","prompt":"[QQ小程序]【游侠网】《手搓麻将》上架Steam 麻将带物理碰撞可手动洗牌","config":{"type":"normal","width":0,"height":0,"forward":1,"autoSize":0,"ctime":1694577777,"token":"68dc291e7d7427dffc3ff367f5056fde"},"needShareCallBack":false,"app":"com.tencent.miniapp_01","view":"view_8C8E89B49BE609866298ADDFF2DBABA4","meta":{"detail_1":{"appid":"1109937557","appType":0,"title":"哔哩哔哩","desc":"【游侠网】《手搓麻将》上架Steam 麻将带物理碰撞可手动洗牌","icon":"http:\/\/miniapp.gtimg.cn\/public\/appicon\/432b76be3a548fc128acaa6c1ec90131_200.jpg","preview":"pubminishare-30161.picsz.qpic.cn\/14755df0-669d-41d4-b27b-52896de4fa92","url":"m.q.qq.com\/a\/s\/ce1e6520c8f13fea26dd23d366ad89ee","scene":1036,"host":{"uin":1105692313,"nick":"Tusk"},"shareTemplateId":"8C8E89B49BE609866298ADDFF2DBABA4","shareTemplateData":{},"qqdocurl":"https:\/\/b23.tv\/pLzWQJG?share_medium=android&share_source=qq&bbid=XY1890617C0404062836CFABAB59BB97B7469&ts=1694577774445","showLittleTail":"","gamePoints":"","gamePointsUrl":""}}}]
2023-09-13 12:09:41 I/UnidbgFetchQsign: Bot(2398493975) request_token, submit success
2023-09-13 12:15:50 V/Bot.2398493975: [獭獭不会交学费军团@(887156367)] lax@牛牛道心破碎军团(269418386) -> 专利
2023-09-13 12:16:17 V/Bot.2398493975: [獭獭不会交学费军团@(887156367)] zz@獺獺軍団(771507043) -> 好贵[mirai:image:{E31946AE-0C6F-C292-05AF-117F979D06AD}.png, width=2084, height=2778, size=839804, type=JPG, isEmoji=false]
2023-09-13 12:19:34 V/Bot.2398493975: [獭獭不会交学费军团@(887156367)] 萝卜@萝卜軍団(690875992) -> 这菜单好眼熟
2023-09-13 12:19:48 V/Bot.2398493975: [獭獭不会交学费军团@(887156367)] 萝卜@萝卜軍団(690875992) -> 这一条街是不是都是牛肉店
2023-09-13 12:41:55 V/Bot.2398493975: [獭獭不会交学费军团@(887156367)] zz@獺獺軍団(771507043) -> 酒店楼下
2023-09-13 12:42:12 V/Bot.2398493975: [獭獭不会交学费军团@(887156367)] zz@獺獺軍団(771507043) -> 一层只有这个和スシロー
2023-09-13 12:49:42 I/UnidbgFetchQsign: Bot(2398493975) request_token, submit success
2023-09-13 13:07:06 V/Bot.2398493975: [獭獭不会交学费军团@(887156367)] hm@獭獭不走人行道军团(2461942798) -> [mirai:image:{D9AF1041-BC0A-3378-83A7-E5ECA25822C7}.png, width=640, height=1385, size=80944, type=JPG, isEmoji=false]
2023-09-13 13:07:23 V/Bot.2398493975: [獭獭不会交学费军团@(887156367)] hm@獭獭不走人行道军团(2461942798) -> 《履带换牌》
2023-09-13 13:08:03 V/Bot.2398493975: [獭獭不会交学费军团@(887156367)] Freeze_Kirin(768173212) -> [mirai:image:{15530C6E-2E2B-8726-AC46-20AE8098381B}.jpg, width=174, height=172, size=5372, type=JPG, isEmoji=false]
2023-09-13 13:08:14 V/Bot.2398493975: [獭獭不会交学费军团@(887156367)] Freeze_Kirin(768173212) -> 《出千也是实力的一部分》
2023-09-13 13:10:22 V/Bot.2398493975: [獭獭不会交学费军团@(887156367)] 獭獭买锤子大臣@被獭獭军团开除(963423936) -> [mirai:image:{F0451D10-C6B1-C6EE-086A-832765A52BE5}.png, width=525, height=568, size=128518, type=GIF, isEmoji=true]
2023-09-13 13:11:44 V/Bot.2398493975: [獭獭不会交学费军团@(887156367)] 獭獭买锤子大臣@被獭獭军团开除(963423936) -> [mirai:quote:[mirai:source:ids=[70143], internalIds=[1507218918], from 771507043 to 887156367 at 1694580115], content=<not yet initialized>][mirai:at:771507043] 干嘛要在酒店楼下吃饭（
2023-09-13 13:16:33 V/Bot.2398493975: [獭獭不会交学费军团@(887156367)] lax@牛牛道心破碎军团(269418386) -> 这个图已经传开了啊
2023-09-13 13:29:43 I/UnidbgFetchQsign: Bot(2398493975) request_token, submit success
2023-09-13 13:36:18 V/Bot.2398493975: [獭獭不会交学费军团@(887156367)] zz@獺獺軍団(771507043) -> [mirai:quote:[mirai:source:ids=[70150], internalIds=[1403501254], from 963423936 to 887156367 at 1694581904], content=<not yet initialized>][mirai:at:963423936] 因为11点起的床
2023-09-13 13:37:42 V/Bot.2398493975: [獭獭不会交学费军团@(887156367)] zz@獺獺軍団(771507043) -> [mirai:quote:[mirai:source:ids=[70142], internalIds=[1965699114], from 690875992 to 887156367 at 1694578788], content=<not yet initialized>][mirai:at:690875992] 这店在东京总共有11家分店，浅草有5家
2023-09-13 13:47:32 V/Bot.2398493975: [獭獭不会交学费军团@(887156367)] zz@獺獺軍団(771507043) -> [mirai:quote:[mirai:source:ids=[70029], internalIds=[1962728971], from 771507043 to 887156367 at 1694526429], content=<not yet initialized>]原来这个是树，我还以为是獭
2023-09-13 13:50:06 V/Bot.2398493975: [獭獭不会交学费军团@(887156367)] lax@牛牛道心破碎军团(269418386) -> 是树树
2023-09-13 13:50:23 V/Bot.2398493975: [獭獭不会交学费军团@(887156367)] lax@牛牛道心破碎军团(269418386) -> 要树树 不要獭獭
2023-09-13 14:02:43 V/Bot.2398493975: [獭獭不会交学费军团@(887156367)] 獭獭买锤子大臣@被獭獭军团开除(963423936) -> 草
2023-09-13 14:02:54 V/Bot.2398493975: [獭獭不会交学费军团@(887156367)] 獭獭买锤子大臣@被獭獭军团开除(963423936) -> [mirai:image:{3F0B9A9C-F8BA-FF5E-7FE7-6BE13AB58F7C}.png, width=1900, height=2532, size=476985, type=JPG, isEmoji=false]
2023-09-13 14:09:49 I/UnidbgFetchQsign: Bot(2398493975) request_token, submit success
2023-09-13 14:18:07 V/Bot.2398493975: [獭獭不会交学费军团@(887156367)] zz@獺獺軍団(771507043) -> [mirai:image:{8C505F29-4A0B-9A62-3BF1-E8A3213EC24F}.png, width=2084, height=2778, size=547760, type=JPG, isEmoji=false]
2023-09-13 14:19:41 V/Bot.2398493975: [獭獭不会交学费军团@(887156367)] 獭獭买锤子大臣@被獭獭军团开除(963423936) -> 进去上到三楼
2023-09-13 14:19:45 V/Bot.2398493975: [獭獭不会交学费军团@(887156367)] 獭獭买锤子大臣@被獭獭军团开除(963423936) -> 就有獭獭了
2023-09-13 14:28:23 V/Bot.2398493975: [獭獭不会交学费军团@(887156367)] zz@獺獺軍団(771507043) -> 三楼是哪，top deck吗
2023-09-13 14:40:47 V/Bot.2398493975: [獭獭不会交学费军团@(887156367)] 獭獭买锤子大臣@被獭獭军团开除(963423936) -> 啊
2023-09-13 14:40:50 V/Bot.2398493975: [獭獭不会交学费军团@(887156367)] 獭獭买锤子大臣@被獭獭军团开除(963423936) -> 我忘了
2023-09-13 14:40:54 V/Bot.2398493975: [獭獭不会交学费军团@(887156367)] 獭獭买锤子大臣@被獭獭军团开除(963423936) -> 你看案内
2023-09-13 14:41:05 V/Bot.2398493975: [獭獭不会交学费军团@(887156367)] 獭獭买锤子大臣@被獭獭军团开除(963423936) -> 我记得2楼是卖非官方周边的
2023-09-13 14:41:12 V/Bot.2398493975: [獭獭不会交学费军团@(887156367)] 獭獭买锤子大臣@被獭獭军团开除(963423936) -> 3楼是卖东京塔官方周边的
2023-09-13 14:41:25 V/Bot.2398493975: [獭獭不会交学费军团@(887156367)] 獭獭买锤子大臣@被獭獭军团开除(963423936) -> [mirai:image:{FB9C65FB-5685-1B12-1B13-836B38246164}.gif, width=292, height=205, size=61102, type=GIF, isEmoji=true]但是獭獭暂时卖光了
2023-09-13 14:45:33 V/Bot.2398493975: [獭獭不会交学费军团@(887156367)] zz@獺獺軍団(771507043) -> 这导航机里没有视野里最大的楼[mirai:image:{9AC611C0-E055-77E2-229B-08046BD031E2}.png, width=3024, height=4027, size=1812219, type=JPG, isEmoji=false]
2023-09-13 14:49:49 I/UnidbgFetchQsign: Bot(2398493975) request_token, submit success
2023-09-13 14:59:35 V/Bot.2398493975: [獭獭不会交学费军团@(887156367)] 獭獭买锤子大臣@被獭獭军团开除(963423936) -> [mirai:image:{FB9C65FB-5685-1B12-1B13-836B38246164}.gif, width=292, height=205, size=61102, type=GIF, isEmoji=true]
2023-09-13 14:59:38 V/Bot.2398493975: [獭獭不会交学费军团@(887156367)] 獭獭买锤子大臣@被獭獭军团开除(963423936) -> 你在塔塔上面嘛
2023-09-13 15:26:46 V/Bot.2398493975: [獭獭不会交学费军团@(887156367)] zz@獺獺軍団(771507043) -> 只看到这个和抓娃娃机里的肥獭[mirai:image:{4BB50063-8FBC-16C0-A877-387A264057E0}.png, width=2084, height=2778, size=393464, type=JPG, isEmoji=false]
2023-09-13 15:28:08 V/Bot.2398493975: [獭獭不会交学费军团@(887156367)] lax@牛牛道心破碎军团(269418386) -> 秃头！
2023-09-13 15:28:29 V/Bot.2398493975: [獭獭不会交学费军团@(887156367)] 哭哭Excel@被獭獭军团开除3次(472247053) -> 快抓
2023-09-13 15:28:32 V/Bot.2398493975: [獭獭不会交学费军团@(887156367)] hzc@獭獭軍団二度受(2384102753) -> [mirai:image:{AF3F0834-CE1A-C9F1-3942-926C0C79FF9F}.jpg, width=150, height=150, size=5701, type=JPG, isEmoji=false]
2023-09-13 15:29:00 V/Bot.2398493975: [獭獭不会交学费军团@(887156367)] lax@牛牛道心破碎军团(269418386) -> 好小啊这个
2023-09-13 15:29:50 I/UnidbgFetchQsign: Bot(2398493975) request_token, submit success
2023-09-13 15:56:53 V/Bot.2398493975: [SHT荔枝麻酱协会(493057481)] hzc(2384102753) -> 今晚有无
2023-09-13 16:00:24 V/Bot.2398493975: [SHT荔枝麻酱协会(493057481)] 淡情余描未わ(1297471104) -> 今晚有无
2023-09-13 16:09:56 I/UnidbgFetchQsign: Bot(2398493975) request_token, submit success
2023-09-13 16:11:34 V/Bot.2398493975: [SHT荔枝麻酱协会(493057481)] Hatsune(467091276) -> 今晚有无
2023-09-13 16:12:42 V/Bot.2398493975: Event: BotOfflineEvent.Dropped(bot=Bot(2398493975), cause=net.mamoe.mirai.internal.network.components.PacketCodecException: java.lang.IllegalStateException: Received packet returnCode = -10008, which may mean session expired., reconnect=true)
2023-09-13 16:12:42 W/Bot.2398493975: Connection lost, reconnecting... (net.mamoe.mirai.internal.network.components.PacketCodecException: java.lang.IllegalStateException: Received packet returnCode = -10008, which may mean session expired.)
2023-09-13 16:12:42 I/UnidbgFetchQsign: Bot(2398493975) initialize by http://127.0.0.1:8080
2023-09-13 16:12:42 I/UnidbgFetchQsign: Bot(2398493975) initialize complete
2023-09-13 16:12:43 I/Bot.2398493975: Saved account secrets to local cache for fast login.
2023-09-13 16:12:43 I/Bot.2398493975: Login successful.
2023-09-13 16:12:43 V/Bot.2398493975: Event: BotOnlineEvent(bot=Bot(2398493975))
2023-09-13 16:12:43 V/Bot.2398493975: Event: BotReloginEvent(bot=Bot(2398493975), cause=null)
2023-09-13 16:12:43 I/Bot.2398493975: Reconnected successfully in 1.815s.
2023-09-13 16:20:24 V/Bot.2398493975: [獭獭不会交学费军团@(887156367)] タタ@獭獭·ω·咖波●ω●军团(1609323331) -> [mirai:image:{7C659D43-DA9A-9B1E-6F64-D0CA83C3AF08}.png, width=308, height=218, size=88602, type=GIF, isEmoji=true]
2023-09-13 16:27:42 V/Bot.2398493975: [獭獭不会交学费军团@(887156367)] lax@牛牛道心破碎军团(269418386) -> 今天在大群里面有没有jrrp的 我把bot屏蔽了以后jrrp也没了
2023-09-13 16:33:44 V/Bot.2398493975: [SHT荔枝麻酱协会(493057481)] 优雅猛牛(695150175) -> 今晚有无
2023-09-13 16:37:28 V/Bot.2398493975: [獭獭不会交学费军团@(887156367)] タタ@獭獭·ω·咖波●ω●军团(1609323331) -> [mirai:image:{B0C4908F-7B25-5581-DE55-0999A98D580C}.png, width=868, height=710, size=533105, type=GIF, isEmoji=true]
2023-09-13 16:39:18 V/Bot.2398493975: [獭獭不会交学费军团@(887156367)] hzc@獭獭軍団二度受(2384102753) -> [mirai:image:{7B4FAB6B-0BA8-0F4C-F8DC-B2AF31AB603E}.gif, width=512, height=512, size=192357, type=GIF, isEmoji=false]
2023-09-13 16:39:34 V/Bot.2398493975: [獭獭不会交学费军团@(887156367)] zz@獺獺軍団(771507043) -> [mirai:image:{F36E4D55-8EE2-5C45-C8CD-CB6CD38AAE46}.png, width=2084, height=2778, size=551367, type=JPG, isEmoji=false]
2023-09-13 16:49:57 I/UnidbgFetchQsign: Bot(2398493975) request_token, submit success
2023-09-13 16:52:34 V/Bot.2398493975: [獭獭不会交学费军团@(887156367)] タタ@獭獭·ω·咖波●ω●军团(1609323331) -> 玩啥
2023-09-13 16:52:36 V/Bot.2398493975: [獭獭不会交学费军团@(887156367)] タタ@獭獭·ω·咖波●ω●军团(1609323331) -> [mirai:image:{7C659D43-DA9A-9B1E-6F64-D0CA83C3AF08}.png, width=308, height=218, size=88602, type=GIF, isEmoji=true]
2023-09-13 16:52:57 V/Bot.2398493975: [獭獭不会交学费军团@(887156367)] hzc@獭獭軍団二度受(2384102753) -> 你吃了嘛
2023-09-13 16:53:44 V/Bot.2398493975: [獭獭不会交学费军团@(887156367)] タタ@獭獭·ω·咖波●ω●军团(1609323331) -> [mirai:image:{577F6A2C-2798-D24B-0B0D-92A9ED8D15C2}.png, width=370, height=300, size=124641, type=GIF, isEmoji=true]
2023-09-13 16:55:56 V/Bot.2398493975: [獭獭不会交学费军团@(887156367)] zz@獺獺軍団(771507043) -> [mirai:image:{21AEEB33-5788-C588-465E-9B97BDBDFC3D}.png, width=2772, height=2080, size=941641, type=JPG, isEmoji=false]
2023-09-13 16:56:19 V/Bot.2398493975: [獭獭不会交学费军团@(887156367)] lax@牛牛道心破碎军团(269418386) -> 有没人回答我一下啊
2023-09-13 16:56:27 V/Bot.2398493975: [獭獭不会交学费军团@(887156367)] lax@牛牛道心破碎军团(269418386) -> 不会把我屏蔽了吧
2023-09-13 16:56:42 V/Bot.2398493975: [獭獭不会交学费军团@(887156367)] タタ@獭獭·ω·咖波●ω●军团(1609323331) -> [mirai:image:{34CEE7F4-8E2C-F933-4620-9EF6A40D3990}.png, width=300, height=244, size=13266, type=JPG, isEmoji=true]
2023-09-13 16:57:12 V/Bot.2398493975: [SHT荔枝麻酱协会(493057481)] MEOW@獭獭bot(1609323331) -> ！jrrp
2023-09-13 16:57:13 V/Bot.2398493975: Group(493057481) <- 今日人品：大吉
今日适宜役种：九莲宝灯
(为防止刷屏，一日内不可多次查询哦！)
2023-09-13 16:57:20 V/Bot.2398493975: [SHT荔枝麻酱协会(493057481)] MEOW@獭獭bot(1609323331) -> [mirai:image:{8BF34B10-19C1-4195-5866-6DDB73A903D8}.png, width=249, height=188, size=54265, type=GIF, isEmoji=true]
2023-09-13 16:57:21 V/Bot.2398493975: [SHT荔枝麻酱协会(493057481)] 牙牙(1105692313) -> ！jrrp
2023-09-13 16:57:22 V/Bot.2398493975: Group(493057481) <- 今日人品：吉
今日适宜役种：三色同顺
(为防止刷屏，一日内不可多次查询哦！)
2023-09-13 16:57:26 V/Bot.2398493975: [獭獭不会交学费军团@(887156367)] タタ@獭獭·ω·咖波●ω●军团(1609323331) -> 现在有了
2023-09-13 16:57:30 V/Bot.2398493975: [獭獭不会交学费军团@(887156367)] タタ@獭獭·ω·咖波●ω●军团(1609323331) -> [mirai:image:{814543A3-80C4-2F98-8DDD-CBABB5724AB3}.png, width=268, height=208, size=28226, type=GIF, isEmoji=true]
2023-09-13 16:57:50 V/Bot.2398493975: [獭獭不会交学费军团@(887156367)] lax@牛牛道心破碎军团(269418386) -> [mirai:image:{A8D6A4B4-785F-7D40-9A4D-3894AA238206}.gif, width=48, height=48, size=709, type=GIF, isEmoji=true]
2023-09-13 16:57:52 V/Bot.2398493975: [獭獭不会交学费军团@(887156367)] タタ@獭獭·ω·咖波●ω●军团(1609323331) -> 今日适宜役种：九莲宝灯
2023-09-13 16:57:57 V/Bot.2398493975: [獭獭不会交学费军团@(887156367)] タタ@獭獭·ω·咖波●ω●军团(1609323331) -> [mirai:image:{8AFCF605-FDCE-9015-3438-526A21D02EF5}.png, width=300, height=192, size=8379, type=JPG, isEmoji=true]
2023-09-13 16:58:06 V/Bot.2398493975: [獭獭不会交学费军团@(887156367)] lax@牛牛道心破碎军团(269418386) -> 原来是你们安分了
2023-09-13 17:00:23 V/Bot.2398493975: [獭獭不会交学费军团@(887156367)] タタ@獭獭·ω·咖波●ω●军团(1609323331) -> 吃啥
2023-09-13 17:00:26 V/Bot.2398493975: [獭獭不会交学费军团@(887156367)] タタ@獭獭·ω·咖波●ω●军团(1609323331) -> [mirai:image:{DCC827E3-C001-8382-2FEB-DD5705F15745}.png, width=336, height=254, size=80956, type=GIF, isEmoji=true]
2023-09-13 17:01:00 V/Bot.2398493975: [獭獭不会交学费军团@(887156367)] 萝卜@萝卜軍団(690875992) -> [mirai:image:{0E6FF41B-DC83-76D4-E3B6-41E13109C007}.jpg, width=385, height=370, size=15506, type=PNG, isEmoji=false]
2023-09-13 17:04:08 V/Bot.2398493975: [SHT荔枝麻酱协会(493057481)] 瞬变光脑(1762264979) -> ！jrrp
2023-09-13 17:04:09 V/Bot.2398493975: Group(493057481) <- 今日人品：小吉
今日适宜役种：一气通贯
(为防止刷屏，一日内不可多次查询哦！)
2023-09-13 17:04:50 V/Bot.2398493975: [獭獭不会交学费军团@(887156367)] タタ@獭獭·ω·咖波●ω●军团(1609323331) -> [mirai:image:{1FBDBB1A-70AF-1063-EC75-0E0A32AE1379}.png, width=180, height=180, size=45466, type=GIF, isEmoji=true]
2023-09-13 17:05:47 V/Bot.2398493975: [獭獭不会交学费军团@(887156367)] hzc@獭獭軍団二度受(2384102753) -> 那吃啥
2023-09-13 17:07:01 V/Bot.2398493975: [獭獭不会交学费军团@(887156367)] 獭獭买锤子大臣@被獭獭军团开除(963423936) -> 吃啥
2023-09-13 17:07:03 V/Bot.2398493975: [獭獭不会交学费军团@(887156367)] 獭獭买锤子大臣@被獭獭军团开除(963423936) -> [mirai:image:{F0451D10-C6B1-C6EE-086A-832765A52BE5}.png, width=525, height=568, size=128518, type=GIF, isEmoji=true]
2023-09-13 17:08:06 V/Bot.2398493975: [獭獭不会交学费军团@(887156367)] タタ@獭獭·ω·咖波●ω●军团(1609323331) -> [mirai:image:{8937C6D7-FB7A-23B8-0E67-7A6F59ABE150}.png, width=480, height=480, size=326495, type=GIF, isEmoji=false]
2023-09-13 17:09:44 V/Bot.2398493975: [獭獭不会交学费军团@(887156367)] タタ@獭獭·ω·咖波●ω●军团(1609323331) -> [mirai:image:{1FBDBB1A-70AF-1063-EC75-0E0A32AE1379}.png, width=180, height=180, size=45466, type=GIF, isEmoji=true]
2023-09-13 17:19:09 V/Bot.2398493975: [獭獭不会交学费军团@(887156367)] hzc@獭獭軍団二度受(2384102753) -> 要不要再去一次3食堂
2023-09-13 17:19:27 V/Bot.2398493975: [獭獭不会交学费军团@(887156367)] hzc@獭獭軍団二度受(2384102753) -> 看看外面那个档口
2023-09-13 17:20:11 V/Bot.2398493975: [獭獭不会交学费军团@(887156367)] タタ@獭獭·ω·咖波●ω●军团(1609323331) -> kfc
2023-09-13 17:20:18 V/Bot.2398493975: [獭獭不会交学费军团@(887156367)] タタ@獭獭·ω·咖波●ω●军团(1609323331) -> 2个堡20诶
2023-09-13 17:20:23 V/Bot.2398493975: [獭獭不会交学费军团@(887156367)] タタ@獭獭·ω·咖波●ω●军团(1609323331) -> [mirai:image:{A3C56810-0293-8086-658D-531E0E0B1790}.png, width=512, height=512, size=129498, type=GIF, isEmoji=true]
2023-09-13 17:21:00 V/Bot.2398493975: [獭獭不会交学费军团@(887156367)] タタ@獭獭·ω·咖波●ω●军团(1609323331) -> [mirai:at:963423936] 昨天你问的那个口他有没有说哪天开啊
2023-09-13 17:21:19 V/Bot.2398493975: [獭獭不会交学费军团@(887156367)] 獭獭买锤子大臣@被獭獭军团开除(963423936) -> 他说今天开始
2023-09-13 17:21:51 V/Bot.2398493975: [獭獭不会交学费军团@(887156367)] タタ@獭獭·ω·咖波●ω●军团(1609323331) -> [mirai:image:{A3C56810-0293-8086-658D-531E0E0B1790}.png, width=512, height=512, size=129498, type=GIF, isEmoji=true]
2023-09-13 17:21:55 V/Bot.2398493975: [獭獭不会交学费军团@(887156367)] タタ@獭獭·ω·咖波●ω●军团(1609323331) -> 该起床了
2023-09-13 17:23:37 V/Bot.2398493975: [獭獭不会交学费军团@(887156367)] hzc@獭獭軍団二度受(2384102753) -> [mirai:quote:[mirai:source:ids=[70213], internalIds=[666395592], from 1609323331 to 887156367 at 1694596914], content=<not yet initialized>][mirai:at:1609323331] 该起床了
2023-09-13 17:27:16 V/Bot.2398493975: [獭獭不会交学费军团@(887156367)] 萝卜@萝卜軍団(690875992) -> [mirai:image:{55E0E9BB-1AB6-9019-B90D-EC129B349A24}.jpg, width=4000, height=3000, size=944287, type=JPG, isEmoji=false]
2023-09-13 17:27:29 V/Bot.2398493975: [獭獭不会交学费军团@(887156367)] タタ@獭獭·ω·咖波●ω●军团(1609323331) -> [mirai:image:{A3C56810-0293-8086-658D-531E0E0B1790}.png, width=512, height=512, size=129498, type=GIF, isEmoji=true]
2023-09-13 17:28:37 V/Bot.2398493975: [獭獭不会交学费军团@(887156367)] hzc@獭獭軍団二度受(2384102753) -> 开冲！
2023-09-13 17:29:10 V/Bot.2398493975: [獭獭不会交学费军团@(887156367)] hzc@獭獭軍団二度受(2384102753) -> 虽然还不知道要吃哪个
2023-09-13 17:29:58 I/UnidbgFetchQsign: Bot(2398493975) request_token, submit success
2023-09-13 17:34:37 V/Bot.2398493975: [獭獭不会交学费军团@(887156367)] hzc@獭獭軍団二度受(2384102753) -> 回去拿卡[冷汗]
2023-09-13 17:41:57 V/Bot.2398493975: [獭獭不会交学费军团@(887156367)] タタ@獭獭·ω·咖波●ω●军团(1609323331) -> 来了
2023-09-13 17:43:43 V/Bot.2398493975: [獭獭不会交学费军团@(887156367)] タタ@獭獭·ω·咖波●ω●军团(1609323331) -> [mirai:image:{1FBDBB1A-70AF-1063-EC75-0E0A32AE1379}.png, width=180, height=180, size=45466, type=GIF, isEmoji=true]
2023-09-13 17:45:00 V/Bot.2398493975: [SHT荔枝麻酱协会(493057481)] 安邦定国(443127105) -> ！jrrp
2023-09-13 17:45:01 V/Bot.2398493975: Group(493057481) <- 今日人品：吉
今日适宜役种：混一色
(为防止刷屏，一日内不可多次查询哦！)
2023-09-13 17:56:01 V/Bot.2398493975: [獭獭不会交学费军团@(887156367)] タタ@獭獭·ω·咖波●ω●军团(1609323331) -> [mirai:image:{E63A8D67-AF08-4F52-B971-B1D493F6EC52}.png, width=4096, height=1891, size=2016056, type=JPG, isEmoji=false]
2023-09-13 17:56:57 V/Bot.2398493975: [獭獭不会交学费军团@(887156367)] 獭獭买锤子大臣@被獭獭军团开除(963423936) -> kirin
2023-09-13 17:56:58 V/Bot.2398493975: [獭獭不会交学费军团@(887156367)] 獭獭买锤子大臣@被獭獭军团开除(963423936) -> 我的
2023-09-13 17:56:59 V/Bot.2398493975: [獭獭不会交学费军团@(887156367)] 獭獭买锤子大臣@被獭獭军团开除(963423936) -> ca3呢
2023-09-13 17:57:04 V/Bot.2398493975: [獭獭不会交学费军团@(887156367)] 獭獭买锤子大臣@被獭獭军团开除(963423936) -> [mirai:image:{FB9C65FB-5685-1B12-1B13-836B38246164}.gif, width=292, height=205, size=61102, type=GIF, isEmoji=true]
2023-09-13 17:57:51 V/Bot.2398493975: [獭獭不会交学费军团@(887156367)] 哭哭Excel@被獭獭军团开除3次(472247053) -> [mirai:image:{FB9C65FB-5685-1B12-1B13-836B38246164}.gif, width=292, height=205, size=61102, type=GIF, isEmoji=false]
2023-09-13 17:58:03 V/Bot.2398493975: [獭獭不会交学费军团@(887156367)] 獭獭买锤子大臣@被獭獭军团开除(963423936) -> [mirai:image:{FB9C65FB-5685-1B12-1B13-836B38246164}.gif, width=292, height=205, size=61102, type=GIF, isEmoji=false]
2023-09-13 18:04:58 V/Bot.2398493975: [獭獭不会交学费军团@(887156367)] 獭獭会交学费军团(1297471104) -> 我也要吃
2023-09-13 18:05:24 V/Bot.2398493975: [SHT荔枝麻酱协会(493057481)] 优雅猛牛(695150175) -> ！jrrp
2023-09-13 18:05:26 V/Bot.2398493975: Group(493057481) <- 今日人品：大吉
今日适宜役种：三色同刻
(为防止刷屏，一日内不可多次查询哦！)
2023-09-13 18:06:26 V/Bot.2398493975: [獭獭不会交学费军团@(887156367)] タタ@獭獭·ω·咖波●ω●军团(1609323331) -> [mirai:image:{814543A3-80C4-2F98-8DDD-CBABB5724AB3}.png, width=268, height=208, size=28226, type=GIF, isEmoji=true]
2023-09-13 18:08:53 V/Bot.2398493975: [獭獭不会交学费军团@(887156367)] 獭獭会交学费军团(1297471104) -> [mirai:quote:[mirai:source:ids=[70222], internalIds=[1054782936], from 1609323331 to 887156367 at 1694598961], content=<not yet initialized>][mirai:at:1609323331] 这个好吃吗
2023-09-13 18:09:11 V/Bot.2398493975: [獭獭不会交学费军团@(887156367)] Freeze_Kirin(768173212) -> [mirai:image:{FB9C65FB-5685-1B12-1B13-836B38246164}.gif, width=292, height=205, size=61102, type=GIF, isEmoji=false]
2023-09-13 18:09:23 V/Bot.2398493975: [獭獭不会交学费军团@(887156367)] 獭獭会交学费军团(1297471104) -> 并且你怎么没吃獭獭酱
2023-09-13 18:10:04 I/UnidbgFetchQsign: Bot(2398493975) request_token, submit success
2023-09-13 18:15:18 V/Bot.2398493975: [獭獭不会交学费军团@(887156367)] 獭獭买锤子大臣@被獭獭军团开除(963423936) -> [mirai:image:{814543A3-80C4-2F98-8DDD-CBABB5724AB3}.gif, width=268, height=208, size=28226, type=GIF, isEmoji=true]
2023-09-13 18:15:19 V/Bot.2398493975: [獭獭不会交学费军团@(887156367)] 獭獭买锤子大臣@被獭獭军团开除(963423936) -> 我也要吃
2023-09-13 18:15:20 V/Bot.2398493975: [獭獭不会交学费军团@(887156367)] 獭獭买锤子大臣@被獭獭军团开除(963423936) -> 我来吃了
2023-09-13 18:15:24 V/Bot.2398493975: [獭獭不会交学费军团@(887156367)] lax@牛牛道心破碎军团(269418386) -> 看起来很好吃
2023-09-13 18:15:36 V/Bot.2398493975: [獭獭不会交学费军团@(887156367)] lax@牛牛道心破碎军团(269418386) -> 指三顿之内
2023-09-13 18:37:11 V/Bot.2398493975: [獭獭不会交学费军团@(887156367)] タタ@獭獭·ω·咖波●ω●军团(1609323331) -> 不知道
2023-09-13 18:40:21 V/Bot.2398493975: [獭獭不会交学费军团@(887156367)] 萝卜@萝卜軍団(690875992) -> 价格如何
2023-09-13 18:50:05 I/UnidbgFetchQsign: Bot(2398493975) request_token, submit success
2023-09-13 19:13:59 V/Bot.2398493975: [獭獭不会交学费军团@(887156367)] zz@獺獺軍団(771507043) -> 为什么我在日本看见三个nyy帽子的人了但没见过laa
2023-09-13 19:26:09 V/Bot.2398493975: [獭獭不会交学费军团@(887156367)] zz@獺獺軍団(771507043) -> [mirai:image:{5A77FCEB-8B83-B912-D570-1A0C43DE780F}.png, width=1284, height=1881, size=1073258, type=PNG, isEmoji=false]
2023-09-13 19:30:05 I/UnidbgFetchQsign: Bot(2398493975) request_token, submit success
2023-09-13 19:45:12 V/Bot.2398493975: [SHT荔枝麻酱协会(493057481)] 优雅猛牛(695150175) -> 48400
2023-09-13 19:45:18 V/Bot.2398493975: [獭獭不会交学费军团@(887156367)] 獭獭买锤子大臣@被獭獭军团开除(963423936) -> 21400
2023-09-13 19:45:52 V/Bot.2398493975: [SHT荔枝麻酱协会(493057481)] hzc(2384102753) -> 16700
2023-09-13 19:46:01 V/Bot.2398493975: [獭獭不会交学费军团@(887156367)] 獭獭买锤子大臣@被獭獭军团开除(963423936) -> 13500[mirai:at:1609323331] 
2023-09-13 19:46:02 V/Bot.2398493975: Group(887156367) <- 记录成功：
优雅猛牛: 48400
獭獭买锤子大臣@被獭獭军团开除: 21400
hzc: 16700
时雨: 13500
2023-09-13 19:46:23 V/Bot.2398493975: [獭獭不会交学费军团@(887156367)] 獭獭买锤子大臣@被獭獭军团开除(963423936) -> ！查查我的
2023-09-13 19:46:24 V/Bot.2398493975: Group(887156367) <- 昵称：獭獭买锤子大臣@被獭獭军团开除
段位：新人
rate：1393.66
近期顺位：43434242
更多数据请访问：http://shanghaitech-mahjong.top/userid/963423936
2023-09-13 19:49:04 V/Bot.2398493975: [SHT荔枝麻酱协会(493057481)] 布莱克提(690875992) -> 牛回来了？
2023-09-13 19:49:09 V/Bot.2398493975: [SHT荔枝麻酱协会(493057481)] 布莱克提(690875992) -> [mirai:image:{769BC813-4260-871A-F417-580731DE40D4}.gif, width=724, height=557, size=1153157, type=GIF, isEmoji=true]
2023-09-13 19:49:12 V/Bot.2398493975: [SHT荔枝麻酱协会(493057481)] 小红@獭獭军团(963423936) -> [mirai:image:{814543A3-80C4-2F98-8DDD-CBABB5724AB3}.png, width=268, height=208, size=28226, type=GIF, isEmoji=true]
2023-09-13 19:50:14 V/Bot.2398493975: [test(389193066)] yyyouch(2461942798) -> ！test
2023-09-13 19:50:15 V/Bot.2398493975: Group(389193066) <- {}
2023-09-13 19:50:57 V/Bot.2398493975: [test(389193066)] 时雨(1609323331) -> ！吃鱼
2023-09-13 19:50:58 V/Bot.2398493975: Group(389193066) <- 昵称：时雨
段位：新人
rate：1432.76
近期顺位：434
更多数据请访问：http://shanghaitech-mahjong.top/userid/1609323331
2023-09-13 20:10:11 I/UnidbgFetchQsign: Bot(2398493975) request_token, submit success
2023-09-13 20:12:38 V/Bot.2398493975: [SHT荔枝麻酱协会(493057481)] naf2021(3469392519) -> 有雀吗
2023-09-13 20:35:41 V/Bot.2398493975: [SHT荔枝麻酱协会(493057481)] 小红@獭獭军团(963423936) -> -18000
2023-09-13 20:35:49 V/Bot.2398493975: [SHT荔枝麻酱协会(493057481)] rokina(1024182759) -> 21800
2023-09-13 20:36:03 V/Bot.2398493975: [SHT荔枝麻酱协会(493057481)] rokina(1024182759) -> 大大大
2023-09-13 20:36:24 V/Bot.2398493975: [SHT荔枝麻酱协会(493057481)] 淡情余描未わ(1297471104) -> 75900
2023-09-13 20:36:46 V/Bot.2398493975: [SHT荔枝麻酱协会(493057481)] hzc(2384102753) -> 20300
2023-09-13 20:36:47 V/Bot.2398493975: Group(493057481) <- 记录成功：
淡情余描未わ: 75900
rokina: 21800
hzc: 20300
小红@獭獭军团: -18000
2023-09-13 20:36:49 V/Bot.2398493975: [SHT荔枝麻酱协会(493057481)] 冰水 麻将小怨妇(x(308217149) -> 2w4还是3w2
2023-09-13 20:36:57 V/Bot.2398493975: [SHT荔枝麻酱协会(493057481)] rokina(1024182759) -> 亲倍
2023-09-13 20:36:58 V/Bot.2398493975: [SHT荔枝麻酱协会(493057481)] 小红@獭獭军团(963423936) -> [mirai:image:{324BFB53-FA80-53C9-37B9-AD4CD7B3C147}.png, width=280, height=260, size=30126, type=GIF, isEmoji=true]
2023-09-13 20:37:11 V/Bot.2398493975: [SHT荔枝麻酱协会(493057481)] 冰水 麻将小怨妇(x(308217149) -> 龟龟.jpg
2023-09-13 20:40:54 V/Bot.2398493975: [SHT荔枝麻酱协会(493057481)] 小红@獭獭军团(963423936) -> [mirai:image:{FB9C65FB-5685-1B12-1B13-836B38246164}.png, width=292, height=205, size=61102, type=GIF, isEmoji=true]
2023-09-13 20:41:11 V/Bot.2398493975: [獭獭不会交学费军团@(887156367)] 獭獭买锤子大臣@被獭獭军团开除(963423936) -> [mirai:image:{814543A3-80C4-2F98-8DDD-CBABB5724AB3}.png, width=268, height=208, size=28226, type=GIF, isEmoji=true]
2023-09-13 20:41:12 V/Bot.2398493975: [獭獭不会交学费军团@(887156367)] 獭獭买锤子大臣@被獭獭军团开除(963423936) -> [mirai:image:{FB9C65FB-5685-1B12-1B13-836B38246164}.png, width=292, height=205, size=61102, type=GIF, isEmoji=true]
2023-09-13 20:50:12 I/UnidbgFetchQsign: Bot(2398493975) request_token, submit success
2023-09-13 20:55:05 V/Bot.2398493975: [SHT荔枝麻酱协会(493057481)] naf2021(3469392519) -> [mirai:image:{6E5666A4-6F63-6F39-B8DA-DBA1477AF72E}.jpg, width=64, height=54, size=764, type=JPG, isEmoji=true]
2023-09-13 20:55:09 V/Bot.2398493975: [SHT荔枝麻酱协会(493057481)] naf2021(3469392519) -> 还缺人吗
2023-09-13 20:55:26 V/Bot.2398493975: [SHT荔枝麻酱协会(493057481)] 优雅猛牛(695150175) -> 你可以去啊
2023-09-13 20:55:29 V/Bot.2398493975: [SHT荔枝麻酱协会(493057481)] 优雅猛牛(695150175) -> 我刚走
2023-09-13 20:55:38 V/Bot.2398493975: [SHT荔枝麻酱协会(493057481)] naf2021(3469392519) -> 啊？
2023-09-13 20:55:44 V/Bot.2398493975: [SHT荔枝麻酱协会(493057481)] 优雅猛牛(695150175) -> [mirai:image:{ED9D0C0B-AA4D-FF8A-DD6B-6A4790FBE1F8}.jpg, width=300, height=300, size=45857, type=GIF, isEmoji=false]
2023-09-13 20:55:46 V/Bot.2398493975: [SHT荔枝麻酱协会(493057481)] naf2021(3469392519) -> 牛牛怎么走了
2023-09-13 20:55:49 V/Bot.2398493975: [SHT荔枝麻酱协会(493057481)] naf2021(3469392519) -> [mirai:image:{BD66641A-BA89-2170-93E9-CA91D7BCD305}.jpg, width=300, height=300, size=10138, type=JPG, isEmoji=true]
2023-09-13 20:55:52 V/Bot.2398493975: [SHT荔枝麻酱协会(493057481)] 优雅猛牛(695150175) -> 睡觉去了
2023-09-13 20:56:00 V/Bot.2398493975: [SHT荔枝麻酱协会(493057481)] 优雅猛牛(695150175) -> 早睡早起身体好
2023-09-13 20:56:11 V/Bot.2398493975: [SHT荔枝麻酱协会(493057481)] naf2021(3469392519) -> 沙发战神啊
2023-09-13 20:56:14 V/Bot.2398493975: [SHT荔枝麻酱协会(493057481)] naf2021(3469392519) -> [mirai:image:{6FE6E530-A0A5-DEA9-9B47-7240DB836B3C}.jpg, width=64, height=54, size=1091, type=JPG, isEmoji=true]
2023-09-13 21:03:28 V/Bot.2398493975: Event: MemberJoinEvent.Active(member=2197898055)
2023-09-13 21:28:25 V/Bot.2398493975: [獭獭不会交学费军团@(887156367)] zz@獺獺軍団(771507043) -> [不支持的消息#-1430814746][mirai:image:{E5BA2A5C-A6C6-A6E0-79F4-E196E1EF117C}.jpg, width=518, height=592, size=154064, type=PNG, isEmoji=false]？
2023-09-13 21:30:13 I/UnidbgFetchQsign: Bot(2398493975) request_token, submit success
2023-09-13 21:38:01 V/Bot.2398493975: [獭獭不会交学费军团@(887156367)] 獭獭买锤子大臣@被獭獭军团开除(963423936) -> ？
2023-09-13 21:57:46 V/Bot.2398493975: [SHT荔枝麻酱协会(493057481)] 淡情余描未わ(1297471104) -> 41100
2023-09-13 21:57:47 V/Bot.2398493975: [SHT荔枝麻酱协会(493057481)] rokina(1024182759) -> 12000
2023-09-13 21:57:56 V/Bot.2398493975: [SHT荔枝麻酱协会(493057481)] 淡情余描未わ(1297471104) -> 32100[mirai:at:1609323331] 
2023-09-13 21:58:03 V/Bot.2398493975: [SHT荔枝麻酱协会(493057481)] hzc(2384102753) -> 14800
2023-09-13 21:58:05 V/Bot.2398493975: Group(493057481) <- 记录成功：
淡情余描未わ: 41100
时雨: 32100
hzc: 14800
rokina: 12000
2023-09-13 21:59:21 V/Bot.2398493975: [test(389193066)] 淡情余描未わ(1297471104) -> ！吃鱼
2023-09-13 21:59:22 V/Bot.2398493975: Group(389193066) <- 昵称：淡情余描未わ
段位：4级
rate：1551.89
近期顺位：1333213311
更多数据请访问：http://shanghaitech-mahjong.top/userid/1297471104
2023-09-13 22:10:19 I/UnidbgFetchQsign: Bot(2398493975) request_token, submit success
2023-09-13 22:50:20 I/UnidbgFetchQsign: Bot(2398493975) request_token, submit success
2023-09-13 23:15:35 V/Bot.2398493975: [SHT荔枝麻酱协会(493057481)] 淡情余描未わ(1297471104) -> 900
2023-09-13 23:15:36 V/Bot.2398493975: [SHT荔枝麻酱协会(493057481)] rokina(1024182759) -> 33600
2023-09-13 23:15:41 V/Bot.2398493975: [SHT荔枝麻酱协会(493057481)] hzc(2384102753) -> 14800
2023-09-13 23:15:47 V/Bot.2398493975: [SHT荔枝麻酱协会(493057481)] rokina(1024182759) -> ！查查我的
2023-09-13 23:15:48 V/Bot.2398493975: Group(493057481) <- 昵称：rokina
段位：5级
rate：1526.7
近期顺位：2113324
更多数据请访问：http://shanghaitech-mahjong.top/userid/1024182759
2023-09-13 23:15:53 V/Bot.2398493975: [SHT荔枝麻酱协会(493057481)] 淡情余描未わ(1297471104) -> 50700[mirai:at:1609323331] 
2023-09-13 23:15:54 V/Bot.2398493975: Group(493057481) <- 记录成功：
时雨: 50700
rokina: 33600
hzc: 14800
淡情余描未わ: 900
2023-09-13 23:16:07 V/Bot.2398493975: [test(389193066)] 淡情余描未わ(1297471104) -> ！吃鱼
2023-09-13 23:16:09 V/Bot.2398493975: Group(389193066) <- 昵称：淡情余描未わ
段位：3级
rate：1522.36
近期顺位：3332133114
更多数据请访问：http://shanghaitech-mahjong.top/userid/1297471104
2023-09-13 23:16:48 V/Bot.2398493975: [SHT荔枝麻酱协会(493057481)] rokina(1024182759) -> ！查查我的
2023-09-13 23:16:49 V/Bot.2398493975: Group(493057481) <- 昵称：rokina
段位：5级
rate：1535.99
近期顺位：21133242
更多数据请访问：http://shanghaitech-mahjong.top/userid/1024182759
2023-09-13 23:17:02 V/Bot.2398493975: [SHT荔枝麻酱协会(493057481)] naf2021(3469392519) -> ！查查我的
2023-09-13 23:17:03 V/Bot.2398493975: Group(493057481) <- 昵称：naf2021
段位：3级
rate：1544.96
近期顺位：4221441322
更多数据请访问：http://shanghaitech-mahjong.top/userid/3469392519
2023-09-13 23:17:13 V/Bot.2398493975: [SHT荔枝麻酱协会(493057481)] hzc(2384102753) -> ！查查我的
2023-09-13 23:17:14 V/Bot.2398493975: Group(493057481) <- 昵称：hzc
段位：3级
rate：1481.37
近期顺位：1443313333
更多数据请访问：http://shanghaitech-mahjong.top/userid/2384102753
2023-09-13 23:19:05 V/Bot.2398493975: [SHT荔枝麻酱协会(493057481)] 殒落凡尘的星(2510816477) -> ！jrrp
2023-09-13 23:19:06 V/Bot.2398493975: Group(493057481) <- 今日人品：吉
今日适宜役种：断幺九
(为防止刷屏，一日内不可多次查询哦！)
2023-09-13 23:30:20 I/UnidbgFetchQsign: Bot(2398493975) request_token, submit success
2023-09-13 23:57:33 V/Bot.2398493975: [SHT荔枝麻酱协会(493057481)] chino(704937242) -> 现在还yw
2023-09-13 23:58:56 V/Bot.2398493975: [SHT荔枝麻酱协会(493057481)] naf2021(3469392519) -> [mirai:image:{6E5666A4-6F63-6F39-B8DA-DBA1477AF72E}.jpg, width=64, height=54, size=764, type=JPG, isEmoji=true]
2023-09-13 23:59:03 V/Bot.2398493975: [SHT荔枝麻酱协会(493057481)] 淡情余描未わ(1297471104) -> 估计打完这把没哩
2023-09-13 23:59:04 V/Bot.2398493975: [SHT荔枝麻酱协会(493057481)] naf2021(3469392519) -> 估计很难有下一把了
2023-09-13 23:59:37 V/Bot.2398493975: [SHT荔枝麻酱协会(493057481)] chino(704937242) -> [mirai:image:{E0017504-52AE-7D80-E051-593B61C76870}.png, width=231, height=238, size=15312, type=JPG, isEmoji=true]
