2023-07-22 05:40:11 I/main: Starting mirai-console...
2023-07-22 05:40:11 I/main: 

===================================[ Mirai console 2.15.0 ]===================================
 __       __ __                   __  ______                                      __
|  \     /  \  \                 |  \/      \                                    |  \
| ▓▓\   /  ▓▓\▓▓ ______   ______  \▓▓  ▓▓▓▓▓▓\ ______  _______   _______  ______ | ▓▓ ______
| ▓▓▓\ /  ▓▓▓  \/      \ |      \|  \ ▓▓   \▓▓/      \|       \ /       \/      \| ▓▓/      \
| ▓▓▓▓\  ▓▓▓▓ ▓▓  ▓▓▓▓▓▓\ \▓▓▓▓▓▓\ ▓▓ ▓▓     |  ▓▓▓▓▓▓\ ▓▓▓▓▓▓▓\  ▓▓▓▓▓▓▓  ▓▓▓▓▓▓\ ▓▓  ▓▓▓▓▓▓\
| ▓▓\▓▓ ▓▓ ▓▓ ▓▓ ▓▓   \▓▓/      ▓▓ ▓▓ ▓▓   __| ▓▓  | ▓▓ ▓▓  | ▓▓\▓▓    \| ▓▓  | ▓▓ ▓▓ ▓▓    ▓▓
| ▓▓ \▓▓▓| ▓▓ ▓▓ ▓▓     |  ▓▓▓▓▓▓▓ ▓▓ ▓▓__/  \ ▓▓__/ ▓▓ ▓▓  | ▓▓_\▓▓▓▓▓▓\ ▓▓__/ ▓▓ ▓▓ ▓▓▓▓▓▓▓▓
| ▓▓  \▓ | ▓▓ ▓▓ ▓▓      \▓▓    ▓▓ ▓▓\▓▓    ▓▓\▓▓    ▓▓ ▓▓  | ▓▓       ▓▓\▓▓    ▓▓ ▓▓\▓▓     \
 \▓▓      \▓▓\▓▓\▓▓       \▓▓▓▓▓▓▓\▓▓ \▓▓▓▓▓▓  \▓▓▓▓▓▓ \▓▓   \▓▓\▓▓▓▓▓▓▓  \▓▓▓▓▓▓ \▓▓ \▓▓▓▓▓▓▓


2023-07-22 05:40:11 I/main: Backend: version 2.15.0, built on 2023-07-11 04:57:17.
2023-07-22 05:40:11 I/main: Frontend Terminal: version 2.15.0, provided by Mamoe Technologies
2023-07-22 05:40:11 I/main: Welcome to visit https://mirai.mamoe.net/
2023-07-22 05:40:27 I/plugin: Successfully loaded plugin MCL Addon v2.1.1
2023-07-22 05:40:28 I/main: Prepared built-in commands: autoLogin, help, login, logout, permission, status, stop
2023-07-22 05:40:28 I/MCL Addon: iTXTech MCL Version: 2.1.2-61c8bd8
2023-07-22 05:40:28 W/MCL Addon: iTXTech Soyuz 未安装，Soyuz MCL Handler 特性已禁用
2023-07-22 05:40:28 I/main: 1 plugin(s) enabled.
2023-07-22 05:40:28 I/main: mirai-console started successfully.
2023-07-22 05:47:49 I/main: Starting mirai-console...
2023-07-22 05:47:49 I/main: 

===================================[ Mirai console 2.15.0 ]===================================
 __       __ __                   __  ______                                      __
|  \     /  \  \                 |  \/      \                                    |  \
| ▓▓\   /  ▓▓\▓▓ ______   ______  \▓▓  ▓▓▓▓▓▓\ ______  _______   _______  ______ | ▓▓ ______
| ▓▓▓\ /  ▓▓▓  \/      \ |      \|  \ ▓▓   \▓▓/      \|       \ /       \/      \| ▓▓/      \
| ▓▓▓▓\  ▓▓▓▓ ▓▓  ▓▓▓▓▓▓\ \▓▓▓▓▓▓\ ▓▓ ▓▓     |  ▓▓▓▓▓▓\ ▓▓▓▓▓▓▓\  ▓▓▓▓▓▓▓  ▓▓▓▓▓▓\ ▓▓  ▓▓▓▓▓▓\
| ▓▓\▓▓ ▓▓ ▓▓ ▓▓ ▓▓   \▓▓/      ▓▓ ▓▓ ▓▓   __| ▓▓  | ▓▓ ▓▓  | ▓▓\▓▓    \| ▓▓  | ▓▓ ▓▓ ▓▓    ▓▓
| ▓▓ \▓▓▓| ▓▓ ▓▓ ▓▓     |  ▓▓▓▓▓▓▓ ▓▓ ▓▓__/  \ ▓▓__/ ▓▓ ▓▓  | ▓▓_\▓▓▓▓▓▓\ ▓▓__/ ▓▓ ▓▓ ▓▓▓▓▓▓▓▓
| ▓▓  \▓ | ▓▓ ▓▓ ▓▓      \▓▓    ▓▓ ▓▓\▓▓    ▓▓\▓▓    ▓▓ ▓▓  | ▓▓       ▓▓\▓▓    ▓▓ ▓▓\▓▓     \
 \▓▓      \▓▓\▓▓\▓▓       \▓▓▓▓▓▓▓\▓▓ \▓▓▓▓▓▓  \▓▓▓▓▓▓ \▓▓   \▓▓\▓▓▓▓▓▓▓  \▓▓▓▓▓▓ \▓▓ \▓▓▓▓▓▓▓


2023-07-22 05:47:49 I/main: Backend: version 2.15.0, built on 2023-07-11 04:57:17.
2023-07-22 05:47:49 I/main: Frontend Terminal: version 2.15.0, provided by Mamoe Technologies
2023-07-22 05:47:49 I/main: Welcome to visit https://mirai.mamoe.net/
2023-07-22 05:48:54 I/fix-protocol-version: 协议版本检查更新...
2023-07-22 05:48:55 I/fix-protocol-version: 注册服务...
2023-07-22 05:48:55 I/fix-protocol-version: 服务配置文件 file:///root/mcl-2.1.2/KFCFactory.json
2023-07-22 05:48:55 I/plugin: Successfully loaded plugin fix-protocol-version v1.9.9
2023-07-22 05:48:55 I/plugin: Successfully loaded plugin mirai-device-generator v1.2.0
2023-07-22 05:48:55 I/plugin: Successfully loaded plugin mirai-api-http v2.9.1
2023-07-22 05:48:55 I/plugin: Successfully loaded plugin mirai-login-solver-sakura v0.0.11
2023-07-22 05:48:55 I/plugin: Successfully loaded plugin MCL Addon v2.1.1
2023-07-22 05:48:55 I/main: Prepared built-in commands: autoLogin, help, login, logout, permission, status, stop
2023-07-22 05:48:55 I/fix-protocol-version: 当前各登录协议版本日期: 
ANDROID_PHONE  8.9.58.11170  2023-05-19T11:35+08:00
ANDROID_PAD    8.9.58.11170  2023-05-19T11:35+08:00
ANDROID_WATCH  2.0.8         2019-06-03T20:25:31+08:00
IPAD           8.9.50.611    2023-02-16T15:10:14+08:00
MACOS          6.8.2.21241   2022-03-14T11:11:35+08:00

2023-07-22 05:48:55 I/fix-protocol-version: 当前签名服务配置信息: 
v8.8.88 by TLV544Provider from http://127.0.0.1:80

2023-07-22 05:48:55 W/mirai-api-http: USING INITIAL KEY, please edit the key
2023-07-22 05:48:55 I/Mirai HTTP API: ********************************************************
2023-07-22 05:48:55 I/MahKtorAdapter[http]: Autoreload is disabled because the development mode is off.
2023-07-22 05:48:55 I/MahKtorAdapter[http]: Application started in 0.104 seconds.
2023-07-22 05:48:55 I/MahKtorAdapter[http]: Responding at http://localhost:8080
2023-07-22 05:48:55 I/http adapter: >>> [http adapter] is listening at http://localhost:8080
2023-07-22 05:48:55 I/Mirai HTTP API: Http api server is running with verifyKey: INITKEYUgvef4oe
2023-07-22 05:48:55 I/Mirai HTTP API: adaptors: [http]
2023-07-22 05:48:55 I/Mirai HTTP API: ********************************************************
2023-07-22 05:48:55 I/MCL Addon: iTXTech MCL Version: 2.1.2-61c8bd8
2023-07-22 05:48:55 W/MCL Addon: iTXTech Soyuz 未安装，Soyuz MCL Handler 特性已禁用
2023-07-22 05:48:55 I/main: 5 plugin(s) enabled.
2023-07-22 05:48:55 I/main: mirai-console started successfully.
2023-07-22 06:48:36 I/main: Starting mirai-console...
2023-07-22 06:48:36 I/main: 

===================================[ Mirai console 2.15.0 ]===================================
 __       __ __                   __  ______                                      __
|  \     /  \  \                 |  \/      \                                    |  \
| ▓▓\   /  ▓▓\▓▓ ______   ______  \▓▓  ▓▓▓▓▓▓\ ______  _______   _______  ______ | ▓▓ ______
| ▓▓▓\ /  ▓▓▓  \/      \ |      \|  \ ▓▓   \▓▓/      \|       \ /       \/      \| ▓▓/      \
| ▓▓▓▓\  ▓▓▓▓ ▓▓  ▓▓▓▓▓▓\ \▓▓▓▓▓▓\ ▓▓ ▓▓     |  ▓▓▓▓▓▓\ ▓▓▓▓▓▓▓\  ▓▓▓▓▓▓▓  ▓▓▓▓▓▓\ ▓▓  ▓▓▓▓▓▓\
| ▓▓\▓▓ ▓▓ ▓▓ ▓▓ ▓▓   \▓▓/      ▓▓ ▓▓ ▓▓   __| ▓▓  | ▓▓ ▓▓  | ▓▓\▓▓    \| ▓▓  | ▓▓ ▓▓ ▓▓    ▓▓
| ▓▓ \▓▓▓| ▓▓ ▓▓ ▓▓     |  ▓▓▓▓▓▓▓ ▓▓ ▓▓__/  \ ▓▓__/ ▓▓ ▓▓  | ▓▓_\▓▓▓▓▓▓\ ▓▓__/ ▓▓ ▓▓ ▓▓▓▓▓▓▓▓
| ▓▓  \▓ | ▓▓ ▓▓ ▓▓      \▓▓    ▓▓ ▓▓\▓▓    ▓▓\▓▓    ▓▓ ▓▓  | ▓▓       ▓▓\▓▓    ▓▓ ▓▓\▓▓     \
 \▓▓      \▓▓\▓▓\▓▓       \▓▓▓▓▓▓▓\▓▓ \▓▓▓▓▓▓  \▓▓▓▓▓▓ \▓▓   \▓▓\▓▓▓▓▓▓▓  \▓▓▓▓▓▓ \▓▓ \▓▓▓▓▓▓▓


2023-07-22 06:48:36 I/main: Backend: version 2.15.0, built on 2023-07-11 04:57:17.
2023-07-22 06:48:36 I/main: Frontend Terminal: version 2.15.0, provided by Mamoe Technologies
2023-07-22 06:48:36 I/main: Welcome to visit https://mirai.mamoe.net/
2023-07-22 06:48:37 I/fix-protocol-version: 协议版本检查更新...
2023-07-22 06:48:37 I/fix-protocol-version: ANDROID_PHONE load from file:///root/mcl-2.1.2/android_phone.json
2023-07-22 06:48:37 I/fix-protocol-version: ANDROID_PAD load from file:///root/mcl-2.1.2/android_pad.json
2023-07-22 06:48:37 I/fix-protocol-version: 注册服务...
2023-07-22 06:48:37 I/fix-protocol-version: 服务配置文件 file:///root/mcl-2.1.2/KFCFactory.json
2023-07-22 06:48:37 I/plugin: Successfully loaded plugin fix-protocol-version v1.9.9
2023-07-22 06:48:37 I/plugin: Successfully loaded plugin mirai-device-generator v1.2.0
2023-07-22 06:48:37 I/plugin: Successfully loaded plugin mirai-api-http v2.9.1
2023-07-22 06:48:37 I/plugin: Successfully loaded plugin mirai-login-solver-sakura v0.0.11
2023-07-22 06:48:37 I/plugin: Successfully loaded plugin MCL Addon v2.1.1
2023-07-22 06:48:37 I/main: Prepared built-in commands: autoLogin, help, login, logout, permission, status, stop
2023-07-22 06:48:37 I/fix-protocol-version: 当前各登录协议版本日期: 
ANDROID_PHONE  8.9.63.11390  2023-05-26T10:46:18+08:00
ANDROID_PAD    8.9.63.11390  2023-05-26T10:46:18+08:00
ANDROID_WATCH  2.0.8         2019-06-03T20:25:31+08:00
IPAD           8.9.50.611    2023-02-16T15:10:14+08:00
MACOS          6.8.2.21241   2022-03-14T11:11:35+08:00

2023-07-22 06:48:37 I/fix-protocol-version: 当前签名服务配置信息: 
v8.9.63 by fuqiuluo/unidbg-fetch-qsign from http://127.0.0.1:8080

2023-07-22 06:48:37 I/Mirai HTTP API: ********************************************************
2023-07-22 06:48:37 I/MahKtorAdapter[http,ws]: Autoreload is disabled because the development mode is off.
2023-07-22 06:48:38 I/MahKtorAdapter[http,ws]: Application started in 0.107 seconds.
2023-07-22 06:48:38 I/MahKtorAdapter[http,ws]: Responding at http://localhost:7827
2023-07-22 06:48:38 I/http adapter: >>> [http adapter] is listening at http://localhost:7827
2023-07-22 06:48:38 I/ws adapter: >>> [ws adapter] is listening at ws://localhost:7827
2023-07-22 06:48:38 I/Mirai HTTP API: Http api server is running with verifyKey: StarBot
2023-07-22 06:48:38 I/Mirai HTTP API: adaptors: [http,ws]
2023-07-22 06:48:38 I/Mirai HTTP API: ********************************************************
2023-07-22 06:48:38 I/MCL Addon: iTXTech MCL Version: 2.1.2-61c8bd8
2023-07-22 06:48:38 W/MCL Addon: iTXTech Soyuz 未安装，Soyuz MCL Handler 特性已禁用
2023-07-22 06:48:38 I/main: 5 plugin(s) enabled.
2023-07-22 06:48:38 I/main: mirai-console started successfully.
2023-07-22 06:49:00 W/EncryptService.alert: Encrypt service was loaded: KFCFactory(config=file:///root/mcl-2.1.2/KFCFactory.json)
2023-07-22 06:49:00 W/EncryptService.alert: All outgoing message may be leaked by this service.
2023-07-22 06:49:00 W/EncryptService.alert: Use this service if and only if you trusted this service and the service provider.
2023-07-22 06:49:00 W/EncryptService.alert: Service details:
2023-07-22 06:49:00 W/EncryptService.alert:   `- Jvm Class: class xyz.cssxsh.mirai.tool.KFCFactory
2023-07-22 06:49:00 W/EncryptService.alert:   `- ClassLoader: JvmPluginClassLoader{fix-protocol-version-1.9.9.mirai2.jar}
2023-07-22 06:49:00 W/EncryptService.alert:   `- Source: file:/root/mcl-2.1.2/plugins/fix-protocol-version-1.9.9.mirai2.jar
2023-07-22 06:49:00 W/EncryptService.alert:   `- Protected Domain: ProtectionDomain  (file:/root/mcl-2.1.2/plugins/fix-protocol-version-1.9.9.mirai2.jar <no signer certificates>)
 JvmPluginClassLoader{fix-protocol-version-1.9.9.mirai2.jar}
 <no principals>
 java.security.Permissions@1ae10fdf (
 ("java.io.FilePermission" "/root/mcl-2.1.2/plugins/fix-protocol-version-1.9.9.mirai2.jar" "read")
)


2023-07-22 06:49:00 I/KFCFactory: ANDROID_PHONE(8.9.63) server type: fuqiuluo/unidbg-fetch-qsign, file:///root/mcl-2.1.2/KFCFactory.json
2023-07-22 06:49:00 I/KFCFactory: unidbg-fetch-qsign by http://127.0.0.1:8080 about 
{
    "code": 0,
    "msg": "IAA 云天明 章北海",
    "data": {
        "version": "1.1.5",
        "protocol": {
            "qua": "V1_AND_SQ_8.9.63_4194_YYB_D",
            "version": "8.9.63",
            "code": "4194"
        }
    }
}
2023-07-22 06:49:01 I/UnidbgFetchQsign: Bot(3459246674) initialize by http://127.0.0.1:8080
2023-07-22 06:49:09 I/UnidbgFetchQsign: Bot(3459246674) register, Instance loaded successfully.
2023-07-22 06:49:09 I/UnidbgFetchQsign: Bot(3459246674) initialize complete
2023-07-22 06:49:11 I/Bot.3459246674: Calculating type 2 PoW, it can take some time....
2023-07-22 06:49:11 I/Bot.3459246674: Got PoW result, cost: 192 ms
2023-07-22 06:51:14 E/console: net.mamoe.mirai.internal.network.handler.selector.SelectorRequireReconnectException
net.mamoe.mirai.internal.network.handler.selector.SelectorRequireReconnectException

2023-07-22 20:56:39 I/main: Starting mirai-console...
2023-07-22 20:56:39 I/main: 

===================================[ Mirai console 2.15.0 ]===================================
 __       __ __                   __  ______                                      __
|  \     /  \  \                 |  \/      \                                    |  \
| ▓▓\   /  ▓▓\▓▓ ______   ______  \▓▓  ▓▓▓▓▓▓\ ______  _______   _______  ______ | ▓▓ ______
| ▓▓▓\ /  ▓▓▓  \/      \ |      \|  \ ▓▓   \▓▓/      \|       \ /       \/      \| ▓▓/      \
| ▓▓▓▓\  ▓▓▓▓ ▓▓  ▓▓▓▓▓▓\ \▓▓▓▓▓▓\ ▓▓ ▓▓     |  ▓▓▓▓▓▓\ ▓▓▓▓▓▓▓\  ▓▓▓▓▓▓▓  ▓▓▓▓▓▓\ ▓▓  ▓▓▓▓▓▓\
| ▓▓\▓▓ ▓▓ ▓▓ ▓▓ ▓▓   \▓▓/      ▓▓ ▓▓ ▓▓   __| ▓▓  | ▓▓ ▓▓  | ▓▓\▓▓    \| ▓▓  | ▓▓ ▓▓ ▓▓    ▓▓
| ▓▓ \▓▓▓| ▓▓ ▓▓ ▓▓     |  ▓▓▓▓▓▓▓ ▓▓ ▓▓__/  \ ▓▓__/ ▓▓ ▓▓  | ▓▓_\▓▓▓▓▓▓\ ▓▓__/ ▓▓ ▓▓ ▓▓▓▓▓▓▓▓
| ▓▓  \▓ | ▓▓ ▓▓ ▓▓      \▓▓    ▓▓ ▓▓\▓▓    ▓▓\▓▓    ▓▓ ▓▓  | ▓▓       ▓▓\▓▓    ▓▓ ▓▓\▓▓     \
 \▓▓      \▓▓\▓▓\▓▓       \▓▓▓▓▓▓▓\▓▓ \▓▓▓▓▓▓  \▓▓▓▓▓▓ \▓▓   \▓▓\▓▓▓▓▓▓▓  \▓▓▓▓▓▓ \▓▓ \▓▓▓▓▓▓▓


2023-07-22 20:56:39 I/main: Backend: version 2.15.0, built on 2023-07-11 04:57:17.
2023-07-22 20:56:39 I/main: Frontend Terminal: version 2.15.0, provided by Mamoe Technologies
2023-07-22 20:56:39 I/main: Welcome to visit https://mirai.mamoe.net/
2023-07-22 20:56:40 I/fix-protocol-version: 协议版本检查更新...
2023-07-22 20:56:40 I/fix-protocol-version: ANDROID_PHONE load from file:///root/mcl-2.1.2/android_phone.json
2023-07-22 20:56:40 I/fix-protocol-version: ANDROID_PAD load from file:///root/mcl-2.1.2/android_pad.json
2023-07-22 20:56:40 I/fix-protocol-version: 注册服务...
2023-07-22 20:56:40 I/fix-protocol-version: 服务配置文件 file:///root/mcl-2.1.2/KFCFactory.json
2023-07-22 20:56:40 I/plugin: Successfully loaded plugin fix-protocol-version v1.9.9
2023-07-22 20:56:40 I/plugin: Successfully loaded plugin mirai-device-generator v1.2.0
2023-07-22 20:56:40 I/plugin: Successfully loaded plugin mirai-api-http v2.9.1
2023-07-22 20:56:41 I/plugin: Successfully loaded plugin mirai-login-solver-sakura v0.0.11
2023-07-22 20:56:41 I/plugin: Successfully loaded plugin MCL Addon v2.1.1
2023-07-22 20:56:41 I/main: Prepared built-in commands: autoLogin, help, login, logout, permission, status, stop
2023-07-22 20:56:41 I/fix-protocol-version: 当前各登录协议版本日期: 
ANDROID_PHONE  8.9.63.11390  2023-05-26T10:46:18+08:00
ANDROID_PAD    8.9.63.11390  2023-05-26T10:46:18+08:00
ANDROID_WATCH  2.0.8         2019-06-03T20:25:31+08:00
IPAD           8.9.50.611    2023-02-16T15:10:14+08:00
MACOS          6.8.2.21241   2022-03-14T11:11:35+08:00

2023-07-22 20:56:41 I/fix-protocol-version: 当前签名服务配置信息: 
v8.9.63 by fuqiuluo/unidbg-fetch-qsign from http://127.0.0.1:8080

2023-07-22 20:56:41 I/Mirai HTTP API: ********************************************************
2023-07-22 20:56:41 I/MahKtorAdapter[http,ws]: Autoreload is disabled because the development mode is off.
2023-07-22 20:56:41 I/MahKtorAdapter[http,ws]: Application started in 0.146 seconds.
2023-07-22 20:56:41 I/MahKtorAdapter[http,ws]: Responding at http://localhost:7827
2023-07-22 20:56:41 I/http adapter: >>> [http adapter] is listening at http://localhost:7827
2023-07-22 20:56:41 I/ws adapter: >>> [ws adapter] is listening at ws://localhost:7827
2023-07-22 20:56:41 I/Mirai HTTP API: Http api server is running with verifyKey: StarBot
2023-07-22 20:56:41 I/Mirai HTTP API: adaptors: [http,ws]
2023-07-22 20:56:41 I/Mirai HTTP API: ********************************************************
2023-07-22 20:56:41 I/MCL Addon: iTXTech MCL Version: 2.1.2-61c8bd8
2023-07-22 20:56:41 W/MCL Addon: iTXTech Soyuz 未安装，Soyuz MCL Handler 特性已禁用
2023-07-22 20:56:41 I/main: 5 plugin(s) enabled.
2023-07-22 20:56:41 I/main: Auto-login 2398493975, protocol: ANDROID_PHONE, heartbeatStrategy: STAT_HB
2023-07-22 20:56:41 W/EncryptService.alert: Encrypt service was loaded: KFCFactory(config=file:///root/mcl-2.1.2/KFCFactory.json)
2023-07-22 20:56:41 W/EncryptService.alert: All outgoing message may be leaked by this service.
2023-07-22 20:56:41 W/EncryptService.alert: Use this service if and only if you trusted this service and the service provider.
2023-07-22 20:56:41 W/EncryptService.alert: Service details:
2023-07-22 20:56:41 W/EncryptService.alert:   `- Jvm Class: class xyz.cssxsh.mirai.tool.KFCFactory
2023-07-22 20:56:41 W/EncryptService.alert:   `- ClassLoader: JvmPluginClassLoader{fix-protocol-version-1.9.9.mirai2.jar}
2023-07-22 20:56:41 W/EncryptService.alert:   `- Source: file:/root/mcl-2.1.2/plugins/fix-protocol-version-1.9.9.mirai2.jar
2023-07-22 20:56:41 W/EncryptService.alert:   `- Protected Domain: ProtectionDomain  (file:/root/mcl-2.1.2/plugins/fix-protocol-version-1.9.9.mirai2.jar <no signer certificates>)
 JvmPluginClassLoader{fix-protocol-version-1.9.9.mirai2.jar}
 <no principals>
 java.security.Permissions@73d91faf (
 ("java.io.FilePermission" "/root/mcl-2.1.2/plugins/fix-protocol-version-1.9.9.mirai2.jar" "read")
)


2023-07-22 20:56:41 I/KFCFactory: ANDROID_PHONE(8.9.63) server type: fuqiuluo/unidbg-fetch-qsign, file:///root/mcl-2.1.2/KFCFactory.json
2023-07-22 20:56:41 I/KFCFactory: unidbg-fetch-qsign by http://127.0.0.1:8080 about 
{
    "code": 0,
    "msg": "IAA 云天明 章北海",
    "data": {
        "version": "1.1.5",
        "protocol": {
            "qua": "V1_AND_SQ_8.9.63_4194_YYB_D",
            "version": "8.9.63",
            "code": "4194"
        }
    }
}
2023-07-22 20:56:42 I/Bot.2398493975: Loaded account secrets from local cache.
2023-07-22 20:56:42 I/UnidbgFetchQsign: Bot(2398493975) initialize by http://127.0.0.1:8080
2023-07-22 20:56:49 I/UnidbgFetchQsign: Bot(2398493975) register, Instance loaded successfully.
2023-07-22 20:56:49 I/UnidbgFetchQsign: Bot(2398493975) initialize complete
2023-07-22 20:56:53 I/Bot.2398493975: Saved account secrets to local cache for fast login.
2023-07-22 20:56:53 I/Bot.2398493975: Login successful.
2023-07-22 20:56:54 V/Bot.2398493975: Event: BotOnlineEvent(bot=Bot(2398493975))
2023-07-22 20:56:54 I/Bot.2398493975: Bot login successful.
2023-07-22 20:56:54 V/Bot.2398493975: Event: net.mamoe.mirai.console.events.AutoLoginEvent$Success@6cb194f5
2023-07-22 20:56:54 I/main: mirai-console started successfully.
2023-07-22 20:57:45 V/Bot.2398493975: [念酱的小屋(832494815)] 王者注销第一天（小可莉）(467997962) -> [mirai:at:3608284746] 直播间挂在那，你快去休息
2023-07-22 20:57:52 V/Bot.2398493975: [念酱的小屋(832494815)] 王者注销第一天（小可莉）(467997962) -> [mirai:image:{889C859F-82D3-084E-3612-66E9C912D857}.jpg, width=720, height=488, size=19143, type=JPG, isEmoji=true]
2023-07-22 20:58:26 V/Bot.2398493975: [神秘小群(818847579)] 小藤春酱(2430326419) -> [mirai:atall] 开播咯 雀魂场
2023-07-22 20:59:04 V/Bot.2398493975: [琳宝的温暖小屋ya(っ˘зʕ•̫͡•ʔ(883901691)] 是琳琳_ya(3012144925) -> 涵宝是真男人[点赞]
2023-07-22 20:59:39 V/Bot.2398493975: [琳宝的温暖小屋ya(っ˘зʕ•̫͡•ʔ(883901691)] 是琳琳_ya(3012144925) -> 老是直面自己虚[汪汪]
2023-07-22 21:00:24 V/Bot.2398493975: [琳宝的温暖小屋ya(っ˘зʕ•̫͡•ʔ(883901691)] 是琳琳_ya(3012144925) -> 打败了全国99％的男性同胞[点赞]
2023-07-22 21:00:54 V/Bot.2398493975: [琳宝的温暖小屋ya(っ˘зʕ•̫͡•ʔ(883901691)] 是琳琳_ya(3012144925) -> [mirai:quote:[mirai:source:ids=[8602], internalIds=[2129510333], from 983593414 to 883901691 at 1690029775], content=琳宝不理我哩][mirai:at:983593414] 不理[吃]
2023-07-22 21:01:21 V/Bot.2398493975: [琳宝的温暖小屋ya(っ˘зʕ•̫͡•ʔ(883901691)] 怎会如此！𒆙(2411576195) -> [mirai:at:3012144925] 
2023-07-22 21:01:25 V/Bot.2398493975: [琳宝的温暖小屋ya(っ˘зʕ•̫͡•ʔ(883901691)] 怎会如此！𒆙(2411576195) -> [mirai:image:{CE1F6A73-1090-E51D-9A23-9753635E5BD2}.jpg, width=642, height=506, size=28422, type=JPG, isEmoji=true]
2023-07-22 21:02:18 V/Bot.2398493975: [琳宝的温暖小屋ya(っ˘зʕ•̫͡•ʔ(883901691)] 是琳琳_ya(3012144925) -> [mirai:at:2411576195] 速速交代
2023-07-22 21:02:24 V/Bot.2398493975: [琳宝的温暖小屋ya(っ˘зʕ•̫͡•ʔ(883901691)] 是琳琳_ya(3012144925) -> 名字
2023-07-22 21:02:31 V/Bot.2398493975: [琳宝的温暖小屋ya(っ˘зʕ•̫͡•ʔ(883901691)] 是琳琳_ya(3012144925) -> 犯了什么罪
2023-07-22 21:02:32 V/Bot.2398493975: [琳宝的温暖小屋ya(っ˘зʕ•̫͡•ʔ(883901691)] 怎会如此！𒆙(2411576195) -> 我是
2023-07-22 21:02:37 V/Bot.2398493975: [琳宝的温暖小屋ya(っ˘зʕ•̫͡•ʔ(883901691)] 是琳琳_ya(3012144925) -> 该当如何
2023-07-22 21:02:41 V/Bot.2398493975: [琳宝的温暖小屋ya(っ˘зʕ•̫͡•ʔ(883901691)] 怎会如此！𒆙(2411576195) -> 该
2023-07-22 21:02:42 V/Bot.2398493975: [琳宝的温暖小屋ya(っ˘зʕ•̫͡•ʔ(883901691)] 怎会如此！𒆙(2411576195) -> 该
2023-07-22 21:02:50 V/Bot.2398493975: [琳宝的温暖小屋ya(っ˘зʕ•̫͡•ʔ(883901691)] 怎会如此！𒆙(2411576195) -> 该当同居
2023-07-22 21:03:06 V/Bot.2398493975: [琳宝的温暖小屋ya(っ˘зʕ•̫͡•ʔ(883901691)] 我要做琳宝的狗(983593414) -> [mirai:quote:[mirai:source:ids=[8610], internalIds=[1188946522], from 3012144925 to 883901691 at 1690030854], content=<not yet initialized>][mirai:at:3012144925] 哇呜呜呜
2023-07-22 21:03:10 V/Bot.2398493975: [琳宝的温暖小屋ya(っ˘зʕ•̫͡•ʔ(883901691)] 怎会如此！𒆙(2411576195) -> [mirai:image:{36F4BE8D-2330-4991-3ED1-CE060E65234F}.jpg, width=786, height=786, size=65596, type=JPG, isEmoji=true]
2023-07-22 21:03:12 V/Bot.2398493975: [琳宝的温暖小屋ya(っ˘зʕ•̫͡•ʔ(883901691)] 我要做琳宝的狗(983593414) -> 明天不起来看琳宝了
2023-07-22 21:03:13 V/Bot.2398493975: [琳宝的温暖小屋ya(っ˘зʕ•̫͡•ʔ(883901691)] 我要做琳宝的狗(983593414) -> 恼
2023-07-22 21:03:24 V/Bot.2398493975: [琳宝的温暖小屋ya(っ˘зʕ•̫͡•ʔ(883901691)] 是琳琳_ya(3012144925) -> 赐你
2023-07-22 21:03:39 V/Bot.2398493975: [琳宝的温暖小屋ya(っ˘зʕ•̫͡•ʔ(883901691)] 怎会如此！𒆙(2411576195) -> [mirai:image:{36F4BE8D-2330-4991-3ED1-CE060E65234F}.jpg, width=786, height=786, size=65596, type=JPG, isEmoji=true]
2023-07-22 21:03:39 V/Bot.2398493975: [琳宝的温暖小屋ya(っ˘зʕ•̫͡•ʔ(883901691)] 怎会如此！𒆙(2411576195) -> [mirai:image:{36F4BE8D-2330-4991-3ED1-CE060E65234F}.jpg, width=786, height=786, size=65596, type=JPG, isEmoji=true]
2023-07-22 21:03:40 V/Bot.2398493975: [琳宝的温暖小屋ya(っ˘зʕ•̫͡•ʔ(883901691)] 怎会如此！𒆙(2411576195) -> [mirai:image:{36F4BE8D-2330-4991-3ED1-CE060E65234F}.jpg, width=786, height=786, size=65596, type=JPG, isEmoji=true]
2023-07-22 21:03:45 V/Bot.2398493975: [琳宝的温暖小屋ya(っ˘зʕ•̫͡•ʔ(883901691)] 怎会如此！𒆙(2411576195) -> [mirai:image:{9320D24B-EDB0-16FC-B850-29F387803861}.jpg, width=200, height=193, size=8688, type=JPG, isEmoji=false]
2023-07-22 21:03:50 V/Bot.2398493975: [琳宝的温暖小屋ya(っ˘зʕ•̫͡•ʔ(883901691)] 是琳琳_ya(3012144925) -> [mirai:image:{055AB01C-278A-C4F3-33CF-BE3AC0D8A960}.png, width=240, height=240, size=34234, type=JPG, isEmoji=false]
2023-07-22 21:04:20 V/Bot.2398493975: [琳宝的温暖小屋ya(っ˘зʕ•̫͡•ʔ(883901691)] 是阿涵呀～(2155447879) -> [mirai:quote:[mirai:source:ids=[8608], internalIds=[1465976531], from 3012144925 to 883901691 at 1690030779], content=<not yet initialized>][mirai:at:3012144925] [表情]
2023-07-22 21:04:31 V/Bot.2398493975: [琳宝的温暖小屋ya(っ˘зʕ•̫͡•ʔ(883901691)] 我要做琳宝的狗(983593414) -> 搬完家累吐血
2023-07-22 21:04:43 V/Bot.2398493975: [琳宝的温暖小屋ya(っ˘зʕ•̫͡•ʔ(883901691)] 是阿涵呀～(2155447879) -> [mirai:image:{3D9B239E-E137-FA1A-1999-0BC4A7B2D5E8}.jpg, width=300, height=232, size=10234, type=JPG, isEmoji=true]
2023-07-22 21:04:45 V/Bot.2398493975: [琳宝的温暖小屋ya(っ˘зʕ•̫͡•ʔ(883901691)] 是琳琳_ya(3012144925) -> [mirai:quote:[mirai:source:ids=[8603], internalIds=[507938248], from 1259115055 to 883901691 at 1690029944], content=<not yet initialized>][mirai:at:1259115055] [摸锦鲤]
2023-07-22 21:04:45 V/Bot.2398493975: [琳宝的温暖小屋ya(っ˘зʕ•̫͡•ʔ(883901691)] 遗忘一光年(2974175279) -> [mirai:image:{800C6D62-D6B7-D188-3998-805F9753BE45}.jpg, width=240, height=240, size=154985, type=GIF, isEmoji=true]
2023-07-22 21:05:31 V/Bot.2398493975: [琳宝的温暖小屋ya(っ˘зʕ•̫͡•ʔ(883901691)] 白白哭唧唧(1986468592) -> [mirai:image:{842AAF70-1EF4-DB35-7825-F65A623D45FA}.jpg, width=120, height=118, size=3510, type=JPG, isEmoji=true]
2023-07-22 21:05:50 V/Bot.2398493975: [琳宝的温暖小屋ya(っ˘зʕ•̫͡•ʔ(883901691)] 是阿涵呀～(2155447879) -> [mirai:at:3012144925] 所以你为啥总是盯着那个虚字？
2023-07-22 21:06:04 V/Bot.2398493975: [琳宝的温暖小屋ya(っ˘зʕ•̫͡•ʔ(883901691)] 是阿涵呀～(2155447879) -> [mirai:image:{8E1ADA2C-7235-DB03-6394-AAD118F0D1BA}.jpg, width=691, height=667, size=44806, type=JPG, isEmoji=true]
2023-07-22 21:06:56 V/Bot.2398493975: [话大饼(287234923)] 明桑（下北沢の伝説）(2161638902) -> [mirai:quote:[mirai:source:ids=[201380], internalIds=[405902609], from 2993505452 to 287234923 at 1690030286], content=<not yet initialized>][mirai:at:2993505452] 哈哈
2023-07-22 21:07:27 V/Bot.2398493975: [YIYI的必胡小队🀄️(631871764)] 反转夏日(2091195064) -> 有个好看的女朋友是种什么体验[汪汪]
2023-07-22 21:07:42 V/Bot.2398493975: [琳宝的温暖小屋ya(っ˘зʕ•̫͡•ʔ(883901691)] 我要做琳宝的狗(983593414) -> [mirai:image:{17DABAB4-D6EC-CCF3-492C-52E272981981}.jpg, width=373, height=348, size=23324, type=JPG, isEmoji=true]
2023-07-22 21:07:45 V/Bot.2398493975: [琳宝的温暖小屋ya(っ˘зʕ•̫͡•ʔ(883901691)] 我要做琳宝的狗(983593414) -> [mirai:image:{C730F977-5082-876F-2684-C0B7EB324587}.jpg, width=412, height=410, size=41375, type=JPG, isEmoji=true]
2023-07-22 21:08:06 V/Bot.2398493975: [琳宝的温暖小屋ya(っ˘зʕ•̫͡•ʔ(883901691)] 是阿涵呀～(2155447879) -> [mirai:image:{9BF4E4B4-26FE-D94B-886B-8040A4889FA3}.jpg, width=372, height=348, size=35438, type=JPG, isEmoji=true]
2023-07-22 21:08:14 V/Bot.2398493975: [琳宝的温暖小屋ya(っ˘зʕ•̫͡•ʔ(883901691)] 月月月(2719430272) -> [mirai:image:{5F6E3FCE-957F-B3C4-1FEC-28426313F245}.jpg, width=116, height=116, size=9290, type=GIF, isEmoji=true]
2023-07-22 21:08:22 V/Bot.2398493975: [琳宝的温暖小屋ya(っ˘зʕ•̫͡•ʔ(883901691)] 我要做琳宝的狗(983593414) -> [mirai:image:{7CC6D1CC-AA07-982B-A210-031B336F040E}.jpg, width=1080, height=1080, size=81069, type=JPG, isEmoji=true]
2023-07-22 21:08:43 V/Bot.2398493975: [琳宝的温暖小屋ya(っ˘зʕ•̫͡•ʔ(883901691)] 是阿涵呀～(2155447879) -> [mirai:image:{EB6200B0-CF20-E4AD-BAC1-DC314F465BCB}.jpg, width=960, height=1260, size=287709, type=JPG, isEmoji=true]
2023-07-22 21:08:50 V/Bot.2398493975: [话大饼(287234923)] 无私奉献伟大的院长(秦始皇)(194824601) -> 我发现了一个很好笑的问题
2023-07-22 21:08:59 V/Bot.2398493975: [话大饼(287234923)] 无私奉献伟大的院长(秦始皇)(194824601) -> 以前我走路，反正就是不那么板，正就是有一点会驼背
2023-07-22 21:09:03 V/Bot.2398493975: [话大饼(287234923)] 无私奉献伟大的院长(秦始皇)(194824601) -> 直播之后，天天坐在那
2023-07-22 21:09:07 V/Bot.2398493975: [话大饼(287234923)] 无私奉献伟大的院长(秦始皇)(194824601) -> 背现在走路挺直了
2023-07-22 21:09:12 V/Bot.2398493975: [话大饼(287234923)] luckily遇见（惊鸿存于须臾）(1966857781) -> 可以厉害
2023-07-22 21:09:13 V/Bot.2398493975: [话大饼(287234923)] luckily遇见（惊鸿存于须臾）(1966857781) -> 很不错
2023-07-22 21:09:16 V/Bot.2398493975: [话大饼(287234923)] luckily遇见（惊鸿存于须臾）(1966857781) -> [mirai:image:{637B5F4C-19EE-28B6-55B5-D05855EF54DA}.jpg, width=600, height=600, size=63473, type=JPG, isEmoji=false]
2023-07-22 21:09:16 V/Bot.2398493975: [话大饼(287234923)] 无私奉献伟大的院长(秦始皇)(194824601) -> 但是脖子又弯了
2023-07-22 21:09:22 V/Bot.2398493975: [话大饼(287234923)] luckily遇见（惊鸿存于须臾）(1966857781) -> [mirai:image:{A05C582F-802B-4519-128B-5F8A8D7BBD45}.jpg, width=520, height=532, size=30808, type=JPG, isEmoji=false]
2023-07-22 21:09:32 V/Bot.2398493975: [话大饼(287234923)] luckily遇见（惊鸿存于须臾）(1966857781) -> 少玩手机就行
2023-07-22 21:09:38 V/Bot.2398493975: [话大饼(287234923)] 布丁(图书馆司书)(3118985354) -> 换位了
2023-07-22 21:10:12 V/Bot.2398493975: [话大饼(287234923)] 无私奉献伟大的院长(秦始皇)(194824601) -> 奇怪
2023-07-22 21:10:23 V/Bot.2398493975: [琳宝的温暖小屋ya(っ˘зʕ•̫͡•ʔ(883901691)] 月月月(2719430272) -> [mirai:image:{E2B3AAD2-7064-806C-C519-BAD83AA033E8}.jpg, width=960, height=960, size=170140, type=JPG, isEmoji=true]
2023-07-22 21:10:37 V/Bot.2398493975: [话大饼(287234923)] luckily遇见（惊鸿存于须臾）(1966857781) -> [mirai:image:{DCB44325-21DE-B875-3A4F-CA7444A9685B}.jpg, width=360, height=360, size=1422471, type=GIF, isEmoji=false]
2023-07-22 21:10:37 V/Bot.2398493975: [琳宝的温暖小屋ya(っ˘зʕ•̫͡•ʔ(883901691)] 我要做琳宝的狗(983593414) -> [mirai:image:{0434E6E6-7FB1-ED0F-55EA-B2613F188106}.jpg, width=615, height=615, size=33690, type=JPG, isEmoji=true]
2023-07-22 21:10:38 V/Bot.2398493975: [琳宝的温暖小屋ya(っ˘зʕ•̫͡•ʔ(883901691)] 是阿涵呀～(2155447879) -> 给
2023-07-22 21:10:46 V/Bot.2398493975: [琳宝的温暖小屋ya(っ˘зʕ•̫͡•ʔ(883901691)] 是阿涵呀～(2155447879) -> [mirai:image:{89FA68A9-4AF5-8D8E-75F7-B419863CA8B7}.jpg, width=456, height=234, size=18314, type=JPG, isEmoji=true]
2023-07-22 21:10:49 V/Bot.2398493975: [琳宝的温暖小屋ya(っ˘зʕ•̫͡•ʔ(883901691)] 月月月(2719430272) -> 怕了怕了
2023-07-22 21:10:50 V/Bot.2398493975: [琳宝的温暖小屋ya(っ˘зʕ•̫͡•ʔ(883901691)] 怎会如此！𒆙(2411576195) -> [mirai:at:3012144925] 
2023-07-22 21:10:52 V/Bot.2398493975: [琳宝的温暖小屋ya(っ˘зʕ•̫͡•ʔ(883901691)] 怎会如此！𒆙(2411576195) -> [mirai:image:{CE1F6A73-1090-E51D-9A23-9753635E5BD2}.jpg, width=642, height=506, size=28422, type=JPG, isEmoji=true]
2023-07-22 21:11:16 V/Bot.2398493975: [琳宝的温暖小屋ya(っ˘зʕ•̫͡•ʔ(883901691)] 我要做琳宝的狗(983593414) -> [mirai:image:{3D9E7B3F-8C7C-511B-D5F1-1306FBB8B65C}.jpg, width=797, height=913, size=47438, type=JPG, isEmoji=true]
2023-07-22 21:11:20 V/Bot.2398493975: [话大饼(287234923)] 布丁(图书馆司书)(3118985354) -> 很好奇你的脖子弯是怎么个弯法
2023-07-22 21:11:21 V/Bot.2398493975: [话大饼(287234923)] 无私奉献伟大的院长(秦始皇)(194824601) -> 开始下雨了
2023-07-22 21:11:38 V/Bot.2398493975: [话大饼(287234923)] 无私奉献伟大的院长(秦始皇)(194824601) -> [mirai:image:{1DF0B377-9B0A-2065-5A21-E2EC1152A86E}.jpg, width=1080, height=1700, size=220458, type=JPG, isEmoji=false]
2023-07-22 21:11:39 V/Bot.2398493975: [话大饼(287234923)] K-S(2993505452) -> 速度啊
2023-07-22 21:11:39 V/Bot.2398493975: [话大饼(287234923)] luckily遇见（惊鸿存于须臾）(1966857781) -> 天气之女
2023-07-22 21:11:42 V/Bot.2398493975: [话大饼(287234923)] luckily遇见（惊鸿存于须臾）(1966857781) -> [偷笑][偷笑]
2023-07-22 21:11:42 V/Bot.2398493975: [话大饼(287234923)] K-S(2993505452) -> 我们可以五黑啊
2023-07-22 21:11:43 V/Bot.2398493975: [话大饼(287234923)] 布丁(图书馆司书)(3118985354) -> 像幻胧一样？
2023-07-22 21:11:45 V/Bot.2398493975: [话大饼(287234923)] 布丁(图书馆司书)(3118985354) -> [mirai:image:{65F0CD0A-F2AF-20F9-3B7B-22D545BB798E}.jpg, width=82, height=82, size=3890, type=JPG, isEmoji=true]
2023-07-22 21:11:56 V/Bot.2398493975: [话大饼(287234923)] K-S(2993505452) -> [mirai:image:{7CD40DC0-F50D-862B-07D2-0DCD82071093}.gif, width=200, height=187, size=104761, type=GIF, isEmoji=true]
2023-07-22 21:11:57 V/Bot.2398493975: [话大饼(287234923)] 无私奉献伟大的院长(秦始皇)(194824601) -> 无语
2023-07-22 21:12:45 V/Bot.2398493975: [话大饼(287234923)] 布丁(图书馆司书)(3118985354) -> [mirai:image:{BA0FF48F-CB1D-C9B7-56C2-93A83D563ED4}.jpg, width=720, height=900, size=50157, type=JPG, isEmoji=false]
2023-07-22 21:12:46 V/Bot.2398493975: [话大饼(287234923)] 布丁(图书馆司书)(3118985354) -> [mirai:image:{65F0CD0A-F2AF-20F9-3B7B-22D545BB798E}.jpg, width=82, height=82, size=3890, type=JPG, isEmoji=true]
2023-07-22 21:13:04 V/Bot.2398493975: [话大饼(287234923)] 无私奉献伟大的院长(秦始皇)(194824601) -> 真要变雨神了
2023-07-22 21:13:12 V/Bot.2398493975: [话大饼(287234923)] luckily遇见（惊鸿存于须臾）(1966857781) -> 好耶
2023-07-22 21:13:16 V/Bot.2398493975: [话大饼(287234923)] luckily遇见（惊鸿存于须臾）(1966857781) -> 天气之女
2023-07-22 21:14:02 V/Bot.2398493975: [话大饼(287234923)] 无私奉献伟大的院长(秦始皇)(194824601) -> 真无语啊
2023-07-22 21:14:04 V/Bot.2398493975: [话大饼(287234923)] 无私奉献伟大的院长(秦始皇)(194824601) -> 我是
2023-07-22 21:14:07 V/Bot.2398493975: [话大饼(287234923)] luckily遇见（惊鸿存于须臾）(1966857781) -> 没事没事
2023-07-22 21:14:12 V/Bot.2398493975: [话大饼(287234923)] 我踏马吃(生活不能自理患者)(1621529131) -> 期待明天龙女还是限免
2023-07-22 21:14:17 V/Bot.2398493975: [话大饼(287234923)] 我踏马吃(生活不能自理患者)(1621529131) -> [mirai:image:{54AF55CE-55AC-DEF3-0DC6-32D67036D367}.jpg, width=36, height=42, size=1249, type=JPG, isEmoji=true]
2023-07-22 21:14:18 V/Bot.2398493975: [YIYI的必胡小队🀄️(631871764)] solitude-inori(2956911788) -> 爪
2023-07-22 21:14:21 V/Bot.2398493975: [YIYI的必胡小队🀄️(631871764)] solitude-inori(2956911788) -> 巴
2023-07-22 21:14:29 V/Bot.2398493975: [话大饼(287234923)] 无私奉献伟大的院长(秦始皇)(194824601) -> 啥啊
2023-07-22 21:14:41 V/Bot.2398493975: [话大饼(287234923)] 无私奉献伟大的院长(秦始皇)(194824601) -> mvp必是我
2023-07-22 21:14:45 V/Bot.2398493975: [话大饼(287234923)] luckily遇见（惊鸿存于须臾）(1966857781) -> 好耶
2023-07-22 21:14:47 V/Bot.2398493975: [话大饼(287234923)] 我踏马吃(生活不能自理患者)(1621529131) -> OKOK
2023-07-22 21:14:55 V/Bot.2398493975: [话大饼(287234923)] luckily遇见（惊鸿存于须臾）(1966857781) -> [mirai:image:{3C98FBBC-F6E6-DD6A-3C14-4B83AA369579}.jpg, width=1440, height=1080, size=207760, type=JPG, isEmoji=false]
2023-07-22 21:14:55 V/Bot.2398493975: [话大饼(287234923)] 布丁(图书馆司书)(3118985354) -> 南方人不知道南方多雨还不看是否下雨的天气预报
2023-07-22 21:14:56 V/Bot.2398493975: [话大饼(287234923)] 布丁(图书馆司书)(3118985354) -> [mirai:image:{65F0CD0A-F2AF-20F9-3B7B-22D545BB798E}.jpg, width=82, height=82, size=3890, type=JPG, isEmoji=true]
2023-07-22 21:15:37 V/Bot.2398493975: [话大饼(287234923)] 无私奉献伟大的院长(秦始皇)(194824601) -> 大叔喊我唱歌
2023-07-22 21:15:40 V/Bot.2398493975: [话大饼(287234923)] 无私奉献伟大的院长(秦始皇)(194824601) -> 啊哈哈哈哈哈
2023-07-22 21:15:46 V/Bot.2398493975: [话大饼(287234923)] 无私奉献伟大的院长(秦始皇)(194824601) -> [mirai:image:{165E3AC1-2590-E672-85D8-FF52CED92D63}.jpg, width=1072, height=1070, size=69622, type=JPG, isEmoji=true]
2023-07-22 21:15:50 V/Bot.2398493975: [话大饼(287234923)] luckily遇见（惊鸿存于须臾）(1966857781) -> 哈哈哈哈
2023-07-22 21:15:53 V/Bot.2398493975: [话大饼(287234923)] luckily遇见（惊鸿存于须臾）(1966857781) -> 唱呗
2023-07-22 21:16:02 V/Bot.2398493975: [话大饼(287234923)] luckily遇见（惊鸿存于须臾）(1966857781) -> 还可以捞个舰长[偷笑][偷笑]
2023-07-22 21:16:13 V/Bot.2398493975: [话大饼(287234923)] 无私奉献伟大的院长(秦始皇)(194824601) -> 开直播的
2023-07-22 21:16:18 V/Bot.2398493975: [话大饼(287234923)] luckily遇见（惊鸿存于须臾）(1966857781) -> [偷笑][偷笑]
2023-07-22 21:16:24 V/Bot.2398493975: [话大饼(287234923)] 无私奉献伟大的院长(秦始皇)(194824601) -> 没有就是之前我常来的地方
2023-07-22 21:16:28 V/Bot.2398493975: [话大饼(287234923)] luckily遇见（惊鸿存于须臾）(1966857781) -> 期待
2023-07-22 21:16:35 V/Bot.2398493975: [话大饼(287234923)] luckily遇见（惊鸿存于须臾）(1966857781) -> 唱呗
2023-07-22 21:16:42 V/Bot.2398493975: [话大饼(287234923)] luckily遇见（惊鸿存于须臾）(1966857781) -> 给我们听听
2023-07-22 21:16:49 V/Bot.2398493975: [话大饼(287234923)] 无私奉献伟大的院长(秦始皇)(194824601) -> 不行
2023-07-22 21:16:55 V/Bot.2398493975: [话大饼(287234923)] luckily遇见（惊鸿存于须臾）(1966857781) -> [捂脸]
2023-07-22 21:17:00 V/Bot.2398493975: [话大饼(287234923)] luckily遇见（惊鸿存于须臾）(1966857781) -> 行
2023-07-22 21:17:17 V/Bot.2398493975: [话大饼(287234923)] luckily遇见（惊鸿存于须臾）(1966857781) -> [mirai:image:{83B4BA6A-1A83-486C-F7A2-A8F898991AB2}.jpg, width=1026, height=750, size=71687, type=JPG, isEmoji=false]
2023-07-22 21:17:20 V/Bot.2398493975: [话大饼(287234923)] 无私奉献伟大的院长(秦始皇)(194824601) -> [不支持的消息#-688853001]
2023-07-22 21:17:32 V/Bot.2398493975: [话大饼(287234923)] luckily遇见（惊鸿存于须臾）(1966857781) -> 哈哈哈哈
2023-07-22 21:17:38 V/Bot.2398493975: [琳宝的温暖小屋ya(っ˘зʕ•̫͡•ʔ(883901691)] 哈尼是个hantai(2045408376) -> [mirai:image:{325D9946-3C56-1FF9-8084-A7C9BFBE391C}.jpg, width=300, height=300, size=77520, type=GIF, isEmoji=false]
2023-07-22 21:18:09 V/Bot.2398493975: [话大饼(287234923)] 无私奉献伟大的院长(秦始皇)(194824601) -> [mirai:image:{C542AC1E-37E0-F0F9-F567-CB52629FB7D6}.jpg, width=1080, height=412, size=30715, type=JPG, isEmoji=false]
2023-07-22 21:18:21 V/Bot.2398493975: [话大饼(287234923)] 无私奉献伟大的院长(秦始皇)(194824601) -> 南方天气预报就没准过
2023-07-22 21:18:25 V/Bot.2398493975: [话大饼(287234923)] luckily遇见（惊鸿存于须臾）(1966857781) -> 天天下雨[偷笑][偷笑]
2023-07-22 21:18:32 V/Bot.2398493975: [话大饼(287234923)] luckily遇见（惊鸿存于须臾）(1966857781) -> 我这还是大太阳
2023-07-22 21:18:36 V/Bot.2398493975: [话大饼(287234923)] 夕盈缺（盗版秦始皇）(2589430696) -> [mirai:image:{314DB052-C184-7C0B-5179-4CE3EFF22482}.jpg, width=80, height=80, size=5167, type=GIF, isEmoji=true]
2023-07-22 21:18:37 V/Bot.2398493975: [话大饼(287234923)] luckily遇见（惊鸿存于须臾）(1966857781) -> 明天还高温警告
2023-07-22 21:21:57 V/Bot.2398493975: [琳宝的温暖小屋ya(っ˘зʕ•̫͡•ʔ(883901691)] 普通的土(1656178161) -> 你们怎么99+了(ﾟДﾟ)
2023-07-22 21:24:43 V/Bot.2398493975: Event: MemberJoinRequestEvent(bot=Bot(2398493975), eventId=1690032283667784, message=, fromId=1281577393, groupId=770128631, groupName=馋了, fromNick=Undefined, invitorId=null)
2023-07-22 21:25:32 V/Bot.2398493975: Event: MemberJoinRequestEvent(bot=Bot(2398493975), eventId=1690032331625769, message=, fromId=1281577393, groupId=770128631, groupName=馋了, fromNick=Undefined, invitorId=null)
2023-07-22 21:25:55 V/Bot.2398493975: yyyouch(2461942798) -> 绑定 87601817
2023-07-22 21:25:56 V/Bot.2398493975: Friend(2461942798) <- [mirai:quote:[mirai:source:ids=[2934], internalIds=[1144117093], from friend 2461942798 to 2398493975 at 1690032354], content=绑定 87601817]即将绑定B站账号: yyyouch
请在1分钟内发送"确认绑定"以继续
发送其他消息会取消本次绑定
2023-07-22 21:25:59 V/Bot.2398493975: yyyouch(2461942798) -> 取消
2023-07-22 21:30:27 V/Bot.2398493975: [琳宝的温暖小屋ya(っ˘зʕ•̫͡•ʔ(883901691)] 是阿涵呀～(2155447879) -> [QQ红包]请使用新版手机QQ查收红包。
2023-07-22 21:30:32 V/Bot.2398493975: [琳宝的温暖小屋ya(っ˘зʕ•̫͡•ʔ(883901691)] 是阿涵呀～(2155447879) -> [mirai:image:{D34F0E93-217B-F2A6-1C7B-EC4619EF824F}.jpg, width=126, height=128, size=3864, type=GIF, isEmoji=true]
2023-07-22 21:30:40 V/Bot.2398493975: [琳宝的温暖小屋ya(っ˘зʕ•̫͡•ʔ(883901691)] 普通的土(1656178161) -> 靠
2023-07-22 21:30:45 V/Bot.2398493975: [琳宝的温暖小屋ya(っ˘зʕ•̫͡•ʔ(883901691)] 普通的土(1656178161) -> 没实名
2023-07-22 21:30:51 V/Bot.2398493975: [琳宝的温暖小屋ya(っ˘зʕ•̫͡•ʔ(883901691)] 普通的土(1656178161) -> [mirai:image:{8CE98C11-07DB-3EA3-EC55-71BE65836DEB}.jpg, width=240, height=240, size=11168, type=JPG, isEmoji=true]
2023-07-22 21:31:13 V/Bot.2398493975: [琳宝的温暖小屋ya(っ˘зʕ•̫͡•ʔ(883901691)] 是阿涵呀～(2155447879) -> wx发我
2023-07-22 21:31:19 V/Bot.2398493975: [琳宝的温暖小屋ya(っ˘зʕ•̫͡•ʔ(883901691)] 是阿涵呀～(2155447879) -> [mirai:image:{34816C0D-C424-4A6F-A59C-C9AE0033A224}.jpg, width=200, height=200, size=7583, type=JPG, isEmoji=false]
2023-07-22 21:31:29 V/Bot.2398493975: [琳宝的温暖小屋ya(っ˘зʕ•̫͡•ʔ(883901691)] 普通的土(1656178161) -> 别了
2023-07-22 21:31:29 V/Bot.2398493975: [琳宝的温暖小屋ya(っ˘зʕ•̫͡•ʔ(883901691)] 普通的土(1656178161) -> [mirai:image:{CD057AA8-B0FB-9907-F484-627E211BA842}.jpeg, width=200, height=200, size=10560, type=JPG, isEmoji=true]
2023-07-22 21:31:50 V/Bot.2398493975: [琳宝的温暖小屋ya(っ˘зʕ•̫͡•ʔ(883901691)] 是阿涵呀～(2155447879) -> [不支持的消息#610753162]/变形
2023-07-22 21:36:54 I/UnidbgFetchQsign: Bot(2398493975) request_token, submit success
2023-07-22 21:38:01 V/Bot.2398493975: Event: MemberPermissionChangeEvent(member=NormalMember(1572323224), origin=ADMINISTRATOR, new=MEMBER)
2023-07-22 21:43:17 V/Bot.2398493975: [琳宝的温暖小屋ya(っ˘зʕ•̫͡•ʔ(883901691)] 琳宝的钢板(953608572) -> [mirai:image:{43082ED6-BDD2-3006-E05F-D1C6D41DF5B2}.jpg, width=48, height=56, size=1464, type=JPG, isEmoji=true]
2023-07-22 21:43:48 V/Bot.2398493975: [琳宝的温暖小屋ya(っ˘зʕ•̫͡•ʔ(883901691)] 是阿涵呀～(2155447879) -> [mirai:image:{D34F0E93-217B-F2A6-1C7B-EC4619EF824F}.jpg, width=126, height=128, size=3864, type=GIF, isEmoji=true]
2023-07-22 21:45:46 V/Bot.2398493975: [琳宝的温暖小屋ya(っ˘зʕ•̫͡•ʔ(883901691)] 琳宝的钢板(953608572) -> [mirai:image:{AA417C31-E971-3578-4402-5D4CF52DCEF6}.jpg, width=690, height=690, size=85347, type=JPG, isEmoji=true]
2023-07-22 21:45:57 V/Bot.2398493975: [琳宝的温暖小屋ya(っ˘зʕ•̫͡•ʔ(883901691)] 是阿涵呀～(2155447879) -> [mirai:image:{52ACBF64-FD8D-370C-5261-A9EE0C350F4B}.jpg, width=288, height=336, size=6898, type=JPG, isEmoji=true]
2023-07-22 21:45:58 V/Bot.2398493975: [琳宝的温暖小屋ya(っ˘зʕ•̫͡•ʔ(883901691)] 是阿涵呀～(2155447879) -> [mirai:image:{96A6B2AD-DAD4-BDF8-D08D-77530CE4E1DE}.jpg, width=1860, height=1080, size=89517, type=JPG, isEmoji=true]
2023-07-22 21:48:31 V/Bot.2398493975: [一一的贼船🚢(827034026)] 惠音(3329669916) -> [mirai:image:{28784633-9D8F-A049-233E-330ADECA3056}.jpg, width=80, height=80, size=2201, type=JPG, isEmoji=false]
2023-07-22 21:48:37 V/Bot.2398493975: [诺诺的爹咪们(708463412)] ～(3330160349) -> [mirai:quote:[mirai:source:ids=[58412], internalIds=[1973306401], from 1514897023 to 708463412 at 1690015747], content=<not yet initialized>][mirai:at:1514897023] 从哪里看？我也要看
2023-07-22 21:48:51 V/Bot.2398493975: [琳宝的温暖小屋ya(っ˘зʕ•̫͡•ʔ(883901691)] 月月月(2719430272) -> [mirai:image:{37A694AE-1210-07D7-8D84-5A6F6F32A6E6}.jpg, width=1020, height=1024, size=64531, type=JPG, isEmoji=true]
2023-07-22 21:49:55 V/Bot.2398493975: [念酱的小屋(832494815)] 鹿的独自旅行(2193930840) -> [mirai:image:{36EDA959-85DB-DE60-0EF6-60D1A46732FF}.jpg, width=960, height=820, size=71435, type=JPG, isEmoji=true]
2023-07-22 21:51:13 V/Bot.2398493975: [念酱的小屋(832494815)] 怕疼疼(469017878) -> [mirai:image:{3EBA0F99-814E-BD48-7B99-32A16FDFD1B5}.jpg, width=600, height=700, size=121956, type=JPG, isEmoji=true]
2023-07-22 21:51:15 V/Bot.2398493975: Event: NudgeEvent(from=NormalMember(469017878), target=NormalMember(2193930840), subject=Group(832494815), action=捏了捏, suffix=的脸（夜夜私有物）)
2023-07-22 21:51:20 V/Bot.2398493975: [念酱的小屋(832494815)] 怕疼疼(469017878) -> [mirai:image:{BE5473F9-C6BC-A999-B708-78E30B21E8D7}.jpg, width=1300, height=1100, size=150646, type=JPG, isEmoji=true]
2023-07-22 21:53:12 V/Bot.2398493975: Event: MemberJoinEvent.Active(member=1281577393)
2023-07-22 21:53:36 V/Bot.2398493975: [馋了(770128631)] 成都平原代言人馋馋(1076817628) -> 欢迎
2023-07-22 21:53:50 V/Bot.2398493975: Event: MemberCardChangeEvent(origin=Undefined, new=, member=NormalMember(1281577393))
2023-07-22 21:53:50 V/Bot.2398493975: [馋了(770128631)] Undefined(1281577393) -> [mirai:image:{A50C3F03-F102-E904-734F-5224C9572C20}.jpg, width=300, height=300, size=6242, type=JPG, isEmoji=true]
2023-07-22 21:54:43 V/Bot.2398493975: [血染生物-叶猫古墓基地(974624162)] 搂着纯纯看直播(1612459845) -> [mirai:image:{036B93AD-795A-B4AF-46B0-B9DD05DF79F8}.jpg, width=1280, height=1260, size=85328, type=JPG, isEmoji=false][mirai:image:{D55E915D-2BF7-243D-FB41-628C4A672B47}.jpg, width=1122, height=671, size=70609, type=JPG, isEmoji=false][mirai:image:{B7133387-377D-90CB-95C5-3582D5FFFF2E}.jpg, width=1280, height=713, size=79413, type=JPG, isEmoji=false]
2023-07-22 21:54:48 V/Bot.2398493975: Group(818847579) <- 小藤春 直播结束了
2023-07-22 21:54:57 V/Bot.2398493975: [神秘小群(818847579)] 祢嘚愛縂湜忿給ta壹绊(2771480254) -> [mirai:image:{2CAD1F5D-A634-5B57-BEFA-4F201BB97387}.jpg, width=300, height=300, size=27693, type=GIF, isEmoji=false]
2023-07-22 21:54:58 V/Bot.2398493975: [馋了(770128631)] 成都平原代言人馋馋(1076817628) -> [mirai:image:{487A254C-651E-2148-B83F-F8E7C1342475}.jpg, width=343, height=320, size=1441410, type=GIF, isEmoji=true]
2023-07-22 21:55:00 V/Bot.2398493975: [神秘小群(818847579)] 祢嘚愛縂湜忿給ta壹绊(2771480254) -> 这么快
2023-07-22 21:55:09 V/Bot.2398493975: Group(818847579) <- [mirai:image:{4428A55E-6AB5-C98C-076F-6EB2DA9378CF}.png, width=1000, height=3620, size=464555, type=PNG, isEmoji=false]
2023-07-22 21:55:35 V/Bot.2398493975: Event: MemberCardChangeEvent(origin=, new=山慈, member=NormalMember(1281577393))
2023-07-22 21:55:35 V/Bot.2398493975: [馋了(770128631)] 山慈(1281577393) -> [mirai:image:{B84FAF70-468D-C313-8321-1DCED47F62E2}.jpg, width=200, height=200, size=7417, type=JPG, isEmoji=true]
2023-07-22 21:55:56 V/Bot.2398493975: [神秘小群(818847579)] 小藤春酱(2430326419) -> 哈哈哈哈记录这么详细
2023-07-22 21:56:02 V/Bot.2398493975: [神秘小群(818847579)] 小藤春酱(2430326419) -> 因为要早睡啦
2023-07-22 21:57:58 V/Bot.2398493975: Event: NudgeEvent(from=NormalMember(3529713143), target=NormalMember(2430326419), subject=Group(818847579), action=戳了戳, suffix=)
2023-07-22 22:01:59 V/Bot.2398493975: [话大饼(287234923)] K-S(2993505452) -> 你们啥位置都
2023-07-22 22:02:42 V/Bot.2398493975: [神秘小群(818847579)] sindinero(3408837262) -> 哈？一个小时我刚回来就下了？
2023-07-22 22:04:41 V/Bot.2398493975: [话大饼(287234923)] 明桑（下北沢の伝説）(2161638902) -> 我上中野辅都行
2023-07-22 22:04:44 V/Bot.2398493975: [话大饼(287234923)] 明桑（下北沢の伝説）(2161638902) -> 补位
2023-07-22 22:16:31 V/Bot.2398493975: [诺诺的爹咪们(708463412)] 诺诺の虞哲(1514897023) -> 我朋友发我的
2023-07-22 22:16:34 V/Bot.2398493975: [诺诺的爹咪们(708463412)] 诺诺の虞哲(1514897023) -> 我也不知道
2023-07-22 22:16:55 I/UnidbgFetchQsign: Bot(2398493975) request_token, submit success
2023-07-22 22:16:59 V/Bot.2398493975: [诺诺的爹咪们(708463412)] 念宇(1690930119) -> [mirai:image:{D7B47BA8-D9F5-744E-F313-D001AB7BD08D}.jpg, width=1280, height=1024, size=89769, type=JPG, isEmoji=false][mirai:image:{2DCECE47-C8A6-EADD-58EC-5AFC4D5CF46E}.jpg, width=1280, height=1024, size=89566, type=JPG, isEmoji=false]
2023-07-22 22:17:05 V/Bot.2398493975: [诺诺的爹咪们(708463412)] 念宇(1690930119) -> 优菈爱我
2023-07-22 22:17:12 V/Bot.2398493975: [诺诺的爹咪们(708463412)] 念宇(1690930119) -> 比主播好多了
2023-07-22 22:18:24 V/Bot.2398493975: [念酱的小屋(832494815)] 王者注销第一天（小可莉）(467997962) -> 阿念不会直播睡着了吧？
2023-07-22 22:18:39 V/Bot.2398493975: [念酱的小屋(832494815)] 鹿的独自旅行(2193930840) -> 不知道，不过无所谓啦
2023-07-22 22:20:25 V/Bot.2398493975: [念酱的小屋(832494815)] 王者注销第一天（小可莉）(467997962) -> [mirai:image:{165934CB-12C6-36EB-EFFD-0D753C723DDA}.jpg, width=200, height=200, size=405784, type=GIF, isEmoji=true]
2023-07-22 22:20:53 V/Bot.2398493975: [念酱的小屋(832494815)] 王者注销第一天（小可莉）(467997962) -> 哎……这个傻瓜念，头疼还要直播
2023-07-22 22:22:43 V/Bot.2398493975: [念酱的小屋(832494815)] 蔡嘉琪87(2328711343) -> [mirai:app:{"ver":"1.0.0.19","desc":"哔哩哔哩","prompt":"[QQ小程序]哔哩哔哩","config":{"type":"normal","width":0,"height":0,"forward":1,"autoSize":0,"ctime":1690035759,"token":"3208f62585440eca2ef006ce28882603"},"needShareCallBack":false,"app":"com.tencent.miniapp_01","view":"view_8C8E89B49BE609866298ADDFF2DBABA4","meta":{"detail_1":{"appid":"1109937557","appType":0,"title":"哔哩哔哩","desc":"活死人桃花源祭，中国版《逃出绝命镇》","icon":"https:\/\/open.gtimg.cn\/open\/app_icon\/00\/95\/17\/76\/100951776_100_m.png?t=1689753878","preview":"pubminishare-30161.picsz.qpic.cn\/cbd71762-0850-4a25-afa9-35b066067610","url":"m.q.qq.com\/a\/s\/1260092356024826e104389b3a85a108","scene":1036,"host":{"uin":2328711343,"nick":"晚安"},"shareTemplateId":"8C8E89B49BE609866298ADDFF2DBABA4","shareTemplateData":{},"qqdocurl":"https:\/\/b23.tv\/O0HxGDZ?share_medium=android&share_source=qq&bbid=XU1915012DD060FAD97A46693941EDE26022A&ts=1690035756755","showLittleTail":"","gamePoints":"","gamePointsUrl":""}}}]
2023-07-22 22:23:20 V/Bot.2398493975: [念酱的小屋(832494815)] 蔡嘉琪87(2328711343) -> 是不是人们都要把美好的东西撕碎了？
2023-07-22 22:30:31 V/Bot.2398493975: [念酱的小屋(832494815)] 阿念哇哇哇(3608284746) -> 麻了
2023-07-22 22:30:51 V/Bot.2398493975: [念酱的小屋(832494815)] 阿念哇哇哇(3608284746) -> 我
2023-07-22 22:31:00 V/Bot.2398493975: [念酱的小屋(832494815)] 阿念哇哇哇(3608284746) -> 睡着了
2023-07-22 22:31:19 V/Bot.2398493975: [馋了(770128631)] 水秋静月(2826538726) -> [mirai:image:{6C9E869B-32A9-F021-CA23-B367B1B6592D}.jpg, width=200, height=200, size=7623, type=JPG, isEmoji=true]
2023-07-22 22:31:19 V/Bot.2398493975: [念酱的小屋(832494815)] 王者注销第一天（小可莉）(467997962) -> 我说怎么在直播间发消息不回我
2023-07-22 22:31:25 V/Bot.2398493975: [念酱的小屋(832494815)] 王者注销第一天（小可莉）(467997962) -> [mirai:image:{8FB49FA8-D3BB-091A-8FA9-6BC8251038FF}.jpg, width=200, height=173, size=39089, type=PNG, isEmoji=true]
2023-07-22 22:31:32 V/Bot.2398493975: Group(832494815) <- 软念椰Rniy 直播结束了
2023-07-22 22:31:40 V/Bot.2398493975: [念酱的小屋(832494815)] 王者注销第一天（小可莉）(467997962) -> 快下班，早点睡觉
2023-07-22 22:32:04 V/Bot.2398493975: [念酱的小屋(832494815)] 阿念哇哇哇(3608284746) -> 嘎
2023-07-22 22:32:04 V/Bot.2398493975: [念酱的小屋(832494815)] 王者注销第一天（小可莉）(467997962) -> 感冒了注意保暖，别再冻着了
2023-07-22 22:32:20 V/Bot.2398493975: Group(832494815) <- [mirai:image:{0DD0D630-30EB-2175-0005-1FF49BA1E807}.png, width=1000, height=2560, size=335309, type=PNG, isEmoji=false]
2023-07-22 22:45:59 V/Bot.2398493975: [念酱的小屋(832494815)] 王者注销第一天（小可莉）(467997962) -> 15本大佬恐怖如斯，没人敢打你
2023-07-22 22:46:02 V/Bot.2398493975: [念酱的小屋(832494815)] 王者注销第一天（小可莉）(467997962) -> [mirai:image:{8FB49FA8-D3BB-091A-8FA9-6BC8251038FF}.jpg, width=200, height=173, size=39089, type=PNG, isEmoji=true]
2023-07-22 22:46:22 V/Bot.2398493975: [血染生物-叶猫古墓基地(974624162)] 苏无题n⁧~喵⁧(819578451) -> [mirai:image:{408F59EF-B50D-A03A-364A-C96E9FA14894}.jpg, width=517, height=480, size=799030, type=GIF, isEmoji=true]
2023-07-22 22:47:17 V/Bot.2398493975: [血染生物-叶猫古墓基地(974624162)] 晨曦(3049321705) -> 6
2023-07-22 22:47:57 V/Bot.2398493975: [血染生物-叶猫古墓基地(974624162)] yubq(2698224295) -> 这个表情是碳基生物能做出来的嘛🤣
2023-07-22 22:49:15 V/Bot.2398493975: [血染生物-叶猫古墓基地(974624162)] 龙王酱（等一只猫耳萝莉）(2351250635) -> 被创了
2023-07-22 22:55:15 V/Bot.2398493975: Event: MemberLeaveEvent.Quit(member=2024586502)
2023-07-22 22:55:42 V/Bot.2398493975: [念酱的小屋(832494815)] 山外青山楼外楼 唱跳rap打篮球(1529135847) -> [mirai:at:3608284746] 会手工活吗
2023-07-22 22:56:08 V/Bot.2398493975: [念酱的小屋(832494815)] 王者注销第一天（小可莉）(467997962) -> 她睡着了[暗中观察]
2023-07-22 22:56:19 V/Bot.2398493975: [念酱的小屋(832494815)] 山外青山楼外楼 唱跳rap打篮球(1529135847) -> 我这有个大项目呢
2023-07-22 22:56:32 V/Bot.2398493975: [念酱的小屋(832494815)] 阿念哇哇哇(3608284746) -> 啊
2023-07-22 22:56:37 V/Bot.2398493975: [念酱的小屋(832494815)] 阿念哇哇哇(3608284746) -> 在的
2023-07-22 22:57:01 I/UnidbgFetchQsign: Bot(2398493975) request_token, submit success
2023-07-22 22:57:04 V/Bot.2398493975: [念酱的小屋(832494815)] 山外青山楼外楼 唱跳rap打篮球(1529135847) -> 你会给猫猫剃毛吗？
2023-07-22 22:57:29 V/Bot.2398493975: [念酱的小屋(832494815)] 阿念哇哇哇(3608284746) -> 没养过
2023-07-22 22:57:31 V/Bot.2398493975: [念酱的小屋(832494815)] 阿念哇哇哇(3608284746) -> [mirai:image:{D9705831-259C-B90D-7156-971A50F601E1}.jpg, width=70, height=74, size=2946, type=JPG, isEmoji=true]
2023-07-22 22:57:58 V/Bot.2398493975: [念酱的小屋(832494815)] 王者注销第一天（小可莉）(467997962) -> [mirai:image:{AA71722E-6292-5FC5-B42D-D80F87786E17}.jpg, width=300, height=226, size=7803, type=JPG, isEmoji=true]
2023-07-22 22:58:01 V/Bot.2398493975: [念酱的小屋(832494815)] 山外青山楼外楼 唱跳rap打篮球(1529135847) -> 刚刚剃了一只
2023-07-22 22:58:07 V/Bot.2398493975: [念酱的小屋(832494815)] 山外青山楼外楼 唱跳rap打篮球(1529135847) -> 点都不配和
2023-07-22 22:58:13 V/Bot.2398493975: [话大饼(287234923)] 无私奉献伟大的院长(秦始皇)(194824601) -> 呀呼
2023-07-22 22:58:18 V/Bot.2398493975: [念酱的小屋(832494815)] 山外青山楼外楼 唱跳rap打篮球(1529135847) -> 还有一片毛没剃
2023-07-22 22:58:30 V/Bot.2398493975: [话大饼(287234923)] luckily遇见（惊鸿存于须臾）(1966857781) -> 呀呼
2023-07-22 22:58:40 V/Bot.2398493975: [话大饼(287234923)] luckily遇见（惊鸿存于须臾）(1966857781) -> [mirai:image:{E6C7EBF6-261D-2B74-BBE9-3419EC7F498A}.jpg, width=298, height=300, size=11603, type=JPG, isEmoji=false]
2023-07-22 22:58:41 V/Bot.2398493975: [话大饼(287234923)] luckily遇见（惊鸿存于须臾）(1966857781) -> [mirai:image:{83B4BA6A-1A83-486C-F7A2-A8F898991AB2}.jpg, width=1026, height=750, size=71687, type=JPG, isEmoji=false]
2023-07-22 22:58:41 V/Bot.2398493975: [念酱的小屋(832494815)] 阿念哇哇哇(3608284746) -> 啊这
2023-07-22 22:58:46 V/Bot.2398493975: [念酱的小屋(832494815)] 阿念哇哇哇(3608284746) -> 长啥样
2023-07-22 22:58:50 V/Bot.2398493975: [话大饼(287234923)] 无私奉献伟大的院长(秦始皇)(194824601) -> 开播！
2023-07-22 22:58:50 V/Bot.2398493975: [念酱的小屋(832494815)] 阿念哇哇哇(3608284746) -> 瞅瞅
2023-07-22 22:58:53 V/Bot.2398493975: [念酱的小屋(832494815)] 阿念哇哇哇(3608284746) -> [mirai:image:{D9705831-259C-B90D-7156-971A50F601E1}.jpg, width=70, height=74, size=2946, type=JPG, isEmoji=true]
2023-07-22 22:58:54 V/Bot.2398493975: [话大饼(287234923)] 我踏马吃(生活不能自理患者)(1621529131) -> 我越来越觉得这个参赛名单合理了
2023-07-22 22:58:56 V/Bot.2398493975: [话大饼(287234923)] 我踏马吃(生活不能自理患者)(1621529131) -> [mirai:image:{2B79AE31-D28E-FFEA-0457-494759D63C1F}.jpg, width=498, height=498, size=1249047, type=GIF, isEmoji=true]
2023-07-22 22:58:59 V/Bot.2398493975: [话大饼(287234923)] luckily遇见（惊鸿存于须臾）(1966857781) -> 不看
2023-07-22 22:59:03 V/Bot.2398493975: [话大饼(287234923)] 我踏马吃(生活不能自理患者)(1621529131) -> 是真合理啊
2023-07-22 22:59:10 V/Bot.2398493975: [话大饼(287234923)] luckily遇见（惊鸿存于须臾）(1966857781) -> [笑哭]怎么了？
2023-07-22 22:59:14 V/Bot.2398493975: [话大饼(287234923)] luckily遇见（惊鸿存于须臾）(1966857781) -> 打完了你们？
2023-07-22 22:59:17 V/Bot.2398493975: [话大饼(287234923)] 无私奉献伟大的院长(秦始皇)(194824601) -> 发我看看
2023-07-22 22:59:20 V/Bot.2398493975: [话大饼(287234923)] 我踏马吃(生活不能自理患者)(1621529131) -> 打完了
2023-07-22 22:59:20 V/Bot.2398493975: [话大饼(287234923)] 无私奉献伟大的院长(秦始皇)(194824601) -> 我打不开那个文件
2023-07-22 22:59:27 V/Bot.2398493975: [话大饼(287234923)] luckily遇见（惊鸿存于须臾）(1966857781) -> ？
2023-07-22 22:59:29 V/Bot.2398493975: [话大饼(287234923)] 我踏马吃(生活不能自理患者)(1621529131) -> 跟明桑挑了两把
2023-07-22 22:59:33 V/Bot.2398493975: [话大饼(287234923)] luckily遇见（惊鸿存于须臾）(1966857781) -> PPT打不开？
2023-07-22 22:59:34 V/Bot.2398493975: [话大饼(287234923)] 我踏马吃(生活不能自理患者)(1621529131) -> 全部都是零封
2023-07-22 22:59:40 V/Bot.2398493975: [话大饼(287234923)] luckily遇见（惊鸿存于须臾）(1966857781) -> 哈哈哈
2023-07-22 22:59:42 V/Bot.2398493975: [话大饼(287234923)] luckily遇见（惊鸿存于须臾）(1966857781) -> 正常
2023-07-22 22:59:45 V/Bot.2398493975: [念酱的小屋(832494815)] 山外青山楼外楼 唱跳rap打篮球(1529135847) -> [mirai:image:{98214706-4384-6E63-E6A1-383658E09531}.png, width=1900, height=2532, size=997931, type=JPG, isEmoji=false]
2023-07-22 22:59:46 V/Bot.2398493975: [话大饼(287234923)] 无私奉献伟大的院长(秦始皇)(194824601) -> 截图给我瞅瞅呗
2023-07-22 22:59:46 V/Bot.2398493975: Event: MemberCardChangeEvent(origin=王者注销第一天（小可莉）, new=睡觉监督员（小可莉）, member=NormalMember(467997962))
2023-07-22 22:59:46 V/Bot.2398493975: [念酱的小屋(832494815)] 睡觉监督员（小可莉）(467997962) -> [mirai:image:{7644ABBD-8A6D-79FF-508C-1C8C9DB3DA01}.jpg, width=512, height=512, size=39766, type=JPG, isEmoji=true]
2023-07-22 22:59:47 V/Bot.2398493975: [话大饼(287234923)] 无私奉献伟大的院长(秦始皇)(194824601) -> [mirai:image:{7779A2BD-B476-AE13-6323-C2708FCEA5F1}.jpg, width=180, height=180, size=94538, type=GIF, isEmoji=true]
2023-07-22 22:59:48 V/Bot.2398493975: [念酱的小屋(832494815)] 山外青山楼外楼 唱跳rap打篮球(1529135847) -> 之前
2023-07-22 23:00:17 V/Bot.2398493975: [念酱的小屋(832494815)] 山外青山楼外楼 唱跳rap打篮球(1529135847) -> [mirai:image:{ABC38A6E-2372-A6A3-D785-F09E42DFED2B}.png, width=1890, height=4096, size=1932347, type=JPG, isEmoji=false]
2023-07-22 23:00:18 V/Bot.2398493975: [念酱的小屋(832494815)] 山外青山楼外楼 唱跳rap打篮球(1529135847) -> 现在
2023-07-22 23:00:37 V/Bot.2398493975: [念酱的小屋(832494815)] 阿念哇哇哇(3608284746) -> 啊这
2023-07-22 23:00:40 V/Bot.2398493975: [念酱的小屋(832494815)] 阿念哇哇哇(3608284746) -> 怪不得
2023-07-22 23:00:41 V/Bot.2398493975: [话大饼(287234923)] luckily遇见（惊鸿存于须臾）(1966857781) -> [mirai:image:{E9C742DF-C7EB-5121-26BD-B66FAA8C61AE}.jpg, width=864, height=1920, size=207850, type=JPG, isEmoji=false]
2023-07-22 23:00:41 V/Bot.2398493975: [话大饼(287234923)] luckily遇见（惊鸿存于须臾）(1966857781) -> [mirai:image:{5E22EFF5-C973-3D95-D42F-5088E502548A}.jpg, width=864, height=1920, size=185300, type=JPG, isEmoji=false]
2023-07-22 23:00:45 V/Bot.2398493975: [念酱的小屋(832494815)] 阿念哇哇哇(3608284746) -> 人家不乐意
2023-07-22 23:00:47 V/Bot.2398493975: [念酱的小屋(832494815)] 阿念哇哇哇(3608284746) -> 哈哈哈哈哈
2023-07-22 23:01:07 V/Bot.2398493975: [念酱的小屋(832494815)] 山外青山楼外楼 唱跳rap打篮球(1529135847) -> 掉毛厉害得很
2023-07-22 23:01:53 V/Bot.2398493975: [话大饼(287234923)] 无私奉献伟大的院长(秦始皇)(194824601) -> [mirai:audio:ccd70f213c866e9fba868936a0d2b2b3.amr]
2023-07-22 23:01:59 V/Bot.2398493975: [话大饼(287234923)] 无私奉献伟大的院长(秦始皇)(194824601) -> [mirai:audio:519d67f66d6f0a3597ca2013d82941dd.amr]
2023-07-22 23:02:13 V/Bot.2398493975: [话大饼(287234923)] 无私奉献伟大的院长(秦始皇)(194824601) -> [mirai:audio:b4f3824d26f1ea8729ec66c80dfd21d9.amr]
2023-07-22 23:02:18 V/Bot.2398493975: [话大饼(287234923)] luckily遇见（惊鸿存于须臾）(1966857781) -> 我早就告诉你了[笑哭][笑哭]
2023-07-22 23:02:32 V/Bot.2398493975: [话大饼(287234923)] luckily遇见（惊鸿存于须臾）(1966857781) -> 开心就行[笑哭][笑哭]
2023-07-22 23:03:05 V/Bot.2398493975: [话大饼(287234923)] 无私奉献伟大的院长(秦始皇)(194824601) -> 那怎么办？
2023-07-22 23:03:06 V/Bot.2398493975: [话大饼(287234923)] 我踏马吃(生活不能自理患者)(1621529131) -> 上天保佑明天龙女还是限免
2023-07-22 23:03:08 V/Bot.2398493975: [话大饼(287234923)] 我踏马吃(生活不能自理患者)(1621529131) -> [mirai:image:{CCEE94B6-3730-8CC5-0ACA-8FF12FD98720}.jpg, width=248, height=238, size=20996, type=JPG, isEmoji=true]
2023-07-22 23:03:12 V/Bot.2398493975: [话大饼(287234923)] 无私奉献伟大的院长(秦始皇)(194824601) -> 还差三个人是吗？
2023-07-22 23:03:13 V/Bot.2398493975: [话大饼(287234923)] luckily遇见（惊鸿存于须臾）(1966857781) -> 没事
2023-07-22 23:03:22 V/Bot.2398493975: [话大饼(287234923)] luckily遇见（惊鸿存于须臾）(1966857781) -> 可以加人机
2023-07-22 23:03:27 V/Bot.2398493975: [话大饼(287234923)] 无私奉献伟大的院长(秦始皇)(194824601) -> 666
2023-07-22 23:03:37 V/Bot.2398493975: [话大饼(287234923)] luckily遇见（惊鸿存于须臾）(1966857781) -> [mirai:image:{637B5F4C-19EE-28B6-55B5-D05855EF54DA}.jpg, width=600, height=600, size=63473, type=JPG, isEmoji=false]
2023-07-22 23:04:07 V/Bot.2398493975: [话大饼(287234923)] luckily遇见（惊鸿存于须臾）(1966857781) -> 明桑可是很强的
2023-07-22 23:04:13 V/Bot.2398493975: [话大饼(287234923)] luckily遇见（惊鸿存于须臾）(1966857781) -> 没事[偷笑]
2023-07-22 23:04:13 V/Bot.2398493975: [话大饼(287234923)] 无私奉献伟大的院长(秦始皇)(194824601) -> 当真？
2023-07-22 23:04:17 V/Bot.2398493975: [话大饼(287234923)] luckily遇见（惊鸿存于须臾）(1966857781) -> 确实
2023-07-22 23:04:20 V/Bot.2398493975: [话大饼(287234923)] luckily遇见（惊鸿存于须臾）(1966857781) -> 真的
2023-07-22 23:04:25 V/Bot.2398493975: [念酱的小屋(832494815)] 阿念哇哇哇(3608284746) -> [mirai:image:{A8D9F0E7-60A7-0992-69A3-3246AF972AFF}.jpg, width=1155, height=1193, size=65739, type=JPG, isEmoji=false]
2023-07-22 23:04:26 V/Bot.2398493975: [话大饼(287234923)] luckily遇见（惊鸿存于须臾）(1966857781) -> 下午打过
2023-07-22 23:04:28 V/Bot.2398493975: [话大饼(287234923)] 无私奉献伟大的院长(秦始皇)(194824601) -> 啊哈哈哈哈哈
2023-07-22 23:04:31 V/Bot.2398493975: [话大饼(287234923)] 无私奉献伟大的院长(秦始皇)(194824601) -> 等着吧
2023-07-22 23:04:36 V/Bot.2398493975: [话大饼(287234923)] luckily遇见（惊鸿存于须臾）(1966857781) -> [笑哭][笑哭]
2023-07-22 23:04:52 V/Bot.2398493975: [话大饼(287234923)] luckily遇见（惊鸿存于须臾）(1966857781) -> 明天你玩那个女射手是吗？
2023-07-22 23:04:53 V/Bot.2398493975: [话大饼(287234923)] 我踏马吃(生活不能自理患者)(1621529131) -> 别急
2023-07-22 23:04:55 V/Bot.2398493975: [话大饼(287234923)] 我踏马吃(生活不能自理患者)(1621529131) -> 很强
2023-07-22 23:05:01 V/Bot.2398493975: [话大饼(287234923)] 无私奉献伟大的院长(秦始皇)(194824601) -> 有我翼哥明哥在
2023-07-22 23:05:07 V/Bot.2398493975: [话大饼(287234923)] luckily遇见（惊鸿存于须臾）(1966857781) -> [笑哭][笑哭]
2023-07-22 23:05:12 V/Bot.2398493975: [话大饼(287234923)] 无私奉献伟大的院长(秦始皇)(194824601) -> 这很难输啊
2023-07-22 23:05:20 V/Bot.2398493975: [话大饼(287234923)] luckily遇见（惊鸿存于须臾）(1966857781) -> 我们这边有kk在
2023-07-22 23:05:34 V/Bot.2398493975: [话大饼(287234923)] luckily遇见（惊鸿存于须臾）(1966857781) -> 300多级的账号
2023-07-22 23:05:41 V/Bot.2398493975: [话大饼(287234923)] 无私奉献伟大的院长(秦始皇)(194824601) -> ？。？
2023-07-22 23:05:42 V/Bot.2398493975: [话大饼(287234923)] luckily遇见（惊鸿存于须臾）(1966857781) -> 还怕搞不定你们
2023-07-22 23:05:44 V/Bot.2398493975: [话大饼(287234923)] luckily遇见（惊鸿存于须臾）(1966857781) -> [笑哭][笑哭]
2023-07-22 23:05:54 V/Bot.2398493975: [话大饼(287234923)] 我踏马吃(生活不能自理患者)(1621529131) -> KK更强
2023-07-22 23:05:56 V/Bot.2398493975: [话大饼(287234923)] 我踏马吃(生活不能自理患者)(1621529131) -> [mirai:image:{CCEE94B6-3730-8CC5-0ACA-8FF12FD98720}.jpg, width=248, height=238, size=20996, type=JPG, isEmoji=true]
2023-07-22 23:05:56 V/Bot.2398493975: [话大饼(287234923)] luckily遇见（惊鸿存于须臾）(1966857781) -> kk300多级的账号
2023-07-22 23:05:58 V/Bot.2398493975: [念酱的小屋(832494815)] 玖衿糖(3531899866) -> [mirai:image:{F0D6CED5-DD25-7EAD-BBB3-E3F62393302B}.jpg, width=48, height=48, size=2113, type=JPG, isEmoji=true]
2023-07-22 23:05:59 V/Bot.2398493975: [话大饼(287234923)] luckily遇见（惊鸿存于须臾）(1966857781) -> 很强的
2023-07-22 23:06:02 V/Bot.2398493975: [话大饼(287234923)] 无私奉献伟大的院长(秦始皇)(194824601) -> 控制比较强的英雄有吗？
2023-07-22 23:06:07 V/Bot.2398493975: [话大饼(287234923)] 无私奉献伟大的院长(秦始皇)(194824601) -> 类似于王者里面刘禅
2023-07-22 23:06:20 V/Bot.2398493975: [念酱的小屋(832494815)] 玖衿糖(3531899866) -> 越烧越猛了嗷
2023-07-22 23:06:25 V/Bot.2398493975: [念酱的小屋(832494815)] 阿念哇哇哇(3608284746) -> 是的
2023-07-22 23:06:29 V/Bot.2398493975: [话大饼(287234923)] luckily遇见（惊鸿存于须臾）(1966857781) -> 不清楚
2023-07-22 23:06:38 V/Bot.2398493975: [话大饼(287234923)] luckily遇见（惊鸿存于须臾）(1966857781) -> 要看你有什么
2023-07-22 23:06:39 V/Bot.2398493975: [话大饼(287234923)] 我踏马吃(生活不能自理患者)(1621529131) -> 法师控制强
2023-07-22 23:06:48 V/Bot.2398493975: [话大饼(287234923)] luckily遇见（惊鸿存于须臾）(1966857781) -> 确实
2023-07-22 23:06:49 V/Bot.2398493975: [话大饼(287234923)] 我踏马吃(生活不能自理患者)(1621529131) -> 冰霜秒全场
2023-07-22 23:06:52 V/Bot.2398493975: [话大饼(287234923)] luckily遇见（惊鸿存于须臾）(1966857781) -> [笑哭][笑哭][笑哭]
2023-07-22 23:06:53 V/Bot.2398493975: [话大饼(287234923)] 无私奉献伟大的院长(秦始皇)(194824601) -> 那有小乔吗？
2023-07-22 23:07:36 V/Bot.2398493975: [话大饼(287234923)] luckily遇见（惊鸿存于须臾）(1966857781) -> 你要是用新英雄还不得把你明哥和翼哥害惨[笑哭][笑哭]
2023-07-22 23:07:38 V/Bot.2398493975: [念酱的小屋(832494815)] 玖衿糖(3531899866) -> 你们那边晚上难不成真冷？
2023-07-22 23:07:41 V/Bot.2398493975: [念酱的小屋(832494815)] 玖衿糖(3531899866) -> [mirai:image:{9F3074BD-EBFB-27A8-6CA6-853A5E9AE428}.jpg, width=160, height=146, size=672249, type=GIF, isEmoji=true]
2023-07-22 23:07:52 V/Bot.2398493975: [念酱的小屋(832494815)] 玖衿糖(3531899866) -> 还是我哥们不怕冷
2023-07-22 23:07:54 V/Bot.2398493975: [话大饼(287234923)] luckily遇见（惊鸿存于须臾）(1966857781) -> 不如就用你的女枪手
2023-07-22 23:07:54 V/Bot.2398493975: [念酱的小屋(832494815)] 阿念哇哇哇(3608284746) -> 我冷
2023-07-22 23:07:59 V/Bot.2398493975: [念酱的小屋(832494815)] 阿念哇哇哇(3608284746) -> 我体寒
2023-07-22 23:08:01 V/Bot.2398493975: [话大饼(287234923)] luckily遇见（惊鸿存于须臾）(1966857781) -> 你也熟悉写
2023-07-22 23:08:03 V/Bot.2398493975: Event: GroupRecall(bot=Bot(2398493975), authorId=1966857781, messageIds=[201524], messageInternalIds=[93525325], messageTime=1690038481, operator=NormalMember(1966857781), group=Group(287234923), author=NormalMember(1966857781))
2023-07-22 23:08:04 V/Bot.2398493975: [念酱的小屋(832494815)] 阿念哇哇哇(3608284746) -> 我怕冷
2023-07-22 23:08:05 V/Bot.2398493975: [话大饼(287234923)] luckily遇见（惊鸿存于须臾）(1966857781) -> 你也熟悉
2023-07-22 23:08:05 V/Bot.2398493975: [话大饼(287234923)] 我踏马吃(生活不能自理患者)(1621529131) -> 建议追着我砍，因为就我最弱
2023-07-22 23:08:09 V/Bot.2398493975: [话大饼(287234923)] luckily遇见（惊鸿存于须臾）(1966857781) -> 哈哈哈哈
2023-07-22 23:08:12 V/Bot.2398493975: [念酱的小屋(832494815)] 阿念哇哇哇(3608284746) -> 冬天手脚捂不热
2023-07-22 23:08:21 V/Bot.2398493975: [念酱的小屋(832494815)] 玖衿糖(3531899866) -> [mirai:image:{9F3074BD-EBFB-27A8-6CA6-853A5E9AE428}.jpg, width=160, height=146, size=672249, type=GIF, isEmoji=true]
2023-07-22 23:08:25 V/Bot.2398493975: [念酱的小屋(832494815)] 玖衿糖(3531899866) -> 没事惹
2023-07-22 23:08:33 V/Bot.2398493975: Event: GroupRecall(bot=Bot(2398493975), authorId=3531899866, messageIds=[17629], messageInternalIds=[901211620], messageTime=1690038505, operator=NormalMember(3531899866), group=Group(832494815), author=NormalMember(3531899866))
2023-07-22 23:08:37 V/Bot.2398493975: [念酱的小屋(832494815)] 玖衿糖(3531899866) -> 那没事惹
2023-07-22 23:08:46 V/Bot.2398493975: [念酱的小屋(832494815)] 阿念哇哇哇(3608284746) -> 哈哈哈
2023-07-22 23:09:22 V/Bot.2398493975: [话大饼(287234923)] 无私奉献伟大的院长(秦始皇)(194824601) -> 行吧
2023-07-22 23:09:23 V/Bot.2398493975: [念酱的小屋(832494815)] 蔡嘉琪87(2328711343) -> 我还在忌惮牙医粉威力
2023-07-22 23:09:25 V/Bot.2398493975: Event: GroupRecall(bot=Bot(2398493975), authorId=2328711343, messageIds=[17632], messageInternalIds=[432059396], messageTime=1690038563, operator=NormalMember(2328711343), group=Group(832494815), author=NormalMember(2328711343))
2023-07-22 23:09:29 V/Bot.2398493975: [念酱的小屋(832494815)] 蔡嘉琪87(2328711343) -> 我还在忌惮牙医的威力
2023-07-22 23:09:45 V/Bot.2398493975: [话大饼(287234923)] luckily遇见（惊鸿存于须臾）(1966857781) -> [mirai:image:{A05C582F-802B-4519-128B-5F8A8D7BBD45}.jpg, width=520, height=532, size=30808, type=JPG, isEmoji=false]
2023-07-22 23:09:53 V/Bot.2398493975: [话大饼(287234923)] luckily遇见（惊鸿存于须臾）(1966857781) -> 好想喝雪碧啊
2023-07-22 23:10:35 V/Bot.2398493975: [念酱的小屋(832494815)] 鹿的独自旅行(2193930840) -> [骚扰]
2023-07-22 23:10:36 V/Bot.2398493975: [话大饼(287234923)] 夕盈缺（盗版秦始皇）(2589430696) -> 好想喝傻碧啊
2023-07-22 23:10:54 V/Bot.2398493975: [话大饼(287234923)] luckily遇见（惊鸿存于须臾）(1966857781) -> [笑哭]
2023-07-22 23:14:00 V/Bot.2398493975: [念酱的小屋(832494815)] 少女耳兽(2161637978) -> [mirai:at:3608284746] 
2023-07-22 23:14:10 V/Bot.2398493975: [念酱的小屋(832494815)] 少女耳兽(2161637978) -> 我这里打雷
2023-07-22 23:14:16 V/Bot.2398493975: [念酱的小屋(832494815)] 阿念哇哇哇(3608284746) -> 啊这
2023-07-22 23:14:19 V/Bot.2398493975: [念酱的小屋(832494815)] 少女耳兽(2161637978) -> 没有断电
2023-07-22 23:14:28 V/Bot.2398493975: [话大饼(287234923)] 我踏马吃(生活不能自理患者)(1621529131) -> 有啊有啊
2023-07-22 23:14:51 V/Bot.2398493975: [话大饼(287234923)] 我踏马吃(生活不能自理患者)(1621529131) -> 瓦的服务器是不是跟重生一样失去亲戚了
2023-07-22 23:14:59 V/Bot.2398493975: [话大饼(287234923)] 我踏马吃(生活不能自理患者)(1621529131) -> 我们所有人卡顿五十
2023-07-22 23:15:25 V/Bot.2398493975: Event: MemberCardChangeEvent(origin=luckily遇见（惊鸿存于须臾）, new=luckily遇见（秦始皇23 Pro max版）, member=NormalMember(1966857781))
2023-07-22 23:15:25 V/Bot.2398493975: [话大饼(287234923)] luckily遇见（秦始皇23 Pro max版）(1966857781) -> 不知道
2023-07-22 23:16:01 V/Bot.2398493975: [念酱的小屋(832494815)] 蔡嘉琪87(2328711343) -> 我还在忌惮牙医的威力[mirai:at:3608284746] 
2023-07-22 23:16:18 V/Bot.2398493975: [念酱的小屋(832494815)] 蔡嘉琪87(2328711343) -> 下周三全麻根管
2023-07-22 23:16:50 V/Bot.2398493975: [念酱的小屋(832494815)] 阿念哇哇哇(3608284746) -> 好家伙
2023-07-22 23:16:51 V/Bot.2398493975: [念酱的小屋(832494815)] 阿念哇哇哇(3608284746) -> 天
2023-07-22 23:17:05 V/Bot.2398493975: [念酱的小屋(832494815)] 少女耳兽(2161637978) -> [mirai:at:2328711343] 医生给我做手术
2023-07-22 23:17:37 V/Bot.2398493975: [念酱的小屋(832494815)] 蔡嘉琪87(2328711343) -> 什么
2023-07-22 23:17:54 V/Bot.2398493975: [念酱的小屋(832494815)] 少女耳兽(2161637978) -> 给我做手术呀
2023-07-22 23:17:59 V/Bot.2398493975: [念酱的小屋(832494815)] 少女耳兽(2161637978) -> 当然
2023-07-22 23:18:10 V/Bot.2398493975: [念酱的小屋(832494815)] 蔡嘉琪87(2328711343) -> 我是因为不配合才被推荐做全麻根管的
2023-07-22 23:19:47 V/Bot.2398493975: [念酱的小屋(832494815)] 蔡嘉琪87(2328711343) -> [mirai:at:2161637978] 你不是说过吗？
2023-07-22 23:20:40 V/Bot.2398493975: [念酱的小屋(832494815)] 少女耳兽(2161637978) -> 对了
2023-07-22 23:21:06 V/Bot.2398493975: [念酱的小屋(832494815)] 少女耳兽(2161637978) -> 你们的医院做手术贵不
2023-07-22 23:21:22 V/Bot.2398493975: [念酱的小屋(832494815)] 蔡嘉琪87(2328711343) -> 几千把
2023-07-22 23:21:46 V/Bot.2398493975: [念酱的小屋(832494815)] 少女耳兽(2161637978) -> 如果头呢
2023-07-22 23:22:06 V/Bot.2398493975: [念酱的小屋(832494815)] 少女耳兽(2161637978) -> 也是几千对吧
2023-07-22 23:22:13 V/Bot.2398493975: [念酱的小屋(832494815)] 蔡嘉琪87(2328711343) -> 你说话能别打哑谜吗？
2023-07-22 23:22:50 V/Bot.2398493975: [念酱的小屋(832494815)] 蔡嘉琪87(2328711343) -> 我是看牙，不是脑子有问题
2023-07-22 23:23:07 V/Bot.2398493975: [念酱的小屋(832494815)] 少女耳兽(2161637978) -> 哦
2023-07-22 23:23:21 V/Bot.2398493975: [话大饼(287234923)] 明桑（下北沢の伝説）(2161638902) -> 讨论最激烈的时候我居然不在？
2023-07-22 23:23:23 V/Bot.2398493975: [话大饼(287234923)] 明桑（下北沢の伝説）(2161638902) -> [mirai:image:{035A26AB-6B9B-FEBC-A496-C2F943AAFC15}.jpg, width=300, height=214, size=24578, type=PNG, isEmoji=true]
2023-07-22 23:23:24 V/Bot.2398493975: [念酱的小屋(832494815)] 少女耳兽(2161637978) -> 我的牙卡住了一个
2023-07-22 23:23:27 V/Bot.2398493975: [念酱的小屋(832494815)] 少女耳兽(2161637978) -> 东西
2023-07-22 23:23:36 V/Bot.2398493975: [念酱的小屋(832494815)] 少女耳兽(2161637978) -> 拿不出来
2023-07-22 23:23:42 V/Bot.2398493975: [话大饼(287234923)] 明桑（下北沢の伝説）(2161638902) -> [不支持的消息#1316855991]你的QQ暂不支持查看视频短片，请期待后续版本
2023-07-22 23:23:49 V/Bot.2398493975: [念酱的小屋(832494815)] 蔡嘉琪87(2328711343) -> 什么东西拿不出来
2023-07-22 23:23:55 V/Bot.2398493975: [话大饼(287234923)] 明桑（下北沢の伝説）(2161638902) -> 已魔怔
2023-07-22 23:24:19 V/Bot.2398493975: [念酱的小屋(832494815)] 少女耳兽(2161637978) -> [mirai:audio:7973c65f4db585a1c0a8daf64b6064a3.amr]
2023-07-22 23:24:44 V/Bot.2398493975: [念酱的小屋(832494815)] 蔡嘉琪87(2328711343) -> 所以要做手术是吧
2023-07-22 23:25:16 V/Bot.2398493975: Event: NudgeEvent(from=NormalMember(2328711343), target=NormalMember(2161637978), subject=Group(832494815), action=戳了戳, suffix=)
2023-07-22 23:25:28 V/Bot.2398493975: [念酱的小屋(832494815)] 少女耳兽(2161637978) -> 疼不疼
2023-07-22 23:25:37 V/Bot.2398493975: [念酱的小屋(832494815)] 少女耳兽(2161637978) -> 啊
2023-07-22 23:26:04 V/Bot.2398493975: [念酱的小屋(832494815)] 蔡嘉琪87(2328711343) -> [mirai:at:3608284746] 你有这种感觉吗？感觉明天就要做手术，任何事情都可能发生
2023-07-22 23:26:40 V/Bot.2398493975: [念酱的小屋(832494815)] 蔡嘉琪87(2328711343) -> 我这十几天都是这种心情度过的
2023-07-22 23:27:08 V/Bot.2398493975: [念酱的小屋(832494815)] 少女耳兽(2161637978) -> [mirai:at:2328711343] 这东西拿不出来怎么办
2023-07-22 23:27:17 V/Bot.2398493975: [念酱的小屋(832494815)] 少女耳兽(2161637978) -> 牙根
2023-07-22 23:27:40 V/Bot.2398493975: [念酱的小屋(832494815)] 蔡嘉琪87(2328711343) -> 你问我？
2023-07-22 23:27:42 V/Bot.2398493975: [话大饼(287234923)] 我踏马吃(生活不能自理患者)(1621529131) -> 又来秒人了是吧
2023-07-22 23:27:47 V/Bot.2398493975: [念酱的小屋(832494815)] 少女耳兽(2161637978) -> 对
2023-07-22 23:27:52 V/Bot.2398493975: [念酱的小屋(832494815)] 蔡嘉琪87(2328711343) -> 都不知道你在说什么
2023-07-22 23:28:07 V/Bot.2398493975: [念酱的小屋(832494815)] 阿念哇哇哇(3608284746) -> [mirai:quote:[mirai:source:ids=[17665], internalIds=[448311549], from 2328711343 to 832494815 at 1690039564], content=<not yet initialized>][mirai:at:2328711343]  乖乖啦 没事的 小手术
2023-07-22 23:28:12 V/Bot.2398493975: [念酱的小屋(832494815)] 阿念哇哇哇(3608284746) -> 不要紧
2023-07-22 23:28:15 V/Bot.2398493975: [念酱的小屋(832494815)] 少女耳兽(2161637978) -> [mirai:audio:ccc5abd4e4e50f2ee16450e8ee8706fa.amr]
2023-07-22 23:28:43 V/Bot.2398493975: [念酱的小屋(832494815)] 少女耳兽(2161637978) -> [mirai:at:3608284746] 这有点疼
2023-07-22 23:28:48 V/Bot.2398493975: [念酱的小屋(832494815)] 蔡嘉琪87(2328711343) -> 焦虑，恐慌，还有隐隐作痛的感觉
2023-07-22 23:28:51 V/Bot.2398493975: [念酱的小屋(832494815)] 少女耳兽(2161637978) -> 不敢
2023-07-22 23:29:16 V/Bot.2398493975: Event: GroupRecall(bot=Bot(2398493975), authorId=2328711343, messageIds=[17676], messageInternalIds=[890833975], messageTime=1690039728, operator=NormalMember(2328711343), group=Group(832494815), author=NormalMember(2328711343))
2023-07-22 23:29:45 V/Bot.2398493975: [念酱的小屋(832494815)] 蔡嘉琪87(2328711343) -> 我怕牙医在抽我神经的时候疼醒
2023-07-22 23:29:58 V/Bot.2398493975: [念酱的小屋(832494815)] 山外青山楼外楼 唱跳rap打篮球(1529135847) -> 拔牙么
2023-07-22 23:30:06 V/Bot.2398493975: [念酱的小屋(832494815)] 少女耳兽(2161637978) -> [mirai:quote:[mirai:source:ids=[17679], internalIds=[948904945], from 1529135847 to 832494815 at 1690039798], content=<not yet initialized>][mirai:at:1529135847] 对
2023-07-22 23:30:12 V/Bot.2398493975: [念酱的小屋(832494815)] 少女耳兽(2161637978) -> [mirai:at:1529135847] 
2023-07-22 23:30:14 V/Bot.2398493975: [念酱的小屋(832494815)] 蔡嘉琪87(2328711343) -> 我另外一颗牙也有点快坏了
2023-07-22 23:30:20 V/Bot.2398493975: [念酱的小屋(832494815)] 山外青山楼外楼 唱跳rap打篮球(1529135847) -> 被说了
2023-07-22 23:30:20 V/Bot.2398493975: [念酱的小屋(832494815)] 少女耳兽(2161637978) -> [mirai:audio:012bde3bb855c2e5ed093ec2b73eca74.amr]
2023-07-22 23:30:30 V/Bot.2398493975: [念酱的小屋(832494815)] 山外青山楼外楼 唱跳rap打篮球(1529135847) -> 我上次去我这附近拔牙
2023-07-22 23:30:36 V/Bot.2398493975: [念酱的小屋(832494815)] 山外青山楼外楼 唱跳rap打篮球(1529135847) -> 花了4个多小时
2023-07-22 23:30:42 V/Bot.2398493975: [念酱的小屋(832494815)] 山外青山楼外楼 唱跳rap打篮球(1529135847) -> 医生舍不得打麻药
2023-07-22 23:30:51 V/Bot.2398493975: [念酱的小屋(832494815)] 少女耳兽(2161637978) -> [mirai:quote:[mirai:source:ids=[17686], internalIds=[-693616414], from 1529135847 to 832494815 at 1690039835], content=<not yet initialized>][mirai:at:1529135847] 疼吗
2023-07-22 23:31:01 V/Bot.2398493975: [念酱的小屋(832494815)] 山外青山楼外楼 唱跳rap打篮球(1529135847) -> 你觉得呢
2023-07-22 23:31:10 V/Bot.2398493975: [念酱的小屋(832494815)] 山外青山楼外楼 唱跳rap打篮球(1529135847) -> 麻药劲过了他舍不得补
2023-07-22 23:31:24 V/Bot.2398493975: [话大饼(287234923)] 明桑（下北沢の伝説）(2161638902) -> 明天最大的威胁就是kk
2023-07-22 23:31:27 V/Bot.2398493975: [话大饼(287234923)] 明桑（下北沢の伝説）(2161638902) -> [mirai:image:{B8712E9D-96CD-FE31-A862-A7C2BC5A92FD}.jpg, width=281, height=300, size=8963, type=JPG, isEmoji=true]
2023-07-22 23:31:35 V/Bot.2398493975: [念酱的小屋(832494815)] 蔡嘉琪87(2328711343) -> [mirai:at:3608284746] 我怕牙医在抽我神经的时候疼醒，我另外一颗牙也有点快坏了，我也怕一切重来
2023-07-22 23:31:37 V/Bot.2398493975: [话大饼(287234923)] 明桑（下北沢の伝説）(2161638902) -> 要有电竞精神
2023-07-22 23:31:37 V/Bot.2398493975: [念酱的小屋(832494815)] 阿念哇哇哇(3608284746) -> 啊这
2023-07-22 23:31:42 V/Bot.2398493975: [话大饼(287234923)] 无私奉献伟大的院长(秦始皇)(194824601) -> 好
2023-07-22 23:31:48 V/Bot.2398493975: [话大饼(287234923)] 明桑（下北沢の伝説）(2161638902) -> 虽然很想把童话丢在 下路不管
2023-07-22 23:31:49 V/Bot.2398493975: [念酱的小屋(832494815)] 山外青山楼外楼 唱跳rap打篮球(1529135847) -> 最后缝针的时候完全没效果了，能感受到针穿过肉的感觉
2023-07-22 23:31:51 V/Bot.2398493975: [话大饼(287234923)] 无私奉献伟大的院长(秦始皇)(194824601) -> 我秦始皇必当冲锋陷阵
2023-07-22 23:31:58 V/Bot.2398493975: [话大饼(287234923)] luckily遇见（秦始皇23 Pro max版）(1966857781) -> [笑哭][笑哭]
2023-07-22 23:31:59 V/Bot.2398493975: [念酱的小屋(832494815)] 阿念哇哇哇(3608284746) -> [mirai:audio:80b317d886ecd56bd5437a35d8395ce3.amr]
2023-07-22 23:32:07 V/Bot.2398493975: [话大饼(287234923)] 明桑（下北沢の伝説）(2161638902) -> [mirai:image:{E9D84017-40AD-6677-2FD2-3FD1D0EA063D}.jpg, width=912, height=479, size=82558, type=JPG, isEmoji=true]
2023-07-22 23:32:12 V/Bot.2398493975: [念酱的小屋(832494815)] 山外青山楼外楼 唱跳rap打篮球(1529135847) -> 智齿
2023-07-22 23:32:14 V/Bot.2398493975: [念酱的小屋(832494815)] 阿念哇哇哇(3608284746) -> [mirai:audio:3177a107da8ae62079e81bc4b8f04e08.amr]
2023-07-22 23:32:16 V/Bot.2398493975: [念酱的小屋(832494815)] 蔡嘉琪87(2328711343) -> 不好好刷牙
2023-07-22 23:32:29 V/Bot.2398493975: [念酱的小屋(832494815)] 蔡嘉琪87(2328711343) -> 造成的恶果
2023-07-22 23:32:37 V/Bot.2398493975: [念酱的小屋(832494815)] 阿念哇哇哇(3608284746) -> [mirai:audio:44a66c9ca0793777ba3864f0ef0a180e.amr]
2023-07-22 23:33:00 V/Bot.2398493975: [念酱的小屋(832494815)] 山外青山楼外楼 唱跳rap打篮球(1529135847) -> 之后拔第二颗就换了个地方
2023-07-22 23:33:17 V/Bot.2398493975: [念酱的小屋(832494815)] 山外青山楼外楼 唱跳rap打篮球(1529135847) -> [mirai:quote:[mirai:source:ids=[17699], internalIds=[566979258], from 3608284746 to 832494815 at 1690039957], content=<not yet initialized>][mirai:at:3608284746] 会
2023-07-22 23:33:22 V/Bot.2398493975: [话大饼(287234923)] 明桑（下北沢の伝説）(2161638902) -> 我修勾首当其冲
2023-07-22 23:33:25 V/Bot.2398493975: [话大饼(287234923)] 明桑（下北沢の伝説）(2161638902) -> [mirai:image:{45D0707F-A9FE-4229-7147-5AE931009E83}.jpg, width=176, height=240, size=7628, type=JPG, isEmoji=true]
2023-07-22 23:33:54 V/Bot.2398493975: [念酱的小屋(832494815)] 山外青山楼外楼 唱跳rap打篮球(1529135847) -> 换的地方舍得下药。导致压拔完了，还麻了3个多小时
2023-07-22 23:34:19 V/Bot.2398493975: [念酱的小屋(832494815)] 阿念哇哇哇(3608284746) -> 啊
2023-07-22 23:34:34 V/Bot.2398493975: [话大饼(287234923)] 我踏马吃(生活不能自理患者)(1621529131) -> 丢下路？
2023-07-22 23:34:34 V/Bot.2398493975: [念酱的小屋(832494815)] 阿念哇哇哇(3608284746) -> 我没经历过
2023-07-22 23:34:37 V/Bot.2398493975: [念酱的小屋(832494815)] 蔡嘉琪87(2328711343) -> [mirai:quote:[mirai:source:ids=[17699], internalIds=[566979258], from 3608284746 to 832494815 at 1690039957], content=<not yet initialized>][mirai:at:3608284746] 就我刚才提到的两个问题，都有可能要了我的命
2023-07-22 23:34:38 V/Bot.2398493975: [念酱的小屋(832494815)] 阿念哇哇哇(3608284746) -> 也没接触过
2023-07-22 23:34:41 V/Bot.2398493975: [念酱的小屋(832494815)] 阿念哇哇哇(3608284746) -> 我也不知道该怎么安慰你呢
2023-07-22 23:34:50 V/Bot.2398493975: [念酱的小屋(832494815)] 阿念哇哇哇(3608284746) -> 👉👈
2023-07-22 23:34:50 V/Bot.2398493975: [话大饼(287234923)] 我踏马吃(生活不能自理患者)(1621529131) -> 那我不得不用龙女在下路蹲着捡经济了
2023-07-22 23:34:54 V/Bot.2398493975: [念酱的小屋(832494815)] 阿念哇哇哇(3608284746) -> 对不起啊 宝
2023-07-22 23:34:55 V/Bot.2398493975: [话大饼(287234923)] 我踏马吃(生活不能自理患者)(1621529131) -> [mirai:image:{9D3C262A-15B4-637F-7FB3-D686DD711762}.jpg, width=236, height=298, size=79589, type=GIF, isEmoji=true]
2023-07-22 23:34:58 V/Bot.2398493975: [念酱的小屋(832494815)] 阿念哇哇哇(3608284746) -> [mirai:image:{0CFAD29B-E796-1512-81B9-60E35CE4126B}.jpg, width=160, height=147, size=3196, type=JPG, isEmoji=true]
2023-07-22 23:35:02 V/Bot.2398493975: [念酱的小屋(832494815)] 山外青山楼外楼 唱跳rap打篮球(1529135847) -> [mirai:at:2328711343] 不对啊，弄牙一般都是局麻
2023-07-22 23:35:04 V/Bot.2398493975: [念酱的小屋(832494815)] 蔡嘉琪87(2328711343) -> 没事
2023-07-22 23:35:15 V/Bot.2398493975: [念酱的小屋(832494815)] 蔡嘉琪87(2328711343) -> [mirai:quote:[mirai:source:ids=[17711], internalIds=[-1433274156], from 1529135847 to 832494815 at 1690040102], content=<not yet initialized>][mirai:at:1529135847] 我是不配合治疗
2023-07-22 23:35:16 V/Bot.2398493975: [念酱的小屋(832494815)] 山外青山楼外楼 唱跳rap打篮球(1529135847) -> 怎么会有醒这个说法
2023-07-22 23:35:54 V/Bot.2398493975: [念酱的小屋(832494815)] 山外青山楼外楼 唱跳rap打篮球(1529135847) -> 怎么个不配合法
2023-07-22 23:36:01 V/Bot.2398493975: [念酱的小屋(832494815)] 山外青山楼外楼 唱跳rap打篮球(1529135847) -> 打医生？
2023-07-22 23:36:13 V/Bot.2398493975: [念酱的小屋(832494815)] 蔡嘉琪87(2328711343) -> 那个支撑牙的东西，上下架在双牙之间，我容易呕吐
2023-07-22 23:36:19 V/Bot.2398493975: [念酱的小屋(832494815)] 阿念哇哇哇(3608284746) -> 他是会觉得就犯恶心
2023-07-22 23:36:26 V/Bot.2398493975: [念酱的小屋(832494815)] 阿念哇哇哇(3608284746) -> 这感觉挺不好受的
2023-07-22 23:36:30 V/Bot.2398493975: [念酱的小屋(832494815)] 阿念哇哇哇(3608284746) -> [mirai:image:{D9705831-259C-B90D-7156-971A50F601E1}.jpg, width=70, height=74, size=2946, type=JPG, isEmoji=true]
2023-07-22 23:36:37 V/Bot.2398493975: [念酱的小屋(832494815)] 蔡嘉琪87(2328711343) -> 几次三番都扒出来
2023-07-22 23:36:38 V/Bot.2398493975: [话大饼(287234923)] luckily遇见（秦始皇23 Pro max版）(1966857781) -> [mirai:quote:[mirai:source:ids=[201553], internalIds=[282239051], from 1621529131 to 287234923 at 1690040090], content=<not yet initialized>][mirai:at:1621529131] 别吃我经济[笑哭]
2023-07-22 23:36:38 V/Bot.2398493975: [念酱的小屋(832494815)] 山外青山楼外楼 唱跳rap打篮球(1529135847) -> 那是你没习惯拔牙
2023-07-22 23:36:49 V/Bot.2398493975: [念酱的小屋(832494815)] 蔡嘉琪87(2328711343) -> 不是拔牙
2023-07-22 23:37:00 V/Bot.2398493975: [念酱的小屋(832494815)] 蔡嘉琪87(2328711343) ->  是根管治疗
2023-07-22 23:37:02 I/UnidbgFetchQsign: Bot(2398493975) request_token, submit success
2023-07-22 23:37:19 V/Bot.2398493975: [念酱的小屋(832494815)] 山外青山楼外楼 唱跳rap打篮球(1529135847) -> 我拔了4科了，治疗3科，还有2科要拔，2个要治疗
2023-07-22 23:37:26 V/Bot.2398493975: [念酱的小屋(832494815)] 山外青山楼外楼 唱跳rap打篮球(1529135847) -> 但都不是根管
2023-07-22 23:37:38 V/Bot.2398493975: Event: GroupRecall(bot=Bot(2398493975), authorId=1529135847, messageIds=[17725], messageInternalIds=[492377918], messageTime=1690040239, operator=NormalMember(1529135847), group=Group(832494815), author=NormalMember(1529135847))
2023-07-22 23:37:48 V/Bot.2398493975: [念酱的小屋(832494815)] 山外青山楼外楼 唱跳rap打篮球(1529135847) -> 我拔了4科了，补3科，还有2科要拔，2个要补
2023-07-22 23:37:57 V/Bot.2398493975: [话大饼(287234923)] 我踏马吃(生活不能自理患者)(1621529131) -> 我超，你打下路啊
2023-07-22 23:37:57 V/Bot.2398493975: [念酱的小屋(832494815)] 阿念哇哇哇(3608284746) -> [mirai:image:{D136BD2D-D034-78CE-BB10-671AADEE31A0}.jpg, width=1080, height=730, size=67995, type=JPG, isEmoji=true]
2023-07-22 23:38:07 V/Bot.2398493975: [话大饼(287234923)] 我踏马吃(生活不能自理患者)(1621529131) -> 那我不得不蹲草随便找人捡经济了
2023-07-22 23:38:11 V/Bot.2398493975: [话大饼(287234923)] 我踏马吃(生活不能自理患者)(1621529131) -> “你好”
2023-07-22 23:38:13 V/Bot.2398493975: [话大饼(287234923)] luckily遇见（秦始皇23 Pro max版）(1966857781) -> 我不是告诉你吗[笑哭][笑哭][笑哭]
2023-07-22 23:38:16 V/Bot.2398493975: [话大饼(287234923)] luckily遇见（秦始皇23 Pro max版）(1966857781) -> 你好
2023-07-22 23:38:18 V/Bot.2398493975: [念酱的小屋(832494815)] 鹿的独自旅行(2193930840) -> [mirai:image:{B70636B2-68DA-B946-1E7F-2545ED26B9ED}.jpg, width=300, height=162, size=12725, type=JPG, isEmoji=true]
2023-07-22 23:38:19 V/Bot.2398493975: [话大饼(287234923)] luckily遇见（秦始皇23 Pro max版）(1966857781) -> 哈哈哈哈哈
2023-07-22 23:38:31 V/Bot.2398493975: [念酱的小屋(832494815)] 山外青山楼外楼 唱跳rap打篮球(1529135847) -> 贵阿
2023-07-22 23:38:47 V/Bot.2398493975: [念酱的小屋(832494815)] 蔡嘉琪87(2328711343) -> 我也不知道我为什么小时候习惯那个支撑牙的玩意，长大了就不行了[mirai:at:3608284746] 
2023-07-22 23:39:26 V/Bot.2398493975: [念酱的小屋(832494815)] 蔡嘉琪87(2328711343) -> 还有牙医往嘴里冲水的情况咋办？在睡着的情况下
2023-07-22 23:39:47 V/Bot.2398493975: [念酱的小屋(832494815)] 山外青山楼外楼 唱跳rap打篮球(1529135847) -> 他会抽水阿
2023-07-22 23:39:54 V/Bot.2398493975: [念酱的小屋(832494815)] 山外青山楼外楼 唱跳rap打篮球(1529135847) -> 你应该做过阿
2023-07-22 23:40:07 V/Bot.2398493975: [念酱的小屋(832494815)] 蔡嘉琪87(2328711343) -> 会抽一部分
2023-07-22 23:40:19 V/Bot.2398493975: [念酱的小屋(832494815)] 蔡嘉琪87(2328711343) -> 很多都会下去
2023-07-22 23:41:38 V/Bot.2398493975: [念酱的小屋(832494815)] 蔡嘉琪87(2328711343) -> [mirai:quote:[mirai:source:ids=[17734], internalIds=[133729232], from 1529135847 to 832494815 at 1690040394], content=<not yet initialized>][mirai:at:1529135847] 对，刚开始根管的时候，钻到神经，直接让我明白什么叫巨疼
2023-07-22 23:42:15 V/Bot.2398493975: [念酱的小屋(832494815)] 蔡嘉琪87(2328711343) -> 直冲脑门的疼
2023-07-22 23:42:38 V/Bot.2398493975: [念酱的小屋(832494815)] 蔡嘉琪87(2328711343) -> 还有敷坏死神经的那些天
2023-07-22 23:42:44 V/Bot.2398493975: Event: GroupRecall(bot=Bot(2398493975), authorId=2328711343, messageIds=[17739], messageInternalIds=[2091943474], messageTime=1690040558, operator=NormalMember(2328711343), group=Group(832494815), author=NormalMember(2328711343))
2023-07-22 23:42:50 V/Bot.2398493975: [念酱的小屋(832494815)] 蔡嘉琪87(2328711343) -> 还有敷坏死神经的药那些天
2023-07-22 23:44:50 V/Bot.2398493975: [念酱的小屋(832494815)] 蔡嘉琪87(2328711343) -> [mirai:at:1529135847] 
2023-07-22 23:55:32 V/Bot.2398493975: [话大饼(287234923)] 夕盈缺（盗版秦始皇）(2589430696) -> 亻尔 女 子
2023-07-22 23:55:53 V/Bot.2398493975: [一一的贼船🚢(827034026)] YiYiQAQw(3215184261) -> 报告！明天是周末！要陪妈妈出去玩～
2023-07-22 23:56:03 V/Bot.2398493975: [一一的贼船🚢(827034026)] YiYiQAQw(3215184261) -> 可能早上浅播一会儿
2023-07-22 23:56:07 V/Bot.2398493975: [一一的贼船🚢(827034026)] YiYiQAQw(3215184261) -> [mirai:image:{ECF50CD9-843F-534D-1B27-CEFF8C726A7F}.png, width=674, height=648, size=110865, type=JPG, isEmoji=true]
2023-07-22 23:56:12 V/Bot.2398493975: [一一的贼船🚢(827034026)] YiYiQAQw(3215184261) -> 大家要好好享受周末噢
