2023-09-09 00:02:56 I/UnidbgFetchQsign: Bot(2398493975) request_token, submit success
2023-09-09 00:19:03 V/Bot.2398493975: [SHT荔枝麻酱协会(493057481)] chino(704937242) -> -1900
2023-09-09 00:19:11 V/Bot.2398493975: [SHT荔枝麻酱协会(493057481)] 大可奇丽(1485280964) -> 7500
2023-09-09 00:19:33 V/Bot.2398493975: [SHT荔枝麻酱协会(493057481)] naf2021(3469392519) -> 70300
2023-09-09 00:19:44 V/Bot.2398493975: [SHT荔枝麻酱协会(493057481)] 淡情余描未わ(1297471104) -> ？
2023-09-09 00:19:44 V/Bot.2398493975: [SHT荔枝麻酱协会(493057481)] jt(981941098) -> 23100
2023-09-09 00:19:45 V/Bot.2398493975: Group(493057481) <- 点数有误，总和不为100000！
2023-09-09 00:19:56 V/Bot.2398493975: [SHT荔枝麻酱协会(493057481)] jt(981941098) -> 24100
2023-09-09 00:19:57 V/Bot.2398493975: Group(493057481) <- 记录成功：
naf2021: 70300
jt: 24100
大可奇丽: 7500
chino: -1900
2023-09-09 00:25:20 V/Bot.2398493975: [SHT荔枝麻酱协会(493057481)] rokina(1024182759) -> ！jrrp
2023-09-09 00:25:21 V/Bot.2398493975: Group(493057481) <- 今日人品：凶
今日适宜役种：门前淸自摸和
(为防止刷屏，一日内不可多次查询哦！)
2023-09-09 00:42:21 V/Bot.2398493975: [SHT荔枝麻酱协会(493057481)] naf2021(3469392519) -> 丁真吗[mirai:image:{DAE882EC-BCAD-6445-659B-178A4CBA9A01}.jpg, width=886, height=1920, size=124514, type=JPG, isEmoji=false]
2023-09-09 00:42:22 V/Bot.2398493975: [SHT荔枝麻酱协会(493057481)] naf2021(3469392519) -> [mirai:image:{3474BEF9-C2F5-6111-3FA8-F30567684E21}.jpg, width=64, height=52, size=2328, type=JPG, isEmoji=true]
2023-09-09 00:42:57 I/UnidbgFetchQsign: Bot(2398493975) request_token, submit success
2023-09-09 01:12:15 V/Bot.2398493975: [SHT荔枝麻酱协会(493057481)] hzc(2384102753) -> ！jrrp
2023-09-09 01:12:16 V/Bot.2398493975: Group(493057481) <- 今日人品：凶
今日适宜役种：平和
(为防止刷屏，一日内不可多次查询哦！)
2023-09-09 01:22:58 I/UnidbgFetchQsign: Bot(2398493975) request_token, submit success
2023-09-09 01:27:40 V/Bot.2398493975: [test(389193066)] yyyouch(2461942798) -> https://tenhou.net/0/?log=2023090722gm-0089-0000-287b0ab5&tw=2
2023-09-09 01:29:36 V/Bot.2398493975: [SHT荔枝麻酱协会(493057481)] 1st(576851388) -> ！jrrp
2023-09-09 01:29:37 V/Bot.2398493975: Group(493057481) <- 今日人品：小吉
今日适宜役种：役牌
(为防止刷屏，一日内不可多次查询哦！)
2023-09-09 01:30:25 V/Bot.2398493975: [SHT荔枝麻酱协会(493057481)] Hatsune(467091276) -> ！jrrp
2023-09-09 01:30:26 V/Bot.2398493975: Group(493057481) <- 今日人品：中吉
今日适宜役种：大三元
(为防止刷屏，一日内不可多次查询哦！)
2023-09-09 01:36:47 V/Bot.2398493975: [SHT荔枝麻酱协会(493057481)] rokina(1024182759) -> 13200
2023-09-09 01:36:56 V/Bot.2398493975: [SHT荔枝麻酱协会(493057481)] chino(704937242) -> -2000
2023-09-09 01:37:10 V/Bot.2398493975: [SHT荔枝麻酱协会(493057481)] jt(981941098) -> 36000
2023-09-09 01:37:20 V/Bot.2398493975: [SHT荔枝麻酱协会(493057481)] 千梦(449603499) -> 57800
2023-09-09 01:37:21 V/Bot.2398493975: Group(493057481) <- 点数有误，总和不为100000！
2023-09-09 01:37:44 V/Bot.2398493975: [SHT荔枝麻酱协会(493057481)] 千梦(449603499) -> 52800
2023-09-09 01:37:45 V/Bot.2398493975: Group(493057481) <- 记录成功：
千梦: 52800
jt: 36000
rokina: 13200
chino: -2000
2023-09-09 02:03:04 I/UnidbgFetchQsign: Bot(2398493975) request_token, submit success
2023-09-09 02:25:46 V/Bot.2398493975: [test(389193066)] 时雨(1609323331) -> ！查查我的
2023-09-09 02:25:47 V/Bot.2398493975: Group(389193066) <- 昵称：时雨
段位：新人
rate：1461.69
近期顺位：43
更多数据请访问：http://shanghaitech-mahjong.top/userid/1609323331
2023-09-09 02:25:55 V/Bot.2398493975: [test(389193066)] 时雨(1609323331) -> [mirai:image:{63984E25-23B0-CC96-2C45-20FDD0A7A585}.png, width=535, height=513, size=32812, type=JPG, isEmoji=true]
2023-09-09 02:43:04 I/UnidbgFetchQsign: Bot(2398493975) request_token, submit success
2023-09-09 03:23:05 I/UnidbgFetchQsign: Bot(2398493975) request_token, submit success
2023-09-09 04:03:11 I/UnidbgFetchQsign: Bot(2398493975) request_token, submit success
2023-09-09 04:43:12 I/UnidbgFetchQsign: Bot(2398493975) request_token, submit success
2023-09-09 05:13:55 V/Bot.2398493975: [獭獭云旅游军团@🎤啥(887156367)] タタ@獭獭·ω·咖波●ω●军团(1609323331) -> [mirai:image:{B399093B-C233-9F48-24B2-8BA70BAE7E6D}.jpg, width=502, height=757, size=35484, type=PNG, isEmoji=false][mirai:image:{5517164C-181F-D8F6-26B1-CAC1873DB51C}.jpg, width=487, height=750, size=36084, type=PNG, isEmoji=false]
2023-09-09 05:23:13 I/UnidbgFetchQsign: Bot(2398493975) request_token, submit success
2023-09-09 05:26:49 V/Bot.2398493975: [獭獭云旅游军团@🎤啥(887156367)] タタ@獭獭·ω·咖波●ω●军团(1609323331) -> [mirai:image:{193770D8-0191-A465-DCBB-A2DF0D8CFB1F}.png, width=541, height=961, size=426896, type=PNG, isEmoji=false]
2023-09-09 05:28:30 V/Bot.2398493975: [獭獭云旅游军团@🎤啥(887156367)] タタ@獭獭·ω·咖波●ω●军团(1609323331) -> [mirai:image:{31AEECF4-4E54-EA04-B2BA-8B416C9D0D88}.png, width=537, height=394, size=49435, type=PNG, isEmoji=false][mirai:image:{6DB8D47D-6D88-2BA8-3315-3C91BE0598DE}.gif, width=200, height=156, size=81787, type=GIF, isEmoji=true]
2023-09-09 06:03:19 I/UnidbgFetchQsign: Bot(2398493975) request_token, submit success
2023-09-09 06:43:19 I/UnidbgFetchQsign: Bot(2398493975) request_token, submit success
2023-09-09 07:23:20 I/UnidbgFetchQsign: Bot(2398493975) request_token, submit success
2023-09-09 08:03:26 I/UnidbgFetchQsign: Bot(2398493975) request_token, submit success
2023-09-09 08:43:27 I/UnidbgFetchQsign: Bot(2398493975) request_token, submit success
2023-09-09 09:23:28 I/UnidbgFetchQsign: Bot(2398493975) request_token, submit success
2023-09-09 10:03:34 I/UnidbgFetchQsign: Bot(2398493975) request_token, submit success
2023-09-09 10:43:35 I/UnidbgFetchQsign: Bot(2398493975) request_token, submit success
2023-09-09 11:23:35 I/UnidbgFetchQsign: Bot(2398493975) request_token, submit success
2023-09-09 12:03:41 I/UnidbgFetchQsign: Bot(2398493975) request_token, submit success
2023-09-09 12:19:27 V/Bot.2398493975: [獭獭云旅游军团@🎤啥(887156367)] 萝卜@萝卜軍団(690875992) -> 我要转多少钱啊
2023-09-09 12:19:33 V/Bot.2398493975: [獭獭云旅游军团@🎤啥(887156367)] 萝卜@萝卜軍団(690875992) -> [mirai:image:{D7D027C9-CB75-2509-3C47-2D3142595AEE}.gif, width=398, height=299, size=220613, type=GIF, isEmoji=true]
2023-09-09 12:43:42 I/UnidbgFetchQsign: Bot(2398493975) request_token, submit success
2023-09-09 13:01:57 V/Bot.2398493975: [獭獭云旅游军团@🎤啥(887156367)] zz@獺獺軍団(771507043) -> [不支持的消息#-1411317659][mirai:image:{D96EC422-0A7B-29F5-1B14-BABE4A6B614B}.jpg, width=1316, height=948, size=166812, type=PNG, isEmoji=false]所以带macbook是不是要收税
2023-09-09 13:04:20 V/Bot.2398493975: [獭獭云旅游军团@🎤啥(887156367)] 獭獭买锤子大臣@被獭獭军团开除(963423936) -> 不啊
2023-09-09 13:04:37 V/Bot.2398493975: [獭獭云旅游军团@🎤啥(887156367)] zz@獺獺軍団(771507043) -> [不支持的消息#28561936][mirai:image:{E5C1DB5F-CAF0-8D94-3DCB-47637BAE62BD}.jpg, width=650, height=72, size=15643, type=PNG, isEmoji=false]
2023-09-09 13:04:52 V/Bot.2398493975: [獭獭云旅游军团@🎤啥(887156367)] 獭獭买锤子大臣@被獭獭军团开除(963423936) -> 没人管电脑的
2023-09-09 13:23:43 I/UnidbgFetchQsign: Bot(2398493975) request_token, submit success
2023-09-09 13:26:05 V/Bot.2398493975: [SHT荔枝麻酱协会(493057481)] 大可奇丽(1485280964) -> ！查查我的
2023-09-09 13:26:06 V/Bot.2398493975: Group(493057481) <- 昵称：大可奇丽
段位：新人
rate：1491.49
近期顺位：413
更多数据请访问：http://shanghaitech-mahjong.top/userid/1485280964
2023-09-09 13:39:01 V/Bot.2398493975: [SHT荔枝麻酱协会(493057481)] 殒落凡尘的星(2510816477) -> ！jrrp
2023-09-09 13:39:02 V/Bot.2398493975: Group(493057481) <- 今日人品：大吉
今日适宜役种：小三元
(为防止刷屏，一日内不可多次查询哦！)
2023-09-09 14:03:49 I/UnidbgFetchQsign: Bot(2398493975) request_token, submit success
2023-09-09 14:05:03 V/Bot.2398493975: [SHT荔枝麻酱协会(493057481)] 大可奇丽(1485280964) -> ！jrrp
2023-09-09 14:05:04 V/Bot.2398493975: Group(493057481) <- 今日人品：吉
今日适宜役种：役牌
(为防止刷屏，一日内不可多次查询哦！)
2023-09-09 14:11:03 V/Bot.2398493975: [SHT荔枝麻酱协会(493057481)] 牙牙(1105692313) -> ！jrrp
2023-09-09 14:11:05 V/Bot.2398493975: Group(493057481) <- 今日人品：小吉
今日适宜役种：小三元
(为防止刷屏，一日内不可多次查询哦！)
2023-09-09 14:43:50 I/UnidbgFetchQsign: Bot(2398493975) request_token, submit success
2023-09-09 15:10:55 V/Bot.2398493975: [獭獭云旅游军团@🎤啥(887156367)] 獭獭买锤子大臣@被獭獭军团开除(963423936) -> [mirai:image:{FC6EE681-46B5-8F91-8CDC-FF988D91D512}.png, width=1170, height=2532, size=1366420, type=PNG, isEmoji=false]
2023-09-09 15:23:50 I/UnidbgFetchQsign: Bot(2398493975) request_token, submit success
2023-09-09 15:29:11 V/Bot.2398493975: [SHT荔枝麻酱协会(493057481)] MoonStone(1638814080) -> ！jrrp
2023-09-09 15:29:12 V/Bot.2398493975: Group(493057481) <- 今日人品：吉
今日适宜役种：混全带幺九
(为防止刷屏，一日内不可多次查询哦！)
2023-09-09 15:29:32 V/Bot.2398493975: [SHT荔枝麻酱协会(493057481)] 宅哥(2832900934) -> ！jrr
2023-09-09 15:29:42 V/Bot.2398493975: Event: GroupRecall(bot=Bot(2398493975), authorId=2832900934, messageIds=[283450], messageInternalIds=[1421085792], messageTime=1694244572, operator=NormalMember(2832900934), group=Group(493057481), author=NormalMember(2832900934))
2023-09-09 15:29:48 V/Bot.2398493975: [SHT荔枝麻酱协会(493057481)] 宅哥(2832900934) -> ！jrrp
2023-09-09 15:29:49 V/Bot.2398493975: Group(493057481) <- 今日人品：吉
今日适宜役种：平和
(为防止刷屏，一日内不可多次查询哦！)
2023-09-09 15:29:50 V/Bot.2398493975: [SHT荔枝麻酱协会(493057481)] 布莱克提(690875992) -> 群活跃等级降级为LV2
2023-09-09 15:29:57 V/Bot.2398493975: [SHT荔枝麻酱协会(493057481)] 布莱克提(690875992) -> ！jrrp
2023-09-09 15:29:57 V/Bot.2398493975: Group(493057481) <- 今日人品：吉
今日适宜役种：门前淸自摸和
(为防止刷屏，一日内不可多次查询哦！)
2023-09-09 15:32:29 V/Bot.2398493975: [獭獭云旅游军团@🎤啥(887156367)] 獭獭买锤子大臣@被獭獭军团开除(963423936) -> [mirai:image:{324BFB53-FA80-53C9-37B9-AD4CD7B3C147}.gif, width=280, height=260, size=30126, type=GIF, isEmoji=true]
2023-09-09 16:03:56 I/UnidbgFetchQsign: Bot(2398493975) request_token, submit success
2023-09-09 16:28:04 V/Bot.2398493975: [獭獭云旅游军团@🎤啥(887156367)] zz@獺獺軍団(771507043) -> 突然发现今年京mafu的时候我在日本[mirai:image:{1D58671C-6814-3A22-8315-99A2467E9A68}.png, width=1284, height=2778, size=551314, type=JPG, isEmoji=false]
2023-09-09 16:28:21 V/Bot.2398493975: [獭獭云旅游军团@🎤啥(887156367)] タタ@獭獭·ω·咖波●ω●军团(1609323331) -> [mirai:image:{B2327B36-5EBE-4B90-7541-D0ADAC0FA02E}.png, width=300, height=192, size=8902, type=JPG, isEmoji=true]
2023-09-09 16:31:36 V/Bot.2398493975: [獭獭云旅游军团@🎤啥(887156367)] zz@獺獺軍団(771507043) -> 但我酒店订的全在东京捏
2023-09-09 16:37:37 V/Bot.2398493975: [獭獭云旅游军团@🎤啥(887156367)] 獭獭买锤子大臣@被獭獭军团开除(963423936) -> 没事
2023-09-09 16:37:43 V/Bot.2398493975: [獭獭云旅游军团@🎤啥(887156367)] 獭獭买锤子大臣@被獭獭军团开除(963423936) -> 你可以淘宝买6折的nozomi
2023-09-09 16:37:45 V/Bot.2398493975: [獭獭云旅游军团@🎤啥(887156367)] 獭獭买锤子大臣@被獭獭军团开除(963423936) -> 当日往返
2023-09-09 16:43:57 I/UnidbgFetchQsign: Bot(2398493975) request_token, submit success
2023-09-09 17:19:33 V/Bot.2398493975: [SHT荔枝麻酱协会(493057481)] 宅哥(2832900934) -> 我们麻将 万字牌的那个角色就是缘梦啊
2023-09-09 17:20:21 V/Bot.2398493975: [SHT荔枝麻酱协会(493057481)] 布莱克提(690875992) -> 就是啊
2023-09-09 17:20:40 V/Bot.2398493975: [SHT荔枝麻酱协会(493057481)] 宅哥(2832900934) -> 啊这
2023-09-09 17:20:48 V/Bot.2398493975: [SHT荔枝麻酱协会(493057481)] 宅哥(2832900934) -> 今天听宣讲刚刚知道
2023-09-09 17:20:54 V/Bot.2398493975: [SHT荔枝麻酱协会(493057481)] 宅哥(2832900934) -> 我还以为是nga那个
2023-09-09 17:21:20 V/Bot.2398493975: [SHT荔枝麻酱协会(493057481)] 布莱克提(690875992) -> 那应该不是ac娘
2023-09-09 17:22:00 V/Bot.2398493975: [SHT荔枝麻酱协会(493057481)] 布莱克提(690875992) -> [mirai:image:{D7A31416-BA43-18E8-D843-3A6ACA8B5959}.png, width=80, height=69, size=3838, type=PNG, isEmoji=true]
2023-09-09 17:22:38 V/Bot.2398493975: [SHT荔枝麻酱协会(493057481)] 宅哥(2832900934) -> 都是丸子头
2023-09-09 17:22:38 V/Bot.2398493975: [SHT荔枝麻酱协会(493057481)] 小红@獭獭军团(963423936) -> [mirai:image:{12DD6FBF-44F8-A79A-C667-0B1B89548083}.jpg, width=80, height=69, size=2742, type=PNG, isEmoji=true]
2023-09-09 17:22:38 V/Bot.2398493975: [SHT荔枝麻酱协会(493057481)] 宅哥(2832900934) -> 乐
2023-09-09 17:23:58 I/UnidbgFetchQsign: Bot(2398493975) request_token, submit success
2023-09-09 18:04:04 I/UnidbgFetchQsign: Bot(2398493975) request_token, submit success
2023-09-09 18:25:54 V/Bot.2398493975: [獭獭云旅游军团@🎤啥(887156367)] 獭獭（卡尼）(1093406505) -> [mirai:image:{44EABEC3-B165-F4E0-8289-B17539F59520}.jpg, width=20, height=20, size=960, type=GIF, isEmoji=true]
2023-09-09 18:26:07 V/Bot.2398493975: [獭獭云旅游军团@🎤啥(887156367)] 萝卜@萝卜軍団(690875992) -> ？
2023-09-09 18:29:50 V/Bot.2398493975: [獭獭云旅游军团@🎤啥(887156367)] hzc@獭獭軍団二度受(2384102753) -> ？
2023-09-09 18:38:07 V/Bot.2398493975: [SHT荔枝麻酱协会(493057481)] 阳芽小天使(3096237910) -> ！jrrp
2023-09-09 18:38:08 V/Bot.2398493975: Group(493057481) <- 今日人品：大凶
今日适宜役种：门前淸自摸和
(为防止刷屏，一日内不可多次查询哦！)
2023-09-09 18:38:27 V/Bot.2398493975: [SHT荔枝麻酱协会(493057481)] MEOW@獭獭bot(1609323331) -> ！jrrp
2023-09-09 18:38:28 V/Bot.2398493975: Group(493057481) <- 今日人品：凶
今日适宜役种：一杯口
(为防止刷屏，一日内不可多次查询哦！)
2023-09-09 18:38:35 V/Bot.2398493975: [SHT荔枝麻酱协会(493057481)] MEOW@獭獭bot(1609323331) -> [mirai:image:{3FCDA208-5B5D-3642-5219-949E4B2512EA}.png, width=328, height=300, size=47813, type=GIF, isEmoji=true]
2023-09-09 18:39:08 V/Bot.2398493975: [SHT荔枝麻酱协会(493057481)] 阳芽小天使(3096237910) -> 哪里有面麻
2023-09-09 18:39:10 V/Bot.2398493975: [SHT荔枝麻酱协会(493057481)] MEOW@獭獭bot(1609323331) -> [mirai:image:{65F95E89-AC6C-197D-4472-D41E62B0582E}.png, width=745, height=642, size=38987, type=GIF, isEmoji=false]
2023-09-09 18:39:28 V/Bot.2398493975: [SHT荔枝麻酱协会(493057481)] 阳芽小天使(3096237910) -> 瘾犯了
2023-09-09 18:41:49 V/Bot.2398493975: [SHT荔枝麻酱协会(493057481)] 布莱克提(690875992) -> 最近感觉开始得好晚啊
2023-09-09 18:42:02 V/Bot.2398493975: [SHT荔枝麻酱协会(493057481)] 布莱克提(690875992) -> 感觉以前六七点就开始了
2023-09-09 18:42:03 V/Bot.2398493975: [SHT荔枝麻酱协会(493057481)] naf2021(3469392519) -> 已经没有下午场了
2023-09-09 18:42:16 V/Bot.2398493975: [SHT荔枝麻酱协会(493057481)] 布莱克提(690875992) -> 甚至下午也有
2023-09-09 18:42:18 V/Bot.2398493975: [SHT荔枝麻酱协会(493057481)] 布莱克提(690875992) -> 就是啊
2023-09-09 18:43:23 V/Bot.2398493975: [SHT荔枝麻酱协会(493057481)] 宅哥(2832900934) -> 晚上十点多我能来（   ）
2023-09-09 18:44:05 I/UnidbgFetchQsign: Bot(2398493975) request_token, submit success
2023-09-09 18:45:56 V/Bot.2398493975: [SHT荔枝麻酱协会(493057481)] yyyouch(2461942798) -> 可以喊我
2023-09-09 18:45:59 V/Bot.2398493975: Event: GroupRecall(bot=Bot(2398493975), authorId=2461942798, messageIds=[283480], messageInternalIds=[-320807404], messageTime=1694256356, operator=NormalMember(2461942798), group=Group(493057481), author=NormalMember(2461942798))
2023-09-09 18:46:04 V/Bot.2398493975: [SHT荔枝麻酱协会(493057481)] yyyouch(2461942798) -> 缺人可以喊我
2023-09-09 19:17:50 V/Bot.2398493975: [獭獭云旅游军团@🎤啥(887156367)] 獭獭买锤子大臣@被獭獭军团开除(963423936) -> [mirai:image:{A0BA702F-14D9-4BC3-C075-503A3448EC77}.png, width=1168, height=452, size=668258, type=PNG, isEmoji=false]
2023-09-09 19:18:00 V/Bot.2398493975: [獭獭云旅游军团@🎤啥(887156367)] 獭獭买锤子大臣@被獭獭军团开除(963423936) -> 只有短期签证能用的
2023-09-09 19:24:05 I/UnidbgFetchQsign: Bot(2398493975) request_token, submit success
2023-09-09 19:42:22 V/Bot.2398493975: [SHT荔枝麻酱协会(493057481)] 牙牙(1105692313) -> ！jrrp
2023-09-09 19:42:23 V/Bot.2398493975: Group(493057481) <- 今日人品：大凶
今日适宜役种：对对和
(为防止刷屏，一日内不可多次查询哦！)
2023-09-09 19:51:31 V/Bot.2398493975: [SHT荔枝麻酱协会(493057481)] 阳芽小天使(3096237910) -> [mirai:quote:[mirai:source:ids=[283479], internalIds=[1230108528], from 2832900934 to 493057481 at 1694256202], content=<not yet initialized>][mirai:at:2832900934] 你们在哪里面麻的
2023-09-09 19:52:13 V/Bot.2398493975: [SHT荔枝麻酱协会(493057481)] N！T！R！！！(269418386) -> 上地图！
2023-09-09 19:52:13 V/Bot.2398493975: [SHT荔枝麻酱协会(493057481)] rokina(1024182759) -> 学活206/206
2023-09-09 19:52:33 V/Bot.2398493975: [SHT荔枝麻酱协会(493057481)] N！T！R！！！(269418386) -> [mirai:at:690875992] 
2023-09-09 19:52:49 V/Bot.2398493975: [SHT荔枝麻酱协会(493057481)] 宅哥(2832900934) -> 乐
2023-09-09 19:53:13 V/Bot.2398493975: [SHT荔枝麻酱协会(493057481)] 宅哥(2832900934) -> 学长们有第二个新生可以迫害了[菜狗][菜狗]
2023-09-09 19:53:29 V/Bot.2398493975: [SHT荔枝麻酱协会(493057481)] N！T！R！！！(269418386) -> 怎么才第二个
2023-09-09 19:54:16 V/Bot.2398493975: [SHT荔枝麻酱协会(493057481)] 宅哥(2832900934) -> 之前一次打 我的四暗刻没了[流泪][流泪][流泪]
2023-09-09 20:04:11 I/UnidbgFetchQsign: Bot(2398493975) request_token, submit success
2023-09-09 20:06:24 V/Bot.2398493975: [SHT荔枝麻酱协会(493057481)] 大可奇丽(1485280964) -> [mirai:image:{4F8DFB08-073F-BEC6-0BB0-78BA02380369}.jpg, width=368, height=368, size=40102, type=JPG, isEmoji=true]
2023-09-09 20:06:27 V/Bot.2398493975: [SHT荔枝麻酱协会(493057481)] 大可奇丽(1485280964) -> 地图呢
2023-09-09 20:06:32 V/Bot.2398493975: [SHT荔枝麻酱协会(493057481)] 大可奇丽(1485280964) -> 地图也没有
2023-09-09 20:06:35 V/Bot.2398493975: Event: GroupRecall(bot=Bot(2398493975), authorId=1485280964, messageIds=[283494], messageInternalIds=[946586324], messageTime=1694261192, operator=NormalMember(1485280964), group=Group(493057481), author=NormalMember(1485280964))
2023-09-09 20:06:38 V/Bot.2398493975: [SHT荔枝麻酱协会(493057481)] 大可奇丽(1485280964) -> 地图有没有
2023-09-09 20:18:02 V/Bot.2398493975: [獭獭云旅游军团@🎤啥(887156367)] Freeze_Kirin(768173212) -> [mirai:image:{D8D7E4EA-B876-0248-7779-7E87AA272967}.png, width=585, height=670, size=310660, type=PNG, isEmoji=false]
2023-09-09 20:44:12 I/UnidbgFetchQsign: Bot(2398493975) request_token, submit success
2023-09-09 21:24:13 I/UnidbgFetchQsign: Bot(2398493975) request_token, submit success
2023-09-09 21:33:15 V/Bot.2398493975: [SHT荔枝麻酱协会(493057481)] naf2021(3469392519) -> 有雀吗
2023-09-09 21:46:10 V/Bot.2398493975: [SHT荔枝麻酱协会(493057481)] 阳芽小天使(3096237910) -> 你们现在有面的吗
2023-09-09 21:52:24 V/Bot.2398493975: [SHT荔枝麻酱协会(493057481)] 4000all！(1846411487) -> ！jrrp
2023-09-09 21:52:25 V/Bot.2398493975: Group(493057481) <- 今日人品：吉
今日适宜役种：对对和
(为防止刷屏，一日内不可多次查询哦！)
2023-09-09 22:04:19 I/UnidbgFetchQsign: Bot(2398493975) request_token, submit success
2023-09-09 22:28:47 V/Bot.2398493975: [獭獭云旅游军团@🎤啥(887156367)] タタ@獭獭·ω·咖波●ω●军团(1609323331) -> [mirai:image:{BC44DC09-B5A9-3F17-8594-992D83E40B06}.jpg, width=2664, height=1586, size=525629, type=JPG, isEmoji=false]
2023-09-09 22:28:54 V/Bot.2398493975: [獭獭云旅游军团@🎤啥(887156367)] タタ@獭獭·ω·咖波●ω●军团(1609323331) -> 怎么交学费
2023-09-09 22:28:59 V/Bot.2398493975: [獭獭云旅游军团@🎤啥(887156367)] タタ@獭獭·ω·咖波●ω●军团(1609323331) -> [mirai:image:{63984E25-23B0-CC96-2C45-20FDD0A7A585}.jpg, width=535, height=513, size=32812, type=JPG, isEmoji=false]
2023-09-09 22:29:04 V/Bot.2398493975: [獭獭云旅游军团@🎤啥(887156367)] 獭獭凉快军团(1297471104) -> 随申办
2023-09-09 22:29:14 V/Bot.2398493975: [獭獭云旅游军团@🎤啥(887156367)] タタ@獭獭·ω·咖波●ω●军团(1609323331) -> [mirai:image:{18399239-9EC8-A0CB-5E40-DA1A9668D672}.jpg, width=160, height=160, size=4785, type=JPG, isEmoji=false]
2023-09-09 22:29:19 V/Bot.2398493975: [獭獭云旅游军团@🎤啥(887156367)] タタ@獭獭·ω·咖波●ω●军团(1609323331) -> 教教
2023-09-09 22:29:25 V/Bot.2398493975: [獭獭云旅游军团@🎤啥(887156367)] タタ@獭獭·ω·咖波●ω●军团(1609323331) -> zen me jiao
2023-09-09 22:29:27 V/Bot.2398493975: [獭獭云旅游军团@🎤啥(887156367)] 獭獭凉快军团(1297471104) -> 有笨蛋没翻到邮件x
2023-09-09 22:29:30 V/Bot.2398493975: [獭獭云旅游军团@🎤啥(887156367)] タタ@獭獭·ω·咖波●ω●军团(1609323331) -> 搜什么
2023-09-09 22:30:00 V/Bot.2398493975: [獭獭云旅游军团@🎤啥(887156367)] 獭獭凉快军团(1297471104) -> [mirai:image:{5D191497-73ED-3577-44D8-AA0A7B5FB837}.jpg, width=864, height=1920, size=134926, type=JPG, isEmoji=false]
2023-09-09 22:30:39 V/Bot.2398493975: [獭獭云旅游军团@🎤啥(887156367)] Freeze_Kirin(768173212) -> 啊？还发过这邮件吗
2023-09-09 22:30:53 V/Bot.2398493975: [獭獭云旅游军团@🎤啥(887156367)] タタ@獭獭·ω·咖波●ω●军团(1609323331) -> [mirai:image:{B9563259-F76A-9EA7-862E-64863B59E52F}.jpg, width=67, height=53, size=2553, type=JPG, isEmoji=false]
2023-09-09 22:30:55 V/Bot.2398493975: [獭獭云旅游军团@🎤啥(887156367)] 哭哭Excel@被獭獭军团开除3次(472247053) -> [mirai:image:{18399239-9EC8-A0CB-5E40-DA1A9668D672}.jpg, width=160, height=160, size=4785, type=JPG, isEmoji=false]
2023-09-09 22:31:00 V/Bot.2398493975: [獭獭云旅游军团@🎤啥(887156367)] 哭哭Excel@被獭獭军团开除3次(472247053) -> 啊？还发过这邮件吗
2023-09-09 22:32:20 V/Bot.2398493975: [獭獭云旅游军团@🎤啥(887156367)] 獭獭凉快军团(1297471104) -> [mirai:image:{50A02CAD-D1AB-30AF-B65F-2FB65E43767B}.jpg, width=1050, height=1364, size=130016, type=JPG, isEmoji=true]
2023-09-09 22:32:49 V/Bot.2398493975: [獭獭云旅游军团@🎤啥(887156367)] zz@獺獺軍団(771507043) -> [不支持的消息#-568831835][mirai:image:{24180395-9EA5-E67B-6815-19983341A4E5}.jpg, width=104, height=54, size=6442, type=PNG, isEmoji=false]
2023-09-09 22:33:01 V/Bot.2398493975: [獭獭云旅游军团@🎤啥(887156367)] 哭哭Excel@被獭獭军团开除3次(472247053) -> 真的欸
2023-09-09 22:33:03 V/Bot.2398493975: [獭獭云旅游军团@🎤啥(887156367)] 哭哭Excel@被獭獭军团开除3次(472247053) -> 好神奇啊
2023-09-09 22:33:15 V/Bot.2398493975: [獭獭云旅游军团@🎤啥(887156367)] 獭獭凉快军团(1297471104) -> magic
2023-09-09 22:33:16 V/Bot.2398493975: [獭獭云旅游军团@🎤啥(887156367)] Freeze_Kirin(768173212) -> 我翻了邮箱没有啊
2023-09-09 22:33:16 V/Bot.2398493975: [獭獭云旅游军团@🎤啥(887156367)] タタ@獭獭·ω·咖波●ω●军团(1609323331) -> [mirai:image:{C575A985-ABFF-540A-B29E-C42599FC620E}.png, width=1125, height=2436, size=413254, type=PNG, isEmoji=false]
2023-09-09 22:33:19 V/Bot.2398493975: [獭獭云旅游军团@🎤啥(887156367)] Freeze_Kirin(768173212) -> [mirai:image:{B8C37D0F-29D7-5233-33F3-F212ED8B9409}.jpg, width=1050, height=1364, size=85530, type=JPG, isEmoji=true]
2023-09-09 22:33:44 V/Bot.2398493975: [獭獭云旅游军团@🎤啥(887156367)] 哭哭Excel@被獭獭军团开除3次(472247053) -> 我邮箱本地也没有
2023-09-09 22:33:54 V/Bot.2398493975: [獭獭云旅游军团@🎤啥(887156367)] 哭哭Excel@被獭獭军团开除3次(472247053) -> whywhy
2023-09-09 22:34:04 V/Bot.2398493975: [獭獭云旅游军团@🎤啥(887156367)] Freeze_Kirin(768173212) -> whywhy
2023-09-09 22:34:09 V/Bot.2398493975: [獭獭云旅游军团@🎤啥(887156367)] Freeze_Kirin(768173212) -> 我要和excel一起退学了
2023-09-09 22:34:10 V/Bot.2398493975: [獭獭云旅游军团@🎤啥(887156367)] 哭哭Excel@被獭獭军团开除3次(472247053) -> 懂了 明天再说
2023-09-09 22:34:18 V/Bot.2398493975: [獭獭云旅游军团@🎤啥(887156367)] 獭獭凉快军团(1297471104) -> [mirai:image:{50A02CAD-D1AB-30AF-B65F-2FB65E43767B}.jpg, width=1050, height=1364, size=130016, type=JPG, isEmoji=true]
2023-09-09 22:34:18 V/Bot.2398493975: [獭獭云旅游军团@🎤啥(887156367)] タタ@獭獭·ω·咖波●ω●军团(1609323331) -> [mirai:image:{D986F834-9888-CCC5-B891-50395B4A120F}.png, width=1125, height=2436, size=903406, type=PNG, isEmoji=false]
2023-09-09 22:34:31 V/Bot.2398493975: [獭獭云旅游军团@🎤啥(887156367)] zz@獺獺軍団(771507043) -> [不支持的消息#1153848499][mirai:image:{D9191FB5-01C5-A124-127E-CC8ABF1F0474}.jpg, width=782, height=298, size=77989, type=PNG, isEmoji=false]
2023-09-09 22:34:49 V/Bot.2398493975: [獭獭云旅游军团@🎤啥(887156367)] Freeze_Kirin(768173212) -> xfw转我一下，救[mirai:image:{8B7D494F-27EC-B716-D242-0D8FF95BB9C2}.gif, width=109, height=81, size=85057, type=GIF, isEmoji=false]
2023-09-09 22:35:10 V/Bot.2398493975: [獭獭云旅游军团@🎤啥(887156367)] タタ@獭獭·ω·咖波●ω●军团(1609323331) -> 转你8700嘛
2023-09-09 22:35:12 V/Bot.2398493975: [獭獭云旅游军团@🎤啥(887156367)] タタ@獭獭·ω·咖波●ω●军团(1609323331) -> [mirai:image:{E99AC65C-8640-6001-EF12-1CD30B9D871E}.png, width=348, height=300, size=74943, type=GIF, isEmoji=true]
2023-09-09 22:35:17 V/Bot.2398493975: [獭獭云旅游军团@🎤啥(887156367)] 獭獭凉快军团(1297471104) -> [mirai:image:{153B1B3C-7984-D683-0855-8993089391A4}.jpg, width=518, height=352, size=23652, type=JPG, isEmoji=true]
2023-09-09 22:35:24 V/Bot.2398493975: [獭獭云旅游军团@🎤啥(887156367)] 哭哭Excel@被獭獭军团开除3次(472247053) -> [mirai:image:{EE7C88BA-DAF0-6A2D-E286-3A059788806D}.jpg, width=370, height=292, size=77327, type=GIF, isEmoji=true]
2023-09-09 22:35:26 V/Bot.2398493975: [獭獭云旅游军团@🎤啥(887156367)] 獭獭凉快军团(1297471104) -> 建议给我
2023-09-09 22:35:29 V/Bot.2398493975: [獭獭云旅游军团@🎤啥(887156367)] 哭哭Excel@被獭獭军团开除3次(472247053) -> 转我转我
2023-09-09 22:35:32 V/Bot.2398493975: Event: GroupRecall(bot=Bot(2398493975), authorId=1297471104, messageIds=[69018], messageInternalIds=[1981902535], messageTime=1694270117, operator=NormalMember(1297471104), group=Group(887156367), author=NormalMember(1297471104))
2023-09-09 22:35:34 V/Bot.2398493975: [獭獭云旅游军团@🎤啥(887156367)] zz@獺獺軍団(771507043) -> 转我
2023-09-09 22:35:39 V/Bot.2398493975: [獭獭云旅游军团@🎤啥(887156367)] hzc@獭獭軍団二度受(2384102753) -> 转我
2023-09-09 22:35:53 V/Bot.2398493975: [獭獭云旅游军团@🎤啥(887156367)] タタ@獭獭·ω·咖波●ω●军团(1609323331) -> [mirai:file:上海科技大学缴费指南.pdf, id=/9b39033e-7afa-490a-8812-bc15c21419e9, internalId=102, size=773523]
2023-09-09 22:35:54 V/Bot.2398493975: [獭獭云旅游军团@🎤啥(887156367)] Freeze_Kirin(768173212) -> [mirai:image:{8B7D494F-27EC-B716-D242-0D8FF95BB9C2}.gif, width=109, height=81, size=85057, type=GIF, isEmoji=false]
2023-09-09 22:36:39 V/Bot.2398493975: [獭獭云旅游军团@🎤啥(887156367)] タタ@獭獭·ω·咖波●ω●军团(1609323331) -> [mirai:file:关于2023-2024学年秋季学期学生报到注册的通知.pdf, id=/7abdd306-0a72-4647-9e26-a77915f38645, internalId=102, size=192759]
2023-09-09 22:37:49 V/Bot.2398493975: [獭獭云旅游军团@🎤啥(887156367)] タタ@獭獭·ω·咖波●ω●军团(1609323331) -> hlb：老板没扣工资
2023-09-09 22:37:55 V/Bot.2398493975: [獭獭云旅游军团@🎤啥(887156367)] タタ@獭獭·ω·咖波●ω●军团(1609323331) -> 这下可以随便翘班了
2023-09-09 22:38:00 V/Bot.2398493975: [獭獭云旅游军团@🎤啥(887156367)] タタ@獭獭·ω·咖波●ω●军团(1609323331) -> [mirai:image:{AFC6E4DA-4B8F-DE2C-C933-606D21498AA0}.png, width=324, height=300, size=62607, type=GIF, isEmoji=true]
2023-09-09 22:38:40 V/Bot.2398493975: [獭獭云旅游军团@🎤啥(887156367)] Freeze_Kirin(768173212) -> xxxfw
2023-09-09 22:38:50 V/Bot.2398493975: [獭獭云旅游军团@🎤啥(887156367)] Freeze_Kirin(768173212) -> 这下要请假延期报道了
2023-09-09 22:39:14 V/Bot.2398493975: [獭獭云旅游军团@🎤啥(887156367)] タタ@獭獭·ω·咖波●ω●军团(1609323331) -> [mirai:image:{18399239-9EC8-A0CB-5E40-DA1A9668D672}.jpg, width=160, height=160, size=4785, type=JPG, isEmoji=false]
2023-09-09 22:39:23 V/Bot.2398493975: [獭獭云旅游军团@🎤啥(887156367)] タタ@獭獭·ω·咖波●ω●军团(1609323331) -> whywhy
2023-09-09 22:39:31 V/Bot.2398493975: [獭獭云旅游军团@🎤啥(887156367)] hzc@獭獭軍団二度受(2384102753) -> 为啥
2023-09-09 22:39:34 V/Bot.2398493975: [獭獭云旅游军团@🎤啥(887156367)] Freeze_Kirin(768173212) -> 22-24要出差开会
2023-09-09 22:39:37 V/Bot.2398493975: [獭獭云旅游军团@🎤啥(887156367)] Freeze_Kirin(768173212) -> [mirai:image:{ECB1281E-E17C-F20E-0060-DA328002022A}.jpg, width=216, height=138, size=4514, type=JPG, isEmoji=false]
2023-09-09 22:39:43 V/Bot.2398493975: [獭獭云旅游军团@🎤啥(887156367)] タタ@獭獭·ω·咖波●ω●军团(1609323331) -> [mirai:image:{FB9C65FB-5685-1B12-1B13-836B38246164}.gif, width=292, height=205, size=61102, type=GIF, isEmoji=false]
2023-09-09 22:39:43 V/Bot.2398493975: [獭獭云旅游军团@🎤啥(887156367)] Freeze_Kirin(768173212) -> 正好卡在开学的timing上了
2023-09-09 22:39:53 V/Bot.2398493975: [獭獭云旅游军团@🎤啥(887156367)] hzc@獭獭軍団二度受(2384102753) -> 那没办法
2023-09-09 22:40:24 V/Bot.2398493975: [獭獭云旅游军团@🎤啥(887156367)] Freeze_Kirin(768173212) -> [mirai:image:{FB9C65FB-5685-1B12-1B13-836B38246164}.gif, width=292, height=205, size=61102, type=GIF, isEmoji=false]
2023-09-09 22:40:49 V/Bot.2398493975: [獭獭云旅游军团@🎤啥(887156367)] タタ@獭獭·ω·咖波●ω●军团(1609323331) -> [mirai:image:{B46C3E24-82C1-776D-C94F-A79157EBF7F7}.png, width=1125, height=2436, size=2218870, type=PNG, isEmoji=false]
2023-09-09 22:40:55 V/Bot.2398493975: [獭獭云旅游军团@🎤啥(887156367)] Freeze_Kirin(768173212) -> 现在在家已经进入了干啥都被嫌弃的截段
2023-09-09 22:41:04 V/Bot.2398493975: [獭獭云旅游军团@🎤啥(887156367)] Freeze_Kirin(768173212) -> 我要回学校
2023-09-09 22:41:04 V/Bot.2398493975: [獭獭云旅游军团@🎤啥(887156367)] タタ@獭獭·ω·咖波●ω●军团(1609323331) -> 点进去这个说说是9点半发的
2023-09-09 22:41:07 V/Bot.2398493975: [獭獭云旅游军团@🎤啥(887156367)] Freeze_Kirin(768173212) -> [mirai:image:{8B7D494F-27EC-B716-D242-0D8FF95BB9C2}.gif, width=109, height=81, size=85057, type=GIF, isEmoji=false]
2023-09-09 22:41:11 V/Bot.2398493975: [獭獭云旅游军团@🎤啥(887156367)] タタ@獭獭·ω·咖波●ω●军团(1609323331) -> [mirai:image:{15530C6E-2E2B-8726-AC46-20AE8098381B}.png, width=174, height=172, size=5372, type=JPG, isEmoji=true]
2023-09-09 22:41:30 V/Bot.2398493975: [獭獭云旅游军团@🎤啥(887156367)] 獭獭买锤子大臣@被獭獭军团开除(963423936) -> [mirai:image:{8B7D494F-27EC-B716-D242-0D8FF95BB9C2}.gif, width=109, height=81, size=85057, type=GIF, isEmoji=false]
2023-09-09 22:41:32 V/Bot.2398493975: [獭獭云旅游军团@🎤啥(887156367)] hzc@獭獭軍団二度受(2384102753) -> [mirai:quote:[mirai:source:ids=[69042], internalIds=[-558143914], from 768173212 to 887156367 at 1694270455], content=<not yet initialized>][mirai:at:768173212] 真实
2023-09-09 22:42:22 V/Bot.2398493975: [獭獭云旅游军团@🎤啥(887156367)] Freeze_Kirin(768173212) -> [mirai:quote:[mirai:source:ids=[69041], internalIds=[2079091755], from 1609323331 to 887156367 at 1694270449], content=<not yet initialized>][mirai:at:1609323331] 这是几号楼。而且为什么会开阳台的灯[mirai:image:{314DB052-C184-7C0B-5179-4CE3EFF22482}.gif, width=80, height=80, size=5167, type=GIF, isEmoji=false]
2023-09-09 22:42:37 V/Bot.2398493975: [獭獭云旅游军团@🎤啥(887156367)] タタ@獭獭·ω·咖波●ω●军团(1609323331) -> 为什么会开阳台的灯
[mirai:image:{314DB052-C184-7C0B-5179-4CE3EFF22482}.gif, width=80, height=80, size=5167, type=GIF, isEmoji=false]
2023-09-09 22:42:56 V/Bot.2398493975: [獭獭云旅游军团@🎤啥(887156367)] タタ@獭獭·ω·咖波●ω●军团(1609323331) -> 看起来是10
2023-09-09 22:43:27 V/Bot.2398493975: [獭獭云旅游军团@🎤啥(887156367)] 哭哭Excel@被獭獭军团开除3次(472247053) -> 看不懂
2023-09-09 22:44:20 I/UnidbgFetchQsign: Bot(2398493975) request_token, submit success
2023-09-09 22:44:46 V/Bot.2398493975: [獭獭云旅游军团@🎤啥(887156367)] 獭獭凉快军团(1297471104) -> [mirai:quote:[mirai:source:ids=[69048], internalIds=[221310959], from 2384102753 to 887156367 at 1694270492], content=<not yet initialized>][mirai:at:2384102753] 只要我只回家一周，天天都是vip
2023-09-09 22:45:16 V/Bot.2398493975: [獭獭云旅游军团@🎤啥(887156367)] タタ@獭獭·ω·咖波●ω●军团(1609323331) -> [mirai:quote:[mirai:source:ids=[69053], internalIds=[1191078171], from 1297471104 to 887156367 at 1694270686], content=<not yet initialized>][mirai:at:1297471104] 你只要只回家一天
2023-09-09 22:45:18 V/Bot.2398493975: [獭獭云旅游军团@🎤啥(887156367)] タタ@獭獭·ω·咖波●ω●军团(1609323331) -> 你就是
2023-09-09 22:45:22 V/Bot.2398493975: [獭獭云旅游军团@🎤啥(887156367)] タタ@獭獭·ω·咖波●ω●军团(1609323331) -> SSSVIP
2023-09-09 22:45:39 V/Bot.2398493975: [獭獭云旅游军团@🎤啥(887156367)] Freeze_Kirin(768173212) -> SSSVIP
2023-09-09 22:45:42 V/Bot.2398493975: [獭獭云旅游军团@🎤啥(887156367)] 獭獭买锤子大臣@被獭獭军团开除(963423936) -> SSSVIP
2023-09-09 22:45:49 V/Bot.2398493975: [獭獭云旅游军团@🎤啥(887156367)] 獭獭凉快军团(1297471104) -> 我就是浪费车票大冤种
2023-09-09 22:46:21 V/Bot.2398493975: [獭獭云旅游军团@🎤啥(887156367)] Freeze_Kirin(768173212) -> 花钱享受SSSVIP待遇
2023-09-09 22:46:45 V/Bot.2398493975: [獭獭云旅游军团@🎤啥(887156367)] 獭獭凉快军团(1297471104) -> 不吐xxxxfw待遇
2023-09-09 22:46:47 V/Bot.2398493975: Event: GroupRecall(bot=Bot(2398493975), authorId=1297471104, messageIds=[69061], messageInternalIds=[1841453968], messageTime=1694270805, operator=NormalMember(1297471104), group=Group(887156367), author=NormalMember(1297471104))
2023-09-09 22:46:52 V/Bot.2398493975: [獭獭云旅游军团@🎤啥(887156367)] 獭獭凉快军团(1297471104) -> 不如xxxxfw待遇
2023-09-09 22:47:34 V/Bot.2398493975: [獭獭云旅游军团@🎤啥(887156367)] タタ@獭獭·ω·咖波●ω●军团(1609323331) -> xxxxfw待遇是什么
2023-09-09 22:47:48 V/Bot.2398493975: [獭獭云旅游军团@🎤啥(887156367)] タタ@獭獭·ω·咖波●ω●军团(1609323331) -> [mirai:image:{A3C56810-0293-8086-658D-531E0E0B1790}.gif, width=512, height=512, size=129498, type=GIF, isEmoji=false]
2023-09-09 22:58:55 V/Bot.2398493975: [獭獭云旅游军团@🎤啥(887156367)] zz@獺獺軍団(771507043) -> [不支持的消息#1653146883][mirai:image:{079B2FF5-FC30-342D-CFB5-6415D5EE673F}.jpg, width=2520, height=1432, size=2358773, type=PNG, isEmoji=false]YATA
2023-09-09 23:01:36 V/Bot.2398493975: [獭獭云旅游军团@🎤啥(887156367)] 萝卜@萝卜軍団(690875992) -> 麻雪雀城
2023-09-09 23:01:55 V/Bot.2398493975: [獭獭云旅游军团@🎤啥(887156367)] タタ@獭獭·ω·咖波●ω●军团(1609323331) -> 麻雪雀城
2023-09-09 23:02:56 V/Bot.2398493975: [獭獭云旅游军团@🎤啥(887156367)] Freeze_Kirin(768173212) -> 麻雪雀城
2023-09-09 23:09:01 I/Bot.2398493975: Saved account secrets to local cache for fast login.
2023-09-09 23:24:20 I/UnidbgFetchQsign: Bot(2398493975) request_token, submit success
