2023-08-28 00:02:47 V/Bot.2398493975: [獭獭云旅游军团@🎤啥(887156367)] zz@獺獺軍団(771507043) -> [不支持的消息#-1592384184][mirai:image:{80006DF3-531D-794F-7C17-92C5C01A0F22}.jpg, width=1626, height=340, size=229826, type=PNG, isEmoji=false][不支持的消息#209648566][mirai:image:{DFCB32F5-0774-EDD8-DA9C-B2CE3E2E302B}.jpg, width=2472, height=332, size=418914, type=PNG, isEmoji=false]一姬和了48000，最后47000
2023-08-28 00:24:53 I/UnidbgFetchQsign: Bot(2398493975) request_token, submit success
2023-08-28 01:04:54 I/UnidbgFetchQsign: Bot(2398493975) request_token, submit success
2023-08-28 01:23:29 V/Bot.2398493975: [獭獭云旅游军团@🎤啥(887156367)] タタ@獭獭·ω·军团(1609323331) -> [mirai:image:{5D2D3F0B-0337-3C96-F000-506FD3684CB5}.png, width=2388, height=1668, size=170651, type=JPG, isEmoji=false]
2023-08-28 01:23:31 V/Bot.2398493975: [獭獭云旅游军团@🎤啥(887156367)] タタ@獭獭·ω·军团(1609323331) -> [mirai:image:{A31463D2-BD3C-9584-ED1D-5DC6DABBAC1B}.png, width=150, height=150, size=855112, type=GIF, isEmoji=true]
2023-08-28 01:27:24 V/Bot.2398493975: [獭獭云旅游军团@🎤啥(887156367)] hzc@獭獭軍団二度受(2384102753) -> 后面我摆了直接
2023-08-28 01:28:57 V/Bot.2398493975: [獭獭云旅游军团@🎤啥(887156367)] hzc@獭獭軍団二度受(2384102753) -> 7000以后就摆了
2023-08-28 01:29:25 V/Bot.2398493975: [獭獭云旅游军团@🎤啥(887156367)] タタ@獭獭·ω·军团(1609323331) -> 300钻
2023-08-28 01:29:30 V/Bot.2398493975: [獭獭云旅游军团@🎤啥(887156367)] タタ@獭獭·ω·军团(1609323331) -> [mirai:image:{F4E0DC81-687A-7A42-5199-40CCB5F0AFBF}.png, width=512, height=512, size=633525, type=GIF, isEmoji=true]
2023-08-28 01:36:28 V/Bot.2398493975: [獭獭云旅游军团@🎤啥(887156367)] zz@獺獺軍団(771507043) -> 300钻要3k5体
2023-08-28 01:36:33 V/Bot.2398493975: [獭獭云旅游军团@🎤啥(887156367)] zz@獺獺軍団(771507043) -> 还是n2
2023-08-28 01:37:01 V/Bot.2398493975: [獭獭云旅游军团@🎤啥(887156367)] zz@獺獺軍団(771507043) -> 虽然我也打到1wpt了
2023-08-28 01:37:19 V/Bot.2398493975: [獭獭云旅游军团@🎤啥(887156367)] タタ@獭獭·ω·军团(1609323331) -> 300钻能买1200体ﾍ(;´Д｀ﾍ) 
2023-08-28 01:37:35 V/Bot.2398493975: [獭獭云旅游军团@🎤啥(887156367)] zz@獺獺軍団(771507043) -> 感觉在n2打不如明天h2再打活动
2023-08-28 01:37:47 V/Bot.2398493975: [獭獭云旅游军团@🎤啥(887156367)] タタ@獭獭·ω·军团(1609323331) -> [mirai:image:{7C659D43-DA9A-9B1E-6F64-D0CA83C3AF08}.png, width=308, height=218, size=88602, type=GIF, isEmoji=true]
2023-08-28 01:37:50 V/Bot.2398493975: [獭獭云旅游军团@🎤啥(887156367)] タタ@獭獭·ω·军团(1609323331) -> 不行
2023-08-28 01:38:01 V/Bot.2398493975: [獭獭云旅游军团@🎤啥(887156367)] タタ@獭獭·ω·军团(1609323331) -> 要现在推图
2023-08-28 01:38:06 V/Bot.2398493975: [獭獭云旅游军团@🎤啥(887156367)] タタ@獭獭·ω·军团(1609323331) -> 明天推hard
2023-08-28 01:38:09 V/Bot.2398493975: [獭獭云旅游军团@🎤啥(887156367)] タタ@獭獭·ω·军团(1609323331) -> [mirai:image:{C6D98AA9-4CE0-28B7-32EF-B076899EA836}.png, width=308, height=300, size=72185, type=GIF, isEmoji=true]
2023-08-28 01:38:25 V/Bot.2398493975: [獭獭云旅游军团@🎤啥(887156367)] タタ@獭獭·ω·军团(1609323331) -> [mirai:at:2384102753] 44级能打到哪
2023-08-28 01:38:36 V/Bot.2398493975: [獭獭云旅游军团@🎤啥(887156367)] hzc@獭獭軍団二度受(2384102753) -> 我打到11-4了
2023-08-28 01:38:55 V/Bot.2398493975: [獭獭云旅游军团@🎤啥(887156367)] hzc@獭獭軍団二度受(2384102753) -> 困难9-2还没腿 但我觉得能过
2023-08-28 01:39:19 V/Bot.2398493975: [獭獭云旅游军团@🎤啥(887156367)] タタ@獭獭·ω·军团(1609323331) -> 我还在n图的8
2023-08-28 01:39:21 V/Bot.2398493975: [獭獭云旅游军团@🎤啥(887156367)] タタ@獭獭·ω·军团(1609323331) -> [mirai:image:{C8E8094B-CB49-F06F-791E-0B522869926D}.png, width=300, height=300, size=17848, type=JPG, isEmoji=true]
2023-08-28 01:39:21 V/Bot.2398493975: [獭獭云旅游军团@🎤啥(887156367)] hzc@獭獭軍団二度受(2384102753) -> 有伊织的话感觉会更好一点
2023-08-28 01:39:29 V/Bot.2398493975: [獭獭云旅游军团@🎤啥(887156367)] タタ@獭獭·ω·军团(1609323331) -> 晴奈碎片我来了
2023-08-28 01:39:42 V/Bot.2398493975: [獭獭云旅游军团@🎤啥(887156367)] タタ@獭獭·ω·军团(1609323331) -> n3h3啥时候
2023-08-28 01:40:20 V/Bot.2398493975: [獭獭云旅游军团@🎤啥(887156367)] タタ@獭獭·ω·军团(1609323331) -> [mirai:quote:[mirai:source:ids=[63515], internalIds=[-1634559059], from 2384102753 to 887156367 at 1693157961], content=<not yet initialized>][mirai:at:2384102753] 我另一个号伊织除了爆发图全上了
2023-08-28 01:40:27 V/Bot.2398493975: [獭獭云旅游军团@🎤啥(887156367)] タタ@獭獭·ω·军团(1609323331) -> 劳模
2023-08-28 01:40:39 V/Bot.2398493975: [獭獭云旅游军团@🎤啥(887156367)] タタ@獭獭·ω·军团(1609323331) -> 劳模三号
2023-08-28 01:45:00 I/UnidbgFetchQsign: Bot(2398493975) request_token, submit success
2023-08-28 01:46:44 V/Bot.2398493975: [獭獭云旅游军团@🎤啥(887156367)] タタ@獭獭·ω·军团(1609323331) -> 相信跳过，接受跳过
2023-08-28 01:46:50 V/Bot.2398493975: [獭獭云旅游军团@🎤啥(887156367)] タタ@獭獭·ω·军团(1609323331) -> [mirai:image:{7D370311-081F-57F8-8E84-29A6EAA2FD3D}.png, width=2388, height=1668, size=287144, type=JPG, isEmoji=false]
2023-08-28 01:47:09 V/Bot.2398493975: [獭獭云旅游军团@🎤啥(887156367)] タタ@獭獭·ω·军团(1609323331) -> 阿傻名不虚传
2023-08-28 01:49:43 V/Bot.2398493975: [獭獭云旅游军团@🎤啥(887156367)] hzc@獭獭軍団二度受(2384102753) -> 啊赢了
2023-08-28 01:50:16 V/Bot.2398493975: [獭獭云旅游军团@🎤啥(887156367)] hzc@獭獭軍団二度受(2384102753) -> 跳过之后血量怎么算
2023-08-28 01:50:47 V/Bot.2398493975: [獭獭云旅游军团@🎤啥(887156367)] タタ@獭獭·ω·军团(1609323331) -> 跳过就是自动打
2023-08-28 01:50:57 V/Bot.2398493975: [獭獭云旅游军团@🎤啥(887156367)] タタ@獭獭·ω·军团(1609323331) -> 加速一下
2023-08-28 01:52:33 V/Bot.2398493975: [獭獭云旅游军团@🎤啥(887156367)] hzc@獭獭軍団二度受(2384102753) -> 8图自动随便打
2023-08-28 01:52:53 V/Bot.2398493975: [獭獭云旅游军团@🎤啥(887156367)] hzc@獭獭軍団二度受(2384102753) -> 快来11图陪我
2023-08-28 01:53:14 V/Bot.2398493975: [獭獭云旅游军团@🎤啥(887156367)] タタ@獭獭·ω·军团(1609323331) -> 9图是红的
2023-08-28 01:53:23 V/Bot.2398493975: [獭獭云旅游军团@🎤啥(887156367)] タタ@獭獭·ω·军团(1609323331) -> 蓝的是哪个图a
2023-08-28 01:53:25 V/Bot.2398493975: [獭獭云旅游军团@🎤啥(887156367)] タタ@獭獭·ω·军团(1609323331) -> [mirai:image:{7B4FAB6B-0BA8-0F4C-F8DC-B2AF31AB603E}.png, width=512, height=512, size=192357, type=GIF, isEmoji=true]
2023-08-28 01:54:08 V/Bot.2398493975: [獭獭云旅游军团@🎤啥(887156367)] hzc@獭獭軍団二度受(2384102753) -> 我记得10图是红蓝
2023-08-28 01:54:21 V/Bot.2398493975: [獭獭云旅游军团@🎤啥(887156367)] hzc@獭獭軍団二度受(2384102753) -> 11图是黄蓝
2023-08-28 01:55:03 V/Bot.2398493975: [獭獭云旅游军团@🎤啥(887156367)] タタ@獭獭·ω·军团(1609323331) -> [mirai:image:{DCC827E3-C001-8382-2FEB-DD5705F15745}.png, width=336, height=254, size=80956, type=GIF, isEmoji=true]
2023-08-28 01:55:06 V/Bot.2398493975: [獭獭云旅游军团@🎤啥(887156367)] タタ@獭獭·ω·军团(1609323331) -> 帮我打
2023-08-28 01:55:27 V/Bot.2398493975: [獭獭云旅游军团@🎤啥(887156367)] タタ@獭獭·ω·军团(1609323331) -> 黄蓝？
2023-08-28 01:55:31 V/Bot.2398493975: [獭獭云旅游军团@🎤啥(887156367)] タタ@獭獭·ω·军团(1609323331) -> 黄蓝打不了
2023-08-28 01:55:42 V/Bot.2398493975: [獭獭云旅游军团@🎤啥(887156367)] タタ@獭獭·ω·军团(1609323331) -> 人不够
2023-08-28 01:55:44 V/Bot.2398493975: [獭獭云旅游军团@🎤啥(887156367)] タタ@獭獭·ω·军团(1609323331) -> [mirai:image:{DCC827E3-C001-8382-2FEB-DD5705F15745}.png, width=336, height=254, size=80956, type=GIF, isEmoji=true]
2023-08-28 01:56:14 V/Bot.2398493975: [獭獭云旅游军团@🎤啥(887156367)] zz@獺獺軍団(771507043) -> 红打黄，黄打蓝就够了
2023-08-28 01:56:50 V/Bot.2398493975: [獭獭云旅游军团@🎤啥(887156367)] hzc@獭獭軍団二度受(2384102753) -> 10图蓝很水的 完全可以用黄打
2023-08-28 01:57:09 V/Bot.2398493975: [獭獭云旅游军团@🎤啥(887156367)] タタ@獭獭·ω·军团(1609323331) -> [mirai:quote:[mirai:source:ids=[63541], internalIds=[1026445758], from 771507043 to 887156367 at 1693158974], content=<not yet initialized>][mirai:at:771507043] 打不过
2023-08-28 01:57:26 V/Bot.2398493975: [獭獭云旅游军团@🎤啥(887156367)] タタ@獭獭·ω·军团(1609323331) -> 红打红都超时
2023-08-28 01:57:29 V/Bot.2398493975: [獭獭云旅游军团@🎤啥(887156367)] タタ@獭獭·ω·军团(1609323331) -> [mirai:image:{DCC827E3-C001-8382-2FEB-DD5705F15745}.png, width=336, height=254, size=80956, type=GIF, isEmoji=true]
2023-08-28 01:58:21 V/Bot.2398493975: [獭獭云旅游军团@🎤啥(887156367)] タタ@獭獭·ω·军团(1609323331) -> 那就凑个黄黄
2023-08-28 01:58:38 V/Bot.2398493975: [獭獭云旅游军团@🎤啥(887156367)] タタ@獭獭·ω·军团(1609323331) -> 然后13图来了
2023-08-28 01:58:53 V/Bot.2398493975: [獭獭云旅游军团@🎤啥(887156367)] タタ@獭獭·ω·军团(1609323331) -> 黄黄还要2队打三星怪
2023-08-28 01:58:56 V/Bot.2398493975: [獭獭云旅游军团@🎤啥(887156367)] タタ@獭獭·ω·军团(1609323331) -> [mirai:image:{ECB1281E-E17C-F20E-0060-DA328002022A}.png, width=216, height=138, size=4514, type=JPG, isEmoji=true]
2023-08-28 02:19:01 V/Bot.2398493975: [SHT荔枝麻酱协会(493057481)] 安邦定国(443127105) -> ！jrrp
2023-08-28 02:19:02 V/Bot.2398493975: Group(493057481) <- 今日人品：大吉
今日适宜役种：纯正九莲宝灯
(一日内不可多次查询哦！)
2023-08-28 02:19:20 V/Bot.2398493975: [SHT荔枝麻酱协会(493057481)] 安邦定国(443127105) -> [mirai:image:{7665A62D-A116-1994-F67D-61C9BD803562}.png, width=240, height=240, size=1356354, type=GIF, isEmoji=true]
2023-08-28 02:21:21 V/Bot.2398493975: [SHT荔枝麻酱协会(493057481)] ライちゃん(392595084) -> ！jrrp
2023-08-28 02:21:22 V/Bot.2398493975: Group(493057481) <- 今日人品：小吉
今日适宜役种：役牌
(一日内不可多次查询哦！)
2023-08-28 02:25:01 I/UnidbgFetchQsign: Bot(2398493975) request_token, submit success
2023-08-28 02:51:46 V/Bot.2398493975: [SHT荔枝麻酱协会(493057481)] 冰水 麻将小怨妇(x(308217149) -> ！jrrp
2023-08-28 02:51:47 V/Bot.2398493975: Group(493057481) <- 今日人品：大凶
今日适宜役种：对对和
(一日内不可多次查询哦！)
2023-08-28 02:54:08 V/Bot.2398493975: [SHT荔枝麻酱协会(493057481)] 冰水 麻将小怨妇(x(308217149) -> 睡大觉
2023-08-28 03:05:01 I/UnidbgFetchQsign: Bot(2398493975) request_token, submit success
2023-08-28 03:32:16 V/Bot.2398493975: [獭獭云旅游军团@🎤啥(887156367)] タタ@獭獭·ω·军团(1609323331) -> 阿鲁拿了个2🌟，然后再结算的时候说：怎么办呢老师
2023-08-28 03:32:18 V/Bot.2398493975: [獭獭云旅游军团@🎤啥(887156367)] タタ@獭獭·ω·军团(1609323331) -> [mirai:image:{8BF34B10-19C1-4195-5866-6DDB73A903D8}.png, width=249, height=188, size=54265, type=GIF, isEmoji=true]
2023-08-28 03:45:07 I/UnidbgFetchQsign: Bot(2398493975) request_token, submit success
2023-08-28 04:17:08 V/Bot.2398493975: [獭獭云旅游军团@🎤啥(887156367)] zz@獺獺軍団(771507043) -> 怎么办呢老师
2023-08-28 04:25:08 I/UnidbgFetchQsign: Bot(2398493975) request_token, submit success
2023-08-28 04:33:14 V/Bot.2398493975: [獭獭云旅游军团@🎤啥(887156367)] zz@獺獺軍団(771507043) -> [不支持的消息#349543606][mirai:image:{073EEEAD-B3EC-831B-7891-C1B125849DE5}.jpg, width=1346, height=994, size=458157, type=PNG, isEmoji=false]joysound原来有这个人的曲子啊[不支持的消息#1330876528][mirai:image:{0338B455-B24A-C27C-5991-7D10158ADF18}.jpg, width=1544, height=1538, size=141943, type=PNG, isEmoji=false]
2023-08-28 05:05:09 I/UnidbgFetchQsign: Bot(2398493975) request_token, submit success
2023-08-28 05:21:09 V/Bot.2398493975: [SHT荔枝麻酱协会(493057481)] naf2021(3469392519) -> ！jrrp
2023-08-28 05:21:10 V/Bot.2398493975: Group(493057481) <- 今日人品：大吉
今日适宜役种：四暗刻
(一日内不可多次查询哦！)
2023-08-28 05:45:15 I/UnidbgFetchQsign: Bot(2398493975) request_token, submit success
2023-08-28 06:25:16 I/UnidbgFetchQsign: Bot(2398493975) request_token, submit success
2023-08-28 07:05:16 I/UnidbgFetchQsign: Bot(2398493975) request_token, submit success
2023-08-28 07:26:35 V/Bot.2398493975: [SHT荔枝麻酱协会(493057481)] 隔壁老王(297234073) -> thpt hzc
2023-08-28 07:26:38 V/Bot.2398493975: [SHT荔枝麻酱协会(493057481)] Freeze_Kirin(947603216) -> hzc [九段 1860/3600][３級 45/100]
最高段位 [九段 2715/3600][３級 45/100]
最近战绩 [2113211131][]
四麻首次升凤时间: 3/27/2021
最高段位达成时间: 4/11/2022
2023-08-28 07:45:23 I/UnidbgFetchQsign: Bot(2398493975) request_token, submit success
2023-08-28 08:19:13 V/Bot.2398493975: [獭獭云旅游军团@🎤啥(887156367)] zz@獺獺軍団(771507043) -> ？这游戏怎么联动[mirai:image:{7C144CA4-C3EB-851E-907A-1F69380C3015}.png, width=1284, height=1150, size=214261, type=JPG, isEmoji=false]
2023-08-28 08:25:23 I/UnidbgFetchQsign: Bot(2398493975) request_token, submit success
2023-08-28 09:05:24 I/UnidbgFetchQsign: Bot(2398493975) request_token, submit success
2023-08-28 09:41:25 V/Bot.2398493975: [SHT荔枝麻酱协会(493057481)] 牙牙(1105692313) -> ！jrrp
2023-08-28 09:41:26 V/Bot.2398493975: Group(493057481) <- 今日人品：吉
今日适宜役种：役牌
(一日内不可多次查询哦！)
2023-08-28 09:45:30 I/UnidbgFetchQsign: Bot(2398493975) request_token, submit success
2023-08-28 09:52:58 V/Bot.2398493975: [SHT荔枝麻酱协会(493057481)] 殒落凡尘的星(2510816477) -> ！jrrp
2023-08-28 09:53:00 V/Bot.2398493975: Group(493057481) <- 今日人品：小吉
今日适宜役种：流局满贯
(一日内不可多次查询哦！)
2023-08-28 10:01:42 V/Bot.2398493975: [SHT荔枝麻酱协会(493057481)] 隔壁老王(297234073) -> ！jrrp
2023-08-28 10:01:43 V/Bot.2398493975: Group(493057481) <- 今日人品：小吉
今日适宜役种：立直
(一日内不可多次查询哦！)
2023-08-28 10:25:31 I/UnidbgFetchQsign: Bot(2398493975) request_token, submit success
2023-08-28 10:35:51 V/Bot.2398493975: [SHT荔枝麻酱协会(493057481)] Twilight(1014197424) -> ！jrrp
2023-08-28 10:35:52 V/Bot.2398493975: Group(493057481) <- 今日人品：凶
今日适宜役种：断幺九
(一日内不可多次查询哦！)
2023-08-28 10:45:38 V/Bot.2398493975: [SHT荔枝麻酱协会(493057481)] 淡情余描未わ(1297471104) -> [mirai:at:3469392519] 戳，你现在知道今年开学典礼是啥时候吗？
2023-08-28 10:53:01 V/Bot.2398493975: [SHT荔枝麻酱协会(493057481)] N！T！R！！！(269418386) -> bot能不能做一个清一色小助手
2023-08-28 10:53:12 V/Bot.2398493975: [SHT荔枝麻酱协会(493057481)] N！T！R！！！(269418386) -> [mirai:at:2461942798]
2023-08-28 10:53:53 V/Bot.2398493975: [SHT荔枝麻酱协会(493057481)] naf2021(3469392519) -> 啊18号报道
2023-08-28 10:54:12 V/Bot.2398493975: [SHT荔枝麻酱协会(493057481)] naf2021(3469392519) -> [mirai:quote:[mirai:source:ids=[282321], internalIds=[38744556], from 1297471104 to 493057481 at 1693190738], content=<not yet initialized>][mirai:at:1297471104] 19号报道
2023-08-28 10:54:14 V/Bot.2398493975: Event: GroupRecall(bot=Bot(2398493975), authorId=3469392519, messageIds=[282324], messageInternalIds=[2129942597], messageTime=1693191233, operator=NormalMember(3469392519), group=Group(493057481), author=NormalMember(3469392519))
2023-08-28 11:05:31 I/UnidbgFetchQsign: Bot(2398493975) request_token, submit success
2023-08-28 11:17:02 V/Bot.2398493975: [獭獭云旅游军团@🎤啥(887156367)] zz@獺獺軍団(771507043) -> 怎么不是七对[mirai:image:{189F6660-2778-6BCB-29B9-5EE0BF93D037}.png, width=1119, height=548, size=93520, type=JPG, isEmoji=false]
2023-08-28 11:21:57 V/Bot.2398493975: [獭獭云旅游军团@🎤啥(887156367)] zz@獺獺軍団(771507043) -> [mirai:image:{124A9659-F880-23A8-3B4C-750B40B8D947}.png, width=1086, height=670, size=82123, type=JPG, isEmoji=false]
2023-08-28 11:26:10 V/Bot.2398493975: [獭獭云旅游军团@🎤啥(887156367)] zz@獺獺軍団(771507043) -> [mirai:image:{086DAF67-EF05-83A9-2E1B-3C11AF820601}.png, width=538, height=609, size=42832, type=JPG, isEmoji=false]
2023-08-28 11:31:13 V/Bot.2398493975: [獭獭云旅游军团@🎤啥(887156367)] 獭獭睡觉大臣@被獭獭军团开除(963423936) -> [mirai:image:{41835519-6A10-28C5-32F4-1D64777EBA53}.png, width=2536, height=1426, size=621312, type=JPG, isEmoji=false]
2023-08-28 11:38:13 V/Bot.2398493975: [獭獭云旅游军团@🎤啥(887156367)] 獭獭睡觉大臣@被獭獭军团开除(963423936) -> [mirai:quote:[mirai:source:ids=[63557], internalIds=[2135001827], from 771507043 to 887156367 at 1693193169], content=<not yet initialized>][mirai:at:771507043] 你啥时候来捏
2023-08-28 11:41:52 V/Bot.2398493975: [獭獭云旅游军团@🎤啥(887156367)] zz@獺獺軍団(771507043) -> 9/12捏
2023-08-28 11:42:37 V/Bot.2398493975: [獭獭云旅游军团@🎤啥(887156367)] 獭獭睡觉大臣@被獭獭军团开除(963423936) -> 那我回去立刻申签证可能来得及草
2023-08-28 11:42:40 V/Bot.2398493975: [獭獭云旅游军团@🎤啥(887156367)] 獭獭睡觉大臣@被獭獭军团开除(963423936) -> [mirai:image:{35EE10C3-477F-0FC1-47F3-27B1708C4ED7}.png, width=300, height=216, size=13366, type=JPG, isEmoji=true]
2023-08-28 11:42:49 V/Bot.2398493975: [獭獭云旅游军团@🎤啥(887156367)] zz@獺獺軍団(771507043) -> ？
2023-08-28 11:43:15 V/Bot.2398493975: [獭獭云旅游军团@🎤啥(887156367)] 獭獭睡觉大臣@被獭獭军团开除(963423936) -> 12个月内两次入境 这样就可以在上海领馆申请三年多次了
2023-08-28 11:43:19 V/Bot.2398493975: [獭獭云旅游军团@🎤啥(887156367)] zz@獺獺軍団(771507043) -> 有道理
2023-08-28 11:43:28 V/Bot.2398493975: [獭獭云旅游军团@🎤啥(887156367)] 獭獭睡觉大臣@被獭獭军团开除(963423936) -> [mirai:image:{7031CDF6-A8A2-8F05-1A75-3E11FE2AF640}.png, width=200, height=167, size=67839, type=GIF, isEmoji=true]
2023-08-28 11:43:47 V/Bot.2398493975: [獭獭云旅游军团@🎤啥(887156367)] 獭獭睡觉大臣@被獭獭军团开除(963423936) -> 感觉京都
2023-08-28 11:43:49 V/Bot.2398493975: [獭獭云旅游军团@🎤啥(887156367)] 獭獭睡觉大臣@被獭獭军团开除(963423936) -> 真不行
2023-08-28 11:44:12 V/Bot.2398493975: [獭獭云旅游军团@🎤啥(887156367)] zz@獺獺軍団(771507043) -> 为啥去kyoto，还不如去oosaka
2023-08-28 11:45:38 I/UnidbgFetchQsign: Bot(2398493975) request_token, submit success
2023-08-28 11:50:09 V/Bot.2398493975: [獭獭云旅游军团@🎤啥(887156367)] zz@獺獺軍団(771507043) -> [mirai:image:{086E9FA7-5AD5-752A-18C1-1AAD8E829BA1}.png, width=1284, height=2017, size=250118, type=JPG, isEmoji=false]
2023-08-28 11:56:20 V/Bot.2398493975: [獭獭云旅游军团@🎤啥(887156367)] zz@獺獺軍団(771507043) -> [不支持的消息#437379426][mirai:image:{0D581534-A9F8-FC07-E762-ECBC80EE63F2}.jpg, width=920, height=502, size=116873, type=PNG, isEmoji=false]上海hod
2023-08-28 12:05:03 V/Bot.2398493975: [獭獭云旅游军团@🎤啥(887156367)] 獭獭睡觉大臣@被獭獭军团开除(963423936) -> [mirai:image:{AC8AC291-287C-F55A-8391-6D11C712C94E}.png, width=2536, height=1426, size=641318, type=JPG, isEmoji=false]
2023-08-28 12:05:18 V/Bot.2398493975: [獭獭云旅游军团@🎤啥(887156367)] 獭獭睡觉大臣@被獭獭军团开除(963423936) -> [mirai:quote:[mirai:source:ids=[63569], internalIds=[211365224], from 771507043 to 887156367 at 1693194251], content=<not yet initialized>][mirai:at:771507043] 逛该
2023-08-28 12:25:38 I/UnidbgFetchQsign: Bot(2398493975) request_token, submit success
2023-08-28 12:33:32 V/Bot.2398493975: [SHT荔枝麻酱协会(493057481)] 牙牙(1105692313) -> [mirai:app:{"app":"com.tencent.structmsg","config":{"ctime":1693197212,"forward":true,"token":"15b4d65ebc87a8a12a5a879b166e7c3a","type":"normal"},"desc":"新闻","extra":{"app_type":1,"appid":100951776,"msg_seq":7272226643628235450,"uin":1105692313},"meta":{"news":{"action":"","android_pkg_name":"","app_type":1,"appid":100951776,"ctime":1693197212,"desc":"你感兴趣的视频都在B站","jumpUrl":"https://b23.tv/iXyvaaz?share_medium=android&share_source=qq&bbid=XY1890617C0404062836CFABAB59BB97B7469&ts=1693197196594","preview":"https://pic.ugcimg.cn/e415e06b75ba7804e387dd0721dd7c27/jpg1","source_icon":"https://open.gtimg.cn/open/app_icon/00/95/17/76/100951776_100_m.png?t=1692779524","source_url":"","tag":"哔哩哔哩","title":"日本职业麻将联盟的个人空间","uin":1105692313}},"prompt":"[分享]日本职业麻将联盟的个人空间","ver":"0.0.0.1","view":"news"}]
2023-08-28 12:33:32 V/Bot.2398493975: [SHT荔枝麻酱协会(493057481)] 牙牙(1105692313) -> 联盟入住了捏
2023-08-28 12:38:57 V/Bot.2398493975: [獭獭云旅游军团@🎤啥(887156367)] 獭獭睡觉大臣@被獭獭军团开除(963423936) -> [mirai:image:{16B0CFFB-BA02-2121-0144-3FB9D71BC9B2}.png, width=2536, height=1902, size=411399, type=JPG, isEmoji=false]
2023-08-28 12:39:41 V/Bot.2398493975: [獭獭云旅游军团@🎤啥(887156367)] 哭哭Kirin@也被獭獭军团开除(472247053) -> [mirai:image:{7BC7CD34-B72C-7EA5-4F91-C5CE69817C56}.jpg, width=272, height=212, size=75510, type=GIF, isEmoji=true]
2023-08-28 12:43:25 V/Bot.2398493975: [獭獭云旅游军团@🎤啥(887156367)] 萝卜@萝卜軍団(690875992) -> 这是什么
2023-08-28 12:43:31 V/Bot.2398493975: [獭獭云旅游军团@🎤啥(887156367)] 萝卜@萝卜軍団(690875992) -> 日本蒜香面包
2023-08-28 12:49:45 V/Bot.2398493975: [獭獭云旅游军团@🎤啥(887156367)] 獭獭睡觉大臣@被獭獭军团开除(963423936) -> [mirai:image:{87576834-6B31-CAC9-A9B0-AE49837D474D}.png, width=2536, height=1902, size=472240, type=JPG, isEmoji=false]
2023-08-28 13:00:24 I/Bot.2398493975: Saved account secrets to local cache for fast login.
2023-08-28 13:05:39 I/UnidbgFetchQsign: Bot(2398493975) request_token, submit success
2023-08-28 13:28:52 V/Bot.2398493975: [SHT荔枝麻酱协会(493057481)] 隔壁老王(297234073) -> [mirai:image:{667B8769-3D3F-CFEB-E89D-AA73E1C02C77}.jpg, width=505, height=677, size=51157, type=JPG, isEmoji=true]
2023-08-28 13:45:45 I/UnidbgFetchQsign: Bot(2398493975) request_token, submit success
2023-08-28 13:56:32 V/Bot.2398493975: [SHT荔枝麻酱协会(493057481)] Still912(1574615723) -> ！jrrp
2023-08-28 13:56:33 V/Bot.2398493975: Group(493057481) <- 今日人品：吉
今日适宜役种：混一色
(一日内不可多次查询哦！)
2023-08-28 13:56:39 V/Bot.2398493975: [SHT荔枝麻酱协会(493057481)] Still912(1574615723) -> 不愧是我
2023-08-28 13:56:59 V/Bot.2398493975: [SHT荔枝麻酱协会(493057481)] Still912(1574615723) -> 强染的king（不是）
2023-08-28 14:14:30 V/Bot.2398493975: [獭獭云旅游军团@🎤啥(887156367)] タタ@獭獭·ω·军团(1609323331) -> 联动国家地理
2023-08-28 14:14:33 V/Bot.2398493975: [獭獭云旅游军团@🎤啥(887156367)] タタ@獭獭·ω·军团(1609323331) -> [mirai:image:{18399239-9EC8-A0CB-5E40-DA1A9668D672}.png, width=160, height=160, size=4785, type=JPG, isEmoji=true]
2023-08-28 14:20:13 V/Bot.2398493975: [獭獭云旅游军团@🎤啥(887156367)] 哭哭Kirin@也被獭獭军团开除(472247053) -> [mirai:app:{"ver":"1.0.0.19","prompt":"[QQ小程序]【素睦AMV】我会好好的 【BanG Dream!It's MyGO】","config":{"type":"normal","width":0,"height":0,"forward":1,"autoSize":0,"ctime":1693203609,"token":"a402930ff17c09bcb8cf258f757d90ac"},"needShareCallBack":false,"app":"com.tencent.miniapp_01","view":"view_8C8E89B49BE609866298ADDFF2DBABA4","meta":{"detail_1":{"appid":"1109937557","appType":0,"title":"哔哩哔哩","desc":"【素睦AMV】我会好好的 【BanG Dream!It's MyGO】","icon":"http:\/\/miniapp.gtimg.cn\/public\/appicon\/432b76be3a548fc128acaa6c1ec90131_200.jpg","preview":"pubminishare-30161.picsz.qpic.cn\/f1c52e58-7843-4557-9506-d2a749dc8169","url":"m.q.qq.com\/a\/s\/bffc3af6f5d12ec615099cae1da307dc","scene":1036,"host":{"uin":472247053,"nick":"Be Amdish"},"shareTemplateId":"8C8E89B49BE609866298ADDFF2DBABA4","shareTemplateData":{},"qqdocurl":"https:\/\/b23.tv\/jZ7pkTT?share_medium=android&share_source=qq&bbid=XXB75DCBDE9DA02387B36945E3853E482A03D&ts=1693203607057","showLittleTail":"","gamePoints":"","gamePointsUrl":""}}}]
2023-08-28 14:21:12 V/Bot.2398493975: [獭獭云旅游军团@🎤啥(887156367)] Freeze_Kirin(768173212) -> [mirai:quote:[mirai:source:ids=[63579], internalIds=[1552894352], from 1609323331 to 887156367 at 1693203270], content=<not yet initialized>][mirai:at:1609323331] 别急，之前还联动过九色鹿
2023-08-28 14:21:37 V/Bot.2398493975: [獭獭云旅游军团@🎤啥(887156367)] Freeze_Kirin(768173212) -> 周年还放消息还联动命运二
2023-08-28 14:21:40 V/Bot.2398493975: [獭獭云旅游军团@🎤啥(887156367)] Freeze_Kirin(768173212) -> [mirai:image:{7AAB86C2-2E54-B41B-1127-E416989F377D}.png, width=124, height=139, size=6514, type=JPG, isEmoji=true]
2023-08-28 14:25:46 I/UnidbgFetchQsign: Bot(2398493975) request_token, submit success
2023-08-28 14:30:20 V/Bot.2398493975: [獭獭云旅游军团@🎤啥(887156367)] 獭獭睡觉大臣@被獭獭军团开除(963423936) -> [mirai:image:{19349CF0-44A0-324E-46C6-6DD0CCEF953A}.png, width=1900, height=2532, size=969544, type=JPG, isEmoji=false]
2023-08-28 14:30:22 V/Bot.2398493975: [獭獭云旅游军团@🎤啥(887156367)] 獭獭睡觉大臣@被獭獭军团开除(963423936) -> [mirai:image:{A12A9512-8CEB-59DC-2CEE-FEEC6F0B33D5}.png, width=1900, height=2532, size=315106, type=JPG, isEmoji=false]
2023-08-28 14:30:24 V/Bot.2398493975: [獭獭云旅游军团@🎤啥(887156367)] 獭獭睡觉大臣@被獭獭军团开除(963423936) -> [mirai:image:{E72D07F9-598A-22C7-625B-2C7C267D9ED5}.png, width=1900, height=2532, size=572291, type=JPG, isEmoji=false]
2023-08-28 14:30:25 V/Bot.2398493975: [獭獭云旅游军团@🎤啥(887156367)] 獭獭睡觉大臣@被獭獭军团开除(963423936) -> [mirai:image:{9CB1BF9F-EFEB-B30F-DE6F-7555F81B4FCF}.png, width=2536, height=1902, size=784322, type=JPG, isEmoji=false]
2023-08-28 14:37:48 V/Bot.2398493975: [獭獭云旅游军团@🎤啥(887156367)] タタ@獭獭·ω·军团(1609323331) -> [mirai:quote:[mirai:source:ids=[63586], internalIds=[1792391805], from 963423936 to 887156367 at 1693204222], content=<not yet initialized>][mirai:at:963423936] 可爱捏
2023-08-28 14:40:09 V/Bot.2398493975: [獭獭云旅游军团@🎤啥(887156367)] 獭獭睡觉大臣@被獭獭军团开除(963423936) -> 正在前往吉田寮
2023-08-28 14:56:10 V/Bot.2398493975: [獭獭云旅游军团@🎤啥(887156367)] タタ@獭獭·ω·军团(1609323331) -> 好平均啊[mirai:image:{F8779DCA-1FF4-B8BF-DDAC-87CDBCAA8E81}.png, width=2388, height=1668, size=326822, type=JPG, isEmoji=false]
2023-08-28 14:58:51 V/Bot.2398493975: [獭獭云旅游军团@🎤啥(887156367)] 獭獭睡觉大臣@被獭獭军团开除(963423936) -> [mirai:image:{4C55FEA2-85C5-2B48-AD89-3DB35FE05573}.png, width=370, height=250, size=238759, type=GIF, isEmoji=true]
2023-08-28 14:59:06 V/Bot.2398493975: [獭獭云旅游军团@🎤啥(887156367)] 哭哭Kirin@也被獭獭军团开除(472247053) -> [mirai:image:{C6D98AA9-4CE0-28B7-32EF-B076899EA836}.jpg, width=308, height=300, size=72185, type=GIF, isEmoji=true]
2023-08-28 14:59:13 V/Bot.2398493975: [獭獭云旅游军团@🎤啥(887156367)] Freeze_Kirin(768173212) -> 对面的阿鲁怎么上来就被秒了
2023-08-28 14:59:27 V/Bot.2398493975: [獭獭云旅游军团@🎤啥(887156367)] Freeze_Kirin(768173212) -> [mirai:image:{6DB8D47D-6D88-2BA8-3315-3C91BE0598DE}.gif, width=200, height=156, size=81787, type=GIF, isEmoji=false]
2023-08-28 15:01:50 V/Bot.2398493975: [SHT荔枝麻酱协会(493057481)] 隔壁老王(297234073) -> 混万还是混条
2023-08-28 15:02:21 V/Bot.2398493975: [獭獭云旅游军团@🎤啥(887156367)] タタ@獭獭·ω·军团(1609323331) -> 睦月干的
2023-08-28 15:02:25 V/Bot.2398493975: [獭獭云旅游军团@🎤啥(887156367)] タタ@獭獭·ω·军团(1609323331) -> [mirai:image:{C604D5ED-B608-7B5E-CBA5-99890118F464}.png, width=354, height=300, size=99816, type=GIF, isEmoji=true]
2023-08-28 15:03:10 V/Bot.2398493975: [獭獭云旅游军团@🎤啥(887156367)] Freeze_Kirin(768173212) -> #便利屋68内讧
2023-08-28 15:05:47 I/UnidbgFetchQsign: Bot(2398493975) request_token, submit success
2023-08-28 15:08:27 V/Bot.2398493975: [SHT荔枝麻酱协会(493057481)] 1st(576851388) -> ！jrrp
2023-08-28 15:08:28 V/Bot.2398493975: Group(493057481) <- 今日人品：小吉
今日适宜役种：三色同刻
(一日内不可多次查询哦！)
2023-08-28 15:08:38 V/Bot.2398493975: [SHT荔枝麻酱协会(493057481)] 千梦(449603499) -> ！jrrp
2023-08-28 15:08:39 V/Bot.2398493975: Group(493057481) <- 今日人品：吉
今日适宜役种：立直
(一日内不可多次查询哦！)
2023-08-28 15:08:55 V/Bot.2398493975: [SHT荔枝麻酱协会(493057481)] 千梦(449603499) -> 立直就寄！
2023-08-28 15:09:14 V/Bot.2398493975: [SHT荔枝麻酱协会(493057481)] Hatsune(467091276) -> ！jrrp
2023-08-28 15:09:15 V/Bot.2398493975: Group(493057481) <- 今日人品：小吉
今日适宜役种：流局满贯
(一日内不可多次查询哦！)
2023-08-28 15:13:14 V/Bot.2398493975: [SHT荔枝麻酱协会(493057481)] 米浴说的道理(3169283436) -> ！jrrp
2023-08-28 15:13:15 V/Bot.2398493975: Group(493057481) <- 今日人品：吉
今日适宜役种：对对和
(一日内不可多次查询哦！)
2023-08-28 15:37:47 V/Bot.2398493975: [SHT荔枝麻酱协会(493057481)] Reversion(2987221272) -> !jrrp
2023-08-28 15:37:48 V/Bot.2398493975: Group(493057481) <- 今日人品：小吉
今日适宜役种：三色同刻
(一日内不可多次查询哦！)
2023-08-28 15:40:12 V/Bot.2398493975: [獭獭云旅游军团@🎤啥(887156367)] 獭獭睡觉大臣@被獭獭军团开除(963423936) -> [mirai:image:{92D83E70-61A9-CB2D-301E-A4720BECC582}.png, width=1900, height=2532, size=1064093, type=JPG, isEmoji=false]
2023-08-28 15:41:32 V/Bot.2398493975: [獭獭云旅游军团@🎤啥(887156367)] 哭哭Kirin@也被獭獭军团开除(472247053) -> [mirai:image:{EE7C88BA-DAF0-6A2D-E286-3A059788806D}.jpg, width=370, height=292, size=77327, type=GIF, isEmoji=true]
2023-08-28 15:42:52 V/Bot.2398493975: [獭獭云旅游军团@🎤啥(887156367)] 獭獭睡觉大臣@被獭獭军团开除(963423936) -> [mirai:image:{13836856-A589-E37E-283F-58B815D48239}.png, width=2536, height=1902, size=794755, type=JPG, isEmoji=false]
2023-08-28 15:45:53 I/UnidbgFetchQsign: Bot(2398493975) request_token, submit success
2023-08-28 15:47:53 V/Bot.2398493975: [獭獭云旅游军团@🎤啥(887156367)] 獭獭睡觉大臣@被獭獭军团开除(963423936) -> [mirai:image:{E0F7BC01-2772-982E-8A5D-234CCC4A32F3}.png, width=2536, height=1902, size=1040367, type=JPG, isEmoji=false]
2023-08-28 15:54:50 V/Bot.2398493975: [SHT荔枝麻酱协会(493057481)] 边际的云(3124878603) -> !jrrp
2023-08-28 15:54:51 V/Bot.2398493975: Group(493057481) <- 今日人品：小吉
今日适宜役种：纯全带幺九
(一日内不可多次查询哦！)
2023-08-28 15:55:34 V/Bot.2398493975: [獭獭云旅游军团@🎤啥(887156367)] Freeze_Kirin(768173212) -> 4k票就翻了2张彩，这合理吗
2023-08-28 15:55:56 V/Bot.2398493975: [獭獭云旅游军团@🎤啥(887156367)] タタ@獭獭·ω·军团(1609323331) -> [mirai:image:{B912E958-036E-9431-54E4-AFBC0F13DF8B}.png, width=2388, height=1668, size=208901, type=JPG, isEmoji=false]
2023-08-28 15:55:58 V/Bot.2398493975: [獭獭云旅游军团@🎤啥(887156367)] タタ@獭獭·ω·军团(1609323331) -> [mirai:image:{7C659D43-DA9A-9B1E-6F64-D0CA83C3AF08}.png, width=308, height=218, size=88602, type=GIF, isEmoji=true]
2023-08-28 15:56:00 V/Bot.2398493975: [獭獭云旅游军团@🎤啥(887156367)] タタ@獭獭·ω·军团(1609323331) -> 好麻烦
2023-08-28 15:56:37 V/Bot.2398493975: [SHT荔枝麻酱协会(493057481)] 咕咕咕(2953825263) -> !jrrp
2023-08-28 15:56:38 V/Bot.2398493975: Group(493057481) <- 今日人品：小吉
今日适宜役种：三暗刻
(一日内不可多次查询哦！)
2023-08-28 15:57:33 V/Bot.2398493975: [SHT荔枝麻酱协会(493057481)] MEOW@獭獭bot(1609323331) -> ！jrrp
2023-08-28 15:57:34 V/Bot.2398493975: Group(493057481) <- 今日人品：吉
今日适宜役种：混一色
(一日内不可多次查询哦！)
2023-08-28 16:10:31 V/Bot.2398493975: [獭獭云旅游军团@🎤啥(887156367)] 獭獭睡觉大臣@被獭獭军团开除(963423936) -> [mirai:image:{C235646D-3496-D85E-0595-CDB55EBD1C5C}.png, width=2536, height=1902, size=514183, type=JPG, isEmoji=false]
2023-08-28 16:10:34 V/Bot.2398493975: [獭獭云旅游军团@🎤啥(887156367)] 獭獭睡觉大臣@被獭獭军团开除(963423936) -> 太草了
2023-08-28 16:11:58 V/Bot.2398493975: [獭獭云旅游军团@🎤啥(887156367)] Freeze_Kirin(768173212) -> [mirai:image:{EE7C88BA-DAF0-6A2D-E286-3A059788806D}.gif, width=370, height=292, size=77327, type=GIF, isEmoji=true]
2023-08-28 16:17:29 V/Bot.2398493975: [獭獭云旅游军团@🎤啥(887156367)] タタ@獭獭·ω·军团(1609323331) -> [mirai:image:{04AA33CB-931E-C1F2-EC30-4A2718268594}.png, width=370, height=292, size=89543, type=GIF, isEmoji=true]
2023-08-28 16:19:06 V/Bot.2398493975: [獭獭云旅游军团@🎤啥(887156367)] タタ@獭獭·ω·军团(1609323331) -> [mirai:image:{2501D9B1-F74E-A8FA-8E07-5CAA7446046E}.png, width=2388, height=1668, size=403058, type=JPG, isEmoji=false]
2023-08-28 16:21:39 V/Bot.2398493975: [獭獭云旅游军团@🎤啥(887156367)] タタ@獭獭·ω·军团(1609323331) -> 日服把闪瞎眼ppt删了
2023-08-28 16:21:41 V/Bot.2398493975: [獭獭云旅游军团@🎤啥(887156367)] タタ@獭獭·ω·军团(1609323331) -> [mirai:image:{7B4FAB6B-0BA8-0F4C-F8DC-B2AF31AB603E}.png, width=512, height=512, size=192357, type=GIF, isEmoji=true]
2023-08-28 16:25:53 I/UnidbgFetchQsign: Bot(2398493975) request_token, submit success
2023-08-28 16:37:10 V/Bot.2398493975: [獭獭云旅游军团@🎤啥(887156367)] 獭獭睡觉大臣@被獭獭军团开除(963423936) -> [mirai:image:{1CBC978B-0655-3A81-0C07-ACA9C9E39C39}.png, width=1900, height=2532, size=1208752, type=JPG, isEmoji=false]
2023-08-28 16:39:50 V/Bot.2398493975: [獭獭云旅游军团@🎤啥(887156367)] タタ@獭獭·ω·军团(1609323331) -> [mirai:image:{4230D6E0-FAA9-C254-1B6B-BF459FC4CD93}.png, width=350, height=300, size=91008, type=GIF, isEmoji=true]
2023-08-28 16:43:06 V/Bot.2398493975: Event: BotOfflineEvent.Dropped(bot=Bot(2398493975), cause=HeartbeatFailedException: 2398493975.AliveHeartbeat, recoverable=true, cause=PacketTimeoutException(message=2398493975.AliveHeartbeat Scheduler: Timeout receiving action response, cause=kotlinx.coroutines.TimeoutCancellationException: Timed out waiting for 5000 ms), reconnect=true)
2023-08-28 16:43:06 W/Bot.2398493975: Connection lost, reconnecting... (HeartbeatFailedException: 2398493975.AliveHeartbeat, recoverable=true, cause=PacketTimeoutException(message=2398493975.AliveHeartbeat Scheduler: Timeout receiving action response, cause=kotlinx.coroutines.TimeoutCancellationException: Timed out waiting for 5000 ms))
2023-08-28 16:43:06 I/UnidbgFetchQsign: Bot(2398493975) initialize by http://127.0.0.1:8080
2023-08-28 16:43:06 I/UnidbgFetchQsign: Bot(2398493975) initialize complete
2023-08-28 16:43:08 I/Bot.2398493975: Saved account secrets to local cache for fast login.
2023-08-28 16:43:09 I/Bot.2398493975: Login successful.
2023-08-28 16:43:09 V/Bot.2398493975: Event: BotOnlineEvent(bot=Bot(2398493975))
2023-08-28 16:43:09 V/Bot.2398493975: Event: BotReloginEvent(bot=Bot(2398493975), cause=null)
2023-08-28 16:43:09 I/Bot.2398493975: Reconnected successfully in 2.465s.
2023-08-28 16:48:21 V/Bot.2398493975: [獭獭云旅游军团@🎤啥(887156367)] タタ@獭獭·ω·军团(1609323331) -> [mirai:image:{DE98B33D-EBA7-EC37-AF9A-650CC6372CE7}.png, width=2388, height=1668, size=186946, type=JPG, isEmoji=false]
2023-08-28 16:48:21 V/Bot.2398493975: [獭獭云旅游军团@🎤啥(887156367)] タタ@獭獭·ω·军团(1609323331) -> [mirai:image:{ECB1281E-E17C-F20E-0060-DA328002022A}.png, width=216, height=138, size=4514, type=JPG, isEmoji=true]
2023-08-28 16:48:39 V/Bot.2398493975: [獭獭云旅游军团@🎤啥(887156367)] タタ@獭獭·ω·军团(1609323331) -> 为什么我多走了一步还少打了一个怪
2023-08-28 16:51:18 V/Bot.2398493975: [獭獭云旅游军团@🎤啥(887156367)] lax@牛牛道心破碎军团(269418386) -> ·w·
2023-08-28 16:53:28 V/Bot.2398493975: [獭獭云旅游军团@🎤啥(887156367)] タタ@獭獭·ω·军团(1609323331) -> •m•
2023-08-28 16:54:02 V/Bot.2398493975: [獭獭云旅游军团@🎤啥(887156367)] Freeze_Kirin(768173212) -> ·⌒·
2023-08-28 17:02:18 V/Bot.2398493975: [獭獭云旅游军团@🎤啥(887156367)] hzc@獭獭軍団二度受(2384102753) -> 我第一次也只拿了50石头 所以就1颗星
2023-08-28 17:02:41 V/Bot.2398493975: [獭獭云旅游军团@🎤啥(887156367)] hzc@獭獭軍団二度受(2384102753) -> 满星跟拿50石头不能兼得
2023-08-28 17:05:22 V/Bot.2398493975: [獭獭云旅游军团@🎤啥(887156367)] タタ@獭獭·ω·军团(1609323331) -> 50石头以后再拿
2023-08-28 17:05:29 V/Bot.2398493975: [獭獭云旅游军团@🎤啥(887156367)] タタ@獭獭·ω·军团(1609323331) -> 后备隐藏能源
2023-08-28 17:05:35 V/Bot.2398493975: [獭獭云旅游军团@🎤啥(887156367)] タタ@獭獭·ω·军团(1609323331) -> 以后的图可以一次拿
2023-08-28 17:05:54 I/UnidbgFetchQsign: Bot(2398493975) request_token, submit success
2023-08-28 17:08:19 V/Bot.2398493975: [獭獭云旅游军团@🎤啥(887156367)] タタ@獭獭·ω·军团(1609323331) -> 该重来了[mirai:image:{79CFE04F-D4D9-2776-328B-87BD1F9BE8EC}.png, width=2388, height=1668, size=369124, type=JPG, isEmoji=false]
2023-08-28 17:09:23 V/Bot.2398493975: [獭獭云旅游军团@🎤啥(887156367)] hzc@獭獭軍団二度受(2384102753) -> 这个图本来就兼得不了
2023-08-28 17:09:54 V/Bot.2398493975: [獭獭云旅游军团@🎤啥(887156367)] タタ@獭獭·ω·军团(1609323331) -> 你看左上角
2023-08-28 17:11:46 V/Bot.2398493975: [獭獭云旅游军团@🎤啥(887156367)] hzc@獭獭軍団二度受(2384102753) -> 啊这
2023-08-28 17:12:26 V/Bot.2398493975: [獭獭云旅游军团@🎤啥(887156367)] hzc@獭獭軍団二度受(2384102753) -> 有的时候确实没法跳过战斗
2023-08-28 17:12:37 V/Bot.2398493975: [獭獭云旅游军团@🎤啥(887156367)] hzc@獭獭軍団二度受(2384102753) -> 自动打的太拉了
2023-08-28 17:21:04 V/Bot.2398493975: [獭獭云旅游军团@🎤啥(887156367)] 獭獭睡觉大臣@被獭獭军团开除(963423936) -> [mirai:image:{FB9C65FB-5685-1B12-1B13-836B38246164}.png, width=292, height=205, size=61102, type=GIF, isEmoji=true]
2023-08-28 17:21:10 V/Bot.2398493975: [獭獭云旅游军团@🎤啥(887156367)] 獭獭睡觉大臣@被獭獭军团开除(963423936) -> [mirai:image:{05EA06ED-9D85-6B44-A16F-94474CCB6B30}.png, width=1900, height=2532, size=822416, type=JPG, isEmoji=false]
2023-08-28 17:25:36 V/Bot.2398493975: [獭獭云旅游军团@🎤啥(887156367)] タタ@獭獭·ω·军团(1609323331) -> [mirai:image:{1E36A0EF-543F-EDDE-A10C-A6996CDC8786}.png, width=2388, height=1668, size=138814, type=JPG, isEmoji=false]
2023-08-28 17:25:40 V/Bot.2398493975: [獭獭云旅游军团@🎤啥(887156367)] タタ@獭獭·ω·军团(1609323331) -> [mirai:image:{A31463D2-BD3C-9584-ED1D-5DC6DABBAC1B}.png, width=150, height=150, size=855112, type=GIF, isEmoji=true]
2023-08-28 17:26:32 V/Bot.2398493975: [獭獭云旅游军团@🎤啥(887156367)] hzc@獭獭軍団二度受(2384102753) -> 哇哦
2023-08-28 17:26:41 V/Bot.2398493975: [獭獭云旅游军团@🎤啥(887156367)] hzc@獭獭軍団二度受(2384102753) -> 我在打12-5
2023-08-28 17:34:32 V/Bot.2398493975: [獭獭云旅游军团@🎤啥(887156367)] lax@牛牛道心破碎军团(269418386) -> 要不要唱歌呢
2023-08-28 17:36:48 V/Bot.2398493975: [獭獭云旅游军团@🎤啥(887156367)] 獭獭睡觉大臣@被獭獭军团开除(963423936) -> [mirai:image:{E0DAE969-1230-0E83-8488-5A69005DFCC2}.png, width=480, height=360, size=187447, type=GIF, isEmoji=true]
2023-08-28 17:41:51 V/Bot.2398493975: [獭獭云旅游军团@🎤啥(887156367)] 优雅猛牛(695150175) -> 狼烟起  江山北望~
2023-08-28 17:42:37 V/Bot.2398493975: [獭獭云旅游军团@🎤啥(887156367)] タタ@獭獭·ω·军团(1609323331) -> [mirai:quote:[mirai:source:ids=[63639], internalIds=[60012370], from 269418386 to 887156367 at 1693215272], content=<not yet initialized>][mirai:at:269418386] 二维码二维码
2023-08-28 17:42:41 V/Bot.2398493975: [獭獭云旅游军团@🎤啥(887156367)] タタ@獭獭·ω·军团(1609323331) -> [mirai:image:{A3C56810-0293-8086-658D-531E0E0B1790}.png, width=512, height=512, size=129498, type=GIF, isEmoji=true]
2023-08-28 17:42:45 V/Bot.2398493975: Event: GroupRecall(bot=Bot(2398493975), authorId=1609323331, messageIds=[63642], messageInternalIds=[1761688269], messageTime=1693215756, operator=NormalMember(1609323331), group=Group(887156367), author=NormalMember(1609323331))
2023-08-28 17:44:46 V/Bot.2398493975: [獭獭云旅游军团@🎤啥(887156367)] 獭獭睡觉大臣@被獭獭军团开除(963423936) -> [mirai:image:{15524816-0F47-4E59-D3DB-0AD38AD54E2C}.png, width=1900, height=2532, size=855709, type=JPG, isEmoji=false]
2023-08-28 17:44:48 V/Bot.2398493975: Event: GroupRecall(bot=Bot(2398493975), authorId=963423936, messageIds=[63644], messageInternalIds=[1918709853], messageTime=1693215885, operator=NormalMember(963423936), group=Group(887156367), author=NormalMember(963423936))
2023-08-28 17:44:52 V/Bot.2398493975: [獭獭云旅游军团@🎤啥(887156367)] 獭獭睡觉大臣@被獭獭军团开除(963423936) -> [mirai:image:{C246B2C5-4CF0-215B-DF6D-D4BFF32B36CE}.png, width=2536, height=1902, size=917275, type=JPG, isEmoji=false]
2023-08-28 17:45:03 V/Bot.2398493975: [獭獭云旅游军团@🎤啥(887156367)] 獭獭睡觉大臣@被獭獭军团开除(963423936) -> [mirai:image:{4970C70A-34C3-4063-133A-81226FA19DE7}.png, width=358, height=268, size=65295, type=GIF, isEmoji=true]
2023-08-28 17:46:00 I/UnidbgFetchQsign: Bot(2398493975) request_token, submit success
2023-08-28 17:46:07 V/Bot.2398493975: [獭獭云旅游军团@🎤啥(887156367)] hzc@獭獭軍団二度受(2384102753) -> 哇 想吃了
2023-08-28 17:47:36 V/Bot.2398493975: [獭獭云旅游军团@🎤啥(887156367)] lax@牛牛道心破碎军团(269418386) -> 吃饭去了
2023-08-28 17:49:53 V/Bot.2398493975: [獭獭云旅游军团@🎤啥(887156367)] Freeze_Kirin(768173212) -> [mirai:image:{1FBDBB1A-70AF-1063-EC75-0E0A32AE1379}.png, width=180, height=180, size=45466, type=GIF, isEmoji=true]
2023-08-28 17:50:15 V/Bot.2398493975: [獭獭云旅游军团@🎤啥(887156367)] 哭哭Kirin@也被獭獭军团开除(472247053) -> [mirai:image:{1FBDBB1A-70AF-1063-EC75-0E0A32AE1379}.png, width=180, height=180, size=45466, type=GIF, isEmoji=false]
2023-08-28 17:52:18 V/Bot.2398493975: [獭獭云旅游军团@🎤啥(887156367)] タタ@獭獭·ω·军团(1609323331) -> [mirai:image:{C2B9835A-B426-00E2-F859-124D34935BF1}.png, width=304, height=240, size=29087, type=GIF, isEmoji=true]
2023-08-28 17:54:37 V/Bot.2398493975: [獭獭云旅游军团@🎤啥(887156367)] lax@牛牛道心破碎军团(269418386) -> 有人找我要咖波表情包 我这一收集 怎么那么多！
2023-08-28 17:54:53 V/Bot.2398493975: [獭獭云旅游军团@🎤啥(887156367)] タタ@獭獭·ω·军团(1609323331) -> 我有几百张
2023-08-28 17:54:56 V/Bot.2398493975: [獭獭云旅游军团@🎤啥(887156367)] lax@牛牛道心破碎军团(269418386) -> ？
2023-08-28 17:54:57 V/Bot.2398493975: [獭獭云旅游军团@🎤啥(887156367)] Freeze_Kirin(768173212) -> [mirai:image:{C6D98AA9-4CE0-28B7-32EF-B076899EA836}.png, width=308, height=300, size=72185, type=GIF, isEmoji=true]
2023-08-28 17:54:57 V/Bot.2398493975: [獭獭云旅游军团@🎤啥(887156367)] タタ@獭獭·ω·军团(1609323331) -> [mirai:image:{4970C70A-34C3-4063-133A-81226FA19DE7}.png, width=358, height=268, size=65295, type=GIF, isEmoji=true]
2023-08-28 17:55:12 V/Bot.2398493975: [獭獭云旅游军团@🎤啥(887156367)] 哭哭Kirin@也被獭獭军团开除(472247053) -> [mirai:image:{324BFB53-FA80-53C9-37B9-AD4CD7B3C147}.jpg, width=280, height=260, size=30126, type=GIF, isEmoji=true]
2023-08-28 17:55:16 V/Bot.2398493975: [獭獭云旅游军团@🎤啥(887156367)] 哭哭Kirin@也被獭獭军团开除(472247053) -> 装不下了
2023-08-28 17:55:16 V/Bot.2398493975: [獭獭云旅游军团@🎤啥(887156367)] タタ@獭獭·ω·军团(1609323331) -> 有人问我要咖波表情包
2023-08-28 17:55:17 V/Bot.2398493975: [獭獭云旅游军团@🎤啥(887156367)] Freeze_Kirin(768173212) -> 这里是！咖啵军团！
2023-08-28 17:55:25 V/Bot.2398493975: [獭獭云旅游军团@🎤啥(887156367)] タタ@獭獭·ω·军团(1609323331) -> 我说太多了好麻烦
2023-08-28 17:55:26 V/Bot.2398493975: [獭獭云旅游军团@🎤啥(887156367)] 哭哭Kirin@也被獭獭军团开除(472247053) -> [mirai:quote:[mirai:source:ids=[63659], internalIds=[2085031632], from 1609323331 to 887156367 at 1693216516], content=<not yet initialized>][mirai:at:1609323331] 来点
2023-08-28 17:55:32 V/Bot.2398493975: [獭獭云旅游军团@🎤啥(887156367)] タタ@獭獭·ω·军团(1609323331) -> 然后随便发了几张就不管了
2023-08-28 17:55:35 V/Bot.2398493975: [獭獭云旅游军团@🎤啥(887156367)] タタ@獭獭·ω·军团(1609323331) -> [mirai:image:{217DA165-D46A-8E3E-25F3-56A3137987A6}.png, width=512, height=512, size=198717, type=GIF, isEmoji=true]
2023-08-28 17:55:40 V/Bot.2398493975: [獭獭云旅游军团@🎤啥(887156367)] lax@牛牛道心破碎军团(269418386) -> 随便发几张
2023-08-28 17:55:46 V/Bot.2398493975: [獭獭云旅游军团@🎤啥(887156367)] 哭哭Kirin@也被獭獭军团开除(472247053) -> 随便发几百张
2023-08-28 17:55:48 V/Bot.2398493975: [獭獭云旅游军团@🎤啥(887156367)] lax@牛牛道心破碎军团(269418386) -> 但是为什么规格不一样
2023-08-28 17:57:56 V/Bot.2398493975: [獭獭云旅游军团@🎤啥(887156367)] タタ@獭獭·ω·军团(1609323331) -> [mirai:image:{ED2DBB81-12A0-C7EB-4641-F7426BAB3659}.png, width=360, height=298, size=139064, type=GIF, isEmoji=false]
2023-08-28 17:58:15 V/Bot.2398493975: [獭獭云旅游军团@🎤啥(887156367)] タタ@獭獭·ω·军团(1609323331) -> [mirai:quote:[mirai:source:ids=[63667], internalIds=[1142361237], from 269418386 to 887156367 at 1693216548], content=<not yet initialized>][mirai:at:269418386] 什么意思
2023-08-28 17:58:22 V/Bot.2398493975: [獭獭云旅游军团@🎤啥(887156367)] タタ@獭獭·ω·军团(1609323331) -> 因为都是盗版捏
2023-08-28 17:58:32 V/Bot.2398493975: [獭獭云旅游军团@🎤啥(887156367)] タタ@獭獭·ω·军团(1609323331) -> 有的是line表情包里抠出来的
2023-08-28 17:58:40 V/Bot.2398493975: [獭獭云旅游军团@🎤啥(887156367)] タタ@獭獭·ω·军团(1609323331) -> 有的是视频里抠出来的
2023-08-28 17:59:04 V/Bot.2398493975: [獭獭云旅游军团@🎤啥(887156367)] タタ@獭獭·ω·军团(1609323331) -> 所以有透明背景/白背景/带字/不带字的版本
2023-08-28 17:59:08 V/Bot.2398493975: [獭獭云旅游军团@🎤啥(887156367)] タタ@獭獭·ω·军团(1609323331) -> 还有
2023-08-28 17:59:10 V/Bot.2398493975: [獭獭云旅游军团@🎤啥(887156367)] 獭獭睡觉大臣@被獭獭军团开除(963423936) -> [mirai:image:{324BFB53-FA80-53C9-37B9-AD4CD7B3C147}.png, width=280, height=260, size=30126, type=GIF, isEmoji=true]
2023-08-28 17:59:15 V/Bot.2398493975: [獭獭云旅游军团@🎤啥(887156367)] 獭獭睡觉大臣@被獭獭军团开除(963423936) -> [mirai:image:{5A5D6049-5636-7279-7E9B-55F00B3CEB37}.png, width=1900, height=2532, size=624247, type=JPG, isEmoji=false]
2023-08-28 17:59:16 V/Bot.2398493975: [獭獭云旅游军团@🎤啥(887156367)] タタ@獭獭·ω·军团(1609323331) -> 早期的咖波长得不太一样
2023-08-28 18:00:10 V/Bot.2398493975: [獭獭云旅游军团@🎤啥(887156367)] タタ@獭獭·ω·军团(1609323331) -> [mirai:image:{F952076A-0C35-FA61-F316-D86125547D8A}.png, width=346, height=276, size=72389, type=GIF, isEmoji=false]
2023-08-28 18:00:52 V/Bot.2398493975: [獭獭云旅游军团@🎤啥(887156367)] 獭獭睡觉大臣@被獭獭军团开除(963423936) -> [mirai:image:{E0DAE969-1230-0E83-8488-5A69005DFCC2}.png, width=480, height=360, size=187447, type=GIF, isEmoji=true]
2023-08-28 18:02:11 V/Bot.2398493975: [獭獭云旅游军团@🎤啥(887156367)] lax@牛牛道心破碎军团(269418386) -> 不是 那么多你怎么找你想要的
2023-08-28 18:02:20 V/Bot.2398493975: [獭獭云旅游军团@🎤啥(887156367)] lax@牛牛道心破碎军团(269418386) -> 你不是发来发去就这几张
2023-08-28 18:02:37 V/Bot.2398493975: [獭獭云旅游军团@🎤啥(887156367)] 獭獭睡觉大臣@被獭獭军团开除(963423936) -> [mirai:image:{11D3695C-BC0D-E3E4-390C-1D8D5FE272AE}.png, width=220, height=220, size=39540, type=GIF, isEmoji=true]
2023-08-28 18:02:41 V/Bot.2398493975: [獭獭云旅游军团@🎤啥(887156367)] 獭獭睡觉大臣@被獭獭军团开除(963423936) -> [mirai:image:{F4E0DC81-687A-7A42-5199-40CCB5F0AFBF}.png, width=512, height=512, size=633525, type=GIF, isEmoji=true]
2023-08-28 18:02:45 V/Bot.2398493975: [獭獭云旅游军团@🎤啥(887156367)] 獭獭睡觉大臣@被獭獭军团开除(963423936) -> [mirai:image:{364FE218-5704-6461-B367-1D7597CD6D94}.png, width=179, height=200, size=102698, type=GIF, isEmoji=true]
2023-08-28 18:03:47 V/Bot.2398493975: [獭獭云旅游军团@🎤啥(887156367)] タタ@獭獭·ω·军团(1609323331) -> [mirai:image:{CE9FC82A-720F-DCCF-42DA-5AC7D0924653}.png, width=300, height=224, size=8360, type=JPG, isEmoji=true]
2023-08-28 18:04:08 V/Bot.2398493975: [獭獭云旅游军团@🎤啥(887156367)] タタ@獭獭·ω·军团(1609323331) -> [mirai:image:{690D3DD9-7B02-7CA9-B8F8-34486D7537D6}.png, width=512, height=512, size=447010, type=GIF, isEmoji=true]
2023-08-28 18:04:25 V/Bot.2398493975: [獭獭云旅游军团@🎤啥(887156367)] タタ@獭獭·ω·军团(1609323331) -> 发来发去的也有几十张了
2023-08-28 18:04:27 V/Bot.2398493975: [獭獭云旅游军团@🎤啥(887156367)] タタ@獭獭·ω·军团(1609323331) -> [mirai:image:{7C659D43-DA9A-9B1E-6F64-D0CA83C3AF08}.png, width=308, height=218, size=88602, type=GIF, isEmoji=true]
2023-08-28 18:05:17 V/Bot.2398493975: [獭獭云旅游军团@🎤啥(887156367)] タタ@獭獭·ω·军团(1609323331) -> [mirai:image:{037FB4D4-1862-39EB-CA06-83F714CA726E}.png, width=782, height=385, size=152347, type=JPG, isEmoji=false]
2023-08-28 18:05:43 V/Bot.2398493975: [獭獭云旅游军团@🎤啥(887156367)] 獭獭睡觉大臣@被獭獭军团开除(963423936) -> [mirai:image:{05919B55-D12E-11BD-7C76-D06FAD553D12}.png, width=370, height=296, size=100522, type=GIF, isEmoji=true]
2023-08-28 18:05:45 V/Bot.2398493975: [獭獭云旅游军团@🎤啥(887156367)] 獭獭睡觉大臣@被獭獭军团开除(963423936) -> [mirai:image:{D665E637-6E6D-528B-B32D-4D3973FC0147}.png, width=370, height=296, size=143727, type=GIF, isEmoji=true]
2023-08-28 18:06:09 V/Bot.2398493975: [獭獭云旅游军团@🎤啥(887156367)] タタ@獭獭·ω·军团(1609323331) -> [mirai:image:{12A14FFF-5D82-1923-4F34-A9FC6EA1A9CE}.png, width=185, height=149, size=84029, type=GIF, isEmoji=true]
2023-08-28 18:06:28 V/Bot.2398493975: [獭獭云旅游军团@🎤啥(887156367)] Freeze_Kirin(768173212) -> [mirai:quote:[mirai:source:ids=[63689], internalIds=[1642053767], from 1609323331 to 887156367 at 1693217116], content=<not yet initialized>][mirai:at:1609323331] 这是谁
2023-08-28 18:06:41 V/Bot.2398493975: [獭獭云旅游军团@🎤啥(887156367)] タタ@獭獭·ω·军团(1609323331) -> 猜猜看
2023-08-28 18:06:49 V/Bot.2398493975: [獭獭云旅游军团@🎤啥(887156367)] タタ@獭獭·ω·军团(1609323331) -> [mirai:image:{7031CDF6-A8A2-8F05-1A75-3E11FE2AF640}.png, width=200, height=167, size=67839, type=GIF, isEmoji=true]
2023-08-28 18:06:59 V/Bot.2398493975: [獭獭云旅游军团@🎤啥(887156367)] Freeze_Kirin(768173212) -> 几星啊
2023-08-28 18:07:38 V/Bot.2398493975: [獭獭云旅游军团@🎤啥(887156367)] タタ@獭獭·ω·军团(1609323331) -> 三星
2023-08-28 18:07:41 V/Bot.2398493975: [獭獭云旅游军团@🎤啥(887156367)] タタ@獭獭·ω·军团(1609323331) -> [mirai:image:{217DA165-D46A-8E3E-25F3-56A3137987A6}.png, width=512, height=512, size=198717, type=GIF, isEmoji=true]
2023-08-28 18:07:55 V/Bot.2398493975: [獭獭云旅游军团@🎤啥(887156367)] Freeze_Kirin(768173212) -> 马萨卡
2023-08-28 18:08:04 V/Bot.2398493975: [獭獭云旅游军团@🎤啥(887156367)] タタ@獭獭·ω·军团(1609323331) -> 马萨卡
2023-08-28 18:08:06 V/Bot.2398493975: [獭獭云旅游军团@🎤啥(887156367)] Freeze_Kirin(768173212) -> 是鼠鼠
2023-08-28 18:08:12 V/Bot.2398493975: [獭獭云旅游军团@🎤啥(887156367)] タタ@獭獭·ω·军团(1609323331) -> [mirai:image:{E1F61AD0-96F3-5874-EF23-671B9766F73A}.png, width=364, height=300, size=197651, type=GIF, isEmoji=true]
2023-08-28 18:08:42 V/Bot.2398493975: [獭獭云旅游军团@🎤啥(887156367)] Freeze_Kirin(768173212) -> [mirai:image:{6DB8D47D-6D88-2BA8-3315-3C91BE0598DE}.png, width=200, height=156, size=81787, type=GIF, isEmoji=true]
2023-08-28 18:09:23 V/Bot.2398493975: [獭獭云旅游军团@🎤啥(887156367)] Freeze_Kirin(768173212) -> 6c的aoe伤害也太低了（
2023-08-28 18:09:27 V/Bot.2398493975: [獭獭云旅游军团@🎤啥(887156367)] タタ@獭獭·ω·军团(1609323331) -> 但是鼠鼠能帮你过格里高利ex和一些演习
2023-08-28 18:09:50 V/Bot.2398493975: [獭獭云旅游军团@🎤啥(887156367)] タタ@獭獭·ω·军团(1609323331) -> 好消息：鼠鼠在格里高利有用
2023-08-28 18:10:12 V/Bot.2398493975: [獭獭云旅游军团@🎤啥(887156367)] Freeze_Kirin(768173212) -> 但是总归有其他角色能替代吧
2023-08-28 18:10:17 V/Bot.2398493975: [獭獭云旅游军团@🎤啥(887156367)] タタ@獭獭·ω·军团(1609323331) -> 坏消息：1级就能用了所以不会练
2023-08-28 18:10:28 V/Bot.2398493975: [獭獭云旅游军团@🎤啥(887156367)] Freeze_Kirin(768173212) -> [mirai:image:{6DB8D47D-6D88-2BA8-3315-3C91BE0598DE}.png, width=200, height=156, size=81787, type=GIF, isEmoji=true]
2023-08-28 18:10:51 V/Bot.2398493975: [獭獭云旅游军团@🎤啥(887156367)] タタ@獭獭·ω·军团(1609323331) -> [mirai:app:{
  "config" : {
    "height" : 0,
    "forward" : 1,
    "ctime" : 1693217446,
    "width" : 0,
    "type" : "normal",
    "token" : "3bdf5911bbdc6220d1627d124c744d74",
    "autoSize" : 0
  },
  "prompt" : "[QQ小程序]【碧蓝档案】大渚教单刷EX格里高利 无对策借渚三人一刀",
  "app" : "com.tencent.miniapp_01",
  "ver" : "0.0.0.1",
  "appID" : "100951776",
  "view" : "view_8C8E89B49BE609866298ADDFF2DBABA4",
  "meta" : {
    "detail_1" : {
      "appid" : "1109937557",
      "preview" : "https:\/\/pic.ugcimg.cn\/9b0f744d4fe75a1859d3420e42995678\/jpg1",
      "shareTemplateData" : {

      },
      "gamePointsUrl" : "",
      "gamePoints" : "",
      "url" : "m.q.qq.com\/a\/s\/97f05f55681c409bc814abcbaaf3f5eb",
      "appType" : 0,
      "desc" : "【碧蓝档案】大渚教单刷EX格里高利 无对策借渚三人一刀",
      "title" : "哔哩哔哩",
      "scene" : 1036,
      "host" : {
        "uin" : 1609323331,
        "nick" : "时雨"
      },
      "icon" : "http:\/\/miniapp.gtimg.cn\/public\/appicon\/432b76be3a548fc128acaa6c1ec90131_200.jpg",
      "shareTemplateId" : "8C8E89B49BE609866298ADDFF2DBABA4",
      "qqdocurl" : "https:\/\/b23.tv\/s75qHJD",
      "showLittleTail" : ""
    }
  },
  "bthirdappforward" : true,
  "bthirdappforwardforbackendswitch" : true,
  "desc" : ""
}]
2023-08-28 18:11:08 V/Bot.2398493975: [獭獭云旅游军团@🎤啥(887156367)] Freeze_Kirin(768173212) -> [mirai:image:{7B4FAB6B-0BA8-0F4C-F8DC-B2AF31AB603E}.png, width=512, height=512, size=192357, type=GIF, isEmoji=true]
2023-08-28 18:11:25 V/Bot.2398493975: [獭獭云旅游军团@🎤啥(887156367)] タタ@獭獭·ω·军团(1609323331) -> 1级鼠鼠一个t+借渚渚侠
2023-08-28 18:11:34 V/Bot.2398493975: [獭獭云旅游军团@🎤啥(887156367)] Freeze_Kirin(768173212) -> 这就是，鼠鼠！
2023-08-28 18:11:42 V/Bot.2398493975: [獭獭云旅游军团@🎤啥(887156367)] タタ@獭獭·ω·军团(1609323331) -> 逃课大法捏！
2023-08-28 18:11:47 V/Bot.2398493975: [獭獭云旅游军团@🎤啥(887156367)] タタ@獭獭·ω·军团(1609323331) -> 没有鼠鼠不行
2023-08-28 18:11:50 V/Bot.2398493975: [獭獭云旅游军团@🎤啥(887156367)] タタ@獭獭·ω·军团(1609323331) -> [mirai:image:{05919B55-D12E-11BD-7C76-D06FAD553D12}.png, width=370, height=296, size=100522, type=GIF, isEmoji=true]
2023-08-28 18:12:23 V/Bot.2398493975: [獭獭云旅游军团@🎤啥(887156367)] Freeze_Kirin(768173212) -> [mirai:image:{C6D98AA9-4CE0-28B7-32EF-B076899EA836}.png, width=308, height=300, size=72185, type=GIF, isEmoji=true]
2023-08-28 18:14:59 V/Bot.2398493975: [獭獭云旅游军团@🎤啥(887156367)] 獭獭睡觉大臣@被獭獭军团开除(963423936) -> [mirai:image:{324BFB53-FA80-53C9-37B9-AD4CD7B3C147}.png, width=280, height=260, size=30126, type=GIF, isEmoji=true]
2023-08-28 18:15:17 V/Bot.2398493975: [獭獭云旅游军团@🎤啥(887156367)] タタ@獭獭·ω·军团(1609323331) -> [mirai:image:{3FCDA208-5B5D-3642-5219-949E4B2512EA}.png, width=328, height=300, size=47813, type=GIF, isEmoji=false]
2023-08-28 18:17:34 V/Bot.2398493975: [獭獭云旅游军团@🎤啥(887156367)] 獭獭睡觉大臣@被獭獭军团开除(963423936) -> [mirai:image:{4C55FEA2-85C5-2B48-AD89-3DB35FE05573}.png, width=370, height=250, size=238759, type=GIF, isEmoji=true]
2023-08-28 18:25:55 V/Bot.2398493975: [獭獭云旅游军团@🎤啥(887156367)] hzc@獭獭軍団二度受(2384102753) -> thpt xxbmm
2023-08-28 18:25:56 V/Bot.2398493975: [獭獭云旅游军团@🎤啥(887156367)] 懒懒（本物）(947603216) -> xxbmm [十段 2000/4000][９級 0/20]
最高段位 [十段 2000/4000][９級 0/20]
最近战绩 [1241123311][]
四麻首次升凤时间: 7/21/2020
最高段位达成时间: 8/27/2023
2023-08-28 18:26:01 I/UnidbgFetchQsign: Bot(2398493975) request_token, submit success
2023-08-28 18:26:50 V/Bot.2398493975: [獭獭云旅游军团@🎤啥(887156367)] lax@牛牛道心破碎军团(269418386) -> 被超过了
2023-08-28 18:27:23 V/Bot.2398493975: [獭獭云旅游军团@🎤啥(887156367)] lax@牛牛道心破碎军团(269418386) -> hlb只能升11段了
2023-08-28 18:28:29 V/Bot.2398493975: [獭獭云旅游军团@🎤啥(887156367)] Freeze_Kirin(768173212) -> thpt hzc
2023-08-28 18:28:30 V/Bot.2398493975: [獭獭云旅游军团@🎤啥(887156367)] 懒懒（本物）(947603216) -> hzc [九段 1860/3600][３級 45/100]
最高段位 [九段 2715/3600][３級 45/100]
最近战绩 [2113211131][]
四麻首次升凤时间: 3/27/2021
最高段位达成时间: 4/11/2022
2023-08-28 18:28:42 V/Bot.2398493975: [獭獭云旅游军团@🎤啥(887156367)] Freeze_Kirin(768173212) -> 萧萧刚到原点
2023-08-28 18:28:48 V/Bot.2398493975: [獭獭云旅游军团@🎤啥(887156367)] Freeze_Kirin(768173212) -> hlb超越原点
2023-08-28 18:28:52 V/Bot.2398493975: [獭獭云旅游军团@🎤啥(887156367)] Freeze_Kirin(768173212) -> 赢！
2023-08-28 18:32:37 V/Bot.2398493975: [獭獭云旅游军团@🎤啥(887156367)] 萝卜@萝卜軍団(690875992) -> [mirai:image:{1D2775C8-4F24-14BC-4B89-E7AA3B0ABF31}.gif, width=304, height=264, size=65154, type=GIF, isEmoji=true]
2023-08-28 18:33:12 V/Bot.2398493975: [獭獭云旅游军团@🎤啥(887156367)] lax@牛牛道心破碎军团(269418386) -> [mirai:image:{7BA951CA-EB81-4F75-7B88-EA097179D97A}.jpg, width=1080, height=2340, size=1169484, type=JPG, isEmoji=false]
2023-08-28 18:33:28 V/Bot.2398493975: [獭獭云旅游军团@🎤啥(887156367)] タタ@獭獭·ω·军团(1609323331) -> [mirai:image:{717DB49B-8408-DA02-363B-BEE76B32679A}.png, width=480, height=360, size=145759, type=GIF, isEmoji=true]
2023-08-28 18:36:20 V/Bot.2398493975: [SHT荔枝麻酱协会(493057481)] Hatsune(467091276) -> 今天学活有雀吗
2023-08-28 18:36:37 V/Bot.2398493975: [獭獭云旅游军团@🎤啥(887156367)] 獭獭睡觉大臣@被獭獭军团开除(963423936) -> [mirai:image:{324BFB53-FA80-53C9-37B9-AD4CD7B3C147}.png, width=280, height=260, size=30126, type=GIF, isEmoji=true]
2023-08-28 18:42:41 V/Bot.2398493975: [獭獭云旅游军团@🎤啥(887156367)] 萝卜@萝卜軍団(690875992) -> 还行
2023-08-28 19:06:02 I/UnidbgFetchQsign: Bot(2398493975) request_token, submit success
2023-08-28 19:09:58 V/Bot.2398493975: [獭獭云旅游军团@🎤啥(887156367)] タタ@獭獭·ω·军团(1609323331) -> [mirai:image:{28465D2A-17E3-E4BB-A59E-4F5B806757B7}.png, width=200, height=156, size=46389, type=GIF, isEmoji=true]
2023-08-28 19:10:00 V/Bot.2398493975: [獭獭云旅游军团@🎤啥(887156367)] タタ@獭獭·ω·军团(1609323331) -> [mirai:image:{759EE244-697B-8F98-F09F-98B034DD55B6}.png, width=1125, height=2436, size=4205311, type=PNG, isEmoji=false]
2023-08-28 19:13:05 V/Bot.2398493975: [獭獭云旅游军团@🎤啥(887156367)] lax@牛牛道心破碎军团(269418386) -> 这两个点好像鼻孔
2023-08-28 19:13:37 V/Bot.2398493975: [獭獭云旅游军团@🎤啥(887156367)] タタ@獭獭·ω·军团(1609323331) -> [mirai:image:{217DA165-D46A-8E3E-25F3-56A3137987A6}.png, width=512, height=512, size=198717, type=GIF, isEmoji=true]
2023-08-28 19:13:54 V/Bot.2398493975: [獭獭云旅游军团@🎤啥(887156367)] タタ@獭獭·ω·军团(1609323331) -> 查询完成为啥出了四个字就啥都没了[mirai:image:{45C08920-5556-62AC-381C-7A436086A515}.png, width=1125, height=2436, size=166262, type=JPG, isEmoji=false]
2023-08-28 19:13:54 V/Bot.2398493975: [獭獭云旅游军团@🎤啥(887156367)] タタ@獭獭·ω·军团(1609323331) -> [mirai:image:{7B4FAB6B-0BA8-0F4C-F8DC-B2AF31AB603E}.png, width=512, height=512, size=192357, type=GIF, isEmoji=true]
2023-08-28 19:15:53 V/Bot.2398493975: [獭獭云旅游军团@🎤啥(887156367)] 獭獭睡觉大臣@被獭獭军团开除(963423936) -> [mirai:image:{3FCDA208-5B5D-3642-5219-949E4B2512EA}.png, width=328, height=300, size=47813, type=GIF, isEmoji=true]
2023-08-28 19:16:33 V/Bot.2398493975: [獭獭云旅游军团@🎤啥(887156367)] タタ@獭獭·ω·军团(1609323331) -> [mirai:at:963423936] 快去找找日本中通本部
2023-08-28 19:16:43 V/Bot.2398493975: [獭獭云旅游军团@🎤啥(887156367)] タタ@獭獭·ω·军团(1609323331) -> 给他突突突掉
2023-08-28 19:16:50 V/Bot.2398493975: [獭獭云旅游军团@🎤啥(887156367)] タタ@獭獭·ω·军团(1609323331) -> [mirai:image:{C2B9835A-B426-00E2-F859-124D34935BF1}.png, width=304, height=240, size=29087, type=GIF, isEmoji=true]
2023-08-28 19:17:48 V/Bot.2398493975: [獭獭云旅游军团@🎤啥(887156367)] 獭獭睡觉大臣@被獭獭军团开除(963423936) -> [mirai:image:{324BFB53-FA80-53C9-37B9-AD4CD7B3C147}.png, width=280, height=260, size=30126, type=GIF, isEmoji=true]
2023-08-28 19:24:16 V/Bot.2398493975: [獭獭云旅游军团@🎤啥(887156367)] タタ@獭獭·ω·军团(1609323331) -> 查不到
2023-08-28 19:24:22 V/Bot.2398493975: [獭獭云旅游军团@🎤啥(887156367)] タタ@獭獭·ω·军团(1609323331) -> [mirai:image:{7AAB86C2-2E54-B41B-1127-E416989F377D}.png, width=124, height=139, size=6514, type=JPG, isEmoji=true]
2023-08-28 19:46:08 I/UnidbgFetchQsign: Bot(2398493975) request_token, submit success
2023-08-28 20:05:32 V/Bot.2398493975: [獭獭云旅游军团@🎤啥(887156367)] zz@獺獺軍団(771507043) -> [mirai:image:{C807D78E-B12A-09CF-1BB7-543586A543F9}.png, width=1284, height=960, size=457276, type=PNG, isEmoji=false]
2023-08-28 20:14:04 V/Bot.2398493975: [獭獭云旅游军团@🎤啥(887156367)] タタ@獭獭·ω·军团(1609323331) -> 翻译翻译
2023-08-28 20:14:08 V/Bot.2398493975: [獭獭云旅游军团@🎤啥(887156367)] タタ@獭獭·ω·军团(1609323331) -> 好多片假名
2023-08-28 20:14:12 V/Bot.2398493975: [獭獭云旅游军团@🎤啥(887156367)] タタ@獭獭·ω·军团(1609323331) -> [mirai:image:{31D8B0D6-8CEA-0256-B7AB-B35526649DD0}.png, width=310, height=214, size=68617, type=GIF, isEmoji=true]
2023-08-28 20:17:37 V/Bot.2398493975: [獭獭云旅游军团@🎤啥(887156367)] zz@獺獺軍団(771507043) -> 波奇6卷（昨天还是今天发售）的亚马逊1星评价：因为知道了作者支持yakult swallows（日本职业棒球队伍），版税会间接流向ys，所以心里不舒服
2023-08-28 20:17:53 V/Bot.2398493975: [獭獭云旅游军团@🎤啥(887156367)] タタ@獭獭·ω·军团(1609323331) -> [mirai:image:{7B034A59-6517-4B55-D270-A4B2CBC084AF}.png, width=100, height=100, size=8541, type=JPG, isEmoji=true]
2023-08-28 20:18:15 V/Bot.2398493975: [獭獭云旅游军团@🎤啥(887156367)] Freeze_Kirin(768173212) -> [mirai:image:{15530C6E-2E2B-8726-AC46-20AE8098381B}.png, width=174, height=172, size=5372, type=JPG, isEmoji=true]
2023-08-28 20:19:05 V/Bot.2398493975: [獭獭云旅游军团@🎤啥(887156367)] タタ@獭獭·ω·军团(1609323331) -> [mirai:app:{
  "config" : {
    "height" : 0,
    "forward" : 1,
    "ctime" : 1693225142,
    "width" : 0,
    "type" : "normal",
    "token" : "9a7a3afbf1c222f202cd52de736900ea",
    "autoSize" : 0
  },
  "prompt" : "[QQ小程序]来自咖波的免费大餐",
  "app" : "com.tencent.miniapp_01",
  "ver" : "0.0.0.1",
  "appID" : "100951776",
  "view" : "view_8C8E89B49BE609866298ADDFF2DBABA4",
  "meta" : {
    "detail_1" : {
      "appid" : "1109937557",
      "preview" : "https:\/\/pic.ugcimg.cn\/194b8f461f50f10d0095d4beaf20faf4\/jpg1",
      "shareTemplateData" : {

      },
      "gamePointsUrl" : "",
      "gamePoints" : "",
      "url" : "m.q.qq.com\/a\/s\/b701a62cf8ae704a266db980268a8d37",
      "appType" : 0,
      "desc" : "来自咖波的免费大餐",
      "title" : "哔哩哔哩",
      "scene" : 1036,
      "host" : {
        "uin" : 1609323331,
        "nick" : "时雨"
      },
      "icon" : "https:\/\/open.gtimg.cn\/open\/app_icon\/00\/95\/17\/76\/100951776_100_m.png?t=1692779524",
      "shareTemplateId" : "8C8E89B49BE609866298ADDFF2DBABA4",
      "qqdocurl" : "https:\/\/b23.tv\/5wzv4Lu",
      "showLittleTail" : ""
    }
  },
  "bthirdappforward" : true,
  "bthirdappforwardforbackendswitch" : true,
  "desc" : ""
}]
2023-08-28 20:20:05 V/Bot.2398493975: [獭獭云旅游军团@🎤啥(887156367)] zz@獺獺軍団(771507043) -> （确实会流向ys，はまじあき前两天直播还说买了周边，这两个月去现场看了两次比赛了
2023-08-28 20:20:29 V/Bot.2398493975: [獭獭云旅游军团@🎤啥(887156367)] タタ@獭獭·ω·军团(1609323331) -> 还会有一部分流向yostar的ys
2023-08-28 20:21:51 V/Bot.2398493975: [獭獭云旅游军团@🎤啥(887156367)] zz@獺獺軍団(771507043) -> [不支持的消息#-254024532][mirai:image:{11ABA8B6-694C-97C4-802D-90826F223E48}.jpg, width=852, height=308, size=62204, type=PNG, isEmoji=false]ヤクルト的标就是ys我才简称的
2023-08-28 20:22:32 V/Bot.2398493975: [獭獭云旅游军团@🎤啥(887156367)] タタ@獭獭·ω·军团(1609323331) -> [mirai:image:{15530C6E-2E2B-8726-AC46-20AE8098381B}.png, width=174, height=172, size=5372, type=JPG, isEmoji=true]
2023-08-28 20:26:08 I/UnidbgFetchQsign: Bot(2398493975) request_token, submit success
2023-08-28 20:28:46 V/Bot.2398493975: [SHT荔枝麻酱协会(493057481)] hzc(2384102753) -> 今天学活有雀吗
2023-08-28 20:29:03 V/Bot.2398493975: [SHT荔枝麻酱协会(493057481)] Hatsune(467091276) -> hc可能有
2023-08-28 20:29:10 V/Bot.2398493975: [SHT荔枝麻酱协会(493057481)] Hatsune(467091276) -> 但他还在睡觉
2023-08-28 20:36:29 V/Bot.2398493975: [SHT荔枝麻酱协会(493057481)] 淡情余描未わ(1297471104) -> 缺人有我
2023-08-28 20:36:41 V/Bot.2398493975: [SHT荔枝麻酱协会(493057481)] 淡情余描未わ(1297471104) -> 人够了就摆了x
2023-08-28 20:47:00 V/Bot.2398493975: [SHT荔枝麻酱协会(493057481)] 安邦定国(443127105) -> ！jrrp
2023-08-28 20:47:01 V/Bot.2398493975: Group(493057481) <- 今日人品：大吉
今日适宜役种：流局满贯
(一日内不可多次查询哦！)
2023-08-28 20:47:26 V/Bot.2398493975: [SHT荔枝麻酱协会(493057481)] 安邦定国(443127105) -> [mirai:image:{22776F5D-FBB8-2A57-38F2-5455B3338597}.png, width=54, height=51, size=712, type=JPG, isEmoji=true]
2023-08-28 21:01:00 V/Bot.2398493975: [SHT荔枝麻酱协会(493057481)] 幼月(2146432637) -> ！jrrp
2023-08-28 21:01:01 V/Bot.2398493975: Group(493057481) <- 今日人品：吉
今日适宜役种：断幺九
(一日内不可多次查询哦！)
2023-08-28 21:06:09 I/UnidbgFetchQsign: Bot(2398493975) request_token, submit success
2023-08-28 21:22:26 V/Bot.2398493975: [SHT荔枝麻酱协会(493057481)] Hatsune(467091276) -> [mirai:quote:[mirai:source:ids=[282354], internalIds=[1065698580], from 467091276 to 493057481 at 1693225749], content=<not yet initialized>]他困的起不来😓
2023-08-28 21:22:32 V/Bot.2398493975: [SHT荔枝麻酱协会(493057481)] Hatsune(467091276) -> 看来现在是3=1
2023-08-28 21:31:23 V/Bot.2398493975: [獭獭云旅游军团@🎤啥(887156367)] タタ@獭獭·ω·军团(1609323331) -> [mirai:image:{DD28391E-5C9E-6FF0-9692-36DF8EAD1FFA}.png, width=1125, height=2436, size=918576, type=PNG, isEmoji=false]
2023-08-28 21:31:30 V/Bot.2398493975: [獭獭云旅游军团@🎤啥(887156367)] タタ@獭獭·ω·军团(1609323331) -> 每集都有大的
2023-08-28 21:31:34 V/Bot.2398493975: [獭獭云旅游军团@🎤啥(887156367)] タタ@獭獭·ω·军团(1609323331) -> [mirai:image:{717DB49B-8408-DA02-363B-BEE76B32679A}.png, width=480, height=360, size=145759, type=GIF, isEmoji=true]
2023-08-28 21:32:45 V/Bot.2398493975: [獭獭云旅游军团@🎤啥(887156367)] 哭哭Kirin@也被獭獭军团开除(472247053) -> [mirai:image:{ED21618C-F332-6ECE-B872-589082D2BE32}.jpg, width=342, height=284, size=84688, type=GIF, isEmoji=true]
2023-08-28 21:33:11 V/Bot.2398493975: [獭獭云旅游军团@🎤啥(887156367)] タタ@獭獭·ω·军团(1609323331) -> 等游戏实装mygo
2023-08-28 21:33:19 V/Bot.2398493975: [獭獭云旅游军团@🎤啥(887156367)] タタ@獭獭·ω·军团(1609323331) -> 天天让soyo弹春日影
2023-08-28 21:33:22 V/Bot.2398493975: [獭獭云旅游军团@🎤啥(887156367)] タタ@獭獭·ω·军团(1609323331) -> [mirai:image:{DE2EBA1D-2C25-9F2D-2C7F-384B5546D74D}.png, width=1920, height=1080, size=248953, type=JPG, isEmoji=true]
2023-08-28 21:33:32 V/Bot.2398493975: [獭獭云旅游军团@🎤啥(887156367)] 哭哭Kirin@也被獭獭军团开除(472247053) -> [mirai:image:{717DB49B-8408-DA02-363B-BEE76B32679A}.png, width=480, height=360, size=145759, type=GIF, isEmoji=false]
2023-08-28 21:33:39 V/Bot.2398493975: [獭獭云旅游军团@🎤啥(887156367)] 哭哭Kirin@也被獭獭军团开除(472247053) -> [mirai:image:{A78CAEA9-036A-4CCA-A6A8-31834F932611}.jpg, width=368, height=290, size=141798, type=GIF, isEmoji=true]
2023-08-28 21:34:31 V/Bot.2398493975: [SHT荔枝麻酱协会(493057481)] 淡情余描未わ(1297471104) -> [mirai:image:{0F5A7451-551E-D817-6F8B-D751ED73FF0A}.jpg, width=360, height=300, size=39839, type=GIF, isEmoji=true]
2023-08-28 21:36:22 V/Bot.2398493975: [SHT荔枝麻酱协会(493057481)] Hatsune(467091276) -> [mirai:marketface:200810,]
2023-08-28 21:46:15 I/UnidbgFetchQsign: Bot(2398493975) request_token, submit success
2023-08-28 22:18:00 V/Bot.2398493975: [獭獭云旅游军团@🎤啥(887156367)] 獭獭睡觉大臣@被獭獭军团开除(963423936) -> [不支持的消息#75017601][mirai:image:{7E0D18EB-8533-CF8E-83EE-850ACAF64673}.jpg, width=480, height=360, size=135349, type=GIF, isEmoji=false]
2023-08-28 22:20:02 V/Bot.2398493975: [獭獭云旅游军团@🎤啥(887156367)] 獭獭睡觉大臣@被獭獭军团开除(963423936) -> 明天就回去了
2023-08-28 22:20:12 V/Bot.2398493975: [獭獭云旅游军团@🎤啥(887156367)] 獭獭睡觉大臣@被獭獭军团开除(963423936) -> [不支持的消息#270470646][mirai:image:{FB9C65FB-5685-1B12-1B13-836B38246164}.jpg, width=292, height=205, size=61102, type=GIF, isEmoji=true]
2023-08-28 22:20:54 V/Bot.2398493975: [獭獭云旅游军团@🎤啥(887156367)] タタ@獭獭·ω·军团(1609323331) -> [mirai:image:{1E8676F9-338E-00CA-81E3-674B950F95C1}.png, width=251, height=207, size=103886, type=GIF, isEmoji=true]
2023-08-28 22:22:28 V/Bot.2398493975: [獭獭云旅游军团@🎤啥(887156367)] 哭哭Kirin@也被獭獭军团开除(472247053) -> [mirai:image:{1E8676F9-338E-00CA-81E3-674B950F95C1}.png, width=251, height=207, size=103886, type=GIF, isEmoji=false]
2023-08-28 22:22:50 V/Bot.2398493975: [獭獭云旅游军团@🎤啥(887156367)] zz@獺獺軍団(771507043) -> [不支持的消息#366283816][mirai:image:{1E8676F9-338E-00CA-81E3-674B950F95C1}.jpg, width=251, height=207, size=103886, type=GIF, isEmoji=false]
2023-08-28 22:23:15 V/Bot.2398493975: [獭獭云旅游军团@🎤啥(887156367)] 獭獭哪凉快呆哪军团(1297471104) -> [mirai:image:{1E8676F9-338E-00CA-81E3-674B950F95C1}.jpg, width=251, height=207, size=103886, type=GIF, isEmoji=true]
2023-08-28 22:23:31 V/Bot.2398493975: [獭獭云旅游军团@🎤啥(887156367)] タタ@獭獭·ω·军团(1609323331) -> 那群名改成什么
2023-08-28 22:23:54 V/Bot.2398493975: [獭獭云旅游军团@🎤啥(887156367)] タタ@獭獭·ω·军团(1609323331) -> 獭獭备战c103？
2023-08-28 22:24:11 V/Bot.2398493975: [獭獭云旅游军团@🎤啥(887156367)] 哭哭Kirin@也被獭獭军团开除(472247053) -> 该🎤了
2023-08-28 22:24:20 V/Bot.2398493975: [獭獭云旅游军团@🎤啥(887156367)] zz@獺獺軍団(771507043) -> 该🎤了
2023-08-28 22:24:20 V/Bot.2398493975: [獭獭云旅游军团@🎤啥(887156367)] タタ@獭獭·ω·军团(1609323331) -> [mirai:quote:[mirai:source:ids=[63775], internalIds=[290160653], from 1297471104 to 887156367 at 1693232594], content=<not yet initialized>][mirai:at:1297471104] 穿这套给我看[mirai:image:{7317634D-B630-6DA6-15F9-692A2293280F}.png, width=1125, height=621, size=163269, type=JPG, isEmoji=false]
2023-08-28 22:24:28 V/Bot.2398493975: [獭獭云旅游军团@🎤啥(887156367)] 獭獭睡觉大臣@被獭獭军团开除(963423936) -> 我这次
2023-08-28 22:24:34 V/Bot.2398493975: [獭獭云旅游军团@🎤啥(887156367)] 獭獭睡觉大臣@被獭獭军团开除(963423936) -> 没时间去卡拉OK
2023-08-28 22:24:37 V/Bot.2398493975: [獭獭云旅游军团@🎤啥(887156367)] 獭獭睡觉大臣@被獭獭军团开除(963423936) -> 就真的没去
2023-08-28 22:24:47 V/Bot.2398493975: [獭獭云旅游军团@🎤啥(887156367)] 獭獭睡觉大臣@被獭獭军团开除(963423936) -> [mirai:quote:[mirai:source:ids=[63777], internalIds=[842126849], from 1609323331 to 887156367 at 1693232633], content=<not yet initialized>][mirai:at:1609323331] 不用 因为马上zz来旅游
2023-08-28 22:24:52 V/Bot.2398493975: [獭獭云旅游军团@🎤啥(887156367)] 哭哭Kirin@也被獭獭军团开除(472247053) -> 回来去
2023-08-28 22:24:56 V/Bot.2398493975: [獭獭云旅游军团@🎤啥(887156367)] 哭哭Kirin@也被獭獭军团开除(472247053) -> 等zz出发
2023-08-28 22:25:02 V/Bot.2398493975: [獭獭云旅游军团@🎤啥(887156367)] zz@獺獺軍団(771507043) -> 我还有2周捏
2023-08-28 22:25:02 V/Bot.2398493975: [獭獭云旅游军团@🎤啥(887156367)] タタ@獭獭·ω·军团(1609323331) -> [mirai:image:{8BF34B10-19C1-4195-5866-6DDB73A903D8}.png, width=249, height=188, size=54265, type=GIF, isEmoji=true]
2023-08-28 22:25:05 V/Bot.2398493975: [獭獭云旅游军团@🎤啥(887156367)] 獭獭睡觉大臣@被獭獭军团开除(963423936) -> [不支持的消息#1585931547][mirai:image:{FB9C65FB-5685-1B12-1B13-836B38246164}.jpg, width=292, height=205, size=61102, type=GIF, isEmoji=true]
2023-08-28 22:25:06 V/Bot.2398493975: [獭獭云旅游军团@🎤啥(887156367)] タタ@獭獭·ω·军团(1609323331) -> 轮流去？
2023-08-28 22:25:13 V/Bot.2398493975: [獭獭云旅游军团@🎤啥(887156367)] Freeze_Kirin(768173212) -> 轮流去？
2023-08-28 22:25:13 V/Bot.2398493975: [獭獭云旅游军团@🎤啥(887156367)] タタ@獭獭·ω·军团(1609323331) -> 獭獭开火车军团
2023-08-28 22:25:18 V/Bot.2398493975: [獭獭云旅游军团@🎤啥(887156367)] 哭哭Kirin@也被獭獭军团开除(472247053) -> 獭獭怎么不去
2023-08-28 22:25:23 V/Bot.2398493975: [獭獭云旅游军团@🎤啥(887156367)] 獭獭睡觉大臣@被獭獭军团开除(963423936) -> 回来先减肥吧
2023-08-28 22:25:24 V/Bot.2398493975: [獭獭云旅游军团@🎤啥(887156367)] zz@獺獺軍団(771507043) -> 亏了，新闻出了机票降价了
2023-08-28 22:25:27 V/Bot.2398493975: [獭獭云旅游军团@🎤啥(887156367)] タタ@獭獭·ω·军团(1609323331) -> 什么时候轮到我
2023-08-28 22:25:28 V/Bot.2398493975: [獭獭云旅游军团@🎤啥(887156367)] 獭獭睡觉大臣@被獭獭军团开除(963423936) -> 我已经胖成🐷了
2023-08-28 22:25:29 V/Bot.2398493975: [獭獭云旅游军团@🎤啥(887156367)] タタ@獭獭·ω·军团(1609323331) -> [mirai:image:{A3C56810-0293-8086-658D-531E0E0B1790}.png, width=512, height=512, size=129498, type=GIF, isEmoji=true]
2023-08-28 22:25:30 V/Bot.2398493975: [獭獭云旅游军团@🎤啥(887156367)] 獭獭睡觉大臣@被獭獭军团开除(963423936) -> 哈哈
2023-08-28 22:25:33 V/Bot.2398493975: [獭獭云旅游军团@🎤啥(887156367)] 獭獭睡觉大臣@被獭獭军团开除(963423936) -> 现在机票超便宜
2023-08-28 22:25:43 V/Bot.2398493975: [獭獭云旅游军团@🎤啥(887156367)] 獭獭睡觉大臣@被獭獭军团开除(963423936) -> 看了下10月11月的基本单程1200
2023-08-28 22:25:45 V/Bot.2398493975: [獭獭云旅游军团@🎤啥(887156367)] タタ@獭獭·ω·军团(1609323331) -> 多便宜
2023-08-28 22:25:46 V/Bot.2398493975: [獭獭云旅游军团@🎤啥(887156367)] zz@獺獺軍団(771507043) -> 早买好了捏
2023-08-28 22:25:50 V/Bot.2398493975: [獭獭云旅游军团@🎤啥(887156367)] タタ@獭獭·ω·军团(1609323331) -> 那回来的呢
2023-08-28 22:25:50 V/Bot.2398493975: [獭獭云旅游军团@🎤啥(887156367)] 獭獭睡觉大臣@被獭獭军团开除(963423936) -> 飞HND
2023-08-28 22:25:57 V/Bot.2398493975: [獭獭云旅游军团@🎤啥(887156367)] タタ@獭獭·ω·军团(1609323331) -> 能退了再买嘛
2023-08-28 22:26:04 V/Bot.2398493975: [獭獭云旅游军团@🎤啥(887156367)] 獭獭睡觉大臣@被獭獭军团开除(963423936) -> 退了要扣钱
2023-08-28 22:26:07 V/Bot.2398493975: [獭獭云旅游军团@🎤啥(887156367)] 獭獭睡觉大臣@被獭獭军团开除(963423936) -> 有的扣50%
2023-08-28 22:26:10 V/Bot.2398493975: [獭獭云旅游军团@🎤啥(887156367)] タタ@獭獭·ω·军团(1609323331) -> 可是不知道有没有空去啊
2023-08-28 22:26:10 V/Bot.2398493975: [獭獭云旅游军团@🎤啥(887156367)] 獭獭睡觉大臣@被獭獭军团开除(963423936) -> 有的扣20%
2023-08-28 22:26:12 V/Bot.2398493975: [獭獭云旅游军团@🎤啥(887156367)] タタ@獭獭·ω·军团(1609323331) -> [mirai:image:{7B4FAB6B-0BA8-0F4C-F8DC-B2AF31AB603E}.png, width=512, height=512, size=192357, type=GIF, isEmoji=true]
2023-08-28 22:26:13 V/Bot.2398493975: [獭獭云旅游军团@🎤啥(887156367)] タタ@獭獭·ω·军团(1609323331) -> 怎么办
2023-08-28 22:26:14 V/Bot.2398493975: [獭獭云旅游军团@🎤啥(887156367)] 獭獭睡觉大臣@被獭獭军团开除(963423936) -> [不支持的消息#1689780668][mirai:image:{3FCDA208-5B5D-3642-5219-949E4B2512EA}.jpg, width=328, height=300, size=47813, type=GIF, isEmoji=true]
2023-08-28 22:26:16 I/UnidbgFetchQsign: Bot(2398493975) request_token, submit success
2023-08-28 22:26:18 V/Bot.2398493975: [獭獭云旅游军团@🎤啥(887156367)] zz@獺獺軍団(771507043) -> 退改手续费比降价的多
2023-08-28 22:26:28 V/Bot.2398493975: [獭獭云旅游军团@🎤啥(887156367)] 獭獭睡觉大臣@被獭獭军团开除(963423936) -> 十一假期
2023-08-28 22:26:29 V/Bot.2398493975: [獭獭云旅游军团@🎤啥(887156367)] 獭獭睡觉大臣@被獭獭军团开除(963423936) -> 那就
2023-08-28 22:26:30 V/Bot.2398493975: [獭獭云旅游军团@🎤啥(887156367)] 獭獭睡觉大臣@被獭獭军团开除(963423936) -> 只能
2023-08-28 22:26:40 V/Bot.2398493975: [獭獭云旅游军团@🎤啥(887156367)] タタ@獭獭·ω·军团(1609323331) -> [mirai:image:{7C659D43-DA9A-9B1E-6F64-D0CA83C3AF08}.png, width=308, height=218, size=88602, type=GIF, isEmoji=true]
2023-08-28 22:26:46 V/Bot.2398493975: [獭獭云旅游军团@🎤啥(887156367)] 哭哭Kirin@也被獭獭军团开除(472247053) -> [mirai:image:{7C659D43-DA9A-9B1E-6F64-D0CA83C3AF08}.png, width=308, height=218, size=88602, type=GIF, isEmoji=false]
2023-08-28 22:26:56 V/Bot.2398493975: [獭獭云旅游军团@🎤啥(887156367)] zz@獺獺軍団(771507043) -> 草 十一去是吧
2023-08-28 22:27:33 V/Bot.2398493975: [獭獭云旅游军团@🎤啥(887156367)] タタ@獭獭·ω·军团(1609323331) -> 提前退改有没有啥免费时限啊
2023-08-28 22:27:40 V/Bot.2398493975: [獭獭云旅游军团@🎤啥(887156367)] タタ@獭獭·ω·军团(1609323331) -> 比如提前几个月
2023-08-28 22:27:42 V/Bot.2398493975: [獭獭云旅游军团@🎤啥(887156367)] タタ@獭獭·ω·军团(1609323331) -> [mirai:image:{8BF34B10-19C1-4195-5866-6DDB73A903D8}.png, width=249, height=188, size=54265, type=GIF, isEmoji=true]
2023-08-28 22:27:47 V/Bot.2398493975: [獭獭云旅游军团@🎤啥(887156367)] zz@獺獺軍団(771507043) -> 我19号从日本飞上海，真就轮流去
2023-08-28 22:28:30 V/Bot.2398493975: [獭獭云旅游军团@🎤啥(887156367)] zz@獺獺軍団(771507043) -> 我妈订的票，她那个平台提前30天及以上的手续费都一样
2023-08-28 22:28:49 V/Bot.2398493975: [獭獭云旅游军团@🎤啥(887156367)] タタ@獭獭·ω·军团(1609323331) -> [mirai:marketface:204108,[哦]]
2023-08-28 22:30:13 V/Bot.2398493975: [獭獭云旅游军团@🎤啥(887156367)] 獭獭睡觉大臣@被獭獭军团开除(963423936) -> [不支持的消息#-1536957474][mirai:image:{324BFB53-FA80-53C9-37B9-AD4CD7B3C147}.jpg, width=280, height=260, size=30126, type=GIF, isEmoji=true]
2023-08-28 22:30:17 V/Bot.2398493975: [獭獭云旅游军团@🎤啥(887156367)] 獭獭睡觉大臣@被獭獭军团开除(963423936) -> zz可以十一继续去
2023-08-28 22:30:22 V/Bot.2398493975: [獭獭云旅游军团@🎤啥(887156367)] 獭獭睡觉大臣@被獭獭军团开除(963423936) -> 等灯
2023-08-28 22:30:22 V/Bot.2398493975: [獭獭云旅游军团@🎤啥(887156367)] zz@獺獺軍団(771507043) -> qs
2023-08-28 22:30:23 V/Bot.2398493975: [獭獭云旅游军团@🎤啥(887156367)] 獭獭睡觉大臣@被獭獭军团开除(963423936) -> 19飞
2023-08-28 22:30:26 V/Bot.2398493975: [獭獭云旅游军团@🎤啥(887156367)] 獭獭睡觉大臣@被獭獭军团开除(963423936) -> 留15天
2023-08-28 22:30:30 V/Bot.2398493975: [獭獭云旅游军团@🎤啥(887156367)] タタ@獭獭·ω·军团(1609323331) -> [mirai:image:{04AA33CB-931E-C1F2-EC30-4A2718268594}.png, width=370, height=292, size=89543, type=GIF, isEmoji=true]
2023-08-28 22:30:33 V/Bot.2398493975: [獭獭云旅游军团@🎤啥(887156367)] 獭獭睡觉大臣@被獭獭军团开除(963423936) -> 那还是有交集的
2023-08-28 22:30:38 V/Bot.2398493975: [獭獭云旅游军团@🎤啥(887156367)] zz@獺獺軍団(771507043) -> 12到19在日本
2023-08-28 22:30:40 V/Bot.2398493975: [獭獭云旅游军团@🎤啥(887156367)] 獭獭睡觉大臣@被獭獭军团开除(963423936) -> 草
2023-08-28 22:30:50 V/Bot.2398493975: [獭獭云旅游军团@🎤啥(887156367)] 獭獭睡觉大臣@被獭獭军团开除(963423936) -> 那弄个加急签证
2023-08-28 22:30:53 V/Bot.2398493975: [獭獭云旅游军团@🎤啥(887156367)] 獭獭睡觉大臣@被獭獭军团开除(963423936) -> 是来得及的
2023-08-28 22:31:03 V/Bot.2398493975: [獭獭云旅游军团@🎤啥(887156367)] タタ@獭獭·ω·军团(1609323331) -> [mirai:image:{04AA33CB-931E-C1F2-EC30-4A2718268594}.png, width=370, height=292, size=89543, type=GIF, isEmoji=true]
2023-08-28 22:31:10 V/Bot.2398493975: [獭獭云旅游军团@🎤啥(887156367)] zz@獺獺軍団(771507043) -> 我现在签证办出来是3年多次捏
2023-08-28 22:31:16 V/Bot.2398493975: [獭獭云旅游军团@🎤啥(887156367)] 獭獭睡觉大臣@被獭獭军团开除(963423936) -> ？
2023-08-28 22:31:25 V/Bot.2398493975: [獭獭云旅游军团@🎤啥(887156367)] 獭獭睡觉大臣@被獭獭军团开除(963423936) -> [不支持的消息#-1904791845][mirai:image:{35EE10C3-477F-0FC1-47F3-27B1708C4ED7}.jpg, width=300, height=216, size=13366, type=JPG, isEmoji=true]
2023-08-28 22:31:25 V/Bot.2398493975: [獭獭云旅游军团@🎤啥(887156367)] zz@獺獺軍団(771507043) -> 所以第一次必须和我爸一起去
2023-08-28 22:31:29 V/Bot.2398493975: [獭獭云旅游军团@🎤啥(887156367)] 獭獭睡觉大臣@被獭獭军团开除(963423936) -> 把你爆了
2023-08-28 22:31:55 V/Bot.2398493975: [獭獭云旅游军团@🎤啥(887156367)] 獭獭睡觉大臣@被獭獭军团开除(963423936) -> [不支持的消息#-1601754521][mirai:image:{FB9C65FB-5685-1B12-1B13-836B38246164}.jpg, width=292, height=205, size=61102, type=GIF, isEmoji=true]
2023-08-28 22:32:02 V/Bot.2398493975: [獭獭云旅游军团@🎤啥(887156367)] 獭獭睡觉大臣@被獭獭军团开除(963423936) -> 我必须赶紧再去一次来申请三年多次
2023-08-28 22:32:12 V/Bot.2398493975: [獭獭云旅游军团@🎤啥(887156367)] タタ@獭獭·ω·军团(1609323331) -> weisha
2023-08-28 22:32:24 V/Bot.2398493975: [獭獭云旅游军团@🎤啥(887156367)] タタ@獭獭·ω·军团(1609323331) -> 这么有钱
2023-08-28 22:32:28 V/Bot.2398493975: [獭獭云旅游军团@🎤啥(887156367)] タタ@獭獭·ω·军团(1609323331) -> 天天去
2023-08-28 22:32:30 V/Bot.2398493975: [獭獭云旅游军团@🎤啥(887156367)] タタ@獭獭·ω·军团(1609323331) -> [mirai:image:{FB9C65FB-5685-1B12-1B13-836B38246164}.png, width=292, height=205, size=61102, type=GIF, isEmoji=true]
2023-08-28 22:32:44 V/Bot.2398493975: [獭獭云旅游军团@🎤啥(887156367)] 獭獭睡觉大臣@被獭獭军团开除(963423936) -> [不支持的消息#-337769896][mirai:image:{324BFB53-FA80-53C9-37B9-AD4CD7B3C147}.jpg, width=280, height=260, size=30126, type=GIF, isEmoji=true]
2023-08-28 22:32:46 V/Bot.2398493975: [獭獭云旅游军团@🎤啥(887156367)] 獭獭睡觉大臣@被獭獭军团开除(963423936) -> 一个月不吃不喝
2023-08-28 22:32:49 V/Bot.2398493975: [獭獭云旅游军团@🎤啥(887156367)] 獭獭睡觉大臣@被獭獭军团开除(963423936) -> 就有机票钱了
2023-08-28 22:32:55 V/Bot.2398493975: [獭獭云旅游军团@🎤啥(887156367)] 獭獭睡觉大臣@被獭獭军团开除(963423936) -> 再攒一个月
2023-08-28 22:32:57 V/Bot.2398493975: [獭獭云旅游军团@🎤啥(887156367)] タタ@獭獭·ω·军团(1609323331) -> [mirai:image:{8BF34B10-19C1-4195-5866-6DDB73A903D8}.png, width=249, height=188, size=54265, type=GIF, isEmoji=true]
2023-08-28 22:32:59 V/Bot.2398493975: [獭獭云旅游军团@🎤啥(887156367)] 獭獭睡觉大臣@被獭獭军团开除(963423936) -> 就有酒店钱了
2023-08-28 22:33:09 V/Bot.2398493975: [獭獭云旅游军团@🎤啥(887156367)] 獭獭睡觉大臣@被獭獭军团开除(963423936) -> 再攒一个月，就有花的钱了
2023-08-28 22:33:20 V/Bot.2398493975: [獭獭云旅游军团@🎤啥(887156367)] 獭獭睡觉大臣@被獭獭军团开除(963423936) -> [不支持的消息#-1564886461][mirai:image:{4E9D670A-6DEC-F8DA-154F-A5A81B38E358}.jpg, width=300, height=192, size=7862, type=JPG, isEmoji=true]
2023-08-28 22:33:33 V/Bot.2398493975: [獭獭云旅游军团@🎤啥(887156367)] タタ@獭獭·ω·军团(1609323331) -> ？
2023-08-28 22:33:44 V/Bot.2398493975: [獭獭云旅游军团@🎤啥(887156367)] タタ@獭獭·ω·军团(1609323331) -> 2000块够花什么
2023-08-28 22:33:54 V/Bot.2398493975: [獭獭云旅游军团@🎤啥(887156367)] タタ@獭獭·ω·军团(1609323331) -> [mirai:image:{1BCCDCC4-7A2D-7720-2BD1-13F45C6EF3CE}.png, width=250, height=250, size=40525, type=GIF, isEmoji=true]
2023-08-28 22:34:21 V/Bot.2398493975: [獭獭云旅游军团@🎤啥(887156367)] 獭獭睡觉大臣@被獭獭军团开除(963423936) -> 酒店可以省一下 住几天网吧
2023-08-28 22:34:40 V/Bot.2398493975: [獭獭云旅游军团@🎤啥(887156367)] 獭獭睡觉大臣@被獭獭军团开除(963423936) -> [不支持的消息#165901360][mirai:image:{3FCDA208-5B5D-3642-5219-949E4B2512EA}.jpg, width=328, height=300, size=47813, type=GIF, isEmoji=true]
2023-08-28 22:34:46 V/Bot.2398493975: [獭獭云旅游军团@🎤啥(887156367)] タタ@獭獭·ω·军团(1609323331) -> 🎤
2023-08-28 22:34:53 V/Bot.2398493975: [獭獭云旅游军团@🎤啥(887156367)] タタ@獭獭·ω·军团(1609323331) -> [mirai:image:{A3C56810-0293-8086-658D-531E0E0B1790}.png, width=512, height=512, size=129498, type=GIF, isEmoji=true]
2023-08-28 22:34:54 V/Bot.2398493975: [獭獭云旅游军团@🎤啥(887156367)] zz@獺獺軍団(771507043) -> 住ktv
2023-08-28 22:35:02 V/Bot.2398493975: [獭獭云旅游军团@🎤啥(887156367)] 哭哭Kirin@也被獭獭军团开除(472247053) -> [mirai:image:{75FECC80-7F7F-55B2-3D77-7CEAE0E7F676}.jpg, width=302, height=138, size=67232, type=GIF, isEmoji=true]
2023-08-28 22:35:32 V/Bot.2398493975: [獭獭云旅游军团@🎤啥(887156367)] 獭獭睡觉大臣@被獭獭军团开除(963423936) -> [不支持的消息#-1592207394][mirai:image:{0F77A431-67E5-AC21-8FCC-1D4860EAFA94}.jpg, width=1334, height=1310, size=185555, type=JPG, isEmoji=true]
2023-08-28 22:35:35 V/Bot.2398493975: [獭獭云旅游军团@🎤啥(887156367)] 獭獭睡觉大臣@被獭獭军团开除(963423936) -> 网吧能洗澡
2023-08-28 22:35:38 V/Bot.2398493975: [獭獭云旅游军团@🎤啥(887156367)] 獭獭睡觉大臣@被獭獭军团开除(963423936) -> ktv不能
2023-08-28 22:36:02 V/Bot.2398493975: [獭獭云旅游军团@🎤啥(887156367)] タタ@獭獭·ω·军团(1609323331) -> 那🛀完出来唱
2023-08-28 22:36:14 V/Bot.2398493975: [獭獭云旅游军团@🎤啥(887156367)] 獭獭睡觉大臣@被獭獭军团开除(963423936) -> 而且1900之前的freetime便宜
2023-08-28 22:36:29 V/Bot.2398493975: [獭獭云旅游军团@🎤啥(887156367)] タタ@獭獭·ω·军团(1609323331) -> 白天不去别的地方了嘛
2023-08-28 22:36:31 V/Bot.2398493975: [獭獭云旅游军团@🎤啥(887156367)] タタ@獭獭·ω·军团(1609323331) -> [mirai:image:{DCC827E3-C001-8382-2FEB-DD5705F15745}.png, width=336, height=254, size=80956, type=GIF, isEmoji=true]
2023-08-28 22:36:33 V/Bot.2398493975: [獭獭云旅游军团@🎤啥(887156367)] zz@獺獺軍団(771507043) -> ？住ktv去找桑拿洗澡捏
2023-08-28 22:36:38 V/Bot.2398493975: [獭獭云旅游军团@🎤啥(887156367)] 獭獭睡觉大臣@被獭獭军团开除(963423936) -> 啊
2023-08-28 22:36:46 V/Bot.2398493975: [獭獭云旅游军团@🎤啥(887156367)] 獭獭睡觉大臣@被獭獭军团开除(963423936) -> 因为东京我已经遛爆了
2023-08-28 22:36:52 V/Bot.2398493975: [獭獭云旅游军团@🎤啥(887156367)] zz@獺獺軍団(771507043) -> 日本澡堂子那么多
2023-08-28 22:36:56 V/Bot.2398493975: [獭獭云旅游军团@🎤啥(887156367)] 獭獭睡觉大臣@被獭獭军团开除(963423936) -> 现在从世田谷到银座我已经很熟悉了
2023-08-28 22:37:07 V/Bot.2398493975: [獭獭云旅游军团@🎤啥(887156367)] 獭獭睡觉大臣@被獭獭军团开除(963423936) -> 不过北边还没怎么去
2023-08-28 22:37:11 V/Bot.2398493975: [獭獭云旅游军团@🎤啥(887156367)] 獭獭睡觉大臣@被獭獭军团开除(963423936) -> [不支持的消息#-1542450698][mirai:image:{324BFB53-FA80-53C9-37B9-AD4CD7B3C147}.jpg, width=280, height=260, size=30126, type=GIF, isEmoji=true]
2023-08-28 22:38:25 V/Bot.2398493975: [獭獭云旅游军团@🎤啥(887156367)] 獭獭睡觉大臣@被獭獭军团开除(963423936) -> 吃饭就最挂逼的便利店或者找拉面店
2023-08-28 22:38:39 V/Bot.2398493975: [獭獭云旅游军团@🎤啥(887156367)] 獭獭睡觉大臣@被獭獭军团开除(963423936) -> 一顿拉面比较便宜的700-800
2023-08-28 22:38:56 V/Bot.2398493975: [獭獭云旅游军团@🎤啥(887156367)] zz@獺獺軍団(771507043) -> 住雀庄也行（
2023-08-28 22:40:53 V/Bot.2398493975: [獭獭云旅游军团@🎤啥(887156367)] 獭獭睡觉大臣@被獭獭军团开除(963423936) -> [不支持的消息#-1152919915][mirai:image:{324BFB53-FA80-53C9-37B9-AD4CD7B3C147}.jpg, width=280, height=260, size=30126, type=GIF, isEmoji=true]
2023-08-28 22:41:10 V/Bot.2398493975: [獭獭云旅游军团@🎤啥(887156367)] 獭獭睡觉大臣@被獭獭军团开除(963423936) -> 不过直接住东京都北边应该挺便宜的
2023-08-28 22:41:16 V/Bot.2398493975: [獭獭云旅游军团@🎤啥(887156367)] 獭獭睡觉大臣@被獭獭军团开除(963423936) -> 反正买个地铁三日通
2023-08-28 22:41:38 V/Bot.2398493975: [獭獭云旅游军团@🎤啥(887156367)] 獭獭睡觉大臣@被獭獭军团开除(963423936) -> 感觉短期观光还是要买，坐地铁花掉太多钱了
2023-08-28 22:43:37 V/Bot.2398493975: [獭獭云旅游军团@🎤啥(887156367)] 哭哭Kirin@也被獭獭军团开除(472247053) -> [mirai:image:{3B881801-08F0-F49A-FE7B-092020C2128B}.jpg, width=320, height=254, size=86347, type=GIF, isEmoji=true]
2023-08-28 22:44:13 V/Bot.2398493975: [獭獭云旅游军团@🎤啥(887156367)] 獭獭睡觉大臣@被獭獭军团开除(963423936) -> 然后我感觉东京的有意思的景点比京都多（草）
2023-08-28 22:44:25 V/Bot.2398493975: [獭獭云旅游军团@🎤啥(887156367)] タタ@獭獭·ω·军团(1609323331) -> [mirai:image:{3B881801-08F0-F49A-FE7B-092020C2128B}.png, width=320, height=254, size=86347, type=GIF, isEmoji=true]
2023-08-28 22:44:25 V/Bot.2398493975: [獭獭云旅游军团@🎤啥(887156367)] 獭獭睡觉大臣@被獭獭军团开除(963423936) -> 京都就今天被人案内了一下京大挺有意思的
2023-08-28 22:45:13 V/Bot.2398493975: [獭獭云旅游军团@🎤啥(887156367)] 獭獭睡觉大臣@被獭獭军团开除(963423936) -> 还有祇園这边穿和服的有钱阿姨好多（草
2023-08-28 22:45:36 V/Bot.2398493975: [獭獭云旅游军团@🎤啥(887156367)] タタ@獭獭·ω·军团(1609323331) -> 来点钱钱
2023-08-28 22:45:39 V/Bot.2398493975: [獭獭云旅游军团@🎤啥(887156367)] タタ@獭獭·ω·军团(1609323331) -> [mirai:image:{A3C56810-0293-8086-658D-531E0E0B1790}.png, width=512, height=512, size=129498, type=GIF, isEmoji=true]
2023-08-28 22:51:13 V/Bot.2398493975: [獭獭云旅游军团@🎤啥(887156367)] 獭獭睡觉大臣@被獭獭军团开除(963423936) -> [不支持的消息#-1834062526][mirai:image:{3FCDA208-5B5D-3642-5219-949E4B2512EA}.jpg, width=328, height=300, size=47813, type=GIF, isEmoji=true]
2023-08-28 22:51:21 V/Bot.2398493975: [獭獭云旅游军团@🎤啥(887156367)] 獭獭睡觉大臣@被獭獭军团开除(963423936) -> 京都好多路大白天都没有人
2023-08-28 22:51:36 V/Bot.2398493975: [獭獭云旅游军团@🎤啥(887156367)] タタ@獭獭·ω·军团(1609323331) -> 来点獭獭
2023-08-28 22:51:36 V/Bot.2398493975: [獭獭云旅游军团@🎤啥(887156367)] 獭獭睡觉大臣@被獭獭军团开除(963423936) -> 感觉就是一个很漂亮的村
2023-08-28 22:52:01 V/Bot.2398493975: [獭獭云旅游军团@🎤啥(887156367)] zz@獺獺軍団(771507043) -> 京都感觉全是寺
2023-08-28 22:52:28 V/Bot.2398493975: [獭獭云旅游军团@🎤啥(887156367)] 獭獭睡觉大臣@被獭獭军团开除(963423936) -> 啊 寺确实很多
2023-08-28 22:53:02 V/Bot.2398493975: [獭獭云旅游军团@🎤啥(887156367)] 獭獭睡觉大臣@被獭獭军团开除(963423936) -> 但是有些票太贵了
2023-08-28 22:53:20 V/Bot.2398493975: [獭獭云旅游军团@🎤啥(887156367)] 獭獭睡觉大臣@被獭獭军团开除(963423936) -> 就 金阁寺这么个破地方
2023-08-28 22:53:23 V/Bot.2398493975: [獭獭云旅游军团@🎤啥(887156367)] 獭獭睡觉大臣@被獭獭军团开除(963423936) -> 居然要500
2023-08-28 22:53:27 V/Bot.2398493975: [獭獭云旅游军团@🎤啥(887156367)] 獭獭睡觉大臣@被獭獭军团开除(963423936) -> 二条城要1300
2023-08-28 22:53:32 V/Bot.2398493975: [獭獭云旅游军团@🎤啥(887156367)] 獭獭睡觉大臣@被獭獭军团开除(963423936) -> 我直接没进二条城
2023-08-28 22:53:42 V/Bot.2398493975: [獭獭云旅游军团@🎤啥(887156367)] タタ@獭獭·ω·军团(1609323331) -> 还行吧
2023-08-28 22:54:04 V/Bot.2398493975: [獭獭云旅游军团@🎤啥(887156367)] 獭獭睡觉大臣@被獭獭军团开除(963423936) -> ？故宫只要十块钱
2023-08-28 22:54:06 V/Bot.2398493975: [獭獭云旅游军团@🎤啥(887156367)] タタ@獭獭·ω·军团(1609323331) -> 牛牛⛰️那里不也这样嘛
2023-08-28 22:54:14 V/Bot.2398493975: [獭獭云旅游军团@🎤啥(887156367)] タタ@獭獭·ω·军团(1609323331) -> [mirai:image:{DCC827E3-C001-8382-2FEB-DD5705F15745}.png, width=336, height=254, size=80956, type=GIF, isEmoji=true]
2023-08-28 22:54:27 V/Bot.2398493975: [獭獭云旅游军团@🎤啥(887156367)] 獭獭睡觉大臣@被獭獭军团开除(963423936) -> 而且看多了京都那些古建感觉
2023-08-28 22:54:29 V/Bot.2398493975: [獭獭云旅游军团@🎤啥(887156367)] 獭獭睡觉大臣@被獭獭军团开除(963423936) -> 就那样
2023-08-28 22:54:29 V/Bot.2398493975: [獭獭云旅游军团@🎤啥(887156367)] タタ@獭獭·ω·军团(1609323331) -> 带獭獭去人少的故宫玩
2023-08-28 22:54:54 V/Bot.2398493975: [獭獭云旅游军团@🎤啥(887156367)] 獭獭睡觉大臣@被獭獭军团开除(963423936) -> 下次直接去圣地巡礼比较好
2023-08-28 22:55:03 V/Bot.2398493975: [獭獭云旅游军团@🎤啥(887156367)] 獭獭睡觉大臣@被獭獭军团开除(963423936) -> 这次巡礼了本能寺
2023-08-28 22:55:13 V/Bot.2398493975: [獭獭云旅游军团@🎤啥(887156367)] 獭獭睡觉大臣@被獭獭军团开除(963423936) -> 乐 信长公烤熟的地方
2023-08-28 22:55:40 V/Bot.2398493975: [獭獭云旅游军团@🎤啥(887156367)] 獭獭睡觉大臣@被獭獭军团开除(963423936) -> 东京的圣地巡礼基本没去
2023-08-28 22:55:45 V/Bot.2398493975: [獭獭云旅游军团@🎤啥(887156367)] 獭獭睡觉大臣@被獭獭军团开除(963423936) -> 就去了shelter和野兽邸
2023-08-28 22:55:49 V/Bot.2398493975: [獭獭云旅游军团@🎤啥(887156367)] 獭獭睡觉大臣@被獭獭军团开除(963423936) -> [不支持的消息#308537381][mirai:image:{324BFB53-FA80-53C9-37B9-AD4CD7B3C147}.jpg, width=280, height=260, size=30126, type=GIF, isEmoji=true]
2023-08-28 22:57:09 V/Bot.2398493975: [獭獭云旅游军团@🎤啥(887156367)] zz@獺獺軍団(771507043) -> 故宫要钱来着么，不是预约抢上了就能进吗
2023-08-28 22:57:22 V/Bot.2398493975: [獭獭云旅游军团@🎤啥(887156367)] 獭獭睡觉大臣@被獭獭军团开除(963423936) -> 忘了捏 反正很便宜
2023-08-28 22:57:52 V/Bot.2398493975: [獭獭云旅游军团@🎤啥(887156367)] Freeze_Kirin(768173212) -> 故宫人真的少吗
2023-08-28 22:58:09 V/Bot.2398493975: [獭獭云旅游军团@🎤啥(887156367)] zz@獺獺軍団(771507043) -> 北京现在感觉没几个收钱的景点了，人多的要预约，人少的一般直接刷身份证
2023-08-28 22:58:21 V/Bot.2398493975: [獭獭云旅游军团@🎤啥(887156367)] タタ@獭獭·ω·军团(1609323331) -> [mirai:image:{7C659D43-DA9A-9B1E-6F64-D0CA83C3AF08}.png, width=308, height=218, size=88602, type=GIF, isEmoji=true]
2023-08-28 22:58:22 V/Bot.2398493975: [獭獭云旅游军团@🎤啥(887156367)] タタ@獭獭·ω·军团(1609323331) -> 那不去了
2023-08-28 22:58:27 V/Bot.2398493975: [獭獭云旅游军团@🎤啥(887156367)] タタ@獭獭·ω·军团(1609323331) -> 没有人少的时候
2023-08-28 22:58:27 V/Bot.2398493975: [獭獭云旅游军团@🎤啥(887156367)] zz@獺獺軍団(771507043) -> 故宫人口密度不高
2023-08-28 22:58:36 V/Bot.2398493975: [獭獭云旅游军团@🎤啥(887156367)] Freeze_Kirin(768173212) -> 草
2023-08-28 22:58:37 V/Bot.2398493975: [獭獭云旅游军团@🎤啥(887156367)] タタ@獭獭·ω·军团(1609323331) -> 那去
2023-08-28 22:58:43 V/Bot.2398493975: [獭獭云旅游军团@🎤啥(887156367)] zz@獺獺軍団(771507043) -> 因为很大，还有人数限制
2023-08-28 22:58:44 V/Bot.2398493975: [獭獭云旅游军团@🎤啥(887156367)] Freeze_Kirin(768173212) -> 你说的倒也没错
2023-08-28 22:58:58 V/Bot.2398493975: [獭獭云旅游军团@🎤啥(887156367)] 獭獭睡觉大臣@被獭獭军团开除(963423936) -> 故宫从来没全开放过
2023-08-28 22:59:05 V/Bot.2398493975: [獭獭云旅游军团@🎤啥(887156367)] 獭獭睡觉大臣@被獭獭军团开除(963423936) -> 就是 每次只会开一部分
2023-08-28 22:59:09 V/Bot.2398493975: [獭獭云旅游军团@🎤啥(887156367)] 獭獭睡觉大臣@被獭獭军团开除(963423936) -> 所以其实可以去很多次
2023-08-28 22:59:13 V/Bot.2398493975: [獭獭云旅游军团@🎤啥(887156367)] タタ@獭獭·ω·军团(1609323331) -> [mirai:image:{8BF34B10-19C1-4195-5866-6DDB73A903D8}.png, width=249, height=188, size=54265, type=GIF, isEmoji=true]
2023-08-28 22:59:34 V/Bot.2398493975: [獭獭云旅游军团@🎤啥(887156367)] Freeze_Kirin(768173212) -> 总密度小，部分密度大（
2023-08-28 22:59:45 V/Bot.2398493975: [獭獭云旅游军团@🎤啥(887156367)] Freeze_Kirin(768173212) -> [mirai:image:{ADABBF95-C139-32E9-FB99-E17AF072A0A7}.png, width=1080, height=1120, size=77148, type=JPG, isEmoji=true]
2023-08-28 22:59:51 V/Bot.2398493975: [獭獭云旅游军团@🎤啥(887156367)] zz@獺獺軍団(771507043) -> 夏天故宫中间都没什么人，有影子的地方人挤人
2023-08-28 23:00:08 V/Bot.2398493975: [獭獭云旅游军团@🎤啥(887156367)] Freeze_Kirin(768173212) -> 乐
2023-08-28 23:00:12 V/Bot.2398493975: [獭獭云旅游军团@🎤啥(887156367)] 獭獭睡觉大臣@被獭獭军团开除(963423936) -> 啊
2023-08-28 23:00:15 V/Bot.2398493975: [獭獭云旅游军团@🎤啥(887156367)] タタ@獭獭·ω·军团(1609323331) -> 那不去
2023-08-28 23:00:17 V/Bot.2398493975: [獭獭云旅游军团@🎤啥(887156367)] タタ@獭獭·ω·军团(1609323331) -> [mirai:image:{DCC827E3-C001-8382-2FEB-DD5705F15745}.png, width=336, height=254, size=80956, type=GIF, isEmoji=true]
2023-08-28 23:00:19 V/Bot.2398493975: [獭獭云旅游军团@🎤啥(887156367)] 獭獭睡觉大臣@被獭獭军团开除(963423936) -> 其实故宫不纯粹是观光
2023-08-28 23:00:28 V/Bot.2398493975: [獭獭云旅游军团@🎤啥(887156367)] 獭獭睡觉大臣@被獭獭军团开除(963423936) -> 还有文物展览的
2023-08-28 23:00:38 V/Bot.2398493975: [獭獭云旅游军团@🎤啥(887156367)] 獭獭睡觉大臣@被獭獭军团开除(963423936) -> 就只看文物都挺好的
2023-08-28 23:00:44 V/Bot.2398493975: [獭獭云旅游军团@🎤啥(887156367)] zz@獺獺軍団(771507043) -> ？不就是看文物/建筑的吗
2023-08-28 23:00:51 V/Bot.2398493975: [獭獭云旅游军团@🎤啥(887156367)] 獭獭睡觉大臣@被獭獭军团开除(963423936) -> 草
2023-08-28 23:00:53 V/Bot.2398493975: [獭獭云旅游军团@🎤啥(887156367)] Freeze_Kirin(768173212) -> 去故宫还能干嘛
2023-08-28 23:00:57 V/Bot.2398493975: [獭獭云旅游军团@🎤啥(887156367)] 獭獭睡觉大臣@被獭獭军团开除(963423936) -> 京都这堆景点
2023-08-28 23:00:59 V/Bot.2398493975: [獭獭云旅游军团@🎤啥(887156367)] タタ@獭獭·ω·军团(1609323331) -> [mirai:image:{324BFB53-FA80-53C9-37B9-AD4CD7B3C147}.png, width=280, height=260, size=30126, type=GIF, isEmoji=false]
2023-08-28 23:01:03 V/Bot.2398493975: [獭獭云旅游军团@🎤啥(887156367)] 獭獭睡觉大臣@被獭獭军团开除(963423936) -> 只有tmd景
2023-08-28 23:01:20 V/Bot.2398493975: [獭獭云旅游军团@🎤啥(887156367)] 獭獭睡觉大臣@被獭獭军团开除(963423936) -> 这几把金阁寺收了我500円进去溜达一圈就滚蛋了
2023-08-28 23:01:22 V/Bot.2398493975: [獭獭云旅游军团@🎤啥(887156367)] タタ@獭獭·ω·军团(1609323331) -> 只有景不是挺好的
2023-08-28 23:01:26 V/Bot.2398493975: [獭獭云旅游军团@🎤啥(887156367)] タタ@獭獭·ω·军团(1609323331) -> 不用买票进去了
2023-08-28 23:01:27 V/Bot.2398493975: [獭獭云旅游军团@🎤啥(887156367)] 獭獭睡觉大臣@被獭獭军团开除(963423936) -> 好亏啊
2023-08-28 23:01:28 V/Bot.2398493975: [獭獭云旅游军团@🎤啥(887156367)] タタ@獭獭·ω·军团(1609323331) -> [mirai:image:{05919B55-D12E-11BD-7C76-D06FAD553D12}.png, width=370, height=296, size=100522, type=GIF, isEmoji=true]
2023-08-28 23:01:29 V/Bot.2398493975: [獭獭云旅游军团@🎤啥(887156367)] 獭獭睡觉大臣@被獭獭军团开除(963423936) -> 要买票啊
2023-08-28 23:01:35 V/Bot.2398493975: [獭獭云旅游军团@🎤啥(887156367)] 獭獭睡觉大臣@被獭獭军团开除(963423936) -> 不买票看不到那个寺
2023-08-28 23:01:37 V/Bot.2398493975: [獭獭云旅游军团@🎤啥(887156367)] 獭獭睡觉大臣@被獭獭军团开除(963423936) -> 金光闪闪的
2023-08-28 23:01:40 V/Bot.2398493975: [獭獭云旅游军团@🎤啥(887156367)] タタ@獭獭·ω·军团(1609323331) -> [mirai:image:{7C659D43-DA9A-9B1E-6F64-D0CA83C3AF08}.png, width=308, height=218, size=88602, type=GIF, isEmoji=true]
2023-08-28 23:01:43 V/Bot.2398493975: [獭獭云旅游军团@🎤啥(887156367)] タタ@獭獭·ω·军团(1609323331) -> 那好
2023-08-28 23:01:45 V/Bot.2398493975: [獭獭云旅游军团@🎤啥(887156367)] Freeze_Kirin(768173212) -> kirakira寺
2023-08-28 23:01:45 V/Bot.2398493975: [獭獭云旅游军团@🎤啥(887156367)] タタ@獭獭·ω·军团(1609323331) -> 下次不去了
2023-08-28 23:01:51 V/Bot.2398493975: [獭獭云旅游军团@🎤啥(887156367)] タタ@獭獭·ω·军团(1609323331) -> 已经拍过了
2023-08-28 23:01:53 V/Bot.2398493975: [獭獭云旅游军团@🎤啥(887156367)] タタ@獭獭·ω·军团(1609323331) -> [mirai:image:{05919B55-D12E-11BD-7C76-D06FAD553D12}.png, width=370, height=296, size=100522, type=GIF, isEmoji=true]
2023-08-28 23:01:59 V/Bot.2398493975: [獭獭云旅游军团@🎤啥(887156367)] 獭獭睡觉大臣@被獭獭军团开除(963423936) -> [mirai:image:{8F845F13-50F5-E3CB-F2FA-66E8ABF99884}.png, width=2536, height=1902, size=836099, type=JPG, isEmoji=false]
2023-08-28 23:02:01 V/Bot.2398493975: [獭獭云旅游军团@🎤啥(887156367)] 獭獭睡觉大臣@被獭獭军团开除(963423936) -> [mirai:image:{DC893FD5-6232-C55D-82F7-06DD2DA561FE}.png, width=2536, height=1902, size=833787, type=JPG, isEmoji=false]
2023-08-28 23:02:01 V/Bot.2398493975: [獭獭云旅游军团@🎤啥(887156367)] 獭獭睡觉大臣@被獭獭军团开除(963423936) -> [mirai:image:{9CB1BF9F-EFEB-B30F-DE6F-7555F81B4FCF}.png, width=2536, height=1902, size=784322, type=JPG, isEmoji=false]
2023-08-28 23:02:19 V/Bot.2398493975: [獭獭云旅游军团@🎤啥(887156367)] 獭獭睡觉大臣@被獭獭军团开除(963423936) -> 远不如逛京大吉田校区
2023-08-28 23:02:22 V/Bot.2398493975: [獭獭云旅游军团@🎤啥(887156367)] タタ@獭獭·ω·军团(1609323331) -> 价值500en的金光闪闪
2023-08-28 23:02:24 V/Bot.2398493975: [獭獭云旅游军团@🎤啥(887156367)] 獭獭哪凉快呆哪军团(1297471104) -> 来都来了
2023-08-28 23:02:29 V/Bot.2398493975: [獭獭云旅游军团@🎤啥(887156367)] 獭獭睡觉大臣@被獭獭军团开除(963423936) -> 不仅有京大历史馆
2023-08-28 23:02:34 V/Bot.2398493975: [獭獭云旅游军团@🎤啥(887156367)] 獭獭哪凉快呆哪军团(1297471104) -> 这不薅一块天花板回来
2023-08-28 23:02:35 V/Bot.2398493975: [獭獭云旅游军团@🎤啥(887156367)] 獭獭睡觉大臣@被獭獭军团开除(963423936) -> 还能去看吉田寮
2023-08-28 23:02:39 V/Bot.2398493975: [獭獭云旅游军团@🎤啥(887156367)] Freeze_Kirin(768173212) -> 这个光闪得和假的一样
2023-08-28 23:02:39 V/Bot.2398493975: [獭獭云旅游军团@🎤啥(887156367)] zz@獺獺軍団(771507043) -> 来都来了
2023-08-28 23:02:43 V/Bot.2398493975: [獭獭云旅游军团@🎤啥(887156367)] 獭獭睡觉大臣@被獭獭军团开除(963423936) -> 吉田寮里面不让拍，里面太牛逼了
2023-08-28 23:02:53 V/Bot.2398493975: [獭獭云旅游军团@🎤啥(887156367)] zz@獺獺軍団(771507043) -> 这不买个木刀回来
2023-08-28 23:02:59 V/Bot.2398493975: [獭獭云旅游军团@🎤啥(887156367)] タタ@獭獭·ω·军团(1609323331) -> [mirai:image:{DCC827E3-C001-8382-2FEB-DD5705F15745}.png, width=336, height=254, size=80956, type=GIF, isEmoji=true]
2023-08-28 23:03:20 V/Bot.2398493975: [獭獭云旅游军团@🎤啥(887156367)] Freeze_Kirin(768173212) -> [mirai:image:{C2B9835A-B426-00E2-F859-124D34935BF1}.png, width=304, height=240, size=29087, type=GIF, isEmoji=true]
2023-08-28 23:03:29 V/Bot.2398493975: [獭獭云旅游军团@🎤啥(887156367)] タタ@獭獭·ω·军团(1609323331) -> [mirai:quote:[mirai:source:ids=[63977], internalIds=[1655419483], from 963423936 to 887156367 at 1693234963], content=<not yet initialized>][mirai:at:963423936] 那你画下来
2023-08-28 23:03:31 V/Bot.2398493975: [獭獭云旅游军团@🎤啥(887156367)] タタ@獭獭·ω·军团(1609323331) -> [mirai:image:{7C659D43-DA9A-9B1E-6F64-D0CA83C3AF08}.png, width=308, height=218, size=88602, type=GIF, isEmoji=true]
2023-08-28 23:03:41 V/Bot.2398493975: [獭獭云旅游军团@🎤啥(887156367)] 獭獭睡觉大臣@被獭獭军团开除(963423936) -> 搞不好下次来吉田寮已经被京大给拆了
2023-08-28 23:03:45 V/Bot.2398493975: [獭獭云旅游军团@🎤啥(887156367)] Freeze_Kirin(768173212) -> ？
2023-08-28 23:03:48 V/Bot.2398493975: [獭獭云旅游军团@🎤啥(887156367)] 獭獭睡觉大臣@被獭獭军团开除(963423936) -> 10/5号开庭辩论
2023-08-28 23:03:58 V/Bot.2398493975: [獭獭云旅游军团@🎤啥(887156367)] 獭獭睡觉大臣@被獭獭军团开除(963423936) -> 吉田寮学生自治会被京大诉讼了
2023-08-28 23:04:21 V/Bot.2398493975: [獭獭云旅游军团@🎤啥(887156367)] Freeze_Kirin(768173212) -> 那只要獭獭十月一去就还能看（
2023-08-28 23:04:47 V/Bot.2398493975: [獭獭云旅游军团@🎤啥(887156367)] zz@獺獺軍団(771507043) -> 该计划十一去日本了
2023-08-28 23:04:55 V/Bot.2398493975: [獭獭云旅游军团@🎤啥(887156367)] タタ@獭獭·ω·军团(1609323331) -> [mirai:image:{8BF34B10-19C1-4195-5866-6DDB73A903D8}.png, width=249, height=188, size=54265, type=GIF, isEmoji=true]
2023-08-28 23:05:02 V/Bot.2398493975: [獭獭云旅游军团@🎤啥(887156367)] 獭獭睡觉大臣@被獭獭军团开除(963423936) -> 草，顶着这个开庭辩论去吉田寮
2023-08-28 23:05:04 V/Bot.2398493975: [獭獭云旅游军团@🎤啥(887156367)] 獭獭睡觉大臣@被獭獭军团开除(963423936) -> 可能会见到
2023-08-28 23:05:13 V/Bot.2398493975: [獭獭云旅游军团@🎤啥(887156367)] タタ@獭獭·ω·军团(1609323331) -> [mirai:image:{ED21618C-F332-6ECE-B872-589082D2BE32}.png, width=342, height=284, size=84688, type=GIF, isEmoji=true]
2023-08-28 23:05:17 V/Bot.2398493975: [獭獭云旅游军团@🎤啥(887156367)] 獭獭睡觉大臣@被獭獭军团开除(963423936) -> 类似学运一样的劲爆场景
2023-08-28 23:05:36 V/Bot.2398493975: [獭獭云旅游军团@🎤啥(887156367)] 獭獭睡觉大臣@被獭獭军团开除(963423936) -> 给你一点小小的中核震撼
2023-08-28 23:06:17 I/UnidbgFetchQsign: Bot(2398493975) request_token, submit success
2023-08-28 23:06:25 V/Bot.2398493975: [獭獭云旅游军团@🎤啥(887156367)] 獭獭睡觉大臣@被獭獭军团开除(963423936) -> [不支持的消息#-1571740861][mirai:image:{FB9C65FB-5685-1B12-1B13-836B38246164}.jpg, width=292, height=205, size=61102, type=GIF, isEmoji=true]
2023-08-28 23:08:52 V/Bot.2398493975: [獭獭云旅游军团@🎤啥(887156367)] zz@獺獺軍団(771507043) -> [不支持的消息#1040049679][mirai:image:{E4573924-BF54-29E0-C156-FE9E304164CC}.jpg, width=712, height=614, size=573426, type=PNG, isEmoji=false]
2023-08-28 23:09:15 V/Bot.2398493975: [獭獭云旅游军团@🎤啥(887156367)] 獭獭睡觉大臣@被獭獭军团开除(963423936) -> ？
2023-08-28 23:18:28 V/Bot.2398493975: [獭獭云旅游军团@🎤啥(887156367)] 萝卜@萝卜軍団(690875992) -> 明天下午6点有浦东机场一起打车回学校的吗
2023-08-28 23:18:36 V/Bot.2398493975: [獭獭云旅游军团@🎤啥(887156367)] zz@獺獺軍団(771507043) -> ？
2023-08-28 23:18:59 V/Bot.2398493975: [獭獭云旅游军团@🎤啥(887156367)] 哭哭Kirin@也被獭獭军团开除(472247053) -> [mirai:image:{8BF34B10-19C1-4195-5866-6DDB73A903D8}.png, width=249, height=188, size=54265, type=GIF, isEmoji=false]
2023-08-28 23:31:04 V/Bot.2398493975: [獭獭云旅游军团@🎤啥(887156367)] 獭獭睡觉大臣@被獭獭军团开除(963423936) -> ？
2023-08-28 23:31:11 V/Bot.2398493975: [獭獭云旅游军团@🎤啥(887156367)] 獭獭睡觉大臣@被獭獭军团开除(963423936) -> 明天下午6点有浦东机场一起打车回学校的吗
2023-08-28 23:46:23 I/UnidbgFetchQsign: Bot(2398493975) request_token, submit success
