2023-08-15 00:26:51 I/UnidbgFetchQsign: Bot(2398493975) request_token, submit success
2023-08-15 01:06:52 I/UnidbgFetchQsign: Bot(2398493975) request_token, submit success
2023-08-15 01:46:58 I/UnidbgFetchQsign: Bot(2398493975) request_token, submit success
2023-08-15 02:26:58 I/UnidbgFetchQsign: Bot(2398493975) request_token, submit success
2023-08-15 03:06:59 I/UnidbgFetchQsign: Bot(2398493975) request_token, submit success
2023-08-15 03:47:05 I/UnidbgFetchQsign: Bot(2398493975) request_token, submit success
2023-08-15 04:27:06 I/UnidbgFetchQsign: Bot(2398493975) request_token, submit success
2023-08-15 05:07:07 I/UnidbgFetchQsign: Bot(2398493975) request_token, submit success
2023-08-15 05:47:13 I/UnidbgFetchQsign: Bot(2398493975) request_token, submit success
2023-08-15 06:27:13 I/UnidbgFetchQsign: Bot(2398493975) request_token, submit success
2023-08-15 07:07:14 I/UnidbgFetchQsign: Bot(2398493975) request_token, submit success
2023-08-15 07:47:20 I/UnidbgFetchQsign: Bot(2398493975) request_token, submit success
2023-08-15 08:04:24 V/Bot.2398493975: [獭獭哪凉快呆哪军团@(887156367)] 獭獭睡觉大臣@被獭獭军团开除(963423936) -> 五金店是不是有卖布基胶带的
2023-08-15 08:04:30 V/Bot.2398493975: [獭獭哪凉快呆哪军团@(887156367)] 獭獭睡觉大臣@被獭獭军团开除(963423936) -> 我得收一卷。。今天就用
2023-08-15 08:27:21 I/UnidbgFetchQsign: Bot(2398493975) request_token, submit success
2023-08-15 09:07:22 I/UnidbgFetchQsign: Bot(2398493975) request_token, submit success
2023-08-15 09:13:06 V/Bot.2398493975: [獭獭哪凉快呆哪军团@(887156367)] hzc@獭獭軍団二度受(2384102753) -> [mirai:image:{EE7C88BA-DAF0-6A2D-E286-3A059788806D}.gif, width=370, height=292, size=77327, type=GIF, isEmoji=true]
2023-08-15 09:22:45 V/Bot.2398493975: [獭獭哪凉快呆哪军团@(887156367)] lax@牛牛道心破碎军团(269418386) -> [mirai:image:{EE7C88BA-DAF0-6A2D-E286-3A059788806D}.gif, width=370, height=292, size=77327, type=GIF, isEmoji=true]
2023-08-15 09:47:28 I/UnidbgFetchQsign: Bot(2398493975) request_token, submit success
2023-08-15 09:51:12 V/Bot.2398493975: [獭獭哪凉快呆哪军团@(887156367)] 优雅猛牛(695150175) -> [mirai:image:{EE7C88BA-DAF0-6A2D-E286-3A059788806D}.jpg, width=370, height=292, size=77327, type=GIF, isEmoji=true]
2023-08-15 10:05:27 V/Bot.2398493975: [獭獭哪凉快呆哪军团@(887156367)] lax@牛牛道心破碎军团(269418386) -> 这哪里是tata军团 这早就是卡波军团了
2023-08-15 10:25:46 V/Bot.2398493975: [獭獭哪凉快呆哪军团@(887156367)] 獭獭睡觉大臣@被獭獭军团开除(963423936) -> [mirai:image:{07D9C300-A6D8-EFEC-98C9-84EDD98DBE3E}.gif, width=512, height=512, size=38344, type=GIF, isEmoji=true]
2023-08-15 10:27:28 I/UnidbgFetchQsign: Bot(2398493975) request_token, submit success
2023-08-15 10:42:38 V/Bot.2398493975: [獭獭哪凉快呆哪军团@(887156367)] 优雅猛牛(695150175) -> 卡波是啥
2023-08-15 10:48:43 V/Bot.2398493975: [獭獭哪凉快呆哪军团@(887156367)] 獭獭睡觉大臣@被獭獭军团开除(963423936) -> [mirai:image:{07D9C300-A6D8-EFEC-98C9-84EDD98DBE3E}.gif, width=512, height=512, size=38344, type=GIF, isEmoji=true]
2023-08-15 11:07:29 I/UnidbgFetchQsign: Bot(2398493975) request_token, submit success
2023-08-15 11:12:50 V/Bot.2398493975: [獭獭哪凉快呆哪军团@(887156367)] 萝卜@萝卜軍団(690875992) -> [mirai:image:{07D9C300-A6D8-EFEC-98C9-84EDD98DBE3E}.gif, width=512, height=512, size=38344, type=GIF, isEmoji=true]
2023-08-15 11:24:45 V/Bot.2398493975: [獭獭哪凉快呆哪军团@(887156367)] lax@牛牛道心破碎军团(269418386) -> [mirai:quote:[mirai:source:ids=[58849], internalIds=[1371399039], from 695150175 to 887156367 at 1692067357], content=<not yet initialized>][mirai:at:695150175] 就是你看到的充斥在这个群里面的东西
2023-08-15 11:34:15 V/Bot.2398493975: [獭獭哪凉快呆哪军团@(887156367)] 哭哭Kirin@也被獭獭军团开除(472247053) -> [mirai:image:{EDDC4A94-F43C-4845-745A-736D762AC858}.jpg, width=512, height=512, size=45445, type=GIF, isEmoji=true]
2023-08-15 11:34:16 V/Bot.2398493975: [獭獭哪凉快呆哪军团@(887156367)] 哭哭Kirin@也被獭獭军团开除(472247053) -> [mirai:image:{14BE472C-9928-5C42-8BC4-EAFA0847EAEF}.jpg, width=256, height=256, size=12525, type=GIF, isEmoji=true]
2023-08-15 11:34:17 V/Bot.2398493975: [獭獭哪凉快呆哪军团@(887156367)] 哭哭Kirin@也被獭獭军团开除(472247053) -> [mirai:image:{09409E22-6B4A-9EF8-501E-F04C815A5D8C}.jpg, width=512, height=512, size=40389, type=GIF, isEmoji=true]
2023-08-15 11:35:51 V/Bot.2398493975: [獭獭哪凉快呆哪军团@(887156367)] 獭獭睡觉大臣@被獭獭军团开除(963423936) -> [mirai:image:{05919B55-D12E-11BD-7C76-D06FAD553D12}.gif, width=370, height=296, size=100522, type=GIF, isEmoji=true]
2023-08-15 11:35:56 V/Bot.2398493975: [獭獭哪凉快呆哪军团@(887156367)] 獭獭睡觉大臣@被獭獭军团开除(963423936) -> [mirai:image:{25AA55CE-A922-DEDC-F88C-7A75D13F7FE6}.gif, width=198, height=194, size=77446, type=GIF, isEmoji=true]
2023-08-15 11:36:02 V/Bot.2398493975: [獭獭哪凉快呆哪军团@(887156367)] 獭獭睡觉大臣@被獭獭军团开除(963423936) -> [mirai:image:{393C1EFB-E797-4557-8D16-A135C9B78721}.jpg, width=75, height=75, size=20157, type=JPG, isEmoji=true]
2023-08-15 11:36:08 V/Bot.2398493975: [獭獭哪凉快呆哪军团@(887156367)] 獭獭睡觉大臣@被獭獭军团开除(963423936) -> 除非把每个咖波
2023-08-15 11:36:11 V/Bot.2398493975: [獭獭哪凉快呆哪军团@(887156367)] 獭獭睡觉大臣@被獭獭军团开除(963423936) -> 都加上塔
2023-08-15 11:47:35 I/UnidbgFetchQsign: Bot(2398493975) request_token, submit success
2023-08-15 12:07:39 V/Bot.2398493975: [獭獭哪凉快呆哪军团@(887156367)] 优雅猛牛(695150175) -> [mirai:app:{"app":"com.tencent.structmsg","config":{"ctime":1692072453,"forward":true,"token":"3237c610b39cee00187fca693a5f660b","type":"normal"},"desc":"新闻","extra":{"app_type":1,"appid":100951776,"msg_seq":7267395848599650808,"uin":695150175},"meta":{"news":{"action":"","android_pkg_name":"","app_type":1,"appid":100951776,"ctime":1692072453,"desc":"","jumpUrl":"https://b23.tv/8oE2CnA?share_medium=android&share_source=qq&bbid=XUBB65AB2EAB1EB69BEAF0B302767730BC1CB&ts=1692072450548","preview":"https://pic.ugcimg.cn/c6b9135ac656120a80b8dc7a0ffdf4a1/jpg1","source_icon":"https://open.gtimg.cn/open/app_icon/00/95/17/76/100951776_100_m.png?t=1692008162","source_url":"","tag":"哔哩哔哩","title":"《原神》角色演示-「林尼：帽底匿迹」","uin":695150175}},"prompt":"[分享]《原神》角色演示-「林尼：帽底匿迹」","ver":"0.0.0.1","view":"news"}]
2023-08-15 12:07:52 V/Bot.2398493975: [獭獭哪凉快呆哪军团@(887156367)] 优雅猛牛(695150175) -> 可爱捏
2023-08-15 12:27:36 I/UnidbgFetchQsign: Bot(2398493975) request_token, submit success
2023-08-15 12:37:59 V/Bot.2398493975: [獭獭哪凉快呆哪军团@(887156367)] lax@牛牛道心破碎军团(269418386) -> 塔照
2023-08-15 13:07:36 I/UnidbgFetchQsign: Bot(2398493975) request_token, submit success
2023-08-15 13:47:43 I/UnidbgFetchQsign: Bot(2398493975) request_token, submit success
2023-08-15 14:27:43 I/UnidbgFetchQsign: Bot(2398493975) request_token, submit success
2023-08-15 15:07:44 I/UnidbgFetchQsign: Bot(2398493975) request_token, submit success
2023-08-15 15:15:55 V/Bot.2398493975: [獭獭哪凉快呆哪军团@(887156367)] lax@牛牛道心破碎军团(269418386) -> 学校图书馆有matlab下吗
2023-08-15 15:16:05 V/Bot.2398493975: [獭獭哪凉快呆哪军团@(887156367)] lax@牛牛道心破碎军团(269418386) -> 我记得应该是有的
2023-08-15 15:18:01 V/Bot.2398493975: [獭獭哪凉快呆哪军团@(887156367)] 小獭暗恋睦睦暗恋soyo暗恋祥子暗恋灯暗恋anon(1609323331) -> [mirai:image:{E1F61AD0-96F3-5874-EF23-671B9766F73A}.png, width=364, height=300, size=197651, type=GIF, isEmoji=true]
2023-08-15 15:18:32 V/Bot.2398493975: [獭獭哪凉快呆哪军团@(887156367)] lax@牛牛道心破碎军团(269418386) -> 那xfw帮我下一个
2023-08-15 15:18:36 V/Bot.2398493975: [獭獭哪凉快呆哪军团@(887156367)] zz@獺獺軍団(771507043) -> matlab要登录，毕业了能用吗
2023-08-15 15:18:44 V/Bot.2398493975: [獭獭哪凉快呆哪军团@(887156367)] lax@牛牛道心破碎军团(269418386) -> 啊？
2023-08-15 15:18:54 V/Bot.2398493975: [獭獭哪凉快呆哪军团@(887156367)] lax@牛牛道心破碎军团(269418386) -> 单机软件还需要登录？
2023-08-15 15:19:29 V/Bot.2398493975: [獭獭哪凉快呆哪军团@(887156367)] Freeze_Kirin(768173212) -> matlab这些软件使用好像要申请？就那个期限之类的
2023-08-15 15:19:47 V/Bot.2398493975: [獭獭哪凉快呆哪军团@(887156367)] zz@獺獺軍団(771507043) -> matlab在官网就能下，用学校邮箱注册账号就可以用，但我不确定它检不检查你毕业没有
2023-08-15 15:19:55 V/Bot.2398493975: [獭獭哪凉快呆哪军团@(887156367)] lax@牛牛道心破碎军团(269418386) -> 吐了 那我记得谁给我发过matlab全家桶来着
2023-08-15 15:19:59 V/Bot.2398493975: [獭獭哪凉快呆哪军团@(887156367)] lax@牛牛道心破碎军团(269418386) -> 破解版的
2023-08-15 15:20:06 V/Bot.2398493975: [獭獭哪凉快呆哪军团@(887156367)] Freeze_Kirin(768173212) -> [mirai:image:{314DB052-C184-7C0B-5179-4CE3EFF22482}.gif, width=80, height=80, size=5167, type=GIF, isEmoji=false]
2023-08-15 15:20:24 V/Bot.2398493975: [獭獭哪凉快呆哪军团@(887156367)] Freeze_Kirin(768173212) -> 不知道。我只知道邮箱会在你毕业后把你踢了
2023-08-15 15:20:49 V/Bot.2398493975: [獭獭哪凉快呆哪军团@(887156367)] lax@牛牛道心破碎军团(269418386) -> 确实 我的邮箱已经不是shanghaitech后缀了
2023-08-15 15:21:02 V/Bot.2398493975: [獭獭哪凉快呆哪军团@(887156367)] lax@牛牛道心破碎军团(269418386) -> 我一气之下删除了所有邮件
2023-08-15 15:21:17 V/Bot.2398493975: [獭獭哪凉快呆哪军团@(887156367)] lax@牛牛道心破碎军团(269418386) -> 把学校给我的那个纪念邮箱也给删了
2023-08-15 15:21:40 V/Bot.2398493975: [獭獭哪凉快呆哪军团@(887156367)] lax@牛牛道心破碎军团(269418386) -> 问问神奇的B友好了
2023-08-15 15:25:14 V/Bot.2398493975: [獭獭哪凉快呆哪军团@(887156367)] zz@獺獺軍団(771507043) -> [不支持的消息#-262759647][mirai:image:{55DBE57D-A8BF-2BAA-E27E-F00D343CE60B}.jpg, width=2180, height=1332, size=523229, type=PNG, isEmoji=false]
2023-08-15 15:25:36 V/Bot.2398493975: [獭獭哪凉快呆哪军团@(887156367)] zz@獺獺軍団(771507043) -> 看上去说不定只要有shanghaitech后缀的邮箱就行
2023-08-15 15:26:49 V/Bot.2398493975: [獭獭哪凉快呆哪军团@(887156367)] lax@牛牛道心破碎军团(269418386) -> [mirai:image:{8946F966-176B-8B22-0137-D5C8A744DB55}.png, width=810, height=39, size=17260, type=PNG, isEmoji=false]
2023-08-15 15:26:56 V/Bot.2398493975: [獭獭哪凉快呆哪军团@(887156367)] lax@牛牛道心破碎军团(269418386) -> 这是不是要学校vpn
2023-08-15 15:27:18 V/Bot.2398493975: [獭獭哪凉快呆哪军团@(887156367)] zz@獺獺軍団(771507043) -> 不用，你注册了账户在官网就能下
2023-08-15 15:28:32 V/Bot.2398493975: [獭獭哪凉快呆哪军团@(887156367)] zz@獺獺軍団(771507043) -> 主要是看你能不能注册有许可证的账户，学校的下下来也是要登录的
2023-08-15 15:31:25 V/Bot.2398493975: [獭獭哪凉快呆哪军团@(887156367)] zz@獺獺軍団(771507043) -> [不支持的消息#538475285][mirai:image:{CB14C1A5-D11C-FF0E-82F7-605A92886680}.jpg, width=1002, height=158, size=27773, type=PNG, isEmoji=false]java运行时 翻译的真好
2023-08-15 15:38:20 V/Bot.2398493975: [獭獭哪凉快呆哪军团@(887156367)] lax@牛牛道心破碎军团(269418386) -> 还要安装java？
2023-08-15 15:38:30 V/Bot.2398493975: [獭獭哪凉快呆哪军团@(887156367)] lax@牛牛道心破碎军团(269418386) -> 什么版本 nm脑残
2023-08-15 15:38:50 V/Bot.2398493975: [獭獭哪凉快呆哪军团@(887156367)] lax@牛牛道心破碎军团(269418386) -> 不会是最新版把
2023-08-15 15:39:28 V/Bot.2398493975: [獭獭哪凉快呆哪军团@(887156367)] zz@獺獺軍団(771507043) -> 这是beta，我看见了安着玩
2023-08-15 15:40:23 V/Bot.2398493975: [獭獭哪凉快呆哪军团@(887156367)] zz@獺獺軍団(771507043) -> 正式版没有出过这个的印象
2023-08-15 15:40:34 V/Bot.2398493975: [獭獭哪凉快呆哪军团@(887156367)] 小獭暗恋睦睦暗恋soyo暗恋祥子暗恋灯暗恋anon(1609323331) -> [mirai:app:{"app":"com.tencent.structmsg","config":{"ctime":1692085218,"forward":true,"token":"75ca63075f9634127497c147d66c46bf","type":"normal"},"desc":"新闻","extra":{"app_type":1,"appid":1105517988,"uin":1609323331},"meta":{"news":{"action":"","android_pkg_name":"","app_type":1,"appid":1105517988,"ctime":1692085218,"desc":"来自哔哩哔哩","jumpUrl":"https://b23.tv/y5Qos1J","preview":"https://pic.ugcimg.cn/96e238af0b15c8417d7bf5ae62c220a5/jpg1","source_icon":"http://i.gtimg.cn/open/app_icon/05/51/79/88//1105517988_100_ios.png","source_url":"","tag":"哔哩哔哩HD","title":"逆天老八","uin":1609323331}},"prompt":"[分享]逆天老八","ver":"0.0.0.1","view":"news"}]
2023-08-15 15:41:40 V/Bot.2398493975: [獭獭哪凉快呆哪军团@(887156367)] 小獭暗恋睦睦暗恋soyo暗恋祥子暗恋灯暗恋anon(1609323331) -> 邮箱丢了怎么办啊
2023-08-15 15:41:47 V/Bot.2398493975: [獭獭哪凉快呆哪军团@(887156367)] zz@獺獺軍団(771507043) -> 汉堡不是back吗，怎么跑那么远
2023-08-15 15:41:53 V/Bot.2398493975: [獭獭哪凉快呆哪军团@(887156367)] zz@獺獺軍団(771507043) -> [mirai:quote:[mirai:source:ids=[58894], internalIds=[1649886260], from 1609323331 to 887156367 at 1692085300], content=<not yet initialized>][mirai:at:1609323331] ？
2023-08-15 15:41:56 V/Bot.2398493975: [獭獭哪凉快呆哪军团@(887156367)] 小獭暗恋睦睦暗恋soyo暗恋祥子暗恋灯暗恋anon(1609323331) -> 这关有bug
2023-08-15 15:42:38 V/Bot.2398493975: [獭獭哪凉快呆哪军团@(887156367)] 小獭暗恋睦睦暗恋soyo暗恋祥子暗恋灯暗恋anon(1609323331) -> 旧邮箱被锁了捏
2023-08-15 15:42:39 V/Bot.2398493975: [獭獭哪凉快呆哪军团@(887156367)] zz@獺獺軍団(771507043) -> 汉堡ex终于有用了（
2023-08-15 15:42:50 V/Bot.2398493975: [獭獭哪凉快呆哪军团@(887156367)] 小獭暗恋睦睦暗恋soyo暗恋祥子暗恋灯暗恋anon(1609323331) -> ex是啥
2023-08-15 15:43:01 V/Bot.2398493975: [獭獭哪凉快呆哪军团@(887156367)] zz@獺獺軍団(771507043) -> 给自己回血
2023-08-15 15:43:17 V/Bot.2398493975: [獭獭哪凉快呆哪军团@(887156367)] 小獭暗恋睦睦暗恋soyo暗恋祥子暗恋灯暗恋anon(1609323331) -> [mirai:image:{D433A686-CCE9-F2AE-B701-ED67C8F26A07}.png, width=200, height=200, size=89332, type=GIF, isEmoji=true]
2023-08-15 15:43:17 V/Bot.2398493975: [獭獭哪凉快呆哪军团@(887156367)] lax@牛牛道心破碎军团(269418386) -> [mirai:image:{846F267D-D956-D267-4A82-A5DF56FDC589}.png, width=1636, height=85, size=55591, type=PNG, isEmoji=false]
2023-08-15 15:43:22 V/Bot.2398493975: [獭獭哪凉快呆哪军团@(887156367)] lax@牛牛道心破碎军团(269418386) -> 这个去哪找
2023-08-15 15:43:33 V/Bot.2398493975: [獭獭哪凉快呆哪军团@(887156367)] lax@牛牛道心破碎军团(269418386) -> 激活秘钥
2023-08-15 15:43:51 V/Bot.2398493975: [獭獭哪凉快呆哪军团@(887156367)] 小獭暗恋睦睦暗恋soyo暗恋祥子暗恋灯暗恋anon(1609323331) -> [mirai:image:{D66A16D2-3478-4399-D85D-6392CC57753A}.png, width=2388, height=1668, size=461862, type=JPG, isEmoji=false]
2023-08-15 15:44:07 V/Bot.2398493975: [獭獭哪凉快呆哪军团@(887156367)] 小獭暗恋睦睦暗恋soyo暗恋祥子暗恋灯暗恋anon(1609323331) -> 登录就不需要密钥了
2023-08-15 15:44:15 V/Bot.2398493975: [獭獭哪凉快呆哪军团@(887156367)] 小獭暗恋睦睦暗恋soyo暗恋祥子暗恋灯暗恋anon(1609323331) -> 登账号
2023-08-15 15:45:10 V/Bot.2398493975: [獭獭哪凉快呆哪军团@(887156367)] lax@牛牛道心破碎军团(269418386) -> 哦
2023-08-15 15:47:50 I/UnidbgFetchQsign: Bot(2398493975) request_token, submit success
2023-08-15 15:58:18 V/Bot.2398493975: [獭獭哪凉快呆哪军团@(887156367)] zz@獺獺軍団(771507043) -> [不支持的消息#764695981][mirai:image:{07FBAC52-445E-6FA9-6143-2C905AADB2F1}.jpg, width=1706, height=68, size=25723, type=PNG, isEmoji=false]笑死，只兼容特定版本jre
2023-08-15 16:03:51 V/Bot.2398493975: [獭獭哪凉快呆哪军团@(887156367)] lax@牛牛道心破碎军团(269418386) -> [mirai:origin:FORWARD,rTAm9UKyit9x0Hl//U24KDyRqLOxUCk4MEsLBOKH8inbwrBE5QkhvbO1OyXljWbu]ForwardMessage(preview=[], title=群聊的聊天记录, brief=[聊天记录], source=群聊的聊天记录, summary=查看转发消息, nodeList=[Node(senderId=568876429, time=1692078447, senderName=568876429, messageChain=1945年8月15日，日本投降), Node(senderId=568876429, time=1692078455, senderName=568876429, messageChain=2023年8月15日，東雪蓮解散舰长群
[mirai:image:{6FC4D421-C66F-BBF0-E757-850CB798D00B}.mirai, width=1240, height=274, size=50734, type=UNKNOWN, isEmoji=false]), Node(senderId=89648666, time=1692078468, senderName=89648666, messageChain=？), Node(senderId=823077935, time=1692078472, senderName=823077935, messageChain=草), Node(senderId=1242608732, time=1692078474, senderName=1242608732, messageChain=乐), Node(senderId=89648666, time=1692078475, senderName=89648666, messageChain=艹), Node(senderId=89648666, time=1692078486, senderName=89648666, messageChain=东雪莲咋了？), Node(senderId=2090235151, time=1692078501, senderName=2090235151, messageChain=草), Node(senderId=89648666, time=1692078504, senderName=89648666, messageChain=赚够米想润了？), Node(senderId=3539623869, time=1692078516, senderName=3539623869, messageChain=[惊讶]), Node(senderId=1242608732, time=1692078523, senderName=1242608732, messageChain=有人群里发癫吧可能), Node(senderId=1242608732, time=1692078529, senderName=1242608732, messageChain=大佐抗压是真的), Node(senderId=2538197552, time=1692078529, senderName=2538197552, messageChain=被在群里天天阴阳), Node(senderId=2538197552, time=1692078533, senderName=2538197552, messageChain=破防了), Node(senderId=2538197552, time=1692078539, senderName=2538197552, messageChain=主要是), Node(senderId=2538197552, time=1692078548, senderName=2538197552, messageChain=舰长群全是抽象人), Node(senderId=89648666, time=1692078555, senderName=89648666, messageChain=[mirai:image:{020A2209-99B6-3C97-1852-A200CFEB5F12}.mirai, width=414, height=402, size=21829, type=UNKNOWN, isEmoji=false]), Node(senderId=3539623869, time=1692078558, senderName=3539623869, messageChain=哈哈哈哈), Node(senderId=2538197552, time=1692078559, senderName=2538197552, messageChain=没人帮她说话的), Node(senderId=89648666, time=1692078564, senderName=89648666, messageChain=快快快，有无聊天记录), Node(senderId=2538197552, time=1692078569, senderName=2538197552, messageChain=我有截图), Node(senderId=2250135048, time=1692078570, senderName=2250135048, messageChain=[mirai:image:{28D3DB08-45E3-9818-9F35-50E4044F112D}.mirai, width=1066, height=864, size=120510, type=UNKNOWN, isEmoji=false]), Node(senderId=2538197552, time=1692078571, senderName=2538197552, messageChain=我找找), Node(senderId=89648666, time=1692078578, senderName=89648666, messageChain=[mirai:image:{E3AFA53A-0312-AE64-FA05-C9FD9473540E}.mirai, width=224, height=214, size=16784, type=UNKNOWN, isEmoji=false]), Node(senderId=89648666, time=1692078590, senderName=89648666, messageChain=来点乐子让大伙开心一下), Node(senderId=2538197552, time=1692078590, senderName=2538197552, messageChain=[mirai:image:{A65F83C7-51F1-AFE5-36E3-8DF4E5DB1DD5}.mirai, width=1080, height=4778, size=311450, type=UNKNOWN, isEmoji=false]), Node(senderId=2538197552, time=1692078591, senderName=2538197552, messageChain=[mirai:image:{C32F55E6-B051-737A-8F04-57DC30557FBB}.mirai, width=724, height=1920, size=111169, type=UNKNOWN, isEmoji=false]), Node(senderId=2538197552, time=1692078592, senderName=2538197552, messageChain=[mirai:image:{30417C17-5896-E6A9-F1C2-071995459DFF}.mirai, width=890, height=1920, size=168077, type=UNKNOWN, isEmoji=false]), Node(senderId=3539623869, time=1692078634, senderName=3539623869, messageChain=[惊讶]), Node(senderId=3555637996, time=1692078641, senderName=3555637996, messageChain=[mirai:image:{DAF81CC4-A796-D15A-77E6-DDCC76379A9C}.mirai, width=182, height=162, size=4977, type=UNKNOWN, isEmoji=false]), Node(senderId=353804895, time=1692078653, senderName=353804895, messageChain=[mirai:image:{CA0DA47C-FA0F-1E5F-FBE5-248078F7DECA}.mirai, width=400, height=400, size=40147, type=UNKNOWN, isEmoji=false]), Node(senderId=353804895, time=1692078660, senderName=353804895, messageChain=虽然有些过分，但是我喜欢), Node(senderId=1242608732, time=1692078662, senderName=1242608732, messageChain=[mirai:image:{F1FCDE23-B48F-8CFB-D29C-1BC9F1A8CDA7}.mirai, width=648, height=648, size=62683, type=UNKNOWN, isEmoji=false]), Node(senderId=89648666, time=1692078670, senderName=89648666, messageChain=[mirai:image:{DA6015CC-899D-90E7-8282-826CC5E31EBB}.mirai, width=1280, height=1186, size=102170, type=UNKNOWN, isEmoji=false]), Node(senderId=1242608732, time=1692078679, senderName=1242608732, messageChain=大佐当年也是体面人), Node(senderId=1242608732, time=1692078688, senderName=1242608732, messageChain=可惜了来吃国内这口饭), Node(senderId=353804895, time=1692078691, senderName=353804895, messageChain=我只能说有人急了), Node(senderId=89648666, time=1692078692, senderName=89648666, messageChain=但奈何要做不体面的事), Node(senderId=1242608732, time=1692078692, senderName=1242608732, messageChain=只能破防), Node(senderId=1242608732, time=1692078698, senderName=1242608732, messageChain=[mirai:image:{F1FCDE23-B48F-8CFB-D29C-1BC9F1A8CDA7}.mirai, width=648, height=648, size=62683, type=UNKNOWN, isEmoji=false]), Node(senderId=353804895, time=1692078704, senderName=353804895, messageChain=[mirai:image:{8D18AA47-348C-F2EE-3E06-BE9FB3CA20F2}.mirai, width=120, height=112, size=2828, type=UNKNOWN, isEmoji=false])])
2023-08-15 16:04:13 V/Bot.2398493975: [獭獭哪凉快呆哪军团@(887156367)] lax@牛牛道心破碎军团(269418386) -> 不知道什么瓜
2023-08-15 16:05:13 V/Bot.2398493975: [獭獭哪凉快呆哪军团@(887156367)] Freeze_Kirin(768173212) -> #冬雪莲代表日本投降
2023-08-15 16:06:41 V/Bot.2398493975: [獭獭哪凉快呆哪军团@(887156367)] lax@牛牛道心破碎军团(269418386) -> [mirai:image:{C1913C50-04E7-96FC-7D7A-DFC0168DFBE3}.jpg, width=64, height=53, size=10993, type=JPG, isEmoji=true]
2023-08-15 16:06:50 V/Bot.2398493975: [獭獭哪凉快呆哪军团@(887156367)] lax@牛牛道心破碎军团(269418386) -> 我孙笑川第一个不同意
2023-08-15 16:12:07 V/Bot.2398493975: [獭獭哪凉快呆哪军团@(887156367)] 小獭暗恋睦睦暗恋soyo暗恋祥子暗恋灯暗恋anon(1609323331) -> 后面那只什么时候出[mirai:image:{9BF6C1F0-B1AB-576C-3CA0-DCAEDAF09079}.png, width=1455, height=818, size=229681, type=JPG, isEmoji=false]
2023-08-15 16:12:09 V/Bot.2398493975: [獭獭哪凉快呆哪军团@(887156367)] 小獭暗恋睦睦暗恋soyo暗恋祥子暗恋灯暗恋anon(1609323331) -> [mirai:image:{A9C10996-E880-3074-0B6E-7C29FB3E432F}.png, width=304, height=199, size=117662, type=GIF, isEmoji=true]
2023-08-15 16:13:01 V/Bot.2398493975: [獭獭哪凉快呆哪军团@(887156367)] Freeze_Kirin(768173212) -> 好可爱
2023-08-15 16:13:52 V/Bot.2398493975: [獭獭哪凉快呆哪军团@(887156367)] 獭獭哪凉快呆哪军团(1297471104) -> [mirai:image:{BF55FB2A-48B2-18B8-8D1F-5399A240EF16}.jpg, width=76, height=256, size=6542, type=JPG, isEmoji=false]
2023-08-15 16:15:08 V/Bot.2398493975: [獭獭哪凉快呆哪军团@(887156367)] Freeze_Kirin(768173212) -> 所以这个池子要抽吗
2023-08-15 16:15:23 V/Bot.2398493975: [獭獭哪凉快呆哪军团@(887156367)] Freeze_Kirin(768173212) -> 好像水狐狸还可以
2023-08-15 16:15:59 V/Bot.2398493975: [獭獭哪凉快呆哪军团@(887156367)] zz@獺獺軍団(771507043) -> 水狐狸强，水千世菜
2023-08-15 16:16:35 V/Bot.2398493975: [獭獭哪凉快呆哪军团@(887156367)] 小獭暗恋睦睦暗恋soyo暗恋祥子暗恋灯暗恋anon(1609323331) -> 水狐狸强，水千世菜
2023-08-15 16:16:51 V/Bot.2398493975: [獭獭哪凉快呆哪军团@(887156367)] Freeze_Kirin(768173212) -> 那要抽嘛
2023-08-15 16:17:06 V/Bot.2398493975: [獭獭哪凉快呆哪军团@(887156367)] Freeze_Kirin(768173212) -> 或者后面还有什么更强的限定复刻嘛
2023-08-15 16:17:44 V/Bot.2398493975: [獭獭哪凉快呆哪军团@(887156367)] 小獭暗恋睦睦暗恋soyo暗恋祥子暗恋灯暗恋anon(1609323331) -> [mirai:image:{3899AB82-B736-F9FB-F667-C5B88AB1FDC5}.png, width=76, height=256, size=13178, type=JPG, isEmoji=false]
2023-08-15 16:18:28 V/Bot.2398493975: [獭獭哪凉快呆哪军团@(887156367)] 小獭暗恋睦睦暗恋soyo暗恋祥子暗恋灯暗恋anon(1609323331) -> 到年底应该就三个限定复刻池吧
2023-08-15 16:18:34 V/Bot.2398493975: [獭獭哪凉快呆哪军团@(887156367)] 小獭暗恋睦睦暗恋soyo暗恋祥子暗恋灯暗恋anon(1609323331) -> 新春池不算
2023-08-15 16:19:30 V/Bot.2398493975: [獭獭哪凉快呆哪军团@(887156367)] Freeze_Kirin(768173212) -> 还有啥复刻
2023-08-15 16:19:41 V/Bot.2398493975: [獭獭哪凉快呆哪军团@(887156367)] 小獭暗恋睦睦暗恋soyo暗恋祥子暗恋灯暗恋anon(1609323331) -> 兔女郎感觉没这期强
2023-08-15 16:19:49 V/Bot.2398493975: [獭獭哪凉快呆哪军团@(887156367)] 小獭暗恋睦睦暗恋soyo暗恋祥子暗恋灯暗恋anon(1609323331) -> 我找找有没有图捏
2023-08-15 16:19:51 V/Bot.2398493975: [獭獭哪凉快呆哪军团@(887156367)] 小獭暗恋睦睦暗恋soyo暗恋祥子暗恋灯暗恋anon(1609323331) -> [mirai:image:{4D43AF98-6CA5-33DF-5622-EFC9592C5B74}.png, width=290, height=228, size=6993, type=GIF, isEmoji=true]
2023-08-15 16:20:03 V/Bot.2398493975: [獭獭哪凉快呆哪军团@(887156367)] Freeze_Kirin(768173212) -> [mirai:image:{E99AC65C-8640-6001-EF12-1CD30B9D871E}.gif, width=348, height=300, size=74943, type=GIF, isEmoji=false]
2023-08-15 16:20:28 V/Bot.2398493975: [獭獭哪凉快呆哪军团@(887156367)] zz@獺獺軍団(771507043) -> 新春强
2023-08-15 16:21:11 V/Bot.2398493975: [獭獭哪凉快呆哪军团@(887156367)] 小獭暗恋睦睦暗恋soyo暗恋祥子暗恋灯暗恋anon(1609323331) -> [mirai:image:{867FFF83-D71F-1C65-53ED-3DA5AFED7A2F}.png, width=729, height=438, size=84066, type=JPG, isEmoji=false]
2023-08-15 16:21:26 V/Bot.2398493975: [獭獭哪凉快呆哪军团@(887156367)] Freeze_Kirin(768173212) -> 阿鲁怎么被叉掉了！可恶x
2023-08-15 16:21:54 V/Bot.2398493975: [獭獭哪凉快呆哪军团@(887156367)] 小獭暗恋睦睦暗恋soyo暗恋祥子暗恋灯暗恋anon(1609323331) -> 不对
2023-08-15 16:22:15 V/Bot.2398493975: [獭獭哪凉快呆哪军团@(887156367)] 小獭暗恋睦睦暗恋soyo暗恋祥子暗恋灯暗恋anon(1609323331) -> 我觉得第二个新春池才是最强限定池
2023-08-15 16:22:25 V/Bot.2398493975: [獭獭哪凉快呆哪军团@(887156367)] 小獭暗恋睦睦暗恋soyo暗恋祥子暗恋灯暗恋anon(1609323331) -> 因为这个图下面两个是常驻
2023-08-15 16:22:26 V/Bot.2398493975: [獭獭哪凉快呆哪军团@(887156367)] Freeze_Kirin(768173212) -> 第二个新春是哪个
2023-08-15 16:22:38 V/Bot.2398493975: [獭獭哪凉快呆哪军团@(887156367)] 小獭暗恋睦睦暗恋soyo暗恋祥子暗恋灯暗恋anon(1609323331) -> 是小电驴
2023-08-15 16:22:38 V/Bot.2398493975: [獭獭哪凉快呆哪军团@(887156367)] Freeze_Kirin(768173212) -> 有新春加奈的那个嘛
2023-08-15 16:22:39 V/Bot.2398493975: [獭獭哪凉快呆哪军团@(887156367)] 小獭暗恋睦睦暗恋soyo暗恋祥子暗恋灯暗恋anon(1609323331) -> [mirai:image:{ECB1281E-E17C-F20E-0060-DA328002022A}.png, width=216, height=138, size=4514, type=JPG, isEmoji=true]
2023-08-15 16:22:42 V/Bot.2398493975: [獭獭哪凉快呆哪军团@(887156367)] Freeze_Kirin(768173212) -> 哦哦
2023-08-15 16:22:55 V/Bot.2398493975: [獭獭哪凉快呆哪军团@(887156367)] zz@獺獺軍団(771507043) -> 春haruna和春煮饭婆
2023-08-15 16:23:06 V/Bot.2398493975: Event: GroupRecall(bot=Bot(2398493975), authorId=771507043, messageIds=[58945], messageInternalIds=[706924813], messageTime=1692087775, operator=NormalMember(771507043), group=Group(887156367), author=NormalMember(771507043))
2023-08-15 16:23:18 V/Bot.2398493975: [獭獭哪凉快呆哪军团@(887156367)] Freeze_Kirin(768173212) -> 那个池子我都没有
2023-08-15 16:23:26 V/Bot.2398493975: [獭獭哪凉快呆哪军团@(887156367)] zz@獺獺軍団(771507043) -> 春狙和春锅都强
2023-08-15 16:23:30 V/Bot.2398493975: [獭獭哪凉快呆哪军团@(887156367)] Freeze_Kirin(768173212) -> [mirai:image:{CE4980F9-629B-329F-3701-B30428806546}.jpg, width=160, height=102, size=3871, type=JPG, isEmoji=false]
2023-08-15 16:23:35 V/Bot.2398493975: [獭獭哪凉快呆哪军团@(887156367)] 小獭暗恋睦睦暗恋soyo暗恋祥子暗恋灯暗恋anon(1609323331) -> 就是獭60抽双限定+伊织的那个
2023-08-15 16:23:38 V/Bot.2398493975: [獭獭哪凉快呆哪军团@(887156367)] 小獭暗恋睦睦暗恋soyo暗恋祥子暗恋灯暗恋anon(1609323331) -> [mirai:image:{05919B55-D12E-11BD-7C76-D06FAD553D12}.png, width=370, height=296, size=100522, type=GIF, isEmoji=true]
2023-08-15 16:23:45 V/Bot.2398493975: [獭獭哪凉快呆哪军团@(887156367)] Freeze_Kirin(768173212) -> 谁问你了.jpg
2023-08-15 16:23:52 V/Bot.2398493975: [獭獭哪凉快呆哪军团@(887156367)] 小獭暗恋睦睦暗恋soyo暗恋祥子暗恋灯暗恋anon(1609323331) -> [mirai:image:{1BCCDCC4-7A2D-7720-2BD1-13F45C6EF3CE}.png, width=250, height=250, size=40525, type=GIF, isEmoji=true]
2023-08-15 16:24:13 V/Bot.2398493975: [獭獭哪凉快呆哪军团@(887156367)] zz@獺獺軍団(771507043) -> 就是我刚入坑只抽了春狙没有春锅的池
2023-08-15 16:24:22 V/Bot.2398493975: [獭獭哪凉快呆哪军团@(887156367)] Freeze_Kirin(768173212) -> 那水狐狸不要了！等新春了
2023-08-15 16:24:29 V/Bot.2398493975: [獭獭哪凉快呆哪军团@(887156367)] Freeze_Kirin(768173212) -> [mirai:image:{4A921C18-FF44-2C37-9E7C-971837637B1D}.jpg, width=300, height=130, size=6492, type=JPG, isEmoji=false]
2023-08-15 16:24:42 V/Bot.2398493975: [獭獭哪凉快呆哪军团@(887156367)] 小獭暗恋睦睦暗恋soyo暗恋祥子暗恋灯暗恋anon(1609323331) -> 水狐狸要的
2023-08-15 16:24:45 V/Bot.2398493975: [獭獭哪凉快呆哪军团@(887156367)] 小獭暗恋睦睦暗恋soyo暗恋祥子暗恋灯暗恋anon(1609323331) -> [mirai:image:{A9C10996-E880-3074-0B6E-7C29FB3E432F}.png, width=304, height=199, size=117662, type=GIF, isEmoji=true]
2023-08-15 16:24:53 V/Bot.2398493975: [獭獭哪凉快呆哪军团@(887156367)] zz@獺獺軍団(771507043) -> 水狐狸要的
2023-08-15 16:24:59 V/Bot.2398493975: [獭獭哪凉快呆哪军团@(887156367)] Freeze_Kirin(768173212) -> [mirai:image:{7B4FAB6B-0BA8-0F4C-F8DC-B2AF31AB603E}.gif, width=512, height=512, size=192357, type=GIF, isEmoji=false]
2023-08-15 16:25:15 V/Bot.2398493975: [獭獭哪凉快呆哪军团@(887156367)] 小獭暗恋睦睦暗恋soyo暗恋祥子暗恋灯暗恋anon(1609323331) -> 攒钻很快的
2023-08-15 16:25:18 V/Bot.2398493975: [獭獭哪凉快呆哪军团@(887156367)] Freeze_Kirin(768173212) -> 这俩池子中间还有复刻的限定吗
2023-08-15 16:25:30 V/Bot.2398493975: [獭獭哪凉快呆哪军团@(887156367)] 小獭暗恋睦睦暗恋soyo暗恋祥子暗恋灯暗恋anon(1609323331) -> 不行让kirin去炸个服
2023-08-15 16:25:44 V/Bot.2398493975: [獭獭哪凉快呆哪军团@(887156367)] 小獭暗恋睦睦暗恋soyo暗恋祥子暗恋灯暗恋anon(1609323331) -> 像上次炸猫粮那样
2023-08-15 16:25:51 V/Bot.2398493975: [獭獭哪凉快呆哪军团@(887156367)] 小獭暗恋睦睦暗恋soyo暗恋祥子暗恋灯暗恋anon(1609323331) -> 还有
2023-08-15 16:26:17 V/Bot.2398493975: [獭獭哪凉快呆哪军团@(887156367)] 小獭暗恋睦睦暗恋soyo暗恋祥子暗恋灯暗恋anon(1609323331) -> 兔女郎复刻复刻和运动会复刻
2023-08-15 16:26:56 V/Bot.2398493975: [獭獭哪凉快呆哪军团@(887156367)] zz@獺獺軍団(771507043) -> 体香要抽吗
2023-08-15 16:26:59 V/Bot.2398493975: [獭獭哪凉快呆哪军团@(887156367)] Freeze_Kirin(768173212) -> 兔女郎，好像没从之前那个入坑强度表上看到有人
2023-08-15 16:27:09 V/Bot.2398493975: [獭獭哪凉快呆哪军团@(887156367)] 小獭暗恋睦睦暗恋soyo暗恋祥子暗恋灯暗恋anon(1609323331) -> 那个我不抽捏
2023-08-15 16:27:11 V/Bot.2398493975: [獭獭哪凉快呆哪军团@(887156367)] 小獭暗恋睦睦暗恋soyo暗恋祥子暗恋灯暗恋anon(1609323331) -> [mirai:image:{100C172F-B822-10F7-B7AA-AEB0CDC904DD}.png, width=350, height=300, size=119247, type=GIF, isEmoji=true]
2023-08-15 16:27:19 V/Bot.2398493975: [獭獭哪凉快呆哪军团@(887156367)] 小獭暗恋睦睦暗恋soyo暗恋祥子暗恋灯暗恋anon(1609323331) -> 而且不对xp
2023-08-15 16:27:23 V/Bot.2398493975: [獭獭哪凉快呆哪军团@(887156367)] 小獭暗恋睦睦暗恋soyo暗恋祥子暗恋灯暗恋anon(1609323331) -> [mirai:image:{7AAB86C2-2E54-B41B-1127-E416989F377D}.png, width=124, height=139, size=6514, type=JPG, isEmoji=true]
2023-08-15 16:27:48 V/Bot.2398493975: [獭獭哪凉快呆哪军团@(887156367)] 小獭暗恋睦睦暗恋soyo暗恋祥子暗恋灯暗恋anon(1609323331) -> 邮箱和玛丽挺好的捏
2023-08-15 16:27:51 I/UnidbgFetchQsign: Bot(2398493975) request_token, submit success
2023-08-15 16:27:54 V/Bot.2398493975: [獭獭哪凉快呆哪军团@(887156367)] Freeze_Kirin(768173212) -> 体香在之前的总力看到好多人用
2023-08-15 16:27:57 V/Bot.2398493975: [獭獭哪凉快呆哪军团@(887156367)] Freeze_Kirin(768173212) -> [mirai:image:{7B4FAB6B-0BA8-0F4C-F8DC-B2AF31AB603E}.gif, width=512, height=512, size=192357, type=GIF, isEmoji=false]
2023-08-15 16:28:14 V/Bot.2398493975: [獭獭哪凉快呆哪军团@(887156367)] 小獭暗恋睦睦暗恋soyo暗恋祥子暗恋灯暗恋anon(1609323331) -> kirin因为不打算抽被踢出獭獭军团了
2023-08-15 16:28:41 V/Bot.2398493975: [獭獭哪凉快呆哪军团@(887156367)] Freeze_Kirin(768173212) -> 运动会除了体香还有谁啊
2023-08-15 16:28:42 V/Bot.2398493975: [獭獭哪凉快呆哪军团@(887156367)] 小獭暗恋睦睦暗恋soyo暗恋祥子暗恋灯暗恋anon(1609323331) -> 体操邮箱tm上场率快100了吧
2023-08-15 16:28:44 V/Bot.2398493975: [獭獭哪凉快呆哪军团@(887156367)] 小獭暗恋睦睦暗恋soyo暗恋祥子暗恋灯暗恋anon(1609323331) -> [mirai:image:{7B4FAB6B-0BA8-0F4C-F8DC-B2AF31AB603E}.png, width=512, height=512, size=192357, type=GIF, isEmoji=true]
2023-08-15 16:28:48 V/Bot.2398493975: [獭獭哪凉快呆哪军团@(887156367)] 小獭暗恋睦睦暗恋soyo暗恋祥子暗恋灯暗恋anon(1609323331) -> 还有
2023-08-15 16:29:02 V/Bot.2398493975: [獭獭哪凉快呆哪军团@(887156367)] 小獭暗恋睦睦暗恋soyo暗恋祥子暗恋灯暗恋anon(1609323331) -> 咿呀哈——噜噜噜噜
2023-08-15 16:29:21 V/Bot.2398493975: [獭獭哪凉快呆哪军团@(887156367)] Freeze_Kirin(768173212) -> [mirai:image:{D6DA9C60-D07F-8010-4EF7-63E074F04969}.gif, width=370, height=300, size=116571, type=GIF, isEmoji=false]
2023-08-15 16:29:54 V/Bot.2398493975: [獭獭哪凉快呆哪军团@(887156367)] 小獭暗恋睦睦暗恋soyo暗恋祥子暗恋灯暗恋anon(1609323331) -> [mirai:app:{
  "config" : {
    "height" : 0,
    "forward" : 1,
    "ctime" : 1692088191,
    "width" : 0,
    "type" : "normal",
    "token" : "fee0f32aaf6e62d0348a920e42a68a2e",
    "autoSize" : 0
  },
  "prompt" : "[QQ小程序]玛丽，但是呀──哈──",
  "app" : "com.tencent.miniapp_01",
  "ver" : "0.0.0.1",
  "appID" : "100951776",
  "view" : "view_8C8E89B49BE609866298ADDFF2DBABA4",
  "meta" : {
    "detail_1" : {
      "appid" : "1109937557",
      "preview" : "https:\/\/pic.ugcimg.cn\/28d69ad56a266818f9bd44ed110b33bf\/jpg1",
      "shareTemplateData" : {

      },
      "gamePointsUrl" : "",
      "gamePoints" : "",
      "url" : "m.q.qq.com\/a\/s\/1de7401ab567ea3a69275855a0e4ad2b",
      "appType" : 0,
      "desc" : "玛丽，但是呀──哈──",
      "title" : "哔哩哔哩",
      "scene" : 1036,
      "host" : {
        "uin" : 1609323331,
        "nick" : "时雨"
      },
      "icon" : "http:\/\/miniapp.gtimg.cn\/public\/appicon\/432b76be3a548fc128acaa6c1ec90131_200.jpg",
      "shareTemplateId" : "8C8E89B49BE609866298ADDFF2DBABA4",
      "qqdocurl" : "https:\/\/b23.tv\/KLwVAEa",
      "showLittleTail" : ""
    }
  },
  "bthirdappforward" : true,
  "bthirdappforwardforbackendswitch" : true,
  "desc" : ""
}]
2023-08-15 16:31:13 V/Bot.2398493975: [獭獭哪凉快呆哪军团@(887156367)] Freeze_Kirin(768173212) -> [mirai:image:{15530C6E-2E2B-8726-AC46-20AE8098381B}.jpg, width=174, height=172, size=5372, type=JPG, isEmoji=false]
2023-08-15 16:38:31 V/Bot.2398493975: [獭獭哪凉快呆哪军团@(887156367)] Freeze_Kirin(768173212) -> 坏了，原神这周就4.0了？
2023-08-15 16:38:37 V/Bot.2398493975: [獭獭哪凉快呆哪军团@(887156367)] Freeze_Kirin(768173212) -> 我还没肝活动
2023-08-15 16:38:45 V/Bot.2398493975: [獭獭哪凉快呆哪军团@(887156367)] 獭獭哪凉快呆哪军团(1297471104) -> 你好，明天
2023-08-15 16:39:13 V/Bot.2398493975: [獭獭哪凉快呆哪军团@(887156367)] Freeze_Kirin(768173212) -> 妈的
2023-08-15 16:39:27 V/Bot.2398493975: [獭獭哪凉快呆哪军团@(887156367)] Freeze_Kirin(768173212) -> 开干！
2023-08-15 16:39:48 V/Bot.2398493975: [獭獭哪凉快呆哪军团@(887156367)] Freeze_Kirin(768173212) -> 起码把皮肤拿了
2023-08-15 17:01:50 V/Bot.2398493975: [獭獭哪凉快呆哪军团@(887156367)] 哭哭Kirin@也被獭獭军团开除(472247053) -> [mirai:image:{EE7C88BA-DAF0-6A2D-E286-3A059788806D}.jpg, width=370, height=292, size=77327, type=GIF, isEmoji=true]
2023-08-15 17:07:36 V/Bot.2398493975: [獭獭哪凉快呆哪军团@(887156367)] 小獭暗恋睦睦暗恋soyo暗恋祥子暗恋灯暗恋anon(1609323331) -> [mirai:image:{91C71BA9-6D19-AF8F-92F4-29B50D420FC5}.png, width=374, height=360, size=110325, type=PNG, isEmoji=false]
2023-08-15 17:07:42 V/Bot.2398493975: [獭獭哪凉快呆哪军团@(887156367)] 小獭暗恋睦睦暗恋soyo暗恋祥子暗恋灯暗恋anon(1609323331) -> [mirai:image:{DC2BC186-1191-BD0D-2B9E-8C398EE2AF45}.png, width=302, height=1188, size=208420, type=PNG, isEmoji=false]
2023-08-15 17:07:44 V/Bot.2398493975: [獭獭哪凉快呆哪军团@(887156367)] 小獭暗恋睦睦暗恋soyo暗恋祥子暗恋灯暗恋anon(1609323331) -> 没了
2023-08-15 17:07:52 I/UnidbgFetchQsign: Bot(2398493975) request_token, submit success
2023-08-15 17:08:29 V/Bot.2398493975: [獭獭哪凉快呆哪军团@(887156367)] 小獭暗恋睦睦暗恋soyo暗恋祥子暗恋灯暗恋anon(1609323331) -> 然后是
[mirai:image:{62EA9C30-8A20-B21D-BBFA-803727853459}.png, width=284, height=280, size=65352, type=PNG, isEmoji=false]
[mirai:image:{D5E6606B-F0E8-EEE1-23EE-8D31989722C6}.png, width=284, height=260, size=65958, type=PNG, isEmoji=false]
[mirai:image:{A5AB7C47-227B-BFFF-7C56-DB971C1F7CA1}.png, width=280, height=262, size=14188, type=PNG, isEmoji=false]
2023-08-15 17:09:03 V/Bot.2398493975: [獭獭哪凉快呆哪军团@(887156367)] Freeze_Kirin(768173212) -> 渚，好看
2023-08-15 17:10:26 V/Bot.2398493975: [獭獭哪凉快呆哪军团@(887156367)] 小獭暗恋睦睦暗恋soyo暗恋祥子暗恋灯暗恋anon(1609323331) -> 反光黑丝没了
[mirai:image:{A65033E0-14DD-2588-9B85-5F7F8F01D555}.jpg, width=850, height=1077, size=166059, type=JPG, isEmoji=false]
2023-08-15 17:11:15 V/Bot.2398493975: [獭獭哪凉快呆哪军团@(887156367)] Freeze_Kirin(768173212) -> 但是脸顺眼了
2023-08-15 17:11:24 V/Bot.2398493975: [獭獭哪凉快呆哪军团@(887156367)] 小獭暗恋睦睦暗恋soyo暗恋祥子暗恋灯暗恋anon(1609323331) -> 原版除了脸都挺好的捏
2023-08-15 17:11:31 V/Bot.2398493975: [獭獭哪凉快呆哪军团@(887156367)] Freeze_Kirin(768173212) -> 确实
2023-08-15 17:12:05 V/Bot.2398493975: [獭獭哪凉快呆哪军团@(887156367)] 小獭暗恋睦睦暗恋soyo暗恋祥子暗恋灯暗恋anon(1609323331) -> [mirai:image:{03C1E406-9EBD-7F2B-FAF2-4636BD912FFB}.jpg, width=709, height=1049, size=138509, type=JPG, isEmoji=false]
这个还是旧的可爱
2023-08-15 17:12:59 V/Bot.2398493975: [獭獭哪凉快呆哪军团@(887156367)] 小獭暗恋睦睦暗恋soyo暗恋祥子暗恋灯暗恋anon(1609323331) -> [mirai:image:{B70CD105-A07A-5E71-3761-B94DD061132F}.gif, width=500, height=500, size=901120, type=GIF, isEmoji=false]
2023-08-15 17:17:24 V/Bot.2398493975: [獭獭哪凉快呆哪军团@(887156367)] 小獭暗恋睦睦暗恋soyo暗恋祥子暗恋灯暗恋anon(1609323331) -> [mirai:image:{476810AA-DE2D-B611-42AC-76EC54F1B2F3}.jpg, width=560, height=392, size=60680, type=JPG, isEmoji=false]
[mirai:image:{3B8E361A-2CE9-871C-7153-290AC112C63D}.jpg, width=612, height=334, size=56454, type=JPG, isEmoji=false]


2023-08-15 17:17:29 V/Bot.2398493975: [獭獭哪凉快呆哪军团@(887156367)] 小獭暗恋睦睦暗恋soyo暗恋祥子暗恋灯暗恋anon(1609323331) -> [mirai:image:{AB4F8171-C7DB-6BFA-C64D-8EF05E62FC76}.jpg, width=668, height=470, size=73254, type=JPG, isEmoji=false]
我DIE了
2023-08-15 17:25:41 V/Bot.2398493975: [獭獭哪凉快呆哪军团@(887156367)] 小獭暗恋睦睦暗恋soyo暗恋祥子暗恋灯暗恋anon(1609323331) -> [mirai:image:{F7E4E6A5-8C0F-BEEC-AE2F-742A36578B11}.jpg, width=1532, height=574, size=83930, type=JPG, isEmoji=false]
2023-08-15 17:28:21 V/Bot.2398493975: [獭獭哪凉快呆哪军团@(887156367)] 哭哭Kirin@也被獭獭军团开除(472247053) -> [mirai:image:{C6D98AA9-4CE0-28B7-32EF-B076899EA836}.jpg, width=308, height=300, size=72185, type=GIF, isEmoji=true]
2023-08-15 17:35:01 I/Bot.2398493975: Saved account secrets to local cache for fast login.
2023-08-15 17:38:03 V/Bot.2398493975: [獭獭哪凉快呆哪军团@(887156367)] 小獭暗恋睦睦暗恋soyo暗恋祥子暗恋灯暗恋anon(1609323331) -> [mirai:image:{321A404B-FC21-46BA-8505-856E20423E86}.jpg, width=1970, height=294, size=85973, type=JPG, isEmoji=false]
2023-08-15 17:43:54 V/Bot.2398493975: [SHT荔枝麻酱协会(493057481)] N！T！R！！！(269418386) -> [mirai:image:{3C712825-2791-3C0F-CB17-62E9F95D6648}.jpg, width=1920, height=886, size=162188, type=JPG, isEmoji=false]
2023-08-15 17:44:23 V/Bot.2398493975: [SHT荔枝麻酱协会(493057481)] N！T！R！！！(269418386) -> 老阿姨
2023-08-15 17:45:32 V/Bot.2398493975: [SHT荔枝麻酱协会(493057481)] N！T！R！！！(269418386) -> [mirai:image:{2323D488-3D3F-31A3-7C05-954DC219924A}.jpg, width=1920, height=886, size=156546, type=JPG, isEmoji=false]
2023-08-15 17:46:08 V/Bot.2398493975: [SHT荔枝麻酱协会(493057481)] N！T！R！！！(269418386) -> 牌面性价比太高了 至少工作量很大
2023-08-15 17:47:58 I/UnidbgFetchQsign: Bot(2398493975) request_token, submit success
2023-08-15 17:58:11 V/Bot.2398493975: [SHT荔枝麻酱协会(493057481)] Haha呵呵(1428547119) -> 现在一个十连大概要多少马内呀[睁眼]有点心动，但感觉充不起
2023-08-15 17:58:45 V/Bot.2398493975: [SHT荔枝麻酱协会(493057481)] Haha呵呵(1428547119) -> 而且这个好像是300抽吃井
2023-08-15 18:02:25 V/Bot.2398493975: [SHT荔枝麻酱协会(493057481)] 卡农变奏(530079804) -> 牌面是活动奖励吧
2023-08-15 18:02:35 V/Bot.2398493975: [SHT荔枝麻酱协会(493057481)] 卡农变奏(530079804) -> 似乎不用氪
2023-08-15 18:02:43 V/Bot.2398493975: [SHT荔枝麻酱协会(493057481)] 卡农变奏(530079804) -> [mirai:image:{3B6B52BC-5E56-2702-7DD1-3B456ECBA4F3}.png, width=75, height=88, size=10313, type=GIF, isEmoji=true]
2023-08-15 18:04:53 V/Bot.2398493975: [SHT荔枝麻酱协会(493057481)] 安邦定国(443127105) -> yysy感觉这牌面不是很好看……
2023-08-15 18:11:58 V/Bot.2398493975: [SHT荔枝麻酱协会(493057481)] N！T！R！！！(269418386) -> 攒了大概6个10连
2023-08-15 18:27:58 I/UnidbgFetchQsign: Bot(2398493975) request_token, submit success
2023-08-15 18:42:29 V/Bot.2398493975: [SHT荔枝麻酱协会(493057481)] MEOW@獭獭bot(1609323331) -> 哪些是送的
2023-08-15 19:07:59 I/UnidbgFetchQsign: Bot(2398493975) request_token, submit success
2023-08-15 19:16:18 V/Bot.2398493975: [獭獭哪凉快呆哪军团@(887156367)] 小獭暗恋睦睦暗恋soyo暗恋祥子暗恋灯暗恋anon(1609323331) -> [mirai:image:{7B4FAB6B-0BA8-0F4C-F8DC-B2AF31AB603E}.gif, width=512, height=512, size=192357, type=GIF, isEmoji=false]
明天啥时候维护啊
2023-08-15 19:17:30 V/Bot.2398493975: [獭獭哪凉快呆哪军团@(887156367)] Freeze_Kirin(768173212) -> [mirai:image:{7B4FAB6B-0BA8-0F4C-F8DC-B2AF31AB603E}.png, width=512, height=512, size=192357, type=GIF, isEmoji=false]
明天啥时候维护啊
2023-08-15 19:22:50 V/Bot.2398493975: [獭獭哪凉快呆哪军团@(887156367)] zz@獺獺軍団(771507043) -> [mirai:image:{704A896C-B55B-7F97-D367-64747C5EDD83}.png, width=1284, height=1718, size=172880, type=JPG, isEmoji=false]
2023-08-15 19:23:16 V/Bot.2398493975: [獭獭哪凉快呆哪军团@(887156367)] Freeze_Kirin(768173212) -> 那有抽卡环节吗
2023-08-15 19:23:21 V/Bot.2398493975: [獭獭哪凉快呆哪军团@(887156367)] Freeze_Kirin(768173212) -> [mirai:image:{A3C56810-0293-8086-658D-531E0E0B1790}.png, width=512, height=512, size=129498, type=GIF, isEmoji=true]
2023-08-15 19:27:15 V/Bot.2398493975: [獭獭哪凉快呆哪军团@(887156367)] 哭哭Kirin@也被獭獭军团开除(472247053) -> [mirai:image:{76BB3793-3DAF-8DAE-D848-8E6AF7CAE44A}.png, width=362, height=638, size=85937, type=PNG, isEmoji=false]
2023-08-15 19:28:38 V/Bot.2398493975: [獭獭哪凉快呆哪军团@(887156367)] 小獭暗恋睦睦暗恋soyo暗恋祥子暗恋灯暗恋anon(1609323331) -> [mirai:quote:[mirai:source:ids=[59009], internalIds=[827351003], from 771507043 to 887156367 at 1692098570], content=<not yet initialized>][mirai:at:771507043] 那国服捏
2023-08-15 19:29:02 V/Bot.2398493975: [獭獭哪凉快呆哪军团@(887156367)] 小獭暗恋睦睦暗恋soyo暗恋祥子暗恋灯暗恋anon(1609323331) -> 好像看到是2点开 但是没找到维护公告
2023-08-15 19:32:29 V/Bot.2398493975: [獭獭哪凉快呆哪军团@(887156367)] zz@獺獺軍団(771507043) -> 彩虹浓度好高[mirai:image:{2F17534A-5280-1207-8269-032F6BFB4363}.png, width=1284, height=1153, size=231702, type=JPG, isEmoji=false]
2023-08-15 19:33:41 V/Bot.2398493975: [獭獭哪凉快呆哪军团@(887156367)] 小獭暗恋睦睦暗恋soyo暗恋祥子暗恋灯暗恋anon(1609323331) -> 笑死[mirai:image:{4F6D689F-C614-82C6-9EC9-5B2ED0265C4F}.png, width=1079, height=376, size=39727, type=JPG, isEmoji=false]
2023-08-15 19:34:58 V/Bot.2398493975: [獭獭哪凉快呆哪军团@(887156367)] zz@獺獺軍団(771507043) -> xs
2023-08-15 19:35:22 V/Bot.2398493975: [獭獭哪凉快呆哪军团@(887156367)] zz@獺獺軍団(771507043) -> 所以这个维护前可信吗[mirai:image:{00284E41-BF1C-4E4A-2AEB-B66AF26ABE30}.png, width=1460, height=289, size=30034, type=JPG, isEmoji=false][mirai:image:{305C7B67-98F7-0576-F48E-0114AD63C5B2}.png, width=1398, height=242, size=28835, type=JPG, isEmoji=false]
2023-08-15 19:35:29 V/Bot.2398493975: [獭獭哪凉快呆哪军团@(887156367)] 小獭暗恋睦睦暗恋soyo暗恋祥子暗恋灯暗恋anon(1609323331) -> 原来国服是周四
2023-08-15 19:36:09 V/Bot.2398493975: [獭獭哪凉快呆哪军团@(887156367)] 小獭暗恋睦睦暗恋soyo暗恋祥子暗恋灯暗恋anon(1609323331) -> 为啥不可信
2023-08-15 19:36:16 V/Bot.2398493975: [獭獭哪凉快呆哪军团@(887156367)] 小獭暗恋睦睦暗恋soyo暗恋祥子暗恋灯暗恋anon(1609323331) -> 这是哪里发的
2023-08-15 19:36:19 V/Bot.2398493975: [獭獭哪凉快呆哪军团@(887156367)] 小獭暗恋睦睦暗恋soyo暗恋祥子暗恋灯暗恋anon(1609323331) -> [mirai:image:{7B4FAB6B-0BA8-0F4C-F8DC-B2AF31AB603E}.png, width=512, height=512, size=192357, type=GIF, isEmoji=true]
2023-08-15 19:36:48 V/Bot.2398493975: [獭獭哪凉快呆哪军团@(887156367)] 小獭暗恋睦睦暗恋soyo暗恋祥子暗恋灯暗恋anon(1609323331) -> 活动都是两周吧 这个卡池应该不会压成一周
2023-08-15 19:37:37 V/Bot.2398493975: [獭獭哪凉快呆哪军团@(887156367)] zz@獺獺軍団(771507043) -> 这是游戏内的公告
2023-08-15 19:37:43 V/Bot.2398493975: [獭獭哪凉快呆哪军团@(887156367)] 小獭暗恋睦睦暗恋soyo暗恋祥子暗恋灯暗恋anon(1609323331) -> 哦哦
2023-08-15 19:37:51 V/Bot.2398493975: [獭獭哪凉快呆哪军团@(887156367)] 小獭暗恋睦睦暗恋soyo暗恋祥子暗恋灯暗恋anon(1609323331) -> 从来不看游戏内的
2023-08-15 19:37:52 V/Bot.2398493975: [獭獭哪凉快呆哪军团@(887156367)] 小獭暗恋睦睦暗恋soyo暗恋祥子暗恋灯暗恋anon(1609323331) -> [mirai:image:{ECB1281E-E17C-F20E-0060-DA328002022A}.png, width=216, height=138, size=4514, type=JPG, isEmoji=true]
2023-08-15 19:37:53 V/Bot.2398493975: [獭獭哪凉快呆哪军团@(887156367)] zz@獺獺軍団(771507043) -> 可信的话它只维护1分钟
2023-08-15 19:38:05 V/Bot.2398493975: [獭獭哪凉快呆哪军团@(887156367)] 小獭暗恋睦睦暗恋soyo暗恋祥子暗恋灯暗恋anon(1609323331) -> [mirai:image:{04AA33CB-931E-C1F2-EC30-4A2718268594}.png, width=370, height=292, size=89543, type=GIF, isEmoji=true]
2023-08-15 19:38:30 V/Bot.2398493975: [獭獭哪凉快呆哪军团@(887156367)] 小獭暗恋睦睦暗恋soyo暗恋祥子暗恋灯暗恋anon(1609323331) -> 草
2023-08-15 19:38:48 V/Bot.2398493975: [獭獭哪凉快呆哪军团@(887156367)] 小獭暗恋睦睦暗恋soyo暗恋祥子暗恋灯暗恋anon(1609323331) -> 他为啥又写维护前又写时间
2023-08-15 19:39:22 V/Bot.2398493975: [獭獭哪凉快呆哪军团@(887156367)] zz@獺獺軍団(771507043) -> 和2点维护后一样
2023-08-15 19:39:49 V/Bot.2398493975: [獭獭哪凉快呆哪军团@(887156367)] 小獭暗恋睦睦暗恋soyo暗恋祥子暗恋灯暗恋anon(1609323331) -> 维护前就算它开着
2023-08-15 19:39:54 V/Bot.2398493975: [獭獭哪凉快呆哪军团@(887156367)] 小獭暗恋睦睦暗恋soyo暗恋祥子暗恋灯暗恋anon(1609323331) -> 反正游戏你进不去
2023-08-15 19:39:57 V/Bot.2398493975: [獭獭哪凉快呆哪军团@(887156367)] 小獭暗恋睦睦暗恋soyo暗恋祥子暗恋灯暗恋anon(1609323331) -> [mirai:image:{05919B55-D12E-11BD-7C76-D06FAD553D12}.png, width=370, height=296, size=100522, type=GIF, isEmoji=true]
2023-08-15 19:45:35 V/Bot.2398493975: [獭獭哪凉快呆哪军团@(887156367)] 小獭暗恋睦睦暗恋soyo暗恋祥子暗恋灯暗恋anon(1609323331) -> 给萌新看[mirai:image:{8CA4F1DB-EBD5-7EC6-A9E3-9CEB3AA28B03}.png, width=1125, height=4125, size=1005159, type=JPG, isEmoji=false]
2023-08-15 19:47:15 V/Bot.2398493975: [獭獭哪凉快呆哪军团@(887156367)] Freeze_Kirin(768173212) -> [mirai:image:{7D368FE4-63ED-64D5-CDC7-ADF93FBC33D5}.png, width=370, height=300, size=205005, type=GIF, isEmoji=true]
2023-08-15 19:47:37 V/Bot.2398493975: [獭獭哪凉快呆哪军团@(887156367)] 小獭暗恋睦睦暗恋soyo暗恋祥子暗恋灯暗恋anon(1609323331) -> 最后都是要升满的捏
2023-08-15 19:47:50 V/Bot.2398493975: [獭獭哪凉快呆哪军团@(887156367)] Freeze_Kirin(768173212) -> 我现在主c2号全是t11级（
2023-08-15 19:48:05 I/UnidbgFetchQsign: Bot(2398493975) request_token, submit success
2023-08-15 19:48:12 V/Bot.2398493975: [獭獭哪凉快呆哪军团@(887156367)] zz@獺獺軍団(771507043) -> [mirai:origin:FORWARD,K6e2w350XVX2Sb2Czx5q9KNfPV4kfOPngyPUTKy5ppeZI/D9YBFQGjOoW8Xf6wP6]ForwardMessage(preview=[], title=群聊的聊天记录, brief=[聊天记录], source=群聊的聊天记录, summary=查看13条转发消息, nodeList=[Node(senderId=759658694, time=1692077729, senderName=, messageChain=[mirai:image:{73375EE1-A8C4-8271-A196-3ED43DF53793}.jpg, width=1000, height=1418, size=163614, type=JPG, isEmoji=false]), Node(senderId=759658694, time=1692077730, senderName=, messageChain=[mirai:image:{B7924867-80CA-95A0-831F-E68C5C2C0A37}.jpg, width=1000, height=1418, size=190741, type=JPG, isEmoji=false]), Node(senderId=759658694, time=1692077730, senderName=, messageChain=[mirai:image:{D0402F64-C12B-321F-8A82-DD65FD54968A}.jpg, width=1000, height=1418, size=289582, type=JPG, isEmoji=false]), Node(senderId=759658694, time=1692077731, senderName=, messageChain=[mirai:image:{3751F7C9-4005-E075-68C0-0812BCD13C0E}.jpg, width=1000, height=1418, size=256386, type=JPG, isEmoji=false]), Node(senderId=759658694, time=1692077732, senderName=, messageChain=[mirai:image:{DEBE8F01-99C3-4BA0-72CD-015781A4917C}.jpg, width=1000, height=1418, size=163082, type=JPG, isEmoji=false]), Node(senderId=759658694, time=1692077732, senderName=, messageChain=[mirai:image:{88B81DEE-4B16-3A55-2E40-570972B0E100}.jpg, width=1000, height=1418, size=271391, type=JPG, isEmoji=false]), Node(senderId=759658694, time=1692077733, senderName=, messageChain=[mirai:image:{6D96D9CC-D42E-0903-6486-9A6C57F65791}.jpg, width=1000, height=1418, size=334911, type=JPG, isEmoji=false]), Node(senderId=759658694, time=1692077733, senderName=, messageChain=[mirai:image:{CE0F1ACD-D05A-C4EB-5AC6-B55F9DD5CADF}.jpg, width=1000, height=1418, size=251501, type=JPG, isEmoji=false]), Node(senderId=759658694, time=1692077734, senderName=, messageChain=[mirai:image:{B07FF619-6041-59BF-128A-04634BA5424E}.jpg, width=1000, height=1418, size=248609, type=JPG, isEmoji=false]), Node(senderId=759658694, time=1692077735, senderName=, messageChain=[mirai:image:{AE140367-0744-5D67-ABFD-6C480CF818E8}.jpg, width=1000, height=1418, size=245863, type=JPG, isEmoji=false]), Node(senderId=759658694, time=1692077736, senderName=, messageChain=[mirai:image:{7AC0C811-57ED-E47D-2305-7FA255303242}.jpg, width=1000, height=1418, size=287685, type=JPG, isEmoji=false]), Node(senderId=759658694, time=1692077736, senderName=, messageChain=[mirai:image:{54456141-57E6-2AB6-0805-17B1C18142F2}.jpg, width=1000, height=1418, size=312297, type=JPG, isEmoji=false]), Node(senderId=759658694, time=1692077737, senderName=, messageChain=[mirai:image:{C0EA575C-B9BF-A20F-70B5-9D6DD681C5BF}.jpg, width=1000, height=1418, size=177675, type=JPG, isEmoji=false])])
2023-08-15 19:48:15 V/Bot.2398493975: [獭獭哪凉快呆哪军团@(887156367)] Freeze_Kirin(768173212) -> 没事。等感觉脆了再升
2023-08-15 19:48:18 V/Bot.2398493975: [獭獭哪凉快呆哪军团@(887156367)] Freeze_Kirin(768173212) -> [mirai:image:{4A921C18-FF44-2C37-9E7C-971837637B1D}.png, width=300, height=130, size=6492, type=JPG, isEmoji=true]
2023-08-15 19:50:29 V/Bot.2398493975: [獭獭哪凉快呆哪军团@(887156367)] Freeze_Kirin(768173212) -> 后续呢
2023-08-15 19:50:40 V/Bot.2398493975: [獭獭哪凉快呆哪军团@(887156367)] zz@獺獺軍団(771507043) -> 不知道捏
2023-08-15 19:50:45 V/Bot.2398493975: [獭獭哪凉快呆哪军团@(887156367)] Freeze_Kirin(768173212) -> [mirai:image:{0625D4E0-7E2D-7D46-211E-F4CA18A702C8}.png, width=300, height=239, size=14424, type=JPG, isEmoji=true]
2023-08-15 19:50:50 V/Bot.2398493975: [獭獭哪凉快呆哪军团@(887156367)] zz@獺獺軍団(771507043) -> 转别的群的
2023-08-15 19:50:59 V/Bot.2398493975: [獭獭哪凉快呆哪军团@(887156367)] Freeze_Kirin(768173212) -> 以及打牌的第四个人是谁
2023-08-15 19:51:07 V/Bot.2398493975: [獭獭哪凉快呆哪军团@(887156367)] 小獭暗恋睦睦暗恋soyo暗恋祥子暗恋灯暗恋anon(1609323331) -> 后面呢
2023-08-15 19:51:11 V/Bot.2398493975: [獭獭哪凉快呆哪军团@(887156367)] 小獭暗恋睦睦暗恋soyo暗恋祥子暗恋灯暗恋anon(1609323331) -> [mirai:image:{2178E611-5239-74EB-2713-899927C1A227}.png, width=1500, height=1194, size=134259, type=JPG, isEmoji=true]
2023-08-15 19:51:11 V/Bot.2398493975: [獭獭哪凉快呆哪军团@(887156367)] Freeze_Kirin(768173212) -> 哦是睦月
2023-08-15 19:51:21 V/Bot.2398493975: [獭獭哪凉快呆哪军团@(887156367)] 小獭暗恋睦睦暗恋soyo暗恋祥子暗恋灯暗恋anon(1609323331) -> 阿鲁呢？
2023-08-15 19:51:26 V/Bot.2398493975: [獭獭哪凉快呆哪军团@(887156367)] 小獭暗恋睦睦暗恋soyo暗恋祥子暗恋灯暗恋anon(1609323331) -> 阿鲁在打电话吗
2023-08-15 19:51:54 V/Bot.2398493975: [獭獭哪凉快呆哪军团@(887156367)] zz@獺獺軍団(771507043) -> 阿鲁不会打麻将（
2023-08-15 19:51:56 V/Bot.2398493975: [獭獭哪凉快呆哪军团@(887156367)] Freeze_Kirin(768173212) -> 阿鲁可能上一把输了
2023-08-15 19:52:10 V/Bot.2398493975: [獭獭哪凉快呆哪军团@(887156367)] 小獭暗恋睦睦暗恋soyo暗恋祥子暗恋灯暗恋anon(1609323331) -> 输光光了已经
2023-08-15 19:52:20 V/Bot.2398493975: [獭獭哪凉快呆哪军团@(887156367)] 小獭暗恋睦睦暗恋soyo暗恋祥子暗恋灯暗恋anon(1609323331) -> 睦月怎么啥都不剩了
2023-08-15 19:52:28 V/Bot.2398493975: [獭獭哪凉快呆哪军团@(887156367)] 小獭暗恋睦睦暗恋soyo暗恋祥子暗恋灯暗恋anon(1609323331) -> 春香还有衣服
2023-08-15 19:52:44 V/Bot.2398493975: [獭獭哪凉快呆哪军团@(887156367)] lax@牛牛道心破碎军团(269418386) -> 哇 好有意思
2023-08-15 19:52:49 V/Bot.2398493975: [獭獭哪凉快呆哪军团@(887156367)] Freeze_Kirin(768173212) -> 睦月：就喜欢看老师害羞为难的样子
2023-08-15 19:52:53 V/Bot.2398493975: [獭獭哪凉快呆哪军团@(887156367)] Freeze_Kirin(768173212) -> ❤️
2023-08-15 19:52:59 V/Bot.2398493975: [獭獭哪凉快呆哪军团@(887156367)] lax@牛牛道心破碎军团(269418386) -> 所以呢
2023-08-15 19:55:22 V/Bot.2398493975: [獭獭哪凉快呆哪军团@(887156367)] 小獭暗恋睦睦暗恋soyo暗恋祥子暗恋灯暗恋anon(1609323331) -> 她为啥知道sensei摸的啥
2023-08-15 19:55:25 V/Bot.2398493975: [獭獭哪凉快呆哪军团@(887156367)] 小獭暗恋睦睦暗恋soyo暗恋祥子暗恋灯暗恋anon(1609323331) -> [mirai:image:{4D43AF98-6CA5-33DF-5622-EFC9592C5B74}.png, width=290, height=228, size=6993, type=GIF, isEmoji=true]
2023-08-15 19:55:55 V/Bot.2398493975: [獭獭哪凉快呆哪军团@(887156367)] Freeze_Kirin(768173212) -> sensei摸的牌不是佳代子换的吗
2023-08-15 19:56:24 V/Bot.2398493975: [獭獭哪凉快呆哪军团@(887156367)] zz@獺獺軍団(771507043) -> 因为她给sensei塞了一整局的牌
2023-08-15 19:58:18 V/Bot.2398493975: [獭獭哪凉快呆哪军团@(887156367)] 优雅猛牛(695150175) -> 我在看  今日宜加油
2023-08-15 19:58:22 V/Bot.2398493975: [獭獭哪凉快呆哪军团@(887156367)] 优雅猛牛(695150175) -> 还挺好看的
2023-08-15 19:58:37 V/Bot.2398493975: [獭獭哪凉快呆哪军团@(887156367)] lax@牛牛道心破碎军团(269418386) -> 我在会议里
2023-08-15 19:58:43 V/Bot.2398493975: [獭獭哪凉快呆哪军团@(887156367)] lax@牛牛道心破碎军团(269418386) -> 还挺无聊的
2023-08-15 20:01:20 V/Bot.2398493975: [獭獭哪凉快呆哪军团@(887156367)] Freeze_Kirin(768173212) -> 我在吃烧烤
2023-08-15 20:01:24 V/Bot.2398493975: [獭獭哪凉快呆哪军团@(887156367)] Freeze_Kirin(768173212) -> 还挺好吃的
2023-08-15 20:07:43 V/Bot.2398493975: [獭獭哪凉快呆哪军团@(887156367)] 优雅猛牛(695150175) -> [mirai:image:{66DAD1BD-F3EE-AF69-48E0-C60B2D7A97F3}.jpg, width=944, height=1036, size=78611, type=JPG, isEmoji=false]
2023-08-15 20:28:06 I/UnidbgFetchQsign: Bot(2398493975) request_token, submit success
2023-08-15 21:08:06 I/UnidbgFetchQsign: Bot(2398493975) request_token, submit success
2023-08-15 21:28:27 V/Bot.2398493975: [獭獭哪凉快呆哪军团@(887156367)] lax@牛牛道心破碎军团(269418386) -> [mirai:image:{075F3542-FB0B-1A3F-8697-5F06253EC7D7}.jpg, width=1348, height=624, size=108522, type=JPG, isEmoji=false]
2023-08-15 21:28:39 V/Bot.2398493975: [獭獭哪凉快呆哪军团@(887156367)] lax@牛牛道心破碎军团(269418386) -> 🐴娘
2023-08-15 21:33:46 V/Bot.2398493975: [獭獭哪凉快呆哪军团@(887156367)] 小獭暗恋睦睦暗恋soyo暗恋祥子暗恋灯暗恋anon(1609323331) -> c
2023-08-15 21:33:51 V/Bot.2398493975: [獭獭哪凉快呆哪军团@(887156367)] 小獭暗恋睦睦暗恋soyo暗恋祥子暗恋灯暗恋anon(1609323331) -> 草
2023-08-15 21:48:13 I/UnidbgFetchQsign: Bot(2398493975) request_token, submit success
2023-08-15 22:28:13 I/UnidbgFetchQsign: Bot(2398493975) request_token, submit success
2023-08-15 22:59:51 V/Bot.2398493975: [獭獭哪凉快呆哪军团@(887156367)] 优雅猛牛(695150175) -> 我被这个  今日宜加油  笑死了[emm][emm][emm]
2023-08-15 22:59:56 V/Bot.2398493975: [獭獭哪凉快呆哪军团@(887156367)] 优雅猛牛(695150175) -> 是我笑点低了麽
2023-08-15 23:00:08 V/Bot.2398493975: [獭獭哪凉快呆哪军团@(887156367)] 小獭暗恋睦睦暗恋soyo暗恋祥子暗恋灯暗恋anon(1609323331) -> 今日宜加油是什么
2023-08-15 23:00:10 V/Bot.2398493975: [獭獭哪凉快呆哪军团@(887156367)] 小獭暗恋睦睦暗恋soyo暗恋祥子暗恋灯暗恋anon(1609323331) -> [mirai:image:{1D941FF3-006F-86A6-FD4F-12027B527696}.png, width=112, height=86, size=35949, type=GIF, isEmoji=true]
2023-08-15 23:00:25 V/Bot.2398493975: [獭獭哪凉快呆哪军团@(887156367)] 獭獭哪凉快呆哪军团(1297471104) -> 今天也是加把劲骑士
2023-08-15 23:00:40 V/Bot.2398493975: [獭獭哪凉快呆哪军团@(887156367)] Freeze_Kirin(768173212) -> 今日宜加油是什么
2023-08-15 23:00:55 V/Bot.2398493975: [獭獭哪凉快呆哪军团@(887156367)] 小獭暗恋睦睦暗恋soyo暗恋祥子暗恋灯暗恋anon(1609323331) -> [mirai:image:{18399239-9EC8-A0CB-5E40-DA1A9668D672}.png, width=160, height=160, size=4785, type=JPG, isEmoji=true]
2023-08-15 23:01:10 V/Bot.2398493975: [獭獭哪凉快呆哪军团@(887156367)] 哭哭Kirin@也被獭獭军团开除(472247053) -> [mirai:image:{18399239-9EC8-A0CB-5E40-DA1A9668D672}.png, width=160, height=160, size=4785, type=JPG, isEmoji=false]
2023-08-15 23:01:13 V/Bot.2398493975: [獭獭哪凉快呆哪军团@(887156367)] 优雅猛牛(695150175) -> 是剧
2023-08-15 23:01:14 V/Bot.2398493975: [獭獭哪凉快呆哪军团@(887156367)] 小獭暗恋睦睦暗恋soyo暗恋祥子暗恋灯暗恋anon(1609323331) -> 想看mygo星期四
2023-08-15 23:01:18 V/Bot.2398493975: [獭獭哪凉快呆哪军团@(887156367)] Freeze_Kirin(768173212) -> [mirai:image:{18399239-9EC8-A0CB-5E40-DA1A9668D672}.jpg, width=160, height=160, size=4785, type=JPG, isEmoji=false]
2023-08-15 23:01:34 V/Bot.2398493975: [獭獭哪凉快呆哪军团@(887156367)] 优雅猛牛(695150175) -> 职场喜剧
2023-08-15 23:01:42 V/Bot.2398493975: [獭獭哪凉快呆哪军团@(887156367)] 哭哭Kirin@也被獭獭军团开除(472247053) -> [mirai:image:{C604D5ED-B608-7B5E-CBA5-99890118F464}.jpg, width=354, height=300, size=99816, type=GIF, isEmoji=true]
2023-08-15 23:02:01 V/Bot.2398493975: [獭獭哪凉快呆哪军团@(887156367)] 小獭暗恋睦睦暗恋soyo暗恋祥子暗恋灯暗恋anon(1609323331) -> [mirai:image:{EC7D760B-4685-6ECD-2F54-3FCDBF1B2CAF}.png, width=1125, height=2436, size=2605424, type=PNG, isEmoji=false]
2023-08-15 23:02:05 V/Bot.2398493975: [獭獭哪凉快呆哪军团@(887156367)] 小獭暗恋睦睦暗恋soyo暗恋祥子暗恋灯暗恋anon(1609323331) -> 好像很好笑
2023-08-15 23:02:17 V/Bot.2398493975: [獭獭哪凉快呆哪军团@(887156367)] 优雅猛牛(695150175) -> 是的
2023-08-15 23:02:21 V/Bot.2398493975: [獭獭哪凉快呆哪军团@(887156367)] 小獭暗恋睦睦暗恋soyo暗恋祥子暗恋灯暗恋anon(1609323331) -> 牛牛会议启动
2023-08-15 23:02:33 V/Bot.2398493975: [獭獭哪凉快呆哪军团@(887156367)] Freeze_Kirin(768173212) -> 牛牛会议启动！
2023-08-15 23:02:34 V/Bot.2398493975: [獭獭哪凉快呆哪军团@(887156367)] 优雅猛牛(695150175) -> 我很卡的
2023-08-15 23:02:40 V/Bot.2398493975: [獭獭哪凉快呆哪军团@(887156367)] 优雅猛牛(695150175) -> 你们分享看可以
2023-08-15 23:02:41 V/Bot.2398493975: [獭獭哪凉快呆哪军团@(887156367)] 小獭暗恋睦睦暗恋soyo暗恋祥子暗恋灯暗恋anon(1609323331) -> 没事
2023-08-15 23:02:45 V/Bot.2398493975: [獭獭哪凉快呆哪军团@(887156367)] Freeze_Kirin(768173212) -> 该找点东西看了，肝活动地图好无聊
2023-08-15 23:02:47 V/Bot.2398493975: [獭獭哪凉快呆哪军团@(887156367)] 优雅猛牛(695150175) -> 我的电脑不行了
2023-08-15 23:02:49 V/Bot.2398493975: [獭獭哪凉快呆哪军团@(887156367)] 小獭暗恋睦睦暗恋soyo暗恋祥子暗恋灯暗恋anon(1609323331) -> [mirai:image:{7C659D43-DA9A-9B1E-6F64-D0CA83C3AF08}.png, width=308, height=218, size=88602, type=GIF, isEmoji=true]
2023-08-15 23:02:56 V/Bot.2398493975: [獭獭哪凉快呆哪军团@(887156367)] 小獭暗恋睦睦暗恋soyo暗恋祥子暗恋灯暗恋anon(1609323331) -> 谁来播播
2023-08-15 23:03:01 V/Bot.2398493975: [獭獭哪凉快呆哪军团@(887156367)] 优雅猛牛(695150175) -> 今天分享视频直接ppt
2023-08-15 23:03:02 V/Bot.2398493975: [獭獭哪凉快呆哪军团@(887156367)] Freeze_Kirin(768173212) -> 谁来播播
2023-08-15 23:05:17 V/Bot.2398493975: [獭獭哪凉快呆哪军团@(887156367)] 哭哭Kirin@也被獭獭军团开除(472247053) -> 谁来播播
2023-08-15 23:08:14 I/UnidbgFetchQsign: Bot(2398493975) request_token, submit success
2023-08-15 23:31:41 V/Bot.2398493975: [test(389193066)] yyyouch(2461942798) -> [mirai:at:3459246674] 10000
2023-08-15 23:32:27 V/Bot.2398493975: [test(389193066)] yyyouch(2461942798) -> 10000
2023-08-15 23:33:10 V/Bot.2398493975: [test(389193066)] yyyouch(2461942798) -> [mirai:at:2398493975] 10000
2023-08-15 23:41:36 V/Bot.2398493975: [test(389193066)] yyyouch(2461942798) -> [mirai:at:2398493975] 10000
2023-08-15 23:42:14 V/Bot.2398493975: [test(389193066)] yyyouch(2461942798) -> [mirai:at:2398493975] 20000
2023-08-15 23:42:23 V/Bot.2398493975: [test(389193066)] yyyouch(2461942798) -> 30000
2023-08-15 23:43:50 V/Bot.2398493975: [test(389193066)] yyyouch(2461942798) -> [mirai:at:2398493975] 100
2023-08-15 23:44:08 V/Bot.2398493975: [test(389193066)] yyyouch(2461942798) -> 100[mirai:at:2398493975] 
2023-08-15 23:44:34 V/Bot.2398493975: [test(389193066)] yyyouch(2461942798) -> 100 [mirai:at:2398493975] 
2023-08-15 23:44:48 V/Bot.2398493975: [test(389193066)] yyyouch(2461942798) -> 100[mirai:at:2398493975] 200
2023-08-15 23:46:40 V/Bot.2398493975: [test(389193066)] yyyouch(2461942798) -> [mirai:at:2398493975] qwer
2023-08-15 23:47:12 V/Bot.2398493975: [test(389193066)] yyyouch(2461942798) -> qwer[mirai:at:2398493975] 
2023-08-15 23:48:20 I/UnidbgFetchQsign: Bot(2398493975) request_token, submit success
2023-08-15 23:54:23 V/Bot.2398493975: [test(389193066)] yyyouch(2461942798) -> 20000
2023-08-15 23:54:47 V/Bot.2398493975: [test(389193066)] yyyouch(2461942798) -> [mirai:at:2398493975] 10000
2023-08-15 23:55:15 V/Bot.2398493975: [test(389193066)] yyyouch(2461942798) -> 30000[mirai:at:1297471104] 
2023-08-15 23:55:22 V/Bot.2398493975: [test(389193066)] yyyouch(2461942798) -> 取消
2023-08-15 23:55:23 V/Bot.2398493975: Group(389193066) <- 取消成功，请重新输入点数
2023-08-15 23:55:24 V/Bot.2398493975: [test(389193066)] bot(3459246674) -> 取消成功，请重新输入点数
2023-08-15 23:56:55 V/Bot.2398493975: [test(389193066)] yyyouch(2461942798) -> 50000
2023-08-15 23:57:02 V/Bot.2398493975: [test(389193066)] yyyouch(2461942798) -> [mirai:at:2398493975] 40000
2023-08-15 23:57:18 V/Bot.2398493975: [test(389193066)] yyyouch(2461942798) -> [mirai:at:1297471104] 30000
2023-08-15 23:57:38 V/Bot.2398493975: [test(389193066)] yyyouch(2461942798) -> -20000[mirai:at:2558604605] 
2023-08-15 23:57:40 V/Bot.2398493975: [test(389193066)] bot(3459246674) -> 记录成功：
yyyouch: 50000
@2398493975: 40000
@1297471104: 30000
@2558604605: -20000
